2022-09-11 11:15:06,120 : kivy : Factory: 186 symbols loaded
2022-09-11 11:15:06,389 : kivy : ImageLoaderFFPy: Using ffpyplayer 4.3.2
2022-09-11 11:15:06,390 : kivy : Image: Providers: img_tex, img_dds, img_sdl2, img_pil, img_ffpyplayer 
2022-09-11 11:15:06,464 : kivy : VideoGstplayer: Using Gstreamer 1.18.0.0
2022-09-11 11:15:06,464 : kivy : Video: Provider: gstplayer
2022-09-11 11:15:06,770 : kivy : Loading MPF-MC controller
2022-09-11 11:15:06,774 : YamlMultifileConfigLoader : Machine config file #1: config
2022-09-11 11:15:06,774 : ConfigProcessor : Config file in cache changed: C:\pinball\mpfv1\config\config
2022-09-11 11:15:06,785 : ConfigProcessor : Loading config from file C:\Users\dorus\AppData\Local\Programs\Python\Python38\lib\site-packages\mpfmc\mcconfig.yaml.
2022-09-11 11:15:06,819 : ConfigProcessor : Loading config: C:\Users\dorus\AppData\Local\Programs\Python\Python38\lib\site-packages\mpfmc\mcconfig.yaml
2022-09-11 11:15:06,819 : ConfigProcessor : Loading config from file C:\pinball\mpfv1\config\config.
2022-09-11 11:15:06,821 : ConfigProcessor : Loading config: C:\pinball\mpfv1\config\config
2022-09-11 11:15:06,842 : ConfigProcessor : Loading config: C:\pinball\mpfv1\config\hardware.yaml
2022-09-11 11:15:06,850 : ConfigProcessor : Loading config: C:\pinball\mpfv1\config\sounds.yaml
2022-09-11 11:15:06,853 : ConfigProcessor : Loading config: C:\pinball\mpfv1\config\display.yaml
2022-09-11 11:15:06,858 : ConfigProcessor : Loading config: C:\pinball\mpfv1\config\keyboard.yaml
2022-09-11 11:15:06,860 : ConfigProcessor : Config file cache created: C:\Users\dorus\AppData\Local\Temp\54d4e1f26f77dfcbadc00e9606c45708.mpf_cache
2022-09-11 11:15:06,860 : ConfigProcessor : Loading config from cache: C:\Users\dorus\AppData\Local\Temp\5eb3439dbf16142704b5198a23e9a58c.mpf_cache
2022-09-11 11:15:06,861 : ConfigProcessor : Loading config from cache: C:\Users\dorus\AppData\Local\Temp\336e6d2601ccb63523c70814805acbf1.mpf_cache
2022-09-11 11:15:06,861 : ConfigProcessor : Loading config from cache: C:\Users\dorus\AppData\Local\Temp\d4952d0b9ea6ba2ec58a4f9adbee2d8a.mpf_cache
2022-09-11 11:15:06,862 : mpfmc : Mission Pinball Framework Media Controller v0.55.0
2022-09-11 11:15:06,862 : mpfmc : Mission Pinball Framework Game Engine v0.55.0
2022-09-11 11:15:06,862 : mpfmc : Machine path: C:\pinball\mpfv1
2022-09-11 11:15:06,862 : mpfmc : Starting clock at 60.0Hz
2022-09-11 11:15:06,882 : kivy : Text: Provider: sdl2
2022-09-11 11:15:06,969 : kivy : Window: Provider: sdl2
2022-09-11 11:15:07,121 : kivy : GL: Using the "OpenGL" graphics system
2022-09-11 11:15:07,124 : kivy : GL: GLEW initialization succeeded
2022-09-11 11:15:07,124 : kivy : GL: Backend used <glew>
2022-09-11 11:15:07,125 : kivy : GL: OpenGL version <b'4.6.0 - Build 26.20.100.7372'>
2022-09-11 11:15:07,125 : kivy : GL: OpenGL vendor <b'Intel'>
2022-09-11 11:15:07,125 : kivy : GL: OpenGL renderer <b'Intel(R) UHD Graphics'>
2022-09-11 11:15:07,125 : kivy : GL: OpenGL parsed version: 4, 6
2022-09-11 11:15:07,125 : kivy : GL: Shading version <b'4.60 - Build 26.20.100.7372'>
2022-09-11 11:15:07,125 : kivy : GL: Texture max size <16384>
2022-09-11 11:15:07,125 : kivy : GL: Texture max units <32>
2022-09-11 11:15:07,177 : kivy : Window: auto add sdl2 input provider
2022-09-11 11:15:07,178 : kivy : Window: virtual keyboard not allowed, single mode, not docked
2022-09-11 11:15:07,455 : AudioInterface : Initialized
2022-09-11 11:15:07,456 : AudioInterface : Loaded SDL 2.0.12
2022-09-11 11:15:07,456 : AudioInterface : Loaded SDL_Mixer 2.0.4
2022-09-11 11:15:07,456 : AudioInterface : Loaded GStreamer 1.18.0.0
2022-09-11 11:15:07,456 : AudioInterface : Loaded GLib 2.62.6
2022-09-11 11:15:07,456 : AudioInterface : Settings requested - rate: 44100, channels: 1, buffer: 2048 samples
2022-09-11 11:15:07,456 : AudioInterface : Settings in use - rate: 44100, channels: 1, buffer: 2048 samples (4096 bytes @ 2 bytes per sample)
2022-09-11 11:15:07,456 : SoundSystem : Setting master volume to 0.0
2022-09-11 11:15:07,456 : SoundSystem : master_volume in sound_system is deprecated and will be removed in the future.
2022-09-11 11:15:07,457 : AudioInterface : Enabling audio playback
2022-09-11 11:15:07,459 : kivy : Base: Start application main loop
2022-09-11 11:15:07,459 : EventManager : Event: ======'display_window_initialized'====== Args={}
2022-09-11 11:15:07,471 : mpfmc : Display: Setting 'window' as default display
2022-09-11 11:15:07,479 : EventManager : Event: ======'displays_initialized'====== Args={}
2022-09-11 11:15:07,480 : EventManager : Event: ======'slide_window_blank_created'====== Args={}
2022-09-11 11:15:07,480 : EventManager : Event: ======'display_window_ready'====== Args={}
2022-09-11 11:15:07,488 : EventManager : Event: ======'init_phase_1'====== Args={}
2022-09-11 11:15:07,492 : EventManager : Event: ======'mc_ready'====== Args={}
2022-09-11 11:15:07,492 : EventManager : Event: ======'init_phase_2'====== Args={}
2022-09-11 11:15:07,493 : EventManager : Event: ======'init_phase_3'====== Args={}
2022-09-11 11:15:07,495 : EventManager : Event: ======'init_phase_4'====== Args={}
2022-09-11 11:15:07,495 : EventManager : Event: ======'init_phase_5'====== Args={}
2022-09-11 11:15:07,495 : EventManager : Event: ======'init_done'====== Args={}
2022-09-11 11:15:07,495 : MPF-MC BCP Server : Starting up on localhost port 5050
2022-09-11 11:15:07,499 : MPF-MC BCP Server : Waiting for a connection...
2022-09-11 11:15:07,499 : mpfmc : SlidePlayer: Play called with settings={'slides': {welcome_slide-None-None: {'priority': None, 'target': None, 'background_color': [0.0, 0.0, 0.0, 1.0], 'show': True, 'force': False, 'expire': None, 'slide': None, 'tokens': {}, 'action': 'play', 'transition': None, 'transition_out': None}}}
2022-09-11 11:15:07,502 : kivy : GL: NPOT texture support is available
2022-09-11 11:15:07,504 : EventManager : Event: ======'slide_welcome_slide_created'====== Args={}
2022-09-11 11:15:07,506 : EventManager : Event: ======'slide_welcome_slide_active'====== Args={}
2022-09-11 11:15:07,513 : EventManager : Event: ======'client_disconnected'====== Args={'host': '127.0.0.1', 'port': 5050}
2022-09-11 11:15:08,387 : MPF-MC BCP Server : Received connection from: 127.0.0.1:50893
2022-09-11 11:15:08,395 : EventManager : Event: ======'client_connected'====== Args={'host': '127.0.0.1', 'port': 50893}
2022-09-11 11:15:08,407 : EventManager : Event: ======'machine_var_credits_string'====== Args={'value': 'FREE PLAY', 'prev_value': None, 'change': True}
2022-09-11 11:15:08,407 : EventManager : Event: ======'machine_var_master_volume'====== Args={'value': 0.5, 'prev_value': None, 'change': True}
2022-09-11 11:15:08,407 : EventManager : Event: ======'machine_var_player1_score'====== Args={'value': 39900, 'prev_value': None, 'change': True}
2022-09-11 11:15:08,407 : EventManager : Event: ======'machine_var_mpf_version'====== Args={'value': 'MPF v0.55.0', 'prev_value': None, 'change': True}
2022-09-11 11:15:08,407 : EventManager : Event: ======'machine_var_mpf_extended_version'====== Args={'value': 'MPF v0.55.0, Config version:5, Show version: 5, BCP version:1.1', 'prev_value': None, 'change': True}
2022-09-11 11:15:08,408 : EventManager : Event: ======'machine_var_python_version'====== Args={'value': '3.8.10', 'prev_value': None, 'change': True}
2022-09-11 11:15:08,408 : EventManager : Event: ======'machine_var_platform'====== Args={'value': 'Windows-10-10.0.19044-SP0', 'prev_value': None, 'change': True}
2022-09-11 11:15:08,408 : EventManager : Event: ======'machine_var_platform_system'====== Args={'value': 'Windows', 'prev_value': None, 'change': True}
2022-09-11 11:15:08,408 : EventManager : Event: ======'machine_var_platform_release'====== Args={'value': '10', 'prev_value': None, 'change': True}
2022-09-11 11:15:08,408 : EventManager : Event: ======'machine_var_platform_version'====== Args={'value': '10.0.19044', 'prev_value': None, 'change': True}
2022-09-11 11:15:08,408 : EventManager : Event: ======'machine_var_platform_machine'====== Args={'value': 'AMD64', 'prev_value': None, 'change': True}
2022-09-11 11:15:08,408 : EventManager : Event: ======'machine_var_mc_version'====== Args={'value': 'MPF-MC v0.55.0', 'prev_value': None, 'change': True}
2022-09-11 11:15:08,408 : EventManager : Event: ======'machine_var_mc_extended_version'====== Args={'value': 'MPF-MC v0.55.0 (config_version=5, BCP v1.1, Requires MPF v0.55.0-dev.49)', 'prev_value': None, 'change': True}
2022-09-11 11:15:08,408 : SoundSystem : Setting master volume to 0.5
2022-09-11 11:15:08,612 : mpfmc : Stopping...
2022-09-11 11:15:08,612 : EventManager : Event: ======'shutdown'====== Args={}
2022-09-11 11:15:08,612 : AudioInterface : Disabling audio playback
2022-09-11 11:15:08,741 : mpfmc : Loop rate 72.47 Hz
2022-09-11 11:15:08,741 : kivy : Base: Leaving application in progress...
2022-09-11 11:15:08,741 : kivy : Base: Leaving application in progress...
2022-09-11 11:15:08,742 : mpfmc : Stopping...
2022-09-11 11:15:08,742 : EventManager : Event: ======'shutdown'====== Args={}
2022-09-11 11:15:08,742 : mpfmc : Loop rate 72.41 Hz
2022-09-11 11:15:08,742 : kivy : MC run loop ended.
2022-09-11 11:15:08,742 : kivy : Stopping child threads... (2 remaining)
2022-09-11 11:15:09,395 : MPF-MC BCP Server : Stopping BCP sending thread
2022-09-11 11:15:09,544 : kivy : All child threads stopped.
