2022-09-24 15:53:26,457 : kivy : Factory: 186 symbols loaded
2022-09-24 15:53:26,696 : kivy : ImageLoaderFFPy: Using ffpyplayer 4.3.2
2022-09-24 15:53:26,696 : kivy : Image: Providers: img_tex, img_dds, img_sdl2, img_pil, img_ffpyplayer 
2022-09-24 15:53:26,766 : kivy : VideoGstplayer: Using Gstreamer 1.18.0.0
2022-09-24 15:53:26,766 : kivy : Video: Provider: gstplayer
2022-09-24 15:53:27,241 : kivy : Loading MPF-MC controller
2022-09-24 15:53:27,245 : YamlMultifileConfigLoader : Machine config file #1: config
2022-09-24 15:53:27,245 : ConfigProcessor : Config file in cache changed: C:\pinball\Pinball-MPF\mpfv1\config\config
2022-09-24 15:53:27,246 : ConfigProcessor : Loading config from file C:\Users\dorus\AppData\Local\Programs\Python\Python38\lib\site-packages\mpfmc\mcconfig.yaml.
2022-09-24 15:53:27,278 : ConfigProcessor : Loading config: C:\Users\dorus\AppData\Local\Programs\Python\Python38\lib\site-packages\mpfmc\mcconfig.yaml
2022-09-24 15:53:27,278 : ConfigProcessor : Loading config from file C:\pinball\Pinball-MPF\mpfv1\config\config.
2022-09-24 15:53:27,282 : ConfigProcessor : Loading config: C:\pinball\Pinball-MPF\mpfv1\config\config
2022-09-24 15:53:27,312 : ConfigProcessor : Loading config: C:\pinball\Pinball-MPF\mpfv1\config\hardware.yaml
2022-09-24 15:53:27,326 : ConfigProcessor : Loading config: C:\pinball\Pinball-MPF\mpfv1\config\sounds.yaml
2022-09-24 15:53:27,330 : ConfigProcessor : Loading config: C:\pinball\Pinball-MPF\mpfv1\config\display.yaml
2022-09-24 15:53:27,341 : ConfigProcessor : Loading config: C:\pinball\Pinball-MPF\mpfv1\config\keyboard.yaml
2022-09-24 15:53:27,344 : ConfigProcessor : Config file cache created: C:\Users\dorus\AppData\Local\Temp\2c72eb340730b16858938bc1db8d4d2b.mpf_cache
2022-09-24 15:53:27,344 : ConfigProcessor : Loading config from cache: C:\Users\dorus\AppData\Local\Temp\444cf03b543d197e203cfa23af3f8fc0.mpf_cache
2022-09-24 15:53:27,345 : ConfigProcessor : Loading config from cache: C:\Users\dorus\AppData\Local\Temp\336e6d2601ccb63523c70814805acbf1.mpf_cache
2022-09-24 15:53:27,346 : ConfigProcessor : Loading config from cache: C:\Users\dorus\AppData\Local\Temp\997bf01789d16ed996f231036966dd64.mpf_cache
2022-09-24 15:53:27,346 : ConfigProcessor : Loading config from cache: C:\Users\dorus\AppData\Local\Temp\99703a5eb7b45595525b767565d37410.mpf_cache
2022-09-24 15:53:27,347 : ConfigProcessor : Loading config from cache: C:\Users\dorus\AppData\Local\Temp\3bda3283678547d211760e16eb23b4da.mpf_cache
2022-09-24 15:53:27,348 : mpfmc : Mission Pinball Framework Media Controller v0.55.0
2022-09-24 15:53:27,348 : mpfmc : Mission Pinball Framework Game Engine v0.55.0
2022-09-24 15:53:27,348 : mpfmc : Machine path: C:\pinball\Pinball-MPF\mpfv1
2022-09-24 15:53:27,348 : mpfmc : Starting clock at 60.0Hz
2022-09-24 15:53:27,368 : kivy : Text: Provider: sdl2
2022-09-24 15:53:27,467 : kivy : Window: Provider: sdl2
2022-09-24 15:53:27,586 : kivy : GL: Using the "OpenGL" graphics system
2022-09-24 15:53:27,588 : kivy : GL: GLEW initialization succeeded
2022-09-24 15:53:27,588 : kivy : GL: Backend used <glew>
2022-09-24 15:53:27,588 : kivy : GL: OpenGL version <b'4.6.0 - Build 26.20.100.7372'>
2022-09-24 15:53:27,588 : kivy : GL: OpenGL vendor <b'Intel'>
2022-09-24 15:53:27,588 : kivy : GL: OpenGL renderer <b'Intel(R) UHD Graphics'>
2022-09-24 15:53:27,588 : kivy : GL: OpenGL parsed version: 4, 6
2022-09-24 15:53:27,589 : kivy : GL: Shading version <b'4.60 - Build 26.20.100.7372'>
2022-09-24 15:53:27,589 : kivy : GL: Texture max size <16384>
2022-09-24 15:53:27,589 : kivy : GL: Texture max units <32>
2022-09-24 15:53:27,641 : kivy : Window: auto add sdl2 input provider
2022-09-24 15:53:27,643 : kivy : Window: virtual keyboard not allowed, single mode, not docked
2022-09-24 15:53:27,935 : AudioInterface : Initialized
2022-09-24 15:53:27,935 : AudioInterface : Loaded SDL 2.0.12
2022-09-24 15:53:27,935 : AudioInterface : Loaded SDL_Mixer 2.0.4
2022-09-24 15:53:27,935 : AudioInterface : Loaded GStreamer 1.18.0.0
2022-09-24 15:53:27,935 : AudioInterface : Loaded GLib 2.62.6
2022-09-24 15:53:27,935 : AudioInterface : Settings requested - rate: 44100, channels: 1, buffer: 2048 samples
2022-09-24 15:53:27,935 : AudioInterface : Settings in use - rate: 44100, channels: 1, buffer: 2048 samples (4096 bytes @ 2 bytes per sample)
2022-09-24 15:53:27,935 : SoundSystem : Setting master volume to 0.0
2022-09-24 15:53:27,935 : SoundSystem : master_volume in sound_system is deprecated and will be removed in the future.
2022-09-24 15:53:27,935 : AudioInterface : Enabling audio playback
2022-09-24 15:53:27,937 : kivy : Base: Start application main loop
2022-09-24 15:53:27,938 : EventManager : Event: ======'display_window_initialized'====== Args={}
2022-09-24 15:53:27,949 : mpfmc : Display: Setting 'window' as default display
2022-09-24 15:53:27,958 : EventManager : Event: ======'displays_initialized'====== Args={}
2022-09-24 15:53:27,958 : EventManager : Event: ======'slide_window_blank_created'====== Args={}
2022-09-24 15:53:27,959 : EventManager : Event: ======'display_window_ready'====== Args={}
2022-09-24 15:53:27,967 : EventManager : Event: ======'init_phase_1'====== Args={}
2022-09-24 15:53:27,972 : EventManager : Event: ======'mc_ready'====== Args={}
2022-09-24 15:53:27,972 : EventManager : Event: ======'init_phase_2'====== Args={}
2022-09-24 15:53:27,974 : EventManager : Event: ======'init_phase_3'====== Args={}
2022-09-24 15:53:27,976 : EventManager : Event: ======'init_phase_4'====== Args={}
2022-09-24 15:53:27,976 : EventManager : Event: ======'init_phase_5'====== Args={}
2022-09-24 15:53:27,976 : EventManager : Event: ======'init_done'====== Args={}
2022-09-24 15:53:27,976 : MPF-MC BCP Server : Starting up on localhost port 5050
2022-09-24 15:53:27,980 : MPF-MC BCP Server : Waiting for a connection...
2022-09-24 15:53:27,980 : mpfmc : SlidePlayer: Play called with settings={'slides': {welcome_slide-None-None: {'priority': None, 'target': None, 'background_color': [0.0, 0.0, 0.0, 1.0], 'show': True, 'force': False, 'expire': None, 'slide': None, 'tokens': {}, 'action': 'play', 'transition': None, 'transition_out': None}}}
2022-09-24 15:53:27,983 : kivy : GL: NPOT texture support is available
2022-09-24 15:53:27,984 : EventManager : Event: ======'slide_welcome_slide_created'====== Args={}
2022-09-24 15:53:27,987 : EventManager : Event: ======'slide_welcome_slide_active'====== Args={}
2022-09-24 15:53:27,992 : EventManager : Event: ======'client_disconnected'====== Args={'host': '127.0.0.1', 'port': 5050}
2022-09-24 15:53:42,993 : kivy : Base: Leaving application in progress...
