2022-10-22 17:13:18,094 : kivy : Factory: 186 symbols loaded
2022-10-22 17:13:18,326 : kivy : ImageLoaderFFPy: Using ffpyplayer 4.3.2
2022-10-22 17:13:18,326 : kivy : Image: Providers: img_tex, img_dds, img_sdl2, img_pil, img_ffpyplayer 
2022-10-22 17:13:18,414 : kivy : VideoGstplayer: Using Gstreamer 1.18.0.0
2022-10-22 17:13:18,414 : kivy : Video: Provider: gstplayer
2022-10-22 17:13:18,927 : kivy : Loading MPF-MC controller
2022-10-22 17:13:18,932 : YamlMultifileConfigLoader : Machine config file #1: config
2022-10-22 17:13:18,933 : ConfigProcessor : Config file in cache changed: C:\Users\dorus\OneDrive\Documents\Pinball\Github\Pinball-MPF\mpfv1\config\config
2022-10-22 17:13:18,944 : ConfigProcessor : Loading config from file C:\Users\dorus\AppData\Local\Programs\Python\Python38\lib\site-packages\mpfmc\mcconfig.yaml.
2022-10-22 17:13:18,990 : ConfigProcessor : Loading config: C:\Users\dorus\AppData\Local\Programs\Python\Python38\lib\site-packages\mpfmc\mcconfig.yaml
2022-10-22 17:13:18,990 : ConfigProcessor : Loading config from file C:\Users\dorus\OneDrive\Documents\Pinball\Github\Pinball-MPF\mpfv1\config\config.
2022-10-22 17:13:18,994 : ConfigProcessor : Loading config: C:\Users\dorus\OneDrive\Documents\Pinball\Github\Pinball-MPF\mpfv1\config\config
2022-10-22 17:13:19,017 : ConfigProcessor : Loading config: C:\Users\dorus\OneDrive\Documents\Pinball\Github\Pinball-MPF\mpfv1\config\hardware.yaml
2022-10-22 17:13:19,025 : ConfigProcessor : Loading config: C:\Users\dorus\OneDrive\Documents\Pinball\Github\Pinball-MPF\mpfv1\config\sounds.yaml
2022-10-22 17:13:19,027 : ConfigProcessor : Loading config: C:\Users\dorus\OneDrive\Documents\Pinball\Github\Pinball-MPF\mpfv1\config\display.yaml
2022-10-22 17:13:19,034 : ConfigProcessor : Loading config: C:\Users\dorus\OneDrive\Documents\Pinball\Github\Pinball-MPF\mpfv1\config\keyboard.yaml
2022-10-22 17:13:19,043 : ConfigProcessor : Loading config: C:\Users\dorus\OneDrive\Documents\Pinball\Github\Pinball-MPF\mpfv1\config\slides.yaml
2022-10-22 17:13:19,045 : ConfigProcessor : Loading config: C:\Users\dorus\OneDrive\Documents\Pinball\Github\Pinball-MPF\mpfv1\config\light_shows.yaml
2022-10-22 17:13:19,047 : ConfigProcessor : Config file cache created: C:\Users\dorus\AppData\Local\Temp\7e51f468519621fe47191f26eea0f791.mpf_cache
2022-10-22 17:13:19,047 : ConfigProcessor : Loading config from cache: C:\Users\dorus\AppData\Local\Temp\69e5e641cece6cfbb9f28306d01595e4.mpf_cache
2022-10-22 17:13:19,048 : ConfigProcessor : Loading config from cache: C:\Users\dorus\AppData\Local\Temp\336e6d2601ccb63523c70814805acbf1.mpf_cache
2022-10-22 17:13:19,049 : ConfigProcessor : Loading config from cache: C:\Users\dorus\AppData\Local\Temp\8f8558ef7eb783a34103d845cb15f27a.mpf_cache
2022-10-22 17:13:19,049 : ConfigProcessor : Loading config from cache: C:\Users\dorus\AppData\Local\Temp\3f4ec0fd6e14e835699e1ee64ae7815f.mpf_cache
2022-10-22 17:13:19,050 : ConfigProcessor : Loading config from cache: C:\Users\dorus\AppData\Local\Temp\07450fdcdb716b1c510f1f1f728b03da.mpf_cache
2022-10-22 17:13:19,050 : mpfmc : Mission Pinball Framework Media Controller v0.55.0
2022-10-22 17:13:19,050 : mpfmc : Mission Pinball Framework Game Engine v0.55.0
2022-10-22 17:13:19,050 : mpfmc : Machine path: C:\Users\dorus\OneDrive\Documents\Pinball\Github\Pinball-MPF\mpfv1
2022-10-22 17:13:19,050 : mpfmc : Starting clock at 60.0Hz
2022-10-22 17:13:19,076 : kivy : Text: Provider: sdl2
2022-10-22 17:13:19,135 : kivy : Window: Provider: sdl2
2022-10-22 17:13:19,313 : kivy : GL: Using the "OpenGL" graphics system
2022-10-22 17:13:19,314 : kivy : GL: GLEW initialization succeeded
2022-10-22 17:13:19,314 : kivy : GL: Backend used <glew>
2022-10-22 17:13:19,314 : kivy : GL: OpenGL version <b'4.6.0 - Build 26.20.100.7372'>
2022-10-22 17:13:19,315 : kivy : GL: OpenGL vendor <b'Intel'>
2022-10-22 17:13:19,315 : kivy : GL: OpenGL renderer <b'Intel(R) UHD Graphics'>
2022-10-22 17:13:19,315 : kivy : GL: OpenGL parsed version: 4, 6
2022-10-22 17:13:19,315 : kivy : GL: Shading version <b'4.60 - Build 26.20.100.7372'>
2022-10-22 17:13:19,315 : kivy : GL: Texture max size <16384>
2022-10-22 17:13:19,315 : kivy : GL: Texture max units <32>
2022-10-22 17:13:19,393 : kivy : Window: auto add sdl2 input provider
2022-10-22 17:13:19,394 : kivy : Window: virtual keyboard not allowed, single mode, not docked
2022-10-22 17:13:19,698 : AudioInterface : Initialized
2022-10-22 17:13:19,698 : AudioInterface : Loaded SDL 2.0.12
2022-10-22 17:13:19,698 : AudioInterface : Loaded SDL_Mixer 2.0.4
2022-10-22 17:13:19,698 : AudioInterface : Loaded GStreamer 1.18.0.0
2022-10-22 17:13:19,698 : AudioInterface : Loaded GLib 2.62.6
2022-10-22 17:13:19,698 : AudioInterface : Settings requested - rate: 44100, channels: 1, buffer: 2048 samples
2022-10-22 17:13:19,698 : AudioInterface : Settings in use - rate: 44100, channels: 1, buffer: 2048 samples (4096 bytes @ 2 bytes per sample)
2022-10-22 17:13:19,698 : SoundSystem : Setting master volume to 0.0
2022-10-22 17:13:19,698 : SoundSystem : master_volume in sound_system is deprecated and will be removed in the future.
2022-10-22 17:13:19,698 : AudioInterface : Enabling audio playback
2022-10-22 17:13:19,700 : kivy : Base: Start application main loop
2022-10-22 17:13:19,700 : EventManager : Event: ======'display_default_initialized'====== Args={}
2022-10-22 17:13:19,715 : mpfmc : Display: Setting 'default' as default display
2022-10-22 17:13:19,721 : mpfmc : ASPECT RATIO MISMATCH: The on-screen window is not the same aspect ratio as the display called 'default'. The logical display will be scaled from 800x600 to the window size 1400x800, and a black bar will make up the difference
2022-10-22 17:13:19,722 : EventManager : Event: ======'displays_initialized'====== Args={}
2022-10-22 17:13:19,723 : EventManager : Event: ======'slide_default_blank_created'====== Args={}
2022-10-22 17:13:19,724 : EventManager : Event: ======'display_default_ready'====== Args={}
2022-10-22 17:13:19,738 : EventManager : Event: ======'init_phase_1'====== Args={}
2022-10-22 17:13:19,742 : EventManager : Event: ======'mc_ready'====== Args={}
2022-10-22 17:13:19,742 : EventManager : Event: ======'init_phase_2'====== Args={}
2022-10-22 17:13:19,744 : EventManager : Event: ======'init_phase_3'====== Args={}
2022-10-22 17:13:19,746 : EventManager : Event: ======'init_phase_4'====== Args={}
2022-10-22 17:13:19,747 : EventManager : Event: ======'init_phase_5'====== Args={}
2022-10-22 17:13:19,747 : EventManager : Event: ======'init_done'====== Args={}
2022-10-22 17:13:19,747 : MPF-MC BCP Server : Starting up on localhost port 5050
2022-10-22 17:13:19,752 : MPF-MC BCP Server : Waiting for a connection...
2022-10-22 17:13:19,752 : mpfmc : SlidePlayer: Play called with settings={'slides': {welcome_slide-None-None: {'priority': None, 'target': None, 'background_color': [0.0, 0.0, 0.0, 1.0], 'show': True, 'force': False, 'expire': None, 'slide': None, 'tokens': {}, 'action': 'play', 'transition': None, 'transition_out': None}}}
2022-10-22 17:13:19,756 : kivy : GL: NPOT texture support is available
2022-10-22 17:13:19,758 : EventManager : Event: ======'slide_welcome_slide_created'====== Args={}
2022-10-22 17:13:19,763 : EventManager : Event: ======'slide_welcome_slide_active'====== Args={}
2022-10-22 17:13:19,769 : EventManager : Event: ======'client_disconnected'====== Args={'host': '127.0.0.1', 'port': 5050}
2022-10-22 17:13:20,255 : MPF-MC BCP Server : Received connection from: 127.0.0.1:58544
2022-10-22 17:13:20,259 : EventManager : Event: ======'client_connected'====== Args={'host': '127.0.0.1', 'port': 58544}
2022-10-22 17:13:20,272 : EventManager : Event: ======'machine_var_credits_string'====== Args={'value': 'FREE PLAY', 'prev_value': None, 'change': True}
2022-10-22 17:13:20,272 : EventManager : Event: ======'machine_var_master_volume'====== Args={'value': 0.5, 'prev_value': None, 'change': True}
2022-10-22 17:13:20,272 : EventManager : Event: ======'machine_var_player1_score'====== Args={'value': 0, 'prev_value': None, 'change': True}
2022-10-22 17:13:20,272 : EventManager : Event: ======'machine_var_mpf_version'====== Args={'value': 'MPF v0.55.0', 'prev_value': None, 'change': True}
2022-10-22 17:13:20,272 : EventManager : Event: ======'machine_var_mpf_extended_version'====== Args={'value': 'MPF v0.55.0, Config version:5, Show version: 5, BCP version:1.1', 'prev_value': None, 'change': True}
2022-10-22 17:13:20,272 : EventManager : Event: ======'machine_var_python_version'====== Args={'value': '3.8.10', 'prev_value': None, 'change': True}
2022-10-22 17:13:20,272 : EventManager : Event: ======'machine_var_platform'====== Args={'value': 'Windows-10-10.0.19044-SP0', 'prev_value': None, 'change': True}
2022-10-22 17:13:20,272 : EventManager : Event: ======'machine_var_platform_system'====== Args={'value': 'Windows', 'prev_value': None, 'change': True}
2022-10-22 17:13:20,272 : EventManager : Event: ======'machine_var_platform_release'====== Args={'value': '10', 'prev_value': None, 'change': True}
2022-10-22 17:13:20,272 : EventManager : Event: ======'machine_var_platform_version'====== Args={'value': '10.0.19044', 'prev_value': None, 'change': True}
2022-10-22 17:13:20,272 : EventManager : Event: ======'machine_var_platform_machine'====== Args={'value': 'AMD64', 'prev_value': None, 'change': True}
2022-10-22 17:13:20,272 : EventManager : Event: ======'machine_var_mc_version'====== Args={'value': 'MPF-MC v0.55.0', 'prev_value': None, 'change': True}
2022-10-22 17:13:20,272 : EventManager : Event: ======'machine_var_mc_extended_version'====== Args={'value': 'MPF-MC v0.55.0 (config_version=5, BCP v1.1, Requires MPF v0.55.0-dev.49)', 'prev_value': None, 'change': True}
2022-10-22 17:13:20,273 : SoundSystem : Setting master volume to 0.5
2022-10-22 17:13:20,345 : EventManager : Event: ======'machine_var_audits_events_game_ended'====== Args={'value': 0, 'prev_value': None, 'change': True}
2022-10-22 17:13:20,357 : EventManager : Event: ======'machine_var_audits_events_game_started'====== Args={'value': 0, 'prev_value': None, 'change': True}
2022-10-22 17:13:20,357 : EventManager : Event: ======'machine_var_audits_player_score'====== Args={'value': {'average': 23622.222222222223, 'top': [41000, 33100, 31800, 31200, 27600, 20200, 17500, 10200, 0], 'total': 9}, 'prev_value': None, 'change': True}
2022-10-22 17:13:20,357 : EventManager : Event: ======'machine_var_audits_shots_lane_top_1'====== Args={'value': 130, 'prev_value': None, 'change': True}
2022-10-22 17:13:20,357 : EventManager : Event: ======'machine_var_audits_shots_lane_top_2'====== Args={'value': 122, 'prev_value': None, 'change': True}
2022-10-22 17:13:20,357 : EventManager : Event: ======'machine_var_audits_shots_lane_top_3'====== Args={'value': 102, 'prev_value': None, 'change': True}
2022-10-22 17:13:20,357 : EventManager : Event: ======'machine_var_audits_shots_orbit'====== Args={'value': 23, 'prev_value': None, 'change': True}
2022-10-22 17:13:20,357 : EventManager : Event: ======'machine_var_audits_shots_spinner'====== Args={'value': 178, 'prev_value': None, 'change': True}
2022-10-22 17:13:20,357 : EventManager : Event: ======'machine_var_audits_switches_s_bottomlane1'====== Args={'value': 15, 'prev_value': None, 'change': True}
2022-10-22 17:13:20,357 : EventManager : Event: ======'machine_var_audits_switches_s_bottomlane2'====== Args={'value': 28, 'prev_value': None, 'change': True}
2022-10-22 17:13:20,358 : EventManager : Event: ======'machine_var_audits_switches_s_bottomlane3'====== Args={'value': 26, 'prev_value': None, 'change': True}
2022-10-22 17:13:20,358 : EventManager : Event: ======'machine_var_audits_switches_s_bottomlane4'====== Args={'value': 33, 'prev_value': None, 'change': True}
2022-10-22 17:13:20,358 : EventManager : Event: ======'machine_var_audits_switches_s_bottomlane5'====== Args={'value': 13, 'prev_value': None, 'change': True}
2022-10-22 17:13:20,358 : EventManager : Event: ======'machine_var_audits_switches_s_drop1'====== Args={'value': 35, 'prev_value': None, 'change': True}
2022-10-22 17:13:20,358 : EventManager : Event: ======'machine_var_audits_switches_s_drop2'====== Args={'value': 17, 'prev_value': None, 'change': True}
2022-10-22 17:13:20,358 : EventManager : Event: ======'machine_var_audits_switches_s_drop3'====== Args={'value': 15, 'prev_value': None, 'change': True}
2022-10-22 17:13:20,358 : EventManager : Event: ======'machine_var_audits_switches_s_launch'====== Args={'value': 11, 'prev_value': None, 'change': True}
2022-10-22 17:13:20,358 : EventManager : Event: ======'machine_var_audits_switches_s_left01'====== Args={'value': 26, 'prev_value': None, 'change': True}
2022-10-22 17:13:20,358 : EventManager : Event: ======'machine_var_audits_switches_s_left02'====== Args={'value': 27, 'prev_value': None, 'change': True}
2022-10-22 17:13:20,359 : EventManager : Event: ======'machine_var_audits_switches_s_left03'====== Args={'value': 20, 'prev_value': None, 'change': True}
2022-10-22 17:13:20,359 : EventManager : Event: ======'machine_var_audits_switches_s_left_sling'====== Args={'value': 55, 'prev_value': None, 'change': True}
2022-10-22 17:13:20,359 : EventManager : Event: ======'machine_var_audits_switches_s_orbit1'====== Args={'value': 45, 'prev_value': None, 'change': True}
2022-10-22 17:13:20,359 : EventManager : Event: ======'machine_var_audits_switches_s_orbit2'====== Args={'value': 0, 'prev_value': None, 'change': True}
2022-10-22 17:13:20,359 : EventManager : Event: ======'machine_var_audits_switches_s_plunger_lane'====== Args={'value': 99, 'prev_value': None, 'change': True}
2022-10-22 17:13:20,359 : EventManager : Event: ======'machine_var_audits_switches_s_popbumber_1'====== Args={'value': 58, 'prev_value': None, 'change': True}
2022-10-22 17:13:20,359 : EventManager : Event: ======'machine_var_audits_switches_s_popbumber_2'====== Args={'value': 94, 'prev_value': None, 'change': True}
2022-10-22 17:13:20,359 : EventManager : Event: ======'machine_var_audits_switches_s_popbumber_3'====== Args={'value': 35, 'prev_value': None, 'change': True}
2022-10-22 17:13:20,359 : EventManager : Event: ======'machine_var_audits_switches_s_ramp'====== Args={'value': 34, 'prev_value': None, 'change': True}
2022-10-22 17:13:20,359 : EventManager : Event: ======'machine_var_audits_switches_s_right_sling'====== Args={'value': 109, 'prev_value': None, 'change': True}
2022-10-22 17:13:20,359 : EventManager : Event: ======'machine_var_audits_switches_s_rigth01'====== Args={'value': 54, 'prev_value': None, 'change': True}
2022-10-22 17:13:20,359 : EventManager : Event: ======'machine_var_audits_switches_s_rigth02'====== Args={'value': 23, 'prev_value': None, 'change': True}
2022-10-22 17:13:20,359 : EventManager : Event: ======'machine_var_audits_switches_s_rigth03'====== Args={'value': 14, 'prev_value': None, 'change': True}
2022-10-22 17:13:20,359 : EventManager : Event: ======'machine_var_audits_switches_s_spinner'====== Args={'value': 271, 'prev_value': None, 'change': True}
2022-10-22 17:13:20,359 : EventManager : Event: ======'machine_var_audits_switches_s_start'====== Args={'value': 0, 'prev_value': None, 'change': True}
2022-10-22 17:13:20,360 : EventManager : Event: ======'machine_var_audits_switches_s_top'====== Args={'value': 11, 'prev_value': None, 'change': True}
2022-10-22 17:13:20,360 : EventManager : Event: ======'machine_var_audits_switches_s_toplane1'====== Args={'value': 217, 'prev_value': None, 'change': True}
2022-10-22 17:13:20,360 : EventManager : Event: ======'machine_var_audits_switches_s_toplane2'====== Args={'value': 129, 'prev_value': None, 'change': True}
2022-10-22 17:13:20,360 : EventManager : Event: ======'machine_var_audits_switches_s_toplane3'====== Args={'value': 109, 'prev_value': None, 'change': True}
2022-10-22 17:13:20,360 : EventManager : Event: ======'machine_var_audits_switches_s_trough1'====== Args={'value': 32, 'prev_value': None, 'change': True}
2022-10-22 17:13:20,360 : EventManager : Event: ======'machine_var_audits_switches_s_trough2'====== Args={'value': 35, 'prev_value': None, 'change': True}
2022-10-22 17:13:20,360 : EventManager : Event: ======'machine_var_audits_switches_s_trough3'====== Args={'value': 27, 'prev_value': None, 'change': True}
2022-10-22 17:13:20,360 : EventManager : Event: ======'machine_var_audits_switches_s_trough4'====== Args={'value': 40, 'prev_value': None, 'change': True}
2022-10-22 17:13:20,360 : EventManager : Event: ======'machine_var_audits_switches_s_trough5'====== Args={'value': 27, 'prev_value': None, 'change': True}
2022-10-22 17:13:20,360 : EventManager : Event: ======'machine_var_audits_switches_s_trough6'====== Args={'value': 24, 'prev_value': None, 'change': True}
2022-10-22 17:13:20,360 : EventManager : Event: ======'machine_var_audits_switches_s_trough_jam'====== Args={'value': 27, 'prev_value': None, 'change': True}
2022-10-22 17:13:20,360 : EventManager : Event: ======'machine_var_audits_switches_s_vukmid'====== Args={'value': 46, 'prev_value': None, 'change': True}
2022-10-22 17:13:20,360 : EventManager : Event: ======'machine_var_audits_switches_s_vuktop'====== Args={'value': 12, 'prev_value': None, 'change': True}
2022-10-22 17:13:20,370 : EventManager : Event: ======'slides_play'====== Args={'settings': {'welcome_slide': {'target': None, 'background_color': [0.0, 0.0, 0.0, 1.0], 'priority': None, 'show': True, 'force': False, 'expire': None, 'slide': None, 'tokens': {}, 'action': 'play'}}, 'context': '_global', 'calling_context': 'init_done', 'priority': 0}
2022-10-22 17:13:20,370 : EventManager : Event: ======'mc_reset_phase_1'====== Args={}
2022-10-22 17:13:20,370 : mpfmc : SlidePlayer: Play called with settings={'welcome_slide': {'target': None, 'background_color': [0.0, 0.0, 0.0, 1.0], 'priority': None, 'show': True, 'force': False, 'expire': None, 'slide': None, 'tokens': {}, 'action': 'play'}}
2022-10-22 17:13:20,370 : EventManager : Event: ======'slide_welcome_slide_removed'====== Args={}
2022-10-22 17:13:20,373 : EventManager : Event: ======'slide_welcome_slide_created'====== Args={}
2022-10-22 17:13:20,374 : EventManager : Event: ======'mc_reset_phase_2'====== Args={}
2022-10-22 17:13:20,374 : EventManager : Event: ======'mc_reset_phase_3'====== Args={}
2022-10-22 17:13:20,374 : EventManager : Event: ======'mc_reset_complete'====== Args={}
2022-10-22 17:13:20,374 : EventManager : Event: ======'slide_welcome_slide_active'====== Args={}
2022-10-22 17:13:20,380 : EventManager : Event: ======'slides_play'====== Args={'settings': {'awesome_slide': {'transition': {'type': 'push', 'duration': 1.0, 'direction': 'left', 'easing': 'out_quad'}, 'target': None, 'background_color': [0.0, 0.0, 0.0, 1.0], 'priority': None, 'show': True, 'force': False, 'expire': None, 'slide': None, 'tokens': {}, 'action': 'play'}}, 'context': 'show_2', 'calling_context': 0, 'priority': 10, 'show_tokens': {}, 'start_time': 7872.437}
2022-10-22 17:13:20,380 : EventManager : Event: ======'sounds_play'====== Args={'settings': {'musicslow': {'action': 'play', 'loops': -1, 'priority': None, 'block': False, 'delay': None, 'track': None, 'volume': None, 'pan': None, 'start_at': None, 'fade_in': None, 'fade_out': None, 'about_to_finish_time': -1.0, 'max_queue_time': -1.0, 'events_when_played': ['use_sound_setting'], 'events_when_stopped': ['use_sound_setting'], 'events_when_looping': ['use_sound_setting'], 'events_when_about_to_finish': ['use_sound_setting'], 'mode_end_action': 'use_sound_setting', 'key': 'use_sound_setting'}}, 'context': 'attract', 'calling_context': 'mode_attract_started', 'priority': 10}
2022-10-22 17:13:20,380 : EventManager : Event: ======'sounds_play'====== Args={'settings': {'musicslow': {'action': 'play', 'loops': -1, 'priority': None, 'block': False, 'delay': None, 'track': None, 'volume': None, 'pan': None, 'start_at': None, 'fade_in': None, 'fade_out': None, 'about_to_finish_time': -1.0, 'max_queue_time': -1.0, 'events_when_played': ['use_sound_setting'], 'events_when_stopped': ['use_sound_setting'], 'events_when_looping': ['use_sound_setting'], 'events_when_about_to_finish': ['use_sound_setting'], 'mode_end_action': 'use_sound_setting', 'key': 'use_sound_setting'}}, 'context': '_global', 'calling_context': 'mode_attract_started', 'priority': 0}
2022-10-22 17:13:20,381 : mpfmc : SlidePlayer: Play called with settings={'awesome_slide': {'transition': {'type': 'push', 'duration': 1.0, 'direction': 'left', 'easing': 'out_quad'}, 'target': None, 'background_color': [0.0, 0.0, 0.0, 1.0], 'priority': None, 'show': True, 'force': False, 'expire': None, 'slide': None, 'tokens': {}, 'action': 'play'}}
2022-10-22 17:13:20,385 : EventManager : Event: ======'slide_awesome_slide_created'====== Args={}
2022-10-22 17:13:20,434 : EventManager : Event: ======'slide_awesome_slide_active'====== Args={}
2022-10-22 17:13:20,437 : EventManager : Event: ======'loading_assets'====== Args={'total': 2, 'loaded': 1, 'remaining': 1, 'percent': 50}
2022-10-22 17:13:20,438 : AssetManager : Loading assets: 1/2 (50%)
2022-10-22 17:13:20,438 : EventManager : Event: ======'loading_assets'====== Args={'total': 2, 'loaded': 2, 'remaining': 0, 'percent': 100}
2022-10-22 17:13:20,438 : AssetManager : Asset loading took: 0.7380611896514893
2022-10-22 17:13:20,438 : EventManager : Event: ======'asset_loading_complete'====== Args={}
2022-10-22 17:13:20,438 : AssetManager : Loading assets: 2/2 (100%)
2022-10-22 17:13:23,395 : EventManager : Event: ======'slides_play'====== Args={'settings': {'press_start': {'transition': {'type': 'move_in', 'duration': 1.0, 'direction': 'right', 'easing': 'out_quad'}, 'target': None, 'background_color': [0.0, 0.0, 0.0, 1.0], 'priority': None, 'show': True, 'force': False, 'expire': None, 'slide': None, 'tokens': {}, 'action': 'play'}}, 'context': 'show_2', 'calling_context': 1, 'priority': 10, 'show_tokens': {}, 'start_time': 7875.437}
2022-10-22 17:13:23,395 : mpfmc : SlidePlayer: Play called with settings={'press_start': {'transition': {'type': 'move_in', 'duration': 1.0, 'direction': 'right', 'easing': 'out_quad'}, 'target': None, 'background_color': [0.0, 0.0, 0.0, 1.0], 'priority': None, 'show': True, 'force': False, 'expire': None, 'slide': None, 'tokens': {}, 'action': 'play'}}
2022-10-22 17:13:23,402 : EventManager : Event: ======'slide_press_start_created'====== Args={}
2022-10-22 17:13:23,405 : EventManager : Event: ======'slide_press_start_active'====== Args={}
2022-10-22 17:13:26,390 : EventManager : Event: ======'slides_play'====== Args={'settings': {'mission_pinball': {'transition': {'type': 'move_in', 'duration': 1.0, 'direction': 'top', 'easing': 'out_quad'}, 'target': None, 'background_color': [0.0, 0.0, 0.0, 1.0], 'priority': None, 'show': True, 'force': False, 'expire': None, 'slide': None, 'tokens': {}, 'action': 'play'}}, 'context': 'show_2', 'calling_context': 2, 'priority': 10, 'show_tokens': {}, 'start_time': 7878.437}
2022-10-22 17:13:26,390 : mpfmc : SlidePlayer: Play called with settings={'mission_pinball': {'transition': {'type': 'move_in', 'duration': 1.0, 'direction': 'top', 'easing': 'out_quad'}, 'target': None, 'background_color': [0.0, 0.0, 0.0, 1.0], 'priority': None, 'show': True, 'force': False, 'expire': None, 'slide': None, 'tokens': {}, 'action': 'play'}}
2022-10-22 17:13:26,397 : EventManager : Event: ======'slide_mission_pinball_created'====== Args={}
2022-10-22 17:13:26,400 : EventManager : Event: ======'slide_mission_pinball_active'====== Args={}
2022-10-22 17:13:30,033 : EventManager : Event: ======'slides_play'====== Args={'settings': {'awesome_slide': {'transition': {'type': 'push', 'duration': 1.0, 'direction': 'left', 'easing': 'out_quad'}, 'target': None, 'background_color': [0.0, 0.0, 0.0, 1.0], 'priority': None, 'show': True, 'force': False, 'expire': None, 'slide': None, 'tokens': {}, 'action': 'play'}}, 'context': 'show_2', 'calling_context': 0, 'priority': 10, 'show_tokens': {}, 'start_time': 7881.437}
2022-10-22 17:13:30,033 : mpfmc : SlidePlayer: Play called with settings={'awesome_slide': {'transition': {'type': 'push', 'duration': 1.0, 'direction': 'left', 'easing': 'out_quad'}, 'target': None, 'background_color': [0.0, 0.0, 0.0, 1.0], 'priority': None, 'show': True, 'force': False, 'expire': None, 'slide': None, 'tokens': {}, 'action': 'play'}}
2022-10-22 17:13:30,034 : EventManager : Event: ======'slide_awesome_slide_removed'====== Args={}
2022-10-22 17:13:30,039 : EventManager : Event: ======'slide_awesome_slide_created'====== Args={}
2022-10-22 17:13:30,043 : EventManager : Event: ======'slide_awesome_slide_active'====== Args={}
2022-10-22 17:13:36,253 : EventManager : Event: ======'slides_play'====== Args={'settings': {'press_start': {'transition': {'type': 'move_in', 'duration': 1.0, 'direction': 'right', 'easing': 'out_quad'}, 'target': None, 'background_color': [0.0, 0.0, 0.0, 1.0], 'priority': None, 'show': True, 'force': False, 'expire': None, 'slide': None, 'tokens': {}, 'action': 'play'}}, 'context': 'show_2', 'calling_context': 1, 'priority': 10, 'show_tokens': {}, 'start_time': 7884.437}
2022-10-22 17:13:36,253 : EventManager : Event: ======'slides_play'====== Args={'settings': {'mission_pinball': {'transition': {'type': 'move_in', 'duration': 1.0, 'direction': 'top', 'easing': 'out_quad'}, 'target': None, 'background_color': [0.0, 0.0, 0.0, 1.0], 'priority': None, 'show': True, 'force': False, 'expire': None, 'slide': None, 'tokens': {}, 'action': 'play'}}, 'context': 'show_2', 'calling_context': 2, 'priority': 10, 'show_tokens': {}, 'start_time': 7887.437}
2022-10-22 17:13:36,254 : mpfmc : SlidePlayer: Play called with settings={'press_start': {'transition': {'type': 'move_in', 'duration': 1.0, 'direction': 'right', 'easing': 'out_quad'}, 'target': None, 'background_color': [0.0, 0.0, 0.0, 1.0], 'priority': None, 'show': True, 'force': False, 'expire': None, 'slide': None, 'tokens': {}, 'action': 'play'}}
2022-10-22 17:13:36,254 : EventManager : Event: ======'slide_press_start_removed'====== Args={}
2022-10-22 17:13:36,258 : EventManager : Event: ======'slide_press_start_created'====== Args={}
2022-10-22 17:13:36,261 : mpfmc : SlidePlayer: Play called with settings={'mission_pinball': {'transition': {'type': 'move_in', 'duration': 1.0, 'direction': 'top', 'easing': 'out_quad'}, 'target': None, 'background_color': [0.0, 0.0, 0.0, 1.0], 'priority': None, 'show': True, 'force': False, 'expire': None, 'slide': None, 'tokens': {}, 'action': 'play'}}
2022-10-22 17:13:36,261 : EventManager : Event: ======'slide_mission_pinball_removed'====== Args={}
2022-10-22 17:13:36,263 : EventManager : Event: ======'slide_mission_pinball_created'====== Args={}
2022-10-22 17:13:36,266 : EventManager : Event: ======'slide_mission_pinball_active'====== Args={}
2022-10-22 17:13:38,400 : EventManager : Event: ======'slides_play'====== Args={'settings': {'awesome_slide': {'transition': {'type': 'push', 'duration': 1.0, 'direction': 'left', 'easing': 'out_quad'}, 'target': None, 'background_color': [0.0, 0.0, 0.0, 1.0], 'priority': None, 'show': True, 'force': False, 'expire': None, 'slide': None, 'tokens': {}, 'action': 'play'}}, 'context': 'show_2', 'calling_context': 0, 'priority': 10, 'show_tokens': {}, 'start_time': 7890.437}
2022-10-22 17:13:38,400 : mpfmc : SlidePlayer: Play called with settings={'awesome_slide': {'transition': {'type': 'push', 'duration': 1.0, 'direction': 'left', 'easing': 'out_quad'}, 'target': None, 'background_color': [0.0, 0.0, 0.0, 1.0], 'priority': None, 'show': True, 'force': False, 'expire': None, 'slide': None, 'tokens': {}, 'action': 'play'}}
2022-10-22 17:13:38,401 : EventManager : Event: ======'slide_awesome_slide_removed'====== Args={}
2022-10-22 17:13:38,406 : EventManager : Event: ======'slide_awesome_slide_created'====== Args={}
2022-10-22 17:13:38,408 : EventManager : Event: ======'slide_awesome_slide_active'====== Args={}
2022-10-22 17:13:41,389 : EventManager : Event: ======'slides_play'====== Args={'settings': {'press_start': {'transition': {'type': 'move_in', 'duration': 1.0, 'direction': 'right', 'easing': 'out_quad'}, 'target': None, 'background_color': [0.0, 0.0, 0.0, 1.0], 'priority': None, 'show': True, 'force': False, 'expire': None, 'slide': None, 'tokens': {}, 'action': 'play'}}, 'context': 'show_2', 'calling_context': 1, 'priority': 10, 'show_tokens': {}, 'start_time': 7893.437}
2022-10-22 17:13:41,389 : mpfmc : SlidePlayer: Play called with settings={'press_start': {'transition': {'type': 'move_in', 'duration': 1.0, 'direction': 'right', 'easing': 'out_quad'}, 'target': None, 'background_color': [0.0, 0.0, 0.0, 1.0], 'priority': None, 'show': True, 'force': False, 'expire': None, 'slide': None, 'tokens': {}, 'action': 'play'}}
2022-10-22 17:13:41,390 : EventManager : Event: ======'slide_press_start_removed'====== Args={}
2022-10-22 17:13:41,397 : EventManager : Event: ======'slide_press_start_created'====== Args={}
2022-10-22 17:13:41,400 : EventManager : Event: ======'slide_press_start_active'====== Args={}
2022-10-22 17:13:44,848 : EventManager : Event: ======'slides_play'====== Args={'settings': {'mission_pinball': {'transition': {'type': 'move_in', 'duration': 1.0, 'direction': 'top', 'easing': 'out_quad'}, 'target': None, 'background_color': [0.0, 0.0, 0.0, 1.0], 'priority': None, 'show': True, 'force': False, 'expire': None, 'slide': None, 'tokens': {}, 'action': 'play'}}, 'context': 'show_2', 'calling_context': 2, 'priority': 10, 'show_tokens': {}, 'start_time': 7896.437}
2022-10-22 17:13:44,848 : mpfmc : SlidePlayer: Play called with settings={'mission_pinball': {'transition': {'type': 'move_in', 'duration': 1.0, 'direction': 'top', 'easing': 'out_quad'}, 'target': None, 'background_color': [0.0, 0.0, 0.0, 1.0], 'priority': None, 'show': True, 'force': False, 'expire': None, 'slide': None, 'tokens': {}, 'action': 'play'}}
2022-10-22 17:13:44,849 : EventManager : Event: ======'slide_mission_pinball_removed'====== Args={}
2022-10-22 17:13:44,854 : EventManager : Event: ======'slide_mission_pinball_created'====== Args={}
2022-10-22 17:13:44,857 : EventManager : Event: ======'slide_mission_pinball_active'====== Args={}
2022-10-22 17:13:45,064 : kivy : Base: Leaving application in progress...
2022-10-22 17:13:45,276 : mpfmc : Stopping...
2022-10-22 17:13:45,276 : EventManager : Event: ======'shutdown'====== Args={}
2022-10-22 17:13:45,276 : AudioInterface : Disabling audio playback
2022-10-22 17:13:45,276 : mpfmc : Loop rate 54.62 Hz
2022-10-22 17:13:45,276 : kivy : MC run loop ended.
2022-10-22 17:13:45,276 : kivy : Stopping child threads... (3 remaining)
2022-10-22 17:13:46,043 : mpfmc : Stopping...
2022-10-22 17:13:46,043 : EventManager : Event: ======'shutdown'====== Args={}
2022-10-22 17:13:46,043 : mpfmc : Loop rate 53.03 Hz
2022-10-22 17:13:46,062 : MPF-MC BCP Server : Stopping BCP sending thread
2022-10-22 17:13:46,152 : kivy : All child threads stopped.
