2022-08-26 16:24:50,145 : kivy : Factory: 186 symbols loaded
2022-08-26 16:24:50,430 : kivy : ImageLoaderFFPy: Using ffpyplayer 4.3.2
2022-08-26 16:24:50,430 : kivy : Image: Providers: img_tex, img_dds, img_sdl2, img_pil, img_ffpyplayer 
2022-08-26 16:24:50,534 : kivy : VideoGstplayer: Using Gstreamer 1.18.0.0
2022-08-26 16:24:50,535 : kivy : Video: Provider: gstplayer
2022-08-26 16:24:51,219 : kivy : Loading MPF-MC controller
2022-08-26 16:24:51,226 : YamlMultifileConfigLoader : Machine config file #1: config
2022-08-26 16:24:51,227 : ConfigProcessor : Config file in cache changed: C:\pinball\mpfv1\config\config
2022-08-26 16:24:51,227 : ConfigProcessor : Loading config from file C:\Users\dorus\AppData\Local\Programs\Python\Python38\lib\site-packages\mpfmc\mcconfig.yaml.
2022-08-26 16:24:51,289 : ConfigProcessor : Loading config: C:\Users\dorus\AppData\Local\Programs\Python\Python38\lib\site-packages\mpfmc\mcconfig.yaml
2022-08-26 16:24:51,290 : ConfigProcessor : Loading config from file C:\pinball\mpfv1\config\config.
2022-08-26 16:24:51,297 : ConfigProcessor : Loading config: C:\pinball\mpfv1\config\config
2022-08-26 16:24:51,350 : ConfigProcessor : Loading config: C:\pinball\mpfv1\config\hardware.yaml
2022-08-26 16:24:51,363 : ConfigProcessor : Loading config: C:\pinball\mpfv1\config\sounds.yaml
2022-08-26 16:24:51,367 : ConfigProcessor : Loading config: C:\pinball\mpfv1\config\display.yaml
2022-08-26 16:24:51,377 : ConfigProcessor : Loading config: C:\pinball\mpfv1\config\keyboard.yaml
2022-08-26 16:24:51,379 : ConfigProcessor : Config file cache created: C:\Users\dorus\AppData\Local\Temp\54d4e1f26f77dfcbadc00e9606c45708.mpf_cache
2022-08-26 16:24:51,380 : ConfigProcessor : Loading config from cache: C:\Users\dorus\AppData\Local\Temp\5eb3439dbf16142704b5198a23e9a58c.mpf_cache
2022-08-26 16:24:51,381 : ConfigProcessor : Loading config from cache: C:\Users\dorus\AppData\Local\Temp\336e6d2601ccb63523c70814805acbf1.mpf_cache
2022-08-26 16:24:51,382 : ConfigProcessor : Loading config from cache: C:\Users\dorus\AppData\Local\Temp\d4952d0b9ea6ba2ec58a4f9adbee2d8a.mpf_cache
2022-08-26 16:24:51,383 : mpfmc : Mission Pinball Framework Media Controller v0.55.0
2022-08-26 16:24:51,383 : mpfmc : Mission Pinball Framework Game Engine v0.55.0
2022-08-26 16:24:51,383 : mpfmc : Machine path: C:\pinball\mpfv1
2022-08-26 16:24:51,383 : mpfmc : Starting clock at 60.0Hz
2022-08-26 16:24:51,421 : kivy : Text: Provider: sdl2
2022-08-26 16:24:51,545 : kivy : Window: Provider: sdl2
2022-08-26 16:24:51,709 : kivy : GL: Using the "OpenGL" graphics system
2022-08-26 16:24:51,711 : kivy : GL: GLEW initialization succeeded
2022-08-26 16:24:51,711 : kivy : GL: Backend used <glew>
2022-08-26 16:24:51,711 : kivy : GL: OpenGL version <b'4.6.0 - Build 26.20.100.7372'>
2022-08-26 16:24:51,711 : kivy : GL: OpenGL vendor <b'Intel'>
2022-08-26 16:24:51,711 : kivy : GL: OpenGL renderer <b'Intel(R) UHD Graphics'>
2022-08-26 16:24:51,712 : kivy : GL: OpenGL parsed version: 4, 6
2022-08-26 16:24:51,712 : kivy : GL: Shading version <b'4.60 - Build 26.20.100.7372'>
2022-08-26 16:24:51,712 : kivy : GL: Texture max size <16384>
2022-08-26 16:24:51,712 : kivy : GL: Texture max units <32>
2022-08-26 16:24:51,755 : kivy : Window: auto add sdl2 input provider
2022-08-26 16:24:51,755 : kivy : Window: virtual keyboard not allowed, single mode, not docked
2022-08-26 16:24:52,043 : AudioInterface : Initialized
2022-08-26 16:24:52,043 : AudioInterface : Loaded SDL 2.0.12
2022-08-26 16:24:52,043 : AudioInterface : Loaded SDL_Mixer 2.0.4
2022-08-26 16:24:52,043 : AudioInterface : Loaded GStreamer 1.18.0.0
2022-08-26 16:24:52,043 : AudioInterface : Loaded GLib 2.62.6
2022-08-26 16:24:52,043 : AudioInterface : Settings requested - rate: 44100, channels: 1, buffer: 2048 samples
2022-08-26 16:24:52,043 : AudioInterface : Settings in use - rate: 44100, channels: 1, buffer: 2048 samples (4096 bytes @ 2 bytes per sample)
2022-08-26 16:24:52,043 : SoundSystem : Setting master volume to 0.0
2022-08-26 16:24:52,043 : SoundSystem : master_volume in sound_system is deprecated and will be removed in the future.
2022-08-26 16:24:52,043 : AudioInterface : Enabling audio playback
2022-08-26 16:24:52,045 : kivy : Base: Start application main loop
2022-08-26 16:24:52,046 : EventManager : Event: ======'display_window_initialized'====== Args={}
2022-08-26 16:24:52,059 : mpfmc : Display: Setting 'window' as default display
2022-08-26 16:24:52,067 : EventManager : Event: ======'displays_initialized'====== Args={}
2022-08-26 16:24:52,068 : EventManager : Event: ======'slide_window_blank_created'====== Args={}
2022-08-26 16:24:52,068 : EventManager : Event: ======'display_window_ready'====== Args={}
2022-08-26 16:24:52,080 : EventManager : Event: ======'init_phase_1'====== Args={}
2022-08-26 16:24:52,083 : EventManager : Event: ======'mc_ready'====== Args={}
2022-08-26 16:24:52,083 : EventManager : Event: ======'init_phase_2'====== Args={}
2022-08-26 16:24:52,085 : EventManager : Event: ======'init_phase_3'====== Args={}
2022-08-26 16:24:52,086 : EventManager : Event: ======'init_phase_4'====== Args={}
2022-08-26 16:24:52,087 : EventManager : Event: ======'init_phase_5'====== Args={}
2022-08-26 16:24:52,087 : EventManager : Event: ======'init_done'====== Args={}
2022-08-26 16:24:52,087 : MPF-MC BCP Server : Starting up on localhost port 5050
2022-08-26 16:24:52,090 : MPF-MC BCP Server : Waiting for a connection...
2022-08-26 16:24:52,091 : mpfmc : SlidePlayer: Play called with settings={'slides': {welcome_slide-None-None: {'priority': None, 'target': None, 'background_color': [0.0, 0.0, 0.0, 1.0], 'show': True, 'force': False, 'expire': None, 'slide': None, 'tokens': {}, 'action': 'play', 'transition': None, 'transition_out': None}}}
2022-08-26 16:24:52,096 : kivy : GL: NPOT texture support is available
2022-08-26 16:24:52,097 : EventManager : Event: ======'slide_welcome_slide_created'====== Args={}
2022-08-26 16:24:52,099 : EventManager : Event: ======'slide_welcome_slide_active'====== Args={}
2022-08-26 16:24:52,105 : EventManager : Event: ======'client_disconnected'====== Args={'host': '127.0.0.1', 'port': 5050}
2022-08-26 16:24:52,409 : MPF-MC BCP Server : Received connection from: 127.0.0.1:50519
2022-08-26 16:24:52,417 : EventManager : Event: ======'client_connected'====== Args={'host': '127.0.0.1', 'port': 50519}
2022-08-26 16:24:52,429 : EventManager : Event: ======'machine_var_credits_string'====== Args={'value': 'FREE PLAY', 'prev_value': None, 'change': True}
2022-08-26 16:24:52,429 : EventManager : Event: ======'machine_var_master_volume'====== Args={'value': 0.5, 'prev_value': None, 'change': True}
2022-08-26 16:24:52,429 : EventManager : Event: ======'machine_var_player1_score'====== Args={'value': 39900, 'prev_value': None, 'change': True}
2022-08-26 16:24:52,429 : EventManager : Event: ======'machine_var_mpf_version'====== Args={'value': 'MPF v0.55.0', 'prev_value': None, 'change': True}
2022-08-26 16:24:52,429 : EventManager : Event: ======'machine_var_mpf_extended_version'====== Args={'value': 'MPF v0.55.0, Config version:5, Show version: 5, BCP version:1.1', 'prev_value': None, 'change': True}
2022-08-26 16:24:52,429 : EventManager : Event: ======'machine_var_python_version'====== Args={'value': '3.8.10', 'prev_value': None, 'change': True}
2022-08-26 16:24:52,429 : EventManager : Event: ======'machine_var_platform'====== Args={'value': 'Windows-10-10.0.19044-SP0', 'prev_value': None, 'change': True}
2022-08-26 16:24:52,429 : EventManager : Event: ======'machine_var_platform_system'====== Args={'value': 'Windows', 'prev_value': None, 'change': True}
2022-08-26 16:24:52,429 : EventManager : Event: ======'machine_var_platform_release'====== Args={'value': '10', 'prev_value': None, 'change': True}
2022-08-26 16:24:52,429 : EventManager : Event: ======'machine_var_platform_version'====== Args={'value': '10.0.19044', 'prev_value': None, 'change': True}
2022-08-26 16:24:52,430 : EventManager : Event: ======'machine_var_platform_machine'====== Args={'value': 'AMD64', 'prev_value': None, 'change': True}
2022-08-26 16:24:52,430 : EventManager : Event: ======'machine_var_mc_version'====== Args={'value': 'MPF-MC v0.55.0', 'prev_value': None, 'change': True}
2022-08-26 16:24:52,430 : EventManager : Event: ======'machine_var_mc_extended_version'====== Args={'value': 'MPF-MC v0.55.0 (config_version=5, BCP v1.1, Requires MPF v0.55.0-dev.49)', 'prev_value': None, 'change': True}
2022-08-26 16:24:52,430 : SoundSystem : Setting master volume to 0.5
2022-08-26 16:24:52,543 : EventManager : Event: ======'machine_var_audits_events_game_ended'====== Args={'value': 0, 'prev_value': None, 'change': True}
2022-08-26 16:24:52,555 : EventManager : Event: ======'machine_var_audits_events_game_started'====== Args={'value': 0, 'prev_value': None, 'change': True}
2022-08-26 16:24:52,555 : EventManager : Event: ======'machine_var_audits_player_score'====== Args={'value': {'average': 20796.77419354839, 'top': [348300, 186500, 129000, 95900, 67200, 62100, 54100, 49700, 49400, 46500], 'total': 93}, 'prev_value': None, 'change': True}
2022-08-26 16:24:52,555 : EventManager : Event: ======'machine_var_audits_switches_s_T1'====== Args={'value': 0, 'prev_value': None, 'change': True}
2022-08-26 16:24:52,555 : EventManager : Event: ======'machine_var_audits_switches_s_T2'====== Args={'value': 2, 'prev_value': None, 'change': True}
2022-08-26 16:24:52,555 : EventManager : Event: ======'machine_var_audits_switches_s_T3'====== Args={'value': 4, 'prev_value': None, 'change': True}
2022-08-26 16:24:52,555 : EventManager : Event: ======'machine_var_audits_switches_s_T4'====== Args={'value': 8, 'prev_value': None, 'change': True}
2022-08-26 16:24:52,555 : EventManager : Event: ======'machine_var_audits_switches_s_T5'====== Args={'value': 11, 'prev_value': None, 'change': True}
2022-08-26 16:24:52,555 : EventManager : Event: ======'machine_var_audits_switches_s_T6'====== Args={'value': 12, 'prev_value': None, 'change': True}
2022-08-26 16:24:52,555 : EventManager : Event: ======'machine_var_audits_switches_s_Tjam'====== Args={'value': 0, 'prev_value': None, 'change': True}
2022-08-26 16:24:52,555 : EventManager : Event: ======'machine_var_audits_switches_s_bottomlane1'====== Args={'value': 118, 'prev_value': None, 'change': True}
2022-08-26 16:24:52,556 : EventManager : Event: ======'machine_var_audits_switches_s_bottomlane2'====== Args={'value': 119, 'prev_value': None, 'change': True}
2022-08-26 16:24:52,556 : EventManager : Event: ======'machine_var_audits_switches_s_bottomlane3'====== Args={'value': 74, 'prev_value': None, 'change': True}
2022-08-26 16:24:52,556 : EventManager : Event: ======'machine_var_audits_switches_s_bottomlane4'====== Args={'value': 205, 'prev_value': None, 'change': True}
2022-08-26 16:24:52,556 : EventManager : Event: ======'machine_var_audits_switches_s_bottomlane5'====== Args={'value': 24, 'prev_value': None, 'change': True}
2022-08-26 16:24:52,556 : EventManager : Event: ======'machine_var_audits_switches_s_drain'====== Args={'value': 121, 'prev_value': None, 'change': True}
2022-08-26 16:24:52,556 : EventManager : Event: ======'machine_var_audits_switches_s_drop1'====== Args={'value': 44, 'prev_value': None, 'change': True}
2022-08-26 16:24:52,556 : EventManager : Event: ======'machine_var_audits_switches_s_drop2'====== Args={'value': 63, 'prev_value': None, 'change': True}
2022-08-26 16:24:52,556 : EventManager : Event: ======'machine_var_audits_switches_s_drop3'====== Args={'value': 55, 'prev_value': None, 'change': True}
2022-08-26 16:24:52,556 : EventManager : Event: ======'machine_var_audits_switches_s_launch'====== Args={'value': 311, 'prev_value': None, 'change': True}
2022-08-26 16:24:52,556 : EventManager : Event: ======'machine_var_audits_switches_s_left_sling'====== Args={'value': 408, 'prev_value': None, 'change': True}
2022-08-26 16:24:52,556 : EventManager : Event: ======'machine_var_audits_switches_s_plunger_lane'====== Args={'value': 537, 'prev_value': None, 'change': True}
2022-08-26 16:24:52,556 : EventManager : Event: ======'machine_var_audits_switches_s_popbumber_1'====== Args={'value': 682, 'prev_value': None, 'change': True}
2022-08-26 16:24:52,556 : EventManager : Event: ======'machine_var_audits_switches_s_popbumber_2'====== Args={'value': 734, 'prev_value': None, 'change': True}
2022-08-26 16:24:52,556 : EventManager : Event: ======'machine_var_audits_switches_s_popbumber_3'====== Args={'value': 567, 'prev_value': None, 'change': True}
2022-08-26 16:24:52,557 : EventManager : Event: ======'machine_var_audits_switches_s_right_sling'====== Args={'value': 376, 'prev_value': None, 'change': True}
2022-08-26 16:24:52,557 : EventManager : Event: ======'machine_var_audits_switches_s_start'====== Args={'value': 30, 'prev_value': None, 'change': True}
2022-08-26 16:24:52,557 : EventManager : Event: ======'machine_var_audits_switches_s_t1'====== Args={'value': 73, 'prev_value': None, 'change': True}
2022-08-26 16:24:52,557 : EventManager : Event: ======'machine_var_audits_switches_s_t2'====== Args={'value': 43, 'prev_value': None, 'change': True}
2022-08-26 16:24:52,557 : EventManager : Event: ======'machine_var_audits_switches_s_t3'====== Args={'value': 45, 'prev_value': None, 'change': True}
2022-08-26 16:24:52,557 : EventManager : Event: ======'machine_var_audits_switches_s_t4'====== Args={'value': 28, 'prev_value': None, 'change': True}
2022-08-26 16:24:52,557 : EventManager : Event: ======'machine_var_audits_switches_s_t5'====== Args={'value': 0, 'prev_value': None, 'change': True}
2022-08-26 16:24:52,557 : EventManager : Event: ======'machine_var_audits_switches_s_toplane1'====== Args={'value': 97, 'prev_value': None, 'change': True}
2022-08-26 16:24:52,557 : EventManager : Event: ======'machine_var_audits_switches_s_toplane2'====== Args={'value': 76, 'prev_value': None, 'change': True}
2022-08-26 16:24:52,557 : EventManager : Event: ======'machine_var_audits_switches_s_toplane3'====== Args={'value': 69, 'prev_value': None, 'change': True}
2022-08-26 16:24:52,557 : EventManager : Event: ======'machine_var_audits_switches_s_trough1'====== Args={'value': 287, 'prev_value': None, 'change': True}
2022-08-26 16:24:52,558 : EventManager : Event: ======'machine_var_audits_switches_s_trough2'====== Args={'value': 280, 'prev_value': None, 'change': True}
2022-08-26 16:24:52,558 : EventManager : Event: ======'machine_var_audits_switches_s_trough3'====== Args={'value': 285, 'prev_value': None, 'change': True}
2022-08-26 16:24:52,558 : EventManager : Event: ======'machine_var_audits_switches_s_trough4'====== Args={'value': 291, 'prev_value': None, 'change': True}
2022-08-26 16:24:52,558 : EventManager : Event: ======'machine_var_audits_switches_s_trough5'====== Args={'value': 274, 'prev_value': None, 'change': True}
2022-08-26 16:24:52,558 : EventManager : Event: ======'machine_var_audits_switches_s_trough6'====== Args={'value': 259, 'prev_value': None, 'change': True}
2022-08-26 16:24:52,558 : EventManager : Event: ======'machine_var_audits_switches_s_trough_jam'====== Args={'value': 277, 'prev_value': None, 'change': True}
2022-08-26 16:24:52,558 : EventManager : Event: ======'machine_var_audits_switches_s_vuk'====== Args={'value': 70, 'prev_value': None, 'change': True}
2022-08-26 16:24:52,558 : EventManager : Event: ======'machine_var_audits_switches_s_vuk1'====== Args={'value': 9, 'prev_value': None, 'change': True}
2022-08-26 16:24:52,558 : EventManager : Event: ======'machine_var_audits_switches_s_vuk2'====== Args={'value': 4, 'prev_value': None, 'change': True}
2022-08-26 16:24:52,558 : EventManager : Event: ======'machine_var_audits_switches_s_t01'====== Args={'value': 0, 'prev_value': None, 'change': True}
2022-08-26 16:24:52,558 : EventManager : Event: ======'machine_var_audits_switches_s_t02'====== Args={'value': 0, 'prev_value': None, 'change': True}
2022-08-26 16:24:52,558 : EventManager : Event: ======'machine_var_audits_switches_s_spinner'====== Args={'value': 0, 'prev_value': None, 'change': True}
2022-08-26 16:24:52,559 : EventManager : Event: ======'machine_var_audits_switches_s_t03'====== Args={'value': 0, 'prev_value': None, 'change': True}
2022-08-26 16:24:52,559 : EventManager : Event: ======'machine_var_audits_switches_s_t04'====== Args={'value': 0, 'prev_value': None, 'change': True}
2022-08-26 16:24:52,559 : EventManager : Event: ======'machine_var_audits_switches_s_t05'====== Args={'value': 0, 'prev_value': None, 'change': True}
2022-08-26 16:24:52,559 : EventManager : Event: ======'machine_var_audits_switches_s_t06'====== Args={'value': 0, 'prev_value': None, 'change': True}
2022-08-26 16:24:52,559 : EventManager : Event: ======'machine_var_audits_switches_s_t07'====== Args={'value': 0, 'prev_value': None, 'change': True}
2022-08-26 16:24:52,559 : EventManager : Event: ======'machine_var_audits_switches_s_t08'====== Args={'value': 0, 'prev_value': None, 'change': True}
2022-08-26 16:24:52,567 : EventManager : Event: ======'slides_play'====== Args={'settings': {'welcome_slide': {'target': None, 'background_color': [0.0, 0.0, 0.0, 1.0], 'priority': None, 'show': True, 'force': False, 'expire': None, 'slide': None, 'tokens': {}, 'action': 'play'}}, 'context': '_global', 'calling_context': 'init_done', 'priority': 0}
2022-08-26 16:24:52,567 : EventManager : Event: ======'mc_reset_phase_1'====== Args={}
2022-08-26 16:24:52,567 : mpfmc : SlidePlayer: Play called with settings={'welcome_slide': {'target': None, 'background_color': [0.0, 0.0, 0.0, 1.0], 'priority': None, 'show': True, 'force': False, 'expire': None, 'slide': None, 'tokens': {}, 'action': 'play'}}
2022-08-26 16:24:52,567 : EventManager : Event: ======'slide_welcome_slide_removed'====== Args={}
2022-08-26 16:24:52,569 : EventManager : Event: ======'slide_welcome_slide_created'====== Args={}
2022-08-26 16:24:52,570 : EventManager : Event: ======'mc_reset_phase_2'====== Args={}
2022-08-26 16:24:52,570 : EventManager : Event: ======'mc_reset_phase_3'====== Args={}
2022-08-26 16:24:52,570 : EventManager : Event: ======'mc_reset_complete'====== Args={}
2022-08-26 16:24:52,570 : EventManager : Event: ======'slide_welcome_slide_active'====== Args={}
2022-08-26 16:24:52,587 : EventManager : Event: ======'slides_play'====== Args={'settings': {'awesome_slide': {'widgets': [{'type': 'text', 'text': 'YOU ARE AWESOME', 'font_size': 50, '_default_settings': ['type', 'text', 'font_size'], 'x': None, 'y': None, 'anchor_x': 'center', 'anchor_y': 'center', 'round_anchor_x': None, 'round_anchor_y': None, 'opacity': 1.0, 'z': 0, 'reset_animations_events': {}, 'color': [1.0, 1.0, 1.0, 1.0], 'style': [], 'adjust_top': 0, 'adjust_bottom': 0, 'adjust_left': 0, 'adjust_right': 0, 'expire': None, 'key': None, 'widget': None, 'events_when_added': [], 'events_when_removed': [], 'bitmap_font': False, 'font_kerning': True, 'bold': False, 'italic': False, 'number_grouping': False, 'min_digits': 0, 'halign': 'center', 'valign': 'middle', 'rotation': 0, 'scale': 1.0, 'casing': None, 'animations': None}], 'transition': {'type': 'push', 'duration': 1.0, 'direction': 'left', 'easing': 'out_quad'}, 'target': None, 'background_color': [0.0, 0.0, 0.0, 1.0], 'priority': None, 'show': True, 'force': False, 'expire': None, 'slide': None, 'tokens': {}, 'action': 'play'}}, 'context': 'show_1', 'calling_context': 0, 'priority': 10, 'show_tokens': {}, 'start_time': 173650.265}
2022-08-26 16:24:52,587 : EventManager : Event: ======'sounds_play'====== Args={'settings': {'musicslow': {'action': 'play', 'loops': -1, 'priority': None, 'block': False, 'delay': None, 'track': None, 'volume': None, 'pan': None, 'start_at': None, 'fade_in': None, 'fade_out': None, 'about_to_finish_time': -1.0, 'max_queue_time': -1.0, 'events_when_played': ['use_sound_setting'], 'events_when_stopped': ['use_sound_setting'], 'events_when_looping': ['use_sound_setting'], 'events_when_about_to_finish': ['use_sound_setting'], 'mode_end_action': 'use_sound_setting', 'key': 'use_sound_setting'}}, 'context': '_global', 'calling_context': 'mode_attract_started', 'priority': 0}
2022-08-26 16:24:52,587 : mpfmc : SlidePlayer: Play called with settings={'awesome_slide': {'widgets': [{'type': 'text', 'text': 'YOU ARE AWESOME', 'font_size': 50, '_default_settings': ['type', 'text', 'font_size'], 'x': None, 'y': None, 'anchor_x': 'center', 'anchor_y': 'center', 'round_anchor_x': None, 'round_anchor_y': None, 'opacity': 1.0, 'z': 0, 'reset_animations_events': {}, 'color': [1.0, 1.0, 1.0, 1.0], 'style': [], 'adjust_top': 0, 'adjust_bottom': 0, 'adjust_left': 0, 'adjust_right': 0, 'expire': None, 'key': None, 'widget': None, 'events_when_added': [], 'events_when_removed': [], 'bitmap_font': False, 'font_kerning': True, 'bold': False, 'italic': False, 'number_grouping': False, 'min_digits': 0, 'halign': 'center', 'valign': 'middle', 'rotation': 0, 'scale': 1.0, 'casing': None, 'animations': None}], 'transition': {'type': 'push', 'duration': 1.0, 'direction': 'left', 'easing': 'out_quad'}, 'target': None, 'background_color': [0.0, 0.0, 0.0, 1.0], 'priority': None, 'show': True, 'force': False, 'expire': None, 'slide': None, 'tokens': {}, 'action': 'play'}}
2022-08-26 16:24:52,590 : EventManager : Event: ======'slide_awesome_slide_created'====== Args={}
2022-08-26 16:24:52,593 : EventManager : Event: ======'slide_awesome_slide_active'====== Args={}
2022-08-26 16:24:52,621 : EventManager : Event: ======'loading_assets'====== Args={'total': 1, 'loaded': 1, 'remaining': 0, 'percent': 100}
2022-08-26 16:24:52,622 : AssetManager : Asset loading took: 0.5780899524688721
2022-08-26 16:24:52,622 : EventManager : Event: ======'asset_loading_complete'====== Args={}
2022-08-26 16:24:52,622 : AssetManager : Loading assets: 1/1 (100%)
2022-08-26 16:24:55,573 : EventManager : Event: ======'slides_play'====== Args={'settings': {'press_start': {'widgets': [{'type': 'Text', 'text': 'PRESS START', 'animations': {'pre_show_slide': [{'property': ['opacity'], 'value': ['0'], 'duration': 0.5, 'relative': False, 'timing': 'after_previous', 'repeat': False, 'easing': 'linear'}, {'property': ['opacity'], 'value': ['1'], 'duration': 0.5, 'repeat': True, 'relative': False, 'timing': 'after_previous', 'easing': 'linear'}]}, '_default_settings': ['type', 'text', 'animations'], 'x': None, 'y': None, 'anchor_x': 'center', 'anchor_y': 'center', 'round_anchor_x': None, 'round_anchor_y': None, 'opacity': 1.0, 'z': 0, 'reset_animations_events': {}, 'color': [1.0, 1.0, 1.0, 1.0], 'style': [], 'adjust_top': 0, 'adjust_bottom': 0, 'adjust_left': 0, 'adjust_right': 0, 'expire': None, 'key': None, 'widget': None, 'events_when_added': [], 'events_when_removed': [], 'font_size': 15, 'bitmap_font': False, 'font_kerning': True, 'bold': False, 'italic': False, 'number_grouping': False, 'min_digits': 0, 'halign': 'center', 'valign': 'middle', 'rotation': 0, 'scale': 1.0, 'casing': None}, {'type': 'Text', 'text': 'FREE PLAY', 'color': [0.0, 0.5019607843137255, 0.0, 1], 'y': '10', 'anchor_y': 'bottom', '_default_settings': ['type', 'text', 'color', 'y', 'anchor_y'], 'x': None, 'anchor_x': 'center', 'round_anchor_x': None, 'round_anchor_y': None, 'opacity': 1.0, 'z': 0, 'reset_animations_events': {}, 'style': [], 'adjust_top': 0, 'adjust_bottom': 0, 'adjust_left': 0, 'adjust_right': 0, 'expire': None, 'key': None, 'widget': None, 'events_when_added': [], 'events_when_removed': [], 'font_size': 15, 'bitmap_font': False, 'font_kerning': True, 'bold': False, 'italic': False, 'number_grouping': False, 'min_digits': 0, 'halign': 'center', 'valign': 'middle', 'rotation': 0, 'scale': 1.0, 'casing': None, 'animations': None}], 'transition': {'type': 'move_in', 'duration': 1.0, 'direction': 'right', 'easing': 'out_quad'}, 'target': None, 'background_color': [0.0, 0.0, 0.0, 1.0], 'priority': None, 'show': True, 'force': False, 'expire': None, 'slide': None, 'tokens': {}, 'action': 'play'}}, 'context': 'show_1', 'calling_context': 1, 'priority': 10, 'show_tokens': {}, 'start_time': 173653.265}
2022-08-26 16:24:55,573 : mpfmc : SlidePlayer: Play called with settings={'press_start': {'widgets': [{'type': 'Text', 'text': 'PRESS START', 'animations': {'pre_show_slide': [{'property': ['opacity'], 'value': ['0'], 'duration': 0.5, 'relative': False, 'timing': 'after_previous', 'repeat': False, 'easing': 'linear'}, {'property': ['opacity'], 'value': ['1'], 'duration': 0.5, 'repeat': True, 'relative': False, 'timing': 'after_previous', 'easing': 'linear'}]}, '_default_settings': ['type', 'text', 'animations'], 'x': None, 'y': None, 'anchor_x': 'center', 'anchor_y': 'center', 'round_anchor_x': None, 'round_anchor_y': None, 'opacity': 1.0, 'z': 0, 'reset_animations_events': {}, 'color': [1.0, 1.0, 1.0, 1.0], 'style': [], 'adjust_top': 0, 'adjust_bottom': 0, 'adjust_left': 0, 'adjust_right': 0, 'expire': None, 'key': None, 'widget': None, 'events_when_added': [], 'events_when_removed': [], 'font_size': 15, 'bitmap_font': False, 'font_kerning': True, 'bold': False, 'italic': False, 'number_grouping': False, 'min_digits': 0, 'halign': 'center', 'valign': 'middle', 'rotation': 0, 'scale': 1.0, 'casing': None}, {'type': 'Text', 'text': 'FREE PLAY', 'color': [0.0, 0.5019607843137255, 0.0, 1], 'y': '10', 'anchor_y': 'bottom', '_default_settings': ['type', 'text', 'color', 'y', 'anchor_y'], 'x': None, 'anchor_x': 'center', 'round_anchor_x': None, 'round_anchor_y': None, 'opacity': 1.0, 'z': 0, 'reset_animations_events': {}, 'style': [], 'adjust_top': 0, 'adjust_bottom': 0, 'adjust_left': 0, 'adjust_right': 0, 'expire': None, 'key': None, 'widget': None, 'events_when_added': [], 'events_when_removed': [], 'font_size': 15, 'bitmap_font': False, 'font_kerning': True, 'bold': False, 'italic': False, 'number_grouping': False, 'min_digits': 0, 'halign': 'center', 'valign': 'middle', 'rotation': 0, 'scale': 1.0, 'casing': None, 'animations': None}], 'transition': {'type': 'move_in', 'duration': 1.0, 'direction': 'right', 'easing': 'out_quad'}, 'target': None, 'background_color': [0.0, 0.0, 0.0, 1.0], 'priority': None, 'show': True, 'force': False, 'expire': None, 'slide': None, 'tokens': {}, 'action': 'play'}}
2022-08-26 16:24:55,577 : EventManager : Event: ======'slide_press_start_created'====== Args={}
2022-08-26 16:24:55,578 : EventManager : Event: ======'slide_press_start_active'====== Args={}
2022-08-26 16:24:58,558 : EventManager : Event: ======'slides_play'====== Args={'settings': {'mission_pinball': {'widgets': [{'type': 'Text', 'text': 'MISSION PINBALL', 'color': [1.0, 0.0, 0.0, 1], '_default_settings': ['type', 'text', 'color'], 'x': None, 'y': None, 'anchor_x': 'center', 'anchor_y': 'center', 'round_anchor_x': None, 'round_anchor_y': None, 'opacity': 1.0, 'z': 0, 'reset_animations_events': {}, 'style': [], 'adjust_top': 0, 'adjust_bottom': 0, 'adjust_left': 0, 'adjust_right': 0, 'expire': None, 'key': None, 'widget': None, 'events_when_added': [], 'events_when_removed': [], 'font_size': 15, 'bitmap_font': False, 'font_kerning': True, 'bold': False, 'italic': False, 'number_grouping': False, 'min_digits': 0, 'halign': 'center', 'valign': 'middle', 'rotation': 0, 'scale': 1.0, 'casing': None, 'animations': None}], 'transition': {'type': 'move_in', 'duration': 1.0, 'direction': 'top', 'easing': 'out_quad'}, 'target': None, 'background_color': [0.0, 0.0, 0.0, 1.0], 'priority': None, 'show': True, 'force': False, 'expire': None, 'slide': None, 'tokens': {}, 'action': 'play'}}, 'context': 'show_1', 'calling_context': 2, 'priority': 10, 'show_tokens': {}, 'start_time': 173656.265}
2022-08-26 16:24:58,558 : mpfmc : SlidePlayer: Play called with settings={'mission_pinball': {'widgets': [{'type': 'Text', 'text': 'MISSION PINBALL', 'color': [1.0, 0.0, 0.0, 1], '_default_settings': ['type', 'text', 'color'], 'x': None, 'y': None, 'anchor_x': 'center', 'anchor_y': 'center', 'round_anchor_x': None, 'round_anchor_y': None, 'opacity': 1.0, 'z': 0, 'reset_animations_events': {}, 'style': [], 'adjust_top': 0, 'adjust_bottom': 0, 'adjust_left': 0, 'adjust_right': 0, 'expire': None, 'key': None, 'widget': None, 'events_when_added': [], 'events_when_removed': [], 'font_size': 15, 'bitmap_font': False, 'font_kerning': True, 'bold': False, 'italic': False, 'number_grouping': False, 'min_digits': 0, 'halign': 'center', 'valign': 'middle', 'rotation': 0, 'scale': 1.0, 'casing': None, 'animations': None}], 'transition': {'type': 'move_in', 'duration': 1.0, 'direction': 'top', 'easing': 'out_quad'}, 'target': None, 'background_color': [0.0, 0.0, 0.0, 1.0], 'priority': None, 'show': True, 'force': False, 'expire': None, 'slide': None, 'tokens': {}, 'action': 'play'}}
2022-08-26 16:24:58,560 : EventManager : Event: ======'slide_mission_pinball_created'====== Args={}
2022-08-26 16:24:58,561 : EventManager : Event: ======'slide_mission_pinball_active'====== Args={}
2022-08-26 16:25:01,561 : EventManager : Event: ======'slides_play'====== Args={'settings': {'awesome_slide': {'widgets': [{'type': 'text', 'text': 'YOU ARE AWESOME', 'font_size': 50, '_default_settings': ['type', 'text', 'font_size'], 'x': None, 'y': None, 'anchor_x': 'center', 'anchor_y': 'center', 'round_anchor_x': None, 'round_anchor_y': None, 'opacity': 1.0, 'z': 0, 'reset_animations_events': {}, 'color': [1.0, 1.0, 1.0, 1.0], 'style': [], 'adjust_top': 0, 'adjust_bottom': 0, 'adjust_left': 0, 'adjust_right': 0, 'expire': None, 'key': None, 'widget': None, 'events_when_added': [], 'events_when_removed': [], 'bitmap_font': False, 'font_kerning': True, 'bold': False, 'italic': False, 'number_grouping': False, 'min_digits': 0, 'halign': 'center', 'valign': 'middle', 'rotation': 0, 'scale': 1.0, 'casing': None, 'animations': None}], 'transition': {'type': 'push', 'duration': 1.0, 'direction': 'left', 'easing': 'out_quad'}, 'target': None, 'background_color': [0.0, 0.0, 0.0, 1.0], 'priority': None, 'show': True, 'force': False, 'expire': None, 'slide': None, 'tokens': {}, 'action': 'play'}}, 'context': 'show_1', 'calling_context': 0, 'priority': 10, 'show_tokens': {}, 'start_time': 173659.265}
2022-08-26 16:25:01,561 : mpfmc : SlidePlayer: Play called with settings={'awesome_slide': {'widgets': [{'type': 'text', 'text': 'YOU ARE AWESOME', 'font_size': 50, '_default_settings': ['type', 'text', 'font_size'], 'x': None, 'y': None, 'anchor_x': 'center', 'anchor_y': 'center', 'round_anchor_x': None, 'round_anchor_y': None, 'opacity': 1.0, 'z': 0, 'reset_animations_events': {}, 'color': [1.0, 1.0, 1.0, 1.0], 'style': [], 'adjust_top': 0, 'adjust_bottom': 0, 'adjust_left': 0, 'adjust_right': 0, 'expire': None, 'key': None, 'widget': None, 'events_when_added': [], 'events_when_removed': [], 'bitmap_font': False, 'font_kerning': True, 'bold': False, 'italic': False, 'number_grouping': False, 'min_digits': 0, 'halign': 'center', 'valign': 'middle', 'rotation': 0, 'scale': 1.0, 'casing': None, 'animations': None}], 'transition': {'type': 'push', 'duration': 1.0, 'direction': 'left', 'easing': 'out_quad'}, 'target': None, 'background_color': [0.0, 0.0, 0.0, 1.0], 'priority': None, 'show': True, 'force': False, 'expire': None, 'slide': None, 'tokens': {}, 'action': 'play'}}
2022-08-26 16:25:01,562 : EventManager : Event: ======'slide_awesome_slide_removed'====== Args={}
2022-08-26 16:25:01,566 : EventManager : Event: ======'slide_awesome_slide_created'====== Args={}
2022-08-26 16:25:01,567 : EventManager : Event: ======'slide_awesome_slide_active'====== Args={}
2022-08-26 16:25:03,812 : kivy : Base: Leaving application in progress...
2022-08-26 16:25:03,976 : mpfmc : Stopping...
2022-08-26 16:25:03,976 : EventManager : Event: ======'shutdown'====== Args={}
2022-08-26 16:25:03,976 : AudioInterface : Disabling audio playback
2022-08-26 16:25:03,977 : mpfmc : Loop rate 79.2 Hz
2022-08-26 16:25:03,977 : kivy : MC run loop ended.
2022-08-26 16:25:03,977 : kivy : Stopping child threads... (3 remaining)
2022-08-26 16:25:04,088 : mpfmc : Stopping...
2022-08-26 16:25:04,088 : EventManager : Event: ======'shutdown'====== Args={}
2022-08-26 16:25:04,088 : mpfmc : Loop rate 78.47 Hz
2022-08-26 16:25:04,094 : MPF-MC BCP Server : Stopping BCP sending thread
2022-08-26 16:25:04,639 : kivy : All child threads stopped.
