2022-10-23 15:26:37,718 : INFO : root : Loading config.
2022-10-23 15:26:37,721 : INFO : YamlMultifileConfigLoader : Machine config file #1: config.yaml
2022-10-23 15:26:37,722 : INFO : ConfigProcessor : Loading config from cache: C:\Users\dorus\AppData\Local\Temp\e2a46ea082c19f5103dd0f83869ccd8e.mpf_cache
2022-10-23 15:26:37,804 : INFO : ConfigProcessor : Loading config from cache: C:\Users\dorus\AppData\Local\Temp\69e5e641cece6cfbb9f28306d01595e4.mpf_cache
2022-10-23 15:26:37,805 : INFO : ConfigProcessor : Loading config from cache: C:\Users\dorus\AppData\Local\Temp\336e6d2601ccb63523c70814805acbf1.mpf_cache
2022-10-23 15:26:37,806 : INFO : ConfigProcessor : Loading config from cache: C:\Users\dorus\AppData\Local\Temp\8f8558ef7eb783a34103d845cb15f27a.mpf_cache
2022-10-23 15:26:37,807 : INFO : ConfigProcessor : Loading config from cache: C:\Users\dorus\AppData\Local\Temp\3f4ec0fd6e14e835699e1ee64ae7815f.mpf_cache
2022-10-23 15:26:37,807 : WARNING : ConfigProcessor : Config file in cache changed: C:\Users\dorus\OneDrive\Documents\Pinball\Github\Pinball-MPF\mpfv1\modes\lanes\config\lanes.yaml
2022-10-23 15:26:37,807 : INFO : ConfigProcessor : Loading config from file C:\Users\dorus\OneDrive\Documents\Pinball\Github\Pinball-MPF\mpfv1\modes\lanes\config\lanes.yaml.
2022-10-23 15:26:37,816 : INFO : ConfigProcessor : Loading config: C:\Users\dorus\OneDrive\Documents\Pinball\Github\Pinball-MPF\mpfv1\modes\lanes\config\lanes.yaml
2022-10-23 15:26:37,816 : INFO : ConfigProcessor : Config file cache created: C:\Users\dorus\AppData\Local\Temp\07450fdcdb716b1c510f1f1f728b03da.mpf_cache
2022-10-23 15:26:37,817 : INFO : ConfigProcessor : Loading config from cache: C:\Users\dorus\AppData\Local\Temp\26dc7d91d16a8c3848757fce5df95f92.mpf_cache
2022-10-23 15:26:37,818 : INFO : ConfigProcessor : Loading config from cache: C:\Users\dorus\AppData\Local\Temp\e142fb215d63411261522b102b5844f9.mpf_cache
2022-10-23 15:26:37,819 : INFO : Machine : Mission Pinball Framework Core Engine v0.55.0
2022-10-23 15:26:37,819 : INFO : Machine : Command line arguments: {'no_load_cache': False, 'create_config_cache': True, 'bcp': True, 'configfile': ['config.yaml'], 'force_assets_load': False, 'jsonlogging': False, 'logfile': 'logs\\2022-10-23-15-26-37-mpf-LAPTOP-AS8QDAQG.log', 'pause': False, 'production': False, 'text_ui': True, 'loglevel': 15, 'consoleloglevel': 20, 'force_platform': 'smart_virtual', 'syslog_address': None, 'mc_file_name': None, 'no_sound': False}
2022-10-23 15:26:37,819 : INFO : Machine : MPF path: C:\Users\dorus\AppData\Local\Programs\Python\Python38\lib\site-packages\mpf
2022-10-23 15:26:37,819 : INFO : Machine : Machine path: C:\Users\dorus\OneDrive\Documents\Pinball\Github\Pinball-MPF\mpfv1
2022-10-23 15:26:37,820 : INFO : Machine : Platform: win32
2022-10-23 15:26:37,820 : INFO : Machine : Python executable location: C:\Users\dorus\AppData\Local\Programs\Python\Python38\python.exe
2022-10-23 15:26:37,820 : INFO : Machine : Python version: 3.8.10 (64-bit)
2022-10-23 15:26:37,821 : INFO : Machine : Initialise MPF.
2022-10-23 15:26:37,963 : INFO : EventManager : Event: ======'machine_var_credits_string'====== Args={'value': 'FREE PLAY', 'prev_value': None, 'change': True}
2022-10-23 15:26:38,015 : INFO : EventManager : Event: ======'machine_var_master_volume'====== Args={'value': 0.5, 'prev_value': None, 'change': True}
2022-10-23 15:26:38,016 : INFO : EventManager : Event: ======'machine_var_player1_score'====== Args={'value': 3000, 'prev_value': None, 'change': True}
2022-10-23 15:26:38,016 : INFO : EventManager : Event: ======'machine_var_mpf_version'====== Args={'value': 'MPF v0.55.0', 'prev_value': None, 'change': True}
2022-10-23 15:26:38,016 : INFO : EventManager : Event: ======'machine_var_mpf_extended_version'====== Args={'value': 'MPF v0.55.0, Config version:5, Show version: 5, BCP version:1.1', 'prev_value': None, 'change': True}
2022-10-23 15:26:38,016 : INFO : EventManager : Event: ======'machine_var_python_version'====== Args={'value': '3.8.10', 'prev_value': None, 'change': True}
2022-10-23 15:26:38,025 : INFO : EventManager : Event: ======'machine_var_platform'====== Args={'value': 'Windows-10-10.0.19044-SP0', 'prev_value': None, 'change': True}
2022-10-23 15:26:38,026 : INFO : EventManager : Event: ======'machine_var_platform_system'====== Args={'value': 'Windows', 'prev_value': None, 'change': True}
2022-10-23 15:26:38,026 : INFO : EventManager : Event: ======'machine_var_platform_release'====== Args={'value': '10', 'prev_value': None, 'change': True}
2022-10-23 15:26:38,026 : INFO : EventManager : Event: ======'machine_var_platform_version'====== Args={'value': '10.0.19044', 'prev_value': None, 'change': True}
2022-10-23 15:26:38,026 : INFO : EventManager : Event: ======'machine_var_platform_machine'====== Args={'value': 'AMD64', 'prev_value': None, 'change': True}
2022-10-23 15:26:38,026 : INFO : EventManager : Event: ======'init_phase_1'====== Args={}
2022-10-23 15:26:38,042 : INFO : EventManager : Event: ======'drop_target_bank_db_dropbank_up'====== Args={}
2022-10-23 15:26:38,045 : INFO : EventManager : Event: ======'init_phase_2'====== Args={}
2022-10-23 15:26:38,045 : INFO : SwitchController : Found active switch: ('2-0-19', <Platform.SmartVirtual>) <switch.s_trough1>
2022-10-23 15:26:38,045 : INFO : SwitchController : Found active switch: ('2-0-20', <Platform.SmartVirtual>) <switch.s_trough2>
2022-10-23 15:26:38,045 : INFO : SwitchController : Found active switch: ('2-0-21', <Platform.SmartVirtual>) <switch.s_trough3>
2022-10-23 15:26:38,045 : INFO : SwitchController : Found active switch: ('2-0-22', <Platform.SmartVirtual>) <switch.s_trough4>
2022-10-23 15:26:38,048 : INFO : EventManager : Event: ======'bcp_connection_attempt'====== Args={'name': 'local_display', 'host': 'localhost', 'port': 5050}
2022-10-23 15:26:38,050 : INFO : BCPClientSocket : Connecting BCP to 'local_display' at localhost:5050...
2022-10-23 15:26:40,100 : INFO : BCPClientSocket : Connected BCP to 'local_display' localhost:5050
2022-10-23 15:26:40,101 : INFO : EventManager : Event: ======'bcp_clients_connected'====== Args={}
2022-10-23 15:26:40,105 : INFO : ball_device.bd_trough : BCH: Initial count: 4
2022-10-23 15:26:40,106 : INFO : EventManager : Event: ======'machine_var_mc_version'====== Args={'value': 'MPF-MC v0.55.0', 'prev_value': None, 'change': True}
2022-10-23 15:26:40,106 : INFO : EventManager : Event: ======'machine_var_mc_extended_version'====== Args={'value': 'MPF-MC v0.55.0 (config_version=5, BCP v1.1, Requires MPF v0.55.0-dev.49)', 'prev_value': None, 'change': True}
2022-10-23 15:26:40,107 : INFO : ball_device.bd_trough : State: idle
2022-10-23 15:26:40,119 : INFO : ball_device.bd_plunger : BCH: Initial count: 0
2022-10-23 15:26:40,119 : INFO : ball_device.bd_plunger : State: idle
2022-10-23 15:26:40,119 : INFO : ball_device.bd_vukmid : BCH: Initial count: 0
2022-10-23 15:26:40,119 : INFO : ball_device.bd_vukmid : State: idle
2022-10-23 15:26:40,119 : INFO : ball_device.bd_vuktop : BCH: Initial count: 0
2022-10-23 15:26:40,120 : INFO : ball_device.bd_vuktop : State: idle
2022-10-23 15:26:40,186 : INFO : EventManager : Event: ======'init_phase_3'====== Args={}
2022-10-23 15:26:40,188 : INFO : EventManager : Event: ======'init_phase_4'====== Args={}
2022-10-23 15:26:40,189 : INFO : EventManager : Event: ======'playfield_active'====== Args={}
2022-10-23 15:26:40,189 : INFO : EventManager : Event: ======'unexpected_ball_on_playfield'====== Args={}
2022-10-23 15:26:40,189 : INFO : EventManager : Event: ======'playfield_active'====== Args={}
2022-10-23 15:26:40,189 : INFO : EventManager : Event: ======'unexpected_ball_on_playfield'====== Args={}
2022-10-23 15:26:40,189 : INFO : EventManager : Event: ======'playfield_active'====== Args={}
2022-10-23 15:26:40,189 : INFO : EventManager : Event: ======'unexpected_ball_on_playfield'====== Args={}
2022-10-23 15:26:40,189 : INFO : BallController : Initial balls found: 4
2022-10-23 15:26:40,190 : INFO : EventManager : Event: ======'machine_var_audits_events_game_ended'====== Args={'value': 0, 'prev_value': None, 'change': True}
2022-10-23 15:26:40,190 : INFO : EventManager : Event: ======'machine_var_audits_events_game_started'====== Args={'value': 0, 'prev_value': None, 'change': True}
2022-10-23 15:26:40,192 : INFO : EventManager : Event: ======'machine_var_audits_player_score'====== Args={'value': {'average': 29309.090909090908, 'top': [106800, 41000, 33100, 31800, 31200, 27600, 20200, 17500, 10200, 3000], 'total': 11}, 'prev_value': None, 'change': True}
2022-10-23 15:26:40,192 : INFO : EventManager : Event: ======'machine_var_audits_shots_lane_top_1'====== Args={'value': 142, 'prev_value': None, 'change': True}
2022-10-23 15:26:40,193 : INFO : EventManager : Event: ======'machine_var_audits_shots_lane_top_2'====== Args={'value': 129, 'prev_value': None, 'change': True}
2022-10-23 15:26:40,193 : INFO : EventManager : Event: ======'machine_var_audits_shots_lane_top_3'====== Args={'value': 109, 'prev_value': None, 'change': True}
2022-10-23 15:26:40,193 : INFO : EventManager : Event: ======'machine_var_audits_shots_orbit'====== Args={'value': 23, 'prev_value': None, 'change': True}
2022-10-23 15:26:40,193 : INFO : EventManager : Event: ======'machine_var_audits_shots_spinner'====== Args={'value': 178, 'prev_value': None, 'change': True}
2022-10-23 15:26:40,193 : INFO : EventManager : Event: ======'machine_var_audits_switches_s_bottomlane1'====== Args={'value': 15, 'prev_value': None, 'change': True}
2022-10-23 15:26:40,193 : INFO : EventManager : Event: ======'machine_var_audits_switches_s_bottomlane2'====== Args={'value': 28, 'prev_value': None, 'change': True}
2022-10-23 15:26:40,193 : INFO : EventManager : Event: ======'machine_var_audits_switches_s_bottomlane3'====== Args={'value': 149, 'prev_value': None, 'change': True}
2022-10-23 15:26:40,193 : INFO : EventManager : Event: ======'machine_var_audits_switches_s_bottomlane4'====== Args={'value': 33, 'prev_value': None, 'change': True}
2022-10-23 15:26:40,193 : INFO : EventManager : Event: ======'machine_var_audits_switches_s_bottomlane5'====== Args={'value': 13, 'prev_value': None, 'change': True}
2022-10-23 15:26:40,194 : INFO : EventManager : Event: ======'machine_var_audits_switches_s_drop1'====== Args={'value': 35, 'prev_value': None, 'change': True}
2022-10-23 15:26:40,194 : INFO : EventManager : Event: ======'machine_var_audits_switches_s_drop2'====== Args={'value': 17, 'prev_value': None, 'change': True}
2022-10-23 15:26:40,194 : INFO : EventManager : Event: ======'machine_var_audits_switches_s_drop3'====== Args={'value': 15, 'prev_value': None, 'change': True}
2022-10-23 15:26:40,194 : INFO : EventManager : Event: ======'machine_var_audits_switches_s_launch'====== Args={'value': 11, 'prev_value': None, 'change': True}
2022-10-23 15:26:40,195 : INFO : EventManager : Event: ======'machine_var_audits_switches_s_left01'====== Args={'value': 27, 'prev_value': None, 'change': True}
2022-10-23 15:26:40,195 : INFO : EventManager : Event: ======'machine_var_audits_switches_s_left02'====== Args={'value': 28, 'prev_value': None, 'change': True}
2022-10-23 15:26:40,195 : INFO : EventManager : Event: ======'machine_var_audits_switches_s_left03'====== Args={'value': 21, 'prev_value': None, 'change': True}
2022-10-23 15:26:40,195 : INFO : EventManager : Event: ======'machine_var_audits_switches_s_left_sling'====== Args={'value': 62, 'prev_value': None, 'change': True}
2022-10-23 15:26:40,196 : INFO : EventManager : Event: ======'machine_var_audits_switches_s_orbit1'====== Args={'value': 45, 'prev_value': None, 'change': True}
2022-10-23 15:26:40,196 : INFO : EventManager : Event: ======'machine_var_audits_switches_s_orbit2'====== Args={'value': 0, 'prev_value': None, 'change': True}
2022-10-23 15:26:40,196 : INFO : EventManager : Event: ======'machine_var_audits_switches_s_plunger_lane'====== Args={'value': 118, 'prev_value': None, 'change': True}
2022-10-23 15:26:40,196 : INFO : EventManager : Event: ======'machine_var_audits_switches_s_popbumber_1'====== Args={'value': 68, 'prev_value': None, 'change': True}
2022-10-23 15:26:40,197 : INFO : EventManager : Event: ======'machine_var_audits_switches_s_popbumber_2'====== Args={'value': 110, 'prev_value': None, 'change': True}
2022-10-23 15:26:40,197 : INFO : EventManager : Event: ======'machine_var_audits_switches_s_popbumber_3'====== Args={'value': 60, 'prev_value': None, 'change': True}
2022-10-23 15:26:40,197 : INFO : EventManager : Event: ======'machine_var_audits_switches_s_ramp'====== Args={'value': 38, 'prev_value': None, 'change': True}
2022-10-23 15:26:40,197 : INFO : EventManager : Event: ======'machine_var_audits_switches_s_right_sling'====== Args={'value': 120, 'prev_value': None, 'change': True}
2022-10-23 15:26:40,197 : INFO : EventManager : Event: ======'machine_var_audits_switches_s_rigth01'====== Args={'value': 59, 'prev_value': None, 'change': True}
2022-10-23 15:26:40,198 : INFO : EventManager : Event: ======'machine_var_audits_switches_s_rigth02'====== Args={'value': 24, 'prev_value': None, 'change': True}
2022-10-23 15:26:40,198 : INFO : EventManager : Event: ======'machine_var_audits_switches_s_rigth03'====== Args={'value': 15, 'prev_value': None, 'change': True}
2022-10-23 15:26:40,198 : INFO : EventManager : Event: ======'machine_var_audits_switches_s_spinner'====== Args={'value': 271, 'prev_value': None, 'change': True}
2022-10-23 15:26:40,198 : INFO : EventManager : Event: ======'machine_var_audits_switches_s_start'====== Args={'value': 3, 'prev_value': None, 'change': True}
2022-10-23 15:26:40,199 : INFO : EventManager : Event: ======'machine_var_audits_switches_s_top'====== Args={'value': 11, 'prev_value': None, 'change': True}
2022-10-23 15:26:40,199 : INFO : EventManager : Event: ======'machine_var_audits_switches_s_toplane1'====== Args={'value': 229, 'prev_value': None, 'change': True}
2022-10-23 15:26:40,199 : INFO : EventManager : Event: ======'machine_var_audits_switches_s_toplane2'====== Args={'value': 136, 'prev_value': None, 'change': True}
2022-10-23 15:26:40,200 : INFO : EventManager : Event: ======'machine_var_audits_switches_s_toplane3'====== Args={'value': 116, 'prev_value': None, 'change': True}
2022-10-23 15:26:40,200 : INFO : EventManager : Event: ======'machine_var_audits_switches_s_trough1'====== Args={'value': 38, 'prev_value': None, 'change': True}
2022-10-23 15:26:40,200 : INFO : EventManager : Event: ======'machine_var_audits_switches_s_trough2'====== Args={'value': 37, 'prev_value': None, 'change': True}
2022-10-23 15:26:40,201 : INFO : EventManager : Event: ======'machine_var_audits_switches_s_trough3'====== Args={'value': 27, 'prev_value': None, 'change': True}
2022-10-23 15:26:40,201 : INFO : EventManager : Event: ======'machine_var_audits_switches_s_trough4'====== Args={'value': 40, 'prev_value': None, 'change': True}
2022-10-23 15:26:40,201 : INFO : EventManager : Event: ======'machine_var_audits_switches_s_trough5'====== Args={'value': 29, 'prev_value': None, 'change': True}
2022-10-23 15:26:40,201 : INFO : EventManager : Event: ======'machine_var_audits_switches_s_trough6'====== Args={'value': 24, 'prev_value': None, 'change': True}
2022-10-23 15:26:40,202 : INFO : EventManager : Event: ======'machine_var_audits_switches_s_trough_jam'====== Args={'value': 27, 'prev_value': None, 'change': True}
2022-10-23 15:26:40,202 : INFO : EventManager : Event: ======'machine_var_audits_switches_s_vukmid'====== Args={'value': 47, 'prev_value': None, 'change': True}
2022-10-23 15:26:40,202 : INFO : EventManager : Event: ======'machine_var_audits_switches_s_vuktop'====== Args={'value': 15, 'prev_value': None, 'change': True}
2022-10-23 15:26:40,203 : INFO : EventManager : Event: ======'init_phase_5'====== Args={}
2022-10-23 15:26:40,214 : INFO : EventManager : Event: ======'init_done'====== Args={}
2022-10-23 15:26:40,214 : INFO : EventManager : Event: ======'machine_reset_phase_1'====== Args={}
2022-10-23 15:26:40,221 : INFO : EventManager : Event: ======'machine_reset_phase_2'====== Args={}
2022-10-23 15:26:40,221 : INFO : EventManager : Event: ======'machine_reset_phase_3'====== Args={}
2022-10-23 15:26:40,221 : INFO : drop_target_bank.db_dropbank : All targets are already up. Will not reset bank.
2022-10-23 15:26:40,221 : INFO : EventManager : Event: ======'reset_complete'====== Args={}
2022-10-23 15:26:40,221 : INFO : EventManager : Event: ======'mode_attract_will_start'====== Args={}
2022-10-23 15:26:40,221 : INFO : EventManager : Event: ======'mode_attract_starting'====== Args={}
2022-10-23 15:26:40,222 : INFO : Mode.attract : Started. Priority: 10
2022-10-23 15:26:40,222 : INFO : EventManager : Event: ======'modes_active_modes_changed'====== Args={}
2022-10-23 15:26:40,222 : INFO : EventManager : Event: ======'mode_attract_started'====== Args={}
2022-10-23 15:26:40,223 : INFO : EventManager : Event: ======'collecting_balls_complete'====== Args={}
2022-10-23 15:26:40,237 : INFO : EventManager : Event: ======'slide_layout_main_created'====== Args={'_from_bcp': True}
2022-10-23 15:26:40,237 : INFO : Machine : Starting the main run loop.
2022-10-23 15:26:40,242 : INFO : EventManager : Event: ======'slide_empty_slide_created'====== Args={'_from_bcp': True}
2022-10-23 15:26:40,245 : INFO : EventManager : Event: ======'slide_empty_slide_created'====== Args={'_from_bcp': True}
2022-10-23 15:26:40,247 : INFO : EventManager : Event: ======'slide_empty_slide_created'====== Args={'_from_bcp': True}
2022-10-23 15:26:40,251 : INFO : EventManager : Event: ======'slide_press_start_created'====== Args={'_from_bcp': True}
2022-10-23 15:26:40,254 : INFO : EventManager : Event: ======'slide_empty_slide_created'====== Args={'_from_bcp': True}
2022-10-23 15:26:40,258 : INFO : EventManager : Event: ======'slide_Title_slide_created'====== Args={'_from_bcp': True}
2022-10-23 15:26:40,260 : INFO : EventManager : Event: ======'slide_empty_slide_created'====== Args={'_from_bcp': True}
2022-10-23 15:26:40,271 : INFO : EventManager : Event: ======'slide_layout_main_active'====== Args={'_from_bcp': True}
2022-10-23 15:26:40,292 : INFO : EventManager : Event: ======'slide_empty_slide_active'====== Args={'_from_bcp': True}
2022-10-23 15:26:40,293 : INFO : EventManager : Event: ======'slide_empty_slide_active'====== Args={'_from_bcp': True}
2022-10-23 15:26:40,293 : INFO : EventManager : Event: ======'slide_empty_slide_active'====== Args={'_from_bcp': True}
2022-10-23 15:26:40,295 : INFO : EventManager : Event: ======'slide_press_start_active'====== Args={'_from_bcp': True}
2022-10-23 15:26:40,295 : INFO : EventManager : Event: ======'slide_empty_slide_active'====== Args={'_from_bcp': True}
2022-10-23 15:26:40,295 : INFO : EventManager : Event: ======'slide_Title_slide_active'====== Args={'_from_bcp': True}
2022-10-23 15:26:40,296 : INFO : EventManager : Event: ======'slide_empty_slide_active'====== Args={'_from_bcp': True}
2022-10-23 15:26:40,613 : INFO : BcpServer : New client connected.
2022-10-23 15:26:47,877 : INFO : Machine : Shutting down...
2022-10-23 15:26:47,877 : INFO : EventManager : Event: ======'shutdown'====== Args={}
2022-10-23 15:26:47,894 : INFO : root : MPF run loop ended.
