2022-09-24 15:42:37,222 : INFO : root : Loading config.
2022-09-24 15:42:37,225 : INFO : YamlMultifileConfigLoader : Machine config file #1: config.yaml
2022-09-24 15:42:37,226 : INFO : ConfigProcessor : Loading config from cache: C:\Users\dorus\AppData\Local\Temp\e58a4b50dd07e9e66a1a779c252c0c34.mpf_cache
2022-09-24 15:42:37,227 : WARNING : ConfigProcessor : Config file in cache changed: C:\pinball\Pinball-MPF\mpfv1\config\hardware.yaml
2022-09-24 15:42:37,227 : INFO : ConfigProcessor : Loading config from file C:\Users\dorus\AppData\Local\Programs\Python\Python38\lib\site-packages\mpf\mpfconfig.yaml.
2022-09-24 15:42:37,289 : INFO : ConfigProcessor : Loading config: C:\Users\dorus\AppData\Local\Programs\Python\Python38\lib\site-packages\mpf\mpfconfig.yaml
2022-09-24 15:42:37,291 : INFO : ConfigProcessor : Loading config from file C:\pinball\Pinball-MPF\mpfv1\config\config.yaml.
2022-09-24 15:42:37,294 : INFO : ConfigProcessor : Loading config: C:\pinball\Pinball-MPF\mpfv1\config\config.yaml
2022-09-24 15:42:37,321 : INFO : ConfigProcessor : Loading config: C:\pinball\Pinball-MPF\mpfv1\config\hardware.yaml
2022-09-24 15:42:37,329 : INFO : ConfigProcessor : Loading config: C:\pinball\Pinball-MPF\mpfv1\config\sounds.yaml
2022-09-24 15:42:37,332 : INFO : ConfigProcessor : Loading config: C:\pinball\Pinball-MPF\mpfv1\config\display.yaml
2022-09-24 15:42:37,339 : INFO : ConfigProcessor : Loading config: C:\pinball\Pinball-MPF\mpfv1\config\keyboard.yaml
2022-09-24 15:42:37,342 : INFO : ConfigProcessor : Config file cache created: C:\Users\dorus\AppData\Local\Temp\e58a4b50dd07e9e66a1a779c252c0c34.mpf_cache
2022-09-24 15:42:37,423 : INFO : ConfigProcessor : Loading config from cache: C:\Users\dorus\AppData\Local\Temp\444cf03b543d197e203cfa23af3f8fc0.mpf_cache
2022-09-24 15:42:37,424 : INFO : ConfigProcessor : Loading config from cache: C:\Users\dorus\AppData\Local\Temp\336e6d2601ccb63523c70814805acbf1.mpf_cache
2022-09-24 15:42:37,425 : INFO : ConfigProcessor : Loading config from cache: C:\Users\dorus\AppData\Local\Temp\997bf01789d16ed996f231036966dd64.mpf_cache
2022-09-24 15:42:37,425 : INFO : ConfigProcessor : Loading config from cache: C:\Users\dorus\AppData\Local\Temp\99703a5eb7b45595525b767565d37410.mpf_cache
2022-09-24 15:42:37,426 : INFO : ConfigProcessor : Loading config from cache: C:\Users\dorus\AppData\Local\Temp\3bda3283678547d211760e16eb23b4da.mpf_cache
2022-09-24 15:42:37,427 : WARNING : ConfigProcessor : Config file in cache changed: C:\pinball\Pinball-MPF\mpfv1\modes\attract\shows\.\attract_display_loop.yaml
2022-09-24 15:42:37,427 : INFO : ConfigProcessor : Loading config from file C:\pinball\Pinball-MPF\mpfv1\modes\attract\shows\.\attract_display_loop.yaml.
2022-09-24 15:42:37,439 : INFO : ConfigProcessor : Loading config: C:\pinball\Pinball-MPF\mpfv1\modes\attract\shows\.\attract_display_loop.yaml
2022-09-24 15:42:37,440 : INFO : ConfigProcessor : Config file cache created: C:\Users\dorus\AppData\Local\Temp\9bc560b11d83fb4ed736b388b885a5d3.mpf_cache
2022-09-24 15:42:37,441 : INFO : Machine : Mission Pinball Framework Core Engine v0.55.0
2022-09-24 15:42:37,441 : INFO : Machine : Command line arguments: {'no_load_cache': False, 'create_config_cache': True, 'bcp': True, 'configfile': ['config.yaml'], 'force_assets_load': False, 'jsonlogging': False, 'logfile': 'logs\\2022-09-24-15-42-37-mpf-LAPTOP-AS8QDAQG.log', 'pause': False, 'production': False, 'text_ui': True, 'loglevel': 15, 'consoleloglevel': 20, 'force_platform': None, 'syslog_address': None, 'mc_file_name': None, 'no_sound': False}
2022-09-24 15:42:37,441 : INFO : Machine : MPF path: C:\Users\dorus\AppData\Local\Programs\Python\Python38\lib\site-packages\mpf
2022-09-24 15:42:37,441 : INFO : Machine : Machine path: C:\pinball\Pinball-MPF\mpfv1
2022-09-24 15:42:37,441 : INFO : Machine : Platform: win32
2022-09-24 15:42:37,441 : INFO : Machine : Python executable location: C:\Users\dorus\AppData\Local\Programs\Python\Python38\python.exe
2022-09-24 15:42:37,441 : INFO : Machine : Python version: 3.8.10 (64-bit)
2022-09-24 15:42:37,443 : INFO : Machine : Initialise MPF.
2022-09-24 15:42:37,597 : INFO : OPP : Connecting to COM7 at 115200bps
2022-09-24 15:42:37,697 : INFO : OPP : Init of OPP board COM7 done
2022-09-24 15:42:37,697 : INFO : EventManager : Event: ======'machine_var_credits_string'====== Args={'value': 'FREE PLAY', 'prev_value': None, 'change': True}
2022-09-24 15:42:37,751 : INFO : EventManager : Event: ======'machine_var_master_volume'====== Args={'value': 0.5, 'prev_value': None, 'change': True}
2022-09-24 15:42:37,751 : INFO : EventManager : Event: ======'machine_var_player1_score'====== Args={'value': 17500, 'prev_value': None, 'change': True}
2022-09-24 15:42:37,752 : INFO : EventManager : Event: ======'machine_var_mpf_version'====== Args={'value': 'MPF v0.55.0', 'prev_value': None, 'change': True}
2022-09-24 15:42:37,752 : INFO : EventManager : Event: ======'machine_var_mpf_extended_version'====== Args={'value': 'MPF v0.55.0, Config version:5, Show version: 5, BCP version:1.1', 'prev_value': None, 'change': True}
2022-09-24 15:42:37,752 : INFO : EventManager : Event: ======'machine_var_python_version'====== Args={'value': '3.8.10', 'prev_value': None, 'change': True}
2022-09-24 15:42:37,762 : INFO : EventManager : Event: ======'machine_var_platform'====== Args={'value': 'Windows-10-10.0.19044-SP0', 'prev_value': None, 'change': True}
2022-09-24 15:42:37,762 : INFO : EventManager : Event: ======'machine_var_platform_system'====== Args={'value': 'Windows', 'prev_value': None, 'change': True}
2022-09-24 15:42:37,762 : INFO : EventManager : Event: ======'machine_var_platform_release'====== Args={'value': '10', 'prev_value': None, 'change': True}
2022-09-24 15:42:37,762 : INFO : EventManager : Event: ======'machine_var_platform_version'====== Args={'value': '10.0.19044', 'prev_value': None, 'change': True}
2022-09-24 15:42:37,763 : INFO : EventManager : Event: ======'machine_var_platform_machine'====== Args={'value': 'AMD64', 'prev_value': None, 'change': True}
2022-09-24 15:42:37,763 : INFO : EventManager : Event: ======'init_phase_1'====== Args={}
2022-09-24 15:42:37,784 : INFO : EventManager : Event: ======'drop_target_bank_db_dropbank_up'====== Args={}
2022-09-24 15:42:37,792 : INFO : EventManager : Event: ======'init_phase_2'====== Args={}
2022-09-24 15:42:37,793 : INFO : SwitchController : Found active switch: ('COM7-0-25', <Platform.OPP>) <switch.s_trough_jam>
2022-09-24 15:42:37,793 : INFO : SwitchController : Found active switch: ('COM7-1-25', <Platform.OPP>) <switch.s_drop1>
2022-09-24 15:42:37,793 : INFO : SwitchController : Found active switch: ('COM7-1-26', <Platform.OPP>) <switch.s_drop2>
2022-09-24 15:42:37,793 : INFO : SwitchController : Found active switch: ('COM7-1-27', <Platform.OPP>) <switch.s_drop3>
2022-09-24 15:42:37,798 : INFO : EventManager : Event: ======'bcp_connection_attempt'====== Args={'name': 'local_display', 'host': 'localhost', 'port': 5050}
2022-09-24 15:42:37,801 : INFO : BCPClientSocket : Connecting BCP to 'local_display' at localhost:5050...
2022-09-24 15:42:39,842 : INFO : BCPClientSocket : Connected BCP to 'local_display' localhost:5050
2022-09-24 15:42:39,843 : INFO : EventManager : Event: ======'bcp_clients_connected'====== Args={}
2022-09-24 15:42:39,855 : INFO : ball_device.bd_trough : BCH: Count is unstable. Trying to reorder balls.
2022-09-24 15:42:39,855 : WARNING : ball_device.bd_trough : Cannot reorder device because eject_coil_reorder_pulse is not configured
2022-09-24 15:42:39,855 : INFO : ball_device.bd_trough : BCH: Repulse done. Waiting for balls to settle.
2022-09-24 15:42:39,855 : INFO : ball_device.bd_trough : BCH: Initial count: 1
2022-09-24 15:42:39,856 : INFO : EventManager : Event: ======'machine_var_mc_version'====== Args={'value': 'MPF-MC v0.55.0', 'prev_value': None, 'change': True}
2022-09-24 15:42:39,856 : INFO : EventManager : Event: ======'machine_var_mc_extended_version'====== Args={'value': 'MPF-MC v0.55.0 (config_version=5, BCP v1.1, Requires MPF v0.55.0-dev.49)', 'prev_value': None, 'change': True}
2022-09-24 15:42:39,859 : INFO : ball_device.bd_trough : State: idle
2022-09-24 15:42:39,869 : INFO : ball_device.bd_plunger : BCH: Initial count: 0
2022-09-24 15:42:39,870 : INFO : ball_device.bd_plunger : State: idle
2022-09-24 15:42:39,870 : INFO : ball_device.bd_vukmid : BCH: Initial count: 0
2022-09-24 15:42:39,871 : INFO : ball_device.bd_vukmid : State: idle
2022-09-24 15:42:39,872 : INFO : ball_device.bd_vuktop : BCH: Initial count: 0
2022-09-24 15:42:39,872 : INFO : ball_device.bd_vuktop : State: idle
2022-09-24 15:42:39,962 : INFO : EventManager : Event: ======'init_phase_3'====== Args={}
2022-09-24 15:42:39,969 : INFO : EventManager : Event: ======'init_phase_4'====== Args={}
2022-09-24 15:42:39,970 : INFO : EventManager : Event: ======'playfield_active'====== Args={}
2022-09-24 15:42:39,970 : INFO : EventManager : Event: ======'unexpected_ball_on_playfield'====== Args={}
2022-09-24 15:42:39,970 : INFO : EventManager : Event: ======'drop_target_d_drop_target1_down'====== Args={'device': <drop_target.d_drop_target1>}
2022-09-24 15:42:39,970 : INFO : EventManager : Event: ======'drop_target_bank_db_dropbank_mixed'====== Args={'prev_value': <DropTargetBankState.UP: 'up'>, 'down': 1}
2022-09-24 15:42:39,970 : INFO : EventManager : Event: ======'playfield_active'====== Args={}
2022-09-24 15:42:39,970 : INFO : EventManager : Event: ======'unexpected_ball_on_playfield'====== Args={}
2022-09-24 15:42:39,971 : INFO : EventManager : Event: ======'drop_target_d_drop_target2_down'====== Args={'device': <drop_target.d_drop_target2>}
2022-09-24 15:42:39,971 : INFO : EventManager : Event: ======'drop_target_bank_db_dropbank_mixed'====== Args={'prev_value': <DropTargetBankState.MIXED: 'mixed'>, 'down': 2}
2022-09-24 15:42:39,971 : INFO : EventManager : Event: ======'playfield_active'====== Args={}
2022-09-24 15:42:39,971 : INFO : EventManager : Event: ======'unexpected_ball_on_playfield'====== Args={}
2022-09-24 15:42:39,971 : INFO : EventManager : Event: ======'drop_target_d_drop_target3_down'====== Args={'device': <drop_target.d_drop_target3>}
2022-09-24 15:42:39,971 : INFO : EventManager : Event: ======'drop_target_bank_db_dropbank_down'====== Args={}
2022-09-24 15:42:39,972 : INFO : BallController : Initial balls found: 1
2022-09-24 15:42:39,974 : INFO : EventManager : Event: ======'machine_var_audits_events_game_ended'====== Args={'value': 0, 'prev_value': None, 'change': True}
2022-09-24 15:42:39,975 : INFO : EventManager : Event: ======'machine_var_audits_events_game_started'====== Args={'value': 0, 'prev_value': None, 'change': True}
2022-09-24 15:42:39,976 : INFO : EventManager : Event: ======'machine_var_audits_player_score'====== Args={'value': {'average': 27625.0, 'top': [41000, 31800, 20200, 17500], 'total': 4}, 'prev_value': None, 'change': True}
2022-09-24 15:42:39,976 : INFO : EventManager : Event: ======'machine_var_audits_shots_lane_top_1'====== Args={'value': 76, 'prev_value': None, 'change': True}
2022-09-24 15:42:39,977 : INFO : EventManager : Event: ======'machine_var_audits_shots_lane_top_2'====== Args={'value': 71, 'prev_value': None, 'change': True}
2022-09-24 15:42:39,977 : INFO : EventManager : Event: ======'machine_var_audits_shots_lane_top_3'====== Args={'value': 64, 'prev_value': None, 'change': True}
2022-09-24 15:42:39,978 : INFO : EventManager : Event: ======'machine_var_audits_shots_orbit'====== Args={'value': 14, 'prev_value': None, 'change': True}
2022-09-24 15:42:39,978 : INFO : EventManager : Event: ======'machine_var_audits_shots_spinner'====== Args={'value': 144, 'prev_value': None, 'change': True}
2022-09-24 15:42:39,979 : INFO : EventManager : Event: ======'machine_var_audits_switches_s_bottomlane1'====== Args={'value': 6, 'prev_value': None, 'change': True}
2022-09-24 15:42:39,979 : INFO : EventManager : Event: ======'machine_var_audits_switches_s_bottomlane2'====== Args={'value': 8, 'prev_value': None, 'change': True}
2022-09-24 15:42:39,980 : INFO : EventManager : Event: ======'machine_var_audits_switches_s_bottomlane3'====== Args={'value': 5, 'prev_value': None, 'change': True}
2022-09-24 15:42:39,980 : INFO : EventManager : Event: ======'machine_var_audits_switches_s_bottomlane4'====== Args={'value': 16, 'prev_value': None, 'change': True}
2022-09-24 15:42:39,980 : INFO : EventManager : Event: ======'machine_var_audits_switches_s_bottomlane5'====== Args={'value': 2, 'prev_value': None, 'change': True}
2022-09-24 15:42:39,981 : INFO : EventManager : Event: ======'machine_var_audits_switches_s_drop1'====== Args={'value': 26, 'prev_value': None, 'change': True}
2022-09-24 15:42:39,981 : INFO : EventManager : Event: ======'machine_var_audits_switches_s_drop2'====== Args={'value': 10, 'prev_value': None, 'change': True}
2022-09-24 15:42:39,982 : INFO : EventManager : Event: ======'machine_var_audits_switches_s_drop3'====== Args={'value': 6, 'prev_value': None, 'change': True}
2022-09-24 15:42:39,982 : INFO : EventManager : Event: ======'machine_var_audits_switches_s_launch'====== Args={'value': 6, 'prev_value': None, 'change': True}
2022-09-24 15:42:39,982 : INFO : EventManager : Event: ======'machine_var_audits_switches_s_left01'====== Args={'value': 26, 'prev_value': None, 'change': True}
2022-09-24 15:42:39,982 : INFO : EventManager : Event: ======'machine_var_audits_switches_s_left02'====== Args={'value': 26, 'prev_value': None, 'change': True}
2022-09-24 15:42:39,982 : INFO : EventManager : Event: ======'machine_var_audits_switches_s_left03'====== Args={'value': 19, 'prev_value': None, 'change': True}
2022-09-24 15:42:39,982 : INFO : EventManager : Event: ======'machine_var_audits_switches_s_left_sling'====== Args={'value': 24, 'prev_value': None, 'change': True}
2022-09-24 15:42:39,983 : INFO : EventManager : Event: ======'machine_var_audits_switches_s_orbit1'====== Args={'value': 36, 'prev_value': None, 'change': True}
2022-09-24 15:42:39,983 : INFO : EventManager : Event: ======'machine_var_audits_switches_s_orbit2'====== Args={'value': 0, 'prev_value': None, 'change': True}
2022-09-24 15:42:39,983 : INFO : EventManager : Event: ======'machine_var_audits_switches_s_plunger_lane'====== Args={'value': 56, 'prev_value': None, 'change': True}
2022-09-24 15:42:39,983 : INFO : EventManager : Event: ======'machine_var_audits_switches_s_popbumber_1'====== Args={'value': 37, 'prev_value': None, 'change': True}
2022-09-24 15:42:39,984 : INFO : EventManager : Event: ======'machine_var_audits_switches_s_popbumber_2'====== Args={'value': 73, 'prev_value': None, 'change': True}
2022-09-24 15:42:39,984 : INFO : EventManager : Event: ======'machine_var_audits_switches_s_popbumber_3'====== Args={'value': 23, 'prev_value': None, 'change': True}
2022-09-24 15:42:39,984 : INFO : EventManager : Event: ======'machine_var_audits_switches_s_ramp'====== Args={'value': 31, 'prev_value': None, 'change': True}
2022-09-24 15:42:39,985 : INFO : EventManager : Event: ======'machine_var_audits_switches_s_right_sling'====== Args={'value': 58, 'prev_value': None, 'change': True}
2022-09-24 15:42:39,985 : INFO : EventManager : Event: ======'machine_var_audits_switches_s_rigth01'====== Args={'value': 53, 'prev_value': None, 'change': True}
2022-09-24 15:42:39,986 : INFO : EventManager : Event: ======'machine_var_audits_switches_s_rigth02'====== Args={'value': 23, 'prev_value': None, 'change': True}
2022-09-24 15:42:39,986 : INFO : EventManager : Event: ======'machine_var_audits_switches_s_rigth03'====== Args={'value': 12, 'prev_value': None, 'change': True}
2022-09-24 15:42:39,986 : INFO : EventManager : Event: ======'machine_var_audits_switches_s_spinner'====== Args={'value': 237, 'prev_value': None, 'change': True}
2022-09-24 15:42:39,986 : INFO : EventManager : Event: ======'machine_var_audits_switches_s_start'====== Args={'value': 0, 'prev_value': None, 'change': True}
2022-09-24 15:42:39,987 : INFO : EventManager : Event: ======'machine_var_audits_switches_s_top'====== Args={'value': 9, 'prev_value': None, 'change': True}
2022-09-24 15:42:39,987 : INFO : EventManager : Event: ======'machine_var_audits_switches_s_toplane1'====== Args={'value': 163, 'prev_value': None, 'change': True}
2022-09-24 15:42:39,987 : INFO : EventManager : Event: ======'machine_var_audits_switches_s_toplane2'====== Args={'value': 78, 'prev_value': None, 'change': True}
2022-09-24 15:42:39,987 : INFO : EventManager : Event: ======'machine_var_audits_switches_s_toplane3'====== Args={'value': 71, 'prev_value': None, 'change': True}
2022-09-24 15:42:39,988 : INFO : EventManager : Event: ======'machine_var_audits_switches_s_trough1'====== Args={'value': 15, 'prev_value': None, 'change': True}
2022-09-24 15:42:39,988 : INFO : EventManager : Event: ======'machine_var_audits_switches_s_trough2'====== Args={'value': 21, 'prev_value': None, 'change': True}
2022-09-24 15:42:39,988 : INFO : EventManager : Event: ======'machine_var_audits_switches_s_trough3'====== Args={'value': 13, 'prev_value': None, 'change': True}
2022-09-24 15:42:39,988 : INFO : EventManager : Event: ======'machine_var_audits_switches_s_trough4'====== Args={'value': 19, 'prev_value': None, 'change': True}
2022-09-24 15:42:39,989 : INFO : EventManager : Event: ======'machine_var_audits_switches_s_trough5'====== Args={'value': 13, 'prev_value': None, 'change': True}
2022-09-24 15:42:39,989 : INFO : EventManager : Event: ======'machine_var_audits_switches_s_trough6'====== Args={'value': 12, 'prev_value': None, 'change': True}
2022-09-24 15:42:39,989 : INFO : EventManager : Event: ======'machine_var_audits_switches_s_trough_jam'====== Args={'value': 14, 'prev_value': None, 'change': True}
2022-09-24 15:42:39,990 : INFO : EventManager : Event: ======'machine_var_audits_switches_s_vukmid'====== Args={'value': 23, 'prev_value': None, 'change': True}
2022-09-24 15:42:39,990 : INFO : EventManager : Event: ======'machine_var_audits_switches_s_vuktop'====== Args={'value': 9, 'prev_value': None, 'change': True}
2022-09-24 15:42:39,992 : INFO : EventManager : Event: ======'init_phase_5'====== Args={}
2022-09-24 15:42:40,010 : INFO : EventManager : Event: ======'init_done'====== Args={}
2022-09-24 15:42:40,011 : INFO : EventManager : Event: ======'machine_reset_phase_1'====== Args={}
2022-09-24 15:42:40,017 : INFO : EventManager : Event: ======'slide_welcome_slide_removed'====== Args={'_from_bcp': True}
2022-09-24 15:42:40,019 : INFO : EventManager : Event: ======'slide_welcome_slide_created'====== Args={'_from_bcp': True}
2022-09-24 15:42:40,020 : INFO : EventManager : Event: ======'machine_reset_phase_2'====== Args={}
2022-09-24 15:42:40,021 : INFO : EventManager : Event: ======'machine_reset_phase_3'====== Args={}
2022-09-24 15:42:40,021 : INFO : drop_target_bank.db_dropbank : 3 targets are down. Will reset those.
2022-09-24 15:42:40,022 : INFO : coil.c_drop : Pulsing Driver for 16ms (1.0 pulse_power)
2022-09-24 15:42:40,022 : INFO : EventManager : Event: ======'reset_complete'====== Args={}
2022-09-24 15:42:40,023 : INFO : EventManager : Event: ======'slide_welcome_slide_active'====== Args={'_from_bcp': True}
2022-09-24 15:42:40,024 : INFO : EventManager : Event: ======'mode_attract_will_start'====== Args={}
2022-09-24 15:42:40,026 : INFO : EventManager : Event: ======'mode_attract_starting'====== Args={}
2022-09-24 15:42:40,026 : INFO : Mode.attract : Started. Priority: 10
2022-09-24 15:42:40,026 : INFO : EventManager : Event: ======'modes_active_modes_changed'====== Args={}
2022-09-24 15:42:40,026 : INFO : EventManager : Event: ======'mode_attract_started'====== Args={}
2022-09-24 15:42:40,027 : INFO : EventManager : Event: ======'collecting_balls_complete'====== Args={}
2022-09-24 15:42:40,042 : INFO : EventManager : Event: ======'slide_awesome_slide_created'====== Args={'_from_bcp': True}
2022-09-24 15:42:40,042 : INFO : EventManager : Event: ======'slide_awesome_slide_active'====== Args={'_from_bcp': True}
2022-09-24 15:42:40,043 : INFO : Machine : Starting the main run loop.
2022-09-24 15:42:40,969 : INFO : drop_target_bank.db_dropbank : 3 targets are down. Will reset those.
2022-09-24 15:42:40,969 : INFO : coil.c_drop : Pulsing Driver for 16ms (1.0 pulse_power)
2022-09-24 15:42:43,034 : INFO : EventManager : Event: ======'slide_press_start_created'====== Args={'_from_bcp': True}
2022-09-24 15:42:43,034 : INFO : EventManager : Event: ======'slide_press_start_active'====== Args={'_from_bcp': True}
2022-09-24 15:42:45,093 : INFO : SwitchController : <<<<<<< 's_start' active >>>>>>>
2022-09-24 15:42:45,281 : INFO : SwitchController : <<<<<<< 's_start' inactive >>>>>>>
2022-09-24 15:42:45,281 : INFO : EventManager : Event: ======'request_to_start_game'====== Args={}
2022-09-24 15:42:45,282 : INFO : EventManager : Event: ======'game_start'====== Args={'buttons': [], 'hold_time': 0.18700000003445894}
2022-09-24 15:42:45,282 : INFO : EventManager : Event: ======'mode_game_will_start'====== Args={'buttons': [], 'hold_time': 0.18700000003445894}
2022-09-24 15:42:45,283 : INFO : EventManager : Event: ======'mode_game_starting'====== Args={'buttons': [], 'hold_time': 0.18700000003445894}
2022-09-24 15:42:45,283 : INFO : EventManager : Event: ======'mode_attract_will_stop'====== Args={}
2022-09-24 15:42:45,283 : INFO : EventManager : Event: ======'mode_attract_stopping'====== Args={}
2022-09-24 15:42:45,283 : INFO : Mode.attract : Stopped.
2022-09-24 15:42:45,283 : INFO : EventManager : Event: ======'modes_active_modes_changed'====== Args={}
2022-09-24 15:42:45,283 : INFO : EventManager : Event: ======'mode_attract_stopped'====== Args={}
2022-09-24 15:42:45,283 : INFO : EventManager : Event: ======'clear'====== Args={'key': 'attract'}
2022-09-24 15:42:45,284 : INFO : Mode.game : Started. Priority: 20
2022-09-24 15:42:45,284 : INFO : EventManager : Event: ======'modes_active_modes_changed'====== Args={}
2022-09-24 15:42:45,284 : INFO : EventManager : Event: ======'mode_game_started'====== Args={'buttons': [], 'hold_time': 0.18700000003445894}
2022-09-24 15:42:45,292 : INFO : EventManager : Event: ======'game_will_start'====== Args={}
2022-09-24 15:42:45,292 : INFO : EventManager : Event: ======'game_starting'====== Args={'game': <Mode.game>}
2022-09-24 15:42:45,294 : INFO : EventManager : Event: ======'player_add_request'====== Args={}
2022-09-24 15:42:45,294 : INFO : EventManager : Event: ======'player_will_add'====== Args={'number': 1}
2022-09-24 15:42:45,294 : INFO : EventManager : Event: ======'player_adding'====== Args={'player': <Player 1>, 'number': 1}
2022-09-24 15:42:45,294 : INFO : EventManager : Event: ======'player_added'====== Args={'player': <Player 1>, 'num': 1}
2022-09-24 15:42:45,294 : INFO : Mode.game : Player added successfully. Total players: 1
2022-09-24 15:42:45,294 : INFO : EventManager : Event: ======'player_index'====== Args={'value': 0, 'prev_value': 0, 'change': 0, 'player_num': 1}
2022-09-24 15:42:45,295 : INFO : EventManager : Event: ======'player_number'====== Args={'value': 1, 'prev_value': 1, 'change': 0, 'player_num': 1}
2022-09-24 15:42:45,295 : INFO : EventManager : Event: ======'player_score'====== Args={'value': 0, 'prev_value': 0, 'change': 0, 'player_num': 1}
2022-09-24 15:42:45,295 : INFO : EventManager : Event: ======'game_started'====== Args={}
2022-09-24 15:42:45,304 : INFO : EventManager : Event: ======'player_turn_will_start'====== Args={'player': <Player 1>, 'number': 1}
2022-09-24 15:42:45,307 : INFO : EventManager : Event: ======'slide_awesome_slide_removed'====== Args={'_from_bcp': True}
2022-09-24 15:42:45,307 : INFO : EventManager : Event: ======'slide_press_start_removed'====== Args={'_from_bcp': True}
2022-09-24 15:42:45,308 : INFO : EventManager : Event: ======'slide_welcome_slide_active'====== Args={'_from_bcp': True}
2022-09-24 15:42:45,308 : INFO : EventManager : Event: ======'player_turn_starting'====== Args={'player': <Player 1>, 'number': 1}
2022-09-24 15:42:45,309 : INFO : EventManager : Event: ======'player_ball'====== Args={'value': 1, 'prev_value': 0, 'change': 1, 'player_num': 1}
2022-09-24 15:42:45,309 : INFO : EventManager : Event: ======'player_turn_started'====== Args={'player': <Player 1>, 'number': 1}
2022-09-24 15:42:45,310 : INFO : EventManager : Event: ======'ball_will_start'====== Args={'player': 1, 'ball': 1, 'balls_remaining': 2, 'is_extra_ball': False}
2022-09-24 15:42:45,313 : INFO : EventManager : Event: ======'ball_starting'====== Args={'player': 1, 'ball': 1, 'balls_remaining': 2, 'is_extra_ball': False}
2022-09-24 15:42:45,313 : INFO : EventManager : Event: ======'mode_orbit_will_start'====== Args={'queue': <QueuedEvent>, 'player': 1, 'ball': 1, 'balls_remaining': 2, 'is_extra_ball': False}
2022-09-24 15:42:45,313 : INFO : EventManager : Event: ======'player_shot_spinner_enabled'====== Args={'value': True, 'prev_value': 0, 'change': 1, 'player_num': 1}
2022-09-24 15:42:45,314 : INFO : EventManager : Event: ======'player_shot_orbit_enabled'====== Args={'value': True, 'prev_value': 0, 'change': 1, 'player_num': 1}
2022-09-24 15:42:45,314 : INFO : EventManager : Event: ======'mode_orbit_starting'====== Args={'queue': <QueuedEvent>, 'player': 1, 'ball': 1, 'balls_remaining': 2, 'is_extra_ball': False}
2022-09-24 15:42:45,314 : INFO : EventManager : Event: ======'mode_base_will_start'====== Args={'queue': <QueuedEvent>, 'player': 1, 'ball': 1, 'balls_remaining': 2, 'is_extra_ball': False}
2022-09-24 15:42:45,315 : INFO : EventManager : Event: ======'mode_base_starting'====== Args={'queue': <QueuedEvent>, 'player': 1, 'ball': 1, 'balls_remaining': 2, 'is_extra_ball': False}
2022-09-24 15:42:45,315 : INFO : drop_target_bank.db_dropbank : 3 targets are down. Will reset those.
2022-09-24 15:42:45,315 : INFO : coil.c_drop : Pulsing Driver for 16ms (1.0 pulse_power)
2022-09-24 15:42:45,316 : INFO : Mode.base : Started. Priority: 100
2022-09-24 15:42:45,317 : INFO : EventManager : Event: ======'modes_active_modes_changed'====== Args={}
2022-09-24 15:42:45,317 : INFO : EventManager : Event: ======'mode_base_started'====== Args={'queue': <QueuedEvent>, 'player': 1, 'ball': 1, 'balls_remaining': 2, 'is_extra_ball': False}
2022-09-24 15:42:45,318 : INFO : Mode.orbit : Started. Priority: 101
2022-09-24 15:42:45,318 : INFO : EventManager : Event: ======'modes_active_modes_changed'====== Args={}
2022-09-24 15:42:45,318 : INFO : EventManager : Event: ======'mode_orbit_started'====== Args={'queue': <QueuedEvent>, 'player': 1, 'ball': 1, 'balls_remaining': 2, 'is_extra_ball': False}
2022-09-24 15:42:45,318 : INFO : EventManager : Event: ======'balls_in_play'====== Args={'balls': 1}
2022-09-24 15:42:45,318 : INFO : EventManager : Event: ======'ball_started'====== Args={'player': 1, 'ball': 1, 'balls_remaining': 2, 'is_extra_ball': False}
2022-09-24 15:42:45,319 : INFO : EventManager : Event: ======'mode_lanes_will_start'====== Args={'player': 1, 'ball': 1, 'balls_remaining': 2, 'is_extra_ball': False}
2022-09-24 15:42:45,319 : INFO : EventManager : Event: ======'player_shot_lane_top_1_enabled'====== Args={'value': True, 'prev_value': 0, 'change': 1, 'player_num': 1}
2022-09-24 15:42:45,319 : INFO : EventManager : Event: ======'player_shot_lane_top_2_enabled'====== Args={'value': True, 'prev_value': 0, 'change': 1, 'player_num': 1}
2022-09-24 15:42:45,319 : INFO : EventManager : Event: ======'player_shot_lane_top_3_enabled'====== Args={'value': True, 'prev_value': 0, 'change': 1, 'player_num': 1}
2022-09-24 15:42:45,320 : INFO : EventManager : Event: ======'lanes_top_complete'====== Args={'state': 'unlit'}
2022-09-24 15:42:45,320 : INFO : EventManager : Event: ======'lanes_top_unlit_complete'====== Args={}
2022-09-24 15:42:45,320 : INFO : EventManager : Event: ======'mode_lanes_starting'====== Args={'player': 1, 'ball': 1, 'balls_remaining': 2, 'is_extra_ball': False}
2022-09-24 15:42:45,337 : INFO : EventManager : Event: ======'logicblock_lane_top_count_updated'====== Args={'value': 1, 'enabled': True}
2022-09-24 15:42:45,337 : INFO : EventManager : Event: ======'logicblock_lane_top_count_updated'====== Args={'value': 1, 'enabled': True}
2022-09-24 15:42:45,337 : INFO : Mode.lanes : Started. Priority: 110
2022-09-24 15:42:45,337 : INFO : EventManager : Event: ======'modes_active_modes_changed'====== Args={}
2022-09-24 15:42:45,338 : INFO : EventManager : Event: ======'mode_lanes_started'====== Args={'player': 1, 'ball': 1, 'balls_remaining': 2, 'is_extra_ball': False}
2022-09-24 15:42:45,338 : INFO : EventManager : Event: ======'single_player_ball_started'====== Args={}
2022-09-24 15:42:45,339 : INFO : EventManager : Event: ======'player_pf_multiplier'====== Args={'value': 1, 'prev_value': 0, 'change': 1, 'player_num': 1}
2022-09-24 15:42:45,340 : INFO : EventManager : Event: ======'slide_base.slide_player-mode_base_started_created'====== Args={'_from_bcp': True}
2022-09-24 15:42:45,340 : INFO : EventManager : Event: ======'slide_base.slide_player-mode_base_started_active'====== Args={'_from_bcp': True}
2022-09-24 15:42:45,341 : INFO : EventManager : Event: ======'ball_start_target'====== Args={'target': 'playfield'}
2022-09-24 15:42:45,352 : INFO : ball_device.bd_plunger : Setting up player-controlled eject. Balls: 1, Target: <playfield.playfield>, player_controlled_eject_event: s_launch_active
2022-09-24 15:42:45,353 : INFO : EventManager : Event: ======'balldevice_balls_available'====== Args={}
2022-09-24 15:42:45,354 : INFO : ball_device.bd_trough : BCH: Count is unstable. Trying to reorder balls.
2022-09-24 15:42:45,354 : WARNING : ball_device.bd_trough : Cannot reorder device because eject_coil_reorder_pulse is not configured
2022-09-24 15:42:45,355 : INFO : ball_device.bd_trough : BCH: Repulse done. Waiting for balls to settle.
2022-09-24 15:42:45,356 : INFO : ball_device.bd_trough : State: waiting_for_target_ready
2022-09-24 15:42:45,356 : INFO : EventManager : Event: ======'balldevice_bd_trough_ball_eject_attempt'====== Args={'balls': 1, 'target': <ball_device.bd_plunger>, 'source': <ball_device.bd_trough>, 'mechanical_eject': True, 'num_attempts': 0}
2022-09-24 15:42:45,356 : INFO : ball_device.bd_plunger : State: waiting_for_ball
2022-09-24 15:42:45,358 : INFO : ball_device.bd_trough : State: ejecting
2022-09-24 15:42:45,358 : INFO : ball_device.bd_trough : Ejecting ball to <ball_device.bd_plunger>
2022-09-24 15:42:45,358 : INFO : EventManager : Event: ======'balldevice_bd_trough_ejecting_ball'====== Args={'balls': 1, 'target': <ball_device.bd_plunger>, 'source': <ball_device.bd_trough>, 'mechanical_eject': True, 'num_attempts': 0}
2022-09-24 15:42:45,359 : INFO : ball_device.bd_trough : Wait for ball to leave device
2022-09-24 15:42:45,360 : INFO : coil.c_trough_eject : Pulsing Driver for 25ms (1.0 pulse_power)
2022-09-24 15:42:55,343 : INFO : EventManager : Event: ======'balldevice_bd_trough_ball_eject_failed'====== Args={'target': <ball_device.bd_plunger>, 'balls': 1, 'retry': True, 'num_attempts': 1}
2022-09-24 15:42:55,344 : INFO : ball_device.bd_trough : BCH: Count is unstable. Trying to reorder balls.
2022-09-24 15:42:55,344 : WARNING : ball_device.bd_trough : Cannot reorder device because eject_coil_reorder_pulse is not configured
2022-09-24 15:42:55,345 : INFO : ball_device.bd_trough : BCH: Repulse done. Waiting for balls to settle.
2022-09-24 15:42:55,346 : INFO : ball_device.bd_trough : BCH: Count is unstable. Trying to reorder balls.
2022-09-24 15:42:55,347 : WARNING : ball_device.bd_trough : Cannot reorder device because eject_coil_reorder_pulse is not configured
2022-09-24 15:42:55,347 : INFO : ball_device.bd_trough : BCH: Repulse done. Waiting for balls to settle.
2022-09-24 15:42:55,348 : INFO : ball_device.bd_trough : State: waiting_for_target_ready
2022-09-24 15:42:55,348 : INFO : EventManager : Event: ======'balldevice_bd_trough_ball_eject_attempt'====== Args={'balls': 1, 'target': <ball_device.bd_plunger>, 'source': <ball_device.bd_trough>, 'mechanical_eject': True, 'num_attempts': 1}
2022-09-24 15:42:55,349 : INFO : ball_device.bd_trough : State: ejecting
2022-09-24 15:42:55,349 : INFO : ball_device.bd_trough : Ejecting ball to <ball_device.bd_plunger>
2022-09-24 15:42:55,349 : INFO : EventManager : Event: ======'balldevice_bd_trough_ejecting_ball'====== Args={'balls': 1, 'target': <ball_device.bd_plunger>, 'source': <ball_device.bd_trough>, 'mechanical_eject': True, 'num_attempts': 1}
2022-09-24 15:42:55,351 : INFO : ball_device.bd_trough : Wait for ball to leave device
2022-09-24 15:42:55,352 : INFO : coil.c_trough_eject : Pulsing Driver for 25ms (1.0 pulse_power)
2022-09-24 15:42:58,944 : INFO : SwitchController : <<<<<<< 's_trough1' active >>>>>>>
2022-09-24 15:42:58,944 : INFO : EventManager : Event: ======'machine_var_audits_switches_s_trough1'====== Args={'value': 16, 'prev_value': 15, 'change': 1}
2022-09-24 15:42:58,945 : INFO : SwitchController : <<<<<<< 's_trough2' active >>>>>>>
2022-09-24 15:42:58,946 : INFO : EventManager : Event: ======'machine_var_audits_switches_s_trough2'====== Args={'value': 22, 'prev_value': 21, 'change': 1}
2022-09-24 15:42:58,946 : INFO : SwitchController : <<<<<<< 's_trough3' active >>>>>>>
2022-09-24 15:42:58,947 : INFO : EventManager : Event: ======'machine_var_audits_switches_s_trough3'====== Args={'value': 14, 'prev_value': 13, 'change': 1}
2022-09-24 15:42:58,947 : INFO : SwitchController : <<<<<<< 's_trough4' active >>>>>>>
2022-09-24 15:42:58,947 : INFO : EventManager : Event: ======'machine_var_audits_switches_s_trough4'====== Args={'value': 20, 'prev_value': 19, 'change': 1}
2022-09-24 15:42:58,948 : INFO : SwitchController : <<<<<<< 's_trough_jam' inactive >>>>>>>
2022-09-24 15:42:58,974 : INFO : ball_device.bd_trough : State: ball_left
2022-09-24 15:42:58,974 : INFO : ball_device.bd_trough : Ball left
2022-09-24 15:42:58,974 : INFO : ball_device.bd_trough : Wait for confirm with timeout 10.0
2022-09-24 15:43:03,548 : INFO : Machine : Shutting down...
2022-09-24 15:43:03,548 : INFO : EventManager : Event: ======'shutdown'====== Args={}
2022-09-24 15:43:03,615 : ERROR : OPP : Stop called on serial connection COM7
2022-09-24 15:43:03,714 : INFO : root : MPF run loop ended.
