2022-09-16 19:33:56,662 : kivy : Factory: 186 symbols loaded
2022-09-16 19:33:56,856 : kivy : ImageLoaderFFPy: Using ffpyplayer 4.3.2
2022-09-16 19:33:56,857 : kivy : Image: Providers: img_tex, img_dds, img_sdl2, img_pil, img_ffpyplayer 
2022-09-16 19:33:56,942 : kivy : VideoGstplayer: Using Gstreamer 1.18.0.0
2022-09-16 19:33:56,942 : kivy : Video: Provider: gstplayer
2022-09-16 19:33:57,391 : kivy : Loading MPF-MC controller
2022-09-16 19:33:57,396 : YamlMultifileConfigLoader : Machine config file #1: config
2022-09-16 19:33:57,396 : ConfigProcessor : Config file in cache changed: C:\pinball\mpfv1\config\config
2022-09-16 19:33:57,408 : ConfigProcessor : Loading config from file C:\Users\dorus\AppData\Local\Programs\Python\Python38\lib\site-packages\mpfmc\mcconfig.yaml.
2022-09-16 19:33:57,449 : ConfigProcessor : Loading config: C:\Users\dorus\AppData\Local\Programs\Python\Python38\lib\site-packages\mpfmc\mcconfig.yaml
2022-09-16 19:33:57,450 : ConfigProcessor : Loading config from file C:\pinball\mpfv1\config\config.
2022-09-16 19:33:57,452 : ConfigProcessor : Loading config: C:\pinball\mpfv1\config\config
2022-09-16 19:33:57,484 : ConfigProcessor : Loading config: C:\pinball\mpfv1\config\hardware.yaml
2022-09-16 19:33:57,495 : ConfigProcessor : Loading config: C:\pinball\mpfv1\config\sounds.yaml
2022-09-16 19:33:57,498 : ConfigProcessor : Loading config: C:\pinball\mpfv1\config\display.yaml
2022-09-16 19:33:57,505 : ConfigProcessor : Loading config: C:\pinball\mpfv1\config\keyboard.yaml
2022-09-16 19:33:57,507 : ConfigProcessor : Config file cache created: C:\Users\dorus\AppData\Local\Temp\54d4e1f26f77dfcbadc00e9606c45708.mpf_cache
2022-09-16 19:33:57,509 : ConfigProcessor : Loading config from cache: C:\Users\dorus\AppData\Local\Temp\5eb3439dbf16142704b5198a23e9a58c.mpf_cache
2022-09-16 19:33:57,511 : ConfigProcessor : Loading config from cache: C:\Users\dorus\AppData\Local\Temp\336e6d2601ccb63523c70814805acbf1.mpf_cache
2022-09-16 19:33:57,513 : ConfigProcessor : Loading config from cache: C:\Users\dorus\AppData\Local\Temp\d4952d0b9ea6ba2ec58a4f9adbee2d8a.mpf_cache
2022-09-16 19:33:57,514 : mpfmc : Mission Pinball Framework Media Controller v0.55.0
2022-09-16 19:33:57,514 : mpfmc : Mission Pinball Framework Game Engine v0.55.0
2022-09-16 19:33:57,514 : mpfmc : Machine path: C:\pinball\mpfv1
2022-09-16 19:33:57,515 : mpfmc : Starting clock at 60.0Hz
2022-09-16 19:33:57,533 : kivy : Text: Provider: sdl2
2022-09-16 19:33:57,590 : kivy : Window: Provider: sdl2
2022-09-16 19:33:57,738 : kivy : GL: Using the "OpenGL" graphics system
2022-09-16 19:33:57,739 : kivy : GL: GLEW initialization succeeded
2022-09-16 19:33:57,740 : kivy : GL: Backend used <glew>
2022-09-16 19:33:57,740 : kivy : GL: OpenGL version <b'4.6.0 - Build 26.20.100.7372'>
2022-09-16 19:33:57,740 : kivy : GL: OpenGL vendor <b'Intel'>
2022-09-16 19:33:57,740 : kivy : GL: OpenGL renderer <b'Intel(R) UHD Graphics'>
2022-09-16 19:33:57,740 : kivy : GL: OpenGL parsed version: 4, 6
2022-09-16 19:33:57,740 : kivy : GL: Shading version <b'4.60 - Build 26.20.100.7372'>
2022-09-16 19:33:57,740 : kivy : GL: Texture max size <16384>
2022-09-16 19:33:57,740 : kivy : GL: Texture max units <32>
2022-09-16 19:33:57,781 : kivy : Window: auto add sdl2 input provider
2022-09-16 19:33:57,782 : kivy : Window: virtual keyboard not allowed, single mode, not docked
2022-09-16 19:33:58,096 : AudioInterface : Initialized
2022-09-16 19:33:58,096 : AudioInterface : Loaded SDL 2.0.12
2022-09-16 19:33:58,096 : AudioInterface : Loaded SDL_Mixer 2.0.4
2022-09-16 19:33:58,096 : AudioInterface : Loaded GStreamer 1.18.0.0
2022-09-16 19:33:58,096 : AudioInterface : Loaded GLib 2.62.6
2022-09-16 19:33:58,096 : AudioInterface : Settings requested - rate: 44100, channels: 1, buffer: 2048 samples
2022-09-16 19:33:58,096 : AudioInterface : Settings in use - rate: 44100, channels: 1, buffer: 2048 samples (4096 bytes @ 2 bytes per sample)
2022-09-16 19:33:58,096 : SoundSystem : Setting master volume to 0.0
2022-09-16 19:33:58,097 : SoundSystem : master_volume in sound_system is deprecated and will be removed in the future.
2022-09-16 19:33:58,097 : AudioInterface : Enabling audio playback
2022-09-16 19:33:58,099 : kivy : Base: Start application main loop
2022-09-16 19:33:58,099 : EventManager : Event: ======'display_window_initialized'====== Args={}
2022-09-16 19:33:58,112 : mpfmc : Display: Setting 'window' as default display
2022-09-16 19:33:58,119 : EventManager : Event: ======'displays_initialized'====== Args={}
2022-09-16 19:33:58,120 : EventManager : Event: ======'slide_window_blank_created'====== Args={}
2022-09-16 19:33:58,121 : EventManager : Event: ======'display_window_ready'====== Args={}
2022-09-16 19:33:58,134 : EventManager : Event: ======'init_phase_1'====== Args={}
2022-09-16 19:33:58,137 : EventManager : Event: ======'mc_ready'====== Args={}
2022-09-16 19:33:58,137 : EventManager : Event: ======'init_phase_2'====== Args={}
2022-09-16 19:33:58,138 : EventManager : Event: ======'init_phase_3'====== Args={}
2022-09-16 19:33:58,140 : EventManager : Event: ======'init_phase_4'====== Args={}
2022-09-16 19:33:58,140 : EventManager : Event: ======'init_phase_5'====== Args={}
2022-09-16 19:33:58,140 : EventManager : Event: ======'init_done'====== Args={}
2022-09-16 19:33:58,140 : MPF-MC BCP Server : Starting up on localhost port 5050
2022-09-16 19:33:58,146 : MPF-MC BCP Server : Waiting for a connection...
2022-09-16 19:33:58,146 : mpfmc : SlidePlayer: Play called with settings={'slides': {welcome_slide-None-None: {'priority': None, 'target': None, 'background_color': [0.0, 0.0, 0.0, 1.0], 'show': True, 'force': False, 'expire': None, 'slide': None, 'tokens': {}, 'action': 'play', 'transition': None, 'transition_out': None}}}
2022-09-16 19:33:58,150 : kivy : GL: NPOT texture support is available
2022-09-16 19:33:58,151 : EventManager : Event: ======'slide_welcome_slide_created'====== Args={}
2022-09-16 19:33:58,153 : EventManager : Event: ======'slide_welcome_slide_active'====== Args={}
2022-09-16 19:33:58,158 : EventManager : Event: ======'client_disconnected'====== Args={'host': '127.0.0.1', 'port': 5050}
2022-09-16 19:33:58,792 : MPF-MC BCP Server : Received connection from: 127.0.0.1:64097
2022-09-16 19:33:58,804 : EventManager : Event: ======'client_connected'====== Args={'host': '127.0.0.1', 'port': 64097}
2022-09-16 19:33:58,817 : EventManager : Event: ======'machine_var_credits_string'====== Args={'value': 'FREE PLAY', 'prev_value': None, 'change': True}
2022-09-16 19:33:58,817 : EventManager : Event: ======'machine_var_master_volume'====== Args={'value': 0.5, 'prev_value': None, 'change': True}
2022-09-16 19:33:58,817 : EventManager : Event: ======'machine_var_player1_score'====== Args={'value': 41000, 'prev_value': None, 'change': True}
2022-09-16 19:33:58,817 : EventManager : Event: ======'machine_var_mpf_version'====== Args={'value': 'MPF v0.55.0', 'prev_value': None, 'change': True}
2022-09-16 19:33:58,817 : EventManager : Event: ======'machine_var_mpf_extended_version'====== Args={'value': 'MPF v0.55.0, Config version:5, Show version: 5, BCP version:1.1', 'prev_value': None, 'change': True}
2022-09-16 19:33:58,817 : EventManager : Event: ======'machine_var_python_version'====== Args={'value': '3.8.10', 'prev_value': None, 'change': True}
2022-09-16 19:33:58,817 : EventManager : Event: ======'machine_var_platform'====== Args={'value': 'Windows-10-10.0.19044-SP0', 'prev_value': None, 'change': True}
2022-09-16 19:33:58,817 : EventManager : Event: ======'machine_var_platform_system'====== Args={'value': 'Windows', 'prev_value': None, 'change': True}
2022-09-16 19:33:58,817 : EventManager : Event: ======'machine_var_platform_release'====== Args={'value': '10', 'prev_value': None, 'change': True}
2022-09-16 19:33:58,817 : EventManager : Event: ======'machine_var_platform_version'====== Args={'value': '10.0.19044', 'prev_value': None, 'change': True}
2022-09-16 19:33:58,817 : EventManager : Event: ======'machine_var_platform_machine'====== Args={'value': 'AMD64', 'prev_value': None, 'change': True}
2022-09-16 19:33:58,817 : EventManager : Event: ======'machine_var_mc_version'====== Args={'value': 'MPF-MC v0.55.0', 'prev_value': None, 'change': True}
2022-09-16 19:33:58,817 : EventManager : Event: ======'machine_var_mc_extended_version'====== Args={'value': 'MPF-MC v0.55.0 (config_version=5, BCP v1.1, Requires MPF v0.55.0-dev.49)', 'prev_value': None, 'change': True}
2022-09-16 19:33:58,818 : SoundSystem : Setting master volume to 0.5
2022-09-16 19:33:58,916 : EventManager : Event: ======'machine_var_audits_events_game_ended'====== Args={'value': 0, 'prev_value': None, 'change': True}
2022-09-16 19:33:58,928 : EventManager : Event: ======'machine_var_audits_events_game_started'====== Args={'value': 0, 'prev_value': None, 'change': True}
2022-09-16 19:33:58,928 : EventManager : Event: ======'machine_var_audits_player_score'====== Args={'value': {'average': 41000.0, 'top': [41000], 'total': 1}, 'prev_value': None, 'change': True}
2022-09-16 19:33:58,928 : EventManager : Event: ======'machine_var_audits_switches_s_bottomlane1'====== Args={'value': 1, 'prev_value': None, 'change': True}
2022-09-16 19:33:58,929 : EventManager : Event: ======'machine_var_audits_switches_s_bottomlane2'====== Args={'value': 1, 'prev_value': None, 'change': True}
2022-09-16 19:33:58,929 : EventManager : Event: ======'machine_var_audits_switches_s_bottomlane3'====== Args={'value': 1, 'prev_value': None, 'change': True}
2022-09-16 19:33:58,929 : EventManager : Event: ======'machine_var_audits_switches_s_bottomlane4'====== Args={'value': 2, 'prev_value': None, 'change': True}
2022-09-16 19:33:58,929 : EventManager : Event: ======'machine_var_audits_switches_s_bottomlane5'====== Args={'value': 0, 'prev_value': None, 'change': True}
2022-09-16 19:33:58,929 : EventManager : Event: ======'machine_var_audits_switches_s_drop1'====== Args={'value': 22, 'prev_value': None, 'change': True}
2022-09-16 19:33:58,929 : EventManager : Event: ======'machine_var_audits_switches_s_drop2'====== Args={'value': 8, 'prev_value': None, 'change': True}
2022-09-16 19:33:58,929 : EventManager : Event: ======'machine_var_audits_switches_s_drop3'====== Args={'value': 4, 'prev_value': None, 'change': True}
2022-09-16 19:33:58,929 : EventManager : Event: ======'machine_var_audits_switches_s_launch'====== Args={'value': 1, 'prev_value': None, 'change': True}
2022-09-16 19:33:58,929 : EventManager : Event: ======'machine_var_audits_switches_s_left01'====== Args={'value': 0, 'prev_value': None, 'change': True}
2022-09-16 19:33:58,929 : EventManager : Event: ======'machine_var_audits_switches_s_left02'====== Args={'value': 3, 'prev_value': None, 'change': True}
2022-09-16 19:33:58,929 : EventManager : Event: ======'machine_var_audits_switches_s_left03'====== Args={'value': 0, 'prev_value': None, 'change': True}
2022-09-16 19:33:58,929 : EventManager : Event: ======'machine_var_audits_switches_s_left_sling'====== Args={'value': 1, 'prev_value': None, 'change': True}
2022-09-16 19:33:58,929 : EventManager : Event: ======'machine_var_audits_switches_s_plunger_lane'====== Args={'value': 18, 'prev_value': None, 'change': True}
2022-09-16 19:33:58,929 : EventManager : Event: ======'machine_var_audits_switches_s_popbumber_1'====== Args={'value': 0, 'prev_value': None, 'change': True}
2022-09-16 19:33:58,929 : EventManager : Event: ======'machine_var_audits_switches_s_popbumber_2'====== Args={'value': 7, 'prev_value': None, 'change': True}
2022-09-16 19:33:58,929 : EventManager : Event: ======'machine_var_audits_switches_s_popbumber_3'====== Args={'value': 0, 'prev_value': None, 'change': True}
2022-09-16 19:33:58,929 : EventManager : Event: ======'machine_var_audits_switches_s_ramp'====== Args={'value': 6, 'prev_value': None, 'change': True}
2022-09-16 19:33:58,929 : EventManager : Event: ======'machine_var_audits_switches_s_right_sling'====== Args={'value': 7, 'prev_value': None, 'change': True}
2022-09-16 19:33:58,929 : EventManager : Event: ======'machine_var_audits_switches_s_rigth01'====== Args={'value': 6, 'prev_value': None, 'change': True}
2022-09-16 19:33:58,929 : EventManager : Event: ======'machine_var_audits_switches_s_rigth02'====== Args={'value': 5, 'prev_value': None, 'change': True}
2022-09-16 19:33:58,929 : EventManager : Event: ======'machine_var_audits_switches_s_rigth03'====== Args={'value': 0, 'prev_value': None, 'change': True}
2022-09-16 19:33:58,929 : EventManager : Event: ======'machine_var_audits_switches_s_spinner'====== Args={'value': 13, 'prev_value': None, 'change': True}
2022-09-16 19:33:58,929 : EventManager : Event: ======'machine_var_audits_switches_s_start'====== Args={'value': 0, 'prev_value': None, 'change': True}
2022-09-16 19:33:58,929 : EventManager : Event: ======'machine_var_audits_switches_s_top'====== Args={'value': 0, 'prev_value': None, 'change': True}
2022-09-16 19:33:58,929 : EventManager : Event: ======'machine_var_audits_switches_s_toplane1'====== Args={'value': 57, 'prev_value': None, 'change': True}
2022-09-16 19:33:58,929 : EventManager : Event: ======'machine_var_audits_switches_s_toplane2'====== Args={'value': 0, 'prev_value': None, 'change': True}
2022-09-16 19:33:58,929 : EventManager : Event: ======'machine_var_audits_switches_s_toplane3'====== Args={'value': 0, 'prev_value': None, 'change': True}
2022-09-16 19:33:58,929 : EventManager : Event: ======'machine_var_audits_switches_s_trough1'====== Args={'value': 2, 'prev_value': None, 'change': True}
2022-09-16 19:33:58,929 : EventManager : Event: ======'machine_var_audits_switches_s_trough2'====== Args={'value': 8, 'prev_value': None, 'change': True}
2022-09-16 19:33:58,929 : EventManager : Event: ======'machine_var_audits_switches_s_trough3'====== Args={'value': 1, 'prev_value': None, 'change': True}
2022-09-16 19:33:58,929 : EventManager : Event: ======'machine_var_audits_switches_s_trough4'====== Args={'value': 5, 'prev_value': None, 'change': True}
2022-09-16 19:33:58,929 : EventManager : Event: ======'machine_var_audits_switches_s_trough5'====== Args={'value': 0, 'prev_value': None, 'change': True}
2022-09-16 19:33:58,930 : EventManager : Event: ======'machine_var_audits_switches_s_trough6'====== Args={'value': 0, 'prev_value': None, 'change': True}
2022-09-16 19:33:58,930 : EventManager : Event: ======'machine_var_audits_switches_s_trough_jam'====== Args={'value': 1, 'prev_value': None, 'change': True}
2022-09-16 19:33:58,930 : EventManager : Event: ======'machine_var_audits_switches_s_vukmid'====== Args={'value': 13, 'prev_value': None, 'change': True}
2022-09-16 19:33:58,930 : EventManager : Event: ======'machine_var_audits_switches_s_vuktop'====== Args={'value': 6, 'prev_value': None, 'change': True}
2022-09-16 19:33:58,940 : EventManager : Event: ======'slides_play'====== Args={'settings': {'welcome_slide': {'target': None, 'background_color': [0.0, 0.0, 0.0, 1.0], 'priority': None, 'show': True, 'force': False, 'expire': None, 'slide': None, 'tokens': {}, 'action': 'play'}}, 'context': '_global', 'calling_context': 'init_done', 'priority': 0}
2022-09-16 19:33:58,940 : EventManager : Event: ======'mc_reset_phase_1'====== Args={}
2022-09-16 19:33:58,940 : mpfmc : SlidePlayer: Play called with settings={'welcome_slide': {'target': None, 'background_color': [0.0, 0.0, 0.0, 1.0], 'priority': None, 'show': True, 'force': False, 'expire': None, 'slide': None, 'tokens': {}, 'action': 'play'}}
2022-09-16 19:33:58,940 : EventManager : Event: ======'slide_welcome_slide_removed'====== Args={}
2022-09-16 19:33:58,944 : EventManager : Event: ======'slide_welcome_slide_created'====== Args={}
2022-09-16 19:33:58,944 : EventManager : Event: ======'mc_reset_phase_2'====== Args={}
2022-09-16 19:33:58,944 : EventManager : Event: ======'mc_reset_phase_3'====== Args={}
2022-09-16 19:33:58,944 : EventManager : Event: ======'mc_reset_complete'====== Args={}
2022-09-16 19:33:58,944 : EventManager : Event: ======'slide_welcome_slide_active'====== Args={}
2022-09-16 19:33:58,960 : EventManager : Event: ======'slides_play'====== Args={'settings': {'awesome_slide': {'widgets': [{'type': 'text', 'text': 'YOU ARE AWESOME', 'font_size': 50, '_default_settings': ['type', 'text', 'font_size'], 'x': None, 'y': None, 'anchor_x': 'center', 'anchor_y': 'center', 'round_anchor_x': None, 'round_anchor_y': None, 'opacity': 1.0, 'z': 0, 'reset_animations_events': {}, 'color': [1.0, 1.0, 1.0, 1.0], 'style': [], 'adjust_top': 0, 'adjust_bottom': 0, 'adjust_left': 0, 'adjust_right': 0, 'expire': None, 'key': None, 'widget': None, 'events_when_added': [], 'events_when_removed': [], 'bitmap_font': False, 'font_kerning': True, 'bold': False, 'italic': False, 'number_grouping': False, 'min_digits': 0, 'halign': 'center', 'valign': 'middle', 'rotation': 0, 'scale': 1.0, 'casing': None, 'animations': None}], 'transition': {'type': 'push', 'duration': 1.0, 'direction': 'left', 'easing': 'out_quad'}, 'target': None, 'background_color': [0.0, 0.0, 0.0, 1.0], 'priority': None, 'show': True, 'force': False, 'expire': None, 'slide': None, 'tokens': {}, 'action': 'play'}}, 'context': 'show_1', 'calling_context': 0, 'priority': 10, 'show_tokens': {}, 'start_time': 25323.593}
2022-09-16 19:33:58,962 : EventManager : Event: ======'sounds_play'====== Args={'settings': {'musicslow': {'action': 'play', 'loops': -1, 'priority': None, 'block': False, 'delay': None, 'track': None, 'volume': None, 'pan': None, 'start_at': None, 'fade_in': None, 'fade_out': None, 'about_to_finish_time': -1.0, 'max_queue_time': -1.0, 'events_when_played': ['use_sound_setting'], 'events_when_stopped': ['use_sound_setting'], 'events_when_looping': ['use_sound_setting'], 'events_when_about_to_finish': ['use_sound_setting'], 'mode_end_action': 'use_sound_setting', 'key': 'use_sound_setting'}}, 'context': '_global', 'calling_context': 'mode_attract_started', 'priority': 0}
2022-09-16 19:33:58,962 : mpfmc : SlidePlayer: Play called with settings={'awesome_slide': {'widgets': [{'type': 'text', 'text': 'YOU ARE AWESOME', 'font_size': 50, '_default_settings': ['type', 'text', 'font_size'], 'x': None, 'y': None, 'anchor_x': 'center', 'anchor_y': 'center', 'round_anchor_x': None, 'round_anchor_y': None, 'opacity': 1.0, 'z': 0, 'reset_animations_events': {}, 'color': [1.0, 1.0, 1.0, 1.0], 'style': [], 'adjust_top': 0, 'adjust_bottom': 0, 'adjust_left': 0, 'adjust_right': 0, 'expire': None, 'key': None, 'widget': None, 'events_when_added': [], 'events_when_removed': [], 'bitmap_font': False, 'font_kerning': True, 'bold': False, 'italic': False, 'number_grouping': False, 'min_digits': 0, 'halign': 'center', 'valign': 'middle', 'rotation': 0, 'scale': 1.0, 'casing': None, 'animations': None}], 'transition': {'type': 'push', 'duration': 1.0, 'direction': 'left', 'easing': 'out_quad'}, 'target': None, 'background_color': [0.0, 0.0, 0.0, 1.0], 'priority': None, 'show': True, 'force': False, 'expire': None, 'slide': None, 'tokens': {}, 'action': 'play'}}
2022-09-16 19:33:58,965 : EventManager : Event: ======'slide_awesome_slide_created'====== Args={}
2022-09-16 19:33:58,967 : EventManager : Event: ======'slide_awesome_slide_active'====== Args={}
2022-09-16 19:33:58,995 : EventManager : Event: ======'loading_assets'====== Args={'total': 1, 'loaded': 1, 'remaining': 0, 'percent': 100}
2022-09-16 19:33:58,995 : AssetManager : Asset loading took: 0.8982141017913818
2022-09-16 19:33:58,996 : EventManager : Event: ======'asset_loading_complete'====== Args={}
2022-09-16 19:33:58,996 : AssetManager : Loading assets: 1/1 (100%)
2022-09-16 19:34:01,944 : EventManager : Event: ======'slides_play'====== Args={'settings': {'press_start': {'widgets': [{'type': 'Text', 'text': 'PRESS START', 'animations': {'pre_show_slide': [{'property': ['opacity'], 'value': ['0'], 'duration': 0.5, 'relative': False, 'timing': 'after_previous', 'repeat': False, 'easing': 'linear'}, {'property': ['opacity'], 'value': ['1'], 'duration': 0.5, 'repeat': True, 'relative': False, 'timing': 'after_previous', 'easing': 'linear'}]}, '_default_settings': ['type', 'text', 'animations'], 'x': None, 'y': None, 'anchor_x': 'center', 'anchor_y': 'center', 'round_anchor_x': None, 'round_anchor_y': None, 'opacity': 1.0, 'z': 0, 'reset_animations_events': {}, 'color': [1.0, 1.0, 1.0, 1.0], 'style': [], 'adjust_top': 0, 'adjust_bottom': 0, 'adjust_left': 0, 'adjust_right': 0, 'expire': None, 'key': None, 'widget': None, 'events_when_added': [], 'events_when_removed': [], 'font_size': 15, 'bitmap_font': False, 'font_kerning': True, 'bold': False, 'italic': False, 'number_grouping': False, 'min_digits': 0, 'halign': 'center', 'valign': 'middle', 'rotation': 0, 'scale': 1.0, 'casing': None}, {'type': 'Text', 'text': 'FREE PLAY', 'color': [0.0, 0.5019607843137255, 0.0, 1], 'y': '10', 'anchor_y': 'bottom', '_default_settings': ['type', 'text', 'color', 'y', 'anchor_y'], 'x': None, 'anchor_x': 'center', 'round_anchor_x': None, 'round_anchor_y': None, 'opacity': 1.0, 'z': 0, 'reset_animations_events': {}, 'style': [], 'adjust_top': 0, 'adjust_bottom': 0, 'adjust_left': 0, 'adjust_right': 0, 'expire': None, 'key': None, 'widget': None, 'events_when_added': [], 'events_when_removed': [], 'font_size': 15, 'bitmap_font': False, 'font_kerning': True, 'bold': False, 'italic': False, 'number_grouping': False, 'min_digits': 0, 'halign': 'center', 'valign': 'middle', 'rotation': 0, 'scale': 1.0, 'casing': None, 'animations': None}], 'transition': {'type': 'move_in', 'duration': 1.0, 'direction': 'right', 'easing': 'out_quad'}, 'target': None, 'background_color': [0.0, 0.0, 0.0, 1.0], 'priority': None, 'show': True, 'force': False, 'expire': None, 'slide': None, 'tokens': {}, 'action': 'play'}}, 'context': 'show_1', 'calling_context': 1, 'priority': 10, 'show_tokens': {}, 'start_time': 25326.593}
2022-09-16 19:34:01,944 : mpfmc : SlidePlayer: Play called with settings={'press_start': {'widgets': [{'type': 'Text', 'text': 'PRESS START', 'animations': {'pre_show_slide': [{'property': ['opacity'], 'value': ['0'], 'duration': 0.5, 'relative': False, 'timing': 'after_previous', 'repeat': False, 'easing': 'linear'}, {'property': ['opacity'], 'value': ['1'], 'duration': 0.5, 'repeat': True, 'relative': False, 'timing': 'after_previous', 'easing': 'linear'}]}, '_default_settings': ['type', 'text', 'animations'], 'x': None, 'y': None, 'anchor_x': 'center', 'anchor_y': 'center', 'round_anchor_x': None, 'round_anchor_y': None, 'opacity': 1.0, 'z': 0, 'reset_animations_events': {}, 'color': [1.0, 1.0, 1.0, 1.0], 'style': [], 'adjust_top': 0, 'adjust_bottom': 0, 'adjust_left': 0, 'adjust_right': 0, 'expire': None, 'key': None, 'widget': None, 'events_when_added': [], 'events_when_removed': [], 'font_size': 15, 'bitmap_font': False, 'font_kerning': True, 'bold': False, 'italic': False, 'number_grouping': False, 'min_digits': 0, 'halign': 'center', 'valign': 'middle', 'rotation': 0, 'scale': 1.0, 'casing': None}, {'type': 'Text', 'text': 'FREE PLAY', 'color': [0.0, 0.5019607843137255, 0.0, 1], 'y': '10', 'anchor_y': 'bottom', '_default_settings': ['type', 'text', 'color', 'y', 'anchor_y'], 'x': None, 'anchor_x': 'center', 'round_anchor_x': None, 'round_anchor_y': None, 'opacity': 1.0, 'z': 0, 'reset_animations_events': {}, 'style': [], 'adjust_top': 0, 'adjust_bottom': 0, 'adjust_left': 0, 'adjust_right': 0, 'expire': None, 'key': None, 'widget': None, 'events_when_added': [], 'events_when_removed': [], 'font_size': 15, 'bitmap_font': False, 'font_kerning': True, 'bold': False, 'italic': False, 'number_grouping': False, 'min_digits': 0, 'halign': 'center', 'valign': 'middle', 'rotation': 0, 'scale': 1.0, 'casing': None, 'animations': None}], 'transition': {'type': 'move_in', 'duration': 1.0, 'direction': 'right', 'easing': 'out_quad'}, 'target': None, 'background_color': [0.0, 0.0, 0.0, 1.0], 'priority': None, 'show': True, 'force': False, 'expire': None, 'slide': None, 'tokens': {}, 'action': 'play'}}
2022-09-16 19:34:01,951 : EventManager : Event: ======'slide_press_start_created'====== Args={}
2022-09-16 19:34:01,952 : EventManager : Event: ======'slide_press_start_active'====== Args={}
2022-09-16 19:34:04,944 : EventManager : Event: ======'slides_play'====== Args={'settings': {'mission_pinball': {'widgets': [{'type': 'Text', 'text': 'MISSION PINBALL', 'color': [1.0, 0.0, 0.0, 1], '_default_settings': ['type', 'text', 'color'], 'x': None, 'y': None, 'anchor_x': 'center', 'anchor_y': 'center', 'round_anchor_x': None, 'round_anchor_y': None, 'opacity': 1.0, 'z': 0, 'reset_animations_events': {}, 'style': [], 'adjust_top': 0, 'adjust_bottom': 0, 'adjust_left': 0, 'adjust_right': 0, 'expire': None, 'key': None, 'widget': None, 'events_when_added': [], 'events_when_removed': [], 'font_size': 15, 'bitmap_font': False, 'font_kerning': True, 'bold': False, 'italic': False, 'number_grouping': False, 'min_digits': 0, 'halign': 'center', 'valign': 'middle', 'rotation': 0, 'scale': 1.0, 'casing': None, 'animations': None}], 'transition': {'type': 'move_in', 'duration': 1.0, 'direction': 'top', 'easing': 'out_quad'}, 'target': None, 'background_color': [0.0, 0.0, 0.0, 1.0], 'priority': None, 'show': True, 'force': False, 'expire': None, 'slide': None, 'tokens': {}, 'action': 'play'}}, 'context': 'show_1', 'calling_context': 2, 'priority': 10, 'show_tokens': {}, 'start_time': 25329.593}
2022-09-16 19:34:04,944 : mpfmc : SlidePlayer: Play called with settings={'mission_pinball': {'widgets': [{'type': 'Text', 'text': 'MISSION PINBALL', 'color': [1.0, 0.0, 0.0, 1], '_default_settings': ['type', 'text', 'color'], 'x': None, 'y': None, 'anchor_x': 'center', 'anchor_y': 'center', 'round_anchor_x': None, 'round_anchor_y': None, 'opacity': 1.0, 'z': 0, 'reset_animations_events': {}, 'style': [], 'adjust_top': 0, 'adjust_bottom': 0, 'adjust_left': 0, 'adjust_right': 0, 'expire': None, 'key': None, 'widget': None, 'events_when_added': [], 'events_when_removed': [], 'font_size': 15, 'bitmap_font': False, 'font_kerning': True, 'bold': False, 'italic': False, 'number_grouping': False, 'min_digits': 0, 'halign': 'center', 'valign': 'middle', 'rotation': 0, 'scale': 1.0, 'casing': None, 'animations': None}], 'transition': {'type': 'move_in', 'duration': 1.0, 'direction': 'top', 'easing': 'out_quad'}, 'target': None, 'background_color': [0.0, 0.0, 0.0, 1.0], 'priority': None, 'show': True, 'force': False, 'expire': None, 'slide': None, 'tokens': {}, 'action': 'play'}}
2022-09-16 19:34:04,948 : EventManager : Event: ======'slide_mission_pinball_created'====== Args={}
2022-09-16 19:34:04,949 : EventManager : Event: ======'slide_mission_pinball_active'====== Args={}
2022-09-16 19:34:07,942 : EventManager : Event: ======'slides_play'====== Args={'settings': {'awesome_slide': {'widgets': [{'type': 'text', 'text': 'YOU ARE AWESOME', 'font_size': 50, '_default_settings': ['type', 'text', 'font_size'], 'x': None, 'y': None, 'anchor_x': 'center', 'anchor_y': 'center', 'round_anchor_x': None, 'round_anchor_y': None, 'opacity': 1.0, 'z': 0, 'reset_animations_events': {}, 'color': [1.0, 1.0, 1.0, 1.0], 'style': [], 'adjust_top': 0, 'adjust_bottom': 0, 'adjust_left': 0, 'adjust_right': 0, 'expire': None, 'key': None, 'widget': None, 'events_when_added': [], 'events_when_removed': [], 'bitmap_font': False, 'font_kerning': True, 'bold': False, 'italic': False, 'number_grouping': False, 'min_digits': 0, 'halign': 'center', 'valign': 'middle', 'rotation': 0, 'scale': 1.0, 'casing': None, 'animations': None}], 'transition': {'type': 'push', 'duration': 1.0, 'direction': 'left', 'easing': 'out_quad'}, 'target': None, 'background_color': [0.0, 0.0, 0.0, 1.0], 'priority': None, 'show': True, 'force': False, 'expire': None, 'slide': None, 'tokens': {}, 'action': 'play'}}, 'context': 'show_1', 'calling_context': 0, 'priority': 10, 'show_tokens': {}, 'start_time': 25332.593}
2022-09-16 19:34:07,942 : mpfmc : SlidePlayer: Play called with settings={'awesome_slide': {'widgets': [{'type': 'text', 'text': 'YOU ARE AWESOME', 'font_size': 50, '_default_settings': ['type', 'text', 'font_size'], 'x': None, 'y': None, 'anchor_x': 'center', 'anchor_y': 'center', 'round_anchor_x': None, 'round_anchor_y': None, 'opacity': 1.0, 'z': 0, 'reset_animations_events': {}, 'color': [1.0, 1.0, 1.0, 1.0], 'style': [], 'adjust_top': 0, 'adjust_bottom': 0, 'adjust_left': 0, 'adjust_right': 0, 'expire': None, 'key': None, 'widget': None, 'events_when_added': [], 'events_when_removed': [], 'bitmap_font': False, 'font_kerning': True, 'bold': False, 'italic': False, 'number_grouping': False, 'min_digits': 0, 'halign': 'center', 'valign': 'middle', 'rotation': 0, 'scale': 1.0, 'casing': None, 'animations': None}], 'transition': {'type': 'push', 'duration': 1.0, 'direction': 'left', 'easing': 'out_quad'}, 'target': None, 'background_color': [0.0, 0.0, 0.0, 1.0], 'priority': None, 'show': True, 'force': False, 'expire': None, 'slide': None, 'tokens': {}, 'action': 'play'}}
2022-09-16 19:34:07,943 : EventManager : Event: ======'slide_awesome_slide_removed'====== Args={}
2022-09-16 19:34:07,947 : EventManager : Event: ======'slide_awesome_slide_created'====== Args={}
2022-09-16 19:34:07,949 : EventManager : Event: ======'slide_awesome_slide_active'====== Args={}
2022-09-16 19:34:10,936 : EventManager : Event: ======'slides_play'====== Args={'settings': {'press_start': {'widgets': [{'type': 'Text', 'text': 'PRESS START', 'animations': {'pre_show_slide': [{'property': ['opacity'], 'value': ['0'], 'duration': 0.5, 'relative': False, 'timing': 'after_previous', 'repeat': False, 'easing': 'linear'}, {'property': ['opacity'], 'value': ['1'], 'duration': 0.5, 'repeat': True, 'relative': False, 'timing': 'after_previous', 'easing': 'linear'}]}, '_default_settings': ['type', 'text', 'animations'], 'x': None, 'y': None, 'anchor_x': 'center', 'anchor_y': 'center', 'round_anchor_x': None, 'round_anchor_y': None, 'opacity': 1.0, 'z': 0, 'reset_animations_events': {}, 'color': [1.0, 1.0, 1.0, 1.0], 'style': [], 'adjust_top': 0, 'adjust_bottom': 0, 'adjust_left': 0, 'adjust_right': 0, 'expire': None, 'key': None, 'widget': None, 'events_when_added': [], 'events_when_removed': [], 'font_size': 15, 'bitmap_font': False, 'font_kerning': True, 'bold': False, 'italic': False, 'number_grouping': False, 'min_digits': 0, 'halign': 'center', 'valign': 'middle', 'rotation': 0, 'scale': 1.0, 'casing': None}, {'type': 'Text', 'text': 'FREE PLAY', 'color': [0.0, 0.5019607843137255, 0.0, 1], 'y': '10', 'anchor_y': 'bottom', '_default_settings': ['type', 'text', 'color', 'y', 'anchor_y'], 'x': None, 'anchor_x': 'center', 'round_anchor_x': None, 'round_anchor_y': None, 'opacity': 1.0, 'z': 0, 'reset_animations_events': {}, 'style': [], 'adjust_top': 0, 'adjust_bottom': 0, 'adjust_left': 0, 'adjust_right': 0, 'expire': None, 'key': None, 'widget': None, 'events_when_added': [], 'events_when_removed': [], 'font_size': 15, 'bitmap_font': False, 'font_kerning': True, 'bold': False, 'italic': False, 'number_grouping': False, 'min_digits': 0, 'halign': 'center', 'valign': 'middle', 'rotation': 0, 'scale': 1.0, 'casing': None, 'animations': None}], 'transition': {'type': 'move_in', 'duration': 1.0, 'direction': 'right', 'easing': 'out_quad'}, 'target': None, 'background_color': [0.0, 0.0, 0.0, 1.0], 'priority': None, 'show': True, 'force': False, 'expire': None, 'slide': None, 'tokens': {}, 'action': 'play'}}, 'context': 'show_1', 'calling_context': 1, 'priority': 10, 'show_tokens': {}, 'start_time': 25335.593}
2022-09-16 19:34:10,936 : mpfmc : SlidePlayer: Play called with settings={'press_start': {'widgets': [{'type': 'Text', 'text': 'PRESS START', 'animations': {'pre_show_slide': [{'property': ['opacity'], 'value': ['0'], 'duration': 0.5, 'relative': False, 'timing': 'after_previous', 'repeat': False, 'easing': 'linear'}, {'property': ['opacity'], 'value': ['1'], 'duration': 0.5, 'repeat': True, 'relative': False, 'timing': 'after_previous', 'easing': 'linear'}]}, '_default_settings': ['type', 'text', 'animations'], 'x': None, 'y': None, 'anchor_x': 'center', 'anchor_y': 'center', 'round_anchor_x': None, 'round_anchor_y': None, 'opacity': 1.0, 'z': 0, 'reset_animations_events': {}, 'color': [1.0, 1.0, 1.0, 1.0], 'style': [], 'adjust_top': 0, 'adjust_bottom': 0, 'adjust_left': 0, 'adjust_right': 0, 'expire': None, 'key': None, 'widget': None, 'events_when_added': [], 'events_when_removed': [], 'font_size': 15, 'bitmap_font': False, 'font_kerning': True, 'bold': False, 'italic': False, 'number_grouping': False, 'min_digits': 0, 'halign': 'center', 'valign': 'middle', 'rotation': 0, 'scale': 1.0, 'casing': None}, {'type': 'Text', 'text': 'FREE PLAY', 'color': [0.0, 0.5019607843137255, 0.0, 1], 'y': '10', 'anchor_y': 'bottom', '_default_settings': ['type', 'text', 'color', 'y', 'anchor_y'], 'x': None, 'anchor_x': 'center', 'round_anchor_x': None, 'round_anchor_y': None, 'opacity': 1.0, 'z': 0, 'reset_animations_events': {}, 'style': [], 'adjust_top': 0, 'adjust_bottom': 0, 'adjust_left': 0, 'adjust_right': 0, 'expire': None, 'key': None, 'widget': None, 'events_when_added': [], 'events_when_removed': [], 'font_size': 15, 'bitmap_font': False, 'font_kerning': True, 'bold': False, 'italic': False, 'number_grouping': False, 'min_digits': 0, 'halign': 'center', 'valign': 'middle', 'rotation': 0, 'scale': 1.0, 'casing': None, 'animations': None}], 'transition': {'type': 'move_in', 'duration': 1.0, 'direction': 'right', 'easing': 'out_quad'}, 'target': None, 'background_color': [0.0, 0.0, 0.0, 1.0], 'priority': None, 'show': True, 'force': False, 'expire': None, 'slide': None, 'tokens': {}, 'action': 'play'}}
2022-09-16 19:34:10,937 : EventManager : Event: ======'slide_press_start_removed'====== Args={}
2022-09-16 19:34:10,942 : EventManager : Event: ======'slide_press_start_created'====== Args={}
2022-09-16 19:34:10,943 : EventManager : Event: ======'slide_press_start_active'====== Args={}
2022-09-16 19:34:13,949 : EventManager : Event: ======'slides_play'====== Args={'settings': {'mission_pinball': {'widgets': [{'type': 'Text', 'text': 'MISSION PINBALL', 'color': [1.0, 0.0, 0.0, 1], '_default_settings': ['type', 'text', 'color'], 'x': None, 'y': None, 'anchor_x': 'center', 'anchor_y': 'center', 'round_anchor_x': None, 'round_anchor_y': None, 'opacity': 1.0, 'z': 0, 'reset_animations_events': {}, 'style': [], 'adjust_top': 0, 'adjust_bottom': 0, 'adjust_left': 0, 'adjust_right': 0, 'expire': None, 'key': None, 'widget': None, 'events_when_added': [], 'events_when_removed': [], 'font_size': 15, 'bitmap_font': False, 'font_kerning': True, 'bold': False, 'italic': False, 'number_grouping': False, 'min_digits': 0, 'halign': 'center', 'valign': 'middle', 'rotation': 0, 'scale': 1.0, 'casing': None, 'animations': None}], 'transition': {'type': 'move_in', 'duration': 1.0, 'direction': 'top', 'easing': 'out_quad'}, 'target': None, 'background_color': [0.0, 0.0, 0.0, 1.0], 'priority': None, 'show': True, 'force': False, 'expire': None, 'slide': None, 'tokens': {}, 'action': 'play'}}, 'context': 'show_1', 'calling_context': 2, 'priority': 10, 'show_tokens': {}, 'start_time': 25338.593}
2022-09-16 19:34:13,949 : mpfmc : SlidePlayer: Play called with settings={'mission_pinball': {'widgets': [{'type': 'Text', 'text': 'MISSION PINBALL', 'color': [1.0, 0.0, 0.0, 1], '_default_settings': ['type', 'text', 'color'], 'x': None, 'y': None, 'anchor_x': 'center', 'anchor_y': 'center', 'round_anchor_x': None, 'round_anchor_y': None, 'opacity': 1.0, 'z': 0, 'reset_animations_events': {}, 'style': [], 'adjust_top': 0, 'adjust_bottom': 0, 'adjust_left': 0, 'adjust_right': 0, 'expire': None, 'key': None, 'widget': None, 'events_when_added': [], 'events_when_removed': [], 'font_size': 15, 'bitmap_font': False, 'font_kerning': True, 'bold': False, 'italic': False, 'number_grouping': False, 'min_digits': 0, 'halign': 'center', 'valign': 'middle', 'rotation': 0, 'scale': 1.0, 'casing': None, 'animations': None}], 'transition': {'type': 'move_in', 'duration': 1.0, 'direction': 'top', 'easing': 'out_quad'}, 'target': None, 'background_color': [0.0, 0.0, 0.0, 1.0], 'priority': None, 'show': True, 'force': False, 'expire': None, 'slide': None, 'tokens': {}, 'action': 'play'}}
2022-09-16 19:34:13,949 : EventManager : Event: ======'slide_mission_pinball_removed'====== Args={}
2022-09-16 19:34:13,951 : EventManager : Event: ======'slide_mission_pinball_created'====== Args={}
2022-09-16 19:34:13,953 : EventManager : Event: ======'slide_mission_pinball_active'====== Args={}
2022-09-16 19:34:16,949 : EventManager : Event: ======'slides_play'====== Args={'settings': {'awesome_slide': {'widgets': [{'type': 'text', 'text': 'YOU ARE AWESOME', 'font_size': 50, '_default_settings': ['type', 'text', 'font_size'], 'x': None, 'y': None, 'anchor_x': 'center', 'anchor_y': 'center', 'round_anchor_x': None, 'round_anchor_y': None, 'opacity': 1.0, 'z': 0, 'reset_animations_events': {}, 'color': [1.0, 1.0, 1.0, 1.0], 'style': [], 'adjust_top': 0, 'adjust_bottom': 0, 'adjust_left': 0, 'adjust_right': 0, 'expire': None, 'key': None, 'widget': None, 'events_when_added': [], 'events_when_removed': [], 'bitmap_font': False, 'font_kerning': True, 'bold': False, 'italic': False, 'number_grouping': False, 'min_digits': 0, 'halign': 'center', 'valign': 'middle', 'rotation': 0, 'scale': 1.0, 'casing': None, 'animations': None}], 'transition': {'type': 'push', 'duration': 1.0, 'direction': 'left', 'easing': 'out_quad'}, 'target': None, 'background_color': [0.0, 0.0, 0.0, 1.0], 'priority': None, 'show': True, 'force': False, 'expire': None, 'slide': None, 'tokens': {}, 'action': 'play'}}, 'context': 'show_1', 'calling_context': 0, 'priority': 10, 'show_tokens': {}, 'start_time': 25341.593}
2022-09-16 19:34:16,949 : mpfmc : SlidePlayer: Play called with settings={'awesome_slide': {'widgets': [{'type': 'text', 'text': 'YOU ARE AWESOME', 'font_size': 50, '_default_settings': ['type', 'text', 'font_size'], 'x': None, 'y': None, 'anchor_x': 'center', 'anchor_y': 'center', 'round_anchor_x': None, 'round_anchor_y': None, 'opacity': 1.0, 'z': 0, 'reset_animations_events': {}, 'color': [1.0, 1.0, 1.0, 1.0], 'style': [], 'adjust_top': 0, 'adjust_bottom': 0, 'adjust_left': 0, 'adjust_right': 0, 'expire': None, 'key': None, 'widget': None, 'events_when_added': [], 'events_when_removed': [], 'bitmap_font': False, 'font_kerning': True, 'bold': False, 'italic': False, 'number_grouping': False, 'min_digits': 0, 'halign': 'center', 'valign': 'middle', 'rotation': 0, 'scale': 1.0, 'casing': None, 'animations': None}], 'transition': {'type': 'push', 'duration': 1.0, 'direction': 'left', 'easing': 'out_quad'}, 'target': None, 'background_color': [0.0, 0.0, 0.0, 1.0], 'priority': None, 'show': True, 'force': False, 'expire': None, 'slide': None, 'tokens': {}, 'action': 'play'}}
2022-09-16 19:34:16,949 : EventManager : Event: ======'slide_awesome_slide_removed'====== Args={}
2022-09-16 19:34:16,956 : EventManager : Event: ======'slide_awesome_slide_created'====== Args={}
2022-09-16 19:34:16,957 : EventManager : Event: ======'slide_awesome_slide_active'====== Args={}
2022-09-16 19:34:19,940 : EventManager : Event: ======'slides_play'====== Args={'settings': {'press_start': {'widgets': [{'type': 'Text', 'text': 'PRESS START', 'animations': {'pre_show_slide': [{'property': ['opacity'], 'value': ['0'], 'duration': 0.5, 'relative': False, 'timing': 'after_previous', 'repeat': False, 'easing': 'linear'}, {'property': ['opacity'], 'value': ['1'], 'duration': 0.5, 'repeat': True, 'relative': False, 'timing': 'after_previous', 'easing': 'linear'}]}, '_default_settings': ['type', 'text', 'animations'], 'x': None, 'y': None, 'anchor_x': 'center', 'anchor_y': 'center', 'round_anchor_x': None, 'round_anchor_y': None, 'opacity': 1.0, 'z': 0, 'reset_animations_events': {}, 'color': [1.0, 1.0, 1.0, 1.0], 'style': [], 'adjust_top': 0, 'adjust_bottom': 0, 'adjust_left': 0, 'adjust_right': 0, 'expire': None, 'key': None, 'widget': None, 'events_when_added': [], 'events_when_removed': [], 'font_size': 15, 'bitmap_font': False, 'font_kerning': True, 'bold': False, 'italic': False, 'number_grouping': False, 'min_digits': 0, 'halign': 'center', 'valign': 'middle', 'rotation': 0, 'scale': 1.0, 'casing': None}, {'type': 'Text', 'text': 'FREE PLAY', 'color': [0.0, 0.5019607843137255, 0.0, 1], 'y': '10', 'anchor_y': 'bottom', '_default_settings': ['type', 'text', 'color', 'y', 'anchor_y'], 'x': None, 'anchor_x': 'center', 'round_anchor_x': None, 'round_anchor_y': None, 'opacity': 1.0, 'z': 0, 'reset_animations_events': {}, 'style': [], 'adjust_top': 0, 'adjust_bottom': 0, 'adjust_left': 0, 'adjust_right': 0, 'expire': None, 'key': None, 'widget': None, 'events_when_added': [], 'events_when_removed': [], 'font_size': 15, 'bitmap_font': False, 'font_kerning': True, 'bold': False, 'italic': False, 'number_grouping': False, 'min_digits': 0, 'halign': 'center', 'valign': 'middle', 'rotation': 0, 'scale': 1.0, 'casing': None, 'animations': None}], 'transition': {'type': 'move_in', 'duration': 1.0, 'direction': 'right', 'easing': 'out_quad'}, 'target': None, 'background_color': [0.0, 0.0, 0.0, 1.0], 'priority': None, 'show': True, 'force': False, 'expire': None, 'slide': None, 'tokens': {}, 'action': 'play'}}, 'context': 'show_1', 'calling_context': 1, 'priority': 10, 'show_tokens': {}, 'start_time': 25344.593}
2022-09-16 19:34:19,940 : mpfmc : SlidePlayer: Play called with settings={'press_start': {'widgets': [{'type': 'Text', 'text': 'PRESS START', 'animations': {'pre_show_slide': [{'property': ['opacity'], 'value': ['0'], 'duration': 0.5, 'relative': False, 'timing': 'after_previous', 'repeat': False, 'easing': 'linear'}, {'property': ['opacity'], 'value': ['1'], 'duration': 0.5, 'repeat': True, 'relative': False, 'timing': 'after_previous', 'easing': 'linear'}]}, '_default_settings': ['type', 'text', 'animations'], 'x': None, 'y': None, 'anchor_x': 'center', 'anchor_y': 'center', 'round_anchor_x': None, 'round_anchor_y': None, 'opacity': 1.0, 'z': 0, 'reset_animations_events': {}, 'color': [1.0, 1.0, 1.0, 1.0], 'style': [], 'adjust_top': 0, 'adjust_bottom': 0, 'adjust_left': 0, 'adjust_right': 0, 'expire': None, 'key': None, 'widget': None, 'events_when_added': [], 'events_when_removed': [], 'font_size': 15, 'bitmap_font': False, 'font_kerning': True, 'bold': False, 'italic': False, 'number_grouping': False, 'min_digits': 0, 'halign': 'center', 'valign': 'middle', 'rotation': 0, 'scale': 1.0, 'casing': None}, {'type': 'Text', 'text': 'FREE PLAY', 'color': [0.0, 0.5019607843137255, 0.0, 1], 'y': '10', 'anchor_y': 'bottom', '_default_settings': ['type', 'text', 'color', 'y', 'anchor_y'], 'x': None, 'anchor_x': 'center', 'round_anchor_x': None, 'round_anchor_y': None, 'opacity': 1.0, 'z': 0, 'reset_animations_events': {}, 'style': [], 'adjust_top': 0, 'adjust_bottom': 0, 'adjust_left': 0, 'adjust_right': 0, 'expire': None, 'key': None, 'widget': None, 'events_when_added': [], 'events_when_removed': [], 'font_size': 15, 'bitmap_font': False, 'font_kerning': True, 'bold': False, 'italic': False, 'number_grouping': False, 'min_digits': 0, 'halign': 'center', 'valign': 'middle', 'rotation': 0, 'scale': 1.0, 'casing': None, 'animations': None}], 'transition': {'type': 'move_in', 'duration': 1.0, 'direction': 'right', 'easing': 'out_quad'}, 'target': None, 'background_color': [0.0, 0.0, 0.0, 1.0], 'priority': None, 'show': True, 'force': False, 'expire': None, 'slide': None, 'tokens': {}, 'action': 'play'}}
2022-09-16 19:34:19,941 : EventManager : Event: ======'slide_press_start_removed'====== Args={}
2022-09-16 19:34:19,945 : EventManager : Event: ======'slide_press_start_created'====== Args={}
2022-09-16 19:34:19,946 : EventManager : Event: ======'slide_press_start_active'====== Args={}
2022-09-16 19:34:22,950 : EventManager : Event: ======'slides_play'====== Args={'settings': {'mission_pinball': {'widgets': [{'type': 'Text', 'text': 'MISSION PINBALL', 'color': [1.0, 0.0, 0.0, 1], '_default_settings': ['type', 'text', 'color'], 'x': None, 'y': None, 'anchor_x': 'center', 'anchor_y': 'center', 'round_anchor_x': None, 'round_anchor_y': None, 'opacity': 1.0, 'z': 0, 'reset_animations_events': {}, 'style': [], 'adjust_top': 0, 'adjust_bottom': 0, 'adjust_left': 0, 'adjust_right': 0, 'expire': None, 'key': None, 'widget': None, 'events_when_added': [], 'events_when_removed': [], 'font_size': 15, 'bitmap_font': False, 'font_kerning': True, 'bold': False, 'italic': False, 'number_grouping': False, 'min_digits': 0, 'halign': 'center', 'valign': 'middle', 'rotation': 0, 'scale': 1.0, 'casing': None, 'animations': None}], 'transition': {'type': 'move_in', 'duration': 1.0, 'direction': 'top', 'easing': 'out_quad'}, 'target': None, 'background_color': [0.0, 0.0, 0.0, 1.0], 'priority': None, 'show': True, 'force': False, 'expire': None, 'slide': None, 'tokens': {}, 'action': 'play'}}, 'context': 'show_1', 'calling_context': 2, 'priority': 10, 'show_tokens': {}, 'start_time': 25347.593}
2022-09-16 19:34:22,950 : mpfmc : SlidePlayer: Play called with settings={'mission_pinball': {'widgets': [{'type': 'Text', 'text': 'MISSION PINBALL', 'color': [1.0, 0.0, 0.0, 1], '_default_settings': ['type', 'text', 'color'], 'x': None, 'y': None, 'anchor_x': 'center', 'anchor_y': 'center', 'round_anchor_x': None, 'round_anchor_y': None, 'opacity': 1.0, 'z': 0, 'reset_animations_events': {}, 'style': [], 'adjust_top': 0, 'adjust_bottom': 0, 'adjust_left': 0, 'adjust_right': 0, 'expire': None, 'key': None, 'widget': None, 'events_when_added': [], 'events_when_removed': [], 'font_size': 15, 'bitmap_font': False, 'font_kerning': True, 'bold': False, 'italic': False, 'number_grouping': False, 'min_digits': 0, 'halign': 'center', 'valign': 'middle', 'rotation': 0, 'scale': 1.0, 'casing': None, 'animations': None}], 'transition': {'type': 'move_in', 'duration': 1.0, 'direction': 'top', 'easing': 'out_quad'}, 'target': None, 'background_color': [0.0, 0.0, 0.0, 1.0], 'priority': None, 'show': True, 'force': False, 'expire': None, 'slide': None, 'tokens': {}, 'action': 'play'}}
2022-09-16 19:34:22,951 : EventManager : Event: ======'slide_mission_pinball_removed'====== Args={}
2022-09-16 19:34:22,956 : EventManager : Event: ======'slide_mission_pinball_created'====== Args={}
2022-09-16 19:34:22,959 : EventManager : Event: ======'slide_mission_pinball_active'====== Args={}
2022-09-16 19:34:25,954 : EventManager : Event: ======'slides_play'====== Args={'settings': {'awesome_slide': {'widgets': [{'type': 'text', 'text': 'YOU ARE AWESOME', 'font_size': 50, '_default_settings': ['type', 'text', 'font_size'], 'x': None, 'y': None, 'anchor_x': 'center', 'anchor_y': 'center', 'round_anchor_x': None, 'round_anchor_y': None, 'opacity': 1.0, 'z': 0, 'reset_animations_events': {}, 'color': [1.0, 1.0, 1.0, 1.0], 'style': [], 'adjust_top': 0, 'adjust_bottom': 0, 'adjust_left': 0, 'adjust_right': 0, 'expire': None, 'key': None, 'widget': None, 'events_when_added': [], 'events_when_removed': [], 'bitmap_font': False, 'font_kerning': True, 'bold': False, 'italic': False, 'number_grouping': False, 'min_digits': 0, 'halign': 'center', 'valign': 'middle', 'rotation': 0, 'scale': 1.0, 'casing': None, 'animations': None}], 'transition': {'type': 'push', 'duration': 1.0, 'direction': 'left', 'easing': 'out_quad'}, 'target': None, 'background_color': [0.0, 0.0, 0.0, 1.0], 'priority': None, 'show': True, 'force': False, 'expire': None, 'slide': None, 'tokens': {}, 'action': 'play'}}, 'context': 'show_1', 'calling_context': 0, 'priority': 10, 'show_tokens': {}, 'start_time': 25350.593}
2022-09-16 19:34:25,954 : mpfmc : SlidePlayer: Play called with settings={'awesome_slide': {'widgets': [{'type': 'text', 'text': 'YOU ARE AWESOME', 'font_size': 50, '_default_settings': ['type', 'text', 'font_size'], 'x': None, 'y': None, 'anchor_x': 'center', 'anchor_y': 'center', 'round_anchor_x': None, 'round_anchor_y': None, 'opacity': 1.0, 'z': 0, 'reset_animations_events': {}, 'color': [1.0, 1.0, 1.0, 1.0], 'style': [], 'adjust_top': 0, 'adjust_bottom': 0, 'adjust_left': 0, 'adjust_right': 0, 'expire': None, 'key': None, 'widget': None, 'events_when_added': [], 'events_when_removed': [], 'bitmap_font': False, 'font_kerning': True, 'bold': False, 'italic': False, 'number_grouping': False, 'min_digits': 0, 'halign': 'center', 'valign': 'middle', 'rotation': 0, 'scale': 1.0, 'casing': None, 'animations': None}], 'transition': {'type': 'push', 'duration': 1.0, 'direction': 'left', 'easing': 'out_quad'}, 'target': None, 'background_color': [0.0, 0.0, 0.0, 1.0], 'priority': None, 'show': True, 'force': False, 'expire': None, 'slide': None, 'tokens': {}, 'action': 'play'}}
2022-09-16 19:34:25,955 : EventManager : Event: ======'slide_awesome_slide_removed'====== Args={}
2022-09-16 19:34:25,959 : EventManager : Event: ======'slide_awesome_slide_created'====== Args={}
2022-09-16 19:34:25,961 : EventManager : Event: ======'slide_awesome_slide_active'====== Args={}
2022-09-16 19:34:28,955 : EventManager : Event: ======'slides_play'====== Args={'settings': {'press_start': {'widgets': [{'type': 'Text', 'text': 'PRESS START', 'animations': {'pre_show_slide': [{'property': ['opacity'], 'value': ['0'], 'duration': 0.5, 'relative': False, 'timing': 'after_previous', 'repeat': False, 'easing': 'linear'}, {'property': ['opacity'], 'value': ['1'], 'duration': 0.5, 'repeat': True, 'relative': False, 'timing': 'after_previous', 'easing': 'linear'}]}, '_default_settings': ['type', 'text', 'animations'], 'x': None, 'y': None, 'anchor_x': 'center', 'anchor_y': 'center', 'round_anchor_x': None, 'round_anchor_y': None, 'opacity': 1.0, 'z': 0, 'reset_animations_events': {}, 'color': [1.0, 1.0, 1.0, 1.0], 'style': [], 'adjust_top': 0, 'adjust_bottom': 0, 'adjust_left': 0, 'adjust_right': 0, 'expire': None, 'key': None, 'widget': None, 'events_when_added': [], 'events_when_removed': [], 'font_size': 15, 'bitmap_font': False, 'font_kerning': True, 'bold': False, 'italic': False, 'number_grouping': False, 'min_digits': 0, 'halign': 'center', 'valign': 'middle', 'rotation': 0, 'scale': 1.0, 'casing': None}, {'type': 'Text', 'text': 'FREE PLAY', 'color': [0.0, 0.5019607843137255, 0.0, 1], 'y': '10', 'anchor_y': 'bottom', '_default_settings': ['type', 'text', 'color', 'y', 'anchor_y'], 'x': None, 'anchor_x': 'center', 'round_anchor_x': None, 'round_anchor_y': None, 'opacity': 1.0, 'z': 0, 'reset_animations_events': {}, 'style': [], 'adjust_top': 0, 'adjust_bottom': 0, 'adjust_left': 0, 'adjust_right': 0, 'expire': None, 'key': None, 'widget': None, 'events_when_added': [], 'events_when_removed': [], 'font_size': 15, 'bitmap_font': False, 'font_kerning': True, 'bold': False, 'italic': False, 'number_grouping': False, 'min_digits': 0, 'halign': 'center', 'valign': 'middle', 'rotation': 0, 'scale': 1.0, 'casing': None, 'animations': None}], 'transition': {'type': 'move_in', 'duration': 1.0, 'direction': 'right', 'easing': 'out_quad'}, 'target': None, 'background_color': [0.0, 0.0, 0.0, 1.0], 'priority': None, 'show': True, 'force': False, 'expire': None, 'slide': None, 'tokens': {}, 'action': 'play'}}, 'context': 'show_1', 'calling_context': 1, 'priority': 10, 'show_tokens': {}, 'start_time': 25353.593}
2022-09-16 19:34:28,955 : mpfmc : SlidePlayer: Play called with settings={'press_start': {'widgets': [{'type': 'Text', 'text': 'PRESS START', 'animations': {'pre_show_slide': [{'property': ['opacity'], 'value': ['0'], 'duration': 0.5, 'relative': False, 'timing': 'after_previous', 'repeat': False, 'easing': 'linear'}, {'property': ['opacity'], 'value': ['1'], 'duration': 0.5, 'repeat': True, 'relative': False, 'timing': 'after_previous', 'easing': 'linear'}]}, '_default_settings': ['type', 'text', 'animations'], 'x': None, 'y': None, 'anchor_x': 'center', 'anchor_y': 'center', 'round_anchor_x': None, 'round_anchor_y': None, 'opacity': 1.0, 'z': 0, 'reset_animations_events': {}, 'color': [1.0, 1.0, 1.0, 1.0], 'style': [], 'adjust_top': 0, 'adjust_bottom': 0, 'adjust_left': 0, 'adjust_right': 0, 'expire': None, 'key': None, 'widget': None, 'events_when_added': [], 'events_when_removed': [], 'font_size': 15, 'bitmap_font': False, 'font_kerning': True, 'bold': False, 'italic': False, 'number_grouping': False, 'min_digits': 0, 'halign': 'center', 'valign': 'middle', 'rotation': 0, 'scale': 1.0, 'casing': None}, {'type': 'Text', 'text': 'FREE PLAY', 'color': [0.0, 0.5019607843137255, 0.0, 1], 'y': '10', 'anchor_y': 'bottom', '_default_settings': ['type', 'text', 'color', 'y', 'anchor_y'], 'x': None, 'anchor_x': 'center', 'round_anchor_x': None, 'round_anchor_y': None, 'opacity': 1.0, 'z': 0, 'reset_animations_events': {}, 'style': [], 'adjust_top': 0, 'adjust_bottom': 0, 'adjust_left': 0, 'adjust_right': 0, 'expire': None, 'key': None, 'widget': None, 'events_when_added': [], 'events_when_removed': [], 'font_size': 15, 'bitmap_font': False, 'font_kerning': True, 'bold': False, 'italic': False, 'number_grouping': False, 'min_digits': 0, 'halign': 'center', 'valign': 'middle', 'rotation': 0, 'scale': 1.0, 'casing': None, 'animations': None}], 'transition': {'type': 'move_in', 'duration': 1.0, 'direction': 'right', 'easing': 'out_quad'}, 'target': None, 'background_color': [0.0, 0.0, 0.0, 1.0], 'priority': None, 'show': True, 'force': False, 'expire': None, 'slide': None, 'tokens': {}, 'action': 'play'}}
2022-09-16 19:34:28,957 : EventManager : Event: ======'slide_press_start_removed'====== Args={}
2022-09-16 19:34:28,961 : EventManager : Event: ======'slide_press_start_created'====== Args={}
2022-09-16 19:34:28,962 : EventManager : Event: ======'slide_press_start_active'====== Args={}
2022-09-16 19:34:29,155 : kivy : Base: Leaving application in progress...
2022-09-16 19:34:29,397 : mpfmc : Stopping...
2022-09-16 19:34:29,397 : EventManager : Event: ======'shutdown'====== Args={}
2022-09-16 19:34:29,397 : AudioInterface : Disabling audio playback
2022-09-16 19:34:29,397 : mpfmc : Loop rate 79.71 Hz
2022-09-16 19:34:29,397 : kivy : MC run loop ended.
2022-09-16 19:34:29,399 : kivy : Stopping child threads... (3 remaining)
2022-09-16 19:34:29,492 : mpfmc : Stopping...
2022-09-16 19:34:29,492 : EventManager : Event: ======'shutdown'====== Args={}
2022-09-16 19:34:29,492 : mpfmc : Loop rate 79.47 Hz
2022-09-16 19:34:29,964 : MPF-MC BCP Server : Stopping BCP sending thread
2022-09-16 19:34:30,051 : kivy : All child threads stopped.
