2022-09-25 09:22:30,284 : kivy : Factory: 186 symbols loaded
2022-09-25 09:22:30,484 : kivy : ImageLoaderFFPy: Using ffpyplayer 4.3.2
2022-09-25 09:22:30,484 : kivy : Image: Providers: img_tex, img_dds, img_sdl2, img_pil, img_ffpyplayer 
2022-09-25 09:22:30,571 : kivy : VideoGstplayer: Using Gstreamer 1.18.0.0
2022-09-25 09:22:30,571 : kivy : Video: Provider: gstplayer
2022-09-25 09:22:30,977 : kivy : Loading MPF-MC controller
2022-09-25 09:22:30,984 : YamlMultifileConfigLoader : Machine config file #1: config
2022-09-25 09:22:30,984 : ConfigProcessor : Config file in cache changed: C:\pinball\Pinball-MPF\mpfv1\config\config
2022-09-25 09:22:30,996 : ConfigProcessor : Loading config from file c:\Users\dorus\AppData\Local\Programs\Python\Python38\lib\site-packages\mpfmc\mcconfig.yaml.
2022-09-25 09:22:31,044 : ConfigProcessor : Loading config: c:\Users\dorus\AppData\Local\Programs\Python\Python38\lib\site-packages\mpfmc\mcconfig.yaml
2022-09-25 09:22:31,045 : ConfigProcessor : Loading config from file C:\pinball\Pinball-MPF\mpfv1\config\config.
2022-09-25 09:22:31,047 : ConfigProcessor : Loading config: C:\pinball\Pinball-MPF\mpfv1\config\config
2022-09-25 09:22:31,070 : ConfigProcessor : Loading config: C:\pinball\Pinball-MPF\mpfv1\config\hardware.yaml
2022-09-25 09:22:31,083 : ConfigProcessor : Loading config: C:\pinball\Pinball-MPF\mpfv1\config\sounds.yaml
2022-09-25 09:22:31,089 : ConfigProcessor : Loading config: C:\pinball\Pinball-MPF\mpfv1\config\display.yaml
2022-09-25 09:22:31,105 : ConfigProcessor : Loading config: C:\pinball\Pinball-MPF\mpfv1\config\keyboard.yaml
2022-09-25 09:22:31,108 : ConfigProcessor : Config file cache created: C:\Users\dorus\AppData\Local\Temp\f32a185fe7c15e1ddb52a61c9269bc7a.mpf_cache
2022-09-25 09:22:31,110 : ConfigProcessor : Loading config from cache: C:\Users\dorus\AppData\Local\Temp\553e7233ea46a134f7d567bdaac0e3b0.mpf_cache
2022-09-25 09:22:31,111 : ConfigProcessor : Loading config from cache: C:\Users\dorus\AppData\Local\Temp\07260a180478ebbc8de8f5df7d20f47d.mpf_cache
2022-09-25 09:22:31,112 : ConfigProcessor : Loading config from cache: C:\Users\dorus\AppData\Local\Temp\997bf01789d16ed996f231036966dd64.mpf_cache
2022-09-25 09:22:31,113 : ConfigProcessor : Loading config from cache: C:\Users\dorus\AppData\Local\Temp\99703a5eb7b45595525b767565d37410.mpf_cache
2022-09-25 09:22:31,114 : ConfigProcessor : Loading config from cache: C:\Users\dorus\AppData\Local\Temp\3bda3283678547d211760e16eb23b4da.mpf_cache
2022-09-25 09:22:31,124 : mpfmc : Mission Pinball Framework Media Controller v0.55.0
2022-09-25 09:22:31,124 : mpfmc : Mission Pinball Framework Game Engine v0.55.0
2022-09-25 09:22:31,125 : mpfmc : Machine path: C:\pinball\Pinball-MPF\mpfv1
2022-09-25 09:22:31,125 : mpfmc : Starting clock at 60.0Hz
2022-09-25 09:22:31,157 : kivy : Text: Provider: sdl2
2022-09-25 09:22:31,216 : kivy : Window: Provider: sdl2
2022-09-25 09:22:31,320 : kivy : GL: Using the "OpenGL" graphics system
2022-09-25 09:22:31,322 : kivy : GL: GLEW initialization succeeded
2022-09-25 09:22:31,322 : kivy : GL: Backend used <glew>
2022-09-25 09:22:31,322 : kivy : GL: OpenGL version <b'4.6.0 - Build 26.20.100.7372'>
2022-09-25 09:22:31,322 : kivy : GL: OpenGL vendor <b'Intel'>
2022-09-25 09:22:31,322 : kivy : GL: OpenGL renderer <b'Intel(R) UHD Graphics'>
2022-09-25 09:22:31,322 : kivy : GL: OpenGL parsed version: 4, 6
2022-09-25 09:22:31,322 : kivy : GL: Shading version <b'4.60 - Build 26.20.100.7372'>
2022-09-25 09:22:31,322 : kivy : GL: Texture max size <16384>
2022-09-25 09:22:31,322 : kivy : GL: Texture max units <32>
2022-09-25 09:22:31,366 : kivy : Window: auto add sdl2 input provider
2022-09-25 09:22:31,366 : kivy : Window: virtual keyboard not allowed, single mode, not docked
2022-09-25 09:22:31,651 : AudioInterface : Initialized
2022-09-25 09:22:31,652 : AudioInterface : Loaded SDL 2.0.12
2022-09-25 09:22:31,652 : AudioInterface : Loaded SDL_Mixer 2.0.4
2022-09-25 09:22:31,652 : AudioInterface : Loaded GStreamer 1.18.0.0
2022-09-25 09:22:31,652 : AudioInterface : Loaded GLib 2.62.6
2022-09-25 09:22:31,652 : AudioInterface : Settings requested - rate: 44100, channels: 1, buffer: 2048 samples
2022-09-25 09:22:31,652 : AudioInterface : Settings in use - rate: 44100, channels: 1, buffer: 2048 samples (4096 bytes @ 2 bytes per sample)
2022-09-25 09:22:31,652 : SoundSystem : Setting master volume to 0.0
2022-09-25 09:22:31,652 : SoundSystem : master_volume in sound_system is deprecated and will be removed in the future.
2022-09-25 09:22:31,652 : AudioInterface : Enabling audio playback
2022-09-25 09:22:31,654 : kivy : Base: Start application main loop
2022-09-25 09:22:31,654 : EventManager : Event: ======'display_window_initialized'====== Args={}
2022-09-25 09:22:31,667 : mpfmc : Display: Setting 'window' as default display
2022-09-25 09:22:31,674 : EventManager : Event: ======'displays_initialized'====== Args={}
2022-09-25 09:22:31,675 : EventManager : Event: ======'slide_window_blank_created'====== Args={}
2022-09-25 09:22:31,675 : EventManager : Event: ======'display_window_ready'====== Args={}
2022-09-25 09:22:31,686 : EventManager : Event: ======'init_phase_1'====== Args={}
2022-09-25 09:22:31,689 : EventManager : Event: ======'mc_ready'====== Args={}
2022-09-25 09:22:31,689 : EventManager : Event: ======'init_phase_2'====== Args={}
2022-09-25 09:22:31,691 : EventManager : Event: ======'init_phase_3'====== Args={}
2022-09-25 09:22:31,692 : EventManager : Event: ======'init_phase_4'====== Args={}
2022-09-25 09:22:31,692 : EventManager : Event: ======'init_phase_5'====== Args={}
2022-09-25 09:22:31,693 : EventManager : Event: ======'init_done'====== Args={}
2022-09-25 09:22:31,693 : MPF-MC BCP Server : Starting up on localhost port 5050
2022-09-25 09:22:31,696 : MPF-MC BCP Server : Waiting for a connection...
2022-09-25 09:22:31,697 : mpfmc : SlidePlayer: Play called with settings={'slides': {welcome_slide-None-None: {'priority': None, 'target': None, 'background_color': [0.0, 0.0, 0.0, 1.0], 'show': True, 'force': False, 'expire': None, 'slide': None, 'tokens': {}, 'action': 'play', 'transition': None, 'transition_out': None}}}
2022-09-25 09:22:31,700 : kivy : GL: NPOT texture support is available
2022-09-25 09:22:31,702 : EventManager : Event: ======'slide_welcome_slide_created'====== Args={}
2022-09-25 09:22:31,704 : EventManager : Event: ======'slide_welcome_slide_active'====== Args={}
2022-09-25 09:22:31,709 : EventManager : Event: ======'client_disconnected'====== Args={'host': '127.0.0.1', 'port': 5050}
2022-09-25 09:22:32,700 : MPF-MC BCP Server : Received connection from: 127.0.0.1:65435
2022-09-25 09:22:32,704 : EventManager : Event: ======'client_connected'====== Args={'host': '127.0.0.1', 'port': 65435}
2022-09-25 09:22:32,718 : EventManager : Event: ======'machine_var_credits_string'====== Args={'value': 'FREE PLAY', 'prev_value': None, 'change': True}
2022-09-25 09:22:32,718 : EventManager : Event: ======'machine_var_master_volume'====== Args={'value': 0.5, 'prev_value': None, 'change': True}
2022-09-25 09:22:32,718 : EventManager : Event: ======'machine_var_player1_score'====== Args={'value': 33100, 'prev_value': None, 'change': True}
2022-09-25 09:22:32,718 : EventManager : Event: ======'machine_var_mpf_version'====== Args={'value': 'MPF v0.55.0', 'prev_value': None, 'change': True}
2022-09-25 09:22:32,718 : EventManager : Event: ======'machine_var_mpf_extended_version'====== Args={'value': 'MPF v0.55.0, Config version:5, Show version: 5, BCP version:1.1', 'prev_value': None, 'change': True}
2022-09-25 09:22:32,718 : EventManager : Event: ======'machine_var_python_version'====== Args={'value': '3.8.10', 'prev_value': None, 'change': True}
2022-09-25 09:22:32,718 : EventManager : Event: ======'machine_var_platform'====== Args={'value': 'Windows-10-10.0.19044-SP0', 'prev_value': None, 'change': True}
2022-09-25 09:22:32,718 : EventManager : Event: ======'machine_var_platform_system'====== Args={'value': 'Windows', 'prev_value': None, 'change': True}
2022-09-25 09:22:32,718 : EventManager : Event: ======'machine_var_platform_release'====== Args={'value': '10', 'prev_value': None, 'change': True}
2022-09-25 09:22:32,718 : EventManager : Event: ======'machine_var_platform_version'====== Args={'value': '10.0.19044', 'prev_value': None, 'change': True}
2022-09-25 09:22:32,718 : EventManager : Event: ======'machine_var_platform_machine'====== Args={'value': 'AMD64', 'prev_value': None, 'change': True}
2022-09-25 09:22:32,718 : EventManager : Event: ======'machine_var_mc_version'====== Args={'value': 'MPF-MC v0.55.0', 'prev_value': None, 'change': True}
2022-09-25 09:22:32,719 : EventManager : Event: ======'machine_var_mc_extended_version'====== Args={'value': 'MPF-MC v0.55.0 (config_version=5, BCP v1.1, Requires MPF v0.55.0-dev.49)', 'prev_value': None, 'change': True}
2022-09-25 09:22:32,719 : SoundSystem : Setting master volume to 0.5
2022-09-25 09:22:32,818 : EventManager : Event: ======'machine_var_audits_events_game_ended'====== Args={'value': 0, 'prev_value': None, 'change': True}
2022-09-25 09:22:32,818 : EventManager : Event: ======'machine_var_audits_events_game_started'====== Args={'value': 0, 'prev_value': None, 'change': True}
2022-09-25 09:22:32,818 : EventManager : Event: ======'machine_var_audits_player_score'====== Args={'value': {'average': 26575.0, 'top': [41000, 33100, 31800, 31200, 27600, 20200, 17500, 10200], 'total': 8}, 'prev_value': None, 'change': True}
2022-09-25 09:22:32,818 : EventManager : Event: ======'machine_var_audits_shots_lane_top_1'====== Args={'value': 108, 'prev_value': None, 'change': True}
2022-09-25 09:22:32,819 : EventManager : Event: ======'machine_var_audits_shots_lane_top_2'====== Args={'value': 104, 'prev_value': None, 'change': True}
2022-09-25 09:22:32,819 : EventManager : Event: ======'machine_var_audits_shots_lane_top_3'====== Args={'value': 84, 'prev_value': None, 'change': True}
2022-09-25 09:22:32,819 : EventManager : Event: ======'machine_var_audits_shots_orbit'====== Args={'value': 23, 'prev_value': None, 'change': True}
2022-09-25 09:22:32,819 : EventManager : Event: ======'machine_var_audits_shots_spinner'====== Args={'value': 178, 'prev_value': None, 'change': True}
2022-09-25 09:22:32,819 : EventManager : Event: ======'machine_var_audits_switches_s_bottomlane1'====== Args={'value': 7, 'prev_value': None, 'change': True}
2022-09-25 09:22:32,819 : EventManager : Event: ======'machine_var_audits_switches_s_bottomlane2'====== Args={'value': 10, 'prev_value': None, 'change': True}
2022-09-25 09:22:32,819 : EventManager : Event: ======'machine_var_audits_switches_s_bottomlane3'====== Args={'value': 11, 'prev_value': None, 'change': True}
2022-09-25 09:22:32,819 : EventManager : Event: ======'machine_var_audits_switches_s_bottomlane4'====== Args={'value': 22, 'prev_value': None, 'change': True}
2022-09-25 09:22:32,819 : EventManager : Event: ======'machine_var_audits_switches_s_bottomlane5'====== Args={'value': 2, 'prev_value': None, 'change': True}
2022-09-25 09:22:32,819 : EventManager : Event: ======'machine_var_audits_switches_s_drop1'====== Args={'value': 27, 'prev_value': None, 'change': True}
2022-09-25 09:22:32,819 : EventManager : Event: ======'machine_var_audits_switches_s_drop2'====== Args={'value': 10, 'prev_value': None, 'change': True}
2022-09-25 09:22:32,819 : EventManager : Event: ======'machine_var_audits_switches_s_drop3'====== Args={'value': 8, 'prev_value': None, 'change': True}
2022-09-25 09:22:32,819 : EventManager : Event: ======'machine_var_audits_switches_s_launch'====== Args={'value': 11, 'prev_value': None, 'change': True}
2022-09-25 09:22:32,819 : EventManager : Event: ======'machine_var_audits_switches_s_left01'====== Args={'value': 26, 'prev_value': None, 'change': True}
2022-09-25 09:22:32,819 : EventManager : Event: ======'machine_var_audits_switches_s_left02'====== Args={'value': 27, 'prev_value': None, 'change': True}
2022-09-25 09:22:32,819 : EventManager : Event: ======'machine_var_audits_switches_s_left03'====== Args={'value': 20, 'prev_value': None, 'change': True}
2022-09-25 09:22:32,820 : EventManager : Event: ======'machine_var_audits_switches_s_left_sling'====== Args={'value': 30, 'prev_value': None, 'change': True}
2022-09-25 09:22:32,820 : EventManager : Event: ======'machine_var_audits_switches_s_orbit1'====== Args={'value': 45, 'prev_value': None, 'change': True}
2022-09-25 09:22:32,820 : EventManager : Event: ======'machine_var_audits_switches_s_orbit2'====== Args={'value': 0, 'prev_value': None, 'change': True}
2022-09-25 09:22:32,820 : EventManager : Event: ======'machine_var_audits_switches_s_plunger_lane'====== Args={'value': 77, 'prev_value': None, 'change': True}
2022-09-25 09:22:32,820 : EventManager : Event: ======'machine_var_audits_switches_s_popbumber_1'====== Args={'value': 52, 'prev_value': None, 'change': True}
2022-09-25 09:22:32,820 : EventManager : Event: ======'machine_var_audits_switches_s_popbumber_2'====== Args={'value': 82, 'prev_value': None, 'change': True}
2022-09-25 09:22:32,820 : EventManager : Event: ======'machine_var_audits_switches_s_popbumber_3'====== Args={'value': 31, 'prev_value': None, 'change': True}
2022-09-25 09:22:32,820 : EventManager : Event: ======'machine_var_audits_switches_s_ramp'====== Args={'value': 34, 'prev_value': None, 'change': True}
2022-09-25 09:22:32,820 : EventManager : Event: ======'machine_var_audits_switches_s_right_sling'====== Args={'value': 61, 'prev_value': None, 'change': True}
2022-09-25 09:22:32,820 : EventManager : Event: ======'machine_var_audits_switches_s_rigth01'====== Args={'value': 54, 'prev_value': None, 'change': True}
2022-09-25 09:22:32,820 : EventManager : Event: ======'machine_var_audits_switches_s_rigth02'====== Args={'value': 23, 'prev_value': None, 'change': True}
2022-09-25 09:22:32,820 : EventManager : Event: ======'machine_var_audits_switches_s_rigth03'====== Args={'value': 14, 'prev_value': None, 'change': True}
2022-09-25 09:22:32,820 : EventManager : Event: ======'machine_var_audits_switches_s_spinner'====== Args={'value': 271, 'prev_value': None, 'change': True}
2022-09-25 09:22:32,820 : EventManager : Event: ======'machine_var_audits_switches_s_start'====== Args={'value': 0, 'prev_value': None, 'change': True}
2022-09-25 09:22:32,820 : EventManager : Event: ======'machine_var_audits_switches_s_top'====== Args={'value': 11, 'prev_value': None, 'change': True}
2022-09-25 09:22:32,820 : EventManager : Event: ======'machine_var_audits_switches_s_toplane1'====== Args={'value': 195, 'prev_value': None, 'change': True}
2022-09-25 09:22:32,820 : EventManager : Event: ======'machine_var_audits_switches_s_toplane2'====== Args={'value': 111, 'prev_value': None, 'change': True}
2022-09-25 09:22:32,820 : EventManager : Event: ======'machine_var_audits_switches_s_toplane3'====== Args={'value': 91, 'prev_value': None, 'change': True}
2022-09-25 09:22:32,821 : EventManager : Event: ======'machine_var_audits_switches_s_trough1'====== Args={'value': 29, 'prev_value': None, 'change': True}
2022-09-25 09:22:32,821 : EventManager : Event: ======'machine_var_audits_switches_s_trough2'====== Args={'value': 34, 'prev_value': None, 'change': True}
2022-09-25 09:22:32,821 : EventManager : Event: ======'machine_var_audits_switches_s_trough3'====== Args={'value': 26, 'prev_value': None, 'change': True}
2022-09-25 09:22:32,821 : EventManager : Event: ======'machine_var_audits_switches_s_trough4'====== Args={'value': 33, 'prev_value': None, 'change': True}
2022-09-25 09:22:32,821 : EventManager : Event: ======'machine_var_audits_switches_s_trough5'====== Args={'value': 25, 'prev_value': None, 'change': True}
2022-09-25 09:22:32,821 : EventManager : Event: ======'machine_var_audits_switches_s_trough6'====== Args={'value': 24, 'prev_value': None, 'change': True}
2022-09-25 09:22:32,821 : EventManager : Event: ======'machine_var_audits_switches_s_trough_jam'====== Args={'value': 26, 'prev_value': None, 'change': True}
2022-09-25 09:22:32,821 : EventManager : Event: ======'machine_var_audits_switches_s_vukmid'====== Args={'value': 24, 'prev_value': None, 'change': True}
2022-09-25 09:22:32,821 : EventManager : Event: ======'machine_var_audits_switches_s_vuktop'====== Args={'value': 9, 'prev_value': None, 'change': True}
2022-09-25 09:22:32,830 : EventManager : Event: ======'slides_play'====== Args={'settings': {'welcome_slide': {'target': None, 'background_color': [0.0, 0.0, 0.0, 1.0], 'priority': None, 'show': True, 'force': False, 'expire': None, 'slide': None, 'tokens': {}, 'action': 'play'}}, 'context': '_global', 'calling_context': 'init_done', 'priority': 0}
2022-09-25 09:22:32,830 : EventManager : Event: ======'mc_reset_phase_1'====== Args={}
2022-09-25 09:22:32,830 : mpfmc : SlidePlayer: Play called with settings={'welcome_slide': {'target': None, 'background_color': [0.0, 0.0, 0.0, 1.0], 'priority': None, 'show': True, 'force': False, 'expire': None, 'slide': None, 'tokens': {}, 'action': 'play'}}
2022-09-25 09:22:32,830 : EventManager : Event: ======'slide_welcome_slide_removed'====== Args={}
2022-09-25 09:22:32,834 : EventManager : Event: ======'slide_welcome_slide_created'====== Args={}
2022-09-25 09:22:32,835 : EventManager : Event: ======'mc_reset_phase_2'====== Args={}
2022-09-25 09:22:32,835 : EventManager : Event: ======'mc_reset_phase_3'====== Args={}
2022-09-25 09:22:32,835 : EventManager : Event: ======'mc_reset_complete'====== Args={}
2022-09-25 09:22:32,836 : EventManager : Event: ======'slide_welcome_slide_active'====== Args={}
2022-09-25 09:22:32,852 : EventManager : Event: ======'slides_play'====== Args={'settings': {'awesome_slide': {'widgets': [{'type': 'text', 'text': 'YOU ARE AWESOME', 'font_size': 50, '_default_settings': ['type', 'text', 'font_size'], 'x': None, 'y': None, 'anchor_x': 'center', 'anchor_y': 'center', 'round_anchor_x': None, 'round_anchor_y': None, 'opacity': 1.0, 'z': 0, 'reset_animations_events': {}, 'color': [1.0, 1.0, 1.0, 1.0], 'style': [], 'adjust_top': 0, 'adjust_bottom': 0, 'adjust_left': 0, 'adjust_right': 0, 'expire': None, 'key': None, 'widget': None, 'events_when_added': [], 'events_when_removed': [], 'bitmap_font': False, 'font_kerning': True, 'bold': False, 'italic': False, 'number_grouping': False, 'min_digits': 0, 'halign': 'center', 'valign': 'middle', 'rotation': 0, 'scale': 1.0, 'casing': None, 'animations': None}], 'transition': {'type': 'push', 'duration': 1.0, 'direction': 'left', 'easing': 'out_quad'}, 'target': None, 'background_color': [0.0, 0.0, 0.0, 1.0], 'priority': None, 'show': True, 'force': False, 'expire': None, 'slide': None, 'tokens': {}, 'action': 'play'}}, 'context': 'show_2', 'calling_context': 0, 'priority': 10, 'show_tokens': {}, 'start_time': 766233.156}
2022-09-25 09:22:32,852 : EventManager : Event: ======'sounds_play'====== Args={'settings': {'musicslow': {'action': 'play', 'loops': -1, 'priority': None, 'block': False, 'delay': None, 'track': None, 'volume': None, 'pan': None, 'start_at': None, 'fade_in': None, 'fade_out': None, 'about_to_finish_time': -1.0, 'max_queue_time': -1.0, 'events_when_played': ['use_sound_setting'], 'events_when_stopped': ['use_sound_setting'], 'events_when_looping': ['use_sound_setting'], 'events_when_about_to_finish': ['use_sound_setting'], 'mode_end_action': 'use_sound_setting', 'key': 'use_sound_setting'}}, 'context': '_global', 'calling_context': 'mode_attract_started', 'priority': 0}
2022-09-25 09:22:32,852 : mpfmc : SlidePlayer: Play called with settings={'awesome_slide': {'widgets': [{'type': 'text', 'text': 'YOU ARE AWESOME', 'font_size': 50, '_default_settings': ['type', 'text', 'font_size'], 'x': None, 'y': None, 'anchor_x': 'center', 'anchor_y': 'center', 'round_anchor_x': None, 'round_anchor_y': None, 'opacity': 1.0, 'z': 0, 'reset_animations_events': {}, 'color': [1.0, 1.0, 1.0, 1.0], 'style': [], 'adjust_top': 0, 'adjust_bottom': 0, 'adjust_left': 0, 'adjust_right': 0, 'expire': None, 'key': None, 'widget': None, 'events_when_added': [], 'events_when_removed': [], 'bitmap_font': False, 'font_kerning': True, 'bold': False, 'italic': False, 'number_grouping': False, 'min_digits': 0, 'halign': 'center', 'valign': 'middle', 'rotation': 0, 'scale': 1.0, 'casing': None, 'animations': None}], 'transition': {'type': 'push', 'duration': 1.0, 'direction': 'left', 'easing': 'out_quad'}, 'target': None, 'background_color': [0.0, 0.0, 0.0, 1.0], 'priority': None, 'show': True, 'force': False, 'expire': None, 'slide': None, 'tokens': {}, 'action': 'play'}}
2022-09-25 09:22:32,854 : EventManager : Event: ======'slide_awesome_slide_created'====== Args={}
2022-09-25 09:22:32,856 : EventManager : Event: ======'slide_awesome_slide_active'====== Args={}
2022-09-25 09:22:32,880 : EventManager : Event: ======'loading_assets'====== Args={'total': 1, 'loaded': 1, 'remaining': 0, 'percent': 100}
2022-09-25 09:22:32,881 : AssetManager : Asset loading took: 1.2285511493682861
2022-09-25 09:22:32,881 : EventManager : Event: ======'asset_loading_complete'====== Args={}
2022-09-25 09:22:32,881 : AssetManager : Loading assets: 1/1 (100%)
2022-09-25 09:22:35,843 : EventManager : Event: ======'slides_play'====== Args={'settings': {'press_start': {'widgets': [{'type': 'Text', 'text': 'PRESS START', 'animations': {'pre_show_slide': [{'property': ['opacity'], 'value': ['0'], 'duration': 0.5, 'relative': False, 'timing': 'after_previous', 'repeat': False, 'easing': 'linear'}, {'property': ['opacity'], 'value': ['1'], 'duration': 0.5, 'repeat': True, 'relative': False, 'timing': 'after_previous', 'easing': 'linear'}]}, '_default_settings': ['type', 'text', 'animations'], 'x': None, 'y': None, 'anchor_x': 'center', 'anchor_y': 'center', 'round_anchor_x': None, 'round_anchor_y': None, 'opacity': 1.0, 'z': 0, 'reset_animations_events': {}, 'color': [1.0, 1.0, 1.0, 1.0], 'style': [], 'adjust_top': 0, 'adjust_bottom': 0, 'adjust_left': 0, 'adjust_right': 0, 'expire': None, 'key': None, 'widget': None, 'events_when_added': [], 'events_when_removed': [], 'font_size': 15, 'bitmap_font': False, 'font_kerning': True, 'bold': False, 'italic': False, 'number_grouping': False, 'min_digits': 0, 'halign': 'center', 'valign': 'middle', 'rotation': 0, 'scale': 1.0, 'casing': None}, {'type': 'Text', 'text': 'FREE PLAY', 'color': [0.0, 0.5019607843137255, 0.0, 1], 'y': '10', 'anchor_y': 'bottom', '_default_settings': ['type', 'text', 'color', 'y', 'anchor_y'], 'x': None, 'anchor_x': 'center', 'round_anchor_x': None, 'round_anchor_y': None, 'opacity': 1.0, 'z': 0, 'reset_animations_events': {}, 'style': [], 'adjust_top': 0, 'adjust_bottom': 0, 'adjust_left': 0, 'adjust_right': 0, 'expire': None, 'key': None, 'widget': None, 'events_when_added': [], 'events_when_removed': [], 'font_size': 15, 'bitmap_font': False, 'font_kerning': True, 'bold': False, 'italic': False, 'number_grouping': False, 'min_digits': 0, 'halign': 'center', 'valign': 'middle', 'rotation': 0, 'scale': 1.0, 'casing': None, 'animations': None}], 'transition': {'type': 'move_in', 'duration': 1.0, 'direction': 'right', 'easing': 'out_quad'}, 'target': None, 'background_color': [0.0, 0.0, 0.0, 1.0], 'priority': None, 'show': True, 'force': False, 'expire': None, 'slide': None, 'tokens': {}, 'action': 'play'}}, 'context': 'show_2', 'calling_context': 1, 'priority': 10, 'show_tokens': {}, 'start_time': 766236.156}
2022-09-25 09:22:35,843 : mpfmc : SlidePlayer: Play called with settings={'press_start': {'widgets': [{'type': 'Text', 'text': 'PRESS START', 'animations': {'pre_show_slide': [{'property': ['opacity'], 'value': ['0'], 'duration': 0.5, 'relative': False, 'timing': 'after_previous', 'repeat': False, 'easing': 'linear'}, {'property': ['opacity'], 'value': ['1'], 'duration': 0.5, 'repeat': True, 'relative': False, 'timing': 'after_previous', 'easing': 'linear'}]}, '_default_settings': ['type', 'text', 'animations'], 'x': None, 'y': None, 'anchor_x': 'center', 'anchor_y': 'center', 'round_anchor_x': None, 'round_anchor_y': None, 'opacity': 1.0, 'z': 0, 'reset_animations_events': {}, 'color': [1.0, 1.0, 1.0, 1.0], 'style': [], 'adjust_top': 0, 'adjust_bottom': 0, 'adjust_left': 0, 'adjust_right': 0, 'expire': None, 'key': None, 'widget': None, 'events_when_added': [], 'events_when_removed': [], 'font_size': 15, 'bitmap_font': False, 'font_kerning': True, 'bold': False, 'italic': False, 'number_grouping': False, 'min_digits': 0, 'halign': 'center', 'valign': 'middle', 'rotation': 0, 'scale': 1.0, 'casing': None}, {'type': 'Text', 'text': 'FREE PLAY', 'color': [0.0, 0.5019607843137255, 0.0, 1], 'y': '10', 'anchor_y': 'bottom', '_default_settings': ['type', 'text', 'color', 'y', 'anchor_y'], 'x': None, 'anchor_x': 'center', 'round_anchor_x': None, 'round_anchor_y': None, 'opacity': 1.0, 'z': 0, 'reset_animations_events': {}, 'style': [], 'adjust_top': 0, 'adjust_bottom': 0, 'adjust_left': 0, 'adjust_right': 0, 'expire': None, 'key': None, 'widget': None, 'events_when_added': [], 'events_when_removed': [], 'font_size': 15, 'bitmap_font': False, 'font_kerning': True, 'bold': False, 'italic': False, 'number_grouping': False, 'min_digits': 0, 'halign': 'center', 'valign': 'middle', 'rotation': 0, 'scale': 1.0, 'casing': None, 'animations': None}], 'transition': {'type': 'move_in', 'duration': 1.0, 'direction': 'right', 'easing': 'out_quad'}, 'target': None, 'background_color': [0.0, 0.0, 0.0, 1.0], 'priority': None, 'show': True, 'force': False, 'expire': None, 'slide': None, 'tokens': {}, 'action': 'play'}}
2022-09-25 09:22:35,848 : EventManager : Event: ======'slide_press_start_created'====== Args={}
2022-09-25 09:22:35,850 : EventManager : Event: ======'slide_press_start_active'====== Args={}
2022-09-25 09:22:38,847 : EventManager : Event: ======'slides_play'====== Args={'settings': {'mission_pinball': {'widgets': [{'type': 'Text', 'text': 'MISSION PINBALL', 'color': [1.0, 0.0, 0.0, 1], '_default_settings': ['type', 'text', 'color'], 'x': None, 'y': None, 'anchor_x': 'center', 'anchor_y': 'center', 'round_anchor_x': None, 'round_anchor_y': None, 'opacity': 1.0, 'z': 0, 'reset_animations_events': {}, 'style': [], 'adjust_top': 0, 'adjust_bottom': 0, 'adjust_left': 0, 'adjust_right': 0, 'expire': None, 'key': None, 'widget': None, 'events_when_added': [], 'events_when_removed': [], 'font_size': 15, 'bitmap_font': False, 'font_kerning': True, 'bold': False, 'italic': False, 'number_grouping': False, 'min_digits': 0, 'halign': 'center', 'valign': 'middle', 'rotation': 0, 'scale': 1.0, 'casing': None, 'animations': None}], 'transition': {'type': 'move_in', 'duration': 1.0, 'direction': 'top', 'easing': 'out_quad'}, 'target': None, 'background_color': [0.0, 0.0, 0.0, 1.0], 'priority': None, 'show': True, 'force': False, 'expire': None, 'slide': None, 'tokens': {}, 'action': 'play'}}, 'context': 'show_2', 'calling_context': 2, 'priority': 10, 'show_tokens': {}, 'start_time': 766239.156}
2022-09-25 09:22:38,847 : mpfmc : SlidePlayer: Play called with settings={'mission_pinball': {'widgets': [{'type': 'Text', 'text': 'MISSION PINBALL', 'color': [1.0, 0.0, 0.0, 1], '_default_settings': ['type', 'text', 'color'], 'x': None, 'y': None, 'anchor_x': 'center', 'anchor_y': 'center', 'round_anchor_x': None, 'round_anchor_y': None, 'opacity': 1.0, 'z': 0, 'reset_animations_events': {}, 'style': [], 'adjust_top': 0, 'adjust_bottom': 0, 'adjust_left': 0, 'adjust_right': 0, 'expire': None, 'key': None, 'widget': None, 'events_when_added': [], 'events_when_removed': [], 'font_size': 15, 'bitmap_font': False, 'font_kerning': True, 'bold': False, 'italic': False, 'number_grouping': False, 'min_digits': 0, 'halign': 'center', 'valign': 'middle', 'rotation': 0, 'scale': 1.0, 'casing': None, 'animations': None}], 'transition': {'type': 'move_in', 'duration': 1.0, 'direction': 'top', 'easing': 'out_quad'}, 'target': None, 'background_color': [0.0, 0.0, 0.0, 1.0], 'priority': None, 'show': True, 'force': False, 'expire': None, 'slide': None, 'tokens': {}, 'action': 'play'}}
2022-09-25 09:22:38,852 : EventManager : Event: ======'slide_mission_pinball_created'====== Args={}
2022-09-25 09:22:38,853 : EventManager : Event: ======'slide_mission_pinball_active'====== Args={}
2022-09-25 09:22:41,846 : EventManager : Event: ======'slides_play'====== Args={'settings': {'awesome_slide': {'widgets': [{'type': 'text', 'text': 'YOU ARE AWESOME', 'font_size': 50, '_default_settings': ['type', 'text', 'font_size'], 'x': None, 'y': None, 'anchor_x': 'center', 'anchor_y': 'center', 'round_anchor_x': None, 'round_anchor_y': None, 'opacity': 1.0, 'z': 0, 'reset_animations_events': {}, 'color': [1.0, 1.0, 1.0, 1.0], 'style': [], 'adjust_top': 0, 'adjust_bottom': 0, 'adjust_left': 0, 'adjust_right': 0, 'expire': None, 'key': None, 'widget': None, 'events_when_added': [], 'events_when_removed': [], 'bitmap_font': False, 'font_kerning': True, 'bold': False, 'italic': False, 'number_grouping': False, 'min_digits': 0, 'halign': 'center', 'valign': 'middle', 'rotation': 0, 'scale': 1.0, 'casing': None, 'animations': None}], 'transition': {'type': 'push', 'duration': 1.0, 'direction': 'left', 'easing': 'out_quad'}, 'target': None, 'background_color': [0.0, 0.0, 0.0, 1.0], 'priority': None, 'show': True, 'force': False, 'expire': None, 'slide': None, 'tokens': {}, 'action': 'play'}}, 'context': 'show_2', 'calling_context': 0, 'priority': 10, 'show_tokens': {}, 'start_time': 766242.156}
2022-09-25 09:22:41,846 : mpfmc : SlidePlayer: Play called with settings={'awesome_slide': {'widgets': [{'type': 'text', 'text': 'YOU ARE AWESOME', 'font_size': 50, '_default_settings': ['type', 'text', 'font_size'], 'x': None, 'y': None, 'anchor_x': 'center', 'anchor_y': 'center', 'round_anchor_x': None, 'round_anchor_y': None, 'opacity': 1.0, 'z': 0, 'reset_animations_events': {}, 'color': [1.0, 1.0, 1.0, 1.0], 'style': [], 'adjust_top': 0, 'adjust_bottom': 0, 'adjust_left': 0, 'adjust_right': 0, 'expire': None, 'key': None, 'widget': None, 'events_when_added': [], 'events_when_removed': [], 'bitmap_font': False, 'font_kerning': True, 'bold': False, 'italic': False, 'number_grouping': False, 'min_digits': 0, 'halign': 'center', 'valign': 'middle', 'rotation': 0, 'scale': 1.0, 'casing': None, 'animations': None}], 'transition': {'type': 'push', 'duration': 1.0, 'direction': 'left', 'easing': 'out_quad'}, 'target': None, 'background_color': [0.0, 0.0, 0.0, 1.0], 'priority': None, 'show': True, 'force': False, 'expire': None, 'slide': None, 'tokens': {}, 'action': 'play'}}
2022-09-25 09:22:41,847 : EventManager : Event: ======'slide_awesome_slide_removed'====== Args={}
2022-09-25 09:22:41,849 : EventManager : Event: ======'slide_awesome_slide_created'====== Args={}
2022-09-25 09:22:41,850 : EventManager : Event: ======'slide_awesome_slide_active'====== Args={}
2022-09-25 09:22:41,980 : EventManager : Event: ======'game_started'====== Args={}
2022-09-25 09:22:41,980 : EventManager : Event: ======'slides_clear'====== Args={'context': 'show_2'}
2022-09-25 09:22:41,980 : EventManager : Event: ======'sounds_play'====== Args={'settings': {'musicslow': {'action': 'stop', 'priority': None, 'block': False, 'delay': None, 'track': None, 'volume': None, 'pan': None, 'loops': None, 'start_at': None, 'fade_in': None, 'fade_out': None, 'about_to_finish_time': -1.0, 'max_queue_time': -1.0, 'events_when_played': ['use_sound_setting'], 'events_when_stopped': ['use_sound_setting'], 'events_when_looping': ['use_sound_setting'], 'events_when_about_to_finish': ['use_sound_setting'], 'mode_end_action': 'use_sound_setting', 'key': 'use_sound_setting'}}, 'context': '_global', 'calling_context': 'mode_attract_stopped', 'priority': 0}
2022-09-25 09:22:41,980 : EventManager : Event: ======'slide_press_start_removed'====== Args={}
2022-09-25 09:22:41,981 : EventManager : Event: ======'slide_mission_pinball_removed'====== Args={}
2022-09-25 09:22:41,982 : EventManager : Event: ======'slide_awesome_slide_removed'====== Args={}
2022-09-25 09:22:41,983 : EventManager : Event: ======'slide_welcome_slide_active'====== Args={}
2022-09-25 09:22:41,992 : EventManager : Event: ======'player_added'====== Args={'player': <Player 1>, 'num': 1}
2022-09-25 09:22:41,992 : EventManager : Event: ======'player_index'====== Args={'value': 0, 'prev_value': 0, 'change': 0, 'player_num': 1}
2022-09-25 09:22:41,992 : EventManager : Event: ======'player_number'====== Args={'value': 1, 'prev_value': 1, 'change': 0, 'player_num': 1}
2022-09-25 09:22:41,992 : EventManager : Event: ======'player_score'====== Args={'value': 0, 'prev_value': 0, 'change': 0, 'player_num': 1}
2022-09-25 09:22:42,016 : EventManager : Event: ======'player_ball'====== Args={'value': 1, 'prev_value': 0, 'change': 1, 'player_num': 1}
2022-09-25 09:22:42,016 : EventManager : Event: ======'player_turn_start'====== Args={'number': 1, 'player': <Player 1>}
2022-09-25 09:22:42,016 : EventManager : Event: ======'player_shot_spinner_enabled'====== Args={'value': True, 'prev_value': 0, 'change': 1, 'player_num': 1}
2022-09-25 09:22:42,028 : EventManager : Event: ======'player_shot_orbit_enabled'====== Args={'value': True, 'prev_value': 0, 'change': 1, 'player_num': 1}
2022-09-25 09:22:42,028 : EventManager : Event: ======'slides_play'====== Args={'settings': {'widgets': {'widgets': [{'type': 'text', 'text': '(score)', 'number_grouping': True, 'min_digits': 2, 'font_size': 100, '_default_settings': ['type', 'text', 'number_grouping', 'min_digits', 'font_size'], 'x': None, 'y': None, 'anchor_x': 'center', 'anchor_y': 'center', 'round_anchor_x': None, 'round_anchor_y': None, 'opacity': 1.0, 'z': 0, 'reset_animations_events': {}, 'color': [1.0, 1.0, 1.0, 1.0], 'style': [], 'adjust_top': 0, 'adjust_bottom': 0, 'adjust_left': 0, 'adjust_right': 0, 'expire': None, 'key': None, 'widget': None, 'events_when_added': [], 'events_when_removed': [], 'bitmap_font': False, 'font_kerning': True, 'bold': False, 'italic': False, 'halign': 'center', 'valign': 'middle', 'rotation': 0, 'scale': 1.0, 'casing': None, 'animations': None}, {'type': 'text', 'text': 'PLAYER (number)', 'y': '10', 'x': '10', 'font_size': 50, 'anchor_x': 'left', 'anchor_y': 'bottom', '_default_settings': ['type', 'text', 'y', 'x', 'font_size', 'anchor_x', 'anchor_y'], 'round_anchor_x': None, 'round_anchor_y': None, 'opacity': 1.0, 'z': 0, 'reset_animations_events': {}, 'color': [1.0, 1.0, 1.0, 1.0], 'style': [], 'adjust_top': 0, 'adjust_bottom': 0, 'adjust_left': 0, 'adjust_right': 0, 'expire': None, 'key': None, 'widget': None, 'events_when_added': [], 'events_when_removed': [], 'bitmap_font': False, 'font_kerning': True, 'bold': False, 'italic': False, 'number_grouping': False, 'min_digits': 0, 'halign': 'center', 'valign': 'middle', 'rotation': 0, 'scale': 1.0, 'casing': None, 'animations': None}, {'type': 'text', 'text': 'BALL (ball)', 'y': '10', 'x': 'right-10', 'anchor_x': 'right', 'anchor_y': 'bottom', 'font_size': 50, '_default_settings': ['type', 'text', 'y', 'x', 'anchor_x', 'anchor_y', 'font_size'], 'round_anchor_x': None, 'round_anchor_y': None, 'opacity': 1.0, 'z': 0, 'reset_animations_events': {}, 'color': [1.0, 1.0, 1.0, 1.0], 'style': [], 'adjust_top': 0, 'adjust_bottom': 0, 'adjust_left': 0, 'adjust_right': 0, 'expire': None, 'key': None, 'widget': None, 'events_when_added': [], 'events_when_removed': [], 'bitmap_font': False, 'font_kerning': True, 'bold': False, 'italic': False, 'number_grouping': False, 'min_digits': 0, 'halign': 'center', 'valign': 'middle', 'rotation': 0, 'scale': 1.0, 'casing': None, 'animations': None}], 'target': None, 'background_color': [0.0, 0.0, 0.0, 1.0], 'priority': None, 'show': True, 'force': False, 'expire': None, 'slide': None, 'tokens': {}, 'action': 'play'}}, 'context': 'base', 'calling_context': 'mode_base_started', 'priority': 100, 'queue': '<QueuedEvent>', 'player': 1, 'ball': 1, 'balls_remaining': 2, 'is_extra_ball': False}
2022-09-25 09:22:42,028 : EventManager : Event: ======'sounds_play'====== Args={'settings': {'musicfast': {'action': 'play', 'loops': -1, 'priority': None, 'block': False, 'delay': None, 'track': None, 'volume': None, 'pan': None, 'start_at': None, 'fade_in': None, 'fade_out': None, 'about_to_finish_time': -1.0, 'max_queue_time': -1.0, 'events_when_played': ['use_sound_setting'], 'events_when_stopped': ['use_sound_setting'], 'events_when_looping': ['use_sound_setting'], 'events_when_about_to_finish': ['use_sound_setting'], 'mode_end_action': 'use_sound_setting', 'key': 'use_sound_setting'}}, 'context': '_global', 'calling_context': 'mode_base_started', 'priority': 0, 'queue': '<QueuedEvent>', 'player': 1, 'ball': 1, 'balls_remaining': 2, 'is_extra_ball': False}
2022-09-25 09:22:42,028 : mpfmc : SlidePlayer: Play called with settings={'widgets': {'widgets': [{'type': 'text', 'text': '(score)', 'number_grouping': True, 'min_digits': 2, 'font_size': 100, '_default_settings': ['type', 'text', 'number_grouping', 'min_digits', 'font_size'], 'x': None, 'y': None, 'anchor_x': 'center', 'anchor_y': 'center', 'round_anchor_x': None, 'round_anchor_y': None, 'opacity': 1.0, 'z': 0, 'reset_animations_events': {}, 'color': [1.0, 1.0, 1.0, 1.0], 'style': [], 'adjust_top': 0, 'adjust_bottom': 0, 'adjust_left': 0, 'adjust_right': 0, 'expire': None, 'key': None, 'widget': None, 'events_when_added': [], 'events_when_removed': [], 'bitmap_font': False, 'font_kerning': True, 'bold': False, 'italic': False, 'halign': 'center', 'valign': 'middle', 'rotation': 0, 'scale': 1.0, 'casing': None, 'animations': None}, {'type': 'text', 'text': 'PLAYER (number)', 'y': '10', 'x': '10', 'font_size': 50, 'anchor_x': 'left', 'anchor_y': 'bottom', '_default_settings': ['type', 'text', 'y', 'x', 'font_size', 'anchor_x', 'anchor_y'], 'round_anchor_x': None, 'round_anchor_y': None, 'opacity': 1.0, 'z': 0, 'reset_animations_events': {}, 'color': [1.0, 1.0, 1.0, 1.0], 'style': [], 'adjust_top': 0, 'adjust_bottom': 0, 'adjust_left': 0, 'adjust_right': 0, 'expire': None, 'key': None, 'widget': None, 'events_when_added': [], 'events_when_removed': [], 'bitmap_font': False, 'font_kerning': True, 'bold': False, 'italic': False, 'number_grouping': False, 'min_digits': 0, 'halign': 'center', 'valign': 'middle', 'rotation': 0, 'scale': 1.0, 'casing': None, 'animations': None}, {'type': 'text', 'text': 'BALL (ball)', 'y': '10', 'x': 'right-10', 'anchor_x': 'right', 'anchor_y': 'bottom', 'font_size': 50, '_default_settings': ['type', 'text', 'y', 'x', 'anchor_x', 'anchor_y', 'font_size'], 'round_anchor_x': None, 'round_anchor_y': None, 'opacity': 1.0, 'z': 0, 'reset_animations_events': {}, 'color': [1.0, 1.0, 1.0, 1.0], 'style': [], 'adjust_top': 0, 'adjust_bottom': 0, 'adjust_left': 0, 'adjust_right': 0, 'expire': None, 'key': None, 'widget': None, 'events_when_added': [], 'events_when_removed': [], 'bitmap_font': False, 'font_kerning': True, 'bold': False, 'italic': False, 'number_grouping': False, 'min_digits': 0, 'halign': 'center', 'valign': 'middle', 'rotation': 0, 'scale': 1.0, 'casing': None, 'animations': None}], 'target': None, 'background_color': [0.0, 0.0, 0.0, 1.0], 'priority': None, 'show': True, 'force': False, 'expire': None, 'slide': None, 'tokens': {}, 'action': 'play'}}
2022-09-25 09:22:42,034 : EventManager : Event: ======'slide_base.slide_player-mode_base_started_created'====== Args={}
2022-09-25 09:22:42,036 : EventManager : Event: ======'slide_base.slide_player-mode_base_started_active'====== Args={}
2022-09-25 09:22:42,049 : EventManager : Event: ======'player_shot_lane_top_1_enabled'====== Args={'value': True, 'prev_value': 0, 'change': 1, 'player_num': 1}
2022-09-25 09:22:42,049 : EventManager : Event: ======'player_shot_lane_top_2_enabled'====== Args={'value': True, 'prev_value': 0, 'change': 1, 'player_num': 1}
2022-09-25 09:22:42,049 : EventManager : Event: ======'player_shot_lane_top_3_enabled'====== Args={'value': True, 'prev_value': 0, 'change': 1, 'player_num': 1}
2022-09-25 09:22:42,050 : EventManager : Event: ======'loading_assets'====== Args={'total': 1, 'loaded': 1, 'remaining': 0, 'percent': 100}
2022-09-25 09:22:42,050 : AssetManager : Asset loading took: 10.397653341293335
2022-09-25 09:22:42,050 : EventManager : Event: ======'asset_loading_complete'====== Args={}
2022-09-25 09:22:42,050 : AssetManager : Loading assets: 1/1 (100%)
2022-09-25 09:22:42,061 : EventManager : Event: ======'player_pf_multiplier'====== Args={'value': 1, 'prev_value': 0, 'change': 1, 'player_num': 1}
2022-09-25 09:22:44,273 : EventManager : Event: ======'machine_var_audits_switches_s_plunger_lane'====== Args={'value': 78, 'prev_value': 77, 'change': 1}
2022-09-25 09:22:46,191 : EventManager : Event: ======'machine_var_audits_switches_s_toplane3'====== Args={'value': 92, 'prev_value': 91, 'change': 1}
2022-09-25 09:22:46,203 : EventManager : Event: ======'player_shot_lane_top_3'====== Args={'value': 1, 'prev_value': 0, 'change': 1, 'player_num': 1}
2022-09-25 09:22:46,203 : EventManager : Event: ======'machine_var_audits_shots_lane_top_3'====== Args={'value': 85, 'prev_value': 84, 'change': 1}
2022-09-25 09:22:46,808 : EventManager : Event: ======'machine_var_audits_switches_s_toplane2'====== Args={'value': 112, 'prev_value': 111, 'change': 1}
2022-09-25 09:22:46,808 : EventManager : Event: ======'player_shot_lane_top_2'====== Args={'value': 1, 'prev_value': 0, 'change': 1, 'player_num': 1}
2022-09-25 09:22:46,808 : EventManager : Event: ======'machine_var_audits_shots_lane_top_2'====== Args={'value': 105, 'prev_value': 104, 'change': 1}
2022-09-25 09:22:48,533 : EventManager : Event: ======'machine_var_audits_switches_s_toplane1'====== Args={'value': 196, 'prev_value': 195, 'change': 1}
2022-09-25 09:22:48,545 : EventManager : Event: ======'player_shot_lane_top_1'====== Args={'value': 1, 'prev_value': 0, 'change': 1, 'player_num': 1}
2022-09-25 09:22:48,545 : EventManager : Event: ======'machine_var_audits_shots_lane_top_1'====== Args={'value': 109, 'prev_value': 108, 'change': 1}
2022-09-25 09:22:48,545 : EventManager : Event: ======'player_score'====== Args={'value': 1000, 'prev_value': 0, 'change': 1000, 'player_num': 1}
2022-09-25 09:22:48,545 : EventManager : Event: ======'slides_play'====== Args={'settings': {'my_slide': {'widgets': [{'type': 'text', 'text': 'lane (score)', 'y': '100', 'x': '10', 'number_grouping': True, 'min_digits': 2, 'font_size': 10, 'expire': 2.0, '_default_settings': ['type', 'text', 'y', 'x', 'number_grouping', 'min_digits', 'font_size', 'expire'], 'anchor_x': 'center', 'anchor_y': 'center', 'round_anchor_x': None, 'round_anchor_y': None, 'opacity': 1.0, 'z': 0, 'reset_animations_events': {}, 'color': [1.0, 1.0, 1.0, 1.0], 'style': [], 'adjust_top': 0, 'adjust_bottom': 0, 'adjust_left': 0, 'adjust_right': 0, 'key': None, 'widget': None, 'events_when_added': [], 'events_when_removed': [], 'bitmap_font': False, 'font_kerning': True, 'bold': False, 'italic': False, 'halign': 'center', 'valign': 'middle', 'rotation': 0, 'scale': 1.0, 'casing': None, 'animations': None}], 'target': None, 'background_color': [0.0, 0.0, 0.0, 1.0], 'priority': None, 'show': True, 'force': False, 'expire': None, 'slide': None, 'tokens': {}, 'action': 'play'}}, 'context': 'lanes', 'calling_context': 'lanes_top_complete', 'priority': 110, 'state': 'lit'}
2022-09-25 09:22:48,545 : EventManager : Event: ======'player_pf_multiplier'====== Args={'value': 2, 'prev_value': 1, 'change': 1, 'player_num': 1}
2022-09-25 09:22:48,546 : mpfmc : SlidePlayer: Play called with settings={'my_slide': {'widgets': [{'type': 'text', 'text': 'lane (score)', 'y': '100', 'x': '10', 'number_grouping': True, 'min_digits': 2, 'font_size': 10, 'expire': 2.0, '_default_settings': ['type', 'text', 'y', 'x', 'number_grouping', 'min_digits', 'font_size', 'expire'], 'anchor_x': 'center', 'anchor_y': 'center', 'round_anchor_x': None, 'round_anchor_y': None, 'opacity': 1.0, 'z': 0, 'reset_animations_events': {}, 'color': [1.0, 1.0, 1.0, 1.0], 'style': [], 'adjust_top': 0, 'adjust_bottom': 0, 'adjust_left': 0, 'adjust_right': 0, 'key': None, 'widget': None, 'events_when_added': [], 'events_when_removed': [], 'bitmap_font': False, 'font_kerning': True, 'bold': False, 'italic': False, 'halign': 'center', 'valign': 'middle', 'rotation': 0, 'scale': 1.0, 'casing': None, 'animations': None}], 'target': None, 'background_color': [0.0, 0.0, 0.0, 1.0], 'priority': None, 'show': True, 'force': False, 'expire': None, 'slide': None, 'tokens': {}, 'action': 'play'}}
2022-09-25 09:22:48,552 : EventManager : Event: ======'slide_my_slide_created'====== Args={}
2022-09-25 09:22:48,553 : EventManager : Event: ======'slide_my_slide_active'====== Args={}
2022-09-25 09:22:49,540 : EventManager : Event: ======'player_shot_lane_top_1'====== Args={'value': 0, 'prev_value': 1, 'change': -1, 'player_num': 1}
2022-09-25 09:22:49,540 : EventManager : Event: ======'player_shot_lane_top_2'====== Args={'value': 0, 'prev_value': 1, 'change': -1, 'player_num': 1}
2022-09-25 09:22:49,540 : EventManager : Event: ======'player_shot_lane_top_3'====== Args={'value': 0, 'prev_value': 1, 'change': -1, 'player_num': 1}
2022-09-25 09:24:50,839 : kivy : Base: Leaving application in progress...
2022-09-25 09:24:51,055 : mpfmc : Stopping...
2022-09-25 09:24:51,056 : EventManager : Event: ======'shutdown'====== Args={}
2022-09-25 09:24:51,056 : AudioInterface : Disabling audio playback
2022-09-25 09:24:51,056 : mpfmc : Loop rate 81.62 Hz
2022-09-25 09:24:51,056 : kivy : MC run loop ended.
2022-09-25 09:24:51,056 : kivy : Stopping child threads... (3 remaining)
2022-09-25 09:24:51,160 : mpfmc : Stopping...
2022-09-25 09:24:51,160 : EventManager : Event: ======'shutdown'====== Args={}
2022-09-25 09:24:51,160 : mpfmc : Loop rate 81.56 Hz
2022-09-25 09:24:51,171 : MPF-MC BCP Server : Stopping BCP sending thread
2022-09-25 09:24:51,278 : kivy : All child threads stopped.
