2022-10-22 16:22:10,869 : kivy : Factory: 186 symbols loaded
2022-10-22 16:22:11,161 : kivy : ImageLoaderFFPy: Using ffpyplayer 4.3.2
2022-10-22 16:22:11,161 : kivy : Image: Providers: img_tex, img_dds, img_sdl2, img_pil, img_ffpyplayer 
2022-10-22 16:22:11,270 : kivy : VideoGstplayer: Using Gstreamer 1.18.0.0
2022-10-22 16:22:11,271 : kivy : Video: Provider: gstplayer
2022-10-22 16:22:11,828 : kivy : Loading MPF-MC controller
2022-10-22 16:22:11,833 : YamlMultifileConfigLoader : Machine config file #1: config
2022-10-22 16:22:11,834 : ConfigProcessor : Config file in cache changed: C:\Users\dorus\OneDrive\Documents\Pinball\Github\Pinball-MPF\mpfv1\config\config
2022-10-22 16:22:11,835 : ConfigProcessor : Loading config from file C:\Users\dorus\AppData\Local\Programs\Python\Python38\lib\site-packages\mpfmc\mcconfig.yaml.
2022-10-22 16:22:11,887 : ConfigProcessor : Loading config: C:\Users\dorus\AppData\Local\Programs\Python\Python38\lib\site-packages\mpfmc\mcconfig.yaml
2022-10-22 16:22:11,888 : ConfigProcessor : Loading config from file C:\Users\dorus\OneDrive\Documents\Pinball\Github\Pinball-MPF\mpfv1\config\config.
2022-10-22 16:22:11,892 : ConfigProcessor : Loading config: C:\Users\dorus\OneDrive\Documents\Pinball\Github\Pinball-MPF\mpfv1\config\config
2022-10-22 16:22:11,961 : ConfigProcessor : Loading config: C:\Users\dorus\OneDrive\Documents\Pinball\Github\Pinball-MPF\mpfv1\config\hardware.yaml
2022-10-22 16:22:11,974 : ConfigProcessor : Loading config: C:\Users\dorus\OneDrive\Documents\Pinball\Github\Pinball-MPF\mpfv1\config\sounds.yaml
2022-10-22 16:22:11,977 : ConfigProcessor : Loading config: C:\Users\dorus\OneDrive\Documents\Pinball\Github\Pinball-MPF\mpfv1\config\display.yaml
2022-10-22 16:22:11,990 : ConfigProcessor : Loading config: C:\Users\dorus\OneDrive\Documents\Pinball\Github\Pinball-MPF\mpfv1\config\keyboard.yaml
2022-10-22 16:22:12,011 : ConfigProcessor : Loading config: C:\Users\dorus\OneDrive\Documents\Pinball\Github\Pinball-MPF\mpfv1\config\slides.yaml
2022-10-22 16:22:12,016 : ConfigProcessor : Loading config: C:\Users\dorus\OneDrive\Documents\Pinball\Github\Pinball-MPF\mpfv1\config\light_shows.yaml
2022-10-22 16:22:12,019 : ConfigProcessor : Config file cache created: C:\Users\dorus\AppData\Local\Temp\7e51f468519621fe47191f26eea0f791.mpf_cache
2022-10-22 16:22:12,021 : ConfigProcessor : Loading config from cache: C:\Users\dorus\AppData\Local\Temp\69e5e641cece6cfbb9f28306d01595e4.mpf_cache
2022-10-22 16:22:12,022 : ConfigProcessor : Loading config from cache: C:\Users\dorus\AppData\Local\Temp\336e6d2601ccb63523c70814805acbf1.mpf_cache
2022-10-22 16:22:12,023 : ConfigProcessor : Loading config from cache: C:\Users\dorus\AppData\Local\Temp\8f8558ef7eb783a34103d845cb15f27a.mpf_cache
2022-10-22 16:22:12,024 : ConfigProcessor : Loading config from cache: C:\Users\dorus\AppData\Local\Temp\3f4ec0fd6e14e835699e1ee64ae7815f.mpf_cache
2022-10-22 16:22:12,025 : ConfigProcessor : Loading config from cache: C:\Users\dorus\AppData\Local\Temp\07450fdcdb716b1c510f1f1f728b03da.mpf_cache
2022-10-22 16:22:12,026 : mpfmc : Mission Pinball Framework Media Controller v0.55.0
2022-10-22 16:22:12,026 : mpfmc : Mission Pinball Framework Game Engine v0.55.0
2022-10-22 16:22:12,027 : mpfmc : Machine path: C:\Users\dorus\OneDrive\Documents\Pinball\Github\Pinball-MPF\mpfv1
2022-10-22 16:22:12,027 : mpfmc : Starting clock at 60.0Hz
2022-10-22 16:22:12,057 : kivy : Text: Provider: sdl2
2022-10-22 16:22:12,149 : kivy : Window: Provider: sdl2
2022-10-22 16:22:12,304 : kivy : GL: Using the "OpenGL" graphics system
2022-10-22 16:22:12,305 : kivy : GL: GLEW initialization succeeded
2022-10-22 16:22:12,305 : kivy : GL: Backend used <glew>
2022-10-22 16:22:12,305 : kivy : GL: OpenGL version <b'4.6.0 - Build 26.20.100.7372'>
2022-10-22 16:22:12,305 : kivy : GL: OpenGL vendor <b'Intel'>
2022-10-22 16:22:12,305 : kivy : GL: OpenGL renderer <b'Intel(R) UHD Graphics'>
2022-10-22 16:22:12,306 : kivy : GL: OpenGL parsed version: 4, 6
2022-10-22 16:22:12,306 : kivy : GL: Shading version <b'4.60 - Build 26.20.100.7372'>
2022-10-22 16:22:12,306 : kivy : GL: Texture max size <16384>
2022-10-22 16:22:12,306 : kivy : GL: Texture max units <32>
2022-10-22 16:22:12,371 : kivy : Window: auto add sdl2 input provider
2022-10-22 16:22:12,371 : kivy : Window: virtual keyboard not allowed, single mode, not docked
2022-10-22 16:22:12,672 : AudioInterface : Initialized
2022-10-22 16:22:12,672 : AudioInterface : Loaded SDL 2.0.12
2022-10-22 16:22:12,672 : AudioInterface : Loaded SDL_Mixer 2.0.4
2022-10-22 16:22:12,672 : AudioInterface : Loaded GStreamer 1.18.0.0
2022-10-22 16:22:12,672 : AudioInterface : Loaded GLib 2.62.6
2022-10-22 16:22:12,672 : AudioInterface : Settings requested - rate: 44100, channels: 1, buffer: 2048 samples
2022-10-22 16:22:12,672 : AudioInterface : Settings in use - rate: 44100, channels: 1, buffer: 2048 samples (4096 bytes @ 2 bytes per sample)
2022-10-22 16:22:12,672 : SoundSystem : Setting master volume to 0.0
2022-10-22 16:22:12,672 : SoundSystem : master_volume in sound_system is deprecated and will be removed in the future.
2022-10-22 16:22:12,673 : AudioInterface : Enabling audio playback
2022-10-22 16:22:12,675 : kivy : Base: Start application main loop
2022-10-22 16:22:12,675 : EventManager : Event: ======'display_default_initialized'====== Args={}
2022-10-22 16:22:12,694 : mpfmc : Display: Setting 'default' as default display
2022-10-22 16:22:12,705 : mpfmc : ASPECT RATIO MISMATCH: The on-screen window is not the same aspect ratio as the display called 'default'. The logical display will be scaled from 800x600 to the window size 1000x800, and a black bar will make up the difference
2022-10-22 16:22:12,706 : EventManager : Event: ======'displays_initialized'====== Args={}
2022-10-22 16:22:12,707 : EventManager : Event: ======'slide_default_blank_created'====== Args={}
2022-10-22 16:22:12,707 : EventManager : Event: ======'display_default_ready'====== Args={}
2022-10-22 16:22:12,721 : EventManager : Event: ======'init_phase_1'====== Args={}
2022-10-22 16:22:12,727 : EventManager : Event: ======'mc_ready'====== Args={}
2022-10-22 16:22:12,728 : EventManager : Event: ======'init_phase_2'====== Args={}
2022-10-22 16:22:12,732 : EventManager : Event: ======'init_phase_3'====== Args={}
2022-10-22 16:22:12,735 : EventManager : Event: ======'init_phase_4'====== Args={}
2022-10-22 16:22:12,736 : EventManager : Event: ======'init_phase_5'====== Args={}
2022-10-22 16:22:12,736 : EventManager : Event: ======'init_done'====== Args={}
2022-10-22 16:22:12,736 : MPF-MC BCP Server : Starting up on localhost port 5050
2022-10-22 16:22:12,741 : MPF-MC BCP Server : Waiting for a connection...
2022-10-22 16:22:12,741 : mpfmc : SlidePlayer: Play called with settings={'slides': {welcome_slide-None-None: {'priority': None, 'target': None, 'background_color': [0.0, 0.0, 0.0, 1.0], 'show': True, 'force': False, 'expire': None, 'slide': None, 'tokens': {}, 'action': 'play', 'transition': None, 'transition_out': None}}}
2022-10-22 16:22:12,749 : kivy : GL: NPOT texture support is available
2022-10-22 16:22:12,750 : EventManager : Event: ======'slide_welcome_slide_created'====== Args={}
2022-10-22 16:22:12,755 : EventManager : Event: ======'slide_welcome_slide_active'====== Args={}
2022-10-22 16:22:12,762 : EventManager : Event: ======'client_disconnected'====== Args={'host': '127.0.0.1', 'port': 5050}
2022-10-22 16:22:13,081 : MPF-MC BCP Server : Received connection from: 127.0.0.1:58222
2022-10-22 16:22:13,085 : EventManager : Event: ======'client_connected'====== Args={'host': '127.0.0.1', 'port': 58222}
2022-10-22 16:22:13,097 : EventManager : Event: ======'machine_var_credits_string'====== Args={'value': 'FREE PLAY', 'prev_value': None, 'change': True}
2022-10-22 16:22:13,097 : EventManager : Event: ======'machine_var_master_volume'====== Args={'value': 0.5, 'prev_value': None, 'change': True}
2022-10-22 16:22:13,097 : EventManager : Event: ======'machine_var_player1_score'====== Args={'value': 0, 'prev_value': None, 'change': True}
2022-10-22 16:22:13,097 : EventManager : Event: ======'machine_var_mpf_version'====== Args={'value': 'MPF v0.55.0', 'prev_value': None, 'change': True}
2022-10-22 16:22:13,097 : EventManager : Event: ======'machine_var_mpf_extended_version'====== Args={'value': 'MPF v0.55.0, Config version:5, Show version: 5, BCP version:1.1', 'prev_value': None, 'change': True}
2022-10-22 16:22:13,097 : EventManager : Event: ======'machine_var_python_version'====== Args={'value': '3.8.10', 'prev_value': None, 'change': True}
2022-10-22 16:22:13,097 : EventManager : Event: ======'machine_var_platform'====== Args={'value': 'Windows-10-10.0.19044-SP0', 'prev_value': None, 'change': True}
2022-10-22 16:22:13,097 : EventManager : Event: ======'machine_var_platform_system'====== Args={'value': 'Windows', 'prev_value': None, 'change': True}
2022-10-22 16:22:13,097 : EventManager : Event: ======'machine_var_platform_release'====== Args={'value': '10', 'prev_value': None, 'change': True}
2022-10-22 16:22:13,097 : EventManager : Event: ======'machine_var_platform_version'====== Args={'value': '10.0.19044', 'prev_value': None, 'change': True}
2022-10-22 16:22:13,097 : EventManager : Event: ======'machine_var_platform_machine'====== Args={'value': 'AMD64', 'prev_value': None, 'change': True}
2022-10-22 16:22:13,098 : EventManager : Event: ======'machine_var_mc_version'====== Args={'value': 'MPF-MC v0.55.0', 'prev_value': None, 'change': True}
2022-10-22 16:22:13,098 : EventManager : Event: ======'machine_var_mc_extended_version'====== Args={'value': 'MPF-MC v0.55.0 (config_version=5, BCP v1.1, Requires MPF v0.55.0-dev.49)', 'prev_value': None, 'change': True}
2022-10-22 16:22:13,098 : SoundSystem : Setting master volume to 0.5
2022-10-22 16:22:13,197 : EventManager : Event: ======'machine_var_audits_events_game_ended'====== Args={'value': 0, 'prev_value': None, 'change': True}
2022-10-22 16:22:13,222 : EventManager : Event: ======'machine_var_audits_events_game_started'====== Args={'value': 0, 'prev_value': None, 'change': True}
2022-10-22 16:22:13,222 : EventManager : Event: ======'machine_var_audits_player_score'====== Args={'value': {'average': 23622.222222222223, 'top': [41000, 33100, 31800, 31200, 27600, 20200, 17500, 10200, 0], 'total': 9}, 'prev_value': None, 'change': True}
2022-10-22 16:22:13,222 : EventManager : Event: ======'machine_var_audits_shots_lane_top_1'====== Args={'value': 130, 'prev_value': None, 'change': True}
2022-10-22 16:22:13,222 : EventManager : Event: ======'machine_var_audits_shots_lane_top_2'====== Args={'value': 122, 'prev_value': None, 'change': True}
2022-10-22 16:22:13,222 : EventManager : Event: ======'machine_var_audits_shots_lane_top_3'====== Args={'value': 102, 'prev_value': None, 'change': True}
2022-10-22 16:22:13,222 : EventManager : Event: ======'machine_var_audits_shots_orbit'====== Args={'value': 23, 'prev_value': None, 'change': True}
2022-10-22 16:22:13,222 : EventManager : Event: ======'machine_var_audits_shots_spinner'====== Args={'value': 178, 'prev_value': None, 'change': True}
2022-10-22 16:22:13,222 : EventManager : Event: ======'machine_var_audits_switches_s_bottomlane1'====== Args={'value': 15, 'prev_value': None, 'change': True}
2022-10-22 16:22:13,222 : EventManager : Event: ======'machine_var_audits_switches_s_bottomlane2'====== Args={'value': 28, 'prev_value': None, 'change': True}
2022-10-22 16:22:13,223 : EventManager : Event: ======'machine_var_audits_switches_s_bottomlane3'====== Args={'value': 26, 'prev_value': None, 'change': True}
2022-10-22 16:22:13,223 : EventManager : Event: ======'machine_var_audits_switches_s_bottomlane4'====== Args={'value': 33, 'prev_value': None, 'change': True}
2022-10-22 16:22:13,223 : EventManager : Event: ======'machine_var_audits_switches_s_bottomlane5'====== Args={'value': 13, 'prev_value': None, 'change': True}
2022-10-22 16:22:13,223 : EventManager : Event: ======'machine_var_audits_switches_s_drop1'====== Args={'value': 35, 'prev_value': None, 'change': True}
2022-10-22 16:22:13,223 : EventManager : Event: ======'machine_var_audits_switches_s_drop2'====== Args={'value': 17, 'prev_value': None, 'change': True}
2022-10-22 16:22:13,223 : EventManager : Event: ======'machine_var_audits_switches_s_drop3'====== Args={'value': 15, 'prev_value': None, 'change': True}
2022-10-22 16:22:13,223 : EventManager : Event: ======'machine_var_audits_switches_s_launch'====== Args={'value': 11, 'prev_value': None, 'change': True}
2022-10-22 16:22:13,223 : EventManager : Event: ======'machine_var_audits_switches_s_left01'====== Args={'value': 26, 'prev_value': None, 'change': True}
2022-10-22 16:22:13,223 : EventManager : Event: ======'machine_var_audits_switches_s_left02'====== Args={'value': 27, 'prev_value': None, 'change': True}
2022-10-22 16:22:13,223 : EventManager : Event: ======'machine_var_audits_switches_s_left03'====== Args={'value': 20, 'prev_value': None, 'change': True}
2022-10-22 16:22:13,223 : EventManager : Event: ======'machine_var_audits_switches_s_left_sling'====== Args={'value': 55, 'prev_value': None, 'change': True}
2022-10-22 16:22:13,223 : EventManager : Event: ======'machine_var_audits_switches_s_orbit1'====== Args={'value': 45, 'prev_value': None, 'change': True}
2022-10-22 16:22:13,223 : EventManager : Event: ======'machine_var_audits_switches_s_orbit2'====== Args={'value': 0, 'prev_value': None, 'change': True}
2022-10-22 16:22:13,223 : EventManager : Event: ======'machine_var_audits_switches_s_plunger_lane'====== Args={'value': 97, 'prev_value': None, 'change': True}
2022-10-22 16:22:13,223 : EventManager : Event: ======'machine_var_audits_switches_s_popbumber_1'====== Args={'value': 58, 'prev_value': None, 'change': True}
2022-10-22 16:22:13,223 : EventManager : Event: ======'machine_var_audits_switches_s_popbumber_2'====== Args={'value': 94, 'prev_value': None, 'change': True}
2022-10-22 16:22:13,223 : EventManager : Event: ======'machine_var_audits_switches_s_popbumber_3'====== Args={'value': 35, 'prev_value': None, 'change': True}
2022-10-22 16:22:13,223 : EventManager : Event: ======'machine_var_audits_switches_s_ramp'====== Args={'value': 34, 'prev_value': None, 'change': True}
2022-10-22 16:22:13,223 : EventManager : Event: ======'machine_var_audits_switches_s_right_sling'====== Args={'value': 109, 'prev_value': None, 'change': True}
2022-10-22 16:22:13,224 : EventManager : Event: ======'machine_var_audits_switches_s_rigth01'====== Args={'value': 54, 'prev_value': None, 'change': True}
2022-10-22 16:22:13,224 : EventManager : Event: ======'machine_var_audits_switches_s_rigth02'====== Args={'value': 23, 'prev_value': None, 'change': True}
2022-10-22 16:22:13,224 : EventManager : Event: ======'machine_var_audits_switches_s_rigth03'====== Args={'value': 14, 'prev_value': None, 'change': True}
2022-10-22 16:22:13,224 : EventManager : Event: ======'machine_var_audits_switches_s_spinner'====== Args={'value': 271, 'prev_value': None, 'change': True}
2022-10-22 16:22:13,224 : EventManager : Event: ======'machine_var_audits_switches_s_start'====== Args={'value': 0, 'prev_value': None, 'change': True}
2022-10-22 16:22:13,224 : EventManager : Event: ======'machine_var_audits_switches_s_top'====== Args={'value': 11, 'prev_value': None, 'change': True}
2022-10-22 16:22:13,224 : EventManager : Event: ======'machine_var_audits_switches_s_toplane1'====== Args={'value': 217, 'prev_value': None, 'change': True}
2022-10-22 16:22:13,224 : EventManager : Event: ======'machine_var_audits_switches_s_toplane2'====== Args={'value': 129, 'prev_value': None, 'change': True}
2022-10-22 16:22:13,224 : EventManager : Event: ======'machine_var_audits_switches_s_toplane3'====== Args={'value': 109, 'prev_value': None, 'change': True}
2022-10-22 16:22:13,224 : EventManager : Event: ======'machine_var_audits_switches_s_trough1'====== Args={'value': 32, 'prev_value': None, 'change': True}
2022-10-22 16:22:13,224 : EventManager : Event: ======'machine_var_audits_switches_s_trough2'====== Args={'value': 35, 'prev_value': None, 'change': True}
2022-10-22 16:22:13,224 : EventManager : Event: ======'machine_var_audits_switches_s_trough3'====== Args={'value': 27, 'prev_value': None, 'change': True}
2022-10-22 16:22:13,224 : EventManager : Event: ======'machine_var_audits_switches_s_trough4'====== Args={'value': 40, 'prev_value': None, 'change': True}
2022-10-22 16:22:13,224 : EventManager : Event: ======'machine_var_audits_switches_s_trough5'====== Args={'value': 27, 'prev_value': None, 'change': True}
2022-10-22 16:22:13,224 : EventManager : Event: ======'machine_var_audits_switches_s_trough6'====== Args={'value': 24, 'prev_value': None, 'change': True}
2022-10-22 16:22:13,224 : EventManager : Event: ======'machine_var_audits_switches_s_trough_jam'====== Args={'value': 27, 'prev_value': None, 'change': True}
2022-10-22 16:22:13,224 : EventManager : Event: ======'machine_var_audits_switches_s_vukmid'====== Args={'value': 46, 'prev_value': None, 'change': True}
2022-10-22 16:22:13,224 : EventManager : Event: ======'machine_var_audits_switches_s_vuktop'====== Args={'value': 12, 'prev_value': None, 'change': True}
2022-10-22 16:22:13,247 : EventManager : Event: ======'slides_play'====== Args={'settings': {'welcome_slide': {'target': None, 'background_color': [0.0, 0.0, 0.0, 1.0], 'priority': None, 'show': True, 'force': False, 'expire': None, 'slide': None, 'tokens': {}, 'action': 'play'}}, 'context': '_global', 'calling_context': 'init_done', 'priority': 0}
2022-10-22 16:22:13,247 : EventManager : Event: ======'mc_reset_phase_1'====== Args={}
2022-10-22 16:22:13,247 : mpfmc : SlidePlayer: Play called with settings={'welcome_slide': {'target': None, 'background_color': [0.0, 0.0, 0.0, 1.0], 'priority': None, 'show': True, 'force': False, 'expire': None, 'slide': None, 'tokens': {}, 'action': 'play'}}
2022-10-22 16:22:13,247 : EventManager : Event: ======'slide_welcome_slide_removed'====== Args={}
2022-10-22 16:22:13,251 : EventManager : Event: ======'slide_welcome_slide_created'====== Args={}
2022-10-22 16:22:13,253 : EventManager : Event: ======'mc_reset_phase_2'====== Args={}
2022-10-22 16:22:13,253 : EventManager : Event: ======'mc_reset_phase_3'====== Args={}
2022-10-22 16:22:13,253 : EventManager : Event: ======'mc_reset_complete'====== Args={}
2022-10-22 16:22:13,253 : EventManager : Event: ======'slide_welcome_slide_active'====== Args={}
2022-10-22 16:22:13,258 : EventManager : Event: ======'slides_play'====== Args={'settings': {'awesome_slide': {'transition': {'type': 'push', 'duration': 1.0, 'direction': 'left', 'easing': 'out_quad'}, 'target': None, 'background_color': [0.0, 0.0, 0.0, 1.0], 'priority': None, 'show': True, 'force': False, 'expire': None, 'slide': None, 'tokens': {}, 'action': 'play'}}, 'context': 'show_2', 'calling_context': 0, 'priority': 10, 'show_tokens': {}, 'start_time': 4805.312}
2022-10-22 16:22:13,259 : EventManager : Event: ======'sounds_play'====== Args={'settings': {'musicslow': {'action': 'play', 'loops': -1, 'priority': None, 'block': False, 'delay': None, 'track': None, 'volume': None, 'pan': None, 'start_at': None, 'fade_in': None, 'fade_out': None, 'about_to_finish_time': -1.0, 'max_queue_time': -1.0, 'events_when_played': ['use_sound_setting'], 'events_when_stopped': ['use_sound_setting'], 'events_when_looping': ['use_sound_setting'], 'events_when_about_to_finish': ['use_sound_setting'], 'mode_end_action': 'use_sound_setting', 'key': 'use_sound_setting'}}, 'context': 'attract', 'calling_context': 'mode_attract_started', 'priority': 10}
2022-10-22 16:22:13,259 : EventManager : Event: ======'sounds_play'====== Args={'settings': {'musicslow': {'action': 'play', 'loops': -1, 'priority': None, 'block': False, 'delay': None, 'track': None, 'volume': None, 'pan': None, 'start_at': None, 'fade_in': None, 'fade_out': None, 'about_to_finish_time': -1.0, 'max_queue_time': -1.0, 'events_when_played': ['use_sound_setting'], 'events_when_stopped': ['use_sound_setting'], 'events_when_looping': ['use_sound_setting'], 'events_when_about_to_finish': ['use_sound_setting'], 'mode_end_action': 'use_sound_setting', 'key': 'use_sound_setting'}}, 'context': '_global', 'calling_context': 'mode_attract_started', 'priority': 0}
2022-10-22 16:22:13,259 : mpfmc : SlidePlayer: Play called with settings={'awesome_slide': {'transition': {'type': 'push', 'duration': 1.0, 'direction': 'left', 'easing': 'out_quad'}, 'target': None, 'background_color': [0.0, 0.0, 0.0, 1.0], 'priority': None, 'show': True, 'force': False, 'expire': None, 'slide': None, 'tokens': {}, 'action': 'play'}}
2022-10-22 16:22:13,265 : EventManager : Event: ======'slide_awesome_slide_created'====== Args={}
2022-10-22 16:22:13,327 : EventManager : Event: ======'slide_awesome_slide_active'====== Args={}
2022-10-22 16:22:13,331 : EventManager : Event: ======'loading_assets'====== Args={'total': 2, 'loaded': 1, 'remaining': 1, 'percent': 50}
2022-10-22 16:22:13,332 : AssetManager : Loading assets: 1/2 (50%)
2022-10-22 16:22:13,332 : EventManager : Event: ======'loading_assets'====== Args={'total': 2, 'loaded': 2, 'remaining': 0, 'percent': 100}
2022-10-22 16:22:13,332 : AssetManager : Asset loading took: 0.6596057415008545
2022-10-22 16:22:13,333 : EventManager : Event: ======'asset_loading_complete'====== Args={}
2022-10-22 16:22:13,333 : AssetManager : Loading assets: 2/2 (100%)
2022-10-22 16:22:16,266 : EventManager : Event: ======'slides_play'====== Args={'settings': {'press_start': {'transition': {'type': 'move_in', 'duration': 1.0, 'direction': 'right', 'easing': 'out_quad'}, 'target': None, 'background_color': [0.0, 0.0, 0.0, 1.0], 'priority': None, 'show': True, 'force': False, 'expire': None, 'slide': None, 'tokens': {}, 'action': 'play'}}, 'context': 'show_2', 'calling_context': 1, 'priority': 10, 'show_tokens': {}, 'start_time': 4808.312}
2022-10-22 16:22:16,266 : mpfmc : SlidePlayer: Play called with settings={'press_start': {'transition': {'type': 'move_in', 'duration': 1.0, 'direction': 'right', 'easing': 'out_quad'}, 'target': None, 'background_color': [0.0, 0.0, 0.0, 1.0], 'priority': None, 'show': True, 'force': False, 'expire': None, 'slide': None, 'tokens': {}, 'action': 'play'}}
2022-10-22 16:22:16,271 : EventManager : Event: ======'slide_press_start_created'====== Args={}
2022-10-22 16:22:16,275 : EventManager : Event: ======'slide_press_start_active'====== Args={}
2022-10-22 16:22:19,266 : EventManager : Event: ======'slides_play'====== Args={'settings': {'mission_pinball': {'transition': {'type': 'move_in', 'duration': 1.0, 'direction': 'top', 'easing': 'out_quad'}, 'target': None, 'background_color': [0.0, 0.0, 0.0, 1.0], 'priority': None, 'show': True, 'force': False, 'expire': None, 'slide': None, 'tokens': {}, 'action': 'play'}}, 'context': 'show_2', 'calling_context': 2, 'priority': 10, 'show_tokens': {}, 'start_time': 4811.312}
2022-10-22 16:22:19,266 : mpfmc : SlidePlayer: Play called with settings={'mission_pinball': {'transition': {'type': 'move_in', 'duration': 1.0, 'direction': 'top', 'easing': 'out_quad'}, 'target': None, 'background_color': [0.0, 0.0, 0.0, 1.0], 'priority': None, 'show': True, 'force': False, 'expire': None, 'slide': None, 'tokens': {}, 'action': 'play'}}
2022-10-22 16:22:19,269 : EventManager : Event: ======'slide_mission_pinball_created'====== Args={}
2022-10-22 16:22:19,271 : EventManager : Event: ======'slide_mission_pinball_active'====== Args={}
2022-10-22 16:22:22,272 : EventManager : Event: ======'slides_play'====== Args={'settings': {'awesome_slide': {'transition': {'type': 'push', 'duration': 1.0, 'direction': 'left', 'easing': 'out_quad'}, 'target': None, 'background_color': [0.0, 0.0, 0.0, 1.0], 'priority': None, 'show': True, 'force': False, 'expire': None, 'slide': None, 'tokens': {}, 'action': 'play'}}, 'context': 'show_2', 'calling_context': 0, 'priority': 10, 'show_tokens': {}, 'start_time': 4814.312}
2022-10-22 16:22:22,272 : mpfmc : SlidePlayer: Play called with settings={'awesome_slide': {'transition': {'type': 'push', 'duration': 1.0, 'direction': 'left', 'easing': 'out_quad'}, 'target': None, 'background_color': [0.0, 0.0, 0.0, 1.0], 'priority': None, 'show': True, 'force': False, 'expire': None, 'slide': None, 'tokens': {}, 'action': 'play'}}
2022-10-22 16:22:22,273 : EventManager : Event: ======'slide_awesome_slide_removed'====== Args={}
2022-10-22 16:22:22,276 : EventManager : Event: ======'slide_awesome_slide_created'====== Args={}
2022-10-22 16:22:22,278 : EventManager : Event: ======'slide_awesome_slide_active'====== Args={}
2022-10-22 16:22:25,266 : EventManager : Event: ======'slides_play'====== Args={'settings': {'press_start': {'transition': {'type': 'move_in', 'duration': 1.0, 'direction': 'right', 'easing': 'out_quad'}, 'target': None, 'background_color': [0.0, 0.0, 0.0, 1.0], 'priority': None, 'show': True, 'force': False, 'expire': None, 'slide': None, 'tokens': {}, 'action': 'play'}}, 'context': 'show_2', 'calling_context': 1, 'priority': 10, 'show_tokens': {}, 'start_time': 4817.312}
2022-10-22 16:22:25,266 : mpfmc : SlidePlayer: Play called with settings={'press_start': {'transition': {'type': 'move_in', 'duration': 1.0, 'direction': 'right', 'easing': 'out_quad'}, 'target': None, 'background_color': [0.0, 0.0, 0.0, 1.0], 'priority': None, 'show': True, 'force': False, 'expire': None, 'slide': None, 'tokens': {}, 'action': 'play'}}
2022-10-22 16:22:25,266 : EventManager : Event: ======'slide_press_start_removed'====== Args={}
2022-10-22 16:22:25,271 : EventManager : Event: ======'slide_press_start_created'====== Args={}
2022-10-22 16:22:25,274 : EventManager : Event: ======'slide_press_start_active'====== Args={}
2022-10-22 16:22:27,998 : EventManager : Event: ======'game_started'====== Args={}
2022-10-22 16:22:28,010 : EventManager : Event: ======'slides_clear'====== Args={'context': 'show_2'}
2022-10-22 16:22:28,010 : EventManager : Event: ======'sounds_clear'====== Args={'context': 'attract'}
2022-10-22 16:22:28,010 : EventManager : Event: ======'sounds_play'====== Args={'settings': {'musicslow': {'action': 'stop', 'priority': None, 'block': False, 'delay': None, 'track': None, 'volume': None, 'pan': None, 'loops': None, 'start_at': None, 'fade_in': None, 'fade_out': None, 'about_to_finish_time': -1.0, 'max_queue_time': -1.0, 'events_when_played': ['use_sound_setting'], 'events_when_stopped': ['use_sound_setting'], 'events_when_looping': ['use_sound_setting'], 'events_when_about_to_finish': ['use_sound_setting'], 'mode_end_action': 'use_sound_setting', 'key': 'use_sound_setting'}}, 'context': '_global', 'calling_context': 'mode_attract_stopped', 'priority': 0}
2022-10-22 16:22:28,010 : EventManager : Event: ======'player_added'====== Args={'player': <Player 1>, 'num': 1}
2022-10-22 16:22:28,010 : EventManager : Event: ======'player_index'====== Args={'value': 0, 'prev_value': 0, 'change': 0, 'player_num': 1}
2022-10-22 16:22:28,010 : EventManager : Event: ======'player_number'====== Args={'value': 1, 'prev_value': 1, 'change': 0, 'player_num': 1}
2022-10-22 16:22:28,010 : EventManager : Event: ======'player_score'====== Args={'value': 0, 'prev_value': 0, 'change': 0, 'player_num': 1}
2022-10-22 16:22:28,010 : EventManager : Event: ======'slide_mission_pinball_removed'====== Args={}
2022-10-22 16:22:28,011 : EventManager : Event: ======'slide_awesome_slide_removed'====== Args={}
2022-10-22 16:22:28,011 : EventManager : Event: ======'slide_press_start_removed'====== Args={}
2022-10-22 16:22:28,011 : EventManager : Event: ======'slide_welcome_slide_active'====== Args={}
2022-10-22 16:22:28,023 : EventManager : Event: ======'player_ball'====== Args={'value': 1, 'prev_value': 0, 'change': 1, 'player_num': 1}
2022-10-22 16:22:28,036 : EventManager : Event: ======'player_turn_start'====== Args={'number': 1, 'player': <Player 1>}
2022-10-22 16:22:28,036 : EventManager : Event: ======'player_shot_spinner_enabled'====== Args={'value': True, 'prev_value': 0, 'change': 1, 'player_num': 1}
2022-10-22 16:22:28,036 : EventManager : Event: ======'player_shot_orbit_enabled'====== Args={'value': True, 'prev_value': 0, 'change': 1, 'player_num': 1}
2022-10-22 16:22:28,048 : EventManager : Event: ======'slides_play'====== Args={'settings': {'mode_base_started_slide': {'target': None, 'background_color': [0.0, 0.0, 0.0, 1.0], 'priority': None, 'show': True, 'force': False, 'expire': None, 'slide': None, 'tokens': {}, 'action': 'play'}}, 'context': 'base', 'calling_context': 'mode_base_started', 'priority': 100, 'queue': '<QueuedEvent>', 'player': 1, 'ball': 1, 'balls_remaining': 2, 'is_extra_ball': False}
2022-10-22 16:22:28,048 : EventManager : Event: ======'sounds_play'====== Args={'settings': {'musicfast': {'action': 'play', 'loops': -1, 'priority': None, 'block': False, 'delay': None, 'track': None, 'volume': None, 'pan': None, 'start_at': None, 'fade_in': None, 'fade_out': None, 'about_to_finish_time': -1.0, 'max_queue_time': -1.0, 'events_when_played': ['use_sound_setting'], 'events_when_stopped': ['use_sound_setting'], 'events_when_looping': ['use_sound_setting'], 'events_when_about_to_finish': ['use_sound_setting'], 'mode_end_action': 'use_sound_setting', 'key': 'use_sound_setting'}}, 'context': '_global', 'calling_context': 'mode_base_started', 'priority': 0, 'queue': '<QueuedEvent>', 'player': 1, 'ball': 1, 'balls_remaining': 2, 'is_extra_ball': False}
2022-10-22 16:22:28,048 : mpfmc : SlidePlayer: Play called with settings={'mode_base_started_slide': {'target': None, 'background_color': [0.0, 0.0, 0.0, 1.0], 'priority': None, 'show': True, 'force': False, 'expire': None, 'slide': None, 'tokens': {}, 'action': 'play'}}
2022-10-22 16:22:28,061 : EventManager : Event: ======'slide_mode_base_started_slide_created'====== Args={}
2022-10-22 16:22:28,084 : EventManager : Event: ======'slide_mode_base_started_slide_active'====== Args={}
2022-10-22 16:22:28,088 : EventManager : Event: ======'player_shot_lane_top_1_enabled'====== Args={'value': True, 'prev_value': 0, 'change': 1, 'player_num': 1}
2022-10-22 16:22:28,088 : EventManager : Event: ======'player_shot_lane_top_2_enabled'====== Args={'value': True, 'prev_value': 0, 'change': 1, 'player_num': 1}
2022-10-22 16:22:28,089 : EventManager : Event: ======'player_shot_lane_top_3_enabled'====== Args={'value': True, 'prev_value': 0, 'change': 1, 'player_num': 1}
2022-10-22 16:22:28,089 : EventManager : Event: ======'player_pf_multiplier'====== Args={'value': 1, 'prev_value': 0, 'change': 1, 'player_num': 1}
2022-10-22 16:22:28,090 : EventManager : Event: ======'loading_assets'====== Args={'total': 1, 'loaded': 1, 'remaining': 0, 'percent': 100}
2022-10-22 16:22:28,091 : AssetManager : Asset loading took: 15.418308734893799
2022-10-22 16:22:28,091 : EventManager : Event: ======'asset_loading_complete'====== Args={}
2022-10-22 16:22:28,091 : AssetManager : Loading assets: 1/1 (100%)
2022-10-22 16:22:28,203 : EventManager : Event: ======'machine_var_audits_switches_s_plunger_lane'====== Args={'value': 98, 'prev_value': 97, 'change': 1}
2022-10-22 16:22:57,282 : kivy : Base: Leaving application in progress...
2022-10-22 16:22:57,529 : mpfmc : Stopping...
2022-10-22 16:22:57,529 : EventManager : Event: ======'shutdown'====== Args={}
2022-10-22 16:22:57,529 : AudioInterface : Disabling audio playback
2022-10-22 16:22:57,529 : mpfmc : Loop rate 79.72 Hz
2022-10-22 16:22:57,530 : kivy : MC run loop ended.
2022-10-22 16:22:57,530 : kivy : Stopping child threads... (3 remaining)
2022-10-22 16:22:57,830 : mpfmc : Stopping...
2022-10-22 16:22:57,831 : EventManager : Event: ======'shutdown'====== Args={}
2022-10-22 16:22:57,831 : mpfmc : Loop rate 79.19 Hz
2022-10-22 16:22:57,836 : MPF-MC BCP Server : Stopping BCP sending thread
2022-10-22 16:22:58,190 : kivy : All child threads stopped.
