2022-08-19 14:02:02,113 : kivy : Factory: 186 symbols loaded
2022-08-19 14:02:02,344 : kivy : ImageLoaderFFPy: Using ffpyplayer 4.3.2
2022-08-19 14:02:02,344 : kivy : Image: Providers: img_tex, img_dds, img_sdl2, img_pil, img_ffpyplayer 
2022-08-19 14:02:02,427 : kivy : VideoGstplayer: Using Gstreamer 1.18.0.0
2022-08-19 14:02:02,427 : kivy : Video: Provider: gstplayer
2022-08-19 14:02:02,809 : kivy : Loading MPF-MC controller
2022-08-19 14:02:02,813 : YamlMultifileConfigLoader : Machine config file #1: config
2022-08-19 14:02:02,814 : ConfigProcessor : Config file in cache changed: C:\pinball\mpfv1\config\config
2022-08-19 14:02:02,825 : ConfigProcessor : Loading config from file c:\users\dorus\appdata\local\programs\python\python38\lib\site-packages\mpfmc\mcconfig.yaml.
2022-08-19 14:02:02,892 : ConfigProcessor : Loading config: c:\users\dorus\appdata\local\programs\python\python38\lib\site-packages\mpfmc\mcconfig.yaml
2022-08-19 14:02:02,893 : ConfigProcessor : Loading config from file C:\pinball\mpfv1\config\config.
2022-08-19 14:02:02,895 : ConfigProcessor : Loading config: C:\pinball\mpfv1\config\config
2022-08-19 14:02:02,916 : ConfigProcessor : Loading config: C:\pinball\mpfv1\config\hardware.yaml
2022-08-19 14:02:02,917 : ConfigProcessor : Config file cache created: C:\Users\dorus\AppData\Local\Temp\411c9510edd1e1af95a1c1de44488252.mpf_cache
2022-08-19 14:02:02,918 : ConfigProcessor : Loading config from cache: C:\Users\dorus\AppData\Local\Temp\7da47e36f84f7d837d8eac46388772e5.mpf_cache
2022-08-19 14:02:02,918 : ConfigProcessor : Loading config from cache: C:\Users\dorus\AppData\Local\Temp\12b32bb22730f14b6d64b890cf6dd15e.mpf_cache
2022-08-19 14:02:02,919 : ConfigProcessor : Loading config from cache: C:\Users\dorus\AppData\Local\Temp\d4952d0b9ea6ba2ec58a4f9adbee2d8a.mpf_cache
2022-08-19 14:02:02,919 : mpfmc : Mission Pinball Framework Media Controller v0.55.0
2022-08-19 14:02:02,919 : mpfmc : Mission Pinball Framework Game Engine v0.55.0
2022-08-19 14:02:02,919 : mpfmc : Machine path: C:\pinball\mpfv1
2022-08-19 14:02:02,919 : mpfmc : Starting clock at 60.0Hz
2022-08-19 14:02:02,943 : kivy : Text: Provider: sdl2
2022-08-19 14:02:03,026 : kivy : Window: Provider: sdl2
2022-08-19 14:02:03,164 : kivy : GL: Using the "OpenGL" graphics system
2022-08-19 14:02:03,166 : kivy : GL: GLEW initialization succeeded
2022-08-19 14:02:03,166 : kivy : GL: Backend used <glew>
2022-08-19 14:02:03,166 : kivy : GL: OpenGL version <b'4.6.0 - Build 26.20.100.7372'>
2022-08-19 14:02:03,166 : kivy : GL: OpenGL vendor <b'Intel'>
2022-08-19 14:02:03,166 : kivy : GL: OpenGL renderer <b'Intel(R) UHD Graphics'>
2022-08-19 14:02:03,166 : kivy : GL: OpenGL parsed version: 4, 6
2022-08-19 14:02:03,166 : kivy : GL: Shading version <b'4.60 - Build 26.20.100.7372'>
2022-08-19 14:02:03,166 : kivy : GL: Texture max size <16384>
2022-08-19 14:02:03,166 : kivy : GL: Texture max units <32>
2022-08-19 14:02:03,203 : kivy : Window: auto add sdl2 input provider
2022-08-19 14:02:03,204 : kivy : Window: virtual keyboard not allowed, single mode, not docked
2022-08-19 14:02:03,210 : SoundSystem : SoundSystem: Using default 'sound_system' settings
2022-08-19 14:02:03,445 : AudioInterface : Initialized
2022-08-19 14:02:03,445 : AudioInterface : Loaded SDL 2.0.12
2022-08-19 14:02:03,446 : AudioInterface : Loaded SDL_Mixer 2.0.4
2022-08-19 14:02:03,446 : AudioInterface : Loaded GStreamer 1.18.0.0
2022-08-19 14:02:03,446 : AudioInterface : Loaded GLib 2.62.6
2022-08-19 14:02:03,446 : AudioInterface : Settings requested - rate: 44100, channels: 1, buffer: 2048 samples
2022-08-19 14:02:03,446 : AudioInterface : Settings in use - rate: 44100, channels: 1, buffer: 2048 samples (4096 bytes @ 2 bytes per sample)
2022-08-19 14:02:03,446 : SoundSystem : No audio tracks are specified in your machine config file. a track named 'default' has been created.
2022-08-19 14:02:03,446 : SoundSystem : Setting master volume to 0.0
2022-08-19 14:02:03,446 : SoundSystem : master_volume in sound_system is deprecated and will be removed in the future.
2022-08-19 14:02:03,446 : AudioInterface : Enabling audio playback
2022-08-19 14:02:03,448 : kivy : Base: Start application main loop
2022-08-19 14:02:03,449 : EventManager : Event: ======'display_default_initialized'====== Args={}
2022-08-19 14:02:03,466 : mpfmc : Display: Setting 'default' as default display
2022-08-19 14:02:03,472 : EventManager : Event: ======'displays_initialized'====== Args={}
2022-08-19 14:02:03,473 : EventManager : Event: ======'slide_default_blank_created'====== Args={}
2022-08-19 14:02:03,474 : EventManager : Event: ======'display_default_ready'====== Args={}
2022-08-19 14:02:03,488 : EventManager : Event: ======'init_phase_1'====== Args={}
2022-08-19 14:02:03,490 : EventManager : Event: ======'mc_ready'====== Args={}
2022-08-19 14:02:03,490 : EventManager : Event: ======'init_phase_2'====== Args={}
2022-08-19 14:02:03,492 : EventManager : Event: ======'init_phase_3'====== Args={}
2022-08-19 14:02:03,494 : EventManager : Event: ======'init_phase_4'====== Args={}
2022-08-19 14:02:03,494 : EventManager : Event: ======'init_phase_5'====== Args={}
2022-08-19 14:02:03,548 : EventManager : Event: ======'loading_assets'====== Args={'total': 10, 'loaded': 1, 'remaining': 9, 'percent': 10}
2022-08-19 14:02:03,548 : AssetManager : Loading assets: 1/10 (10%)
2022-08-19 14:02:03,683 : EventManager : Event: ======'loading_assets'====== Args={'total': 10, 'loaded': 10, 'remaining': 0, 'percent': 100}
2022-08-19 14:02:03,683 : AssetManager : Asset loading took: 0.23681211471557617
2022-08-19 14:02:03,683 : EventManager : Event: ======'asset_loading_complete'====== Args={}
2022-08-19 14:02:03,683 : AssetManager : Loading assets: 10/10 (100%)
2022-08-19 14:02:03,683 : EventManager : Event: ======'init_done'====== Args={}
2022-08-19 14:02:03,683 : MPF-MC BCP Server : Starting up on localhost port 5050
2022-08-19 14:02:03,687 : MPF-MC BCP Server : Waiting for a connection...
2022-08-19 14:02:03,695 : EventManager : Event: ======'client_disconnected'====== Args={'host': '127.0.0.1', 'port': 5050}
2022-08-19 14:02:07,170 : kivy : Base: Leaving application in progress...
2022-08-19 14:02:07,170 : mpfmc : Stopping...
2022-08-19 14:02:07,170 : EventManager : Event: ======'shutdown'====== Args={}
2022-08-19 14:02:07,171 : AudioInterface : Disabling audio playback
2022-08-19 14:02:07,319 : mpfmc : Loop rate 71.81 Hz
2022-08-19 14:02:07,319 : kivy : MC run loop ended.
2022-08-19 14:02:07,319 : kivy : Stopping child threads... (3 remaining)
2022-08-19 14:02:07,689 : MPF-MC BCP Server : Stopping BCP sending thread
2022-08-19 14:02:07,689 : MPF-MC BCP Server : Stopping BCP listener thread
2022-08-19 14:02:07,720 : kivy : All child threads stopped.
