2022-10-22 15:25:28,808 : kivy : Factory: 186 symbols loaded
2022-10-22 15:25:29,127 : kivy : ImageLoaderFFPy: Using ffpyplayer 4.3.2
2022-10-22 15:25:29,127 : kivy : Image: Providers: img_tex, img_dds, img_sdl2, img_pil, img_ffpyplayer 
2022-10-22 15:25:29,234 : kivy : VideoGstplayer: Using Gstreamer 1.18.0.0
2022-10-22 15:25:29,234 : kivy : Video: Provider: gstplayer
2022-10-22 15:25:29,654 : kivy : Loading MPF-MC controller
2022-10-22 15:25:29,658 : YamlMultifileConfigLoader : Machine config file #1: config
2022-10-22 15:25:29,658 : ConfigProcessor : Config file in cache changed: C:\Users\dorus\OneDrive\Documents\Pinball\Github\Pinball-MPF\mpfv1\config\config
2022-10-22 15:25:29,659 : ConfigProcessor : Loading config from file C:\Users\dorus\AppData\Local\Programs\Python\Python38\lib\site-packages\mpfmc\mcconfig.yaml.
2022-10-22 15:25:29,716 : ConfigProcessor : Loading config: C:\Users\dorus\AppData\Local\Programs\Python\Python38\lib\site-packages\mpfmc\mcconfig.yaml
2022-10-22 15:25:29,716 : ConfigProcessor : Loading config from file C:\Users\dorus\OneDrive\Documents\Pinball\Github\Pinball-MPF\mpfv1\config\config.
2022-10-22 15:25:29,719 : ConfigProcessor : Loading config: C:\Users\dorus\OneDrive\Documents\Pinball\Github\Pinball-MPF\mpfv1\config\config
2022-10-22 15:25:29,747 : ConfigProcessor : Loading config: C:\Users\dorus\OneDrive\Documents\Pinball\Github\Pinball-MPF\mpfv1\config\hardware.yaml
2022-10-22 15:25:29,755 : ConfigProcessor : Loading config: C:\Users\dorus\OneDrive\Documents\Pinball\Github\Pinball-MPF\mpfv1\config\sounds.yaml
2022-10-22 15:25:29,758 : ConfigProcessor : Loading config: C:\Users\dorus\OneDrive\Documents\Pinball\Github\Pinball-MPF\mpfv1\config\display.yaml
2022-10-22 15:25:29,766 : ConfigProcessor : Loading config: C:\Users\dorus\OneDrive\Documents\Pinball\Github\Pinball-MPF\mpfv1\config\keyboard.yaml
2022-10-22 15:25:29,776 : ConfigProcessor : Loading config: C:\Users\dorus\OneDrive\Documents\Pinball\Github\Pinball-MPF\mpfv1\config\slides.yaml
2022-10-22 15:25:29,779 : ConfigProcessor : Loading config: C:\Users\dorus\OneDrive\Documents\Pinball\Github\Pinball-MPF\mpfv1\config\light_shows.yaml
2022-10-22 15:25:29,782 : ConfigProcessor : Config file cache created: C:\Users\dorus\AppData\Local\Temp\7e51f468519621fe47191f26eea0f791.mpf_cache
2022-10-22 15:25:29,783 : ConfigProcessor : Loading config from cache: C:\Users\dorus\AppData\Local\Temp\69e5e641cece6cfbb9f28306d01595e4.mpf_cache
2022-10-22 15:25:29,792 : ConfigProcessor : Loading config from cache: C:\Users\dorus\AppData\Local\Temp\336e6d2601ccb63523c70814805acbf1.mpf_cache
2022-10-22 15:25:29,793 : ConfigProcessor : Loading config from cache: C:\Users\dorus\AppData\Local\Temp\8f8558ef7eb783a34103d845cb15f27a.mpf_cache
2022-10-22 15:25:29,794 : ConfigProcessor : Loading config from cache: C:\Users\dorus\AppData\Local\Temp\3f4ec0fd6e14e835699e1ee64ae7815f.mpf_cache
2022-10-22 15:25:29,796 : ConfigProcessor : Loading config from cache: C:\Users\dorus\AppData\Local\Temp\07450fdcdb716b1c510f1f1f728b03da.mpf_cache
2022-10-22 15:25:29,798 : mpfmc : Mission Pinball Framework Media Controller v0.55.0
2022-10-22 15:25:29,798 : mpfmc : Mission Pinball Framework Game Engine v0.55.0
2022-10-22 15:25:29,798 : mpfmc : Machine path: C:\Users\dorus\OneDrive\Documents\Pinball\Github\Pinball-MPF\mpfv1
2022-10-22 15:25:29,799 : mpfmc : Starting clock at 60.0Hz
2022-10-22 15:25:29,825 : kivy : Text: Provider: sdl2
2022-10-22 15:25:29,885 : kivy : Window: Provider: sdl2
2022-10-22 15:25:30,044 : kivy : GL: Using the "OpenGL" graphics system
2022-10-22 15:25:30,045 : kivy : GL: GLEW initialization succeeded
2022-10-22 15:25:30,045 : kivy : GL: Backend used <glew>
2022-10-22 15:25:30,045 : kivy : GL: OpenGL version <b'4.6.0 - Build 26.20.100.7372'>
2022-10-22 15:25:30,046 : kivy : GL: OpenGL vendor <b'Intel'>
2022-10-22 15:25:30,046 : kivy : GL: OpenGL renderer <b'Intel(R) UHD Graphics'>
2022-10-22 15:25:30,046 : kivy : GL: OpenGL parsed version: 4, 6
2022-10-22 15:25:30,046 : kivy : GL: Shading version <b'4.60 - Build 26.20.100.7372'>
2022-10-22 15:25:30,046 : kivy : GL: Texture max size <16384>
2022-10-22 15:25:30,046 : kivy : GL: Texture max units <32>
2022-10-22 15:25:30,119 : kivy : Window: auto add sdl2 input provider
2022-10-22 15:25:30,120 : kivy : Window: virtual keyboard not allowed, single mode, not docked
2022-10-22 15:25:30,501 : AudioInterface : Initialized
2022-10-22 15:25:30,502 : AudioInterface : Loaded SDL 2.0.12
2022-10-22 15:25:30,502 : AudioInterface : Loaded SDL_Mixer 2.0.4
2022-10-22 15:25:30,502 : AudioInterface : Loaded GStreamer 1.18.0.0
2022-10-22 15:25:30,502 : AudioInterface : Loaded GLib 2.62.6
2022-10-22 15:25:30,503 : AudioInterface : Settings requested - rate: 44100, channels: 1, buffer: 2048 samples
2022-10-22 15:25:30,503 : AudioInterface : Settings in use - rate: 44100, channels: 1, buffer: 2048 samples (4096 bytes @ 2 bytes per sample)
2022-10-22 15:25:30,504 : SoundSystem : Setting master volume to 0.0
2022-10-22 15:25:30,504 : SoundSystem : master_volume in sound_system is deprecated and will be removed in the future.
2022-10-22 15:25:30,504 : AudioInterface : Enabling audio playback
2022-10-22 15:25:30,506 : kivy : Base: Start application main loop
2022-10-22 15:25:30,506 : EventManager : Event: ======'display_default_initialized'====== Args={}
2022-10-22 15:25:30,523 : mpfmc : Display: Setting 'default' as default display
2022-10-22 15:25:30,528 : mpfmc : ASPECT RATIO MISMATCH: The on-screen window is not the same aspect ratio as the display called 'default'. The logical display will be scaled from 800x600 to the window size 1000x800, and a black bar will make up the difference
2022-10-22 15:25:30,531 : EventManager : Event: ======'displays_initialized'====== Args={}
2022-10-22 15:25:30,534 : EventManager : Event: ======'slide_default_blank_created'====== Args={}
2022-10-22 15:25:30,535 : EventManager : Event: ======'display_default_ready'====== Args={}
2022-10-22 15:25:30,552 : EventManager : Event: ======'init_phase_1'====== Args={}
2022-10-22 15:25:30,560 : EventManager : Event: ======'mc_ready'====== Args={}
2022-10-22 15:25:30,561 : EventManager : Event: ======'init_phase_2'====== Args={}
2022-10-22 15:25:30,565 : EventManager : Event: ======'init_phase_3'====== Args={}
2022-10-22 15:25:30,570 : EventManager : Event: ======'init_phase_4'====== Args={}
2022-10-22 15:25:30,570 : EventManager : Event: ======'init_phase_5'====== Args={}
2022-10-22 15:25:30,571 : EventManager : Event: ======'init_done'====== Args={}
2022-10-22 15:25:30,571 : MPF-MC BCP Server : Starting up on localhost port 5050
2022-10-22 15:25:30,577 : MPF-MC BCP Server : Waiting for a connection...
2022-10-22 15:25:30,577 : mpfmc : SlidePlayer: Play called with settings={'slides': {welcome_slide-None-None: {'priority': None, 'target': None, 'background_color': [0.0, 0.0, 0.0, 1.0], 'show': True, 'force': False, 'expire': None, 'slide': None, 'tokens': {}, 'action': 'play', 'transition': None, 'transition_out': None}}}
2022-10-22 15:25:30,584 : kivy : GL: NPOT texture support is available
2022-10-22 15:25:30,588 : EventManager : Event: ======'slide_welcome_slide_created'====== Args={}
2022-10-22 15:25:30,595 : EventManager : Event: ======'slide_welcome_slide_active'====== Args={}
2022-10-22 15:25:30,603 : EventManager : Event: ======'client_disconnected'====== Args={'host': '127.0.0.1', 'port': 5050}
2022-10-22 15:25:31,195 : MPF-MC BCP Server : Received connection from: 127.0.0.1:50141
2022-10-22 15:25:31,206 : EventManager : Event: ======'client_connected'====== Args={'host': '127.0.0.1', 'port': 50141}
2022-10-22 15:25:31,218 : EventManager : Event: ======'machine_var_credits_string'====== Args={'value': 'FREE PLAY', 'prev_value': None, 'change': True}
2022-10-22 15:25:31,218 : EventManager : Event: ======'machine_var_master_volume'====== Args={'value': 0.5, 'prev_value': None, 'change': True}
2022-10-22 15:25:31,218 : EventManager : Event: ======'machine_var_player1_score'====== Args={'value': 33100, 'prev_value': None, 'change': True}
2022-10-22 15:25:31,218 : EventManager : Event: ======'machine_var_mpf_version'====== Args={'value': 'MPF v0.55.0', 'prev_value': None, 'change': True}
2022-10-22 15:25:31,218 : EventManager : Event: ======'machine_var_mpf_extended_version'====== Args={'value': 'MPF v0.55.0, Config version:5, Show version: 5, BCP version:1.1', 'prev_value': None, 'change': True}
2022-10-22 15:25:31,218 : EventManager : Event: ======'machine_var_python_version'====== Args={'value': '3.8.10', 'prev_value': None, 'change': True}
2022-10-22 15:25:31,218 : EventManager : Event: ======'machine_var_platform'====== Args={'value': 'Windows-10-10.0.19044-SP0', 'prev_value': None, 'change': True}
2022-10-22 15:25:31,218 : EventManager : Event: ======'machine_var_platform_system'====== Args={'value': 'Windows', 'prev_value': None, 'change': True}
2022-10-22 15:25:31,218 : EventManager : Event: ======'machine_var_platform_release'====== Args={'value': '10', 'prev_value': None, 'change': True}
2022-10-22 15:25:31,218 : EventManager : Event: ======'machine_var_platform_version'====== Args={'value': '10.0.19044', 'prev_value': None, 'change': True}
2022-10-22 15:25:31,218 : EventManager : Event: ======'machine_var_platform_machine'====== Args={'value': 'AMD64', 'prev_value': None, 'change': True}
2022-10-22 15:25:31,218 : EventManager : Event: ======'machine_var_mc_version'====== Args={'value': 'MPF-MC v0.55.0', 'prev_value': None, 'change': True}
2022-10-22 15:25:31,218 : EventManager : Event: ======'machine_var_mc_extended_version'====== Args={'value': 'MPF-MC v0.55.0 (config_version=5, BCP v1.1, Requires MPF v0.55.0-dev.49)', 'prev_value': None, 'change': True}
2022-10-22 15:25:31,219 : SoundSystem : Setting master volume to 0.5
2022-10-22 15:25:31,270 : EventManager : Event: ======'machine_var_audits_events_game_ended'====== Args={'value': 0, 'prev_value': None, 'change': True}
2022-10-22 15:25:31,282 : EventManager : Event: ======'machine_var_audits_events_game_started'====== Args={'value': 0, 'prev_value': None, 'change': True}
2022-10-22 15:25:31,282 : EventManager : Event: ======'machine_var_audits_player_score'====== Args={'value': {'average': 26575.0, 'top': [41000, 33100, 31800, 31200, 27600, 20200, 17500, 10200], 'total': 8}, 'prev_value': None, 'change': True}
2022-10-22 15:25:31,282 : EventManager : Event: ======'machine_var_audits_shots_lane_top_1'====== Args={'value': 130, 'prev_value': None, 'change': True}
2022-10-22 15:25:31,282 : EventManager : Event: ======'machine_var_audits_shots_lane_top_2'====== Args={'value': 122, 'prev_value': None, 'change': True}
2022-10-22 15:25:31,282 : EventManager : Event: ======'machine_var_audits_shots_lane_top_3'====== Args={'value': 102, 'prev_value': None, 'change': True}
2022-10-22 15:25:31,282 : EventManager : Event: ======'machine_var_audits_shots_orbit'====== Args={'value': 23, 'prev_value': None, 'change': True}
2022-10-22 15:25:31,282 : EventManager : Event: ======'machine_var_audits_shots_spinner'====== Args={'value': 178, 'prev_value': None, 'change': True}
2022-10-22 15:25:31,282 : EventManager : Event: ======'machine_var_audits_switches_s_bottomlane1'====== Args={'value': 15, 'prev_value': None, 'change': True}
2022-10-22 15:25:31,282 : EventManager : Event: ======'machine_var_audits_switches_s_bottomlane2'====== Args={'value': 28, 'prev_value': None, 'change': True}
2022-10-22 15:25:31,282 : EventManager : Event: ======'machine_var_audits_switches_s_bottomlane3'====== Args={'value': 26, 'prev_value': None, 'change': True}
2022-10-22 15:25:31,282 : EventManager : Event: ======'machine_var_audits_switches_s_bottomlane4'====== Args={'value': 33, 'prev_value': None, 'change': True}
2022-10-22 15:25:31,282 : EventManager : Event: ======'machine_var_audits_switches_s_bottomlane5'====== Args={'value': 13, 'prev_value': None, 'change': True}
2022-10-22 15:25:31,283 : EventManager : Event: ======'machine_var_audits_switches_s_drop1'====== Args={'value': 35, 'prev_value': None, 'change': True}
2022-10-22 15:25:31,283 : EventManager : Event: ======'machine_var_audits_switches_s_drop2'====== Args={'value': 17, 'prev_value': None, 'change': True}
2022-10-22 15:25:31,283 : EventManager : Event: ======'machine_var_audits_switches_s_drop3'====== Args={'value': 15, 'prev_value': None, 'change': True}
2022-10-22 15:25:31,283 : EventManager : Event: ======'machine_var_audits_switches_s_launch'====== Args={'value': 11, 'prev_value': None, 'change': True}
2022-10-22 15:25:31,283 : EventManager : Event: ======'machine_var_audits_switches_s_left01'====== Args={'value': 26, 'prev_value': None, 'change': True}
2022-10-22 15:25:31,283 : EventManager : Event: ======'machine_var_audits_switches_s_left02'====== Args={'value': 27, 'prev_value': None, 'change': True}
2022-10-22 15:25:31,283 : EventManager : Event: ======'machine_var_audits_switches_s_left03'====== Args={'value': 20, 'prev_value': None, 'change': True}
2022-10-22 15:25:31,283 : EventManager : Event: ======'machine_var_audits_switches_s_left_sling'====== Args={'value': 55, 'prev_value': None, 'change': True}
2022-10-22 15:25:31,283 : EventManager : Event: ======'machine_var_audits_switches_s_orbit1'====== Args={'value': 45, 'prev_value': None, 'change': True}
2022-10-22 15:25:31,283 : EventManager : Event: ======'machine_var_audits_switches_s_orbit2'====== Args={'value': 0, 'prev_value': None, 'change': True}
2022-10-22 15:25:31,283 : EventManager : Event: ======'machine_var_audits_switches_s_plunger_lane'====== Args={'value': 92, 'prev_value': None, 'change': True}
2022-10-22 15:25:31,283 : EventManager : Event: ======'machine_var_audits_switches_s_popbumber_1'====== Args={'value': 58, 'prev_value': None, 'change': True}
2022-10-22 15:25:31,283 : EventManager : Event: ======'machine_var_audits_switches_s_popbumber_2'====== Args={'value': 94, 'prev_value': None, 'change': True}
2022-10-22 15:25:31,283 : EventManager : Event: ======'machine_var_audits_switches_s_popbumber_3'====== Args={'value': 35, 'prev_value': None, 'change': True}
2022-10-22 15:25:31,283 : EventManager : Event: ======'machine_var_audits_switches_s_ramp'====== Args={'value': 34, 'prev_value': None, 'change': True}
2022-10-22 15:25:31,283 : EventManager : Event: ======'machine_var_audits_switches_s_right_sling'====== Args={'value': 109, 'prev_value': None, 'change': True}
2022-10-22 15:25:31,283 : EventManager : Event: ======'machine_var_audits_switches_s_rigth01'====== Args={'value': 54, 'prev_value': None, 'change': True}
2022-10-22 15:25:31,283 : EventManager : Event: ======'machine_var_audits_switches_s_rigth02'====== Args={'value': 23, 'prev_value': None, 'change': True}
2022-10-22 15:25:31,284 : EventManager : Event: ======'machine_var_audits_switches_s_rigth03'====== Args={'value': 14, 'prev_value': None, 'change': True}
2022-10-22 15:25:31,284 : EventManager : Event: ======'machine_var_audits_switches_s_spinner'====== Args={'value': 271, 'prev_value': None, 'change': True}
2022-10-22 15:25:31,284 : EventManager : Event: ======'machine_var_audits_switches_s_start'====== Args={'value': 0, 'prev_value': None, 'change': True}
2022-10-22 15:25:31,284 : EventManager : Event: ======'machine_var_audits_switches_s_top'====== Args={'value': 11, 'prev_value': None, 'change': True}
2022-10-22 15:25:31,284 : EventManager : Event: ======'machine_var_audits_switches_s_toplane1'====== Args={'value': 217, 'prev_value': None, 'change': True}
2022-10-22 15:25:31,284 : EventManager : Event: ======'machine_var_audits_switches_s_toplane2'====== Args={'value': 129, 'prev_value': None, 'change': True}
2022-10-22 15:25:31,284 : EventManager : Event: ======'machine_var_audits_switches_s_toplane3'====== Args={'value': 109, 'prev_value': None, 'change': True}
2022-10-22 15:25:31,284 : EventManager : Event: ======'machine_var_audits_switches_s_trough1'====== Args={'value': 31, 'prev_value': None, 'change': True}
2022-10-22 15:25:31,284 : EventManager : Event: ======'machine_var_audits_switches_s_trough2'====== Args={'value': 34, 'prev_value': None, 'change': True}
2022-10-22 15:25:31,284 : EventManager : Event: ======'machine_var_audits_switches_s_trough3'====== Args={'value': 26, 'prev_value': None, 'change': True}
2022-10-22 15:25:31,284 : EventManager : Event: ======'machine_var_audits_switches_s_trough4'====== Args={'value': 39, 'prev_value': None, 'change': True}
2022-10-22 15:25:31,284 : EventManager : Event: ======'machine_var_audits_switches_s_trough5'====== Args={'value': 25, 'prev_value': None, 'change': True}
2022-10-22 15:25:31,284 : EventManager : Event: ======'machine_var_audits_switches_s_trough6'====== Args={'value': 24, 'prev_value': None, 'change': True}
2022-10-22 15:25:31,284 : EventManager : Event: ======'machine_var_audits_switches_s_trough_jam'====== Args={'value': 26, 'prev_value': None, 'change': True}
2022-10-22 15:25:31,284 : EventManager : Event: ======'machine_var_audits_switches_s_vukmid'====== Args={'value': 46, 'prev_value': None, 'change': True}
2022-10-22 15:25:31,284 : EventManager : Event: ======'machine_var_audits_switches_s_vuktop'====== Args={'value': 12, 'prev_value': None, 'change': True}
2022-10-22 15:25:31,295 : EventManager : Event: ======'slides_play'====== Args={'settings': {'welcome_slide': {'target': None, 'background_color': [0.0, 0.0, 0.0, 1.0], 'priority': None, 'show': True, 'force': False, 'expire': None, 'slide': None, 'tokens': {}, 'action': 'play'}}, 'context': '_global', 'calling_context': 'init_done', 'priority': 0}
2022-10-22 15:25:31,295 : EventManager : Event: ======'mc_reset_phase_1'====== Args={}
2022-10-22 15:25:31,295 : mpfmc : SlidePlayer: Play called with settings={'welcome_slide': {'target': None, 'background_color': [0.0, 0.0, 0.0, 1.0], 'priority': None, 'show': True, 'force': False, 'expire': None, 'slide': None, 'tokens': {}, 'action': 'play'}}
2022-10-22 15:25:31,296 : EventManager : Event: ======'slide_welcome_slide_removed'====== Args={}
2022-10-22 15:25:31,298 : EventManager : Event: ======'slide_welcome_slide_created'====== Args={}
2022-10-22 15:25:31,298 : EventManager : Event: ======'mc_reset_phase_2'====== Args={}
2022-10-22 15:25:31,299 : EventManager : Event: ======'mc_reset_phase_3'====== Args={}
2022-10-22 15:25:31,299 : EventManager : Event: ======'mc_reset_complete'====== Args={}
2022-10-22 15:25:31,299 : EventManager : Event: ======'slide_welcome_slide_active'====== Args={}
2022-10-22 15:25:31,316 : EventManager : Event: ======'slides_play'====== Args={'settings': {'awesome_slide': {'transition': {'type': 'push', 'duration': 1.0, 'direction': 'left', 'easing': 'out_quad'}, 'target': None, 'background_color': [0.0, 0.0, 0.0, 1.0], 'priority': None, 'show': True, 'force': False, 'expire': None, 'slide': None, 'tokens': {}, 'action': 'play'}}, 'context': 'show_2', 'calling_context': 0, 'priority': 10, 'show_tokens': {}, 'start_time': 1406.984}
2022-10-22 15:25:31,316 : EventManager : Event: ======'sounds_play'====== Args={'settings': {'musicslow': {'action': 'play', 'loops': -1, 'priority': None, 'block': False, 'delay': None, 'track': None, 'volume': None, 'pan': None, 'start_at': None, 'fade_in': None, 'fade_out': None, 'about_to_finish_time': -1.0, 'max_queue_time': -1.0, 'events_when_played': ['use_sound_setting'], 'events_when_stopped': ['use_sound_setting'], 'events_when_looping': ['use_sound_setting'], 'events_when_about_to_finish': ['use_sound_setting'], 'mode_end_action': 'use_sound_setting', 'key': 'use_sound_setting'}}, 'context': 'attract', 'calling_context': 'mode_attract_started', 'priority': 10}
2022-10-22 15:25:31,316 : mpfmc : SlidePlayer: Play called with settings={'awesome_slide': {'transition': {'type': 'push', 'duration': 1.0, 'direction': 'left', 'easing': 'out_quad'}, 'target': None, 'background_color': [0.0, 0.0, 0.0, 1.0], 'priority': None, 'show': True, 'force': False, 'expire': None, 'slide': None, 'tokens': {}, 'action': 'play'}}
2022-10-22 15:25:31,319 : EventManager : Event: ======'slide_awesome_slide_created'====== Args={}
2022-10-22 15:25:31,320 : EventManager : Event: ======'slide_awesome_slide_active'====== Args={}
2022-10-22 15:25:31,378 : EventManager : Event: ======'loading_assets'====== Args={'total': 1, 'loaded': 1, 'remaining': 0, 'percent': 100}
2022-10-22 15:25:31,378 : AssetManager : Asset loading took: 0.8740770816802979
2022-10-22 15:25:31,378 : EventManager : Event: ======'asset_loading_complete'====== Args={}
2022-10-22 15:25:31,378 : AssetManager : Loading assets: 1/1 (100%)
2022-10-22 15:25:34,310 : EventManager : Event: ======'slides_play'====== Args={'settings': {'press_start': {'transition': {'type': 'move_in', 'duration': 1.0, 'direction': 'right', 'easing': 'out_quad'}, 'target': None, 'background_color': [0.0, 0.0, 0.0, 1.0], 'priority': None, 'show': True, 'force': False, 'expire': None, 'slide': None, 'tokens': {}, 'action': 'play'}}, 'context': 'show_2', 'calling_context': 1, 'priority': 10, 'show_tokens': {}, 'start_time': 1409.984}
2022-10-22 15:25:34,310 : mpfmc : SlidePlayer: Play called with settings={'press_start': {'transition': {'type': 'move_in', 'duration': 1.0, 'direction': 'right', 'easing': 'out_quad'}, 'target': None, 'background_color': [0.0, 0.0, 0.0, 1.0], 'priority': None, 'show': True, 'force': False, 'expire': None, 'slide': None, 'tokens': {}, 'action': 'play'}}
2022-10-22 15:25:34,316 : EventManager : Event: ======'slide_press_start_created'====== Args={}
2022-10-22 15:25:34,317 : EventManager : Event: ======'slide_press_start_active'====== Args={}
2022-10-22 15:25:35,493 : EventManager : Event: ======'game_started'====== Args={}
2022-10-22 15:25:35,505 : EventManager : Event: ======'slides_clear'====== Args={'context': 'show_2'}
2022-10-22 15:25:35,505 : EventManager : Event: ======'sounds_clear'====== Args={'context': 'attract'}
2022-10-22 15:25:35,505 : EventManager : Event: ======'sounds_play'====== Args={'settings': {'musicslow': {'action': 'stop', 'priority': None, 'block': False, 'delay': None, 'track': None, 'volume': None, 'pan': None, 'loops': None, 'start_at': None, 'fade_in': None, 'fade_out': None, 'about_to_finish_time': -1.0, 'max_queue_time': -1.0, 'events_when_played': ['use_sound_setting'], 'events_when_stopped': ['use_sound_setting'], 'events_when_looping': ['use_sound_setting'], 'events_when_about_to_finish': ['use_sound_setting'], 'mode_end_action': 'use_sound_setting', 'key': 'use_sound_setting'}}, 'context': '_global', 'calling_context': 'mode_attract_stopped', 'priority': 0}
2022-10-22 15:25:35,505 : EventManager : Event: ======'player_added'====== Args={'player': <Player 1>, 'num': 1}
2022-10-22 15:25:35,505 : EventManager : Event: ======'player_index'====== Args={'value': 0, 'prev_value': 0, 'change': 0, 'player_num': 1}
2022-10-22 15:25:35,505 : EventManager : Event: ======'player_number'====== Args={'value': 1, 'prev_value': 1, 'change': 0, 'player_num': 1}
2022-10-22 15:25:35,505 : EventManager : Event: ======'player_score'====== Args={'value': 0, 'prev_value': 0, 'change': 0, 'player_num': 1}
2022-10-22 15:25:35,506 : EventManager : Event: ======'slide_awesome_slide_removed'====== Args={}
2022-10-22 15:25:35,506 : EventManager : Event: ======'slide_press_start_removed'====== Args={}
2022-10-22 15:25:35,506 : EventManager : Event: ======'slide_welcome_slide_active'====== Args={}
2022-10-22 15:25:35,531 : EventManager : Event: ======'player_ball'====== Args={'value': 1, 'prev_value': 0, 'change': 1, 'player_num': 1}
2022-10-22 15:25:35,531 : EventManager : Event: ======'player_turn_start'====== Args={'number': 1, 'player': <Player 1>}
2022-10-22 15:25:35,543 : EventManager : Event: ======'player_shot_spinner_enabled'====== Args={'value': True, 'prev_value': 0, 'change': 1, 'player_num': 1}
2022-10-22 15:25:35,543 : EventManager : Event: ======'player_shot_orbit_enabled'====== Args={'value': True, 'prev_value': 0, 'change': 1, 'player_num': 1}
2022-10-22 15:25:35,543 : EventManager : Event: ======'slides_play'====== Args={'settings': {'mode_base_started_slide': {'target': None, 'background_color': [0.0, 0.0, 0.0, 1.0], 'priority': None, 'show': True, 'force': False, 'expire': None, 'slide': None, 'tokens': {}, 'action': 'play'}}, 'context': 'base', 'calling_context': 'mode_base_started', 'priority': 100, 'queue': '<QueuedEvent>', 'player': 1, 'ball': 1, 'balls_remaining': 2, 'is_extra_ball': False}
2022-10-22 15:25:35,543 : EventManager : Event: ======'sounds_play'====== Args={'settings': {'musicfast': {'action': 'play', 'loops': -1, 'priority': None, 'block': False, 'delay': None, 'track': None, 'volume': None, 'pan': None, 'start_at': None, 'fade_in': None, 'fade_out': None, 'about_to_finish_time': -1.0, 'max_queue_time': -1.0, 'events_when_played': ['use_sound_setting'], 'events_when_stopped': ['use_sound_setting'], 'events_when_looping': ['use_sound_setting'], 'events_when_about_to_finish': ['use_sound_setting'], 'mode_end_action': 'use_sound_setting', 'key': 'use_sound_setting'}}, 'context': '_global', 'calling_context': 'mode_base_started', 'priority': 0, 'queue': '<QueuedEvent>', 'player': 1, 'ball': 1, 'balls_remaining': 2, 'is_extra_ball': False}
2022-10-22 15:25:35,544 : EventManager : Event: ======'player_shot_lane_top_1_enabled'====== Args={'value': True, 'prev_value': 0, 'change': 1, 'player_num': 1}
2022-10-22 15:25:35,544 : EventManager : Event: ======'player_shot_lane_top_2_enabled'====== Args={'value': True, 'prev_value': 0, 'change': 1, 'player_num': 1}
2022-10-22 15:25:35,544 : EventManager : Event: ======'player_shot_lane_top_3_enabled'====== Args={'value': True, 'prev_value': 0, 'change': 1, 'player_num': 1}
2022-10-22 15:25:35,544 : mpfmc : SlidePlayer: Play called with settings={'mode_base_started_slide': {'target': None, 'background_color': [0.0, 0.0, 0.0, 1.0], 'priority': None, 'show': True, 'force': False, 'expire': None, 'slide': None, 'tokens': {}, 'action': 'play'}}
2022-10-22 15:25:35,553 : EventManager : Event: ======'slide_mode_base_started_slide_created'====== Args={}
2022-10-22 15:25:35,555 : EventManager : Event: ======'slide_mode_base_started_slide_active'====== Args={}
2022-10-22 15:25:35,598 : EventManager : Event: ======'player_pf_multiplier'====== Args={'value': 1, 'prev_value': 0, 'change': 1, 'player_num': 1}
2022-10-22 15:25:35,598 : EventManager : Event: ======'loading_assets'====== Args={'total': 1, 'loaded': 1, 'remaining': 0, 'percent': 100}
2022-10-22 15:25:35,598 : AssetManager : Asset loading took: 5.094202280044556
2022-10-22 15:25:35,598 : EventManager : Event: ======'asset_loading_complete'====== Args={}
2022-10-22 15:25:35,598 : AssetManager : Loading assets: 1/1 (100%)
2022-10-22 15:25:35,684 : EventManager : Event: ======'machine_var_audits_switches_s_plunger_lane'====== Args={'value': 93, 'prev_value': 92, 'change': 1}
2022-10-22 15:25:39,028 : kivy : Base: Leaving application in progress...
2022-10-22 15:25:39,230 : mpfmc : Stopping...
2022-10-22 15:25:39,231 : EventManager : Event: ======'shutdown'====== Args={}
2022-10-22 15:25:39,231 : AudioInterface : Disabling audio playback
2022-10-22 15:25:39,231 : mpfmc : Loop rate 78.28 Hz
2022-10-22 15:25:39,231 : kivy : MC run loop ended.
2022-10-22 15:25:39,232 : kivy : Stopping child threads... (3 remaining)
2022-10-22 15:25:39,816 : mpfmc : Stopping...
2022-10-22 15:25:39,817 : EventManager : Event: ======'shutdown'====== Args={}
2022-10-22 15:25:39,817 : mpfmc : Loop rate 73.35 Hz
2022-10-22 15:25:39,844 : MPF-MC BCP Server : Stopping BCP sending thread
2022-10-22 15:25:39,895 : kivy : All child threads stopped.
