2022-09-24 15:50:34,640 : kivy : Factory: 186 symbols loaded
2022-09-24 15:50:35,677 : kivy : ImageLoaderFFPy: Using ffpyplayer 4.3.2
2022-09-24 15:50:35,677 : kivy : Image: Providers: img_tex, img_dds, img_sdl2, img_pil, img_ffpyplayer 
2022-09-24 15:50:36,109 : kivy : VideoGstplayer: Using Gstreamer 1.18.0.0
2022-09-24 15:50:36,110 : kivy : Video: Provider: gstplayer
2022-09-24 15:50:36,877 : kivy : Loading MPF-MC controller
2022-09-24 15:50:36,882 : YamlMultifileConfigLoader : Machine config file #1: config
2022-09-24 15:50:36,883 : ConfigProcessor : Config file in cache changed: C:\pinball\Pinball-MPF\mpfv1\config\config
2022-09-24 15:50:36,884 : ConfigProcessor : Loading config from file C:\Users\dorus\AppData\Local\Programs\Python\Python38\lib\site-packages\mpfmc\mcconfig.yaml.
2022-09-24 15:50:36,935 : ConfigProcessor : Loading config: C:\Users\dorus\AppData\Local\Programs\Python\Python38\lib\site-packages\mpfmc\mcconfig.yaml
2022-09-24 15:50:36,936 : ConfigProcessor : Loading config from file C:\pinball\Pinball-MPF\mpfv1\config\config.
2022-09-24 15:50:36,938 : ConfigProcessor : Loading config: C:\pinball\Pinball-MPF\mpfv1\config\config
2022-09-24 15:50:36,988 : ConfigProcessor : Loading config: C:\pinball\Pinball-MPF\mpfv1\config\hardware.yaml
2022-09-24 15:50:37,007 : ConfigProcessor : Loading config: C:\pinball\Pinball-MPF\mpfv1\config\sounds.yaml
2022-09-24 15:50:37,014 : ConfigProcessor : Loading config: C:\pinball\Pinball-MPF\mpfv1\config\display.yaml
2022-09-24 15:50:37,024 : ConfigProcessor : Loading config: C:\pinball\Pinball-MPF\mpfv1\config\keyboard.yaml
2022-09-24 15:50:37,025 : ConfigProcessor : Config file cache created: C:\Users\dorus\AppData\Local\Temp\2c72eb340730b16858938bc1db8d4d2b.mpf_cache
2022-09-24 15:50:37,026 : ConfigProcessor : Loading config from cache: C:\Users\dorus\AppData\Local\Temp\444cf03b543d197e203cfa23af3f8fc0.mpf_cache
2022-09-24 15:50:37,027 : ConfigProcessor : Loading config from cache: C:\Users\dorus\AppData\Local\Temp\336e6d2601ccb63523c70814805acbf1.mpf_cache
2022-09-24 15:50:37,027 : ConfigProcessor : Loading config from cache: C:\Users\dorus\AppData\Local\Temp\997bf01789d16ed996f231036966dd64.mpf_cache
2022-09-24 15:50:37,028 : ConfigProcessor : Loading config from cache: C:\Users\dorus\AppData\Local\Temp\99703a5eb7b45595525b767565d37410.mpf_cache
2022-09-24 15:50:37,028 : ConfigProcessor : Loading config from cache: C:\Users\dorus\AppData\Local\Temp\3bda3283678547d211760e16eb23b4da.mpf_cache
2022-09-24 15:50:37,028 : mpfmc : Mission Pinball Framework Media Controller v0.55.0
2022-09-24 15:50:37,028 : mpfmc : Mission Pinball Framework Game Engine v0.55.0
2022-09-24 15:50:37,029 : mpfmc : Machine path: C:\pinball\Pinball-MPF\mpfv1
2022-09-24 15:50:37,029 : mpfmc : Starting clock at 60.0Hz
2022-09-24 15:50:37,178 : kivy : Text: Provider: sdl2
2022-09-24 15:50:37,346 : kivy : Window: Provider: sdl2
2022-09-24 15:50:37,643 : kivy : GL: Using the "OpenGL" graphics system
2022-09-24 15:50:37,644 : kivy : GL: GLEW initialization succeeded
2022-09-24 15:50:37,645 : kivy : GL: Backend used <glew>
2022-09-24 15:50:37,645 : kivy : GL: OpenGL version <b'4.6.0 - Build 26.20.100.7372'>
2022-09-24 15:50:37,645 : kivy : GL: OpenGL vendor <b'Intel'>
2022-09-24 15:50:37,645 : kivy : GL: OpenGL renderer <b'Intel(R) UHD Graphics'>
2022-09-24 15:50:37,645 : kivy : GL: OpenGL parsed version: 4, 6
2022-09-24 15:50:37,645 : kivy : GL: Shading version <b'4.60 - Build 26.20.100.7372'>
2022-09-24 15:50:37,645 : kivy : GL: Texture max size <16384>
2022-09-24 15:50:37,645 : kivy : GL: Texture max units <32>
2022-09-24 15:50:37,714 : kivy : Window: auto add sdl2 input provider
2022-09-24 15:50:37,715 : kivy : Window: virtual keyboard not allowed, single mode, not docked
2022-09-24 15:50:39,846 : AudioInterface : Initialized
2022-09-24 15:50:39,846 : AudioInterface : Loaded SDL 2.0.12
2022-09-24 15:50:39,846 : AudioInterface : Loaded SDL_Mixer 2.0.4
2022-09-24 15:50:39,846 : AudioInterface : Loaded GStreamer 1.18.0.0
2022-09-24 15:50:39,846 : AudioInterface : Loaded GLib 2.62.6
2022-09-24 15:50:39,846 : AudioInterface : Settings requested - rate: 44100, channels: 1, buffer: 2048 samples
2022-09-24 15:50:39,846 : AudioInterface : Settings in use - rate: 44100, channels: 1, buffer: 2048 samples (4096 bytes @ 2 bytes per sample)
2022-09-24 15:50:39,846 : SoundSystem : Setting master volume to 0.0
2022-09-24 15:50:39,846 : SoundSystem : master_volume in sound_system is deprecated and will be removed in the future.
2022-09-24 15:50:39,846 : AudioInterface : Enabling audio playback
2022-09-24 15:50:39,848 : kivy : Base: Start application main loop
2022-09-24 15:50:39,850 : EventManager : Event: ======'display_window_initialized'====== Args={}
2022-09-24 15:50:39,864 : mpfmc : Display: Setting 'window' as default display
2022-09-24 15:50:39,872 : EventManager : Event: ======'displays_initialized'====== Args={}
2022-09-24 15:50:39,873 : EventManager : Event: ======'slide_window_blank_created'====== Args={}
2022-09-24 15:50:39,873 : EventManager : Event: ======'display_window_ready'====== Args={}
2022-09-24 15:50:39,881 : EventManager : Event: ======'init_phase_1'====== Args={}
2022-09-24 15:50:39,885 : EventManager : Event: ======'mc_ready'====== Args={}
2022-09-24 15:50:39,885 : EventManager : Event: ======'init_phase_2'====== Args={}
2022-09-24 15:50:39,887 : EventManager : Event: ======'init_phase_3'====== Args={}
2022-09-24 15:50:39,889 : EventManager : Event: ======'init_phase_4'====== Args={}
2022-09-24 15:50:39,889 : EventManager : Event: ======'init_phase_5'====== Args={}
2022-09-24 15:50:39,889 : EventManager : Event: ======'init_done'====== Args={}
2022-09-24 15:50:39,889 : MPF-MC BCP Server : Starting up on localhost port 5050
2022-09-24 15:50:39,893 : MPF-MC BCP Server : Waiting for a connection...
2022-09-24 15:50:39,893 : mpfmc : SlidePlayer: Play called with settings={'slides': {welcome_slide-None-None: {'priority': None, 'target': None, 'background_color': [0.0, 0.0, 0.0, 1.0], 'show': True, 'force': False, 'expire': None, 'slide': None, 'tokens': {}, 'action': 'play', 'transition': None, 'transition_out': None}}}
2022-09-24 15:50:39,912 : kivy : GL: NPOT texture support is available
2022-09-24 15:50:39,913 : EventManager : Event: ======'slide_welcome_slide_created'====== Args={}
2022-09-24 15:50:39,915 : EventManager : Event: ======'slide_welcome_slide_active'====== Args={}
2022-09-24 15:50:39,922 : EventManager : Event: ======'client_disconnected'====== Args={'host': '127.0.0.1', 'port': 5050}
2022-09-24 15:50:48,972 : kivy : Base: Leaving application in progress...
