2022-10-23 15:50:05,729 : kivy : Factory: 186 symbols loaded
2022-10-23 15:50:06,269 : kivy : ImageLoaderFFPy: Using ffpyplayer 4.3.2
2022-10-23 15:50:06,269 : kivy : Image: Providers: img_tex, img_dds, img_sdl2, img_pil, img_ffpyplayer 
2022-10-23 15:50:06,370 : kivy : VideoGstplayer: Using Gstreamer 1.18.0.0
2022-10-23 15:50:06,370 : kivy : Video: Provider: gstplayer
2022-10-23 15:50:06,831 : kivy : Loading MPF-MC controller
2022-10-23 15:50:06,834 : YamlMultifileConfigLoader : Machine config file #1: config
2022-10-23 15:50:06,835 : ConfigProcessor : Config file in cache changed: C:\Users\dorus\OneDrive\Documents\Pinball\Github\Pinball-MPF\mpfv1\config\config
2022-10-23 15:50:06,835 : ConfigProcessor : Loading config from file C:\Users\dorus\AppData\Local\Programs\Python\Python38\lib\site-packages\mpfmc\mcconfig.yaml.
2022-10-23 15:50:06,863 : ConfigProcessor : Loading config: C:\Users\dorus\AppData\Local\Programs\Python\Python38\lib\site-packages\mpfmc\mcconfig.yaml
2022-10-23 15:50:06,863 : ConfigProcessor : Loading config from file C:\Users\dorus\OneDrive\Documents\Pinball\Github\Pinball-MPF\mpfv1\config\config.
2022-10-23 15:50:06,866 : ConfigProcessor : Loading config: C:\Users\dorus\OneDrive\Documents\Pinball\Github\Pinball-MPF\mpfv1\config\config
2022-10-23 15:50:06,892 : ConfigProcessor : Loading config: C:\Users\dorus\OneDrive\Documents\Pinball\Github\Pinball-MPF\mpfv1\config\hardware.yaml
2022-10-23 15:50:06,902 : ConfigProcessor : Loading config: C:\Users\dorus\OneDrive\Documents\Pinball\Github\Pinball-MPF\mpfv1\config\sounds.yaml
2022-10-23 15:50:06,906 : ConfigProcessor : Loading config: C:\Users\dorus\OneDrive\Documents\Pinball\Github\Pinball-MPF\mpfv1\config\display.yaml
2022-10-23 15:50:06,913 : ConfigProcessor : Loading config: C:\Users\dorus\OneDrive\Documents\Pinball\Github\Pinball-MPF\mpfv1\config\keyboard.yaml
2022-10-23 15:50:06,966 : ConfigProcessor : Loading config: C:\Users\dorus\OneDrive\Documents\Pinball\Github\Pinball-MPF\mpfv1\config\slides.yaml
2022-10-23 15:50:06,974 : ConfigProcessor : Loading config: C:\Users\dorus\OneDrive\Documents\Pinball\Github\Pinball-MPF\mpfv1\config\light_shows.yaml
2022-10-23 15:50:06,978 : ConfigProcessor : Config file cache created: C:\Users\dorus\AppData\Local\Temp\7e51f468519621fe47191f26eea0f791.mpf_cache
2022-10-23 15:50:06,979 : ConfigProcessor : Loading config from cache: C:\Users\dorus\AppData\Local\Temp\69e5e641cece6cfbb9f28306d01595e4.mpf_cache
2022-10-23 15:50:06,980 : ConfigProcessor : Loading config from cache: C:\Users\dorus\AppData\Local\Temp\336e6d2601ccb63523c70814805acbf1.mpf_cache
2022-10-23 15:50:06,981 : ConfigProcessor : Loading config from cache: C:\Users\dorus\AppData\Local\Temp\8f8558ef7eb783a34103d845cb15f27a.mpf_cache
2022-10-23 15:50:06,982 : ConfigProcessor : Loading config from cache: C:\Users\dorus\AppData\Local\Temp\3f4ec0fd6e14e835699e1ee64ae7815f.mpf_cache
2022-10-23 15:50:06,983 : ConfigProcessor : Loading config from cache: C:\Users\dorus\AppData\Local\Temp\07450fdcdb716b1c510f1f1f728b03da.mpf_cache
2022-10-23 15:50:06,984 : mpfmc : Mission Pinball Framework Media Controller v0.55.0
2022-10-23 15:50:06,984 : mpfmc : Mission Pinball Framework Game Engine v0.55.0
2022-10-23 15:50:06,984 : mpfmc : Machine path: C:\Users\dorus\OneDrive\Documents\Pinball\Github\Pinball-MPF\mpfv1
2022-10-23 15:50:06,984 : mpfmc : Starting clock at 60.0Hz
2022-10-23 15:50:07,012 : kivy : Text: Provider: sdl2
2022-10-23 15:50:07,123 : kivy : Window: Provider: sdl2
2022-10-23 15:50:07,273 : kivy : GL: Using the "OpenGL" graphics system
2022-10-23 15:50:07,275 : kivy : GL: GLEW initialization succeeded
2022-10-23 15:50:07,275 : kivy : GL: Backend used <glew>
2022-10-23 15:50:07,275 : kivy : GL: OpenGL version <b'4.6.0 - Build 26.20.100.7372'>
2022-10-23 15:50:07,275 : kivy : GL: OpenGL vendor <b'Intel'>
2022-10-23 15:50:07,275 : kivy : GL: OpenGL renderer <b'Intel(R) UHD Graphics'>
2022-10-23 15:50:07,275 : kivy : GL: OpenGL parsed version: 4, 6
2022-10-23 15:50:07,276 : kivy : GL: Shading version <b'4.60 - Build 26.20.100.7372'>
2022-10-23 15:50:07,276 : kivy : GL: Texture max size <16384>
2022-10-23 15:50:07,276 : kivy : GL: Texture max units <32>
2022-10-23 15:50:07,352 : kivy : Window: auto add sdl2 input provider
2022-10-23 15:50:07,352 : kivy : Window: virtual keyboard not allowed, single mode, not docked
2022-10-23 15:50:07,767 : AudioInterface : Initialized
2022-10-23 15:50:07,767 : AudioInterface : Loaded SDL 2.0.12
2022-10-23 15:50:07,767 : AudioInterface : Loaded SDL_Mixer 2.0.4
2022-10-23 15:50:07,767 : AudioInterface : Loaded GStreamer 1.18.0.0
2022-10-23 15:50:07,767 : AudioInterface : Loaded GLib 2.62.6
2022-10-23 15:50:07,767 : AudioInterface : Settings requested - rate: 44100, channels: 1, buffer: 2048 samples
2022-10-23 15:50:07,767 : AudioInterface : Settings in use - rate: 44100, channels: 1, buffer: 2048 samples (4096 bytes @ 2 bytes per sample)
2022-10-23 15:50:07,768 : SoundSystem : Setting master volume to 0.0
2022-10-23 15:50:07,768 : SoundSystem : master_volume in sound_system is deprecated and will be removed in the future.
2022-10-23 15:50:07,768 : AudioInterface : Enabling audio playback
2022-10-23 15:50:07,770 : kivy : Base: Start application main loop
2022-10-23 15:50:07,770 : EventManager : Event: ======'display_window_initialized'====== Args={}
2022-10-23 15:50:07,771 : EventManager : Event: ======'display_Disp_Player_initialized'====== Args={}
2022-10-23 15:50:07,771 : EventManager : Event: ======'display_Disp_Menu_initialized'====== Args={}
2022-10-23 15:50:07,771 : EventManager : Event: ======'display_Disp_Ball_initialized'====== Args={}
2022-10-23 15:50:07,771 : EventManager : Event: ======'display_Disp_Message_initialized'====== Args={}
2022-10-23 15:50:07,772 : EventManager : Event: ======'display_Disp_Counter_initialized'====== Args={}
2022-10-23 15:50:07,772 : EventManager : Event: ======'display_Disp_Score_initialized'====== Args={}
2022-10-23 15:50:07,772 : EventManager : Event: ======'display_Disp_Icons_initialized'====== Args={}
2022-10-23 15:50:07,796 : mpfmc : Display: Setting 'window' as default display
2022-10-23 15:50:07,805 : EventManager : Event: ======'displays_initialized'====== Args={}
2022-10-23 15:50:07,807 : EventManager : Event: ======'slide_window_blank_created'====== Args={}
2022-10-23 15:50:07,807 : EventManager : Event: ======'display_window_ready'====== Args={}
2022-10-23 15:50:07,808 : EventManager : Event: ======'slide_Disp_Player_blank_created'====== Args={}
2022-10-23 15:50:07,808 : EventManager : Event: ======'display_Disp_Player_ready'====== Args={}
2022-10-23 15:50:07,809 : EventManager : Event: ======'slide_Disp_Menu_blank_created'====== Args={}
2022-10-23 15:50:07,809 : EventManager : Event: ======'display_Disp_Menu_ready'====== Args={}
2022-10-23 15:50:07,811 : EventManager : Event: ======'slide_Disp_Ball_blank_created'====== Args={}
2022-10-23 15:50:07,811 : EventManager : Event: ======'display_Disp_Ball_ready'====== Args={}
2022-10-23 15:50:07,812 : EventManager : Event: ======'slide_Disp_Message_blank_created'====== Args={}
2022-10-23 15:50:07,813 : EventManager : Event: ======'display_Disp_Message_ready'====== Args={}
2022-10-23 15:50:07,813 : EventManager : Event: ======'slide_Disp_Counter_blank_created'====== Args={}
2022-10-23 15:50:07,813 : EventManager : Event: ======'display_Disp_Counter_ready'====== Args={}
2022-10-23 15:50:07,814 : EventManager : Event: ======'slide_Disp_Score_blank_created'====== Args={}
2022-10-23 15:50:07,814 : EventManager : Event: ======'display_Disp_Score_ready'====== Args={}
2022-10-23 15:50:07,815 : EventManager : Event: ======'slide_Disp_Icons_blank_created'====== Args={}
2022-10-23 15:50:07,815 : EventManager : Event: ======'display_Disp_Icons_ready'====== Args={}
2022-10-23 15:50:07,829 : EventManager : Event: ======'init_phase_1'====== Args={}
2022-10-23 15:50:07,842 : EventManager : Event: ======'mc_ready'====== Args={}
2022-10-23 15:50:07,842 : EventManager : Event: ======'init_phase_2'====== Args={}
2022-10-23 15:50:07,847 : EventManager : Event: ======'init_phase_3'====== Args={}
2022-10-23 15:50:07,852 : EventManager : Event: ======'init_phase_4'====== Args={}
2022-10-23 15:50:07,852 : EventManager : Event: ======'init_phase_5'====== Args={}
2022-10-23 15:50:07,941 : kivy : GL: NPOT texture support is available
2022-10-23 15:50:07,969 : EventManager : Event: ======'loading_assets'====== Args={'total': 2, 'loaded': 1, 'remaining': 1, 'percent': 50}
2022-10-23 15:50:07,969 : AssetManager : Loading assets: 1/2 (50%)
2022-10-23 15:50:07,997 : EventManager : Event: ======'loading_assets'====== Args={'total': 2, 'loaded': 2, 'remaining': 0, 'percent': 100}
2022-10-23 15:50:07,997 : AssetManager : Asset loading took: 0.22893333435058594
2022-10-23 15:50:07,997 : EventManager : Event: ======'asset_loading_complete'====== Args={}
2022-10-23 15:50:07,997 : AssetManager : Loading assets: 2/2 (100%)
2022-10-23 15:50:07,997 : EventManager : Event: ======'init_done'====== Args={}
2022-10-23 15:50:07,997 : MPF-MC BCP Server : Starting up on localhost port 5050
2022-10-23 15:50:08,001 : MPF-MC BCP Server : Waiting for a connection...
2022-10-23 15:50:08,002 : EventManager : Event: ======'client_disconnected'====== Args={'host': '127.0.0.1', 'port': 5050}
2022-10-23 15:50:08,291 : MPF-MC BCP Server : Received connection from: 127.0.0.1:54129
2022-10-23 15:50:08,301 : EventManager : Event: ======'client_connected'====== Args={'host': '127.0.0.1', 'port': 54129}
2022-10-23 15:50:08,313 : EventManager : Event: ======'machine_var_credits_string'====== Args={'value': 'FREE PLAY', 'prev_value': None, 'change': True}
2022-10-23 15:50:08,313 : EventManager : Event: ======'machine_var_master_volume'====== Args={'value': 0.5, 'prev_value': None, 'change': True}
2022-10-23 15:50:08,313 : EventManager : Event: ======'machine_var_player1_score'====== Args={'value': 3000, 'prev_value': None, 'change': True}
2022-10-23 15:50:08,313 : EventManager : Event: ======'machine_var_mpf_version'====== Args={'value': 'MPF v0.55.0', 'prev_value': None, 'change': True}
2022-10-23 15:50:08,313 : EventManager : Event: ======'machine_var_mpf_extended_version'====== Args={'value': 'MPF v0.55.0, Config version:5, Show version: 5, BCP version:1.1', 'prev_value': None, 'change': True}
2022-10-23 15:50:08,313 : EventManager : Event: ======'machine_var_python_version'====== Args={'value': '3.8.10', 'prev_value': None, 'change': True}
2022-10-23 15:50:08,313 : EventManager : Event: ======'machine_var_platform'====== Args={'value': 'Windows-10-10.0.19044-SP0', 'prev_value': None, 'change': True}
2022-10-23 15:50:08,313 : EventManager : Event: ======'machine_var_platform_system'====== Args={'value': 'Windows', 'prev_value': None, 'change': True}
2022-10-23 15:50:08,313 : EventManager : Event: ======'machine_var_platform_release'====== Args={'value': '10', 'prev_value': None, 'change': True}
2022-10-23 15:50:08,313 : EventManager : Event: ======'machine_var_platform_version'====== Args={'value': '10.0.19044', 'prev_value': None, 'change': True}
2022-10-23 15:50:08,313 : EventManager : Event: ======'machine_var_platform_machine'====== Args={'value': 'AMD64', 'prev_value': None, 'change': True}
2022-10-23 15:50:08,314 : EventManager : Event: ======'machine_var_mc_version'====== Args={'value': 'MPF-MC v0.55.0', 'prev_value': None, 'change': True}
2022-10-23 15:50:08,314 : EventManager : Event: ======'machine_var_mc_extended_version'====== Args={'value': 'MPF-MC v0.55.0 (config_version=5, BCP v1.1, Requires MPF v0.55.0-dev.49)', 'prev_value': None, 'change': True}
2022-10-23 15:50:08,314 : SoundSystem : Setting master volume to 0.5
2022-10-23 15:50:08,426 : EventManager : Event: ======'machine_var_audits_events_game_ended'====== Args={'value': 0, 'prev_value': None, 'change': True}
2022-10-23 15:50:08,438 : EventManager : Event: ======'machine_var_audits_events_game_started'====== Args={'value': 0, 'prev_value': None, 'change': True}
2022-10-23 15:50:08,438 : EventManager : Event: ======'machine_var_audits_player_score'====== Args={'value': {'average': 29309.090909090908, 'top': [106800, 41000, 33100, 31800, 31200, 27600, 20200, 17500, 10200, 3000], 'total': 11}, 'prev_value': None, 'change': True}
2022-10-23 15:50:08,439 : EventManager : Event: ======'machine_var_audits_shots_lane_top_1'====== Args={'value': 152, 'prev_value': None, 'change': True}
2022-10-23 15:50:08,439 : EventManager : Event: ======'machine_var_audits_shots_lane_top_2'====== Args={'value': 137, 'prev_value': None, 'change': True}
2022-10-23 15:50:08,439 : EventManager : Event: ======'machine_var_audits_shots_lane_top_3'====== Args={'value': 117, 'prev_value': None, 'change': True}
2022-10-23 15:50:08,439 : EventManager : Event: ======'machine_var_audits_shots_orbit'====== Args={'value': 23, 'prev_value': None, 'change': True}
2022-10-23 15:50:08,439 : EventManager : Event: ======'machine_var_audits_shots_spinner'====== Args={'value': 178, 'prev_value': None, 'change': True}
2022-10-23 15:50:08,439 : EventManager : Event: ======'machine_var_audits_switches_s_bottomlane1'====== Args={'value': 15, 'prev_value': None, 'change': True}
2022-10-23 15:50:08,439 : EventManager : Event: ======'machine_var_audits_switches_s_bottomlane2'====== Args={'value': 28, 'prev_value': None, 'change': True}
2022-10-23 15:50:08,439 : EventManager : Event: ======'machine_var_audits_switches_s_bottomlane3'====== Args={'value': 149, 'prev_value': None, 'change': True}
2022-10-23 15:50:08,439 : EventManager : Event: ======'machine_var_audits_switches_s_bottomlane4'====== Args={'value': 33, 'prev_value': None, 'change': True}
2022-10-23 15:50:08,439 : EventManager : Event: ======'machine_var_audits_switches_s_bottomlane5'====== Args={'value': 13, 'prev_value': None, 'change': True}
2022-10-23 15:50:08,439 : EventManager : Event: ======'machine_var_audits_switches_s_drop1'====== Args={'value': 35, 'prev_value': None, 'change': True}
2022-10-23 15:50:08,439 : EventManager : Event: ======'machine_var_audits_switches_s_drop2'====== Args={'value': 17, 'prev_value': None, 'change': True}
2022-10-23 15:50:08,440 : EventManager : Event: ======'machine_var_audits_switches_s_drop3'====== Args={'value': 15, 'prev_value': None, 'change': True}
2022-10-23 15:50:08,440 : EventManager : Event: ======'machine_var_audits_switches_s_launch'====== Args={'value': 11, 'prev_value': None, 'change': True}
2022-10-23 15:50:08,440 : EventManager : Event: ======'machine_var_audits_switches_s_left01'====== Args={'value': 27, 'prev_value': None, 'change': True}
2022-10-23 15:50:08,440 : EventManager : Event: ======'machine_var_audits_switches_s_left02'====== Args={'value': 28, 'prev_value': None, 'change': True}
2022-10-23 15:50:08,440 : EventManager : Event: ======'machine_var_audits_switches_s_left03'====== Args={'value': 21, 'prev_value': None, 'change': True}
2022-10-23 15:50:08,441 : EventManager : Event: ======'machine_var_audits_switches_s_left_sling'====== Args={'value': 62, 'prev_value': None, 'change': True}
2022-10-23 15:50:08,441 : EventManager : Event: ======'machine_var_audits_switches_s_orbit1'====== Args={'value': 45, 'prev_value': None, 'change': True}
2022-10-23 15:50:08,441 : EventManager : Event: ======'machine_var_audits_switches_s_orbit2'====== Args={'value': 0, 'prev_value': None, 'change': True}
2022-10-23 15:50:08,441 : EventManager : Event: ======'machine_var_audits_switches_s_plunger_lane'====== Args={'value': 124, 'prev_value': None, 'change': True}
2022-10-23 15:50:08,441 : EventManager : Event: ======'machine_var_audits_switches_s_popbumber_1'====== Args={'value': 68, 'prev_value': None, 'change': True}
2022-10-23 15:50:08,442 : EventManager : Event: ======'machine_var_audits_switches_s_popbumber_2'====== Args={'value': 110, 'prev_value': None, 'change': True}
2022-10-23 15:50:08,442 : EventManager : Event: ======'machine_var_audits_switches_s_popbumber_3'====== Args={'value': 60, 'prev_value': None, 'change': True}
2022-10-23 15:50:08,442 : EventManager : Event: ======'machine_var_audits_switches_s_ramp'====== Args={'value': 38, 'prev_value': None, 'change': True}
2022-10-23 15:50:08,442 : EventManager : Event: ======'machine_var_audits_switches_s_right_sling'====== Args={'value': 120, 'prev_value': None, 'change': True}
2022-10-23 15:50:08,442 : EventManager : Event: ======'machine_var_audits_switches_s_rigth01'====== Args={'value': 59, 'prev_value': None, 'change': True}
2022-10-23 15:50:08,442 : EventManager : Event: ======'machine_var_audits_switches_s_rigth02'====== Args={'value': 24, 'prev_value': None, 'change': True}
2022-10-23 15:50:08,442 : EventManager : Event: ======'machine_var_audits_switches_s_rigth03'====== Args={'value': 15, 'prev_value': None, 'change': True}
2022-10-23 15:50:08,442 : EventManager : Event: ======'machine_var_audits_switches_s_spinner'====== Args={'value': 271, 'prev_value': None, 'change': True}
2022-10-23 15:50:08,443 : EventManager : Event: ======'machine_var_audits_switches_s_start'====== Args={'value': 4, 'prev_value': None, 'change': True}
2022-10-23 15:50:08,443 : EventManager : Event: ======'machine_var_audits_switches_s_top'====== Args={'value': 11, 'prev_value': None, 'change': True}
2022-10-23 15:50:08,443 : EventManager : Event: ======'machine_var_audits_switches_s_toplane1'====== Args={'value': 239, 'prev_value': None, 'change': True}
2022-10-23 15:50:08,443 : EventManager : Event: ======'machine_var_audits_switches_s_toplane2'====== Args={'value': 144, 'prev_value': None, 'change': True}
2022-10-23 15:50:08,443 : EventManager : Event: ======'machine_var_audits_switches_s_toplane3'====== Args={'value': 124, 'prev_value': None, 'change': True}
2022-10-23 15:50:08,443 : EventManager : Event: ======'machine_var_audits_switches_s_trough1'====== Args={'value': 38, 'prev_value': None, 'change': True}
2022-10-23 15:50:08,443 : EventManager : Event: ======'machine_var_audits_switches_s_trough2'====== Args={'value': 37, 'prev_value': None, 'change': True}
2022-10-23 15:50:08,443 : EventManager : Event: ======'machine_var_audits_switches_s_trough3'====== Args={'value': 27, 'prev_value': None, 'change': True}
2022-10-23 15:50:08,443 : EventManager : Event: ======'machine_var_audits_switches_s_trough4'====== Args={'value': 40, 'prev_value': None, 'change': True}
2022-10-23 15:50:08,443 : EventManager : Event: ======'machine_var_audits_switches_s_trough5'====== Args={'value': 29, 'prev_value': None, 'change': True}
2022-10-23 15:50:08,443 : EventManager : Event: ======'machine_var_audits_switches_s_trough6'====== Args={'value': 24, 'prev_value': None, 'change': True}
2022-10-23 15:50:08,443 : EventManager : Event: ======'machine_var_audits_switches_s_trough_jam'====== Args={'value': 27, 'prev_value': None, 'change': True}
2022-10-23 15:50:08,443 : EventManager : Event: ======'machine_var_audits_switches_s_vukmid'====== Args={'value': 47, 'prev_value': None, 'change': True}
2022-10-23 15:50:08,443 : EventManager : Event: ======'machine_var_audits_switches_s_vuktop'====== Args={'value': 15, 'prev_value': None, 'change': True}
2022-10-23 15:50:08,463 : EventManager : Event: ======'mc_reset_phase_1'====== Args={}
2022-10-23 15:50:08,463 : EventManager : Event: ======'mc_reset_phase_2'====== Args={}
2022-10-23 15:50:08,463 : EventManager : Event: ======'mc_reset_phase_3'====== Args={}
2022-10-23 15:50:08,463 : EventManager : Event: ======'mc_reset_complete'====== Args={}
2022-10-23 15:50:08,475 : EventManager : Event: ======'slides_play'====== Args={'settings': {'layout_main': {'target': 'window', 'background_color': [0.0, 0.0, 0.0, 1.0], 'priority': None, 'show': True, 'force': False, 'expire': None, 'slide': None, 'tokens': {}, 'action': 'play'}, 'empty_slide_1': {'slide': 'empty_slide', 'target': 'Disp_Player', 'background_color': [0.0, 0.0, 0.0, 1.0], 'priority': None, 'show': True, 'force': False, 'expire': None, 'tokens': {}, 'action': 'play'}, 'empty_slide_2': {'slide': 'empty_slide', 'target': 'Disp_Menu', 'background_color': [0.0, 0.0, 0.0, 1.0], 'priority': None, 'show': True, 'force': False, 'expire': None, 'tokens': {}, 'action': 'play'}, 'empty_slide_3': {'slide': 'empty_slide', 'target': 'Disp_Ball', 'background_color': [0.0, 0.0, 0.0, 1.0], 'priority': None, 'show': True, 'force': False, 'expire': None, 'tokens': {}, 'action': 'play'}, 'press_start': {'target': 'Disp_Message', 'background_color': [0.0, 0.0, 0.0, 1.0], 'priority': None, 'show': True, 'force': False, 'expire': None, 'slide': None, 'tokens': {}, 'action': 'play'}, 'empty_slide_5': {'slide': 'empty_slide', 'target': 'Disp_Counter', 'background_color': [0.0, 0.0, 0.0, 1.0], 'priority': None, 'show': True, 'force': False, 'expire': None, 'tokens': {}, 'action': 'play'}, 'Title_slide': {'target': 'Disp_Score', 'background_color': [0.0, 0.0, 0.0, 1.0], 'priority': None, 'show': True, 'force': False, 'expire': None, 'slide': None, 'tokens': {}, 'action': 'play'}, 'empty_slide_6': {'slide': 'empty_slide', 'target': 'Disp_Icons', 'background_color': [0.0, 0.0, 0.0, 1.0], 'priority': None, 'show': True, 'force': False, 'expire': None, 'tokens': {}, 'action': 'play'}}, 'context': 'show_2', 'calling_context': 0, 'priority': 10, 'show_tokens': {}, 'start_time': 10443.156}
2022-10-23 15:50:08,475 : EventManager : Event: ======'sounds_play'====== Args={'settings': {'musicslow': {'action': 'play', 'loops': -1, 'priority': None, 'block': False, 'delay': None, 'track': None, 'volume': None, 'pan': None, 'start_at': None, 'fade_in': None, 'fade_out': None, 'about_to_finish_time': -1.0, 'max_queue_time': -1.0, 'events_when_played': ['use_sound_setting'], 'events_when_stopped': ['use_sound_setting'], 'events_when_looping': ['use_sound_setting'], 'events_when_about_to_finish': ['use_sound_setting'], 'mode_end_action': 'use_sound_setting', 'key': 'use_sound_setting'}}, 'context': '_global', 'calling_context': 'mode_attract_started', 'priority': 0}
2022-10-23 15:50:08,475 : mpfmc : SlidePlayer: Play called with settings={'layout_main': {'target': 'window', 'background_color': [0.0, 0.0, 0.0, 1.0], 'priority': None, 'show': True, 'force': False, 'expire': None, 'slide': None, 'tokens': {}, 'action': 'play'}, 'empty_slide_1': {'slide': 'empty_slide', 'target': 'Disp_Player', 'background_color': [0.0, 0.0, 0.0, 1.0], 'priority': None, 'show': True, 'force': False, 'expire': None, 'tokens': {}, 'action': 'play'}, 'empty_slide_2': {'slide': 'empty_slide', 'target': 'Disp_Menu', 'background_color': [0.0, 0.0, 0.0, 1.0], 'priority': None, 'show': True, 'force': False, 'expire': None, 'tokens': {}, 'action': 'play'}, 'empty_slide_3': {'slide': 'empty_slide', 'target': 'Disp_Ball', 'background_color': [0.0, 0.0, 0.0, 1.0], 'priority': None, 'show': True, 'force': False, 'expire': None, 'tokens': {}, 'action': 'play'}, 'press_start': {'target': 'Disp_Message', 'background_color': [0.0, 0.0, 0.0, 1.0], 'priority': None, 'show': True, 'force': False, 'expire': None, 'slide': None, 'tokens': {}, 'action': 'play'}, 'empty_slide_5': {'slide': 'empty_slide', 'target': 'Disp_Counter', 'background_color': [0.0, 0.0, 0.0, 1.0], 'priority': None, 'show': True, 'force': False, 'expire': None, 'tokens': {}, 'action': 'play'}, 'Title_slide': {'target': 'Disp_Score', 'background_color': [0.0, 0.0, 0.0, 1.0], 'priority': None, 'show': True, 'force': False, 'expire': None, 'slide': None, 'tokens': {}, 'action': 'play'}, 'empty_slide_6': {'slide': 'empty_slide', 'target': 'Disp_Icons', 'background_color': [0.0, 0.0, 0.0, 1.0], 'priority': None, 'show': True, 'force': False, 'expire': None, 'tokens': {}, 'action': 'play'}}
2022-10-23 15:50:08,482 : EventManager : Event: ======'slide_layout_main_created'====== Args={}
2022-10-23 15:50:08,487 : EventManager : Event: ======'slide_empty_slide_created'====== Args={}
2022-10-23 15:50:08,491 : EventManager : Event: ======'slide_empty_slide_created'====== Args={}
2022-10-23 15:50:08,494 : EventManager : Event: ======'slide_empty_slide_created'====== Args={}
2022-10-23 15:50:08,498 : EventManager : Event: ======'slide_press_start_created'====== Args={}
2022-10-23 15:50:08,501 : EventManager : Event: ======'slide_empty_slide_created'====== Args={}
2022-10-23 15:50:08,504 : EventManager : Event: ======'slide_Title_slide_created'====== Args={}
2022-10-23 15:50:08,508 : EventManager : Event: ======'slide_empty_slide_created'====== Args={}
2022-10-23 15:50:08,538 : EventManager : Event: ======'slide_layout_main_active'====== Args={}
2022-10-23 15:50:08,539 : EventManager : Event: ======'slide_empty_slide_active'====== Args={}
2022-10-23 15:50:08,540 : EventManager : Event: ======'slide_empty_slide_active'====== Args={}
2022-10-23 15:50:08,541 : EventManager : Event: ======'slide_empty_slide_active'====== Args={}
2022-10-23 15:50:08,543 : EventManager : Event: ======'slide_press_start_active'====== Args={}
2022-10-23 15:50:08,543 : EventManager : Event: ======'slide_empty_slide_active'====== Args={}
2022-10-23 15:50:08,544 : EventManager : Event: ======'slide_Title_slide_active'====== Args={}
2022-10-23 15:50:08,545 : EventManager : Event: ======'slide_empty_slide_active'====== Args={}
2022-10-23 15:50:08,562 : EventManager : Event: ======'loading_assets'====== Args={'total': 1, 'loaded': 1, 'remaining': 0, 'percent': 100}
2022-10-23 15:50:08,562 : AssetManager : Asset loading took: 0.7936124801635742
2022-10-23 15:50:08,562 : EventManager : Event: ======'asset_loading_complete'====== Args={}
2022-10-23 15:50:08,562 : AssetManager : Loading assets: 1/1 (100%)
2022-10-23 15:51:07,251 : kivy : Base: Leaving application in progress...
2022-10-23 15:51:07,452 : mpfmc : Stopping...
2022-10-23 15:51:07,452 : EventManager : Event: ======'shutdown'====== Args={}
2022-10-23 15:51:07,452 : AudioInterface : Disabling audio playback
2022-10-23 15:51:07,452 : mpfmc : Loop rate 80.43 Hz
2022-10-23 15:51:07,452 : kivy : MC run loop ended.
2022-10-23 15:51:07,452 : kivy : Stopping child threads... (3 remaining)
2022-10-23 15:51:07,718 : mpfmc : Stopping...
2022-10-23 15:51:07,718 : EventManager : Event: ======'shutdown'====== Args={}
2022-10-23 15:51:07,718 : mpfmc : Loop rate 80.07 Hz
2022-10-23 15:51:07,726 : MPF-MC BCP Server : Stopping BCP sending thread
2022-10-23 15:51:07,775 : kivy : All child threads stopped.
