2022-09-16 19:35:34,783 : INFO : root : Loading config.
2022-09-16 19:35:34,786 : INFO : YamlMultifileConfigLoader : Machine config file #1: config.yaml
2022-09-16 19:35:34,787 : INFO : ConfigProcessor : Loading config from cache: C:\Users\dorus\AppData\Local\Temp\0aa359e6326ef14bcc36d32fc9dec35b.mpf_cache
2022-09-16 19:35:34,788 : WARNING : ConfigProcessor : Config file in cache changed: C:\pinball\mpfv1\config\hardware.yaml
2022-09-16 19:35:34,788 : INFO : ConfigProcessor : Loading config from file C:\Users\dorus\AppData\Local\Programs\Python\Python38\lib\site-packages\mpf\mpfconfig.yaml.
2022-09-16 19:35:34,845 : INFO : ConfigProcessor : Loading config: C:\Users\dorus\AppData\Local\Programs\Python\Python38\lib\site-packages\mpf\mpfconfig.yaml
2022-09-16 19:35:34,846 : INFO : ConfigProcessor : Loading config from file C:\pinball\mpfv1\config\config.yaml.
2022-09-16 19:35:34,848 : INFO : ConfigProcessor : Loading config: C:\pinball\mpfv1\config\config.yaml
2022-09-16 19:35:34,879 : INFO : ConfigProcessor : Loading config: C:\pinball\mpfv1\config\hardware.yaml
2022-09-16 19:35:34,887 : INFO : ConfigProcessor : Loading config: C:\pinball\mpfv1\config\sounds.yaml
2022-09-16 19:35:34,890 : INFO : ConfigProcessor : Loading config: C:\pinball\mpfv1\config\display.yaml
2022-09-16 19:35:34,897 : INFO : ConfigProcessor : Loading config: C:\pinball\mpfv1\config\keyboard.yaml
2022-09-16 19:35:34,899 : INFO : ConfigProcessor : Config file cache created: C:\Users\dorus\AppData\Local\Temp\0aa359e6326ef14bcc36d32fc9dec35b.mpf_cache
2022-09-16 19:35:34,978 : INFO : ConfigProcessor : Loading config from cache: C:\Users\dorus\AppData\Local\Temp\5eb3439dbf16142704b5198a23e9a58c.mpf_cache
2022-09-16 19:35:34,979 : INFO : ConfigProcessor : Loading config from cache: C:\Users\dorus\AppData\Local\Temp\336e6d2601ccb63523c70814805acbf1.mpf_cache
2022-09-16 19:35:34,980 : INFO : ConfigProcessor : Loading config from cache: C:\Users\dorus\AppData\Local\Temp\d4952d0b9ea6ba2ec58a4f9adbee2d8a.mpf_cache
2022-09-16 19:35:34,981 : INFO : ConfigProcessor : Loading config from cache: C:\Users\dorus\AppData\Local\Temp\f88a77831ebd1fc65525f08072013dbd.mpf_cache
2022-09-16 19:35:34,981 : INFO : Machine : Mission Pinball Framework Core Engine v0.55.0
2022-09-16 19:35:34,981 : INFO : Machine : Command line arguments: {'no_load_cache': False, 'create_config_cache': True, 'bcp': True, 'configfile': ['config.yaml'], 'force_assets_load': False, 'jsonlogging': False, 'logfile': 'logs\\2022-09-16-19-35-34-mpf-LAPTOP-AS8QDAQG.log', 'pause': False, 'production': False, 'text_ui': True, 'loglevel': 15, 'consoleloglevel': 20, 'force_platform': None, 'syslog_address': None, 'mc_file_name': None, 'no_sound': False}
2022-09-16 19:35:34,981 : INFO : Machine : MPF path: C:\Users\dorus\AppData\Local\Programs\Python\Python38\lib\site-packages\mpf
2022-09-16 19:35:34,981 : INFO : Machine : Machine path: C:\pinball\mpfv1
2022-09-16 19:35:34,981 : INFO : Machine : Platform: win32
2022-09-16 19:35:34,981 : INFO : Machine : Python executable location: C:\Users\dorus\AppData\Local\Programs\Python\Python38\python.exe
2022-09-16 19:35:34,981 : INFO : Machine : Python version: 3.8.10 (64-bit)
2022-09-16 19:35:34,984 : INFO : Machine : Initialise MPF.
2022-09-16 19:35:35,123 : INFO : OPP : Connecting to COM7 at 115200bps
2022-09-16 19:35:35,218 : INFO : OPP : Init of OPP board COM7 done
2022-09-16 19:35:35,219 : INFO : EventManager : Event: ======'machine_var_credits_string'====== Args={'value': 'FREE PLAY', 'prev_value': None, 'change': True}
2022-09-16 19:35:35,265 : INFO : EventManager : Event: ======'machine_var_master_volume'====== Args={'value': 0.5, 'prev_value': None, 'change': True}
2022-09-16 19:35:35,265 : INFO : EventManager : Event: ======'machine_var_player1_score'====== Args={'value': 41000, 'prev_value': None, 'change': True}
2022-09-16 19:35:35,265 : INFO : EventManager : Event: ======'machine_var_mpf_version'====== Args={'value': 'MPF v0.55.0', 'prev_value': None, 'change': True}
2022-09-16 19:35:35,265 : INFO : EventManager : Event: ======'machine_var_mpf_extended_version'====== Args={'value': 'MPF v0.55.0, Config version:5, Show version: 5, BCP version:1.1', 'prev_value': None, 'change': True}
2022-09-16 19:35:35,265 : INFO : EventManager : Event: ======'machine_var_python_version'====== Args={'value': '3.8.10', 'prev_value': None, 'change': True}
2022-09-16 19:35:35,275 : INFO : EventManager : Event: ======'machine_var_platform'====== Args={'value': 'Windows-10-10.0.19044-SP0', 'prev_value': None, 'change': True}
2022-09-16 19:35:35,275 : INFO : EventManager : Event: ======'machine_var_platform_system'====== Args={'value': 'Windows', 'prev_value': None, 'change': True}
2022-09-16 19:35:35,275 : INFO : EventManager : Event: ======'machine_var_platform_release'====== Args={'value': '10', 'prev_value': None, 'change': True}
2022-09-16 19:35:35,275 : INFO : EventManager : Event: ======'machine_var_platform_version'====== Args={'value': '10.0.19044', 'prev_value': None, 'change': True}
2022-09-16 19:35:35,275 : INFO : EventManager : Event: ======'machine_var_platform_machine'====== Args={'value': 'AMD64', 'prev_value': None, 'change': True}
2022-09-16 19:35:35,275 : INFO : EventManager : Event: ======'init_phase_1'====== Args={}
2022-09-16 19:35:35,296 : INFO : EventManager : Event: ======'drop_target_bank_db_dropbank_up'====== Args={}
2022-09-16 19:35:35,298 : INFO : EventManager : Event: ======'init_phase_2'====== Args={}
2022-09-16 19:35:35,299 : INFO : SwitchController : Found active switch: ('COM7-0-25', <Platform.OPP>) <switch.s_trough_jam>
2022-09-16 19:35:35,302 : INFO : EventManager : Event: ======'bcp_connection_attempt'====== Args={'name': 'local_display', 'host': 'localhost', 'port': 5050}
2022-09-16 19:35:35,304 : INFO : BCPClientSocket : Connecting BCP to 'local_display' at localhost:5050...
2022-09-16 19:35:37,341 : INFO : BCPClientSocket : Connected BCP to 'local_display' localhost:5050
2022-09-16 19:35:37,342 : INFO : EventManager : Event: ======'bcp_clients_connected'====== Args={}
2022-09-16 19:35:37,353 : INFO : ball_device.bd_vukmid : BCH: Initial count: 0
2022-09-16 19:35:37,353 : INFO : ball_device.bd_vukmid : State: idle
2022-09-16 19:35:37,354 : INFO : EventManager : Event: ======'machine_var_mc_version'====== Args={'value': 'MPF-MC v0.55.0', 'prev_value': None, 'change': True}
2022-09-16 19:35:37,354 : INFO : EventManager : Event: ======'machine_var_mc_extended_version'====== Args={'value': 'MPF-MC v0.55.0 (config_version=5, BCP v1.1, Requires MPF v0.55.0-dev.49)', 'prev_value': None, 'change': True}
2022-09-16 19:35:37,356 : INFO : ball_device.bd_vuktop : BCH: Initial count: 0
2022-09-16 19:35:37,365 : INFO : ball_device.bd_vuktop : State: idle
2022-09-16 19:35:37,366 : INFO : ball_device.bd_plunger : BCH: Initial count: 0
2022-09-16 19:35:37,366 : INFO : ball_device.bd_plunger : State: idle
2022-09-16 19:35:37,366 : INFO : ball_device.bd_trough : BCH: Count is unstable. Trying to reorder balls.
2022-09-16 19:35:37,366 : WARNING : ball_device.bd_trough : Cannot reorder device because eject_coil_reorder_pulse is not configured
2022-09-16 19:35:37,366 : INFO : ball_device.bd_trough : BCH: Repulse done. Waiting for balls to settle.
2022-09-16 19:35:37,366 : INFO : ball_device.bd_trough : BCH: Initial count: 1
2022-09-16 19:35:37,366 : INFO : ball_device.bd_trough : State: idle
2022-09-16 19:35:37,425 : INFO : EventManager : Event: ======'init_phase_3'====== Args={}
2022-09-16 19:35:37,432 : INFO : EventManager : Event: ======'init_phase_4'====== Args={}
2022-09-16 19:35:37,433 : INFO : EventManager : Event: ======'playfield_active'====== Args={}
2022-09-16 19:35:37,433 : INFO : EventManager : Event: ======'unexpected_ball_on_playfield'====== Args={}
2022-09-16 19:35:37,433 : INFO : EventManager : Event: ======'playfield_active'====== Args={}
2022-09-16 19:35:37,433 : INFO : EventManager : Event: ======'unexpected_ball_on_playfield'====== Args={}
2022-09-16 19:35:37,433 : INFO : EventManager : Event: ======'playfield_active'====== Args={}
2022-09-16 19:35:37,433 : INFO : EventManager : Event: ======'unexpected_ball_on_playfield'====== Args={}
2022-09-16 19:35:37,434 : INFO : BallController : Initial balls found: 1
2022-09-16 19:35:37,435 : ERROR : asyncio : Exception in callback EventManager._queue_task_done(<Task finishe...h.s_orbit1>')>)
handle: <Handle EventManager._queue_task_done(<Task finishe...h.s_orbit1>')>)>
Traceback (most recent call last):
  File "C:\Users\dorus\AppData\Local\Programs\Python\Python38\lib\asyncio\events.py", line 81, in _run
    self._context.run(self._callback, *self._args)
  File "C:\Users\dorus\AppData\Local\Programs\Python\Python38\lib\site-packages\mpf\core\events.py", line 728, in _queue_task_done
    future.result()
  File "C:\Users\dorus\AppData\Local\Programs\Python\Python38\lib\site-packages\mpf\core\events.py", line 645, in _run_handlers_sequential
    handler.callback(queue=queue, **merged_kwargs)
  File "C:\Users\dorus\AppData\Local\Programs\Python\Python38\lib\site-packages\mpf\devices\switch.py", line 80, in _check_duplicate_switch_numbers
    raise AssertionError(
AssertionError: Duplicate switch number COM7-0-0 for switch <switch.s_orbit1>
2022-09-16 19:35:37,475 : INFO : Machine : Starting the main run loop.
2022-09-16 19:35:37,479 : INFO : Machine : Shutting down...
2022-09-16 19:35:37,480 : INFO : EventManager : Event: ======'shutdown'====== Args={}
2022-09-16 19:35:37,484 : ERROR : OPP : Stop called on serial connection COM7
2022-09-16 19:35:37,487 : ERROR : Machine : Runtime Exception
Traceback (most recent call last):
  File "C:\Users\dorus\AppData\Local\Programs\Python\Python38\lib\site-packages\mpf\core\machine.py", line 769, in _run_loop
    raise self._exception['exception']
  File "C:\Users\dorus\AppData\Local\Programs\Python\Python38\lib\asyncio\events.py", line 81, in _run
    self._context.run(self._callback, *self._args)
  File "C:\Users\dorus\AppData\Local\Programs\Python\Python38\lib\site-packages\mpf\core\events.py", line 728, in _queue_task_done
    future.result()
  File "C:\Users\dorus\AppData\Local\Programs\Python\Python38\lib\site-packages\mpf\core\events.py", line 645, in _run_handlers_sequential
    handler.callback(queue=queue, **merged_kwargs)
  File "C:\Users\dorus\AppData\Local\Programs\Python\Python38\lib\site-packages\mpf\devices\switch.py", line 80, in _check_duplicate_switch_numbers
    raise AssertionError(
AssertionError: Duplicate switch number COM7-0-0 for switch <switch.s_orbit1>
2022-09-16 19:35:43,370 : INFO : root : MPF run loop ended.
