2022-10-23 14:26:57,976 : kivy : Factory: 186 symbols loaded
2022-10-23 14:26:58,187 : kivy : ImageLoaderFFPy: Using ffpyplayer 4.3.2
2022-10-23 14:26:58,187 : kivy : Image: Providers: img_tex, img_dds, img_sdl2, img_pil, img_ffpyplayer 
2022-10-23 14:26:58,262 : kivy : VideoGstplayer: Using Gstreamer 1.18.0.0
2022-10-23 14:26:58,262 : kivy : Video: Provider: gstplayer
2022-10-23 14:26:58,732 : kivy : Loading MPF-MC controller
2022-10-23 14:26:58,738 : YamlMultifileConfigLoader : Machine config file #1: config
2022-10-23 14:26:58,739 : ConfigProcessor : Config file in cache changed: C:\Users\dorus\OneDrive\Documents\Pinball\Github\Pinball-MPF\mpfv1\config\config
2022-10-23 14:26:58,750 : ConfigProcessor : Loading config from file C:\Users\dorus\AppData\Local\Programs\Python\Python38\lib\site-packages\mpfmc\mcconfig.yaml.
2022-10-23 14:26:58,814 : ConfigProcessor : Loading config: C:\Users\dorus\AppData\Local\Programs\Python\Python38\lib\site-packages\mpfmc\mcconfig.yaml
2022-10-23 14:26:58,815 : ConfigProcessor : Loading config from file C:\Users\dorus\OneDrive\Documents\Pinball\Github\Pinball-MPF\mpfv1\config\config.
2022-10-23 14:26:58,818 : ConfigProcessor : Loading config: C:\Users\dorus\OneDrive\Documents\Pinball\Github\Pinball-MPF\mpfv1\config\config
2022-10-23 14:26:58,850 : ConfigProcessor : Loading config: C:\Users\dorus\OneDrive\Documents\Pinball\Github\Pinball-MPF\mpfv1\config\hardware.yaml
2022-10-23 14:26:58,867 : ConfigProcessor : Loading config: C:\Users\dorus\OneDrive\Documents\Pinball\Github\Pinball-MPF\mpfv1\config\sounds.yaml
2022-10-23 14:26:58,875 : ConfigProcessor : Loading config: C:\Users\dorus\OneDrive\Documents\Pinball\Github\Pinball-MPF\mpfv1\config\display.yaml
2022-10-23 14:26:58,889 : ConfigProcessor : Loading config: C:\Users\dorus\OneDrive\Documents\Pinball\Github\Pinball-MPF\mpfv1\config\keyboard.yaml
2022-10-23 14:26:58,918 : ConfigProcessor : Loading config: C:\Users\dorus\OneDrive\Documents\Pinball\Github\Pinball-MPF\mpfv1\config\slides.yaml
2022-10-23 14:26:58,922 : ConfigProcessor : Loading config: C:\Users\dorus\OneDrive\Documents\Pinball\Github\Pinball-MPF\mpfv1\config\light_shows.yaml
2022-10-23 14:26:58,924 : ConfigProcessor : Config file cache created: C:\Users\dorus\AppData\Local\Temp\7e51f468519621fe47191f26eea0f791.mpf_cache
2022-10-23 14:26:58,924 : ConfigProcessor : Loading config from cache: C:\Users\dorus\AppData\Local\Temp\69e5e641cece6cfbb9f28306d01595e4.mpf_cache
2022-10-23 14:26:58,924 : ConfigProcessor : Loading config from cache: C:\Users\dorus\AppData\Local\Temp\336e6d2601ccb63523c70814805acbf1.mpf_cache
2022-10-23 14:26:58,925 : ConfigProcessor : Loading config from cache: C:\Users\dorus\AppData\Local\Temp\8f8558ef7eb783a34103d845cb15f27a.mpf_cache
2022-10-23 14:26:58,925 : ConfigProcessor : Loading config from cache: C:\Users\dorus\AppData\Local\Temp\3f4ec0fd6e14e835699e1ee64ae7815f.mpf_cache
2022-10-23 14:26:58,926 : ConfigProcessor : Loading config from cache: C:\Users\dorus\AppData\Local\Temp\07450fdcdb716b1c510f1f1f728b03da.mpf_cache
2022-10-23 14:26:58,926 : mpfmc : Mission Pinball Framework Media Controller v0.55.0
2022-10-23 14:26:58,926 : mpfmc : Mission Pinball Framework Game Engine v0.55.0
2022-10-23 14:26:58,927 : mpfmc : Machine path: C:\Users\dorus\OneDrive\Documents\Pinball\Github\Pinball-MPF\mpfv1
2022-10-23 14:26:58,927 : mpfmc : Starting clock at 60.0Hz
2022-10-23 14:26:58,944 : kivy : Text: Provider: sdl2
2022-10-23 14:26:59,007 : kivy : Window: Provider: sdl2
2022-10-23 14:26:59,164 : kivy : GL: Using the "OpenGL" graphics system
2022-10-23 14:26:59,165 : kivy : GL: GLEW initialization succeeded
2022-10-23 14:26:59,165 : kivy : GL: Backend used <glew>
2022-10-23 14:26:59,165 : kivy : GL: OpenGL version <b'4.6.0 - Build 26.20.100.7372'>
2022-10-23 14:26:59,165 : kivy : GL: OpenGL vendor <b'Intel'>
2022-10-23 14:26:59,165 : kivy : GL: OpenGL renderer <b'Intel(R) UHD Graphics'>
2022-10-23 14:26:59,166 : kivy : GL: OpenGL parsed version: 4, 6
2022-10-23 14:26:59,166 : kivy : GL: Shading version <b'4.60 - Build 26.20.100.7372'>
2022-10-23 14:26:59,166 : kivy : GL: Texture max size <16384>
2022-10-23 14:26:59,166 : kivy : GL: Texture max units <32>
2022-10-23 14:26:59,205 : kivy : Window: auto add sdl2 input provider
2022-10-23 14:26:59,205 : kivy : Window: virtual keyboard not allowed, single mode, not docked
2022-10-23 14:26:59,445 : AudioInterface : Initialized
2022-10-23 14:26:59,446 : AudioInterface : Loaded SDL 2.0.12
2022-10-23 14:26:59,446 : AudioInterface : Loaded SDL_Mixer 2.0.4
2022-10-23 14:26:59,446 : AudioInterface : Loaded GStreamer 1.18.0.0
2022-10-23 14:26:59,446 : AudioInterface : Loaded GLib 2.62.6
2022-10-23 14:26:59,446 : AudioInterface : Settings requested - rate: 44100, channels: 1, buffer: 2048 samples
2022-10-23 14:26:59,446 : AudioInterface : Settings in use - rate: 44100, channels: 1, buffer: 2048 samples (4096 bytes @ 2 bytes per sample)
2022-10-23 14:26:59,446 : SoundSystem : Setting master volume to 0.0
2022-10-23 14:26:59,446 : SoundSystem : master_volume in sound_system is deprecated and will be removed in the future.
2022-10-23 14:26:59,446 : AudioInterface : Enabling audio playback
2022-10-23 14:26:59,448 : kivy : Base: Start application main loop
2022-10-23 14:26:59,449 : EventManager : Event: ======'display_window_initialized'====== Args={}
2022-10-23 14:26:59,449 : EventManager : Event: ======'display_Disp_Player_initialized'====== Args={}
2022-10-23 14:26:59,449 : EventManager : Event: ======'display_Disp_Menu_initialized'====== Args={}
2022-10-23 14:26:59,449 : EventManager : Event: ======'display_Disp_Ball_initialized'====== Args={}
2022-10-23 14:26:59,449 : EventManager : Event: ======'display_Disp_Message_initialized'====== Args={}
2022-10-23 14:26:59,449 : EventManager : Event: ======'display_Disp_Counter_initialized'====== Args={}
2022-10-23 14:26:59,450 : EventManager : Event: ======'display_Disp_Score_initialized'====== Args={}
2022-10-23 14:26:59,451 : EventManager : Event: ======'display_Disp_Icons_initialized'====== Args={}
2022-10-23 14:26:59,464 : mpfmc : Display: Setting 'window' as default display
2022-10-23 14:26:59,471 : EventManager : Event: ======'displays_initialized'====== Args={}
2022-10-23 14:26:59,472 : EventManager : Event: ======'slide_window_blank_created'====== Args={}
2022-10-23 14:26:59,472 : EventManager : Event: ======'display_window_ready'====== Args={}
2022-10-23 14:26:59,472 : EventManager : Event: ======'slide_Disp_Player_blank_created'====== Args={}
2022-10-23 14:26:59,473 : EventManager : Event: ======'display_Disp_Player_ready'====== Args={}
2022-10-23 14:26:59,473 : EventManager : Event: ======'slide_Disp_Menu_blank_created'====== Args={}
2022-10-23 14:26:59,473 : EventManager : Event: ======'display_Disp_Menu_ready'====== Args={}
2022-10-23 14:26:59,473 : EventManager : Event: ======'slide_Disp_Ball_blank_created'====== Args={}
2022-10-23 14:26:59,473 : EventManager : Event: ======'display_Disp_Ball_ready'====== Args={}
2022-10-23 14:26:59,474 : EventManager : Event: ======'slide_Disp_Message_blank_created'====== Args={}
2022-10-23 14:26:59,474 : EventManager : Event: ======'display_Disp_Message_ready'====== Args={}
2022-10-23 14:26:59,474 : EventManager : Event: ======'slide_Disp_Counter_blank_created'====== Args={}
2022-10-23 14:26:59,474 : EventManager : Event: ======'display_Disp_Counter_ready'====== Args={}
2022-10-23 14:26:59,475 : EventManager : Event: ======'slide_Disp_Score_blank_created'====== Args={}
2022-10-23 14:26:59,475 : EventManager : Event: ======'display_Disp_Score_ready'====== Args={}
2022-10-23 14:26:59,475 : EventManager : Event: ======'slide_Disp_Icons_blank_created'====== Args={}
2022-10-23 14:26:59,475 : EventManager : Event: ======'display_Disp_Icons_ready'====== Args={}
2022-10-23 14:26:59,489 : EventManager : Event: ======'init_phase_1'====== Args={}
2022-10-23 14:26:59,492 : ConfigValidator : Your config contains a value for the setting "widgets:text:widgets:text:font", but this is not a valid setting name.
2022-10-23 14:26:59,493 : kivy : Base: Leaving application in progress...
2022-10-23 14:26:59,493 : kivy : Exception while processing RegisteredHandler(callback=<bound method ConfigCollection.create_entries_from_root_config of {'window_blank': {'debug': False, 'expire': None, 'background_color': [0.0, 0.0, 0.0, 1.0], 'opacity': 1.0}, 'Disp_Player_blank': {'debug': False, 'expire': None, 'background_color': [0.0, 0.0, 0.0, 1.0], 'opacity': 1.0}, 'Disp_Menu_blank': {'debug': False, 'expire': None, 'background_color': [0.0, 0.0, 0.0, 1.0], 'opacity': 1.0}, 'Disp_Ball_blank': {'debug': False, 'expire': None, 'background_color': [0.0, 0.0, 0.0, 1.0], 'opacity': 1.0}, 'Disp_Message_blank': {'debug': False, 'expire': None, 'background_color': [0.0, 0.0, 0.0, 1.0], 'opacity': 1.0}, 'Disp_Counter_blank': {'debug': False, 'expire': None, 'background_color': [0.0, 0.0, 0.0, 1.0], 'opacity': 1.0}, 'Disp_Score_blank': {'debug': False, 'expire': None, 'background_color': [0.0, 0.0, 0.0, 1.0], 'opacity': 1.0}, 'Disp_Icons_blank': {'debug': False, 'expire': None, 'background_color': [0.0, 0.0, 0.0, 1.0], 'opacity': 1.0}, 'dmd_gamma_test': {'widgets': [{'type': 'text', 'text': 'DMD GAMMA TEST', 'style': ['small'], 'y': '4', 'anchor_x': 'left', 'x': '2', '_default_settings': [], 'anchor_y': 'center', 'round_anchor_x': None, 'round_anchor_y': None, 'opacity': 1.0, 'z': 0, 'reset_animations_events': {}, 'color': [1.0, 1.0, 1.0, 1.0], 'adjust_top': 0, 'adjust_bottom': 0, 'adjust_left': 0, 'adjust_right': 0, 'expire': None, 'key': None, 'widget': None, 'events_when_added': [], 'events_when_removed': [], 'font_size': 15, 'bitmap_font': False, 'font_kerning': True, 'bold': False, 'italic': False, 'number_grouping': False, 'min_digits': 0, 'halign': 'center', 'valign': 'middle', 'rotation': 0, 'scale': 1.0, 'casing': None, 'animations': None}, {'type': 'rectangle', 'width': 8.0, 'height': 32.0, 'color': [0.0, 0.0, 0.0, 1], 'x': '4', '_default_settings': [], 'y': None, 'anchor_x': 'center', 'anchor_y': 'center', 'round_anchor_x': None, 'round_anchor_y': None, 'opacity': 1.0, 'z': 0, 'reset_animations_events': {}, 'style': [], 'adjust_top': 0, 'adjust_bottom': 0, 'adjust_left': 0, 'adjust_right': 0, 'expire': None, 'key': None, 'widget': None, 'events_when_added': [], 'events_when_removed': [], 'corner_radius': 0, 'corner_segments': 10, 'rotation': 0, 'scale': 1.0, 'animations': None}, {'type': 'rectangle', 'width': 8.0, 'height': 32.0, 'color': [0.12156862745098039, 0.12156862745098039, 0.12156862745098039, 1], 'x': '12', '_default_settings': [], 'y': None, 'anchor_x': 'center', 'anchor_y': 'center', 'round_anchor_x': None, 'round_anchor_y': None, 'opacity': 1.0, 'z': 0, 'reset_animations_events': {}, 'style': [], 'adjust_top': 0, 'adjust_bottom': 0, 'adjust_left': 0, 'adjust_right': 0, 'expire': None, 'key': None, 'widget': None, 'events_when_added': [], 'events_when_removed': [], 'corner_radius': 0, 'corner_segments': 10, 'rotation': 0, 'scale': 1.0, 'animations': None}, {'type': 'rectangle', 'width': 8.0, 'height': 32.0, 'color': [0.1843137254901961, 0.1843137254901961, 0.1843137254901961, 1], 'x': '20', '_default_settings': [], 'y': None, 'anchor_x': 'center', 'anchor_y': 'center', 'round_anchor_x': None, 'round_anchor_y': None, 'opacity': 1.0, 'z': 0, 'reset_animations_events': {}, 'style': [], 'adjust_top': 0, 'adjust_bottom': 0, 'adjust_left': 0, 'adjust_right': 0, 'expire': None, 'key': None, 'widget': None, 'events_when_added': [], 'events_when_removed': [], 'corner_radius': 0, 'corner_segments': 10, 'rotation': 0, 'scale': 1.0, 'animations': None}, {'type': 'rectangle', 'width': 8.0, 'height': 32.0, 'color': [0.24705882352941178, 0.24705882352941178, 0.24705882352941178, 1], 'x': '28', '_default_settings': [], 'y': None, 'anchor_x': 'center', 'anchor_y': 'center', 'round_anchor_x': None, 'round_anchor_y': None, 'opacity': 1.0, 'z': 0, 'reset_animations_events': {}, 'style': [], 'adjust_top': 0, 'adjust_bottom': 0, 'adjust_left': 0, 'adjust_right': 0, 'expire': None, 'key': None, 'widget': None, 'events_when_added': [], 'events_when_removed': [], 'corner_radius': 0, 'corner_segments': 10, 'rotation': 0, 'scale': 1.0, 'animations': None}, {'type': 'rectangle', 'width': 8.0, 'height': 32.0, 'color': [0.30980392156862746, 0.30980392156862746, 0.30980392156862746, 1], 'x': '36', '_default_settings': [], 'y': None, 'anchor_x': 'center', 'anchor_y': 'center', 'round_anchor_x': None, 'round_anchor_y': None, 'opacity': 1.0, 'z': 0, 'reset_animations_events': {}, 'style': [], 'adjust_top': 0, 'adjust_bottom': 0, 'adjust_left': 0, 'adjust_right': 0, 'expire': None, 'key': None, 'widget': None, 'events_when_added': [], 'events_when_removed': [], 'corner_radius': 0, 'corner_segments': 10, 'rotation': 0, 'scale': 1.0, 'animations': None}, {'type': 'rectangle', 'width': 8.0, 'height': 32.0, 'color': [0.37254901960784315, 0.37254901960784315, 0.37254901960784315, 1], 'x': '44', '_default_settings': [], 'y': None, 'anchor_x': 'center', 'anchor_y': 'center', 'round_anchor_x': None, 'round_anchor_y': None, 'opacity': 1.0, 'z': 0, 'reset_animations_events': {}, 'style': [], 'adjust_top': 0, 'adjust_bottom': 0, 'adjust_left': 0, 'adjust_right': 0, 'expire': None, 'key': None, 'widget': None, 'events_when_added': [], 'events_when_removed': [], 'corner_radius': 0, 'corner_segments': 10, 'rotation': 0, 'scale': 1.0, 'animations': None}, {'type': 'rectangle', 'width': 8.0, 'height': 32.0, 'color': [0.43529411764705883, 0.43529411764705883, 0.43529411764705883, 1], 'x': '52', '_default_settings': [], 'y': None, 'anchor_x': 'center', 'anchor_y': 'center', 'round_anchor_x': None, 'round_anchor_y': None, 'opacity': 1.0, 'z': 0, 'reset_animations_events': {}, 'style': [], 'adjust_top': 0, 'adjust_bottom': 0, 'adjust_left': 0, 'adjust_right': 0, 'expire': None, 'key': None, 'widget': None, 'events_when_added': [], 'events_when_removed': [], 'corner_radius': 0, 'corner_segments': 10, 'rotation': 0, 'scale': 1.0, 'animations': None}, {'type': 'rectangle', 'width': 8.0, 'height': 32.0, 'color': [0.4980392156862745, 0.4980392156862745, 0.4980392156862745, 1], 'x': '60', '_default_settings': [], 'y': None, 'anchor_x': 'center', 'anchor_y': 'center', 'round_anchor_x': None, 'round_anchor_y': None, 'opacity': 1.0, 'z': 0, 'reset_animations_events': {}, 'style': [], 'adjust_top': 0, 'adjust_bottom': 0, 'adjust_left': 0, 'adjust_right': 0, 'expire': None, 'key': None, 'widget': None, 'events_when_added': [], 'events_when_removed': [], 'corner_radius': 0, 'corner_segments': 10, 'rotation': 0, 'scale': 1.0, 'animations': None}, {'type': 'rectangle', 'width': 8.0, 'height': 32.0, 'color': [0.5607843137254902, 0.5607843137254902, 0.5607843137254902, 1], 'x': '68', '_default_settings': [], 'y': None, 'anchor_x': 'center', 'anchor_y': 'center', 'round_anchor_x': None, 'round_anchor_y': None, 'opacity': 1.0, 'z': 0, 'reset_animations_events': {}, 'style': [], 'adjust_top': 0, 'adjust_bottom': 0, 'adjust_left': 0, 'adjust_right': 0, 'expire': None, 'key': None, 'widget': None, 'events_when_added': [], 'events_when_removed': [], 'corner_radius': 0, 'corner_segments': 10, 'rotation': 0, 'scale': 1.0, 'animations': None}, {'type': 'rectangle', 'width': 8.0, 'height': 32.0, 'color': [0.6235294117647059, 0.6235294117647059, 0.6235294117647059, 1], 'x': '76', '_default_settings': [], 'y': None, 'anchor_x': 'center', 'anchor_y': 'center', 'round_anchor_x': None, 'round_anchor_y': None, 'opacity': 1.0, 'z': 0, 'reset_animations_events': {}, 'style': [], 'adjust_top': 0, 'adjust_bottom': 0, 'adjust_left': 0, 'adjust_right': 0, 'expire': None, 'key': None, 'widget': None, 'events_when_added': [], 'events_when_removed': [], 'corner_radius': 0, 'corner_segments': 10, 'rotation': 0, 'scale': 1.0, 'animations': None}, {'type': 'rectangle', 'width': 8.0, 'height': 32.0, 'color': [0.6862745098039216, 0.6862745098039216, 0.6862745098039216, 1], 'x': '84', '_default_settings': [], 'y': None, 'anchor_x': 'center', 'anchor_y': 'center', 'round_anchor_x': None, 'round_anchor_y': None, 'opacity': 1.0, 'z': 0, 'reset_animations_events': {}, 'style': [], 'adjust_top': 0, 'adjust_bottom': 0, 'adjust_left': 0, 'adjust_right': 0, 'expire': None, 'key': None, 'widget': None, 'events_when_added': [], 'events_when_removed': [], 'corner_radius': 0, 'corner_segments': 10, 'rotation': 0, 'scale': 1.0, 'animations': None}, {'type': 'rectangle', 'width': 8.0, 'height': 32.0, 'color': [0.7490196078431373, 0.7490196078431373, 0.7490196078431373, 1], 'x': '92', '_default_settings': [], 'y': None, 'anchor_x': 'center', 'anchor_y': 'center', 'round_anchor_x': None, 'round_anchor_y': None, 'opacity': 1.0, 'z': 0, 'reset_animations_events': {}, 'style': [], 'adjust_top': 0, 'adjust_bottom': 0, 'adjust_left': 0, 'adjust_right': 0, 'expire': None, 'key': None, 'widget': None, 'events_when_added': [], 'events_when_removed': [], 'corner_radius': 0, 'corner_segments': 10, 'rotation': 0, 'scale': 1.0, 'animations': None}, {'type': 'rectangle', 'width': 8.0, 'height': 32.0, 'color': [0.8117647058823529, 0.8117647058823529, 0.8117647058823529, 1], 'x': '100', '_default_settings': [], 'y': None, 'anchor_x': 'center', 'anchor_y': 'center', 'round_anchor_x': None, 'round_anchor_y': None, 'opacity': 1.0, 'z': 0, 'reset_animations_events': {}, 'style': [], 'adjust_top': 0, 'adjust_bottom': 0, 'adjust_left': 0, 'adjust_right': 0, 'expire': None, 'key': None, 'widget': None, 'events_when_added': [], 'events_when_removed': [], 'corner_radius': 0, 'corner_segments': 10, 'rotation': 0, 'scale': 1.0, 'animations': None}, {'type': 'rectangle', 'width': 8.0, 'height': 32.0, 'color': [0.8745098039215686, 0.8745098039215686, 0.8745098039215686, 1], 'x': '108', '_default_settings': [], 'y': None, 'anchor_x': 'center', 'anchor_y': 'center', 'round_anchor_x': None, 'round_anchor_y': None, 'opacity': 1.0, 'z': 0, 'reset_animations_events': {}, 'style': [], 'adjust_top': 0, 'adjust_bottom': 0, 'adjust_left': 0, 'adjust_right': 0, 'expire': None, 'key': None, 'widget': None, 'events_when_added': [], 'events_when_removed': [], 'corner_radius': 0, 'corner_segments': 10, 'rotation': 0, 'scale': 1.0, 'animations': None}, {'type': 'rectangle', 'width': 8.0, 'height': 32.0, 'color': [0.9372549019607843, 0.9372549019607843, 0.9372549019607843, 1], 'x': '116', '_default_settings': [], 'y': None, 'anchor_x': 'center', 'anchor_y': 'center', 'round_anchor_x': None, 'round_anchor_y': None, 'opacity': 1.0, 'z': 0, 'reset_animations_events': {}, 'style': [], 'adjust_top': 0, 'adjust_bottom': 0, 'adjust_left': 0, 'adjust_right': 0, 'expire': None, 'key': None, 'widget': None, 'events_when_added': [], 'events_when_removed': [], 'corner_radius': 0, 'corner_segments': 10, 'rotation': 0, 'scale': 1.0, 'animations': None}, {'type': 'rectangle', 'width': 8.0, 'height': 32.0, 'color': [1.0, 1.0, 1.0, 1], 'x': '124', '_default_settings': [], 'y': None, 'anchor_x': 'center', 'anchor_y': 'center', 'round_anchor_x': None, 'round_anchor_y': None, 'opacity': 1.0, 'z': 0, 'reset_animations_events': {}, 'style': [], 'adjust_top': 0, 'adjust_bottom': 0, 'adjust_left': 0, 'adjust_right': 0, 'expire': None, 'key': None, 'widget': None, 'events_when_added': [], 'events_when_removed': [], 'corner_radius': 0, 'corner_segments': 10, 'rotation': 0, 'scale': 1.0, 'animations': None}], 'debug': False, 'expire': None, 'background_color': [0.0, 0.0, 0.0, 1.0], 'opacity': 1.0, 'transition': None, 'transition_out': None}, 'welcome_slide': {'widgets': [{'type': 'text', 'text': 'PINBALL!', 'font_size': 50, 'color': [1.0, 0.0, 0.0, 1], '_default_settings': ['font_size', 'color'], 'x': None, 'y': None, 'anchor_x': 'center', 'anchor_y': 'center', 'round_anchor_x': None, 'round_anchor_y': None, 'opacity': 1.0, 'z': 0, 'reset_animations_events': {}, 'style': [], 'adjust_top': 0, 'adjust_bottom': 0, 'adjust_left': 0, 'adjust_right': 0, 'expire': None, 'key': None, 'widget': None, 'events_when_added': [], 'events_when_removed': [], 'bitmap_font': False, 'font_kerning': True, 'bold': False, 'italic': False, 'number_grouping': False, 'min_digits': 0, 'halign': 'center', 'valign': 'middle', 'rotation': 0, 'scale': 1.0, 'casing': None, 'animations': None}, {'type': 'rectangle', 'width': 240.0, 'height': 60.0, '_default_settings': [], 'x': None, 'y': None, 'anchor_x': 'center', 'anchor_y': 'center', 'round_anchor_x': None, 'round_anchor_y': None, 'opacity': 1.0, 'z': 0, 'reset_animations_events': {}, 'color': [1.0, 1.0, 1.0, 1.0], 'style': [], 'adjust_top': 0, 'adjust_bottom': 0, 'adjust_left': 0, 'adjust_right': 0, 'expire': None, 'key': None, 'widget': None, 'events_when_added': [], 'events_when_removed': [], 'corner_radius': 0, 'corner_segments': 10, 'rotation': 0, 'scale': 1.0, 'animations': None}], 'debug': False, 'expire': None, 'background_color': [0.0, 0.0, 0.0, 1.0], 'opacity': 1.0, 'transition': None, 'transition_out': None}, 'awesome_slide': {'widgets': [{'type': 'text', 'text': 'YOU ARE AWESOME', 'font_size': 50, 'font_name': 'portal', '_default_settings': ['font_name', 'font_size'], 'x': None, 'y': None, 'anchor_x': 'center', 'anchor_y': 'center', 'round_anchor_x': None, 'round_anchor_y': None, 'opacity': 1.0, 'z': 0, 'reset_animations_events': {}, 'color': [1.0, 1.0, 1.0, 1.0], 'style': [], 'adjust_top': 0, 'adjust_bottom': 0, 'adjust_left': 0, 'adjust_right': 0, 'expire': None, 'key': None, 'widget': None, 'events_when_added': [], 'events_when_removed': [], 'bitmap_font': False, 'font_kerning': True, 'bold': False, 'italic': False, 'number_grouping': False, 'min_digits': 0, 'halign': 'center', 'valign': 'middle', 'rotation': 0, 'scale': 1.0, 'casing': None, 'animations': None}], 'debug': False, 'expire': None, 'background_color': [0.0, 0.0, 0.0, 1.0], 'opacity': 1.0, 'transition': None, 'transition_out': None}, 'layout_main': {'widgets': [{'type': 'display', 'width': 450, 'height': 150, 'x': '50', 'y': '50', 'anchor_x': 'left', 'anchor_y': 'bottom', 'source_display': 'Disp_Player', '_default_settings': [], 'round_anchor_x': None, 'round_anchor_y': None, 'opacity': 1.0, 'z': 0, 'reset_animations_events': {}, 'color': [1.0, 1.0, 1.0, 1.0], 'style': [], 'adjust_top': 0, 'adjust_bottom': 0, 'adjust_left': 0, 'adjust_right': 0, 'expire': None, 'key': None, 'widget': None, 'events_when_added': [], 'events_when_removed': [], 'animations': None}, {'type': 'display', 'width': 300, 'height': 200, 'x': '550', 'y': '50', 'anchor_x': 'left', 'anchor_y': 'bottom', 'source_display': 'Disp_Menu', '_default_settings': [], 'round_anchor_x': None, 'round_anchor_y': None, 'opacity': 1.0, 'z': 0, 'reset_animations_events': {}, 'color': [1.0, 1.0, 1.0, 1.0], 'style': [], 'adjust_top': 0, 'adjust_bottom': 0, 'adjust_left': 0, 'adjust_right': 0, 'expire': None, 'key': None, 'widget': None, 'events_when_added': [], 'events_when_removed': [], 'animations': None}, {'type': 'display', 'width': 450, 'height': 150, 'x': '900', 'y': '50', 'anchor_x': 'left', 'anchor_y': 'bottom', 'source_display': 'Disp_Ball', '_default_settings': [], 'round_anchor_x': None, 'round_anchor_y': None, 'opacity': 1.0, 'z': 0, 'reset_animations_events': {}, 'color': [1.0, 1.0, 1.0, 1.0], 'style': [], 'adjust_top': 0, 'adjust_bottom': 0, 'adjust_left': 0, 'adjust_right': 0, 'expire': None, 'key': None, 'widget': None, 'events_when_added': [], 'events_when_removed': [], 'animations': None}, {'type': 'display', 'width': 600, 'height': 200, 'x': '400', 'y': '300', 'anchor_x': 'left', 'anchor_y': 'bottom', 'source_display': 'Disp_Message', '_default_settings': [], 'round_anchor_x': None, 'round_anchor_y': None, 'opacity': 1.0, 'z': 0, 'reset_animations_events': {}, 'color': [1.0, 1.0, 1.0, 1.0], 'style': [], 'adjust_top': 0, 'adjust_bottom': 0, 'adjust_left': 0, 'adjust_right': 0, 'expire': None, 'key': None, 'widget': None, 'events_when_added': [], 'events_when_removed': [], 'animations': None}, {'type': 'display', 'width': 300, 'height': 100, 'x': '1050', 'y': '250', 'anchor_x': 'left', 'anchor_y': 'bottom', 'source_display': 'Disp_Counter', '_default_settings': [], 'round_anchor_x': None, 'round_anchor_y': None, 'opacity': 1.0, 'z': 0, 'reset_animations_events': {}, 'color': [1.0, 1.0, 1.0, 1.0], 'style': [], 'adjust_top': 0, 'adjust_bottom': 0, 'adjust_left': 0, 'adjust_right': 0, 'expire': None, 'key': None, 'widget': None, 'events_when_added': [], 'events_when_removed': [], 'animations': None}, {'type': 'display', 'width': 600, 'height': 200, 'x': '400', 'y': '550', 'anchor_x': 'left', 'anchor_y': 'bottom', 'source_display': 'Disp_Score', '_default_settings': [], 'round_anchor_x': None, 'round_anchor_y': None, 'opacity': 1.0, 'z': 0, 'reset_animations_events': {}, 'color': [1.0, 1.0, 1.0, 1.0], 'style': [], 'adjust_top': 0, 'adjust_bottom': 0, 'adjust_left': 0, 'adjust_right': 0, 'expire': None, 'key': None, 'widget': None, 'events_when_added': [], 'events_when_removed': [], 'animations': None}, {'type': 'display', 'width': 300, 'height': 350, 'x': '1050', 'y': '400', 'anchor_x': 'left', 'anchor_y': 'bottom', 'source_display': 'Disp_Icons', '_default_settings': [], 'round_anchor_x': None, 'round_anchor_y': None, 'opacity': 1.0, 'z': 0, 'reset_animations_events': {}, 'color': [1.0, 1.0, 1.0, 1.0], 'style': [], 'adjust_top': 0, 'adjust_bottom': 0, 'adjust_left': 0, 'adjust_right': 0, 'expire': None, 'key': None, 'widget': None, 'events_when_added': [], 'events_when_removed': [], 'animations': None}, {'type': 'image', 'image': 'mainscreen', '_default_settings': [], 'x': None, 'y': None, 'anchor_x': 'center', 'anchor_y': 'center', 'round_anchor_x': None, 'round_anchor_y': None, 'opacity': 1.0, 'z': 0, 'reset_animations_events': {}, 'color': [1.0, 1.0, 1.0, 1.0], 'style': [], 'adjust_top': 0, 'adjust_bottom': 0, 'adjust_left': 0, 'adjust_right': 0, 'expire': None, 'key': None, 'widget': None, 'events_when_added': [], 'events_when_removed': [], 'fps': 10, 'loops': -1, 'auto_play': True, 'start_frame': 0, 'rotation': 0, 'scale': 1.0, 'animations': None}], 'debug': False, 'expire': None, 'background_color': [0.0, 0.0, 0.0, 1.0], 'opacity': 1.0, 'transition': None, 'transition_out': None}, 'empty_slide': {'background_color': [0.0, 0.0, 0.0, 0.0], 'widgets': [{'type': 'text', 'text': 'should not be seen', 'opacity': 0.0, '_default_settings': [], 'x': None, 'y': None, 'anchor_x': 'center', 'anchor_y': 'center', 'round_anchor_x': None, 'round_anchor_y': None, 'z': 0, 'reset_animations_events': {}, 'color': [1.0, 1.0, 1.0, 1.0], 'style': [], 'adjust_top': 0, 'adjust_bottom': 0, 'adjust_left': 0, 'adjust_right': 0, 'expire': None, 'key': None, 'widget': None, 'events_when_added': [], 'events_when_removed': [], 'font_size': 15, 'bitmap_font': False, 'font_kerning': True, 'bold': False, 'italic': False, 'number_grouping': False, 'min_digits': 0, 'halign': 'center', 'valign': 'middle', 'rotation': 0, 'scale': 1.0, 'casing': None, 'animations': None}], 'debug': False, 'expire': None, 'opacity': 1.0, 'transition': None, 'transition_out': None}, 'slide_2': {'background_color': [0.0, 0.0, 0.0, 0.0], 'widgets': [{'type': 'image', 'image': 'logo', 'scale': 0.1, '_default_settings': [], 'x': None, 'y': None, 'anchor_x': 'center', 'anchor_y': 'center', 'round_anchor_x': None, 'round_anchor_y': None, 'opacity': 1.0, 'z': 0, 'reset_animations_events': {}, 'color': [1.0, 1.0, 1.0, 1.0], 'style': [], 'adjust_top': 0, 'adjust_bottom': 0, 'adjust_left': 0, 'adjust_right': 0, 'expire': None, 'key': None, 'widget': None, 'events_when_added': [], 'events_when_removed': [], 'fps': 10, 'loops': -1, 'auto_play': True, 'start_frame': 0, 'rotation': 0, 'animations': None}], 'debug': False, 'expire': None, 'opacity': 1.0, 'transition': None, 'transition_out': None}}>, priority=1, kwargs={}, key=UUID('896d0b02-9dd1-46c4-8be7-bd34cab2bc4f'), condition=None, blocking_facility=None) for event init_phase_1. Config File Error in ConfigValidator: Error creating slides config entry for 'slide_3' >> Your config contains a value for the setting "widgets:text:widgets:text:font", but this is not a valid setting name. Error Code: CFE-ConfigValidator-2 (https://docs.missionpinball.org/en/0.55/logs/CFE-ConfigValidator-2.html)
Traceback (most recent call last):
  File "C:\Users\dorus\AppData\Local\Programs\Python\Python38\lib\site-packages\mpf\core\events.py", line 695, in _run_handlers
    result = handler.callback(**merged_kwargs)
  File "C:\Users\dorus\AppData\Local\Programs\Python\Python38\lib\site-packages\mpfmc\core\config_collection.py", line 46, in create_entries_from_root_config
    self.create_entries(self.machine.machine_config[self.config_section])
  File "C:\Users\dorus\AppData\Local\Programs\Python\Python38\lib\site-packages\mpfmc\core\config_collection.py", line 60, in create_entries
    raise e
  File "C:\Users\dorus\AppData\Local\Programs\Python\Python38\lib\site-packages\mpfmc\core\config_collection.py", line 57, in create_entries
    self[name] = self.process_config(settings)
  File "C:\Users\dorus\AppData\Local\Programs\Python\Python38\lib\site-packages\mpfmc\config_collections\slide.py", line 33, in process_config
    config['widgets'][i] = self.mc.widgets.process_widget(widget)
  File "C:\Users\dorus\AppData\Local\Programs\Python\Python38\lib\site-packages\mpfmc\config_collections\widget.py", line 81, in process_widget
    self.mc.config_validator.validate_config('widgets:{}'.format(
  File "C:\Users\dorus\AppData\Local\Programs\Python\Python38\lib\site-packages\mpf\core\config_validator.py", line 179, in validate_config
    return self._validate_config(config_spec, source, base_spec=base_spec, add_missing_keys=add_missing_keys,
  File "C:\Users\dorus\AppData\Local\Programs\Python\Python38\lib\site-packages\mpf\core\config_validator.py", line 192, in _validate_config
    self.check_for_invalid_sections(this_spec, source, validation_failure_info)
  File "C:\Users\dorus\AppData\Local\Programs\Python\Python38\lib\site-packages\mpf\core\config_validator.py", line 357, in check_for_invalid_sections
    raise ConfigFileError('Your config contains a value for the '
mpf.exceptions.config_file_error.ConfigFileError: Config File Error in ConfigValidator: Error creating slides config entry for 'slide_3' >> Your config contains a value for the setting "widgets:text:widgets:text:font", but this is not a valid setting name. Error Code: CFE-ConfigValidator-2 (https://docs.missionpinball.org/en/0.55/logs/CFE-ConfigValidator-2.html)

The above exception was the direct cause of the following exception:

Traceback (most recent call last):
  File "C:\Users\dorus\AppData\Local\Programs\Python\Python38\lib\site-packages\mpfmc\commands\mc.py", line 225, in __init__
    MpfMc(options=vars(args),
  File "C:\Users\dorus\AppData\Local\Programs\Python\Python38\lib\site-packages\kivy\app.py", line 950, in run
    runTouchApp()
  File "C:\Users\dorus\AppData\Local\Programs\Python\Python38\lib\site-packages\kivy\base.py", line 582, in runTouchApp
    EventLoop.mainloop()
  File "C:\Users\dorus\AppData\Local\Programs\Python\Python38\lib\site-packages\kivy\base.py", line 347, in mainloop
    self.idle()
  File "C:\Users\dorus\AppData\Local\Programs\Python\Python38\lib\site-packages\kivy\base.py", line 387, in idle
    Clock.tick()
  File "C:\Users\dorus\AppData\Local\Programs\Python\Python38\lib\site-packages\kivy\clock.py", line 733, in tick
    self.post_idle(ts, self.idle())
  File "C:\Users\dorus\AppData\Local\Programs\Python\Python38\lib\site-packages\kivy\clock.py", line 776, in post_idle
    self._process_events()
  File "kivy\_clock.pyx", line 616, in kivy._clock.CyClockBase._process_events
  File "kivy\_clock.pyx", line 649, in kivy._clock.CyClockBase._process_events
  File "kivy\_clock.pyx", line 645, in kivy._clock.CyClockBase._process_events
  File "kivy\_clock.pyx", line 218, in kivy._clock.ClockEvent.tick
  File "C:\Users\dorus\AppData\Local\Programs\Python\Python38\lib\site-packages\mpfmc\uix\display.py", line 211, in _displays_initialized
    self.mc.displays_initialized()
  File "C:\Users\dorus\AppData\Local\Programs\Python\Python38\lib\site-packages\mpfmc\core\mc.py", line 349, in displays_initialized
    self._init()
  File "C:\Users\dorus\AppData\Local\Programs\Python\Python38\lib\site-packages\mpfmc\core\mc.py", line 374, in _init
    self.events.process_event_queue()
  File "C:\Users\dorus\AppData\Local\Programs\Python\Python38\lib\site-packages\mpf\core\events.py", line 779, in process_event_queue
    self._process_event(event=event[0],
  File "C:\Users\dorus\AppData\Local\Programs\Python\Python38\lib\site-packages\mpf\core\events.py", line 741, in _process_event
    result = self._run_handlers(event, ev_type, kwargs)
  File "C:\Users\dorus\AppData\Local\Programs\Python\Python38\lib\site-packages\mpf\core\events.py", line 697, in _run_handlers
    raise Exception("Exception while processing {} for event {}. {}".format(handler, event, e)) from e
Exception: Exception while processing RegisteredHandler(callback=<bound method ConfigCollection.create_entries_from_root_config of {'window_blank': {'debug': False, 'expire': None, 'background_color': [0.0, 0.0, 0.0, 1.0], 'opacity': 1.0}, 'Disp_Player_blank': {'debug': False, 'expire': None, 'background_color': [0.0, 0.0, 0.0, 1.0], 'opacity': 1.0}, 'Disp_Menu_blank': {'debug': False, 'expire': None, 'background_color': [0.0, 0.0, 0.0, 1.0], 'opacity': 1.0}, 'Disp_Ball_blank': {'debug': False, 'expire': None, 'background_color': [0.0, 0.0, 0.0, 1.0], 'opacity': 1.0}, 'Disp_Message_blank': {'debug': False, 'expire': None, 'background_color': [0.0, 0.0, 0.0, 1.0], 'opacity': 1.0}, 'Disp_Counter_blank': {'debug': False, 'expire': None, 'background_color': [0.0, 0.0, 0.0, 1.0], 'opacity': 1.0}, 'Disp_Score_blank': {'debug': False, 'expire': None, 'background_color': [0.0, 0.0, 0.0, 1.0], 'opacity': 1.0}, 'Disp_Icons_blank': {'debug': False, 'expire': None, 'background_color': [0.0, 0.0, 0.0, 1.0], 'opacity': 1.0}, 'dmd_gamma_test': {'widgets': [{'type': 'text', 'text': 'DMD GAMMA TEST', 'style': ['small'], 'y': '4', 'anchor_x': 'left', 'x': '2', '_default_settings': [], 'anchor_y': 'center', 'round_anchor_x': None, 'round_anchor_y': None, 'opacity': 1.0, 'z': 0, 'reset_animations_events': {}, 'color': [1.0, 1.0, 1.0, 1.0], 'adjust_top': 0, 'adjust_bottom': 0, 'adjust_left': 0, 'adjust_right': 0, 'expire': None, 'key': None, 'widget': None, 'events_when_added': [], 'events_when_removed': [], 'font_size': 15, 'bitmap_font': False, 'font_kerning': True, 'bold': False, 'italic': False, 'number_grouping': False, 'min_digits': 0, 'halign': 'center', 'valign': 'middle', 'rotation': 0, 'scale': 1.0, 'casing': None, 'animations': None}, {'type': 'rectangle', 'width': 8.0, 'height': 32.0, 'color': [0.0, 0.0, 0.0, 1], 'x': '4', '_default_settings': [], 'y': None, 'anchor_x': 'center', 'anchor_y': 'center', 'round_anchor_x': None, 'round_anchor_y': None, 'opacity': 1.0, 'z': 0, 'reset_animations_events': {}, 'style': [], 'adjust_top': 0, 'adjust_bottom': 0, 'adjust_left': 0, 'adjust_right': 0, 'expire': None, 'key': None, 'widget': None, 'events_when_added': [], 'events_when_removed': [], 'corner_radius': 0, 'corner_segments': 10, 'rotation': 0, 'scale': 1.0, 'animations': None}, {'type': 'rectangle', 'width': 8.0, 'height': 32.0, 'color': [0.12156862745098039, 0.12156862745098039, 0.12156862745098039, 1], 'x': '12', '_default_settings': [], 'y': None, 'anchor_x': 'center', 'anchor_y': 'center', 'round_anchor_x': None, 'round_anchor_y': None, 'opacity': 1.0, 'z': 0, 'reset_animations_events': {}, 'style': [], 'adjust_top': 0, 'adjust_bottom': 0, 'adjust_left': 0, 'adjust_right': 0, 'expire': None, 'key': None, 'widget': None, 'events_when_added': [], 'events_when_removed': [], 'corner_radius': 0, 'corner_segments': 10, 'rotation': 0, 'scale': 1.0, 'animations': None}, {'type': 'rectangle', 'width': 8.0, 'height': 32.0, 'color': [0.1843137254901961, 0.1843137254901961, 0.1843137254901961, 1], 'x': '20', '_default_settings': [], 'y': None, 'anchor_x': 'center', 'anchor_y': 'center', 'round_anchor_x': None, 'round_anchor_y': None, 'opacity': 1.0, 'z': 0, 'reset_animations_events': {}, 'style': [], 'adjust_top': 0, 'adjust_bottom': 0, 'adjust_left': 0, 'adjust_right': 0, 'expire': None, 'key': None, 'widget': None, 'events_when_added': [], 'events_when_removed': [], 'corner_radius': 0, 'corner_segments': 10, 'rotation': 0, 'scale': 1.0, 'animations': None}, {'type': 'rectangle', 'width': 8.0, 'height': 32.0, 'color': [0.24705882352941178, 0.24705882352941178, 0.24705882352941178, 1], 'x': '28', '_default_settings': [], 'y': None, 'anchor_x': 'center', 'anchor_y': 'center', 'round_anchor_x': None, 'round_anchor_y': None, 'opacity': 1.0, 'z': 0, 'reset_animations_events': {}, 'style': [], 'adjust_top': 0, 'adjust_bottom': 0, 'adjust_left': 0, 'adjust_right': 0, 'expire': None, 'key': None, 'widget': None, 'events_when_added': [], 'events_when_removed': [], 'corner_radius': 0, 'corner_segments': 10, 'rotation': 0, 'scale': 1.0, 'animations': None}, {'type': 'rectangle', 'width': 8.0, 'height': 32.0, 'color': [0.30980392156862746, 0.30980392156862746, 0.30980392156862746, 1], 'x': '36', '_default_settings': [], 'y': None, 'anchor_x': 'center', 'anchor_y': 'center', 'round_anchor_x': None, 'round_anchor_y': None, 'opacity': 1.0, 'z': 0, 'reset_animations_events': {}, 'style': [], 'adjust_top': 0, 'adjust_bottom': 0, 'adjust_left': 0, 'adjust_right': 0, 'expire': None, 'key': None, 'widget': None, 'events_when_added': [], 'events_when_removed': [], 'corner_radius': 0, 'corner_segments': 10, 'rotation': 0, 'scale': 1.0, 'animations': None}, {'type': 'rectangle', 'width': 8.0, 'height': 32.0, 'color': [0.37254901960784315, 0.37254901960784315, 0.37254901960784315, 1], 'x': '44', '_default_settings': [], 'y': None, 'anchor_x': 'center', 'anchor_y': 'center', 'round_anchor_x': None, 'round_anchor_y': None, 'opacity': 1.0, 'z': 0, 'reset_animations_events': {}, 'style': [], 'adjust_top': 0, 'adjust_bottom': 0, 'adjust_left': 0, 'adjust_right': 0, 'expire': None, 'key': None, 'widget': None, 'events_when_added': [], 'events_when_removed': [], 'corner_radius': 0, 'corner_segments': 10, 'rotation': 0, 'scale': 1.0, 'animations': None}, {'type': 'rectangle', 'width': 8.0, 'height': 32.0, 'color': [0.43529411764705883, 0.43529411764705883, 0.43529411764705883, 1], 'x': '52', '_default_settings': [], 'y': None, 'anchor_x': 'center', 'anchor_y': 'center', 'round_anchor_x': None, 'round_anchor_y': None, 'opacity': 1.0, 'z': 0, 'reset_animations_events': {}, 'style': [], 'adjust_top': 0, 'adjust_bottom': 0, 'adjust_left': 0, 'adjust_right': 0, 'expire': None, 'key': None, 'widget': None, 'events_when_added': [], 'events_when_removed': [], 'corner_radius': 0, 'corner_segments': 10, 'rotation': 0, 'scale': 1.0, 'animations': None}, {'type': 'rectangle', 'width': 8.0, 'height': 32.0, 'color': [0.4980392156862745, 0.4980392156862745, 0.4980392156862745, 1], 'x': '60', '_default_settings': [], 'y': None, 'anchor_x': 'center', 'anchor_y': 'center', 'round_anchor_x': None, 'round_anchor_y': None, 'opacity': 1.0, 'z': 0, 'reset_animations_events': {}, 'style': [], 'adjust_top': 0, 'adjust_bottom': 0, 'adjust_left': 0, 'adjust_right': 0, 'expire': None, 'key': None, 'widget': None, 'events_when_added': [], 'events_when_removed': [], 'corner_radius': 0, 'corner_segments': 10, 'rotation': 0, 'scale': 1.0, 'animations': None}, {'type': 'rectangle', 'width': 8.0, 'height': 32.0, 'color': [0.5607843137254902, 0.5607843137254902, 0.5607843137254902, 1], 'x': '68', '_default_settings': [], 'y': None, 'anchor_x': 'center', 'anchor_y': 'center', 'round_anchor_x': None, 'round_anchor_y': None, 'opacity': 1.0, 'z': 0, 'reset_animations_events': {}, 'style': [], 'adjust_top': 0, 'adjust_bottom': 0, 'adjust_left': 0, 'adjust_right': 0, 'expire': None, 'key': None, 'widget': None, 'events_when_added': [], 'events_when_removed': [], 'corner_radius': 0, 'corner_segments': 10, 'rotation': 0, 'scale': 1.0, 'animations': None}, {'type': 'rectangle', 'width': 8.0, 'height': 32.0, 'color': [0.6235294117647059, 0.6235294117647059, 0.6235294117647059, 1], 'x': '76', '_default_settings': [], 'y': None, 'anchor_x': 'center', 'anchor_y': 'center', 'round_anchor_x': None, 'round_anchor_y': None, 'opacity': 1.0, 'z': 0, 'reset_animations_events': {}, 'style': [], 'adjust_top': 0, 'adjust_bottom': 0, 'adjust_left': 0, 'adjust_right': 0, 'expire': None, 'key': None, 'widget': None, 'events_when_added': [], 'events_when_removed': [], 'corner_radius': 0, 'corner_segments': 10, 'rotation': 0, 'scale': 1.0, 'animations': None}, {'type': 'rectangle', 'width': 8.0, 'height': 32.0, 'color': [0.6862745098039216, 0.6862745098039216, 0.6862745098039216, 1], 'x': '84', '_default_settings': [], 'y': None, 'anchor_x': 'center', 'anchor_y': 'center', 'round_anchor_x': None, 'round_anchor_y': None, 'opacity': 1.0, 'z': 0, 'reset_animations_events': {}, 'style': [], 'adjust_top': 0, 'adjust_bottom': 0, 'adjust_left': 0, 'adjust_right': 0, 'expire': None, 'key': None, 'widget': None, 'events_when_added': [], 'events_when_removed': [], 'corner_radius': 0, 'corner_segments': 10, 'rotation': 0, 'scale': 1.0, 'animations': None}, {'type': 'rectangle', 'width': 8.0, 'height': 32.0, 'color': [0.7490196078431373, 0.7490196078431373, 0.7490196078431373, 1], 'x': '92', '_default_settings': [], 'y': None, 'anchor_x': 'center', 'anchor_y': 'center', 'round_anchor_x': None, 'round_anchor_y': None, 'opacity': 1.0, 'z': 0, 'reset_animations_events': {}, 'style': [], 'adjust_top': 0, 'adjust_bottom': 0, 'adjust_left': 0, 'adjust_right': 0, 'expire': None, 'key': None, 'widget': None, 'events_when_added': [], 'events_when_removed': [], 'corner_radius': 0, 'corner_segments': 10, 'rotation': 0, 'scale': 1.0, 'animations': None}, {'type': 'rectangle', 'width': 8.0, 'height': 32.0, 'color': [0.8117647058823529, 0.8117647058823529, 0.8117647058823529, 1], 'x': '100', '_default_settings': [], 'y': None, 'anchor_x': 'center', 'anchor_y': 'center', 'round_anchor_x': None, 'round_anchor_y': None, 'opacity': 1.0, 'z': 0, 'reset_animations_events': {}, 'style': [], 'adjust_top': 0, 'adjust_bottom': 0, 'adjust_left': 0, 'adjust_right': 0, 'expire': None, 'key': None, 'widget': None, 'events_when_added': [], 'events_when_removed': [], 'corner_radius': 0, 'corner_segments': 10, 'rotation': 0, 'scale': 1.0, 'animations': None}, {'type': 'rectangle', 'width': 8.0, 'height': 32.0, 'color': [0.8745098039215686, 0.8745098039215686, 0.8745098039215686, 1], 'x': '108', '_default_settings': [], 'y': None, 'anchor_x': 'center', 'anchor_y': 'center', 'round_anchor_x': None, 'round_anchor_y': None, 'opacity': 1.0, 'z': 0, 'reset_animations_events': {}, 'style': [], 'adjust_top': 0, 'adjust_bottom': 0, 'adjust_left': 0, 'adjust_right': 0, 'expire': None, 'key': None, 'widget': None, 'events_when_added': [], 'events_when_removed': [], 'corner_radius': 0, 'corner_segments': 10, 'rotation': 0, 'scale': 1.0, 'animations': None}, {'type': 'rectangle', 'width': 8.0, 'height': 32.0, 'color': [0.9372549019607843, 0.9372549019607843, 0.9372549019607843, 1], 'x': '116', '_default_settings': [], 'y': None, 'anchor_x': 'center', 'anchor_y': 'center', 'round_anchor_x': None, 'round_anchor_y': None, 'opacity': 1.0, 'z': 0, 'reset_animations_events': {}, 'style': [], 'adjust_top': 0, 'adjust_bottom': 0, 'adjust_left': 0, 'adjust_right': 0, 'expire': None, 'key': None, 'widget': None, 'events_when_added': [], 'events_when_removed': [], 'corner_radius': 0, 'corner_segments': 10, 'rotation': 0, 'scale': 1.0, 'animations': None}, {'type': 'rectangle', 'width': 8.0, 'height': 32.0, 'color': [1.0, 1.0, 1.0, 1], 'x': '124', '_default_settings': [], 'y': None, 'anchor_x': 'center', 'anchor_y': 'center', 'round_anchor_x': None, 'round_anchor_y': None, 'opacity': 1.0, 'z': 0, 'reset_animations_events': {}, 'style': [], 'adjust_top': 0, 'adjust_bottom': 0, 'adjust_left': 0, 'adjust_right': 0, 'expire': None, 'key': None, 'widget': None, 'events_when_added': [], 'events_when_removed': [], 'corner_radius': 0, 'corner_segments': 10, 'rotation': 0, 'scale': 1.0, 'animations': None}], 'debug': False, 'expire': None, 'background_color': [0.0, 0.0, 0.0, 1.0], 'opacity': 1.0, 'transition': None, 'transition_out': None}, 'welcome_slide': {'widgets': [{'type': 'text', 'text': 'PINBALL!', 'font_size': 50, 'color': [1.0, 0.0, 0.0, 1], '_default_settings': ['font_size', 'color'], 'x': None, 'y': None, 'anchor_x': 'center', 'anchor_y': 'center', 'round_anchor_x': None, 'round_anchor_y': None, 'opacity': 1.0, 'z': 0, 'reset_animations_events': {}, 'style': [], 'adjust_top': 0, 'adjust_bottom': 0, 'adjust_left': 0, 'adjust_right': 0, 'expire': None, 'key': None, 'widget': None, 'events_when_added': [], 'events_when_removed': [], 'bitmap_font': False, 'font_kerning': True, 'bold': False, 'italic': False, 'number_grouping': False, 'min_digits': 0, 'halign': 'center', 'valign': 'middle', 'rotation': 0, 'scale': 1.0, 'casing': None, 'animations': None}, {'type': 'rectangle', 'width': 240.0, 'height': 60.0, '_default_settings': [], 'x': None, 'y': None, 'anchor_x': 'center', 'anchor_y': 'center', 'round_anchor_x': None, 'round_anchor_y': None, 'opacity': 1.0, 'z': 0, 'reset_animations_events': {}, 'color': [1.0, 1.0, 1.0, 1.0], 'style': [], 'adjust_top': 0, 'adjust_bottom': 0, 'adjust_left': 0, 'adjust_right': 0, 'expire': None, 'key': None, 'widget': None, 'events_when_added': [], 'events_when_removed': [], 'corner_radius': 0, 'corner_segments': 10, 'rotation': 0, 'scale': 1.0, 'animations': None}], 'debug': False, 'expire': None, 'background_color': [0.0, 0.0, 0.0, 1.0], 'opacity': 1.0, 'transition': None, 'transition_out': None}, 'awesome_slide': {'widgets': [{'type': 'text', 'text': 'YOU ARE AWESOME', 'font_size': 50, 'font_name': 'portal', '_default_settings': ['font_name', 'font_size'], 'x': None, 'y': None, 'anchor_x': 'center', 'anchor_y': 'center', 'round_anchor_x': None, 'round_anchor_y': None, 'opacity': 1.0, 'z': 0, 'reset_animations_events': {}, 'color': [1.0, 1.0, 1.0, 1.0], 'style': [], 'adjust_top': 0, 'adjust_bottom': 0, 'adjust_left': 0, 'adjust_right': 0, 'expire': None, 'key': None, 'widget': None, 'events_when_added': [], 'events_when_removed': [], 'bitmap_font': False, 'font_kerning': True, 'bold': False, 'italic': False, 'number_grouping': False, 'min_digits': 0, 'halign': 'center', 'valign': 'middle', 'rotation': 0, 'scale': 1.0, 'casing': None, 'animations': None}], 'debug': False, 'expire': None, 'background_color': [0.0, 0.0, 0.0, 1.0], 'opacity': 1.0, 'transition': None, 'transition_out': None}, 'layout_main': {'widgets': [{'type': 'display', 'width': 450, 'height': 150, 'x': '50', 'y': '50', 'anchor_x': 'left', 'anchor_y': 'bottom', 'source_display': 'Disp_Player', '_default_settings': [], 'round_anchor_x': None, 'round_anchor_y': None, 'opacity': 1.0, 'z': 0, 'reset_animations_events': {}, 'color': [1.0, 1.0, 1.0, 1.0], 'style': [], 'adjust_top': 0, 'adjust_bottom': 0, 'adjust_left': 0, 'adjust_right': 0, 'expire': None, 'key': None, 'widget': None, 'events_when_added': [], 'events_when_removed': [], 'animations': None}, {'type': 'display', 'width': 300, 'height': 200, 'x': '550', 'y': '50', 'anchor_x': 'left', 'anchor_y': 'bottom', 'source_display': 'Disp_Menu', '_default_settings': [], 'round_anchor_x': None, 'round_anchor_y': None, 'opacity': 1.0, 'z': 0, 'reset_animations_events': {}, 'color': [1.0, 1.0, 1.0, 1.0], 'style': [], 'adjust_top': 0, 'adjust_bottom': 0, 'adjust_left': 0, 'adjust_right': 0, 'expire': None, 'key': None, 'widget': None, 'events_when_added': [], 'events_when_removed': [], 'animations': None}, {'type': 'display', 'width': 450, 'height': 150, 'x': '900', 'y': '50', 'anchor_x': 'left', 'anchor_y': 'bottom', 'source_display': 'Disp_Ball', '_default_settings': [], 'round_anchor_x': None, 'round_anchor_y': None, 'opacity': 1.0, 'z': 0, 'reset_animations_events': {}, 'color': [1.0, 1.0, 1.0, 1.0], 'style': [], 'adjust_top': 0, 'adjust_bottom': 0, 'adjust_left': 0, 'adjust_right': 0, 'expire': None, 'key': None, 'widget': None, 'events_when_added': [], 'events_when_removed': [], 'animations': None}, {'type': 'display', 'width': 600, 'height': 200, 'x': '400', 'y': '300', 'anchor_x': 'left', 'anchor_y': 'bottom', 'source_display': 'Disp_Message', '_default_settings': [], 'round_anchor_x': None, 'round_anchor_y': None, 'opacity': 1.0, 'z': 0, 'reset_animations_events': {}, 'color': [1.0, 1.0, 1.0, 1.0], 'style': [], 'adjust_top': 0, 'adjust_bottom': 0, 'adjust_left': 0, 'adjust_right': 0, 'expire': None, 'key': None, 'widget': None, 'events_when_added': [], 'events_when_removed': [], 'animations': None}, {'type': 'display', 'width': 300, 'height': 100, 'x': '1050', 'y': '250', 'anchor_x': 'left', 'anchor_y': 'bottom', 'source_display': 'Disp_Counter', '_default_settings': [], 'round_anchor_x': None, 'round_anchor_y': None, 'opacity': 1.0, 'z': 0, 'reset_animations_events': {}, 'color': [1.0, 1.0, 1.0, 1.0], 'style': [], 'adjust_top': 0, 'adjust_bottom': 0, 'adjust_left': 0, 'adjust_right': 0, 'expire': None, 'key': None, 'widget': None, 'events_when_added': [], 'events_when_removed': [], 'animations': None}, {'type': 'display', 'width': 600, 'height': 200, 'x': '400', 'y': '550', 'anchor_x': 'left', 'anchor_y': 'bottom', 'source_display': 'Disp_Score', '_default_settings': [], 'round_anchor_x': None, 'round_anchor_y': None, 'opacity': 1.0, 'z': 0, 'reset_animations_events': {}, 'color': [1.0, 1.0, 1.0, 1.0], 'style': [], 'adjust_top': 0, 'adjust_bottom': 0, 'adjust_left': 0, 'adjust_right': 0, 'expire': None, 'key': None, 'widget': None, 'events_when_added': [], 'events_when_removed': [], 'animations': None}, {'type': 'display', 'width': 300, 'height': 350, 'x': '1050', 'y': '400', 'anchor_x': 'left', 'anchor_y': 'bottom', 'source_display': 'Disp_Icons', '_default_settings': [], 'round_anchor_x': None, 'round_anchor_y': None, 'opacity': 1.0, 'z': 0, 'reset_animations_events': {}, 'color': [1.0, 1.0, 1.0, 1.0], 'style': [], 'adjust_top': 0, 'adjust_bottom': 0, 'adjust_left': 0, 'adjust_right': 0, 'expire': None, 'key': None, 'widget': None, 'events_when_added': [], 'events_when_removed': [], 'animations': None}, {'type': 'image', 'image': 'mainscreen', '_default_settings': [], 'x': None, 'y': None, 'anchor_x': 'center', 'anchor_y': 'center', 'round_anchor_x': None, 'round_anchor_y': None, 'opacity': 1.0, 'z': 0, 'reset_animations_events': {}, 'color': [1.0, 1.0, 1.0, 1.0], 'style': [], 'adjust_top': 0, 'adjust_bottom': 0, 'adjust_left': 0, 'adjust_right': 0, 'expire': None, 'key': None, 'widget': None, 'events_when_added': [], 'events_when_removed': [], 'fps': 10, 'loops': -1, 'auto_play': True, 'start_frame': 0, 'rotation': 0, 'scale': 1.0, 'animations': None}], 'debug': False, 'expire': None, 'background_color': [0.0, 0.0, 0.0, 1.0], 'opacity': 1.0, 'transition': None, 'transition_out': None}, 'empty_slide': {'background_color': [0.0, 0.0, 0.0, 0.0], 'widgets': [{'type': 'text', 'text': 'should not be seen', 'opacity': 0.0, '_default_settings': [], 'x': None, 'y': None, 'anchor_x': 'center', 'anchor_y': 'center', 'round_anchor_x': None, 'round_anchor_y': None, 'z': 0, 'reset_animations_events': {}, 'color': [1.0, 1.0, 1.0, 1.0], 'style': [], 'adjust_top': 0, 'adjust_bottom': 0, 'adjust_left': 0, 'adjust_right': 0, 'expire': None, 'key': None, 'widget': None, 'events_when_added': [], 'events_when_removed': [], 'font_size': 15, 'bitmap_font': False, 'font_kerning': True, 'bold': False, 'italic': False, 'number_grouping': False, 'min_digits': 0, 'halign': 'center', 'valign': 'middle', 'rotation': 0, 'scale': 1.0, 'casing': None, 'animations': None}], 'debug': False, 'expire': None, 'opacity': 1.0, 'transition': None, 'transition_out': None}, 'slide_2': {'background_color': [0.0, 0.0, 0.0, 0.0], 'widgets': [{'type': 'image', 'image': 'logo', 'scale': 0.1, '_default_settings': [], 'x': None, 'y': None, 'anchor_x': 'center', 'anchor_y': 'center', 'round_anchor_x': None, 'round_anchor_y': None, 'opacity': 1.0, 'z': 0, 'reset_animations_events': {}, 'color': [1.0, 1.0, 1.0, 1.0], 'style': [], 'adjust_top': 0, 'adjust_bottom': 0, 'adjust_left': 0, 'adjust_right': 0, 'expire': None, 'key': None, 'widget': None, 'events_when_added': [], 'events_when_removed': [], 'fps': 10, 'loops': -1, 'auto_play': True, 'start_frame': 0, 'rotation': 0, 'animations': None}], 'debug': False, 'expire': None, 'opacity': 1.0, 'transition': None, 'transition_out': None}}>, priority=1, kwargs={}, key=UUID('896d0b02-9dd1-46c4-8be7-bd34cab2bc4f'), condition=None, blocking_facility=None) for event init_phase_1. Config File Error in ConfigValidator: Error creating slides config entry for 'slide_3' >> Your config contains a value for the setting "widgets:text:widgets:text:font", but this is not a valid setting name. Error Code: CFE-ConfigValidator-2 (https://docs.missionpinball.org/en/0.55/logs/CFE-ConfigValidator-2.html)
2022-10-23 14:26:59,549 : kivy : Stopping child threads... (1 remaining)
2022-10-23 14:27:00,454 : kivy : All child threads stopped.
