2022-10-01 19:29:28,379 : INFO : root : Loading config.
2022-10-01 19:29:28,382 : INFO : YamlMultifileConfigLoader : Machine config file #1: config.yaml
2022-10-01 19:29:28,383 : INFO : ConfigProcessor : Loading config from cache: C:\Users\dorus\AppData\Local\Temp\e58a4b50dd07e9e66a1a779c252c0c34.mpf_cache
2022-10-01 19:29:28,467 : INFO : ConfigProcessor : Loading config from cache: C:\Users\dorus\AppData\Local\Temp\444cf03b543d197e203cfa23af3f8fc0.mpf_cache
2022-10-01 19:29:28,467 : INFO : ConfigProcessor : Loading config from cache: C:\Users\dorus\AppData\Local\Temp\336e6d2601ccb63523c70814805acbf1.mpf_cache
2022-10-01 19:29:28,468 : INFO : ConfigProcessor : Loading config from cache: C:\Users\dorus\AppData\Local\Temp\997bf01789d16ed996f231036966dd64.mpf_cache
2022-10-01 19:29:28,469 : INFO : ConfigProcessor : Loading config from cache: C:\Users\dorus\AppData\Local\Temp\99703a5eb7b45595525b767565d37410.mpf_cache
2022-10-01 19:29:28,469 : INFO : ConfigProcessor : Loading config from cache: C:\Users\dorus\AppData\Local\Temp\3bda3283678547d211760e16eb23b4da.mpf_cache
2022-10-01 19:29:28,470 : INFO : ConfigProcessor : Loading config from cache: C:\Users\dorus\AppData\Local\Temp\9bc560b11d83fb4ed736b388b885a5d3.mpf_cache
2022-10-01 19:29:28,470 : INFO : Machine : Mission Pinball Framework Core Engine v0.55.0
2022-10-01 19:29:28,470 : INFO : Machine : Command line arguments: {'no_load_cache': False, 'create_config_cache': True, 'bcp': True, 'configfile': ['config.yaml'], 'force_assets_load': False, 'jsonlogging': False, 'logfile': 'logs\\2022-10-01-19-29-28-mpf-LAPTOP-AS8QDAQG.log', 'pause': False, 'production': False, 'text_ui': True, 'loglevel': 15, 'consoleloglevel': 20, 'force_platform': 'smart_virtual', 'syslog_address': None, 'mc_file_name': None, 'no_sound': False}
2022-10-01 19:29:28,471 : INFO : Machine : MPF path: C:\Users\dorus\AppData\Local\Programs\Python\Python38\lib\site-packages\mpf
2022-10-01 19:29:28,471 : INFO : Machine : Machine path: C:\pinball\Pinball-MPF\mpfv1
2022-10-01 19:29:28,471 : INFO : Machine : Platform: win32
2022-10-01 19:29:28,471 : INFO : Machine : Python executable location: C:\Users\dorus\AppData\Local\Programs\Python\Python38\python.exe
2022-10-01 19:29:28,471 : INFO : Machine : Python version: 3.8.10 (64-bit)
2022-10-01 19:29:28,472 : INFO : Machine : Initialise MPF.
2022-10-01 19:29:28,620 : INFO : EventManager : Event: ======'machine_var_credits_string'====== Args={'value': 'FREE PLAY', 'prev_value': None, 'change': True}
2022-10-01 19:29:28,666 : INFO : EventManager : Event: ======'machine_var_master_volume'====== Args={'value': 0.5, 'prev_value': None, 'change': True}
2022-10-01 19:29:28,667 : INFO : EventManager : Event: ======'machine_var_player1_score'====== Args={'value': 33100, 'prev_value': None, 'change': True}
2022-10-01 19:29:28,667 : INFO : EventManager : Event: ======'machine_var_mpf_version'====== Args={'value': 'MPF v0.55.0', 'prev_value': None, 'change': True}
2022-10-01 19:29:28,667 : INFO : EventManager : Event: ======'machine_var_mpf_extended_version'====== Args={'value': 'MPF v0.55.0, Config version:5, Show version: 5, BCP version:1.1', 'prev_value': None, 'change': True}
2022-10-01 19:29:28,667 : INFO : EventManager : Event: ======'machine_var_python_version'====== Args={'value': '3.8.10', 'prev_value': None, 'change': True}
2022-10-01 19:29:28,677 : INFO : EventManager : Event: ======'machine_var_platform'====== Args={'value': 'Windows-10-10.0.19044-SP0', 'prev_value': None, 'change': True}
2022-10-01 19:29:28,678 : INFO : EventManager : Event: ======'machine_var_platform_system'====== Args={'value': 'Windows', 'prev_value': None, 'change': True}
2022-10-01 19:29:28,678 : INFO : EventManager : Event: ======'machine_var_platform_release'====== Args={'value': '10', 'prev_value': None, 'change': True}
2022-10-01 19:29:28,678 : INFO : EventManager : Event: ======'machine_var_platform_version'====== Args={'value': '10.0.19044', 'prev_value': None, 'change': True}
2022-10-01 19:29:28,678 : INFO : EventManager : Event: ======'machine_var_platform_machine'====== Args={'value': 'AMD64', 'prev_value': None, 'change': True}
2022-10-01 19:29:28,678 : INFO : EventManager : Event: ======'init_phase_1'====== Args={}
2022-10-01 19:29:28,697 : INFO : EventManager : Event: ======'drop_target_bank_db_dropbank_up'====== Args={}
2022-10-01 19:29:28,698 : INFO : EventManager : Event: ======'init_phase_2'====== Args={}
2022-10-01 19:29:28,698 : INFO : SwitchController : Found active switch: ('2-0-19', <Platform.SmartVirtual>) <switch.s_trough1>
2022-10-01 19:29:28,698 : INFO : SwitchController : Found active switch: ('2-0-20', <Platform.SmartVirtual>) <switch.s_trough2>
2022-10-01 19:29:28,698 : INFO : SwitchController : Found active switch: ('2-0-21', <Platform.SmartVirtual>) <switch.s_trough3>
2022-10-01 19:29:28,698 : INFO : SwitchController : Found active switch: ('2-0-22', <Platform.SmartVirtual>) <switch.s_trough4>
2022-10-01 19:29:28,701 : INFO : EventManager : Event: ======'bcp_connection_attempt'====== Args={'name': 'local_display', 'host': 'localhost', 'port': 5050}
2022-10-01 19:29:28,703 : INFO : BCPClientSocket : Connecting BCP to 'local_display' at localhost:5050...
2022-10-01 19:29:30,740 : INFO : BCPClientSocket : Connected BCP to 'local_display' localhost:5050
2022-10-01 19:29:30,741 : INFO : EventManager : Event: ======'bcp_clients_connected'====== Args={}
2022-10-01 19:29:30,753 : INFO : ball_device.bd_trough : BCH: Initial count: 4
2022-10-01 19:29:30,755 : INFO : EventManager : Event: ======'machine_var_mc_version'====== Args={'value': 'MPF-MC v0.55.0', 'prev_value': None, 'change': True}
2022-10-01 19:29:30,755 : INFO : EventManager : Event: ======'machine_var_mc_extended_version'====== Args={'value': 'MPF-MC v0.55.0 (config_version=5, BCP v1.1, Requires MPF v0.55.0-dev.49)', 'prev_value': None, 'change': True}
2022-10-01 19:29:30,757 : INFO : ball_device.bd_trough : State: idle
2022-10-01 19:29:30,768 : INFO : ball_device.bd_plunger : BCH: Initial count: 0
2022-10-01 19:29:30,768 : INFO : ball_device.bd_plunger : State: idle
2022-10-01 19:29:30,768 : INFO : ball_device.bd_vukmid : BCH: Initial count: 0
2022-10-01 19:29:30,769 : INFO : ball_device.bd_vukmid : State: idle
2022-10-01 19:29:30,769 : INFO : ball_device.bd_vuktop : BCH: Initial count: 0
2022-10-01 19:29:30,769 : INFO : ball_device.bd_vuktop : State: idle
2022-10-01 19:29:30,851 : INFO : EventManager : Event: ======'init_phase_3'====== Args={}
2022-10-01 19:29:30,859 : INFO : EventManager : Event: ======'init_phase_4'====== Args={}
2022-10-01 19:29:30,859 : INFO : EventManager : Event: ======'playfield_active'====== Args={}
2022-10-01 19:29:30,859 : INFO : EventManager : Event: ======'unexpected_ball_on_playfield'====== Args={}
2022-10-01 19:29:30,859 : INFO : EventManager : Event: ======'playfield_active'====== Args={}
2022-10-01 19:29:30,859 : INFO : EventManager : Event: ======'unexpected_ball_on_playfield'====== Args={}
2022-10-01 19:29:30,860 : INFO : EventManager : Event: ======'playfield_active'====== Args={}
2022-10-01 19:29:30,860 : INFO : EventManager : Event: ======'unexpected_ball_on_playfield'====== Args={}
2022-10-01 19:29:30,861 : INFO : BallController : Initial balls found: 4
2022-10-01 19:29:30,863 : INFO : EventManager : Event: ======'machine_var_audits_events_game_ended'====== Args={'value': 0, 'prev_value': None, 'change': True}
2022-10-01 19:29:30,863 : INFO : EventManager : Event: ======'machine_var_audits_events_game_started'====== Args={'value': 0, 'prev_value': None, 'change': True}
2022-10-01 19:29:30,863 : INFO : EventManager : Event: ======'machine_var_audits_player_score'====== Args={'value': {'average': 26575.0, 'top': [41000, 33100, 31800, 31200, 27600, 20200, 17500, 10200], 'total': 8}, 'prev_value': None, 'change': True}
2022-10-01 19:29:30,864 : INFO : EventManager : Event: ======'machine_var_audits_shots_lane_top_1'====== Args={'value': 111, 'prev_value': None, 'change': True}
2022-10-01 19:29:30,864 : INFO : EventManager : Event: ======'machine_var_audits_shots_lane_top_2'====== Args={'value': 107, 'prev_value': None, 'change': True}
2022-10-01 19:29:30,864 : INFO : EventManager : Event: ======'machine_var_audits_shots_lane_top_3'====== Args={'value': 87, 'prev_value': None, 'change': True}
2022-10-01 19:29:30,864 : INFO : EventManager : Event: ======'machine_var_audits_shots_orbit'====== Args={'value': 23, 'prev_value': None, 'change': True}
2022-10-01 19:29:30,865 : INFO : EventManager : Event: ======'machine_var_audits_shots_spinner'====== Args={'value': 178, 'prev_value': None, 'change': True}
2022-10-01 19:29:30,865 : INFO : EventManager : Event: ======'machine_var_audits_switches_s_bottomlane1'====== Args={'value': 8, 'prev_value': None, 'change': True}
2022-10-01 19:29:30,865 : INFO : EventManager : Event: ======'machine_var_audits_switches_s_bottomlane2'====== Args={'value': 23, 'prev_value': None, 'change': True}
2022-10-01 19:29:30,865 : INFO : EventManager : Event: ======'machine_var_audits_switches_s_bottomlane3'====== Args={'value': 20, 'prev_value': None, 'change': True}
2022-10-01 19:29:30,866 : INFO : EventManager : Event: ======'machine_var_audits_switches_s_bottomlane4'====== Args={'value': 29, 'prev_value': None, 'change': True}
2022-10-01 19:29:30,866 : INFO : EventManager : Event: ======'machine_var_audits_switches_s_bottomlane5'====== Args={'value': 2, 'prev_value': None, 'change': True}
2022-10-01 19:29:30,866 : INFO : EventManager : Event: ======'machine_var_audits_switches_s_drop1'====== Args={'value': 33, 'prev_value': None, 'change': True}
2022-10-01 19:29:30,867 : INFO : EventManager : Event: ======'machine_var_audits_switches_s_drop2'====== Args={'value': 15, 'prev_value': None, 'change': True}
2022-10-01 19:29:30,867 : INFO : EventManager : Event: ======'machine_var_audits_switches_s_drop3'====== Args={'value': 13, 'prev_value': None, 'change': True}
2022-10-01 19:29:30,867 : INFO : EventManager : Event: ======'machine_var_audits_switches_s_launch'====== Args={'value': 11, 'prev_value': None, 'change': True}
2022-10-01 19:29:30,867 : INFO : EventManager : Event: ======'machine_var_audits_switches_s_left01'====== Args={'value': 26, 'prev_value': None, 'change': True}
2022-10-01 19:29:30,867 : INFO : EventManager : Event: ======'machine_var_audits_switches_s_left02'====== Args={'value': 27, 'prev_value': None, 'change': True}
2022-10-01 19:29:30,867 : INFO : EventManager : Event: ======'machine_var_audits_switches_s_left03'====== Args={'value': 20, 'prev_value': None, 'change': True}
2022-10-01 19:29:30,868 : INFO : EventManager : Event: ======'machine_var_audits_switches_s_left_sling'====== Args={'value': 30, 'prev_value': None, 'change': True}
2022-10-01 19:29:30,868 : INFO : EventManager : Event: ======'machine_var_audits_switches_s_orbit1'====== Args={'value': 45, 'prev_value': None, 'change': True}
2022-10-01 19:29:30,868 : INFO : EventManager : Event: ======'machine_var_audits_switches_s_orbit2'====== Args={'value': 0, 'prev_value': None, 'change': True}
2022-10-01 19:29:30,868 : INFO : EventManager : Event: ======'machine_var_audits_switches_s_plunger_lane'====== Args={'value': 84, 'prev_value': None, 'change': True}
2022-10-01 19:29:30,868 : INFO : EventManager : Event: ======'machine_var_audits_switches_s_popbumber_1'====== Args={'value': 52, 'prev_value': None, 'change': True}
2022-10-01 19:29:30,869 : INFO : EventManager : Event: ======'machine_var_audits_switches_s_popbumber_2'====== Args={'value': 82, 'prev_value': None, 'change': True}
2022-10-01 19:29:30,869 : INFO : EventManager : Event: ======'machine_var_audits_switches_s_popbumber_3'====== Args={'value': 31, 'prev_value': None, 'change': True}
2022-10-01 19:29:30,869 : INFO : EventManager : Event: ======'machine_var_audits_switches_s_ramp'====== Args={'value': 34, 'prev_value': None, 'change': True}
2022-10-01 19:29:30,869 : INFO : EventManager : Event: ======'machine_var_audits_switches_s_right_sling'====== Args={'value': 61, 'prev_value': None, 'change': True}
2022-10-01 19:29:30,869 : INFO : EventManager : Event: ======'machine_var_audits_switches_s_rigth01'====== Args={'value': 54, 'prev_value': None, 'change': True}
2022-10-01 19:29:30,870 : INFO : EventManager : Event: ======'machine_var_audits_switches_s_rigth02'====== Args={'value': 23, 'prev_value': None, 'change': True}
2022-10-01 19:29:30,870 : INFO : EventManager : Event: ======'machine_var_audits_switches_s_rigth03'====== Args={'value': 14, 'prev_value': None, 'change': True}
2022-10-01 19:29:30,870 : INFO : EventManager : Event: ======'machine_var_audits_switches_s_spinner'====== Args={'value': 271, 'prev_value': None, 'change': True}
2022-10-01 19:29:30,870 : INFO : EventManager : Event: ======'machine_var_audits_switches_s_start'====== Args={'value': 0, 'prev_value': None, 'change': True}
2022-10-01 19:29:30,870 : INFO : EventManager : Event: ======'machine_var_audits_switches_s_top'====== Args={'value': 11, 'prev_value': None, 'change': True}
2022-10-01 19:29:30,870 : INFO : EventManager : Event: ======'machine_var_audits_switches_s_toplane1'====== Args={'value': 198, 'prev_value': None, 'change': True}
2022-10-01 19:29:30,870 : INFO : EventManager : Event: ======'machine_var_audits_switches_s_toplane2'====== Args={'value': 114, 'prev_value': None, 'change': True}
2022-10-01 19:29:30,871 : INFO : EventManager : Event: ======'machine_var_audits_switches_s_toplane3'====== Args={'value': 94, 'prev_value': None, 'change': True}
2022-10-01 19:29:30,871 : INFO : EventManager : Event: ======'machine_var_audits_switches_s_trough1'====== Args={'value': 31, 'prev_value': None, 'change': True}
2022-10-01 19:29:30,871 : INFO : EventManager : Event: ======'machine_var_audits_switches_s_trough2'====== Args={'value': 34, 'prev_value': None, 'change': True}
2022-10-01 19:29:30,871 : INFO : EventManager : Event: ======'machine_var_audits_switches_s_trough3'====== Args={'value': 26, 'prev_value': None, 'change': True}
2022-10-01 19:29:30,871 : INFO : EventManager : Event: ======'machine_var_audits_switches_s_trough4'====== Args={'value': 39, 'prev_value': None, 'change': True}
2022-10-01 19:29:30,871 : INFO : EventManager : Event: ======'machine_var_audits_switches_s_trough5'====== Args={'value': 25, 'prev_value': None, 'change': True}
2022-10-01 19:29:30,872 : INFO : EventManager : Event: ======'machine_var_audits_switches_s_trough6'====== Args={'value': 24, 'prev_value': None, 'change': True}
2022-10-01 19:29:30,872 : INFO : EventManager : Event: ======'machine_var_audits_switches_s_trough_jam'====== Args={'value': 26, 'prev_value': None, 'change': True}
2022-10-01 19:29:30,872 : INFO : EventManager : Event: ======'machine_var_audits_switches_s_vukmid'====== Args={'value': 30, 'prev_value': None, 'change': True}
2022-10-01 19:29:30,872 : INFO : EventManager : Event: ======'machine_var_audits_switches_s_vuktop'====== Args={'value': 9, 'prev_value': None, 'change': True}
2022-10-01 19:29:30,873 : INFO : EventManager : Event: ======'init_phase_5'====== Args={}
2022-10-01 19:29:30,883 : INFO : EventManager : Event: ======'init_done'====== Args={}
2022-10-01 19:29:30,884 : INFO : EventManager : Event: ======'machine_reset_phase_1'====== Args={}
2022-10-01 19:29:30,888 : INFO : EventManager : Event: ======'slide_welcome_slide_removed'====== Args={'_from_bcp': True}
2022-10-01 19:29:30,890 : INFO : EventManager : Event: ======'slide_welcome_slide_created'====== Args={'_from_bcp': True}
2022-10-01 19:29:30,892 : INFO : EventManager : Event: ======'machine_reset_phase_2'====== Args={}
2022-10-01 19:29:30,892 : INFO : EventManager : Event: ======'machine_reset_phase_3'====== Args={}
2022-10-01 19:29:30,892 : INFO : drop_target_bank.db_dropbank : All targets are already up. Will not reset bank.
2022-10-01 19:29:30,892 : INFO : EventManager : Event: ======'reset_complete'====== Args={}
2022-10-01 19:29:30,892 : INFO : EventManager : Event: ======'mode_attract_will_start'====== Args={}
2022-10-01 19:29:30,893 : INFO : EventManager : Event: ======'mode_attract_starting'====== Args={}
2022-10-01 19:29:30,893 : INFO : Mode.attract : Started. Priority: 10
2022-10-01 19:29:30,893 : INFO : EventManager : Event: ======'modes_active_modes_changed'====== Args={}
2022-10-01 19:29:30,893 : INFO : EventManager : Event: ======'mode_attract_started'====== Args={}
2022-10-01 19:29:30,894 : INFO : EventManager : Event: ======'collecting_balls_complete'====== Args={}
2022-10-01 19:29:30,913 : INFO : EventManager : Event: ======'slide_welcome_slide_active'====== Args={'_from_bcp': True}
2022-10-01 19:29:30,913 : INFO : EventManager : Event: ======'slide_awesome_slide_created'====== Args={'_from_bcp': True}
2022-10-01 19:29:30,913 : INFO : EventManager : Event: ======'slide_awesome_slide_active'====== Args={'_from_bcp': True}
2022-10-01 19:29:30,914 : INFO : Machine : Starting the main run loop.
2022-10-01 19:29:31,100 : INFO : BcpServer : New client connected.
2022-10-01 19:29:32,412 : INFO : SwitchController : <<<<<<< 's_start' active >>>>>>>
2022-10-01 19:29:32,498 : INFO : SwitchController : <<<<<<< 's_start' inactive >>>>>>>
2022-10-01 19:29:32,499 : INFO : EventManager : Event: ======'request_to_start_game'====== Args={}
2022-10-01 19:29:32,500 : INFO : EventManager : Event: ======'game_start'====== Args={'buttons': [], 'hold_time': 0.0940000000409782}
2022-10-01 19:29:32,500 : INFO : EventManager : Event: ======'mode_game_will_start'====== Args={'buttons': [], 'hold_time': 0.0940000000409782}
2022-10-01 19:29:32,502 : INFO : EventManager : Event: ======'mode_game_starting'====== Args={'buttons': [], 'hold_time': 0.0940000000409782}
2022-10-01 19:29:32,502 : INFO : EventManager : Event: ======'mode_attract_will_stop'====== Args={}
2022-10-01 19:29:32,503 : INFO : EventManager : Event: ======'mode_attract_stopping'====== Args={}
2022-10-01 19:29:32,503 : INFO : Mode.attract : Stopped.
2022-10-01 19:29:32,503 : INFO : EventManager : Event: ======'modes_active_modes_changed'====== Args={}
2022-10-01 19:29:32,504 : INFO : EventManager : Event: ======'mode_attract_stopped'====== Args={}
2022-10-01 19:29:32,505 : INFO : EventManager : Event: ======'clear'====== Args={'key': 'attract'}
2022-10-01 19:29:32,506 : INFO : Mode.game : Started. Priority: 20
2022-10-01 19:29:32,506 : INFO : EventManager : Event: ======'modes_active_modes_changed'====== Args={}
2022-10-01 19:29:32,507 : INFO : EventManager : Event: ======'mode_game_started'====== Args={'buttons': [], 'hold_time': 0.0940000000409782}
2022-10-01 19:29:32,520 : INFO : EventManager : Event: ======'game_will_start'====== Args={}
2022-10-01 19:29:32,532 : INFO : EventManager : Event: ======'game_starting'====== Args={'game': <Mode.game>}
2022-10-01 19:29:32,532 : INFO : EventManager : Event: ======'slide_awesome_slide_removed'====== Args={'_from_bcp': True}
2022-10-01 19:29:32,533 : INFO : EventManager : Event: ======'slide_welcome_slide_active'====== Args={'_from_bcp': True}
2022-10-01 19:29:32,533 : INFO : EventManager : Event: ======'player_add_request'====== Args={}
2022-10-01 19:29:32,534 : INFO : EventManager : Event: ======'player_will_add'====== Args={'number': 1}
2022-10-01 19:29:32,534 : INFO : EventManager : Event: ======'player_adding'====== Args={'player': <Player 1>, 'number': 1}
2022-10-01 19:29:32,534 : INFO : EventManager : Event: ======'player_added'====== Args={'player': <Player 1>, 'num': 1}
2022-10-01 19:29:32,535 : INFO : Mode.game : Player added successfully. Total players: 1
2022-10-01 19:29:32,536 : INFO : EventManager : Event: ======'player_index'====== Args={'value': 0, 'prev_value': 0, 'change': 0, 'player_num': 1}
2022-10-01 19:29:32,536 : INFO : EventManager : Event: ======'player_number'====== Args={'value': 1, 'prev_value': 1, 'change': 0, 'player_num': 1}
2022-10-01 19:29:32,536 : INFO : EventManager : Event: ======'player_score'====== Args={'value': 0, 'prev_value': 0, 'change': 0, 'player_num': 1}
2022-10-01 19:29:32,538 : INFO : EventManager : Event: ======'game_started'====== Args={}
2022-10-01 19:29:32,552 : INFO : EventManager : Event: ======'player_turn_will_start'====== Args={'player': <Player 1>, 'number': 1}
2022-10-01 19:29:32,553 : INFO : EventManager : Event: ======'player_turn_starting'====== Args={'player': <Player 1>, 'number': 1}
2022-10-01 19:29:32,554 : INFO : EventManager : Event: ======'player_ball'====== Args={'value': 1, 'prev_value': 0, 'change': 1, 'player_num': 1}
2022-10-01 19:29:32,554 : INFO : EventManager : Event: ======'player_turn_started'====== Args={'player': <Player 1>, 'number': 1}
2022-10-01 19:29:32,555 : INFO : EventManager : Event: ======'ball_will_start'====== Args={'player': 1, 'ball': 1, 'balls_remaining': 2, 'is_extra_ball': False}
2022-10-01 19:29:32,559 : INFO : EventManager : Event: ======'ball_starting'====== Args={'player': 1, 'ball': 1, 'balls_remaining': 2, 'is_extra_ball': False}
2022-10-01 19:29:32,560 : INFO : EventManager : Event: ======'mode_orbit_will_start'====== Args={'queue': <QueuedEvent>, 'player': 1, 'ball': 1, 'balls_remaining': 2, 'is_extra_ball': False}
2022-10-01 19:29:32,560 : INFO : EventManager : Event: ======'player_shot_spinner_enabled'====== Args={'value': True, 'prev_value': 0, 'change': 1, 'player_num': 1}
2022-10-01 19:29:32,561 : INFO : EventManager : Event: ======'player_shot_orbit_enabled'====== Args={'value': True, 'prev_value': 0, 'change': 1, 'player_num': 1}
2022-10-01 19:29:32,561 : INFO : EventManager : Event: ======'mode_orbit_starting'====== Args={'queue': <QueuedEvent>, 'player': 1, 'ball': 1, 'balls_remaining': 2, 'is_extra_ball': False}
2022-10-01 19:29:32,561 : INFO : EventManager : Event: ======'mode_base_will_start'====== Args={'queue': <QueuedEvent>, 'player': 1, 'ball': 1, 'balls_remaining': 2, 'is_extra_ball': False}
2022-10-01 19:29:32,562 : INFO : EventManager : Event: ======'mode_base_starting'====== Args={'queue': <QueuedEvent>, 'player': 1, 'ball': 1, 'balls_remaining': 2, 'is_extra_ball': False}
2022-10-01 19:29:32,562 : INFO : drop_target_bank.db_dropbank : All targets are already up. Will not reset bank.
2022-10-01 19:29:32,562 : INFO : Mode.base : Started. Priority: 100
2022-10-01 19:29:32,562 : INFO : EventManager : Event: ======'modes_active_modes_changed'====== Args={}
2022-10-01 19:29:32,562 : INFO : EventManager : Event: ======'mode_base_started'====== Args={'queue': <QueuedEvent>, 'player': 1, 'ball': 1, 'balls_remaining': 2, 'is_extra_ball': False}
2022-10-01 19:29:32,563 : INFO : Mode.orbit : Started. Priority: 101
2022-10-01 19:29:32,563 : INFO : EventManager : Event: ======'modes_active_modes_changed'====== Args={}
2022-10-01 19:29:32,563 : INFO : EventManager : Event: ======'mode_orbit_started'====== Args={'queue': <QueuedEvent>, 'player': 1, 'ball': 1, 'balls_remaining': 2, 'is_extra_ball': False}
2022-10-01 19:29:32,565 : INFO : EventManager : Event: ======'balls_in_play'====== Args={'balls': 1}
2022-10-01 19:29:32,565 : INFO : EventManager : Event: ======'ball_started'====== Args={'player': 1, 'ball': 1, 'balls_remaining': 2, 'is_extra_ball': False}
2022-10-01 19:29:32,565 : INFO : EventManager : Event: ======'mode_lanes_will_start'====== Args={'player': 1, 'ball': 1, 'balls_remaining': 2, 'is_extra_ball': False}
2022-10-01 19:29:32,566 : INFO : EventManager : Event: ======'player_shot_lane_top_1_enabled'====== Args={'value': True, 'prev_value': 0, 'change': 1, 'player_num': 1}
2022-10-01 19:29:32,566 : INFO : EventManager : Event: ======'player_shot_lane_top_2_enabled'====== Args={'value': True, 'prev_value': 0, 'change': 1, 'player_num': 1}
2022-10-01 19:29:32,567 : INFO : EventManager : Event: ======'player_shot_lane_top_3_enabled'====== Args={'value': True, 'prev_value': 0, 'change': 1, 'player_num': 1}
2022-10-01 19:29:32,567 : INFO : EventManager : Event: ======'lanes_top_complete'====== Args={'state': 'unlit'}
2022-10-01 19:29:32,567 : INFO : EventManager : Event: ======'lanes_top_unlit_complete'====== Args={}
2022-10-01 19:29:32,568 : INFO : EventManager : Event: ======'mode_lanes_starting'====== Args={'player': 1, 'ball': 1, 'balls_remaining': 2, 'is_extra_ball': False}
2022-10-01 19:29:32,587 : INFO : EventManager : Event: ======'logicblock_lane_top_count_updated'====== Args={'value': 1, 'enabled': True}
2022-10-01 19:29:32,587 : INFO : EventManager : Event: ======'logicblock_lane_top_count_updated'====== Args={'value': 1, 'enabled': True}
2022-10-01 19:29:32,587 : INFO : Mode.lanes : Started. Priority: 110
2022-10-01 19:29:32,587 : INFO : EventManager : Event: ======'modes_active_modes_changed'====== Args={}
2022-10-01 19:29:32,587 : INFO : EventManager : Event: ======'mode_lanes_started'====== Args={'player': 1, 'ball': 1, 'balls_remaining': 2, 'is_extra_ball': False}
2022-10-01 19:29:32,588 : INFO : EventManager : Event: ======'single_player_ball_started'====== Args={}
2022-10-01 19:29:32,589 : INFO : EventManager : Event: ======'player_pf_multiplier'====== Args={'value': 1, 'prev_value': 0, 'change': 1, 'player_num': 1}
2022-10-01 19:29:32,590 : INFO : EventManager : Event: ======'slide_base.slide_player-mode_base_started_created'====== Args={'_from_bcp': True}
2022-10-01 19:29:32,591 : INFO : EventManager : Event: ======'slide_base.slide_player-mode_base_started_active'====== Args={'_from_bcp': True}
2022-10-01 19:29:32,592 : INFO : EventManager : Event: ======'ball_start_target'====== Args={'target': 'playfield'}
2022-10-01 19:29:32,606 : INFO : ball_device.bd_plunger : Setting up player-controlled eject. Balls: 1, Target: <playfield.playfield>, player_controlled_eject_event: s_launch_active
2022-10-01 19:29:32,607 : INFO : EventManager : Event: ======'balldevice_balls_available'====== Args={}
2022-10-01 19:29:32,608 : INFO : ball_device.bd_trough : State: waiting_for_target_ready
2022-10-01 19:29:32,608 : INFO : EventManager : Event: ======'balldevice_bd_trough_ball_eject_attempt'====== Args={'balls': 1, 'target': <ball_device.bd_plunger>, 'source': <ball_device.bd_trough>, 'mechanical_eject': True, 'num_attempts': 0}
2022-10-01 19:29:32,608 : INFO : ball_device.bd_plunger : State: waiting_for_ball
2022-10-01 19:29:32,609 : INFO : ball_device.bd_trough : State: ejecting
2022-10-01 19:29:32,610 : INFO : ball_device.bd_trough : Ejecting ball to <ball_device.bd_plunger>
2022-10-01 19:29:32,610 : INFO : EventManager : Event: ======'balldevice_bd_trough_ejecting_ball'====== Args={'balls': 1, 'target': <ball_device.bd_plunger>, 'source': <ball_device.bd_trough>, 'mechanical_eject': True, 'num_attempts': 0}
2022-10-01 19:29:32,611 : INFO : ball_device.bd_trough : Wait for ball to leave device
2022-10-01 19:29:32,611 : INFO : coil.c_trough_eject : Pulsing Driver for 25ms (1.0 pulse_power)
2022-10-01 19:29:32,611 : INFO : SwitchController : <<<<<<< 's_trough1' inactive >>>>>>>
2022-10-01 19:29:32,616 : INFO : ball_device.bd_trough : State: ball_left
2022-10-01 19:29:32,616 : INFO : ball_device.bd_trough : Ball left
2022-10-01 19:29:32,616 : INFO : ball_device.bd_trough : Wait for confirm with timeout 10.0
2022-10-01 19:29:32,705 : INFO : SwitchController : <<<<<<< 's_plunger_lane' active >>>>>>>
2022-10-01 19:29:32,706 : INFO : EventManager : Event: ======'machine_var_audits_switches_s_plunger_lane'====== Args={'value': 85, 'prev_value': 84, 'change': 1}
2022-10-01 19:29:33,206 : INFO : ball_device.bd_plunger : Received ball from <ball_device.bd_trough>
2022-10-01 19:29:33,206 : INFO : EventManager : Event: ======'balldevice_bd_plunger_ball_enter'====== Args={'new_balls': 1, 'unclaimed_balls': 0, 'new_available_balls': 0, 'device': <ball_device.bd_plunger>}
2022-10-01 19:29:33,207 : INFO : EventManager : Event: ======'balldevice_bd_plunger_ball_entered'====== Args={'new_balls': 0, 'device': <ball_device.bd_plunger>}
2022-10-01 19:29:33,208 : INFO : EventManager : Event: ======'balldevice_bd_plunger_ball_count_changed'====== Args={'balls': 1}
2022-10-01 19:29:33,209 : INFO : ball_device.bd_trough : Got eject confirm
2022-10-01 19:29:33,209 : INFO : ball_device.bd_trough : Eject successful
2022-10-01 19:29:33,209 : INFO : EventManager : Event: ======'balldevice_bd_trough_ball_eject_success'====== Args={'balls': 1, 'target': <ball_device.bd_plunger>}
2022-10-01 19:29:33,210 : INFO : EventManager : Event: ======'balldevice_bd_trough_ball_count_changed'====== Args={'balls': 3}
2022-10-01 19:29:33,210 : INFO : ball_device.bd_trough : State: idle
2022-10-01 19:29:33,211 : INFO : ball_device.bd_plunger : State: waiting_for_target_ready
2022-10-01 19:29:33,211 : INFO : EventManager : Event: ======'balldevice_bd_plunger_ball_eject_attempt'====== Args={'balls': 1, 'target': <playfield.playfield>, 'source': <ball_device.bd_plunger>, 'mechanical_eject': True, 'num_attempts': 0}
2022-10-01 19:29:33,212 : INFO : ball_device.bd_plunger : State: ejecting
2022-10-01 19:29:33,213 : INFO : ball_device.bd_plunger : Ejecting ball to <playfield.playfield>
2022-10-01 19:29:33,213 : INFO : EventManager : Event: ======'balldevice_bd_plunger_ejecting_ball'====== Args={'balls': 1, 'target': <playfield.playfield>, 'source': <ball_device.bd_plunger>, 'mechanical_eject': True, 'num_attempts': 0}
2022-10-01 19:29:33,215 : INFO : ball_device.bd_plunger : Wait for ball to leave device
2022-10-01 19:29:34,636 : INFO : SwitchController : <<<<<<< 's_plunger_lane' inactive >>>>>>>
2022-10-01 19:29:34,643 : INFO : ball_device.bd_plunger : State: ball_left
2022-10-01 19:29:34,644 : INFO : ball_device.bd_plunger : Ball left
2022-10-01 19:29:34,644 : INFO : ball_device.bd_plunger : Wait for confirm with timeout 10.0
2022-10-01 19:29:40,795 : INFO : SwitchController : <<<<<<< 's_toplane1' active >>>>>>>
2022-10-01 19:29:40,795 : INFO : EventManager : Event: ======'playfield_active'====== Args={}
2022-10-01 19:29:40,795 : INFO : EventManager : Event: ======'s_toplane1_active'====== Args={}
2022-10-01 19:29:40,796 : INFO : EventManager : Event: ======'machine_var_audits_switches_s_toplane1'====== Args={'value': 199, 'prev_value': 198, 'change': 1}
2022-10-01 19:29:40,808 : INFO : EventManager : Event: ======'player_shot_lane_top_1'====== Args={'value': 1, 'prev_value': 0, 'change': 1, 'player_num': 1}
2022-10-01 19:29:40,808 : INFO : EventManager : Event: ======'machine_var_audits_shots_lane_top_1'====== Args={'value': 112, 'prev_value': 111, 'change': 1}
2022-10-01 19:29:40,809 : INFO : EventManager : Event: ======'lane_top_1_hit'====== Args={'profile': 'default', 'state': 'unlit', 'advancing': True}
2022-10-01 19:29:40,809 : INFO : EventManager : Event: ======'lane_top_1_default_hit'====== Args={'profile': 'default', 'state': 'unlit', 'advancing': True}
2022-10-01 19:29:40,810 : INFO : EventManager : Event: ======'lane_top_1_default_unlit_hit'====== Args={'profile': 'default', 'state': 'unlit', 'advancing': True}
2022-10-01 19:29:40,810 : INFO : EventManager : Event: ======'lane_top_1_unlit_hit'====== Args={'profile': 'default', 'state': 'unlit', 'advancing': True}
2022-10-01 19:29:40,810 : INFO : EventManager : Event: ======'lanes_top_hit'====== Args={}
2022-10-01 19:29:40,810 : INFO : EventManager : Event: ======'lanes_top_unlit_hit'====== Args={}
2022-10-01 19:29:40,817 : INFO : ball_device.bd_plunger : Got eject confirm
2022-10-01 19:29:40,817 : INFO : ball_device.bd_plunger : Eject successful
2022-10-01 19:29:40,818 : INFO : EventManager : Event: ======'balldevice_bd_plunger_ball_eject_success'====== Args={'balls': 1, 'target': <playfield.playfield>}
2022-10-01 19:29:40,818 : INFO : EventManager : Event: ======'balldevice_playfield_ball_enter'====== Args={'new_balls': 1, 'unclaimed_balls': 1, 'device': <playfield.playfield>}
2022-10-01 19:29:40,818 : INFO : EventManager : Event: ======'playfield_ball_count_change'====== Args={'balls': 1, 'change': 1}
2022-10-01 19:29:40,819 : INFO : EventManager : Event: ======'balldevice_bd_plunger_ball_count_changed'====== Args={'balls': 0}
2022-10-01 19:29:40,820 : INFO : ball_device.bd_plunger : State: idle
2022-10-01 19:29:40,952 : INFO : SwitchController : <<<<<<< 's_toplane1' inactive >>>>>>>
2022-10-01 19:29:42,713 : INFO : SwitchController : <<<<<<< 's_toplane2' active >>>>>>>
2022-10-01 19:29:42,713 : INFO : EventManager : Event: ======'s_toplane2_active'====== Args={}
2022-10-01 19:29:42,713 : INFO : EventManager : Event: ======'machine_var_audits_switches_s_toplane2'====== Args={'value': 115, 'prev_value': 114, 'change': 1}
2022-10-01 19:29:42,715 : INFO : EventManager : Event: ======'player_shot_lane_top_2'====== Args={'value': 1, 'prev_value': 0, 'change': 1, 'player_num': 1}
2022-10-01 19:29:42,716 : INFO : EventManager : Event: ======'machine_var_audits_shots_lane_top_2'====== Args={'value': 108, 'prev_value': 107, 'change': 1}
2022-10-01 19:29:42,717 : INFO : EventManager : Event: ======'lane_top_2_hit'====== Args={'profile': 'default', 'state': 'unlit', 'advancing': True}
2022-10-01 19:29:42,717 : INFO : EventManager : Event: ======'lane_top_2_default_hit'====== Args={'profile': 'default', 'state': 'unlit', 'advancing': True}
2022-10-01 19:29:42,717 : INFO : EventManager : Event: ======'lane_top_2_default_unlit_hit'====== Args={'profile': 'default', 'state': 'unlit', 'advancing': True}
2022-10-01 19:29:42,717 : INFO : EventManager : Event: ======'lane_top_2_unlit_hit'====== Args={'profile': 'default', 'state': 'unlit', 'advancing': True}
2022-10-01 19:29:42,718 : INFO : EventManager : Event: ======'lanes_top_hit'====== Args={}
2022-10-01 19:29:42,718 : INFO : EventManager : Event: ======'lanes_top_unlit_hit'====== Args={}
2022-10-01 19:29:42,836 : INFO : SwitchController : <<<<<<< 's_toplane2' inactive >>>>>>>
2022-10-01 19:29:44,657 : INFO : SwitchController : <<<<<<< 's_toplane3' active >>>>>>>
2022-10-01 19:29:44,657 : INFO : EventManager : Event: ======'s_toplane3_active'====== Args={}
2022-10-01 19:29:44,657 : INFO : EventManager : Event: ======'machine_var_audits_switches_s_toplane3'====== Args={'value': 95, 'prev_value': 94, 'change': 1}
2022-10-01 19:29:44,668 : INFO : EventManager : Event: ======'player_shot_lane_top_3'====== Args={'value': 1, 'prev_value': 0, 'change': 1, 'player_num': 1}
2022-10-01 19:29:44,669 : INFO : EventManager : Event: ======'machine_var_audits_shots_lane_top_3'====== Args={'value': 88, 'prev_value': 87, 'change': 1}
2022-10-01 19:29:44,670 : INFO : EventManager : Event: ======'lane_top_3_hit'====== Args={'profile': 'default', 'state': 'unlit', 'advancing': True}
2022-10-01 19:29:44,670 : INFO : EventManager : Event: ======'lane_top_3_default_hit'====== Args={'profile': 'default', 'state': 'unlit', 'advancing': True}
2022-10-01 19:29:44,671 : INFO : EventManager : Event: ======'lane_top_3_default_unlit_hit'====== Args={'profile': 'default', 'state': 'unlit', 'advancing': True}
2022-10-01 19:29:44,671 : INFO : EventManager : Event: ======'lane_top_3_unlit_hit'====== Args={'profile': 'default', 'state': 'unlit', 'advancing': True}
2022-10-01 19:29:44,672 : INFO : EventManager : Event: ======'lanes_top_complete'====== Args={'state': 'lit'}
2022-10-01 19:29:44,673 : INFO : EventManager : Event: ======'lanes_top_lit_complete'====== Args={}
2022-10-01 19:29:44,673 : INFO : EventManager : Event: ======'lanes_top_hit'====== Args={}
2022-10-01 19:29:44,674 : INFO : EventManager : Event: ======'lanes_top_unlit_hit'====== Args={}
2022-10-01 19:29:44,674 : INFO : EventManager : Event: ======'player_score'====== Args={'value': 1000, 'prev_value': 0, 'change': 1000, 'player_num': 1}
2022-10-01 19:29:44,675 : INFO : EventManager : Event: ======'logicblock_lane_top_count_updated'====== Args={'value': 2, 'enabled': True}
2022-10-01 19:29:44,676 : INFO : EventManager : Event: ======'lanes_top_done'====== Args={'count': 2}
2022-10-01 19:29:44,676 : INFO : EventManager : Event: ======'player_pf_multiplier'====== Args={'value': 2, 'prev_value': 1, 'change': 1, 'player_num': 1}
2022-10-01 19:29:44,695 : INFO : EventManager : Event: ======'slide_my_slide_created'====== Args={'_from_bcp': True}
2022-10-01 19:29:44,695 : INFO : EventManager : Event: ======'slide_my_slide_active'====== Args={'_from_bcp': True}
2022-10-01 19:29:44,730 : INFO : SwitchController : <<<<<<< 's_toplane3' inactive >>>>>>>
2022-10-01 19:29:45,673 : INFO : EventManager : Event: ======'player_shot_lane_top_1'====== Args={'value': 0, 'prev_value': 1, 'change': -1, 'player_num': 1}
2022-10-01 19:29:45,675 : INFO : EventManager : Event: ======'player_shot_lane_top_2'====== Args={'value': 0, 'prev_value': 1, 'change': -1, 'player_num': 1}
2022-10-01 19:29:45,676 : INFO : EventManager : Event: ======'player_shot_lane_top_3'====== Args={'value': 0, 'prev_value': 1, 'change': -1, 'player_num': 1}
2022-10-01 19:32:47,530 : INFO : Machine : Shutting down...
2022-10-01 19:32:47,531 : INFO : EventManager : Event: ======'shutdown'====== Args={}
2022-10-01 19:32:47,541 : INFO : root : MPF run loop ended.
