2022-10-22 18:46:13,319 : INFO : root : Loading config.
2022-10-22 18:46:13,334 : INFO : YamlMultifileConfigLoader : Machine config file #1: config.yaml
2022-10-22 18:46:13,334 : INFO : ConfigProcessor : Loading config from cache: C:\Users\dorus\AppData\Local\Temp\e2a46ea082c19f5103dd0f83869ccd8e.mpf_cache
2022-10-22 18:46:13,334 : WARNING : ConfigProcessor : Config file in cache changed: C:\Users\dorus\OneDrive\Documents\Pinball\Github\Pinball-MPF\mpfv1\config\slides.yaml
2022-10-22 18:46:13,334 : INFO : ConfigProcessor : Loading config from file C:\Users\dorus\AppData\Local\Programs\Python\Python38\lib\site-packages\mpf\mpfconfig.yaml.
2022-10-22 18:46:13,400 : INFO : ConfigProcessor : Loading config: C:\Users\dorus\AppData\Local\Programs\Python\Python38\lib\site-packages\mpf\mpfconfig.yaml
2022-10-22 18:46:13,400 : INFO : ConfigProcessor : Loading config from file C:\Users\dorus\OneDrive\Documents\Pinball\Github\Pinball-MPF\mpfv1\config\config.yaml.
2022-10-22 18:46:13,400 : INFO : ConfigProcessor : Loading config: C:\Users\dorus\OneDrive\Documents\Pinball\Github\Pinball-MPF\mpfv1\config\config.yaml
2022-10-22 18:46:13,416 : INFO : ConfigProcessor : Loading config: C:\Users\dorus\OneDrive\Documents\Pinball\Github\Pinball-MPF\mpfv1\config\hardware.yaml
2022-10-22 18:46:13,432 : INFO : ConfigProcessor : Loading config: C:\Users\dorus\OneDrive\Documents\Pinball\Github\Pinball-MPF\mpfv1\config\sounds.yaml
2022-10-22 18:46:13,432 : INFO : ConfigProcessor : Loading config: C:\Users\dorus\OneDrive\Documents\Pinball\Github\Pinball-MPF\mpfv1\config\display.yaml
2022-10-22 18:46:13,448 : INFO : ConfigProcessor : Loading config: C:\Users\dorus\OneDrive\Documents\Pinball\Github\Pinball-MPF\mpfv1\config\keyboard.yaml
2022-10-22 18:46:13,464 : INFO : ConfigProcessor : Loading config: C:\Users\dorus\OneDrive\Documents\Pinball\Github\Pinball-MPF\mpfv1\config\slides.yaml
2022-10-22 18:46:13,464 : INFO : ConfigProcessor : Loading config: C:\Users\dorus\OneDrive\Documents\Pinball\Github\Pinball-MPF\mpfv1\config\light_shows.yaml
2022-10-22 18:46:13,464 : INFO : ConfigProcessor : Config file cache created: C:\Users\dorus\AppData\Local\Temp\e2a46ea082c19f5103dd0f83869ccd8e.mpf_cache
2022-10-22 18:46:13,542 : INFO : ConfigProcessor : Loading config from cache: C:\Users\dorus\AppData\Local\Temp\69e5e641cece6cfbb9f28306d01595e4.mpf_cache
2022-10-22 18:46:13,542 : INFO : ConfigProcessor : Loading config from cache: C:\Users\dorus\AppData\Local\Temp\336e6d2601ccb63523c70814805acbf1.mpf_cache
2022-10-22 18:46:13,542 : INFO : ConfigProcessor : Loading config from cache: C:\Users\dorus\AppData\Local\Temp\8f8558ef7eb783a34103d845cb15f27a.mpf_cache
2022-10-22 18:46:13,542 : INFO : ConfigProcessor : Loading config from cache: C:\Users\dorus\AppData\Local\Temp\3f4ec0fd6e14e835699e1ee64ae7815f.mpf_cache
2022-10-22 18:46:13,542 : INFO : ConfigProcessor : Loading config from cache: C:\Users\dorus\AppData\Local\Temp\07450fdcdb716b1c510f1f1f728b03da.mpf_cache
2022-10-22 18:46:13,542 : INFO : ConfigProcessor : Loading config from cache: C:\Users\dorus\AppData\Local\Temp\26dc7d91d16a8c3848757fce5df95f92.mpf_cache
2022-10-22 18:46:13,542 : INFO : Machine : Mission Pinball Framework Core Engine v0.55.0
2022-10-22 18:46:13,542 : INFO : Machine : Command line arguments: {'no_load_cache': False, 'create_config_cache': True, 'bcp': True, 'configfile': ['config.yaml'], 'force_assets_load': False, 'jsonlogging': False, 'logfile': 'logs\\2022-10-22-18-46-13-mpf-LAPTOP-AS8QDAQG.log', 'pause': False, 'production': False, 'text_ui': True, 'loglevel': 15, 'consoleloglevel': 20, 'force_platform': 'smart_virtual', 'syslog_address': None, 'mc_file_name': None, 'no_sound': False}
2022-10-22 18:46:13,542 : INFO : Machine : MPF path: C:\Users\dorus\AppData\Local\Programs\Python\Python38\lib\site-packages\mpf
2022-10-22 18:46:13,542 : INFO : Machine : Machine path: C:\Users\dorus\OneDrive\Documents\Pinball\Github\Pinball-MPF\mpfv1
2022-10-22 18:46:13,542 : INFO : Machine : Platform: win32
2022-10-22 18:46:13,542 : INFO : Machine : Python executable location: C:\Users\dorus\AppData\Local\Programs\Python\Python38\python.exe
2022-10-22 18:46:13,542 : INFO : Machine : Python version: 3.8.10 (64-bit)
2022-10-22 18:46:13,558 : INFO : Machine : Initialise MPF.
2022-10-22 18:46:13,698 : INFO : EventManager : Event: ======'machine_var_credits_string'====== Args={'value': 'FREE PLAY', 'prev_value': None, 'change': True}
2022-10-22 18:46:13,749 : INFO : EventManager : Event: ======'machine_var_master_volume'====== Args={'value': 0.5, 'prev_value': None, 'change': True}
2022-10-22 18:46:13,749 : INFO : EventManager : Event: ======'machine_var_player1_score'====== Args={'value': 0, 'prev_value': None, 'change': True}
2022-10-22 18:46:13,749 : INFO : EventManager : Event: ======'machine_var_mpf_version'====== Args={'value': 'MPF v0.55.0', 'prev_value': None, 'change': True}
2022-10-22 18:46:13,749 : INFO : EventManager : Event: ======'machine_var_mpf_extended_version'====== Args={'value': 'MPF v0.55.0, Config version:5, Show version: 5, BCP version:1.1', 'prev_value': None, 'change': True}
2022-10-22 18:46:13,749 : INFO : EventManager : Event: ======'machine_var_python_version'====== Args={'value': '3.8.10', 'prev_value': None, 'change': True}
2022-10-22 18:46:13,759 : INFO : EventManager : Event: ======'machine_var_platform'====== Args={'value': 'Windows-10-10.0.19044-SP0', 'prev_value': None, 'change': True}
2022-10-22 18:46:13,759 : INFO : EventManager : Event: ======'machine_var_platform_system'====== Args={'value': 'Windows', 'prev_value': None, 'change': True}
2022-10-22 18:46:13,760 : INFO : EventManager : Event: ======'machine_var_platform_release'====== Args={'value': '10', 'prev_value': None, 'change': True}
2022-10-22 18:46:13,760 : INFO : EventManager : Event: ======'machine_var_platform_version'====== Args={'value': '10.0.19044', 'prev_value': None, 'change': True}
2022-10-22 18:46:13,760 : INFO : EventManager : Event: ======'machine_var_platform_machine'====== Args={'value': 'AMD64', 'prev_value': None, 'change': True}
2022-10-22 18:46:13,760 : INFO : EventManager : Event: ======'init_phase_1'====== Args={}
2022-10-22 18:46:13,779 : INFO : EventManager : Event: ======'drop_target_bank_db_dropbank_up'====== Args={}
2022-10-22 18:46:13,781 : INFO : EventManager : Event: ======'init_phase_2'====== Args={}
2022-10-22 18:46:13,781 : INFO : SwitchController : Found active switch: ('2-0-19', <Platform.SmartVirtual>) <switch.s_trough1>
2022-10-22 18:46:13,781 : INFO : SwitchController : Found active switch: ('2-0-20', <Platform.SmartVirtual>) <switch.s_trough2>
2022-10-22 18:46:13,781 : INFO : SwitchController : Found active switch: ('2-0-21', <Platform.SmartVirtual>) <switch.s_trough3>
2022-10-22 18:46:13,781 : INFO : SwitchController : Found active switch: ('2-0-22', <Platform.SmartVirtual>) <switch.s_trough4>
2022-10-22 18:46:13,784 : INFO : EventManager : Event: ======'bcp_connection_attempt'====== Args={'name': 'local_display', 'host': 'localhost', 'port': 5050}
2022-10-22 18:46:13,785 : INFO : BCPClientSocket : Connecting BCP to 'local_display' at localhost:5050...
2022-10-22 18:46:15,831 : INFO : BCPClientSocket : Connected BCP to 'local_display' localhost:5050
2022-10-22 18:46:15,832 : INFO : EventManager : Event: ======'bcp_clients_connected'====== Args={}
2022-10-22 18:46:15,841 : INFO : ball_device.bd_trough : BCH: Initial count: 4
2022-10-22 18:46:15,841 : INFO : ball_device.bd_trough : State: idle
2022-10-22 18:46:15,842 : INFO : ball_device.bd_plunger : BCH: Initial count: 0
2022-10-22 18:46:15,842 : INFO : ball_device.bd_plunger : State: idle
2022-10-22 18:46:15,843 : INFO : ball_device.bd_vukmid : BCH: Initial count: 0
2022-10-22 18:46:15,843 : INFO : ball_device.bd_vukmid : State: idle
2022-10-22 18:46:15,845 : INFO : EventManager : Event: ======'machine_var_mc_version'====== Args={'value': 'MPF-MC v0.55.0', 'prev_value': None, 'change': True}
2022-10-22 18:46:15,845 : INFO : EventManager : Event: ======'machine_var_mc_extended_version'====== Args={'value': 'MPF-MC v0.55.0 (config_version=5, BCP v1.1, Requires MPF v0.55.0-dev.49)', 'prev_value': None, 'change': True}
2022-10-22 18:46:15,861 : INFO : ball_device.bd_vuktop : BCH: Initial count: 0
2022-10-22 18:46:15,861 : INFO : ball_device.bd_vuktop : State: idle
2022-10-22 18:46:15,916 : INFO : EventManager : Event: ======'init_phase_3'====== Args={}
2022-10-22 18:46:15,919 : INFO : EventManager : Event: ======'init_phase_4'====== Args={}
2022-10-22 18:46:15,919 : INFO : EventManager : Event: ======'playfield_active'====== Args={}
2022-10-22 18:46:15,919 : INFO : EventManager : Event: ======'unexpected_ball_on_playfield'====== Args={}
2022-10-22 18:46:15,919 : INFO : EventManager : Event: ======'playfield_active'====== Args={}
2022-10-22 18:46:15,919 : INFO : EventManager : Event: ======'unexpected_ball_on_playfield'====== Args={}
2022-10-22 18:46:15,919 : INFO : EventManager : Event: ======'playfield_active'====== Args={}
2022-10-22 18:46:15,919 : INFO : EventManager : Event: ======'unexpected_ball_on_playfield'====== Args={}
2022-10-22 18:46:15,920 : INFO : BallController : Initial balls found: 4
2022-10-22 18:46:15,921 : INFO : EventManager : Event: ======'machine_var_audits_events_game_ended'====== Args={'value': 0, 'prev_value': None, 'change': True}
2022-10-22 18:46:15,922 : INFO : EventManager : Event: ======'machine_var_audits_events_game_started'====== Args={'value': 0, 'prev_value': None, 'change': True}
2022-10-22 18:46:15,922 : INFO : EventManager : Event: ======'machine_var_audits_player_score'====== Args={'value': {'average': 23622.222222222223, 'top': [41000, 33100, 31800, 31200, 27600, 20200, 17500, 10200, 0], 'total': 9}, 'prev_value': None, 'change': True}
2022-10-22 18:46:15,922 : INFO : EventManager : Event: ======'machine_var_audits_shots_lane_top_1'====== Args={'value': 130, 'prev_value': None, 'change': True}
2022-10-22 18:46:15,923 : INFO : EventManager : Event: ======'machine_var_audits_shots_lane_top_2'====== Args={'value': 122, 'prev_value': None, 'change': True}
2022-10-22 18:46:15,923 : INFO : EventManager : Event: ======'machine_var_audits_shots_lane_top_3'====== Args={'value': 102, 'prev_value': None, 'change': True}
2022-10-22 18:46:15,923 : INFO : EventManager : Event: ======'machine_var_audits_shots_orbit'====== Args={'value': 23, 'prev_value': None, 'change': True}
2022-10-22 18:46:15,923 : INFO : EventManager : Event: ======'machine_var_audits_shots_spinner'====== Args={'value': 178, 'prev_value': None, 'change': True}
2022-10-22 18:46:15,923 : INFO : EventManager : Event: ======'machine_var_audits_switches_s_bottomlane1'====== Args={'value': 15, 'prev_value': None, 'change': True}
2022-10-22 18:46:15,924 : INFO : EventManager : Event: ======'machine_var_audits_switches_s_bottomlane2'====== Args={'value': 28, 'prev_value': None, 'change': True}
2022-10-22 18:46:15,924 : INFO : EventManager : Event: ======'machine_var_audits_switches_s_bottomlane3'====== Args={'value': 26, 'prev_value': None, 'change': True}
2022-10-22 18:46:15,924 : INFO : EventManager : Event: ======'machine_var_audits_switches_s_bottomlane4'====== Args={'value': 33, 'prev_value': None, 'change': True}
2022-10-22 18:46:15,925 : INFO : EventManager : Event: ======'machine_var_audits_switches_s_bottomlane5'====== Args={'value': 13, 'prev_value': None, 'change': True}
2022-10-22 18:46:15,925 : INFO : EventManager : Event: ======'machine_var_audits_switches_s_drop1'====== Args={'value': 35, 'prev_value': None, 'change': True}
2022-10-22 18:46:15,925 : INFO : EventManager : Event: ======'machine_var_audits_switches_s_drop2'====== Args={'value': 17, 'prev_value': None, 'change': True}
2022-10-22 18:46:15,925 : INFO : EventManager : Event: ======'machine_var_audits_switches_s_drop3'====== Args={'value': 15, 'prev_value': None, 'change': True}
2022-10-22 18:46:15,926 : INFO : EventManager : Event: ======'machine_var_audits_switches_s_launch'====== Args={'value': 11, 'prev_value': None, 'change': True}
2022-10-22 18:46:15,926 : INFO : EventManager : Event: ======'machine_var_audits_switches_s_left01'====== Args={'value': 26, 'prev_value': None, 'change': True}
2022-10-22 18:46:15,926 : INFO : EventManager : Event: ======'machine_var_audits_switches_s_left02'====== Args={'value': 27, 'prev_value': None, 'change': True}
2022-10-22 18:46:15,926 : INFO : EventManager : Event: ======'machine_var_audits_switches_s_left03'====== Args={'value': 20, 'prev_value': None, 'change': True}
2022-10-22 18:46:15,927 : INFO : EventManager : Event: ======'machine_var_audits_switches_s_left_sling'====== Args={'value': 55, 'prev_value': None, 'change': True}
2022-10-22 18:46:15,927 : INFO : EventManager : Event: ======'machine_var_audits_switches_s_orbit1'====== Args={'value': 45, 'prev_value': None, 'change': True}
2022-10-22 18:46:15,927 : INFO : EventManager : Event: ======'machine_var_audits_switches_s_orbit2'====== Args={'value': 0, 'prev_value': None, 'change': True}
2022-10-22 18:46:15,927 : INFO : EventManager : Event: ======'machine_var_audits_switches_s_plunger_lane'====== Args={'value': 99, 'prev_value': None, 'change': True}
2022-10-22 18:46:15,928 : INFO : EventManager : Event: ======'machine_var_audits_switches_s_popbumber_1'====== Args={'value': 58, 'prev_value': None, 'change': True}
2022-10-22 18:46:15,928 : INFO : EventManager : Event: ======'machine_var_audits_switches_s_popbumber_2'====== Args={'value': 94, 'prev_value': None, 'change': True}
2022-10-22 18:46:15,928 : INFO : EventManager : Event: ======'machine_var_audits_switches_s_popbumber_3'====== Args={'value': 35, 'prev_value': None, 'change': True}
2022-10-22 18:46:15,928 : INFO : EventManager : Event: ======'machine_var_audits_switches_s_ramp'====== Args={'value': 34, 'prev_value': None, 'change': True}
2022-10-22 18:46:15,929 : INFO : EventManager : Event: ======'machine_var_audits_switches_s_right_sling'====== Args={'value': 109, 'prev_value': None, 'change': True}
2022-10-22 18:46:15,929 : INFO : EventManager : Event: ======'machine_var_audits_switches_s_rigth01'====== Args={'value': 54, 'prev_value': None, 'change': True}
2022-10-22 18:46:15,929 : INFO : EventManager : Event: ======'machine_var_audits_switches_s_rigth02'====== Args={'value': 23, 'prev_value': None, 'change': True}
2022-10-22 18:46:15,929 : INFO : EventManager : Event: ======'machine_var_audits_switches_s_rigth03'====== Args={'value': 14, 'prev_value': None, 'change': True}
2022-10-22 18:46:15,930 : INFO : EventManager : Event: ======'machine_var_audits_switches_s_spinner'====== Args={'value': 271, 'prev_value': None, 'change': True}
2022-10-22 18:46:15,930 : INFO : EventManager : Event: ======'machine_var_audits_switches_s_start'====== Args={'value': 0, 'prev_value': None, 'change': True}
2022-10-22 18:46:15,930 : INFO : EventManager : Event: ======'machine_var_audits_switches_s_top'====== Args={'value': 11, 'prev_value': None, 'change': True}
2022-10-22 18:46:15,930 : INFO : EventManager : Event: ======'machine_var_audits_switches_s_toplane1'====== Args={'value': 217, 'prev_value': None, 'change': True}
2022-10-22 18:46:15,931 : INFO : EventManager : Event: ======'machine_var_audits_switches_s_toplane2'====== Args={'value': 129, 'prev_value': None, 'change': True}
2022-10-22 18:46:15,931 : INFO : EventManager : Event: ======'machine_var_audits_switches_s_toplane3'====== Args={'value': 109, 'prev_value': None, 'change': True}
2022-10-22 18:46:15,931 : INFO : EventManager : Event: ======'machine_var_audits_switches_s_trough1'====== Args={'value': 32, 'prev_value': None, 'change': True}
2022-10-22 18:46:15,931 : INFO : EventManager : Event: ======'machine_var_audits_switches_s_trough2'====== Args={'value': 35, 'prev_value': None, 'change': True}
2022-10-22 18:46:15,931 : INFO : EventManager : Event: ======'machine_var_audits_switches_s_trough3'====== Args={'value': 27, 'prev_value': None, 'change': True}
2022-10-22 18:46:15,932 : INFO : EventManager : Event: ======'machine_var_audits_switches_s_trough4'====== Args={'value': 40, 'prev_value': None, 'change': True}
2022-10-22 18:46:15,932 : INFO : EventManager : Event: ======'machine_var_audits_switches_s_trough5'====== Args={'value': 27, 'prev_value': None, 'change': True}
2022-10-22 18:46:15,932 : INFO : EventManager : Event: ======'machine_var_audits_switches_s_trough6'====== Args={'value': 24, 'prev_value': None, 'change': True}
2022-10-22 18:46:15,932 : INFO : EventManager : Event: ======'machine_var_audits_switches_s_trough_jam'====== Args={'value': 27, 'prev_value': None, 'change': True}
2022-10-22 18:46:15,932 : INFO : EventManager : Event: ======'machine_var_audits_switches_s_vukmid'====== Args={'value': 46, 'prev_value': None, 'change': True}
2022-10-22 18:46:15,933 : INFO : EventManager : Event: ======'machine_var_audits_switches_s_vuktop'====== Args={'value': 12, 'prev_value': None, 'change': True}
2022-10-22 18:46:15,933 : INFO : EventManager : Event: ======'init_phase_5'====== Args={}
2022-10-22 18:46:15,942 : INFO : EventManager : Event: ======'init_done'====== Args={}
2022-10-22 18:46:15,944 : INFO : EventManager : Event: ======'machine_reset_phase_1'====== Args={}
2022-10-22 18:46:15,946 : INFO : EventManager : Event: ======'slide_welcome_slide_removed'====== Args={'_from_bcp': True}
2022-10-22 18:46:15,950 : INFO : EventManager : Event: ======'slide_welcome_slide_created'====== Args={'_from_bcp': True}
2022-10-22 18:46:15,952 : INFO : EventManager : Event: ======'slide_welcome_slide_active'====== Args={'_from_bcp': True}
2022-10-22 18:46:15,952 : INFO : EventManager : Event: ======'machine_reset_phase_2'====== Args={}
2022-10-22 18:46:15,952 : INFO : EventManager : Event: ======'machine_reset_phase_3'====== Args={}
2022-10-22 18:46:15,952 : INFO : drop_target_bank.db_dropbank : All targets are already up. Will not reset bank.
2022-10-22 18:46:15,953 : INFO : EventManager : Event: ======'reset_complete'====== Args={}
2022-10-22 18:46:15,953 : INFO : EventManager : Event: ======'mode_attract_will_start'====== Args={}
2022-10-22 18:46:15,954 : INFO : EventManager : Event: ======'mode_attract_starting'====== Args={}
2022-10-22 18:46:15,954 : INFO : Mode.attract : Started. Priority: 10
2022-10-22 18:46:15,954 : INFO : EventManager : Event: ======'modes_active_modes_changed'====== Args={}
2022-10-22 18:46:15,954 : INFO : EventManager : Event: ======'mode_attract_started'====== Args={}
2022-10-22 18:46:15,957 : INFO : EventManager : Event: ======'collecting_balls_complete'====== Args={}
2022-10-22 18:46:15,979 : INFO : EventManager : Event: ======'slide_layout_4_mini_created'====== Args={'_from_bcp': True}
2022-10-22 18:46:15,980 : INFO : Machine : Starting the main run loop.
2022-10-22 18:46:15,983 : INFO : EventManager : Event: ======'slide_slide_1_created'====== Args={'_from_bcp': True}
2022-10-22 18:46:15,990 : INFO : EventManager : Event: ======'slide_slide_2_created'====== Args={'_from_bcp': True}
2022-10-22 18:46:15,994 : INFO : EventManager : Event: ======'slide_slide_3_created'====== Args={'_from_bcp': True}
2022-10-22 18:46:15,998 : INFO : EventManager : Event: ======'slide_slide_4_created'====== Args={'_from_bcp': True}
2022-10-22 18:46:16,032 : INFO : EventManager : Event: ======'slide_layout_4_mini_active'====== Args={'_from_bcp': True}
2022-10-22 18:46:16,033 : INFO : EventManager : Event: ======'slide_slide_1_active'====== Args={'_from_bcp': True}
2022-10-22 18:46:16,034 : INFO : EventManager : Event: ======'slide_slide_2_active'====== Args={'_from_bcp': True}
2022-10-22 18:46:16,036 : INFO : EventManager : Event: ======'slide_slide_3_active'====== Args={'_from_bcp': True}
2022-10-22 18:46:16,039 : INFO : EventManager : Event: ======'slide_slide_4_active'====== Args={'_from_bcp': True}
2022-10-22 18:46:25,973 : INFO : EventManager : Event: ======'slide_awesome_slide_created'====== Args={'_from_bcp': True}
2022-10-22 18:46:25,978 : INFO : EventManager : Event: ======'slide_awesome_slide_active'====== Args={'_from_bcp': True}
2022-10-22 18:46:28,969 : INFO : EventManager : Event: ======'slide_press_start_created'====== Args={'_from_bcp': True}
2022-10-22 18:46:28,973 : INFO : EventManager : Event: ======'slide_press_start_active'====== Args={'_from_bcp': True}
2022-10-22 18:46:31,983 : INFO : EventManager : Event: ======'slide_mission_pinball_created'====== Args={'_from_bcp': True}
2022-10-22 18:46:31,986 : INFO : EventManager : Event: ======'slide_mission_pinball_active'====== Args={'_from_bcp': True}
2022-10-22 18:46:34,986 : INFO : EventManager : Event: ======'slide_layout_4_mini_removed'====== Args={'_from_bcp': True}
2022-10-22 18:46:34,988 : INFO : EventManager : Event: ======'slide_layout_4_mini_created'====== Args={'_from_bcp': True}
2022-10-22 18:46:34,990 : INFO : EventManager : Event: ======'slide_slide_1_removed'====== Args={'_from_bcp': True}
2022-10-22 18:46:34,991 : INFO : EventManager : Event: ======'slide_slide_1_created'====== Args={'_from_bcp': True}
2022-10-22 18:46:34,993 : INFO : EventManager : Event: ======'slide_slide_2_removed'====== Args={'_from_bcp': True}
2022-10-22 18:46:34,995 : INFO : EventManager : Event: ======'slide_slide_2_created'====== Args={'_from_bcp': True}
2022-10-22 18:46:34,998 : INFO : EventManager : Event: ======'slide_slide_3_removed'====== Args={'_from_bcp': True}
2022-10-22 18:46:35,000 : INFO : EventManager : Event: ======'slide_slide_3_created'====== Args={'_from_bcp': True}
2022-10-22 18:46:35,003 : INFO : EventManager : Event: ======'slide_slide_4_removed'====== Args={'_from_bcp': True}
2022-10-22 18:46:35,004 : INFO : EventManager : Event: ======'slide_slide_4_created'====== Args={'_from_bcp': True}
2022-10-22 18:46:35,016 : INFO : EventManager : Event: ======'slide_layout_4_mini_active'====== Args={'_from_bcp': True}
2022-10-22 18:46:35,016 : INFO : EventManager : Event: ======'slide_slide_1_active'====== Args={'_from_bcp': True}
2022-10-22 18:46:35,017 : INFO : EventManager : Event: ======'slide_slide_2_active'====== Args={'_from_bcp': True}
2022-10-22 18:46:35,018 : INFO : EventManager : Event: ======'slide_slide_3_active'====== Args={'_from_bcp': True}
2022-10-22 18:46:35,019 : INFO : EventManager : Event: ======'slide_slide_4_active'====== Args={'_from_bcp': True}
2022-10-22 18:46:44,972 : INFO : EventManager : Event: ======'slide_awesome_slide_removed'====== Args={'_from_bcp': True}
2022-10-22 18:46:44,974 : INFO : EventManager : Event: ======'slide_awesome_slide_created'====== Args={'_from_bcp': True}
2022-10-22 18:46:44,978 : INFO : EventManager : Event: ======'slide_awesome_slide_active'====== Args={'_from_bcp': True}
2022-10-22 18:46:47,977 : INFO : EventManager : Event: ======'slide_press_start_removed'====== Args={'_from_bcp': True}
2022-10-22 18:46:47,983 : INFO : EventManager : Event: ======'slide_press_start_created'====== Args={'_from_bcp': True}
2022-10-22 18:46:47,988 : INFO : EventManager : Event: ======'slide_press_start_active'====== Args={'_from_bcp': True}
2022-10-22 18:46:50,979 : INFO : EventManager : Event: ======'slide_mission_pinball_removed'====== Args={'_from_bcp': True}
2022-10-22 18:46:50,981 : INFO : EventManager : Event: ======'slide_mission_pinball_created'====== Args={'_from_bcp': True}
2022-10-22 18:46:50,983 : INFO : EventManager : Event: ======'slide_mission_pinball_active'====== Args={'_from_bcp': True}
2022-10-22 18:46:53,979 : INFO : EventManager : Event: ======'slide_layout_4_mini_removed'====== Args={'_from_bcp': True}
2022-10-22 18:46:53,989 : INFO : EventManager : Event: ======'slide_layout_4_mini_created'====== Args={'_from_bcp': True}
2022-10-22 18:46:53,990 : INFO : EventManager : Event: ======'slide_slide_1_removed'====== Args={'_from_bcp': True}
2022-10-22 18:46:53,993 : INFO : EventManager : Event: ======'slide_slide_1_created'====== Args={'_from_bcp': True}
2022-10-22 18:46:53,996 : INFO : EventManager : Event: ======'slide_slide_2_removed'====== Args={'_from_bcp': True}
2022-10-22 18:46:53,998 : INFO : EventManager : Event: ======'slide_slide_2_created'====== Args={'_from_bcp': True}
2022-10-22 18:46:54,000 : INFO : EventManager : Event: ======'slide_slide_3_removed'====== Args={'_from_bcp': True}
2022-10-22 18:46:54,003 : INFO : EventManager : Event: ======'slide_slide_3_created'====== Args={'_from_bcp': True}
2022-10-22 18:46:54,006 : INFO : EventManager : Event: ======'slide_slide_4_removed'====== Args={'_from_bcp': True}
2022-10-22 18:46:54,007 : INFO : EventManager : Event: ======'slide_slide_4_created'====== Args={'_from_bcp': True}
2022-10-22 18:46:54,020 : INFO : EventManager : Event: ======'slide_layout_4_mini_active'====== Args={'_from_bcp': True}
2022-10-22 18:46:54,020 : INFO : EventManager : Event: ======'slide_slide_1_active'====== Args={'_from_bcp': True}
2022-10-22 18:46:54,021 : INFO : EventManager : Event: ======'slide_slide_2_active'====== Args={'_from_bcp': True}
2022-10-22 18:46:54,022 : INFO : EventManager : Event: ======'slide_slide_3_active'====== Args={'_from_bcp': True}
2022-10-22 18:46:54,023 : INFO : EventManager : Event: ======'slide_slide_4_active'====== Args={'_from_bcp': True}
2022-10-22 18:47:03,970 : INFO : EventManager : Event: ======'slide_awesome_slide_removed'====== Args={'_from_bcp': True}
2022-10-22 18:47:03,973 : INFO : EventManager : Event: ======'slide_awesome_slide_created'====== Args={'_from_bcp': True}
2022-10-22 18:47:03,977 : INFO : EventManager : Event: ======'slide_awesome_slide_active'====== Args={'_from_bcp': True}
2022-10-22 18:47:06,978 : INFO : EventManager : Event: ======'slide_press_start_removed'====== Args={'_from_bcp': True}
2022-10-22 18:47:06,981 : INFO : EventManager : Event: ======'slide_press_start_created'====== Args={'_from_bcp': True}
2022-10-22 18:47:06,984 : INFO : EventManager : Event: ======'slide_press_start_active'====== Args={'_from_bcp': True}
2022-10-22 18:47:09,974 : INFO : EventManager : Event: ======'slide_mission_pinball_removed'====== Args={'_from_bcp': True}
2022-10-22 18:47:09,977 : INFO : EventManager : Event: ======'slide_mission_pinball_created'====== Args={'_from_bcp': True}
2022-10-22 18:47:09,981 : INFO : EventManager : Event: ======'slide_mission_pinball_active'====== Args={'_from_bcp': True}
2022-10-22 18:47:12,977 : INFO : EventManager : Event: ======'slide_layout_4_mini_removed'====== Args={'_from_bcp': True}
2022-10-22 18:47:12,980 : INFO : EventManager : Event: ======'slide_layout_4_mini_created'====== Args={'_from_bcp': True}
2022-10-22 18:47:12,983 : INFO : EventManager : Event: ======'slide_slide_1_removed'====== Args={'_from_bcp': True}
2022-10-22 18:47:12,985 : INFO : EventManager : Event: ======'slide_slide_1_created'====== Args={'_from_bcp': True}
2022-10-22 18:47:12,988 : INFO : EventManager : Event: ======'slide_slide_2_removed'====== Args={'_from_bcp': True}
2022-10-22 18:47:12,990 : INFO : EventManager : Event: ======'slide_slide_2_created'====== Args={'_from_bcp': True}
2022-10-22 18:47:12,992 : INFO : EventManager : Event: ======'slide_slide_3_removed'====== Args={'_from_bcp': True}
2022-10-22 18:47:12,995 : INFO : EventManager : Event: ======'slide_slide_3_created'====== Args={'_from_bcp': True}
2022-10-22 18:47:12,998 : INFO : EventManager : Event: ======'slide_slide_4_removed'====== Args={'_from_bcp': True}
2022-10-22 18:47:12,999 : INFO : EventManager : Event: ======'slide_slide_4_created'====== Args={'_from_bcp': True}
2022-10-22 18:47:13,011 : INFO : EventManager : Event: ======'slide_layout_4_mini_active'====== Args={'_from_bcp': True}
2022-10-22 18:47:13,012 : INFO : EventManager : Event: ======'slide_slide_1_active'====== Args={'_from_bcp': True}
2022-10-22 18:47:13,012 : INFO : EventManager : Event: ======'slide_slide_2_active'====== Args={'_from_bcp': True}
2022-10-22 18:47:13,013 : INFO : EventManager : Event: ======'slide_slide_3_active'====== Args={'_from_bcp': True}
2022-10-22 18:47:13,014 : INFO : EventManager : Event: ======'slide_slide_4_active'====== Args={'_from_bcp': True}
2022-10-22 18:47:22,968 : INFO : EventManager : Event: ======'slide_awesome_slide_removed'====== Args={'_from_bcp': True}
2022-10-22 18:47:22,970 : INFO : EventManager : Event: ======'slide_awesome_slide_created'====== Args={'_from_bcp': True}
2022-10-22 18:47:22,974 : INFO : EventManager : Event: ======'slide_awesome_slide_active'====== Args={'_from_bcp': True}
2022-10-22 18:47:25,970 : INFO : EventManager : Event: ======'slide_press_start_removed'====== Args={'_from_bcp': True}
2022-10-22 18:47:25,974 : INFO : EventManager : Event: ======'slide_press_start_created'====== Args={'_from_bcp': True}
2022-10-22 18:47:25,978 : INFO : EventManager : Event: ======'slide_press_start_active'====== Args={'_from_bcp': True}
2022-10-22 18:47:28,989 : INFO : EventManager : Event: ======'slide_mission_pinball_removed'====== Args={'_from_bcp': True}
2022-10-22 18:47:28,991 : INFO : EventManager : Event: ======'slide_mission_pinball_created'====== Args={'_from_bcp': True}
2022-10-22 18:47:28,995 : INFO : EventManager : Event: ======'slide_mission_pinball_active'====== Args={'_from_bcp': True}
2022-10-22 18:47:31,984 : INFO : EventManager : Event: ======'slide_layout_4_mini_removed'====== Args={'_from_bcp': True}
2022-10-22 18:47:31,985 : INFO : EventManager : Event: ======'slide_layout_4_mini_created'====== Args={'_from_bcp': True}
2022-10-22 18:47:31,988 : INFO : EventManager : Event: ======'slide_slide_1_removed'====== Args={'_from_bcp': True}
2022-10-22 18:47:31,989 : INFO : EventManager : Event: ======'slide_slide_1_created'====== Args={'_from_bcp': True}
2022-10-22 18:47:31,992 : INFO : EventManager : Event: ======'slide_slide_2_removed'====== Args={'_from_bcp': True}
2022-10-22 18:47:31,994 : INFO : EventManager : Event: ======'slide_slide_2_created'====== Args={'_from_bcp': True}
2022-10-22 18:47:31,999 : INFO : EventManager : Event: ======'slide_slide_3_removed'====== Args={'_from_bcp': True}
2022-10-22 18:47:32,001 : INFO : EventManager : Event: ======'slide_slide_3_created'====== Args={'_from_bcp': True}
2022-10-22 18:47:32,003 : INFO : EventManager : Event: ======'slide_slide_4_removed'====== Args={'_from_bcp': True}
2022-10-22 18:47:32,005 : INFO : EventManager : Event: ======'slide_slide_4_created'====== Args={'_from_bcp': True}
2022-10-22 18:47:32,016 : INFO : EventManager : Event: ======'slide_layout_4_mini_active'====== Args={'_from_bcp': True}
2022-10-22 18:47:32,016 : INFO : EventManager : Event: ======'slide_slide_1_active'====== Args={'_from_bcp': True}
2022-10-22 18:47:32,017 : INFO : EventManager : Event: ======'slide_slide_2_active'====== Args={'_from_bcp': True}
2022-10-22 18:47:32,018 : INFO : EventManager : Event: ======'slide_slide_3_active'====== Args={'_from_bcp': True}
2022-10-22 18:47:32,021 : INFO : EventManager : Event: ======'slide_slide_4_active'====== Args={'_from_bcp': True}
2022-10-22 18:47:41,979 : INFO : EventManager : Event: ======'slide_awesome_slide_removed'====== Args={'_from_bcp': True}
2022-10-22 18:47:41,980 : INFO : EventManager : Event: ======'slide_awesome_slide_created'====== Args={'_from_bcp': True}
2022-10-22 18:47:41,984 : INFO : EventManager : Event: ======'slide_awesome_slide_active'====== Args={'_from_bcp': True}
2022-10-22 18:47:44,974 : INFO : EventManager : Event: ======'slide_press_start_removed'====== Args={'_from_bcp': True}
2022-10-22 18:47:44,982 : INFO : EventManager : Event: ======'slide_press_start_created'====== Args={'_from_bcp': True}
2022-10-22 18:47:44,986 : INFO : EventManager : Event: ======'slide_press_start_active'====== Args={'_from_bcp': True}
2022-10-22 18:47:47,981 : INFO : EventManager : Event: ======'slide_mission_pinball_removed'====== Args={'_from_bcp': True}
2022-10-22 18:47:47,984 : INFO : EventManager : Event: ======'slide_mission_pinball_created'====== Args={'_from_bcp': True}
2022-10-22 18:47:47,987 : INFO : EventManager : Event: ======'slide_mission_pinball_active'====== Args={'_from_bcp': True}
2022-10-22 18:47:50,968 : INFO : EventManager : Event: ======'slide_layout_4_mini_removed'====== Args={'_from_bcp': True}
2022-10-22 18:47:50,970 : INFO : EventManager : Event: ======'slide_layout_4_mini_created'====== Args={'_from_bcp': True}
2022-10-22 18:47:50,971 : INFO : EventManager : Event: ======'slide_slide_1_removed'====== Args={'_from_bcp': True}
2022-10-22 18:47:50,973 : INFO : EventManager : Event: ======'slide_slide_1_created'====== Args={'_from_bcp': True}
2022-10-22 18:47:50,976 : INFO : EventManager : Event: ======'slide_slide_2_removed'====== Args={'_from_bcp': True}
2022-10-22 18:47:50,979 : INFO : EventManager : Event: ======'slide_slide_2_created'====== Args={'_from_bcp': True}
2022-10-22 18:47:51,006 : INFO : EventManager : Event: ======'slide_slide_3_removed'====== Args={'_from_bcp': True}
2022-10-22 18:47:51,018 : INFO : EventManager : Event: ======'slide_slide_3_created'====== Args={'_from_bcp': True}
2022-10-22 18:47:51,020 : INFO : EventManager : Event: ======'slide_slide_4_removed'====== Args={'_from_bcp': True}
2022-10-22 18:47:51,022 : INFO : EventManager : Event: ======'slide_slide_4_created'====== Args={'_from_bcp': True}
2022-10-22 18:47:51,034 : INFO : EventManager : Event: ======'slide_layout_4_mini_active'====== Args={'_from_bcp': True}
2022-10-22 18:47:51,035 : INFO : EventManager : Event: ======'slide_slide_1_active'====== Args={'_from_bcp': True}
2022-10-22 18:47:51,035 : INFO : EventManager : Event: ======'slide_slide_2_active'====== Args={'_from_bcp': True}
2022-10-22 18:47:51,036 : INFO : EventManager : Event: ======'slide_slide_3_active'====== Args={'_from_bcp': True}
2022-10-22 18:47:51,038 : INFO : EventManager : Event: ======'slide_slide_4_active'====== Args={'_from_bcp': True}
2022-10-22 18:48:00,973 : INFO : EventManager : Event: ======'slide_awesome_slide_removed'====== Args={'_from_bcp': True}
2022-10-22 18:48:00,975 : INFO : EventManager : Event: ======'slide_awesome_slide_created'====== Args={'_from_bcp': True}
2022-10-22 18:48:00,978 : INFO : EventManager : Event: ======'slide_awesome_slide_active'====== Args={'_from_bcp': True}
2022-10-22 18:48:03,977 : INFO : EventManager : Event: ======'slide_press_start_removed'====== Args={'_from_bcp': True}
2022-10-22 18:48:03,982 : INFO : EventManager : Event: ======'slide_press_start_created'====== Args={'_from_bcp': True}
2022-10-22 18:48:03,987 : INFO : EventManager : Event: ======'slide_press_start_active'====== Args={'_from_bcp': True}
2022-10-22 18:48:06,986 : INFO : EventManager : Event: ======'slide_mission_pinball_removed'====== Args={'_from_bcp': True}
2022-10-22 18:48:06,989 : INFO : EventManager : Event: ======'slide_mission_pinball_created'====== Args={'_from_bcp': True}
2022-10-22 18:48:06,992 : INFO : EventManager : Event: ======'slide_mission_pinball_active'====== Args={'_from_bcp': True}
2022-10-22 18:48:09,980 : INFO : EventManager : Event: ======'slide_layout_4_mini_removed'====== Args={'_from_bcp': True}
2022-10-22 18:48:09,982 : INFO : EventManager : Event: ======'slide_layout_4_mini_created'====== Args={'_from_bcp': True}
2022-10-22 18:48:09,984 : INFO : EventManager : Event: ======'slide_slide_1_removed'====== Args={'_from_bcp': True}
2022-10-22 18:48:09,985 : INFO : EventManager : Event: ======'slide_slide_1_created'====== Args={'_from_bcp': True}
2022-10-22 18:48:09,990 : INFO : EventManager : Event: ======'slide_slide_2_removed'====== Args={'_from_bcp': True}
2022-10-22 18:48:09,992 : INFO : EventManager : Event: ======'slide_slide_2_created'====== Args={'_from_bcp': True}
2022-10-22 18:48:09,995 : INFO : EventManager : Event: ======'slide_slide_3_removed'====== Args={'_from_bcp': True}
2022-10-22 18:48:09,996 : INFO : EventManager : Event: ======'slide_slide_3_created'====== Args={'_from_bcp': True}
2022-10-22 18:48:10,000 : INFO : EventManager : Event: ======'slide_slide_4_removed'====== Args={'_from_bcp': True}
2022-10-22 18:48:10,001 : INFO : EventManager : Event: ======'slide_slide_4_created'====== Args={'_from_bcp': True}
2022-10-22 18:48:10,015 : INFO : EventManager : Event: ======'slide_layout_4_mini_active'====== Args={'_from_bcp': True}
2022-10-22 18:48:10,016 : INFO : EventManager : Event: ======'slide_slide_1_active'====== Args={'_from_bcp': True}
2022-10-22 18:48:10,016 : INFO : EventManager : Event: ======'slide_slide_2_active'====== Args={'_from_bcp': True}
2022-10-22 18:48:10,017 : INFO : EventManager : Event: ======'slide_slide_3_active'====== Args={'_from_bcp': True}
2022-10-22 18:48:10,019 : INFO : EventManager : Event: ======'slide_slide_4_active'====== Args={'_from_bcp': True}
2022-10-22 18:48:19,970 : INFO : EventManager : Event: ======'slide_awesome_slide_removed'====== Args={'_from_bcp': True}
2022-10-22 18:48:19,972 : INFO : EventManager : Event: ======'slide_awesome_slide_created'====== Args={'_from_bcp': True}
2022-10-22 18:48:19,974 : INFO : EventManager : Event: ======'slide_awesome_slide_active'====== Args={'_from_bcp': True}
2022-10-22 18:48:22,988 : INFO : EventManager : Event: ======'slide_press_start_removed'====== Args={'_from_bcp': True}
2022-10-22 18:48:22,994 : INFO : EventManager : Event: ======'slide_press_start_created'====== Args={'_from_bcp': True}
2022-10-22 18:48:23,002 : INFO : EventManager : Event: ======'slide_press_start_active'====== Args={'_from_bcp': True}
2022-10-22 18:48:25,960 : INFO : EventManager : Event: ======'slide_mission_pinball_removed'====== Args={'_from_bcp': True}
2022-10-22 18:48:26,003 : INFO : EventManager : Event: ======'slide_mission_pinball_created'====== Args={'_from_bcp': True}
2022-10-22 18:48:26,004 : INFO : EventManager : Event: ======'slide_mission_pinball_active'====== Args={'_from_bcp': True}
2022-10-22 18:48:28,973 : INFO : EventManager : Event: ======'slide_layout_4_mini_removed'====== Args={'_from_bcp': True}
2022-10-22 18:48:28,975 : INFO : EventManager : Event: ======'slide_layout_4_mini_created'====== Args={'_from_bcp': True}
2022-10-22 18:48:28,978 : INFO : EventManager : Event: ======'slide_slide_1_removed'====== Args={'_from_bcp': True}
2022-10-22 18:48:28,979 : INFO : EventManager : Event: ======'slide_slide_1_created'====== Args={'_from_bcp': True}
2022-10-22 18:48:28,983 : INFO : EventManager : Event: ======'slide_slide_2_removed'====== Args={'_from_bcp': True}
2022-10-22 18:48:28,985 : INFO : EventManager : Event: ======'slide_slide_2_created'====== Args={'_from_bcp': True}
2022-10-22 18:48:28,987 : INFO : EventManager : Event: ======'slide_slide_3_removed'====== Args={'_from_bcp': True}
2022-10-22 18:48:28,989 : INFO : EventManager : Event: ======'slide_slide_3_created'====== Args={'_from_bcp': True}
2022-10-22 18:48:28,992 : INFO : EventManager : Event: ======'slide_slide_4_removed'====== Args={'_from_bcp': True}
2022-10-22 18:48:28,993 : INFO : EventManager : Event: ======'slide_slide_4_created'====== Args={'_from_bcp': True}
2022-10-22 18:48:29,005 : INFO : EventManager : Event: ======'slide_layout_4_mini_active'====== Args={'_from_bcp': True}
2022-10-22 18:48:29,006 : INFO : EventManager : Event: ======'slide_slide_1_active'====== Args={'_from_bcp': True}
2022-10-22 18:48:29,007 : INFO : EventManager : Event: ======'slide_slide_2_active'====== Args={'_from_bcp': True}
2022-10-22 18:48:29,008 : INFO : EventManager : Event: ======'slide_slide_3_active'====== Args={'_from_bcp': True}
2022-10-22 18:48:29,008 : INFO : EventManager : Event: ======'slide_slide_4_active'====== Args={'_from_bcp': True}
2022-10-22 18:48:38,973 : INFO : EventManager : Event: ======'slide_awesome_slide_removed'====== Args={'_from_bcp': True}
2022-10-22 18:48:38,975 : INFO : EventManager : Event: ======'slide_awesome_slide_created'====== Args={'_from_bcp': True}
2022-10-22 18:48:38,979 : INFO : EventManager : Event: ======'slide_awesome_slide_active'====== Args={'_from_bcp': True}
2022-10-22 18:48:41,975 : INFO : EventManager : Event: ======'slide_press_start_removed'====== Args={'_from_bcp': True}
2022-10-22 18:48:41,981 : INFO : EventManager : Event: ======'slide_press_start_created'====== Args={'_from_bcp': True}
2022-10-22 18:48:41,986 : INFO : EventManager : Event: ======'slide_press_start_active'====== Args={'_from_bcp': True}
2022-10-22 18:48:44,978 : INFO : EventManager : Event: ======'slide_mission_pinball_removed'====== Args={'_from_bcp': True}
2022-10-22 18:48:44,981 : INFO : EventManager : Event: ======'slide_mission_pinball_created'====== Args={'_from_bcp': True}
2022-10-22 18:48:44,984 : INFO : EventManager : Event: ======'slide_mission_pinball_active'====== Args={'_from_bcp': True}
2022-10-22 18:48:47,975 : INFO : EventManager : Event: ======'slide_layout_4_mini_removed'====== Args={'_from_bcp': True}
2022-10-22 18:48:47,977 : INFO : EventManager : Event: ======'slide_layout_4_mini_created'====== Args={'_from_bcp': True}
2022-10-22 18:48:47,980 : INFO : EventManager : Event: ======'slide_slide_1_removed'====== Args={'_from_bcp': True}
2022-10-22 18:48:47,982 : INFO : EventManager : Event: ======'slide_slide_1_created'====== Args={'_from_bcp': True}
2022-10-22 18:48:47,984 : INFO : EventManager : Event: ======'slide_slide_2_removed'====== Args={'_from_bcp': True}
2022-10-22 18:48:47,986 : INFO : EventManager : Event: ======'slide_slide_2_created'====== Args={'_from_bcp': True}
2022-10-22 18:48:47,988 : INFO : EventManager : Event: ======'slide_slide_3_removed'====== Args={'_from_bcp': True}
2022-10-22 18:48:47,990 : INFO : EventManager : Event: ======'slide_slide_3_created'====== Args={'_from_bcp': True}
2022-10-22 18:48:47,993 : INFO : EventManager : Event: ======'slide_slide_4_removed'====== Args={'_from_bcp': True}
2022-10-22 18:48:47,994 : INFO : EventManager : Event: ======'slide_slide_4_created'====== Args={'_from_bcp': True}
2022-10-22 18:48:48,006 : INFO : EventManager : Event: ======'slide_layout_4_mini_active'====== Args={'_from_bcp': True}
2022-10-22 18:48:48,006 : INFO : EventManager : Event: ======'slide_slide_1_active'====== Args={'_from_bcp': True}
2022-10-22 18:48:48,007 : INFO : EventManager : Event: ======'slide_slide_2_active'====== Args={'_from_bcp': True}
2022-10-22 18:48:48,008 : INFO : EventManager : Event: ======'slide_slide_3_active'====== Args={'_from_bcp': True}
2022-10-22 18:48:48,010 : INFO : EventManager : Event: ======'slide_slide_4_active'====== Args={'_from_bcp': True}
2022-10-22 18:48:57,962 : INFO : EventManager : Event: ======'slide_awesome_slide_removed'====== Args={'_from_bcp': True}
2022-10-22 18:48:57,967 : INFO : EventManager : Event: ======'slide_awesome_slide_created'====== Args={'_from_bcp': True}
2022-10-22 18:48:57,971 : INFO : EventManager : Event: ======'slide_awesome_slide_active'====== Args={'_from_bcp': True}
2022-10-22 18:49:00,967 : INFO : EventManager : Event: ======'slide_press_start_removed'====== Args={'_from_bcp': True}
2022-10-22 18:49:00,974 : INFO : EventManager : Event: ======'slide_press_start_created'====== Args={'_from_bcp': True}
2022-10-22 18:49:00,982 : INFO : EventManager : Event: ======'slide_press_start_active'====== Args={'_from_bcp': True}
2022-10-22 18:49:03,967 : INFO : EventManager : Event: ======'slide_mission_pinball_removed'====== Args={'_from_bcp': True}
2022-10-22 18:49:03,973 : INFO : EventManager : Event: ======'slide_mission_pinball_created'====== Args={'_from_bcp': True}
2022-10-22 18:49:03,977 : INFO : EventManager : Event: ======'slide_mission_pinball_active'====== Args={'_from_bcp': True}
2022-10-22 18:49:06,962 : INFO : EventManager : Event: ======'slide_layout_4_mini_removed'====== Args={'_from_bcp': True}
2022-10-22 18:49:06,968 : INFO : EventManager : Event: ======'slide_layout_4_mini_created'====== Args={'_from_bcp': True}
2022-10-22 18:49:06,974 : INFO : EventManager : Event: ======'slide_slide_1_removed'====== Args={'_from_bcp': True}
2022-10-22 18:49:06,975 : INFO : EventManager : Event: ======'slide_slide_1_created'====== Args={'_from_bcp': True}
2022-10-22 18:49:06,976 : INFO : EventManager : Event: ======'slide_slide_2_removed'====== Args={'_from_bcp': True}
2022-10-22 18:49:06,979 : INFO : EventManager : Event: ======'slide_slide_2_created'====== Args={'_from_bcp': True}
2022-10-22 18:49:06,980 : INFO : EventManager : Event: ======'slide_slide_3_removed'====== Args={'_from_bcp': True}
2022-10-22 18:49:06,984 : INFO : EventManager : Event: ======'slide_slide_3_created'====== Args={'_from_bcp': True}
2022-10-22 18:49:06,985 : INFO : EventManager : Event: ======'slide_slide_4_removed'====== Args={'_from_bcp': True}
2022-10-22 18:49:06,988 : INFO : EventManager : Event: ======'slide_slide_4_created'====== Args={'_from_bcp': True}
2022-10-22 18:49:07,000 : INFO : EventManager : Event: ======'slide_layout_4_mini_active'====== Args={'_from_bcp': True}
2022-10-22 18:49:07,001 : INFO : EventManager : Event: ======'slide_slide_1_active'====== Args={'_from_bcp': True}
2022-10-22 18:49:07,001 : INFO : EventManager : Event: ======'slide_slide_2_active'====== Args={'_from_bcp': True}
2022-10-22 18:49:07,003 : INFO : EventManager : Event: ======'slide_slide_3_active'====== Args={'_from_bcp': True}
2022-10-22 18:49:07,004 : INFO : EventManager : Event: ======'slide_slide_4_active'====== Args={'_from_bcp': True}
2022-10-22 18:49:16,962 : INFO : EventManager : Event: ======'slide_awesome_slide_removed'====== Args={'_from_bcp': True}
2022-10-22 18:49:16,968 : INFO : EventManager : Event: ======'slide_awesome_slide_created'====== Args={'_from_bcp': True}
2022-10-22 18:49:16,973 : INFO : EventManager : Event: ======'slide_awesome_slide_active'====== Args={'_from_bcp': True}
2022-10-22 18:49:19,615 : INFO : Machine : Shutting down...
2022-10-22 18:49:19,615 : INFO : EventManager : Event: ======'shutdown'====== Args={}
2022-10-22 18:49:19,624 : INFO : root : MPF run loop ended.
