2022-10-22 18:54:13,943 : INFO : root : Loading config.
2022-10-22 18:54:13,956 : INFO : YamlMultifileConfigLoader : Machine config file #1: config.yaml
2022-10-22 18:54:13,956 : INFO : ConfigProcessor : Loading config from cache: C:\Users\dorus\AppData\Local\Temp\e2a46ea082c19f5103dd0f83869ccd8e.mpf_cache
2022-10-22 18:54:13,956 : WARNING : ConfigProcessor : Config file in cache changed: C:\Users\dorus\OneDrive\Documents\Pinball\Github\Pinball-MPF\mpfv1\config\slides.yaml
2022-10-22 18:54:13,956 : INFO : ConfigProcessor : Loading config from file C:\Users\dorus\AppData\Local\Programs\Python\Python38\lib\site-packages\mpf\mpfconfig.yaml.
2022-10-22 18:54:14,018 : INFO : ConfigProcessor : Loading config: C:\Users\dorus\AppData\Local\Programs\Python\Python38\lib\site-packages\mpf\mpfconfig.yaml
2022-10-22 18:54:14,018 : INFO : ConfigProcessor : Loading config from file C:\Users\dorus\OneDrive\Documents\Pinball\Github\Pinball-MPF\mpfv1\config\config.yaml.
2022-10-22 18:54:14,018 : INFO : ConfigProcessor : Loading config: C:\Users\dorus\OneDrive\Documents\Pinball\Github\Pinball-MPF\mpfv1\config\config.yaml
2022-10-22 18:54:14,053 : INFO : ConfigProcessor : Loading config: C:\Users\dorus\OneDrive\Documents\Pinball\Github\Pinball-MPF\mpfv1\config\hardware.yaml
2022-10-22 18:54:14,059 : INFO : ConfigProcessor : Loading config: C:\Users\dorus\OneDrive\Documents\Pinball\Github\Pinball-MPF\mpfv1\config\sounds.yaml
2022-10-22 18:54:14,059 : INFO : ConfigProcessor : Loading config: C:\Users\dorus\OneDrive\Documents\Pinball\Github\Pinball-MPF\mpfv1\config\display.yaml
2022-10-22 18:54:14,059 : INFO : ConfigProcessor : Loading config: C:\Users\dorus\OneDrive\Documents\Pinball\Github\Pinball-MPF\mpfv1\config\keyboard.yaml
2022-10-22 18:54:14,090 : INFO : ConfigProcessor : Loading config: C:\Users\dorus\OneDrive\Documents\Pinball\Github\Pinball-MPF\mpfv1\config\slides.yaml
2022-10-22 18:54:14,090 : INFO : ConfigProcessor : Loading config: C:\Users\dorus\OneDrive\Documents\Pinball\Github\Pinball-MPF\mpfv1\config\light_shows.yaml
2022-10-22 18:54:14,090 : INFO : ConfigProcessor : Config file cache created: C:\Users\dorus\AppData\Local\Temp\e2a46ea082c19f5103dd0f83869ccd8e.mpf_cache
2022-10-22 18:54:14,186 : INFO : ConfigProcessor : Loading config from cache: C:\Users\dorus\AppData\Local\Temp\69e5e641cece6cfbb9f28306d01595e4.mpf_cache
2022-10-22 18:54:14,186 : INFO : ConfigProcessor : Loading config from cache: C:\Users\dorus\AppData\Local\Temp\336e6d2601ccb63523c70814805acbf1.mpf_cache
2022-10-22 18:54:14,190 : INFO : ConfigProcessor : Loading config from cache: C:\Users\dorus\AppData\Local\Temp\8f8558ef7eb783a34103d845cb15f27a.mpf_cache
2022-10-22 18:54:14,191 : INFO : ConfigProcessor : Loading config from cache: C:\Users\dorus\AppData\Local\Temp\3f4ec0fd6e14e835699e1ee64ae7815f.mpf_cache
2022-10-22 18:54:14,191 : INFO : ConfigProcessor : Loading config from cache: C:\Users\dorus\AppData\Local\Temp\07450fdcdb716b1c510f1f1f728b03da.mpf_cache
2022-10-22 18:54:14,191 : INFO : ConfigProcessor : Loading config from cache: C:\Users\dorus\AppData\Local\Temp\26dc7d91d16a8c3848757fce5df95f92.mpf_cache
2022-10-22 18:54:14,196 : INFO : Machine : Mission Pinball Framework Core Engine v0.55.0
2022-10-22 18:54:14,196 : INFO : Machine : Command line arguments: {'no_load_cache': False, 'create_config_cache': True, 'bcp': True, 'configfile': ['config.yaml'], 'force_assets_load': False, 'jsonlogging': False, 'logfile': 'logs\\2022-10-22-18-54-13-mpf-LAPTOP-AS8QDAQG.log', 'pause': False, 'production': False, 'text_ui': True, 'loglevel': 15, 'consoleloglevel': 20, 'force_platform': 'smart_virtual', 'syslog_address': None, 'mc_file_name': None, 'no_sound': False}
2022-10-22 18:54:14,196 : INFO : Machine : MPF path: C:\Users\dorus\AppData\Local\Programs\Python\Python38\lib\site-packages\mpf
2022-10-22 18:54:14,196 : INFO : Machine : Machine path: C:\Users\dorus\OneDrive\Documents\Pinball\Github\Pinball-MPF\mpfv1
2022-10-22 18:54:14,196 : INFO : Machine : Platform: win32
2022-10-22 18:54:14,196 : INFO : Machine : Python executable location: C:\Users\dorus\AppData\Local\Programs\Python\Python38\python.exe
2022-10-22 18:54:14,196 : INFO : Machine : Python version: 3.8.10 (64-bit)
2022-10-22 18:54:14,201 : INFO : Machine : Initialise MPF.
2022-10-22 18:54:14,351 : INFO : EventManager : Event: ======'machine_var_credits_string'====== Args={'value': 'FREE PLAY', 'prev_value': None, 'change': True}
2022-10-22 18:54:14,408 : INFO : EventManager : Event: ======'machine_var_master_volume'====== Args={'value': 0.5, 'prev_value': None, 'change': True}
2022-10-22 18:54:14,408 : INFO : EventManager : Event: ======'machine_var_player1_score'====== Args={'value': 0, 'prev_value': None, 'change': True}
2022-10-22 18:54:14,408 : INFO : EventManager : Event: ======'machine_var_mpf_version'====== Args={'value': 'MPF v0.55.0', 'prev_value': None, 'change': True}
2022-10-22 18:54:14,408 : INFO : EventManager : Event: ======'machine_var_mpf_extended_version'====== Args={'value': 'MPF v0.55.0, Config version:5, Show version: 5, BCP version:1.1', 'prev_value': None, 'change': True}
2022-10-22 18:54:14,408 : INFO : EventManager : Event: ======'machine_var_python_version'====== Args={'value': '3.8.10', 'prev_value': None, 'change': True}
2022-10-22 18:54:14,423 : INFO : EventManager : Event: ======'machine_var_platform'====== Args={'value': 'Windows-10-10.0.19044-SP0', 'prev_value': None, 'change': True}
2022-10-22 18:54:14,423 : INFO : EventManager : Event: ======'machine_var_platform_system'====== Args={'value': 'Windows', 'prev_value': None, 'change': True}
2022-10-22 18:54:14,423 : INFO : EventManager : Event: ======'machine_var_platform_release'====== Args={'value': '10', 'prev_value': None, 'change': True}
2022-10-22 18:54:14,423 : INFO : EventManager : Event: ======'machine_var_platform_version'====== Args={'value': '10.0.19044', 'prev_value': None, 'change': True}
2022-10-22 18:54:14,423 : INFO : EventManager : Event: ======'machine_var_platform_machine'====== Args={'value': 'AMD64', 'prev_value': None, 'change': True}
2022-10-22 18:54:14,423 : INFO : EventManager : Event: ======'init_phase_1'====== Args={}
2022-10-22 18:54:14,445 : INFO : EventManager : Event: ======'drop_target_bank_db_dropbank_up'====== Args={}
2022-10-22 18:54:14,448 : INFO : EventManager : Event: ======'init_phase_2'====== Args={}
2022-10-22 18:54:14,448 : INFO : SwitchController : Found active switch: ('2-0-19', <Platform.SmartVirtual>) <switch.s_trough1>
2022-10-22 18:54:14,448 : INFO : SwitchController : Found active switch: ('2-0-20', <Platform.SmartVirtual>) <switch.s_trough2>
2022-10-22 18:54:14,448 : INFO : SwitchController : Found active switch: ('2-0-21', <Platform.SmartVirtual>) <switch.s_trough3>
2022-10-22 18:54:14,448 : INFO : SwitchController : Found active switch: ('2-0-22', <Platform.SmartVirtual>) <switch.s_trough4>
2022-10-22 18:54:14,451 : INFO : EventManager : Event: ======'bcp_connection_attempt'====== Args={'name': 'local_display', 'host': 'localhost', 'port': 5050}
2022-10-22 18:54:14,451 : INFO : BCPClientSocket : Connecting BCP to 'local_display' at localhost:5050...
2022-10-22 18:54:20,674 : INFO : Machine : Starting the main run loop.
2022-10-22 18:54:20,674 : INFO : Machine : Shutting down...
2022-10-22 18:54:20,674 : INFO : EventManager : Event: ======'shutdown'====== Args={}
2022-10-22 18:54:20,675 : INFO : root : MPF run loop ended.
