2022-10-23 15:57:21,266 : INFO : root : Loading config.
2022-10-23 15:57:21,284 : INFO : YamlMultifileConfigLoader : Machine config file #1: config.yaml
2022-10-23 15:57:21,284 : INFO : ConfigProcessor : Loading config from cache: C:\Users\dorus\AppData\Local\Temp\e2a46ea082c19f5103dd0f83869ccd8e.mpf_cache
2022-10-23 15:57:21,354 : INFO : ConfigProcessor : Loading config from cache: C:\Users\dorus\AppData\Local\Temp\69e5e641cece6cfbb9f28306d01595e4.mpf_cache
2022-10-23 15:57:21,354 : INFO : ConfigProcessor : Loading config from cache: C:\Users\dorus\AppData\Local\Temp\336e6d2601ccb63523c70814805acbf1.mpf_cache
2022-10-23 15:57:21,370 : INFO : ConfigProcessor : Loading config from cache: C:\Users\dorus\AppData\Local\Temp\8f8558ef7eb783a34103d845cb15f27a.mpf_cache
2022-10-23 15:57:21,371 : INFO : ConfigProcessor : Loading config from cache: C:\Users\dorus\AppData\Local\Temp\3f4ec0fd6e14e835699e1ee64ae7815f.mpf_cache
2022-10-23 15:57:21,371 : WARNING : ConfigProcessor : Config file in cache changed: C:\Users\dorus\OneDrive\Documents\Pinball\Github\Pinball-MPF\mpfv1\modes\lanes\config\lanes.yaml
2022-10-23 15:57:21,372 : INFO : ConfigProcessor : Loading config from file C:\Users\dorus\OneDrive\Documents\Pinball\Github\Pinball-MPF\mpfv1\modes\lanes\config\lanes.yaml.
2022-10-23 15:57:21,373 : INFO : ConfigProcessor : Loading config: C:\Users\dorus\OneDrive\Documents\Pinball\Github\Pinball-MPF\mpfv1\modes\lanes\config\lanes.yaml
2022-10-23 15:57:21,373 : INFO : ConfigProcessor : Config file cache created: C:\Users\dorus\AppData\Local\Temp\07450fdcdb716b1c510f1f1f728b03da.mpf_cache
2022-10-23 15:57:21,373 : INFO : ConfigProcessor : Loading config from cache: C:\Users\dorus\AppData\Local\Temp\26dc7d91d16a8c3848757fce5df95f92.mpf_cache
2022-10-23 15:57:21,373 : INFO : ConfigProcessor : Loading config from cache: C:\Users\dorus\AppData\Local\Temp\e142fb215d63411261522b102b5844f9.mpf_cache
2022-10-23 15:57:21,373 : INFO : Machine : Mission Pinball Framework Core Engine v0.55.0
2022-10-23 15:57:21,373 : INFO : Machine : Command line arguments: {'no_load_cache': False, 'create_config_cache': True, 'bcp': True, 'configfile': ['config.yaml'], 'force_assets_load': False, 'jsonlogging': False, 'logfile': 'logs\\2022-10-23-15-57-21-mpf-LAPTOP-AS8QDAQG.log', 'pause': False, 'production': False, 'text_ui': True, 'loglevel': 15, 'consoleloglevel': 20, 'force_platform': 'smart_virtual', 'syslog_address': None, 'mc_file_name': None, 'no_sound': False}
2022-10-23 15:57:21,373 : INFO : Machine : MPF path: C:\Users\dorus\AppData\Local\Programs\Python\Python38\lib\site-packages\mpf
2022-10-23 15:57:21,373 : INFO : Machine : Machine path: C:\Users\dorus\OneDrive\Documents\Pinball\Github\Pinball-MPF\mpfv1
2022-10-23 15:57:21,373 : INFO : Machine : Platform: win32
2022-10-23 15:57:21,373 : INFO : Machine : Python executable location: C:\Users\dorus\AppData\Local\Programs\Python\Python38\python.exe
2022-10-23 15:57:21,373 : INFO : Machine : Python version: 3.8.10 (64-bit)
2022-10-23 15:57:21,389 : INFO : Machine : Initialise MPF.
2022-10-23 15:57:21,533 : INFO : EventManager : Event: ======'machine_var_credits_string'====== Args={'value': 'FREE PLAY', 'prev_value': None, 'change': True}
2022-10-23 15:57:21,583 : INFO : EventManager : Event: ======'machine_var_master_volume'====== Args={'value': 0.5, 'prev_value': None, 'change': True}
2022-10-23 15:57:21,583 : INFO : EventManager : Event: ======'machine_var_player1_score'====== Args={'value': 3000, 'prev_value': None, 'change': True}
2022-10-23 15:57:21,583 : INFO : EventManager : Event: ======'machine_var_mpf_version'====== Args={'value': 'MPF v0.55.0', 'prev_value': None, 'change': True}
2022-10-23 15:57:21,583 : INFO : EventManager : Event: ======'machine_var_mpf_extended_version'====== Args={'value': 'MPF v0.55.0, Config version:5, Show version: 5, BCP version:1.1', 'prev_value': None, 'change': True}
2022-10-23 15:57:21,583 : INFO : EventManager : Event: ======'machine_var_python_version'====== Args={'value': '3.8.10', 'prev_value': None, 'change': True}
2022-10-23 15:57:21,583 : INFO : EventManager : Event: ======'machine_var_platform'====== Args={'value': 'Windows-10-10.0.19044-SP0', 'prev_value': None, 'change': True}
2022-10-23 15:57:21,583 : INFO : EventManager : Event: ======'machine_var_platform_system'====== Args={'value': 'Windows', 'prev_value': None, 'change': True}
2022-10-23 15:57:21,583 : INFO : EventManager : Event: ======'machine_var_platform_release'====== Args={'value': '10', 'prev_value': None, 'change': True}
2022-10-23 15:57:21,583 : INFO : EventManager : Event: ======'machine_var_platform_version'====== Args={'value': '10.0.19044', 'prev_value': None, 'change': True}
2022-10-23 15:57:21,583 : INFO : EventManager : Event: ======'machine_var_platform_machine'====== Args={'value': 'AMD64', 'prev_value': None, 'change': True}
2022-10-23 15:57:21,583 : INFO : EventManager : Event: ======'init_phase_1'====== Args={}
2022-10-23 15:57:21,607 : INFO : EventManager : Event: ======'drop_target_bank_db_dropbank_up'====== Args={}
2022-10-23 15:57:21,607 : INFO : EventManager : Event: ======'init_phase_2'====== Args={}
2022-10-23 15:57:21,607 : INFO : SwitchController : Found active switch: ('2-0-19', <Platform.SmartVirtual>) <switch.s_trough1>
2022-10-23 15:57:21,607 : INFO : SwitchController : Found active switch: ('2-0-20', <Platform.SmartVirtual>) <switch.s_trough2>
2022-10-23 15:57:21,607 : INFO : SwitchController : Found active switch: ('2-0-21', <Platform.SmartVirtual>) <switch.s_trough3>
2022-10-23 15:57:21,607 : INFO : SwitchController : Found active switch: ('2-0-22', <Platform.SmartVirtual>) <switch.s_trough4>
2022-10-23 15:57:21,607 : INFO : EventManager : Event: ======'bcp_connection_attempt'====== Args={'name': 'local_display', 'host': 'localhost', 'port': 5050}
2022-10-23 15:57:21,607 : INFO : BCPClientSocket : Connecting BCP to 'local_display' at localhost:5050...
2022-10-23 15:57:23,673 : INFO : BCPClientSocket : Connected BCP to 'local_display' localhost:5050
2022-10-23 15:57:23,674 : INFO : EventManager : Event: ======'bcp_clients_connected'====== Args={}
2022-10-23 15:57:23,680 : INFO : ball_device.bd_trough : BCH: Initial count: 4
2022-10-23 15:57:23,680 : INFO : ball_device.bd_trough : State: idle
2022-10-23 15:57:23,682 : INFO : ball_device.bd_plunger : BCH: Initial count: 0
2022-10-23 15:57:23,683 : INFO : EventManager : Event: ======'machine_var_mc_version'====== Args={'value': 'MPF-MC v0.55.0', 'prev_value': None, 'change': True}
2022-10-23 15:57:23,683 : INFO : EventManager : Event: ======'machine_var_mc_extended_version'====== Args={'value': 'MPF-MC v0.55.0 (config_version=5, BCP v1.1, Requires MPF v0.55.0-dev.49)', 'prev_value': None, 'change': True}
2022-10-23 15:57:23,685 : INFO : ball_device.bd_plunger : State: idle
2022-10-23 15:57:23,700 : INFO : ball_device.bd_vukmid : BCH: Initial count: 0
2022-10-23 15:57:23,701 : INFO : ball_device.bd_vukmid : State: idle
2022-10-23 15:57:23,702 : INFO : ball_device.bd_vuktop : BCH: Initial count: 0
2022-10-23 15:57:23,702 : INFO : ball_device.bd_vuktop : State: idle
2022-10-23 15:57:23,776 : INFO : EventManager : Event: ======'init_phase_3'====== Args={}
2022-10-23 15:57:23,780 : INFO : EventManager : Event: ======'init_phase_4'====== Args={}
2022-10-23 15:57:23,780 : INFO : EventManager : Event: ======'playfield_active'====== Args={}
2022-10-23 15:57:23,780 : INFO : EventManager : Event: ======'unexpected_ball_on_playfield'====== Args={}
2022-10-23 15:57:23,780 : INFO : EventManager : Event: ======'playfield_active'====== Args={}
2022-10-23 15:57:23,780 : INFO : EventManager : Event: ======'unexpected_ball_on_playfield'====== Args={}
2022-10-23 15:57:23,780 : INFO : EventManager : Event: ======'playfield_active'====== Args={}
2022-10-23 15:57:23,780 : INFO : EventManager : Event: ======'unexpected_ball_on_playfield'====== Args={}
2022-10-23 15:57:23,780 : INFO : BallController : Initial balls found: 4
2022-10-23 15:57:23,782 : INFO : EventManager : Event: ======'machine_var_audits_events_game_ended'====== Args={'value': 0, 'prev_value': None, 'change': True}
2022-10-23 15:57:23,783 : INFO : EventManager : Event: ======'machine_var_audits_events_game_started'====== Args={'value': 0, 'prev_value': None, 'change': True}
2022-10-23 15:57:23,783 : INFO : EventManager : Event: ======'machine_var_audits_player_score'====== Args={'value': {'average': 29309.090909090908, 'top': [106800, 41000, 33100, 31800, 31200, 27600, 20200, 17500, 10200, 3000], 'total': 11}, 'prev_value': None, 'change': True}
2022-10-23 15:57:23,783 : INFO : EventManager : Event: ======'machine_var_audits_shots_lane_bottom_1'====== Args={'value': 2, 'prev_value': None, 'change': True}
2022-10-23 15:57:23,783 : INFO : EventManager : Event: ======'machine_var_audits_shots_lane_bottom_2'====== Args={'value': 2, 'prev_value': None, 'change': True}
2022-10-23 15:57:23,784 : INFO : EventManager : Event: ======'machine_var_audits_shots_lane_bottom_3'====== Args={'value': 2, 'prev_value': None, 'change': True}
2022-10-23 15:57:23,784 : INFO : EventManager : Event: ======'machine_var_audits_shots_lane_bottom_4'====== Args={'value': 1, 'prev_value': None, 'change': True}
2022-10-23 15:57:23,784 : INFO : EventManager : Event: ======'machine_var_audits_shots_lane_bottom_5'====== Args={'value': 1, 'prev_value': None, 'change': True}
2022-10-23 15:57:23,784 : INFO : EventManager : Event: ======'machine_var_audits_shots_lane_top_1'====== Args={'value': 152, 'prev_value': None, 'change': True}
2022-10-23 15:57:23,785 : INFO : EventManager : Event: ======'machine_var_audits_shots_lane_top_2'====== Args={'value': 137, 'prev_value': None, 'change': True}
2022-10-23 15:57:23,785 : INFO : EventManager : Event: ======'machine_var_audits_shots_lane_top_3'====== Args={'value': 117, 'prev_value': None, 'change': True}
2022-10-23 15:57:23,785 : INFO : EventManager : Event: ======'machine_var_audits_shots_orbit'====== Args={'value': 23, 'prev_value': None, 'change': True}
2022-10-23 15:57:23,785 : INFO : EventManager : Event: ======'machine_var_audits_shots_spinner'====== Args={'value': 178, 'prev_value': None, 'change': True}
2022-10-23 15:57:23,786 : INFO : EventManager : Event: ======'machine_var_audits_switches_s_bottomlane1'====== Args={'value': 17, 'prev_value': None, 'change': True}
2022-10-23 15:57:23,786 : INFO : EventManager : Event: ======'machine_var_audits_switches_s_bottomlane2'====== Args={'value': 30, 'prev_value': None, 'change': True}
2022-10-23 15:57:23,786 : INFO : EventManager : Event: ======'machine_var_audits_switches_s_bottomlane3'====== Args={'value': 151, 'prev_value': None, 'change': True}
2022-10-23 15:57:23,786 : INFO : EventManager : Event: ======'machine_var_audits_switches_s_bottomlane4'====== Args={'value': 35, 'prev_value': None, 'change': True}
2022-10-23 15:57:23,787 : INFO : EventManager : Event: ======'machine_var_audits_switches_s_bottomlane5'====== Args={'value': 14, 'prev_value': None, 'change': True}
2022-10-23 15:57:23,787 : INFO : EventManager : Event: ======'machine_var_audits_switches_s_drop1'====== Args={'value': 35, 'prev_value': None, 'change': True}
2022-10-23 15:57:23,787 : INFO : EventManager : Event: ======'machine_var_audits_switches_s_drop2'====== Args={'value': 17, 'prev_value': None, 'change': True}
2022-10-23 15:57:23,787 : INFO : EventManager : Event: ======'machine_var_audits_switches_s_drop3'====== Args={'value': 15, 'prev_value': None, 'change': True}
2022-10-23 15:57:23,788 : INFO : EventManager : Event: ======'machine_var_audits_switches_s_launch'====== Args={'value': 11, 'prev_value': None, 'change': True}
2022-10-23 15:57:23,788 : INFO : EventManager : Event: ======'machine_var_audits_switches_s_left01'====== Args={'value': 27, 'prev_value': None, 'change': True}
2022-10-23 15:57:23,789 : INFO : EventManager : Event: ======'machine_var_audits_switches_s_left02'====== Args={'value': 28, 'prev_value': None, 'change': True}
2022-10-23 15:57:23,789 : INFO : EventManager : Event: ======'machine_var_audits_switches_s_left03'====== Args={'value': 21, 'prev_value': None, 'change': True}
2022-10-23 15:57:23,789 : INFO : EventManager : Event: ======'machine_var_audits_switches_s_left_sling'====== Args={'value': 62, 'prev_value': None, 'change': True}
2022-10-23 15:57:23,789 : INFO : EventManager : Event: ======'machine_var_audits_switches_s_orbit1'====== Args={'value': 45, 'prev_value': None, 'change': True}
2022-10-23 15:57:23,790 : INFO : EventManager : Event: ======'machine_var_audits_switches_s_orbit2'====== Args={'value': 0, 'prev_value': None, 'change': True}
2022-10-23 15:57:23,790 : INFO : EventManager : Event: ======'machine_var_audits_switches_s_plunger_lane'====== Args={'value': 126, 'prev_value': None, 'change': True}
2022-10-23 15:57:23,790 : INFO : EventManager : Event: ======'machine_var_audits_switches_s_popbumber_1'====== Args={'value': 68, 'prev_value': None, 'change': True}
2022-10-23 15:57:23,790 : INFO : EventManager : Event: ======'machine_var_audits_switches_s_popbumber_2'====== Args={'value': 110, 'prev_value': None, 'change': True}
2022-10-23 15:57:23,790 : INFO : EventManager : Event: ======'machine_var_audits_switches_s_popbumber_3'====== Args={'value': 60, 'prev_value': None, 'change': True}
2022-10-23 15:57:23,791 : INFO : EventManager : Event: ======'machine_var_audits_switches_s_ramp'====== Args={'value': 38, 'prev_value': None, 'change': True}
2022-10-23 15:57:23,791 : INFO : EventManager : Event: ======'machine_var_audits_switches_s_right_sling'====== Args={'value': 120, 'prev_value': None, 'change': True}
2022-10-23 15:57:23,791 : INFO : EventManager : Event: ======'machine_var_audits_switches_s_rigth01'====== Args={'value': 59, 'prev_value': None, 'change': True}
2022-10-23 15:57:23,792 : INFO : EventManager : Event: ======'machine_var_audits_switches_s_rigth02'====== Args={'value': 24, 'prev_value': None, 'change': True}
2022-10-23 15:57:23,792 : INFO : EventManager : Event: ======'machine_var_audits_switches_s_rigth03'====== Args={'value': 15, 'prev_value': None, 'change': True}
2022-10-23 15:57:23,792 : INFO : EventManager : Event: ======'machine_var_audits_switches_s_spinner'====== Args={'value': 271, 'prev_value': None, 'change': True}
2022-10-23 15:57:23,792 : INFO : EventManager : Event: ======'machine_var_audits_switches_s_start'====== Args={'value': 4, 'prev_value': None, 'change': True}
2022-10-23 15:57:23,792 : INFO : EventManager : Event: ======'machine_var_audits_switches_s_top'====== Args={'value': 11, 'prev_value': None, 'change': True}
2022-10-23 15:57:23,792 : INFO : EventManager : Event: ======'machine_var_audits_switches_s_toplane1'====== Args={'value': 239, 'prev_value': None, 'change': True}
2022-10-23 15:57:23,793 : INFO : EventManager : Event: ======'machine_var_audits_switches_s_toplane2'====== Args={'value': 144, 'prev_value': None, 'change': True}
2022-10-23 15:57:23,793 : INFO : EventManager : Event: ======'machine_var_audits_switches_s_toplane3'====== Args={'value': 124, 'prev_value': None, 'change': True}
2022-10-23 15:57:23,793 : INFO : EventManager : Event: ======'machine_var_audits_switches_s_trough1'====== Args={'value': 38, 'prev_value': None, 'change': True}
2022-10-23 15:57:23,793 : INFO : EventManager : Event: ======'machine_var_audits_switches_s_trough2'====== Args={'value': 37, 'prev_value': None, 'change': True}
2022-10-23 15:57:23,793 : INFO : EventManager : Event: ======'machine_var_audits_switches_s_trough3'====== Args={'value': 27, 'prev_value': None, 'change': True}
2022-10-23 15:57:23,793 : INFO : EventManager : Event: ======'machine_var_audits_switches_s_trough4'====== Args={'value': 40, 'prev_value': None, 'change': True}
2022-10-23 15:57:23,794 : INFO : EventManager : Event: ======'machine_var_audits_switches_s_trough5'====== Args={'value': 29, 'prev_value': None, 'change': True}
2022-10-23 15:57:23,794 : INFO : EventManager : Event: ======'machine_var_audits_switches_s_trough6'====== Args={'value': 24, 'prev_value': None, 'change': True}
2022-10-23 15:57:23,794 : INFO : EventManager : Event: ======'machine_var_audits_switches_s_trough_jam'====== Args={'value': 27, 'prev_value': None, 'change': True}
2022-10-23 15:57:23,794 : INFO : EventManager : Event: ======'machine_var_audits_switches_s_vukmid'====== Args={'value': 47, 'prev_value': None, 'change': True}
2022-10-23 15:57:23,794 : INFO : EventManager : Event: ======'machine_var_audits_switches_s_vuktop'====== Args={'value': 15, 'prev_value': None, 'change': True}
2022-10-23 15:57:23,795 : INFO : EventManager : Event: ======'init_phase_5'====== Args={}
2022-10-23 15:57:23,804 : INFO : EventManager : Event: ======'init_done'====== Args={}
2022-10-23 15:57:23,804 : INFO : EventManager : Event: ======'machine_reset_phase_1'====== Args={}
2022-10-23 15:57:23,808 : INFO : EventManager : Event: ======'machine_reset_phase_2'====== Args={}
2022-10-23 15:57:23,808 : INFO : EventManager : Event: ======'machine_reset_phase_3'====== Args={}
2022-10-23 15:57:23,809 : INFO : drop_target_bank.db_dropbank : All targets are already up. Will not reset bank.
2022-10-23 15:57:23,809 : INFO : EventManager : Event: ======'reset_complete'====== Args={}
2022-10-23 15:57:23,809 : INFO : EventManager : Event: ======'mode_attract_will_start'====== Args={}
2022-10-23 15:57:23,809 : INFO : EventManager : Event: ======'mode_attract_starting'====== Args={}
2022-10-23 15:57:23,810 : INFO : Mode.attract : Started. Priority: 10
2022-10-23 15:57:23,810 : INFO : EventManager : Event: ======'modes_active_modes_changed'====== Args={}
2022-10-23 15:57:23,810 : INFO : EventManager : Event: ======'mode_attract_started'====== Args={}
2022-10-23 15:57:23,811 : INFO : EventManager : Event: ======'collecting_balls_complete'====== Args={}
2022-10-23 15:57:23,822 : INFO : Machine : Starting the main run loop.
2022-10-23 15:57:23,825 : INFO : EventManager : Event: ======'slide_layout_main_created'====== Args={'_from_bcp': True}
2022-10-23 15:57:23,827 : INFO : BcpServer : New client connected.
2022-10-23 15:57:23,833 : INFO : EventManager : Event: ======'slide_empty_slide_created'====== Args={'_from_bcp': True}
2022-10-23 15:57:23,836 : INFO : EventManager : Event: ======'slide_empty_slide_created'====== Args={'_from_bcp': True}
2022-10-23 15:57:23,839 : INFO : EventManager : Event: ======'slide_empty_slide_created'====== Args={'_from_bcp': True}
2022-10-23 15:57:23,843 : INFO : EventManager : Event: ======'slide_press_start_created'====== Args={'_from_bcp': True}
2022-10-23 15:57:23,846 : INFO : EventManager : Event: ======'slide_empty_slide_created'====== Args={'_from_bcp': True}
2022-10-23 15:57:23,850 : INFO : EventManager : Event: ======'slide_Title_slide_created'====== Args={'_from_bcp': True}
2022-10-23 15:57:23,854 : INFO : EventManager : Event: ======'slide_empty_slide_created'====== Args={'_from_bcp': True}
2022-10-23 15:57:23,883 : INFO : EventManager : Event: ======'slide_layout_main_active'====== Args={'_from_bcp': True}
2022-10-23 15:57:23,884 : INFO : EventManager : Event: ======'slide_empty_slide_active'====== Args={'_from_bcp': True}
2022-10-23 15:57:23,885 : INFO : EventManager : Event: ======'slide_empty_slide_active'====== Args={'_from_bcp': True}
2022-10-23 15:57:23,886 : INFO : EventManager : Event: ======'slide_empty_slide_active'====== Args={'_from_bcp': True}
2022-10-23 15:57:23,886 : INFO : EventManager : Event: ======'slide_press_start_active'====== Args={'_from_bcp': True}
2022-10-23 15:57:23,887 : INFO : EventManager : Event: ======'slide_empty_slide_active'====== Args={'_from_bcp': True}
2022-10-23 15:57:23,889 : INFO : EventManager : Event: ======'slide_Title_slide_active'====== Args={'_from_bcp': True}
2022-10-23 15:57:23,890 : INFO : EventManager : Event: ======'slide_empty_slide_active'====== Args={'_from_bcp': True}
2022-10-23 15:57:26,706 : INFO : SwitchController : <<<<<<< 's_start' active >>>>>>>
2022-10-23 15:57:26,783 : INFO : SwitchController : <<<<<<< 's_start' inactive >>>>>>>
2022-10-23 15:57:26,783 : INFO : EventManager : Event: ======'request_to_start_game'====== Args={}
2022-10-23 15:57:26,785 : INFO : EventManager : Event: ======'game_start'====== Args={'buttons': [], 'hold_time': 0.07800000000133878}
2022-10-23 15:57:26,785 : INFO : EventManager : Event: ======'mode_game_will_start'====== Args={'buttons': [], 'hold_time': 0.07800000000133878}
2022-10-23 15:57:26,787 : INFO : EventManager : Event: ======'mode_game_starting'====== Args={'buttons': [], 'hold_time': 0.07800000000133878}
2022-10-23 15:57:26,788 : INFO : EventManager : Event: ======'mode_attract_will_stop'====== Args={}
2022-10-23 15:57:26,788 : INFO : EventManager : Event: ======'mode_attract_stopping'====== Args={}
2022-10-23 15:57:26,788 : INFO : Mode.attract : Stopped.
2022-10-23 15:57:26,788 : INFO : EventManager : Event: ======'modes_active_modes_changed'====== Args={}
2022-10-23 15:57:26,789 : INFO : EventManager : Event: ======'mode_attract_stopped'====== Args={}
2022-10-23 15:57:26,789 : INFO : EventManager : Event: ======'clear'====== Args={'key': 'attract'}
2022-10-23 15:57:26,789 : INFO : Mode.game : Started. Priority: 20
2022-10-23 15:57:26,789 : INFO : EventManager : Event: ======'modes_active_modes_changed'====== Args={}
2022-10-23 15:57:26,790 : INFO : EventManager : Event: ======'mode_game_started'====== Args={'buttons': [], 'hold_time': 0.07800000000133878}
2022-10-23 15:57:26,794 : INFO : EventManager : Event: ======'game_will_start'====== Args={}
2022-10-23 15:57:26,796 : INFO : EventManager : Event: ======'game_starting'====== Args={'game': <Mode.game>}
2022-10-23 15:57:26,797 : INFO : EventManager : Event: ======'slide_layout_main_removed'====== Args={'_from_bcp': True}
2022-10-23 15:57:26,798 : INFO : EventManager : Event: ======'slide_empty_slide_removed'====== Args={'_from_bcp': True}
2022-10-23 15:57:26,799 : INFO : EventManager : Event: ======'player_add_request'====== Args={}
2022-10-23 15:57:26,800 : INFO : EventManager : Event: ======'player_will_add'====== Args={'number': 1}
2022-10-23 15:57:26,801 : INFO : EventManager : Event: ======'player_adding'====== Args={'player': <Player 1>, 'number': 1}
2022-10-23 15:57:26,801 : INFO : EventManager : Event: ======'player_added'====== Args={'player': <Player 1>, 'num': 1}
2022-10-23 15:57:26,801 : INFO : Mode.game : Player added successfully. Total players: 1
2022-10-23 15:57:26,802 : INFO : EventManager : Event: ======'player_index'====== Args={'value': 0, 'prev_value': 0, 'change': 0, 'player_num': 1}
2022-10-23 15:57:26,802 : INFO : EventManager : Event: ======'player_number'====== Args={'value': 1, 'prev_value': 1, 'change': 0, 'player_num': 1}
2022-10-23 15:57:26,802 : INFO : EventManager : Event: ======'player_score'====== Args={'value': 0, 'prev_value': 0, 'change': 0, 'player_num': 1}
2022-10-23 15:57:26,803 : INFO : EventManager : Event: ======'slide_empty_slide_removed'====== Args={'_from_bcp': True}
2022-10-23 15:57:26,803 : INFO : EventManager : Event: ======'slide_empty_slide_removed'====== Args={'_from_bcp': True}
2022-10-23 15:57:26,803 : INFO : EventManager : Event: ======'slide_press_start_removed'====== Args={'_from_bcp': True}
2022-10-23 15:57:26,804 : INFO : EventManager : Event: ======'game_started'====== Args={}
2022-10-23 15:57:26,824 : INFO : EventManager : Event: ======'player_turn_will_start'====== Args={'player': <Player 1>, 'number': 1}
2022-10-23 15:57:26,825 : INFO : EventManager : Event: ======'slide_empty_slide_removed'====== Args={'_from_bcp': True}
2022-10-23 15:57:26,825 : INFO : EventManager : Event: ======'slide_Title_slide_removed'====== Args={'_from_bcp': True}
2022-10-23 15:57:26,825 : INFO : EventManager : Event: ======'slide_empty_slide_removed'====== Args={'_from_bcp': True}
2022-10-23 15:57:26,825 : INFO : EventManager : Event: ======'slide_window_blank_active'====== Args={'_from_bcp': True}
2022-10-23 15:57:26,825 : INFO : EventManager : Event: ======'slide_Disp_Player_blank_active'====== Args={'_from_bcp': True}
2022-10-23 15:57:26,825 : INFO : EventManager : Event: ======'slide_Disp_Menu_blank_active'====== Args={'_from_bcp': True}
2022-10-23 15:57:26,827 : INFO : EventManager : Event: ======'slide_Disp_Ball_blank_active'====== Args={'_from_bcp': True}
2022-10-23 15:57:26,827 : INFO : EventManager : Event: ======'slide_Disp_Message_blank_active'====== Args={'_from_bcp': True}
2022-10-23 15:57:26,827 : INFO : EventManager : Event: ======'slide_Disp_Counter_blank_active'====== Args={'_from_bcp': True}
2022-10-23 15:57:26,827 : INFO : EventManager : Event: ======'slide_Disp_Score_blank_active'====== Args={'_from_bcp': True}
2022-10-23 15:57:26,827 : INFO : EventManager : Event: ======'slide_Disp_Icons_blank_active'====== Args={'_from_bcp': True}
2022-10-23 15:57:26,828 : INFO : EventManager : Event: ======'player_turn_starting'====== Args={'player': <Player 1>, 'number': 1}
2022-10-23 15:57:26,829 : INFO : EventManager : Event: ======'player_ball'====== Args={'value': 1, 'prev_value': 0, 'change': 1, 'player_num': 1}
2022-10-23 15:57:26,830 : INFO : EventManager : Event: ======'player_turn_started'====== Args={'player': <Player 1>, 'number': 1}
2022-10-23 15:57:26,832 : INFO : EventManager : Event: ======'ball_will_start'====== Args={'player': 1, 'ball': 1, 'balls_remaining': 2, 'is_extra_ball': False}
2022-10-23 15:57:26,840 : INFO : EventManager : Event: ======'ball_starting'====== Args={'player': 1, 'ball': 1, 'balls_remaining': 2, 'is_extra_ball': False}
2022-10-23 15:57:26,841 : INFO : EventManager : Event: ======'mode_orbit_will_start'====== Args={'queue': <QueuedEvent>, 'player': 1, 'ball': 1, 'balls_remaining': 2, 'is_extra_ball': False}
2022-10-23 15:57:26,842 : INFO : EventManager : Event: ======'player_shot_spinner_enabled'====== Args={'value': True, 'prev_value': 0, 'change': 1, 'player_num': 1}
2022-10-23 15:57:26,843 : INFO : EventManager : Event: ======'player_shot_orbit_enabled'====== Args={'value': True, 'prev_value': 0, 'change': 1, 'player_num': 1}
2022-10-23 15:57:26,845 : INFO : EventManager : Event: ======'mode_orbit_starting'====== Args={'queue': <QueuedEvent>, 'player': 1, 'ball': 1, 'balls_remaining': 2, 'is_extra_ball': False}
2022-10-23 15:57:26,846 : INFO : EventManager : Event: ======'mode_base_will_start'====== Args={'queue': <QueuedEvent>, 'player': 1, 'ball': 1, 'balls_remaining': 2, 'is_extra_ball': False}
2022-10-23 15:57:26,847 : INFO : EventManager : Event: ======'mode_base_starting'====== Args={'queue': <QueuedEvent>, 'player': 1, 'ball': 1, 'balls_remaining': 2, 'is_extra_ball': False}
2022-10-23 15:57:26,847 : INFO : drop_target_bank.db_dropbank : All targets are already up. Will not reset bank.
2022-10-23 15:57:26,848 : INFO : Mode.base : Started. Priority: 100
2022-10-23 15:57:26,848 : INFO : EventManager : Event: ======'modes_active_modes_changed'====== Args={}
2022-10-23 15:57:26,848 : INFO : EventManager : Event: ======'mode_base_started'====== Args={'queue': <QueuedEvent>, 'player': 1, 'ball': 1, 'balls_remaining': 2, 'is_extra_ball': False}
2022-10-23 15:57:26,849 : INFO : Mode.orbit : Started. Priority: 101
2022-10-23 15:57:26,849 : INFO : EventManager : Event: ======'modes_active_modes_changed'====== Args={}
2022-10-23 15:57:26,849 : INFO : EventManager : Event: ======'mode_orbit_started'====== Args={'queue': <QueuedEvent>, 'player': 1, 'ball': 1, 'balls_remaining': 2, 'is_extra_ball': False}
2022-10-23 15:57:26,850 : INFO : EventManager : Event: ======'balls_in_play'====== Args={'balls': 1}
2022-10-23 15:57:26,850 : INFO : EventManager : Event: ======'ball_started'====== Args={'player': 1, 'ball': 1, 'balls_remaining': 2, 'is_extra_ball': False}
2022-10-23 15:57:26,851 : INFO : EventManager : Event: ======'mode_lanes_will_start'====== Args={'player': 1, 'ball': 1, 'balls_remaining': 2, 'is_extra_ball': False}
2022-10-23 15:57:26,851 : INFO : EventManager : Event: ======'player_shot_lane_top_1_enabled'====== Args={'value': True, 'prev_value': 0, 'change': 1, 'player_num': 1}
2022-10-23 15:57:26,852 : INFO : EventManager : Event: ======'player_shot_lane_top_2_enabled'====== Args={'value': True, 'prev_value': 0, 'change': 1, 'player_num': 1}
2022-10-23 15:57:26,852 : INFO : EventManager : Event: ======'player_shot_lane_top_3_enabled'====== Args={'value': True, 'prev_value': 0, 'change': 1, 'player_num': 1}
2022-10-23 15:57:26,852 : INFO : EventManager : Event: ======'player_shot_lane_bottom_1_enabled'====== Args={'value': True, 'prev_value': 0, 'change': 1, 'player_num': 1}
2022-10-23 15:57:26,853 : INFO : EventManager : Event: ======'player_shot_lane_bottom_2_enabled'====== Args={'value': True, 'prev_value': 0, 'change': 1, 'player_num': 1}
2022-10-23 15:57:26,853 : INFO : EventManager : Event: ======'player_shot_lane_bottom_3_enabled'====== Args={'value': True, 'prev_value': 0, 'change': 1, 'player_num': 1}
2022-10-23 15:57:26,853 : INFO : EventManager : Event: ======'player_shot_lane_bottom_4_enabled'====== Args={'value': True, 'prev_value': 0, 'change': 1, 'player_num': 1}
2022-10-23 15:57:26,854 : INFO : EventManager : Event: ======'player_shot_lane_bottom_5_enabled'====== Args={'value': True, 'prev_value': 0, 'change': 1, 'player_num': 1}
2022-10-23 15:57:26,854 : INFO : EventManager : Event: ======'lanes_top_complete'====== Args={'state': 'unlit'}
2022-10-23 15:57:26,854 : INFO : EventManager : Event: ======'lanes_top_unlit_complete'====== Args={}
2022-10-23 15:57:26,854 : INFO : EventManager : Event: ======'lanes_bottom_complete'====== Args={'state': 'unlit'}
2022-10-23 15:57:26,854 : INFO : EventManager : Event: ======'lanes_bottom_unlit_complete'====== Args={}
2022-10-23 15:57:26,856 : INFO : EventManager : Event: ======'mode_lanes_starting'====== Args={'player': 1, 'ball': 1, 'balls_remaining': 2, 'is_extra_ball': False}
2022-10-23 15:57:26,870 : INFO : EventManager : Event: ======'logicblock_lane_top_count_updated'====== Args={'value': 1, 'enabled': True}
2022-10-23 15:57:26,870 : INFO : EventManager : Event: ======'logicblock_lane_top_count_updated'====== Args={'value': 1, 'enabled': True}
2022-10-23 15:57:26,870 : INFO : Mode.lanes : Started. Priority: 110
2022-10-23 15:57:26,871 : INFO : EventManager : Event: ======'modes_active_modes_changed'====== Args={}
2022-10-23 15:57:26,872 : INFO : EventManager : Event: ======'mode_lanes_started'====== Args={'player': 1, 'ball': 1, 'balls_remaining': 2, 'is_extra_ball': False}
2022-10-23 15:57:26,872 : INFO : EventManager : Event: ======'single_player_ball_started'====== Args={}
2022-10-23 15:57:26,874 : INFO : EventManager : Event: ======'player_pf_multiplier'====== Args={'value': 1, 'prev_value': 0, 'change': 1, 'player_num': 1}
2022-10-23 15:57:26,874 : INFO : EventManager : Event: ======'player_pf_multiplier2'====== Args={'value': 1, 'prev_value': 0, 'change': 1, 'player_num': 1}
2022-10-23 15:57:26,875 : INFO : EventManager : Event: ======'ball_start_target'====== Args={'target': 'playfield'}
2022-10-23 15:57:26,891 : INFO : ball_device.bd_plunger : Setting up player-controlled eject. Balls: 1, Target: <playfield.playfield>, player_controlled_eject_event: s_launch_active
2022-10-23 15:57:26,892 : INFO : EventManager : Event: ======'balldevice_balls_available'====== Args={}
2022-10-23 15:57:26,893 : INFO : EventManager : Event: ======'slide_layout_main_created'====== Args={'_from_bcp': True}
2022-10-23 15:57:26,893 : INFO : EventManager : Event: ======'slide_player_slide_created'====== Args={'_from_bcp': True}
2022-10-23 15:57:26,893 : INFO : EventManager : Event: ======'slide_empty_slide_created'====== Args={'_from_bcp': True}
2022-10-23 15:57:26,893 : INFO : EventManager : Event: ======'slide_ball_slide_created'====== Args={'_from_bcp': True}
2022-10-23 15:57:26,894 : INFO : ball_device.bd_trough : State: waiting_for_target_ready
2022-10-23 15:57:26,894 : INFO : EventManager : Event: ======'balldevice_bd_trough_ball_eject_attempt'====== Args={'balls': 1, 'target': <ball_device.bd_plunger>, 'source': <ball_device.bd_trough>, 'mechanical_eject': True, 'num_attempts': 0}
2022-10-23 15:57:26,894 : INFO : ball_device.bd_plunger : State: waiting_for_ball
2022-10-23 15:57:26,895 : INFO : ball_device.bd_trough : State: ejecting
2022-10-23 15:57:26,896 : INFO : ball_device.bd_trough : Ejecting ball to <ball_device.bd_plunger>
2022-10-23 15:57:26,896 : INFO : EventManager : Event: ======'balldevice_bd_trough_ejecting_ball'====== Args={'balls': 1, 'target': <ball_device.bd_plunger>, 'source': <ball_device.bd_trough>, 'mechanical_eject': True, 'num_attempts': 0}
2022-10-23 15:57:26,898 : INFO : EventManager : Event: ======'slide_empty_slide_created'====== Args={'_from_bcp': True}
2022-10-23 15:57:26,899 : INFO : ball_device.bd_trough : Wait for ball to leave device
2022-10-23 15:57:26,899 : INFO : coil.c_trough_eject : Pulsing Driver for 25ms (1.0 pulse_power)
2022-10-23 15:57:26,900 : INFO : SwitchController : <<<<<<< 's_trough1' inactive >>>>>>>
2022-10-23 15:57:26,905 : INFO : EventManager : Event: ======'slide_empty_slide_created'====== Args={'_from_bcp': True}
2022-10-23 15:57:26,906 : INFO : ball_device.bd_trough : State: ball_left
2022-10-23 15:57:26,906 : INFO : ball_device.bd_trough : Ball left
2022-10-23 15:57:26,906 : INFO : ball_device.bd_trough : Wait for confirm with timeout 10.0
2022-10-23 15:57:26,908 : INFO : EventManager : Event: ======'slide_score_slide_created'====== Args={'_from_bcp': True}
2022-10-23 15:57:26,912 : INFO : EventManager : Event: ======'slide_empty_slide_created'====== Args={'_from_bcp': True}
2022-10-23 15:57:26,936 : INFO : EventManager : Event: ======'slide_layout_main_active'====== Args={'_from_bcp': True}
2022-10-23 15:57:26,937 : INFO : EventManager : Event: ======'slide_player_slide_active'====== Args={'_from_bcp': True}
2022-10-23 15:57:26,938 : INFO : EventManager : Event: ======'slide_empty_slide_active'====== Args={'_from_bcp': True}
2022-10-23 15:57:26,939 : INFO : EventManager : Event: ======'slide_ball_slide_active'====== Args={'_from_bcp': True}
2022-10-23 15:57:26,941 : INFO : EventManager : Event: ======'slide_empty_slide_active'====== Args={'_from_bcp': True}
2022-10-23 15:57:26,942 : INFO : EventManager : Event: ======'slide_empty_slide_active'====== Args={'_from_bcp': True}
2022-10-23 15:57:26,943 : INFO : EventManager : Event: ======'slide_score_slide_active'====== Args={'_from_bcp': True}
2022-10-23 15:57:26,943 : INFO : EventManager : Event: ======'slide_empty_slide_active'====== Args={'_from_bcp': True}
2022-10-23 15:57:27,010 : INFO : SwitchController : <<<<<<< 's_plunger_lane' active >>>>>>>
2022-10-23 15:57:27,011 : INFO : EventManager : Event: ======'machine_var_audits_switches_s_plunger_lane'====== Args={'value': 127, 'prev_value': 126, 'change': 1}
2022-10-23 15:57:27,526 : INFO : ball_device.bd_plunger : Received ball from <ball_device.bd_trough>
2022-10-23 15:57:27,526 : INFO : EventManager : Event: ======'balldevice_bd_plunger_ball_enter'====== Args={'new_balls': 1, 'unclaimed_balls': 0, 'new_available_balls': 0, 'device': <ball_device.bd_plunger>}
2022-10-23 15:57:27,527 : INFO : EventManager : Event: ======'balldevice_bd_plunger_ball_entered'====== Args={'new_balls': 0, 'device': <ball_device.bd_plunger>}
2022-10-23 15:57:27,527 : INFO : EventManager : Event: ======'balldevice_bd_plunger_ball_count_changed'====== Args={'balls': 1}
2022-10-23 15:57:27,528 : INFO : ball_device.bd_trough : Got eject confirm
2022-10-23 15:57:27,528 : INFO : ball_device.bd_trough : Eject successful
2022-10-23 15:57:27,528 : INFO : EventManager : Event: ======'balldevice_bd_trough_ball_eject_success'====== Args={'balls': 1, 'target': <ball_device.bd_plunger>}
2022-10-23 15:57:27,528 : INFO : EventManager : Event: ======'balldevice_bd_trough_ball_count_changed'====== Args={'balls': 3}
2022-10-23 15:57:27,529 : INFO : ball_device.bd_trough : State: idle
2022-10-23 15:57:27,529 : INFO : ball_device.bd_plunger : State: waiting_for_target_ready
2022-10-23 15:57:27,529 : INFO : EventManager : Event: ======'balldevice_bd_plunger_ball_eject_attempt'====== Args={'balls': 1, 'target': <playfield.playfield>, 'source': <ball_device.bd_plunger>, 'mechanical_eject': True, 'num_attempts': 0}
2022-10-23 15:57:27,530 : INFO : ball_device.bd_plunger : State: ejecting
2022-10-23 15:57:27,530 : INFO : ball_device.bd_plunger : Ejecting ball to <playfield.playfield>
2022-10-23 15:57:27,530 : INFO : EventManager : Event: ======'balldevice_bd_plunger_ejecting_ball'====== Args={'balls': 1, 'target': <playfield.playfield>, 'source': <ball_device.bd_plunger>, 'mechanical_eject': True, 'num_attempts': 0}
2022-10-23 15:57:27,532 : INFO : ball_device.bd_plunger : Wait for ball to leave device
2022-10-23 15:57:29,264 : INFO : SwitchController : <<<<<<< 's_bottomlane1' active >>>>>>>
2022-10-23 15:57:29,264 : INFO : EventManager : Event: ======'playfield_active'====== Args={}
2022-10-23 15:57:29,264 : INFO : EventManager : Event: ======'s_bottomlane1_active'====== Args={}
2022-10-23 15:57:29,264 : INFO : EventManager : Event: ======'machine_var_audits_switches_s_bottomlane1'====== Args={'value': 18, 'prev_value': 17, 'change': 1}
2022-10-23 15:57:29,272 : INFO : EventManager : Event: ======'player_shot_lane_bottom_1'====== Args={'value': 1, 'prev_value': 0, 'change': 1, 'player_num': 1}
2022-10-23 15:57:29,272 : INFO : EventManager : Event: ======'machine_var_audits_shots_lane_bottom_1'====== Args={'value': 3, 'prev_value': 2, 'change': 1}
2022-10-23 15:57:29,272 : INFO : EventManager : Event: ======'lane_bottom_1_hit'====== Args={'profile': 'default', 'state': 'unlit', 'advancing': True}
2022-10-23 15:57:29,273 : INFO : EventManager : Event: ======'lane_bottom_1_default_hit'====== Args={'profile': 'default', 'state': 'unlit', 'advancing': True}
2022-10-23 15:57:29,273 : INFO : EventManager : Event: ======'lane_bottom_1_default_unlit_hit'====== Args={'profile': 'default', 'state': 'unlit', 'advancing': True}
2022-10-23 15:57:29,273 : INFO : EventManager : Event: ======'lane_bottom_1_unlit_hit'====== Args={'profile': 'default', 'state': 'unlit', 'advancing': True}
2022-10-23 15:57:29,273 : INFO : EventManager : Event: ======'player_score'====== Args={'value': 1000, 'prev_value': 0, 'change': 1000, 'player_num': 1}
2022-10-23 15:57:29,273 : INFO : EventManager : Event: ======'lanes_bottom_hit'====== Args={}
2022-10-23 15:57:29,273 : INFO : EventManager : Event: ======'lanes_bottom_unlit_hit'====== Args={}
2022-10-23 15:57:29,391 : INFO : SwitchController : <<<<<<< 's_bottomlane1' inactive >>>>>>>
2022-10-23 15:57:30,872 : INFO : SwitchController : <<<<<<< 's_bottomlane2' active >>>>>>>
2022-10-23 15:57:30,872 : INFO : EventManager : Event: ======'playfield_active'====== Args={}
2022-10-23 15:57:30,872 : INFO : EventManager : Event: ======'s_bottomlane2_active'====== Args={}
2022-10-23 15:57:30,872 : INFO : EventManager : Event: ======'machine_var_audits_switches_s_bottomlane2'====== Args={'value': 31, 'prev_value': 30, 'change': 1}
2022-10-23 15:57:30,874 : INFO : EventManager : Event: ======'player_shot_lane_bottom_2'====== Args={'value': 1, 'prev_value': 0, 'change': 1, 'player_num': 1}
2022-10-23 15:57:30,874 : INFO : EventManager : Event: ======'machine_var_audits_shots_lane_bottom_2'====== Args={'value': 3, 'prev_value': 2, 'change': 1}
2022-10-23 15:57:30,874 : INFO : EventManager : Event: ======'lane_bottom_2_hit'====== Args={'profile': 'default', 'state': 'unlit', 'advancing': True}
2022-10-23 15:57:30,875 : INFO : EventManager : Event: ======'lane_bottom_2_default_hit'====== Args={'profile': 'default', 'state': 'unlit', 'advancing': True}
2022-10-23 15:57:30,875 : INFO : EventManager : Event: ======'lane_bottom_2_default_unlit_hit'====== Args={'profile': 'default', 'state': 'unlit', 'advancing': True}
2022-10-23 15:57:30,875 : INFO : EventManager : Event: ======'lane_bottom_2_unlit_hit'====== Args={'profile': 'default', 'state': 'unlit', 'advancing': True}
2022-10-23 15:57:30,875 : INFO : EventManager : Event: ======'player_score'====== Args={'value': 2000, 'prev_value': 1000, 'change': 1000, 'player_num': 1}
2022-10-23 15:57:30,875 : INFO : EventManager : Event: ======'lanes_bottom_hit'====== Args={}
2022-10-23 15:57:30,875 : INFO : EventManager : Event: ======'lanes_bottom_unlit_hit'====== Args={}
2022-10-23 15:57:30,973 : INFO : SwitchController : <<<<<<< 's_bottomlane2' inactive >>>>>>>
2022-10-23 15:57:31,889 : INFO : SwitchController : <<<<<<< 's_bottomlane3' active >>>>>>>
2022-10-23 15:57:31,889 : INFO : EventManager : Event: ======'playfield_active'====== Args={}
2022-10-23 15:57:31,889 : INFO : EventManager : Event: ======'s_bottomlane3_active'====== Args={}
2022-10-23 15:57:31,889 : INFO : EventManager : Event: ======'machine_var_audits_switches_s_bottomlane3'====== Args={'value': 152, 'prev_value': 151, 'change': 1}
2022-10-23 15:57:31,890 : INFO : EventManager : Event: ======'player_shot_lane_bottom_3'====== Args={'value': 1, 'prev_value': 0, 'change': 1, 'player_num': 1}
2022-10-23 15:57:31,891 : INFO : EventManager : Event: ======'machine_var_audits_shots_lane_bottom_3'====== Args={'value': 3, 'prev_value': 2, 'change': 1}
2022-10-23 15:57:31,891 : INFO : EventManager : Event: ======'lane_bottom_3_hit'====== Args={'profile': 'default', 'state': 'unlit', 'advancing': True}
2022-10-23 15:57:31,891 : INFO : EventManager : Event: ======'lane_bottom_3_default_hit'====== Args={'profile': 'default', 'state': 'unlit', 'advancing': True}
2022-10-23 15:57:31,891 : INFO : EventManager : Event: ======'lane_bottom_3_default_unlit_hit'====== Args={'profile': 'default', 'state': 'unlit', 'advancing': True}
2022-10-23 15:57:31,891 : INFO : EventManager : Event: ======'lane_bottom_3_unlit_hit'====== Args={'profile': 'default', 'state': 'unlit', 'advancing': True}
2022-10-23 15:57:31,891 : INFO : EventManager : Event: ======'player_score'====== Args={'value': 3000, 'prev_value': 2000, 'change': 1000, 'player_num': 1}
2022-10-23 15:57:31,892 : INFO : EventManager : Event: ======'lanes_bottom_hit'====== Args={}
2022-10-23 15:57:31,892 : INFO : EventManager : Event: ======'lanes_bottom_unlit_hit'====== Args={}
2022-10-23 15:57:31,998 : INFO : SwitchController : <<<<<<< 's_bottomlane3' inactive >>>>>>>
2022-10-23 15:57:33,304 : INFO : SwitchController : <<<<<<< 's_bottomlane4' active >>>>>>>
2022-10-23 15:57:33,304 : INFO : EventManager : Event: ======'playfield_active'====== Args={}
2022-10-23 15:57:33,304 : INFO : EventManager : Event: ======'s_bottomlane4_active'====== Args={}
2022-10-23 15:57:33,305 : INFO : EventManager : Event: ======'machine_var_audits_switches_s_bottomlane4'====== Args={'value': 36, 'prev_value': 35, 'change': 1}
2022-10-23 15:57:33,305 : INFO : EventManager : Event: ======'player_shot_lane_bottom_4'====== Args={'value': 1, 'prev_value': 0, 'change': 1, 'player_num': 1}
2022-10-23 15:57:33,306 : INFO : EventManager : Event: ======'machine_var_audits_shots_lane_bottom_4'====== Args={'value': 2, 'prev_value': 1, 'change': 1}
2022-10-23 15:57:33,306 : INFO : EventManager : Event: ======'lane_bottom_4_hit'====== Args={'profile': 'default', 'state': 'unlit', 'advancing': True}
2022-10-23 15:57:33,307 : INFO : EventManager : Event: ======'lane_bottom_4_default_hit'====== Args={'profile': 'default', 'state': 'unlit', 'advancing': True}
2022-10-23 15:57:33,307 : INFO : EventManager : Event: ======'lane_bottom_4_default_unlit_hit'====== Args={'profile': 'default', 'state': 'unlit', 'advancing': True}
2022-10-23 15:57:33,307 : INFO : EventManager : Event: ======'lane_bottom_4_unlit_hit'====== Args={'profile': 'default', 'state': 'unlit', 'advancing': True}
2022-10-23 15:57:33,307 : INFO : EventManager : Event: ======'player_score'====== Args={'value': 4000, 'prev_value': 3000, 'change': 1000, 'player_num': 1}
2022-10-23 15:57:33,307 : INFO : EventManager : Event: ======'lanes_bottom_hit'====== Args={}
2022-10-23 15:57:33,307 : INFO : EventManager : Event: ======'lanes_bottom_unlit_hit'====== Args={}
2022-10-23 15:57:33,407 : INFO : SwitchController : <<<<<<< 's_bottomlane4' inactive >>>>>>>
2022-10-23 15:57:34,368 : INFO : SwitchController : <<<<<<< 's_bottomlane5' active >>>>>>>
2022-10-23 15:57:34,368 : INFO : EventManager : Event: ======'playfield_active'====== Args={}
2022-10-23 15:57:34,368 : INFO : EventManager : Event: ======'s_bottomlane5_active'====== Args={}
2022-10-23 15:57:34,368 : INFO : EventManager : Event: ======'machine_var_audits_switches_s_bottomlane5'====== Args={'value': 15, 'prev_value': 14, 'change': 1}
2022-10-23 15:57:34,370 : INFO : EventManager : Event: ======'player_shot_lane_bottom_5'====== Args={'value': 1, 'prev_value': 0, 'change': 1, 'player_num': 1}
2022-10-23 15:57:34,372 : INFO : EventManager : Event: ======'machine_var_audits_shots_lane_bottom_5'====== Args={'value': 2, 'prev_value': 1, 'change': 1}
2022-10-23 15:57:34,373 : INFO : EventManager : Event: ======'lane_bottom_5_hit'====== Args={'profile': 'default', 'state': 'unlit', 'advancing': True}
2022-10-23 15:57:34,373 : INFO : EventManager : Event: ======'lane_bottom_5_default_hit'====== Args={'profile': 'default', 'state': 'unlit', 'advancing': True}
2022-10-23 15:57:34,373 : INFO : EventManager : Event: ======'lane_bottom_5_default_unlit_hit'====== Args={'profile': 'default', 'state': 'unlit', 'advancing': True}
2022-10-23 15:57:34,374 : INFO : EventManager : Event: ======'lane_bottom_5_unlit_hit'====== Args={'profile': 'default', 'state': 'unlit', 'advancing': True}
2022-10-23 15:57:34,374 : INFO : EventManager : Event: ======'lanes_bottom_complete'====== Args={'state': 'lit'}
2022-10-23 15:57:34,375 : INFO : EventManager : Event: ======'lanes_bottom_lit_complete'====== Args={}
2022-10-23 15:57:34,375 : INFO : EventManager : Event: ======'lanes_bottom_hit'====== Args={}
2022-10-23 15:57:34,375 : INFO : EventManager : Event: ======'lanes_bottom_unlit_hit'====== Args={}
2022-10-23 15:57:34,397 : INFO : EventManager : Event: ======'slide_lanes_bottom_complete_slide_created'====== Args={'_from_bcp': True}
2022-10-23 15:57:34,399 : INFO : EventManager : Event: ======'slide_lanes_bottom_complete_slide_active'====== Args={'_from_bcp': True}
2022-10-23 15:57:34,502 : INFO : SwitchController : <<<<<<< 's_bottomlane5' inactive >>>>>>>
2022-10-23 15:57:35,386 : INFO : EventManager : Event: ======'player_shot_lane_bottom_1'====== Args={'value': 0, 'prev_value': 1, 'change': -1, 'player_num': 1}
2022-10-23 15:57:35,386 : INFO : EventManager : Event: ======'player_shot_lane_bottom_2'====== Args={'value': 0, 'prev_value': 1, 'change': -1, 'player_num': 1}
2022-10-23 15:57:35,387 : INFO : EventManager : Event: ======'player_shot_lane_bottom_3'====== Args={'value': 0, 'prev_value': 1, 'change': -1, 'player_num': 1}
2022-10-23 15:57:35,388 : INFO : EventManager : Event: ======'player_shot_lane_bottom_4'====== Args={'value': 0, 'prev_value': 1, 'change': -1, 'player_num': 1}
2022-10-23 15:57:35,389 : INFO : EventManager : Event: ======'player_shot_lane_bottom_5'====== Args={'value': 0, 'prev_value': 1, 'change': -1, 'player_num': 1}
2022-10-23 15:57:37,393 : INFO : EventManager : Event: ======'slide_lanes_bottom_complete_slide_removed'====== Args={'_from_bcp': True}
2022-10-23 15:57:37,396 : INFO : EventManager : Event: ======'slide_empty_slide_active'====== Args={'_from_bcp': True}
2022-10-23 15:58:43,443 : INFO : Machine : Shutting down...
2022-10-23 15:58:43,444 : INFO : EventManager : Event: ======'shutdown'====== Args={}
2022-10-23 15:58:43,450 : INFO : root : MPF run loop ended.
