2022-09-17 09:36:50,516 : kivy : Factory: 186 symbols loaded
2022-09-17 09:36:50,757 : kivy : ImageLoaderFFPy: Using ffpyplayer 4.3.2
2022-09-17 09:36:50,758 : kivy : Image: Providers: img_tex, img_dds, img_sdl2, img_pil, img_ffpyplayer 
2022-09-17 09:36:50,833 : kivy : VideoGstplayer: Using Gstreamer 1.18.0.0
2022-09-17 09:36:50,833 : kivy : Video: Provider: gstplayer
2022-09-17 09:36:51,374 : kivy : Loading MPF-MC controller
2022-09-17 09:36:51,381 : YamlMultifileConfigLoader : Machine config file #1: config
2022-09-17 09:36:51,381 : ConfigProcessor : Config file in cache changed: C:\pinball\mpfv1\config\config
2022-09-17 09:36:51,393 : ConfigProcessor : Loading config from file C:\Users\dorus\AppData\Local\Programs\Python\Python38\lib\site-packages\mpfmc\mcconfig.yaml.
2022-09-17 09:36:51,447 : ConfigProcessor : Loading config: C:\Users\dorus\AppData\Local\Programs\Python\Python38\lib\site-packages\mpfmc\mcconfig.yaml
2022-09-17 09:36:51,448 : ConfigProcessor : Loading config from file C:\pinball\mpfv1\config\config.
2022-09-17 09:36:51,454 : ConfigProcessor : Loading config: C:\pinball\mpfv1\config\config
2022-09-17 09:36:51,491 : ConfigProcessor : Loading config: C:\pinball\mpfv1\config\hardware.yaml
2022-09-17 09:36:51,503 : ConfigProcessor : Loading config: C:\pinball\mpfv1\config\sounds.yaml
2022-09-17 09:36:51,510 : ConfigProcessor : Loading config: C:\pinball\mpfv1\config\display.yaml
2022-09-17 09:36:51,527 : ConfigProcessor : Loading config: C:\pinball\mpfv1\config\keyboard.yaml
2022-09-17 09:36:51,531 : ConfigProcessor : Config file cache created: C:\Users\dorus\AppData\Local\Temp\54d4e1f26f77dfcbadc00e9606c45708.mpf_cache
2022-09-17 09:36:51,532 : ConfigProcessor : Loading config from cache: C:\Users\dorus\AppData\Local\Temp\5eb3439dbf16142704b5198a23e9a58c.mpf_cache
2022-09-17 09:36:51,532 : ConfigProcessor : Loading config from cache: C:\Users\dorus\AppData\Local\Temp\336e6d2601ccb63523c70814805acbf1.mpf_cache
2022-09-17 09:36:51,533 : ConfigProcessor : Loading config from cache: C:\Users\dorus\AppData\Local\Temp\d4952d0b9ea6ba2ec58a4f9adbee2d8a.mpf_cache
2022-09-17 09:36:51,534 : ConfigProcessor : Loading config from cache: C:\Users\dorus\AppData\Local\Temp\559f6283f098772e04564bccbb105016.mpf_cache
2022-09-17 09:36:51,535 : ConfigProcessor : Loading config from cache: C:\Users\dorus\AppData\Local\Temp\9d4ddc5b486987071715110e2b9dff2c.mpf_cache
2022-09-17 09:36:51,536 : mpfmc : Mission Pinball Framework Media Controller v0.55.0
2022-09-17 09:36:51,536 : mpfmc : Mission Pinball Framework Game Engine v0.55.0
2022-09-17 09:36:51,536 : mpfmc : Machine path: C:\pinball\mpfv1
2022-09-17 09:36:51,536 : mpfmc : Starting clock at 60.0Hz
2022-09-17 09:36:51,563 : kivy : Text: Provider: sdl2
2022-09-17 09:36:51,673 : kivy : Window: Provider: sdl2
2022-09-17 09:36:51,825 : kivy : GL: Using the "OpenGL" graphics system
2022-09-17 09:36:51,826 : kivy : GL: GLEW initialization succeeded
2022-09-17 09:36:51,827 : kivy : GL: Backend used <glew>
2022-09-17 09:36:51,827 : kivy : GL: OpenGL version <b'4.6.0 - Build 26.20.100.7372'>
2022-09-17 09:36:51,827 : kivy : GL: OpenGL vendor <b'Intel'>
2022-09-17 09:36:51,827 : kivy : GL: OpenGL renderer <b'Intel(R) UHD Graphics'>
2022-09-17 09:36:51,827 : kivy : GL: OpenGL parsed version: 4, 6
2022-09-17 09:36:51,827 : kivy : GL: Shading version <b'4.60 - Build 26.20.100.7372'>
2022-09-17 09:36:51,827 : kivy : GL: Texture max size <16384>
2022-09-17 09:36:51,827 : kivy : GL: Texture max units <32>
2022-09-17 09:36:51,870 : kivy : Window: auto add sdl2 input provider
2022-09-17 09:36:51,871 : kivy : Window: virtual keyboard not allowed, single mode, not docked
2022-09-17 09:36:52,135 : AudioInterface : Initialized
2022-09-17 09:36:52,135 : AudioInterface : Loaded SDL 2.0.12
2022-09-17 09:36:52,135 : AudioInterface : Loaded SDL_Mixer 2.0.4
2022-09-17 09:36:52,135 : AudioInterface : Loaded GStreamer 1.18.0.0
2022-09-17 09:36:52,135 : AudioInterface : Loaded GLib 2.62.6
2022-09-17 09:36:52,135 : AudioInterface : Settings requested - rate: 44100, channels: 1, buffer: 2048 samples
2022-09-17 09:36:52,135 : AudioInterface : Settings in use - rate: 44100, channels: 1, buffer: 2048 samples (4096 bytes @ 2 bytes per sample)
2022-09-17 09:36:52,135 : SoundSystem : Setting master volume to 0.0
2022-09-17 09:36:52,135 : SoundSystem : master_volume in sound_system is deprecated and will be removed in the future.
2022-09-17 09:36:52,135 : AudioInterface : Enabling audio playback
2022-09-17 09:36:52,138 : kivy : Base: Start application main loop
2022-09-17 09:36:52,139 : EventManager : Event: ======'display_window_initialized'====== Args={}
2022-09-17 09:36:52,149 : mpfmc : Display: Setting 'window' as default display
2022-09-17 09:36:52,158 : EventManager : Event: ======'displays_initialized'====== Args={}
2022-09-17 09:36:52,159 : EventManager : Event: ======'slide_window_blank_created'====== Args={}
2022-09-17 09:36:52,160 : EventManager : Event: ======'display_window_ready'====== Args={}
2022-09-17 09:36:52,167 : EventManager : Event: ======'init_phase_1'====== Args={}
2022-09-17 09:36:52,171 : EventManager : Event: ======'mc_ready'====== Args={}
2022-09-17 09:36:52,171 : EventManager : Event: ======'init_phase_2'====== Args={}
2022-09-17 09:36:52,173 : EventManager : Event: ======'init_phase_3'====== Args={}
2022-09-17 09:36:52,176 : EventManager : Event: ======'init_phase_4'====== Args={}
2022-09-17 09:36:52,176 : EventManager : Event: ======'init_phase_5'====== Args={}
2022-09-17 09:36:52,176 : EventManager : Event: ======'init_done'====== Args={}
2022-09-17 09:36:52,176 : MPF-MC BCP Server : Starting up on localhost port 5050
2022-09-17 09:36:52,179 : MPF-MC BCP Server : Waiting for a connection...
2022-09-17 09:36:52,179 : mpfmc : SlidePlayer: Play called with settings={'slides': {welcome_slide-None-None: {'priority': None, 'target': None, 'background_color': [0.0, 0.0, 0.0, 1.0], 'show': True, 'force': False, 'expire': None, 'slide': None, 'tokens': {}, 'action': 'play', 'transition': None, 'transition_out': None}}}
2022-09-17 09:36:52,182 : kivy : GL: NPOT texture support is available
2022-09-17 09:36:52,183 : EventManager : Event: ======'slide_welcome_slide_created'====== Args={}
2022-09-17 09:36:52,185 : EventManager : Event: ======'slide_welcome_slide_active'====== Args={}
2022-09-17 09:36:52,191 : EventManager : Event: ======'client_disconnected'====== Args={'host': '127.0.0.1', 'port': 5050}
2022-09-17 09:36:54,903 : kivy : Base: Leaving application in progress...
2022-09-17 09:36:55,076 : mpfmc : Stopping...
2022-09-17 09:36:55,076 : EventManager : Event: ======'shutdown'====== Args={}
2022-09-17 09:36:55,076 : AudioInterface : Disabling audio playback
2022-09-17 09:36:55,076 : mpfmc : Loop rate 76.23 Hz
2022-09-17 09:36:55,076 : kivy : MC run loop ended.
2022-09-17 09:36:55,076 : kivy : Stopping child threads... (3 remaining)
2022-09-17 09:36:55,179 : MPF-MC BCP Server : Stopping BCP sending thread
2022-09-17 09:36:55,180 : MPF-MC BCP Server : Stopping BCP listener thread
2022-09-17 09:36:55,190 : kivy : All child threads stopped.
