2022-09-17 09:16:59,114 : INFO : root : Loading config.
2022-09-17 09:16:59,118 : INFO : YamlMultifileConfigLoader : Machine config file #1: config.yaml
2022-09-17 09:16:59,119 : WARNING : ConfigProcessor : Config file in cache changed: C:\pinball\mpfv1\config\config.yaml
2022-09-17 09:16:59,119 : INFO : ConfigProcessor : Loading config from file C:\Users\dorus\AppData\Local\Programs\Python\Python38\lib\site-packages\mpf\mpfconfig.yaml.
2022-09-17 09:16:59,178 : INFO : ConfigProcessor : Loading config: C:\Users\dorus\AppData\Local\Programs\Python\Python38\lib\site-packages\mpf\mpfconfig.yaml
2022-09-17 09:16:59,178 : INFO : ConfigProcessor : Loading config from file C:\pinball\mpfv1\config\config.yaml.
2022-09-17 09:16:59,187 : INFO : ConfigProcessor : Loading config: C:\pinball\mpfv1\config\config.yaml
2022-09-17 09:16:59,211 : INFO : ConfigProcessor : Loading config: C:\pinball\mpfv1\config\hardware.yaml
2022-09-17 09:16:59,220 : INFO : ConfigProcessor : Loading config: C:\pinball\mpfv1\config\sounds.yaml
2022-09-17 09:16:59,223 : INFO : ConfigProcessor : Loading config: C:\pinball\mpfv1\config\display.yaml
2022-09-17 09:16:59,229 : INFO : ConfigProcessor : Loading config: C:\pinball\mpfv1\config\keyboard.yaml
2022-09-17 09:16:59,232 : INFO : ConfigProcessor : Config file cache created: C:\Users\dorus\AppData\Local\Temp\0aa359e6326ef14bcc36d32fc9dec35b.mpf_cache
2022-09-17 09:16:59,310 : INFO : ConfigProcessor : Loading config from cache: C:\Users\dorus\AppData\Local\Temp\5eb3439dbf16142704b5198a23e9a58c.mpf_cache
2022-09-17 09:16:59,311 : INFO : ConfigProcessor : Loading config from cache: C:\Users\dorus\AppData\Local\Temp\336e6d2601ccb63523c70814805acbf1.mpf_cache
2022-09-17 09:16:59,312 : INFO : ConfigProcessor : Loading config from cache: C:\Users\dorus\AppData\Local\Temp\d4952d0b9ea6ba2ec58a4f9adbee2d8a.mpf_cache
2022-09-17 09:16:59,312 : INFO : ConfigProcessor : Loading config from cache: C:\Users\dorus\AppData\Local\Temp\559f6283f098772e04564bccbb105016.mpf_cache
2022-09-17 09:16:59,313 : INFO : ConfigProcessor : Loading config from cache: C:\Users\dorus\AppData\Local\Temp\9d4ddc5b486987071715110e2b9dff2c.mpf_cache
2022-09-17 09:16:59,314 : INFO : ConfigProcessor : Loading config from cache: C:\Users\dorus\AppData\Local\Temp\f88a77831ebd1fc65525f08072013dbd.mpf_cache
2022-09-17 09:16:59,314 : INFO : Machine : Mission Pinball Framework Core Engine v0.55.0
2022-09-17 09:16:59,314 : INFO : Machine : Command line arguments: {'no_load_cache': False, 'create_config_cache': True, 'bcp': True, 'configfile': ['config.yaml'], 'force_assets_load': False, 'jsonlogging': False, 'logfile': 'logs\\2022-09-17-09-16-59-mpf-LAPTOP-AS8QDAQG.log', 'pause': False, 'production': False, 'text_ui': True, 'loglevel': 15, 'consoleloglevel': 20, 'force_platform': None, 'syslog_address': None, 'mc_file_name': None, 'no_sound': False}
2022-09-17 09:16:59,315 : INFO : Machine : MPF path: C:\Users\dorus\AppData\Local\Programs\Python\Python38\lib\site-packages\mpf
2022-09-17 09:16:59,315 : INFO : Machine : Machine path: C:\pinball\mpfv1
2022-09-17 09:16:59,315 : INFO : Machine : Platform: win32
2022-09-17 09:16:59,315 : INFO : Machine : Python executable location: C:\Users\dorus\AppData\Local\Programs\Python\Python38\python.exe
2022-09-17 09:16:59,315 : INFO : Machine : Python version: 3.8.10 (64-bit)
2022-09-17 09:16:59,316 : INFO : Machine : Initialise MPF.
2022-09-17 09:16:59,455 : INFO : OPP : Connecting to COM7 at 115200bps
2022-09-17 09:16:59,541 : INFO : OPP : Init of OPP board COM7 done
2022-09-17 09:16:59,542 : INFO : EventManager : Event: ======'machine_var_credits_string'====== Args={'value': 'FREE PLAY', 'prev_value': None, 'change': True}
2022-09-17 09:16:59,597 : INFO : EventManager : Event: ======'machine_var_master_volume'====== Args={'value': 0.5, 'prev_value': None, 'change': True}
2022-09-17 09:16:59,598 : INFO : EventManager : Event: ======'machine_var_player1_score'====== Args={'value': 17500, 'prev_value': None, 'change': True}
2022-09-17 09:16:59,598 : INFO : EventManager : Event: ======'machine_var_mpf_version'====== Args={'value': 'MPF v0.55.0', 'prev_value': None, 'change': True}
2022-09-17 09:16:59,598 : INFO : EventManager : Event: ======'machine_var_mpf_extended_version'====== Args={'value': 'MPF v0.55.0, Config version:5, Show version: 5, BCP version:1.1', 'prev_value': None, 'change': True}
2022-09-17 09:16:59,598 : INFO : EventManager : Event: ======'machine_var_python_version'====== Args={'value': '3.8.10', 'prev_value': None, 'change': True}
2022-09-17 09:16:59,607 : INFO : EventManager : Event: ======'machine_var_platform'====== Args={'value': 'Windows-10-10.0.19044-SP0', 'prev_value': None, 'change': True}
2022-09-17 09:16:59,608 : INFO : EventManager : Event: ======'machine_var_platform_system'====== Args={'value': 'Windows', 'prev_value': None, 'change': True}
2022-09-17 09:16:59,608 : INFO : EventManager : Event: ======'machine_var_platform_release'====== Args={'value': '10', 'prev_value': None, 'change': True}
2022-09-17 09:16:59,608 : INFO : EventManager : Event: ======'machine_var_platform_version'====== Args={'value': '10.0.19044', 'prev_value': None, 'change': True}
2022-09-17 09:16:59,608 : INFO : EventManager : Event: ======'machine_var_platform_machine'====== Args={'value': 'AMD64', 'prev_value': None, 'change': True}
2022-09-17 09:16:59,608 : INFO : EventManager : Event: ======'init_phase_1'====== Args={}
2022-09-17 09:16:59,626 : INFO : EventManager : Event: ======'drop_target_bank_db_dropbank_up'====== Args={}
2022-09-17 09:16:59,631 : INFO : EventManager : Event: ======'init_phase_2'====== Args={}
2022-09-17 09:16:59,632 : INFO : SwitchController : Found active switch: ('COM7-0-25', <Platform.OPP>) <switch.s_trough_jam>
2022-09-17 09:16:59,632 : INFO : SwitchController : Found active switch: ('COM7-1-25', <Platform.OPP>) <switch.s_drop1>
2022-09-17 09:16:59,635 : INFO : EventManager : Event: ======'bcp_connection_attempt'====== Args={'name': 'local_display', 'host': 'localhost', 'port': 5050}
2022-09-17 09:16:59,637 : INFO : BCPClientSocket : Connecting BCP to 'local_display' at localhost:5050...
2022-09-17 09:17:01,675 : INFO : BCPClientSocket : Connected BCP to 'local_display' localhost:5050
2022-09-17 09:17:01,677 : INFO : EventManager : Event: ======'bcp_clients_connected'====== Args={}
2022-09-17 09:17:01,687 : INFO : ball_device.bd_trough : BCH: Count is unstable. Trying to reorder balls.
2022-09-17 09:17:01,687 : WARNING : ball_device.bd_trough : Cannot reorder device because eject_coil_reorder_pulse is not configured
2022-09-17 09:17:01,687 : INFO : ball_device.bd_trough : BCH: Repulse done. Waiting for balls to settle.
2022-09-17 09:17:01,687 : INFO : ball_device.bd_trough : BCH: Initial count: 1
2022-09-17 09:17:01,687 : INFO : ball_device.bd_trough : State: idle
2022-09-17 09:17:01,688 : INFO : EventManager : Event: ======'machine_var_mc_version'====== Args={'value': 'MPF-MC v0.55.0', 'prev_value': None, 'change': True}
2022-09-17 09:17:01,689 : INFO : EventManager : Event: ======'machine_var_mc_extended_version'====== Args={'value': 'MPF-MC v0.55.0 (config_version=5, BCP v1.1, Requires MPF v0.55.0-dev.49)', 'prev_value': None, 'change': True}
2022-09-17 09:17:01,704 : INFO : ball_device.bd_plunger : BCH: Initial count: 0
2022-09-17 09:17:01,705 : INFO : ball_device.bd_plunger : State: idle
2022-09-17 09:17:01,707 : INFO : ball_device.bd_vukmid : BCH: Initial count: 0
2022-09-17 09:17:01,707 : INFO : ball_device.bd_vukmid : State: idle
2022-09-17 09:17:01,707 : INFO : ball_device.bd_vuktop : BCH: Initial count: 0
2022-09-17 09:17:01,707 : INFO : ball_device.bd_vuktop : State: idle
2022-09-17 09:17:01,788 : INFO : EventManager : Event: ======'init_phase_3'====== Args={}
2022-09-17 09:17:01,791 : INFO : EventManager : Event: ======'init_phase_4'====== Args={}
2022-09-17 09:17:01,791 : INFO : EventManager : Event: ======'playfield_active'====== Args={}
2022-09-17 09:17:01,791 : INFO : EventManager : Event: ======'unexpected_ball_on_playfield'====== Args={}
2022-09-17 09:17:01,792 : INFO : EventManager : Event: ======'drop_target_d_drop_target1_down'====== Args={'device': <drop_target.d_drop_target1>}
2022-09-17 09:17:01,792 : INFO : EventManager : Event: ======'drop_target_bank_db_dropbank_mixed'====== Args={'prev_value': <DropTargetBankState.UP: 'up'>, 'down': 1}
2022-09-17 09:17:01,792 : INFO : EventManager : Event: ======'playfield_active'====== Args={}
2022-09-17 09:17:01,792 : INFO : EventManager : Event: ======'unexpected_ball_on_playfield'====== Args={}
2022-09-17 09:17:01,792 : INFO : EventManager : Event: ======'playfield_active'====== Args={}
2022-09-17 09:17:01,792 : INFO : EventManager : Event: ======'unexpected_ball_on_playfield'====== Args={}
2022-09-17 09:17:01,792 : INFO : BallController : Initial balls found: 1
2022-09-17 09:17:01,794 : INFO : EventManager : Event: ======'machine_var_audits_events_game_ended'====== Args={'value': 0, 'prev_value': None, 'change': True}
2022-09-17 09:17:01,794 : INFO : EventManager : Event: ======'machine_var_audits_events_game_started'====== Args={'value': 0, 'prev_value': None, 'change': True}
2022-09-17 09:17:01,794 : INFO : EventManager : Event: ======'machine_var_audits_player_score'====== Args={'value': {'average': 27625.0, 'top': [41000, 31800, 20200, 17500], 'total': 4}, 'prev_value': None, 'change': True}
2022-09-17 09:17:01,795 : INFO : EventManager : Event: ======'machine_var_audits_shots_lane_top_1'====== Args={'value': 29, 'prev_value': None, 'change': True}
2022-09-17 09:17:01,795 : INFO : EventManager : Event: ======'machine_var_audits_shots_lane_top_2'====== Args={'value': 21, 'prev_value': None, 'change': True}
2022-09-17 09:17:01,795 : INFO : EventManager : Event: ======'machine_var_audits_shots_lane_top_3'====== Args={'value': 18, 'prev_value': None, 'change': True}
2022-09-17 09:17:01,795 : INFO : EventManager : Event: ======'machine_var_audits_shots_orbit'====== Args={'value': 10, 'prev_value': None, 'change': True}
2022-09-17 09:17:01,795 : INFO : EventManager : Event: ======'machine_var_audits_shots_spinner'====== Args={'value': 40, 'prev_value': None, 'change': True}
2022-09-17 09:17:01,795 : INFO : EventManager : Event: ======'machine_var_audits_switches_s_bottomlane1'====== Args={'value': 4, 'prev_value': None, 'change': True}
2022-09-17 09:17:01,795 : INFO : EventManager : Event: ======'machine_var_audits_switches_s_bottomlane2'====== Args={'value': 5, 'prev_value': None, 'change': True}
2022-09-17 09:17:01,795 : INFO : EventManager : Event: ======'machine_var_audits_switches_s_bottomlane3'====== Args={'value': 5, 'prev_value': None, 'change': True}
2022-09-17 09:17:01,795 : INFO : EventManager : Event: ======'machine_var_audits_switches_s_bottomlane4'====== Args={'value': 15, 'prev_value': None, 'change': True}
2022-09-17 09:17:01,796 : INFO : EventManager : Event: ======'machine_var_audits_switches_s_bottomlane5'====== Args={'value': 1, 'prev_value': None, 'change': True}
2022-09-17 09:17:01,796 : INFO : EventManager : Event: ======'machine_var_audits_switches_s_drop1'====== Args={'value': 26, 'prev_value': None, 'change': True}
2022-09-17 09:17:01,796 : INFO : EventManager : Event: ======'machine_var_audits_switches_s_drop2'====== Args={'value': 9, 'prev_value': None, 'change': True}
2022-09-17 09:17:01,796 : INFO : EventManager : Event: ======'machine_var_audits_switches_s_drop3'====== Args={'value': 5, 'prev_value': None, 'change': True}
2022-09-17 09:17:01,796 : INFO : EventManager : Event: ======'machine_var_audits_switches_s_launch'====== Args={'value': 6, 'prev_value': None, 'change': True}
2022-09-17 09:17:01,796 : INFO : EventManager : Event: ======'machine_var_audits_switches_s_left01'====== Args={'value': 19, 'prev_value': None, 'change': True}
2022-09-17 09:17:01,796 : INFO : EventManager : Event: ======'machine_var_audits_switches_s_left02'====== Args={'value': 20, 'prev_value': None, 'change': True}
2022-09-17 09:17:01,796 : INFO : EventManager : Event: ======'machine_var_audits_switches_s_left03'====== Args={'value': 10, 'prev_value': None, 'change': True}
2022-09-17 09:17:01,797 : INFO : EventManager : Event: ======'machine_var_audits_switches_s_left_sling'====== Args={'value': 24, 'prev_value': None, 'change': True}
2022-09-17 09:17:01,797 : INFO : EventManager : Event: ======'machine_var_audits_switches_s_orbit1'====== Args={'value': 32, 'prev_value': None, 'change': True}
2022-09-17 09:17:01,797 : INFO : EventManager : Event: ======'machine_var_audits_switches_s_orbit2'====== Args={'value': 0, 'prev_value': None, 'change': True}
2022-09-17 09:17:01,797 : INFO : EventManager : Event: ======'machine_var_audits_switches_s_plunger_lane'====== Args={'value': 44, 'prev_value': None, 'change': True}
2022-09-17 09:17:01,797 : INFO : EventManager : Event: ======'machine_var_audits_switches_s_popbumber_1'====== Args={'value': 37, 'prev_value': None, 'change': True}
2022-09-17 09:17:01,797 : INFO : EventManager : Event: ======'machine_var_audits_switches_s_popbumber_2'====== Args={'value': 42, 'prev_value': None, 'change': True}
2022-09-17 09:17:01,797 : INFO : EventManager : Event: ======'machine_var_audits_switches_s_popbumber_3'====== Args={'value': 23, 'prev_value': None, 'change': True}
2022-09-17 09:17:01,798 : INFO : EventManager : Event: ======'machine_var_audits_switches_s_ramp'====== Args={'value': 17, 'prev_value': None, 'change': True}
2022-09-17 09:17:01,798 : INFO : EventManager : Event: ======'machine_var_audits_switches_s_right_sling'====== Args={'value': 24, 'prev_value': None, 'change': True}
2022-09-17 09:17:01,798 : INFO : EventManager : Event: ======'machine_var_audits_switches_s_rigth01'====== Args={'value': 9, 'prev_value': None, 'change': True}
2022-09-17 09:17:01,798 : INFO : EventManager : Event: ======'machine_var_audits_switches_s_rigth02'====== Args={'value': 12, 'prev_value': None, 'change': True}
2022-09-17 09:17:01,798 : INFO : EventManager : Event: ======'machine_var_audits_switches_s_rigth03'====== Args={'value': 4, 'prev_value': None, 'change': True}
2022-09-17 09:17:01,798 : INFO : EventManager : Event: ======'machine_var_audits_switches_s_spinner'====== Args={'value': 133, 'prev_value': None, 'change': True}
2022-09-17 09:17:01,798 : INFO : EventManager : Event: ======'machine_var_audits_switches_s_start'====== Args={'value': 0, 'prev_value': None, 'change': True}
2022-09-17 09:17:01,799 : INFO : EventManager : Event: ======'machine_var_audits_switches_s_top'====== Args={'value': 9, 'prev_value': None, 'change': True}
2022-09-17 09:17:01,799 : INFO : EventManager : Event: ======'machine_var_audits_switches_s_toplane1'====== Args={'value': 116, 'prev_value': None, 'change': True}
2022-09-17 09:17:01,799 : INFO : EventManager : Event: ======'machine_var_audits_switches_s_toplane2'====== Args={'value': 28, 'prev_value': None, 'change': True}
2022-09-17 09:17:01,799 : INFO : EventManager : Event: ======'machine_var_audits_switches_s_toplane3'====== Args={'value': 25, 'prev_value': None, 'change': True}
2022-09-17 09:17:01,799 : INFO : EventManager : Event: ======'machine_var_audits_switches_s_trough1'====== Args={'value': 14, 'prev_value': None, 'change': True}
2022-09-17 09:17:01,799 : INFO : EventManager : Event: ======'machine_var_audits_switches_s_trough2'====== Args={'value': 20, 'prev_value': None, 'change': True}
2022-09-17 09:17:01,799 : INFO : EventManager : Event: ======'machine_var_audits_switches_s_trough3'====== Args={'value': 12, 'prev_value': None, 'change': True}
2022-09-17 09:17:01,800 : INFO : EventManager : Event: ======'machine_var_audits_switches_s_trough4'====== Args={'value': 17, 'prev_value': None, 'change': True}
2022-09-17 09:17:01,801 : INFO : EventManager : Event: ======'machine_var_audits_switches_s_trough5'====== Args={'value': 12, 'prev_value': None, 'change': True}
2022-09-17 09:17:01,801 : INFO : EventManager : Event: ======'machine_var_audits_switches_s_trough6'====== Args={'value': 12, 'prev_value': None, 'change': True}
2022-09-17 09:17:01,801 : INFO : EventManager : Event: ======'machine_var_audits_switches_s_trough_jam'====== Args={'value': 13, 'prev_value': None, 'change': True}
2022-09-17 09:17:01,802 : INFO : EventManager : Event: ======'machine_var_audits_switches_s_vukmid'====== Args={'value': 15, 'prev_value': None, 'change': True}
2022-09-17 09:17:01,802 : INFO : EventManager : Event: ======'machine_var_audits_switches_s_vuktop'====== Args={'value': 6, 'prev_value': None, 'change': True}
2022-09-17 09:17:01,804 : INFO : EventManager : Event: ======'init_phase_5'====== Args={}
2022-09-17 09:17:01,819 : INFO : EventManager : Event: ======'init_done'====== Args={}
2022-09-17 09:17:01,820 : INFO : EventManager : Event: ======'machine_reset_phase_1'====== Args={}
2022-09-17 09:17:02,374 : INFO : Machine : Starting the main run loop.
2022-09-17 09:17:02,374 : INFO : Machine : Shutting down...
2022-09-17 09:17:02,374 : INFO : EventManager : Event: ======'shutdown'====== Args={}
2022-09-17 09:17:02,377 : ERROR : OPP : Stop called on serial connection COM7
2022-09-17 09:17:02,380 : INFO : root : MPF run loop ended.
