2022-09-24 16:58:50,047 : INFO : root : Loading config.
2022-09-24 16:58:50,050 : INFO : YamlMultifileConfigLoader : Machine config file #1: config.yaml
2022-09-24 16:58:50,051 : INFO : ConfigProcessor : Loading config from cache: C:\Users\dorus\AppData\Local\Temp\e58a4b50dd07e9e66a1a779c252c0c34.mpf_cache
2022-09-24 16:58:50,130 : WARNING : ConfigProcessor : Config file in cache changed: C:\pinball\Pinball-MPF\mpfv1\modes\attract\config\attract.yaml
2022-09-24 16:58:50,130 : INFO : ConfigProcessor : Loading config from file C:\Users\dorus\AppData\Local\Programs\Python\Python38\lib\site-packages\mpf\modes\attract\config\attract.yaml.
2022-09-24 16:58:50,132 : INFO : ConfigProcessor : Loading config: C:\Users\dorus\AppData\Local\Programs\Python\Python38\lib\site-packages\mpf\modes\attract\config\attract.yaml
2022-09-24 16:58:50,132 : INFO : ConfigProcessor : Loading config from file C:\pinball\Pinball-MPF\mpfv1\modes\attract\config\attract.yaml.
2022-09-24 16:58:50,142 : INFO : ConfigProcessor : Loading config: C:\pinball\Pinball-MPF\mpfv1\modes\attract\config\attract.yaml
2022-09-24 16:58:50,142 : INFO : ConfigProcessor : Config file cache created: C:\Users\dorus\AppData\Local\Temp\444cf03b543d197e203cfa23af3f8fc0.mpf_cache
2022-09-24 16:58:50,143 : INFO : ConfigProcessor : Loading config from cache: C:\Users\dorus\AppData\Local\Temp\336e6d2601ccb63523c70814805acbf1.mpf_cache
2022-09-24 16:58:50,144 : INFO : ConfigProcessor : Loading config from cache: C:\Users\dorus\AppData\Local\Temp\997bf01789d16ed996f231036966dd64.mpf_cache
2022-09-24 16:58:50,145 : INFO : ConfigProcessor : Loading config from cache: C:\Users\dorus\AppData\Local\Temp\99703a5eb7b45595525b767565d37410.mpf_cache
2022-09-24 16:58:50,146 : INFO : ConfigProcessor : Loading config from cache: C:\Users\dorus\AppData\Local\Temp\3bda3283678547d211760e16eb23b4da.mpf_cache
2022-09-24 16:58:50,147 : INFO : ConfigProcessor : Loading config from cache: C:\Users\dorus\AppData\Local\Temp\9bc560b11d83fb4ed736b388b885a5d3.mpf_cache
2022-09-24 16:58:50,147 : INFO : Machine : Mission Pinball Framework Core Engine v0.55.0
2022-09-24 16:58:50,147 : INFO : Machine : Command line arguments: {'no_load_cache': False, 'create_config_cache': True, 'bcp': True, 'configfile': ['config.yaml'], 'force_assets_load': False, 'jsonlogging': False, 'logfile': 'logs\\2022-09-24-16-58-50-mpf-LAPTOP-AS8QDAQG.log', 'pause': False, 'production': False, 'text_ui': True, 'loglevel': 15, 'consoleloglevel': 20, 'force_platform': None, 'syslog_address': None, 'mc_file_name': None, 'no_sound': False}
2022-09-24 16:58:50,147 : INFO : Machine : MPF path: C:\Users\dorus\AppData\Local\Programs\Python\Python38\lib\site-packages\mpf
2022-09-24 16:58:50,148 : INFO : Machine : Machine path: C:\pinball\Pinball-MPF\mpfv1
2022-09-24 16:58:50,148 : INFO : Machine : Platform: win32
2022-09-24 16:58:50,148 : INFO : Machine : Python executable location: C:\Users\dorus\AppData\Local\Programs\Python\Python38\python.exe
2022-09-24 16:58:50,148 : INFO : Machine : Python version: 3.8.10 (64-bit)
2022-09-24 16:58:50,150 : INFO : Machine : Initialise MPF.
2022-09-24 16:58:50,302 : INFO : OPP : Connecting to COM10 at 115200bps
2022-09-24 16:58:50,402 : INFO : OPP : Init of OPP board 0 done
2022-09-24 16:58:50,402 : INFO : OPP : Connecting to COM11 at 115200bps
2022-09-24 16:58:50,511 : INFO : OPP : Init of OPP board 1 done
2022-09-24 16:58:50,511 : INFO : OPP : Connecting to COM7 at 115200bps
2022-09-24 16:58:50,605 : INFO : OPP : Init of OPP board 2 done
2022-09-24 16:58:50,606 : INFO : EventManager : Event: ======'machine_var_credits_string'====== Args={'value': 'FREE PLAY', 'prev_value': None, 'change': True}
2022-09-24 16:58:50,666 : INFO : EventManager : Event: ======'machine_var_master_volume'====== Args={'value': 0.5, 'prev_value': None, 'change': True}
2022-09-24 16:58:50,666 : INFO : EventManager : Event: ======'machine_var_player1_score'====== Args={'value': 31200, 'prev_value': None, 'change': True}
2022-09-24 16:58:50,666 : INFO : EventManager : Event: ======'machine_var_mpf_version'====== Args={'value': 'MPF v0.55.0', 'prev_value': None, 'change': True}
2022-09-24 16:58:50,666 : INFO : EventManager : Event: ======'machine_var_mpf_extended_version'====== Args={'value': 'MPF v0.55.0, Config version:5, Show version: 5, BCP version:1.1', 'prev_value': None, 'change': True}
2022-09-24 16:58:50,666 : INFO : EventManager : Event: ======'machine_var_python_version'====== Args={'value': '3.8.10', 'prev_value': None, 'change': True}
2022-09-24 16:58:50,679 : INFO : EventManager : Event: ======'machine_var_platform'====== Args={'value': 'Windows-10-10.0.19044-SP0', 'prev_value': None, 'change': True}
2022-09-24 16:58:50,679 : INFO : EventManager : Event: ======'machine_var_platform_system'====== Args={'value': 'Windows', 'prev_value': None, 'change': True}
2022-09-24 16:58:50,679 : INFO : EventManager : Event: ======'machine_var_platform_release'====== Args={'value': '10', 'prev_value': None, 'change': True}
2022-09-24 16:58:50,679 : INFO : EventManager : Event: ======'machine_var_platform_version'====== Args={'value': '10.0.19044', 'prev_value': None, 'change': True}
2022-09-24 16:58:50,679 : INFO : EventManager : Event: ======'machine_var_platform_machine'====== Args={'value': 'AMD64', 'prev_value': None, 'change': True}
2022-09-24 16:58:50,680 : INFO : EventManager : Event: ======'init_phase_1'====== Args={}
2022-09-24 16:58:50,703 : INFO : EventManager : Event: ======'drop_target_bank_db_dropbank_up'====== Args={}
2022-09-24 16:58:50,708 : INFO : EventManager : Event: ======'init_phase_2'====== Args={}
2022-09-24 16:58:50,709 : INFO : SwitchController : Found active switch: ('2-0-25', <Platform.OPP>) <switch.s_trough_jam>
2022-09-24 16:58:50,715 : INFO : EventManager : Event: ======'bcp_connection_attempt'====== Args={'name': 'local_display', 'host': 'localhost', 'port': 5050}
2022-09-24 16:58:50,716 : INFO : BCPClientSocket : Connecting BCP to 'local_display' at localhost:5050...
2022-09-24 16:58:52,779 : INFO : BCPClientSocket : Connected BCP to 'local_display' localhost:5050
2022-09-24 16:58:52,780 : INFO : EventManager : Event: ======'bcp_clients_connected'====== Args={}
2022-09-24 16:58:52,785 : INFO : ball_device.bd_trough : BCH: Count is unstable. Trying to reorder balls.
2022-09-24 16:58:52,785 : WARNING : ball_device.bd_trough : Cannot reorder device because eject_coil_reorder_pulse is not configured
2022-09-24 16:58:52,785 : INFO : ball_device.bd_trough : BCH: Repulse done. Waiting for balls to settle.
2022-09-24 16:58:52,786 : INFO : ball_device.bd_trough : BCH: Initial count: 1
2022-09-24 16:58:52,786 : INFO : EventManager : Event: ======'machine_var_mc_version'====== Args={'value': 'MPF-MC v0.55.0', 'prev_value': None, 'change': True}
2022-09-24 16:58:52,786 : INFO : EventManager : Event: ======'machine_var_mc_extended_version'====== Args={'value': 'MPF-MC v0.55.0 (config_version=5, BCP v1.1, Requires MPF v0.55.0-dev.49)', 'prev_value': None, 'change': True}
2022-09-24 16:58:52,788 : INFO : ball_device.bd_trough : State: idle
2022-09-24 16:58:52,808 : INFO : ball_device.bd_plunger : BCH: Initial count: 0
2022-09-24 16:58:52,809 : INFO : ball_device.bd_plunger : State: idle
2022-09-24 16:58:52,810 : INFO : ball_device.bd_vukmid : BCH: Initial count: 0
2022-09-24 16:58:52,810 : INFO : ball_device.bd_vukmid : State: idle
2022-09-24 16:58:52,810 : INFO : ball_device.bd_vuktop : BCH: Initial count: 0
2022-09-24 16:58:52,811 : INFO : ball_device.bd_vuktop : State: idle
2022-09-24 16:58:52,873 : INFO : EventManager : Event: ======'init_phase_3'====== Args={}
2022-09-24 16:58:52,877 : INFO : EventManager : Event: ======'init_phase_4'====== Args={}
2022-09-24 16:58:52,877 : INFO : EventManager : Event: ======'playfield_active'====== Args={}
2022-09-24 16:58:52,877 : INFO : EventManager : Event: ======'unexpected_ball_on_playfield'====== Args={}
2022-09-24 16:58:52,877 : INFO : EventManager : Event: ======'playfield_active'====== Args={}
2022-09-24 16:58:52,877 : INFO : EventManager : Event: ======'unexpected_ball_on_playfield'====== Args={}
2022-09-24 16:58:52,877 : INFO : EventManager : Event: ======'playfield_active'====== Args={}
2022-09-24 16:58:52,877 : INFO : EventManager : Event: ======'unexpected_ball_on_playfield'====== Args={}
2022-09-24 16:58:52,878 : INFO : BallController : Initial balls found: 1
2022-09-24 16:58:52,880 : INFO : EventManager : Event: ======'machine_var_audits_events_game_ended'====== Args={'value': 0, 'prev_value': None, 'change': True}
2022-09-24 16:58:52,880 : INFO : EventManager : Event: ======'machine_var_audits_events_game_started'====== Args={'value': 0, 'prev_value': None, 'change': True}
2022-09-24 16:58:52,880 : INFO : EventManager : Event: ======'machine_var_audits_player_score'====== Args={'value': {'average': 28340.0, 'top': [41000, 31800, 31200, 20200, 17500], 'total': 5}, 'prev_value': None, 'change': True}
2022-09-24 16:58:52,880 : INFO : EventManager : Event: ======'machine_var_audits_shots_lane_top_1'====== Args={'value': 76, 'prev_value': None, 'change': True}
2022-09-24 16:58:52,880 : INFO : EventManager : Event: ======'machine_var_audits_shots_lane_top_2'====== Args={'value': 71, 'prev_value': None, 'change': True}
2022-09-24 16:58:52,880 : INFO : EventManager : Event: ======'machine_var_audits_shots_lane_top_3'====== Args={'value': 64, 'prev_value': None, 'change': True}
2022-09-24 16:58:52,881 : INFO : EventManager : Event: ======'machine_var_audits_shots_orbit'====== Args={'value': 17, 'prev_value': None, 'change': True}
2022-09-24 16:58:52,881 : INFO : EventManager : Event: ======'machine_var_audits_shots_spinner'====== Args={'value': 156, 'prev_value': None, 'change': True}
2022-09-24 16:58:52,881 : INFO : EventManager : Event: ======'machine_var_audits_switches_s_bottomlane1'====== Args={'value': 6, 'prev_value': None, 'change': True}
2022-09-24 16:58:52,881 : INFO : EventManager : Event: ======'machine_var_audits_switches_s_bottomlane2'====== Args={'value': 8, 'prev_value': None, 'change': True}
2022-09-24 16:58:52,882 : INFO : EventManager : Event: ======'machine_var_audits_switches_s_bottomlane3'====== Args={'value': 6, 'prev_value': None, 'change': True}
2022-09-24 16:58:52,882 : INFO : EventManager : Event: ======'machine_var_audits_switches_s_bottomlane4'====== Args={'value': 16, 'prev_value': None, 'change': True}
2022-09-24 16:58:52,882 : INFO : EventManager : Event: ======'machine_var_audits_switches_s_bottomlane5'====== Args={'value': 2, 'prev_value': None, 'change': True}
2022-09-24 16:58:52,882 : INFO : EventManager : Event: ======'machine_var_audits_switches_s_drop1'====== Args={'value': 26, 'prev_value': None, 'change': True}
2022-09-24 16:58:52,883 : INFO : EventManager : Event: ======'machine_var_audits_switches_s_drop2'====== Args={'value': 10, 'prev_value': None, 'change': True}
2022-09-24 16:58:52,883 : INFO : EventManager : Event: ======'machine_var_audits_switches_s_drop3'====== Args={'value': 6, 'prev_value': None, 'change': True}
2022-09-24 16:58:52,883 : INFO : EventManager : Event: ======'machine_var_audits_switches_s_launch'====== Args={'value': 10, 'prev_value': None, 'change': True}
2022-09-24 16:58:52,884 : INFO : EventManager : Event: ======'machine_var_audits_switches_s_left01'====== Args={'value': 26, 'prev_value': None, 'change': True}
2022-09-24 16:58:52,884 : INFO : EventManager : Event: ======'machine_var_audits_switches_s_left02'====== Args={'value': 26, 'prev_value': None, 'change': True}
2022-09-24 16:58:52,884 : INFO : EventManager : Event: ======'machine_var_audits_switches_s_left03'====== Args={'value': 19, 'prev_value': None, 'change': True}
2022-09-24 16:58:52,885 : INFO : EventManager : Event: ======'machine_var_audits_switches_s_left_sling'====== Args={'value': 24, 'prev_value': None, 'change': True}
2022-09-24 16:58:52,885 : INFO : EventManager : Event: ======'machine_var_audits_switches_s_orbit1'====== Args={'value': 39, 'prev_value': None, 'change': True}
2022-09-24 16:58:52,885 : INFO : EventManager : Event: ======'machine_var_audits_switches_s_orbit2'====== Args={'value': 0, 'prev_value': None, 'change': True}
2022-09-24 16:58:52,886 : INFO : EventManager : Event: ======'machine_var_audits_switches_s_plunger_lane'====== Args={'value': 59, 'prev_value': None, 'change': True}
2022-09-24 16:58:52,886 : INFO : EventManager : Event: ======'machine_var_audits_switches_s_popbumber_1'====== Args={'value': 37, 'prev_value': None, 'change': True}
2022-09-24 16:58:52,886 : INFO : EventManager : Event: ======'machine_var_audits_switches_s_popbumber_2'====== Args={'value': 74, 'prev_value': None, 'change': True}
2022-09-24 16:58:52,886 : INFO : EventManager : Event: ======'machine_var_audits_switches_s_popbumber_3'====== Args={'value': 24, 'prev_value': None, 'change': True}
2022-09-24 16:58:52,887 : INFO : EventManager : Event: ======'machine_var_audits_switches_s_ramp'====== Args={'value': 31, 'prev_value': None, 'change': True}
2022-09-24 16:58:52,887 : INFO : EventManager : Event: ======'machine_var_audits_switches_s_right_sling'====== Args={'value': 58, 'prev_value': None, 'change': True}
2022-09-24 16:58:52,887 : INFO : EventManager : Event: ======'machine_var_audits_switches_s_rigth01'====== Args={'value': 53, 'prev_value': None, 'change': True}
2022-09-24 16:58:52,888 : INFO : EventManager : Event: ======'machine_var_audits_switches_s_rigth02'====== Args={'value': 23, 'prev_value': None, 'change': True}
2022-09-24 16:58:52,888 : INFO : EventManager : Event: ======'machine_var_audits_switches_s_rigth03'====== Args={'value': 12, 'prev_value': None, 'change': True}
2022-09-24 16:58:52,888 : INFO : EventManager : Event: ======'machine_var_audits_switches_s_spinner'====== Args={'value': 249, 'prev_value': None, 'change': True}
2022-09-24 16:58:52,888 : INFO : EventManager : Event: ======'machine_var_audits_switches_s_start'====== Args={'value': 0, 'prev_value': None, 'change': True}
2022-09-24 16:58:52,889 : INFO : EventManager : Event: ======'machine_var_audits_switches_s_top'====== Args={'value': 9, 'prev_value': None, 'change': True}
2022-09-24 16:58:52,889 : INFO : EventManager : Event: ======'machine_var_audits_switches_s_toplane1'====== Args={'value': 163, 'prev_value': None, 'change': True}
2022-09-24 16:58:52,890 : INFO : EventManager : Event: ======'machine_var_audits_switches_s_toplane2'====== Args={'value': 78, 'prev_value': None, 'change': True}
2022-09-24 16:58:52,890 : INFO : EventManager : Event: ======'machine_var_audits_switches_s_toplane3'====== Args={'value': 71, 'prev_value': None, 'change': True}
2022-09-24 16:58:52,890 : INFO : EventManager : Event: ======'machine_var_audits_switches_s_trough1'====== Args={'value': 19, 'prev_value': None, 'change': True}
2022-09-24 16:58:52,890 : INFO : EventManager : Event: ======'machine_var_audits_switches_s_trough2'====== Args={'value': 25, 'prev_value': None, 'change': True}
2022-09-24 16:58:52,890 : INFO : EventManager : Event: ======'machine_var_audits_switches_s_trough3'====== Args={'value': 17, 'prev_value': None, 'change': True}
2022-09-24 16:58:52,891 : INFO : EventManager : Event: ======'machine_var_audits_switches_s_trough4'====== Args={'value': 23, 'prev_value': None, 'change': True}
2022-09-24 16:58:52,891 : INFO : EventManager : Event: ======'machine_var_audits_switches_s_trough5'====== Args={'value': 16, 'prev_value': None, 'change': True}
2022-09-24 16:58:52,891 : INFO : EventManager : Event: ======'machine_var_audits_switches_s_trough6'====== Args={'value': 15, 'prev_value': None, 'change': True}
2022-09-24 16:58:52,891 : INFO : EventManager : Event: ======'machine_var_audits_switches_s_trough_jam'====== Args={'value': 17, 'prev_value': None, 'change': True}
2022-09-24 16:58:52,892 : INFO : EventManager : Event: ======'machine_var_audits_switches_s_vukmid'====== Args={'value': 23, 'prev_value': None, 'change': True}
2022-09-24 16:58:52,892 : INFO : EventManager : Event: ======'machine_var_audits_switches_s_vuktop'====== Args={'value': 9, 'prev_value': None, 'change': True}
2022-09-24 16:58:52,893 : INFO : EventManager : Event: ======'init_phase_5'====== Args={}
2022-09-24 16:58:52,902 : INFO : EventManager : Event: ======'init_done'====== Args={}
2022-09-24 16:58:52,904 : INFO : EventManager : Event: ======'machine_reset_phase_1'====== Args={}
2022-09-24 16:58:52,911 : INFO : EventManager : Event: ======'slide_welcome_slide_removed'====== Args={'_from_bcp': True}
2022-09-24 16:58:52,912 : INFO : EventManager : Event: ======'slide_welcome_slide_created'====== Args={'_from_bcp': True}
2022-09-24 16:58:52,916 : INFO : EventManager : Event: ======'slide_welcome_slide_active'====== Args={'_from_bcp': True}
2022-09-24 16:58:52,916 : INFO : EventManager : Event: ======'machine_reset_phase_2'====== Args={}
2022-09-24 16:58:52,917 : INFO : EventManager : Event: ======'machine_reset_phase_3'====== Args={}
2022-09-24 16:58:52,919 : INFO : drop_target_bank.db_dropbank : All targets are already up. Will not reset bank.
2022-09-24 16:58:52,919 : INFO : EventManager : Event: ======'reset_complete'====== Args={}
2022-09-24 16:58:52,920 : INFO : EventManager : Event: ======'mode_attract_will_start'====== Args={}
2022-09-24 16:58:52,921 : INFO : EventManager : Event: ======'mode_attract_starting'====== Args={}
2022-09-24 16:58:52,921 : INFO : Mode.attract : Started. Priority: 10
2022-09-24 16:58:52,921 : INFO : EventManager : Event: ======'modes_active_modes_changed'====== Args={}
2022-09-24 16:58:52,921 : INFO : EventManager : Event: ======'mode_attract_started'====== Args={}
2022-09-24 16:58:52,921 : INFO : EventManager : Event: ======'collecting_balls_complete'====== Args={}
2022-09-24 16:58:52,939 : INFO : EventManager : Event: ======'slide_awesome_slide_created'====== Args={'_from_bcp': True}
2022-09-24 16:58:52,939 : INFO : EventManager : Event: ======'slide_awesome_slide_active'====== Args={'_from_bcp': True}
2022-09-24 16:58:52,940 : INFO : Machine : Starting the main run loop.
2022-09-24 16:58:53,397 : INFO : BcpServer : New client connected.
2022-09-24 16:58:55,934 : INFO : EventManager : Event: ======'slide_press_start_created'====== Args={'_from_bcp': True}
2022-09-24 16:58:55,935 : INFO : EventManager : Event: ======'slide_press_start_active'====== Args={'_from_bcp': True}
2022-09-24 16:58:58,939 : INFO : EventManager : Event: ======'slide_mission_pinball_created'====== Args={'_from_bcp': True}
2022-09-24 16:58:58,942 : INFO : EventManager : Event: ======'slide_mission_pinball_active'====== Args={'_from_bcp': True}
2022-09-24 16:59:01,920 : INFO : EventManager : Event: ======'slide_awesome_slide_removed'====== Args={'_from_bcp': True}
2022-09-24 16:59:01,923 : INFO : EventManager : Event: ======'slide_awesome_slide_created'====== Args={'_from_bcp': True}
2022-09-24 16:59:01,924 : INFO : EventManager : Event: ======'slide_awesome_slide_active'====== Args={'_from_bcp': True}
2022-09-24 16:59:04,939 : INFO : EventManager : Event: ======'slide_press_start_removed'====== Args={'_from_bcp': True}
2022-09-24 16:59:04,943 : INFO : EventManager : Event: ======'slide_press_start_created'====== Args={'_from_bcp': True}
2022-09-24 16:59:04,943 : INFO : EventManager : Event: ======'slide_press_start_active'====== Args={'_from_bcp': True}
2022-09-24 16:59:07,925 : INFO : EventManager : Event: ======'slide_mission_pinball_removed'====== Args={'_from_bcp': True}
2022-09-24 16:59:07,926 : INFO : EventManager : Event: ======'slide_mission_pinball_created'====== Args={'_from_bcp': True}
2022-09-24 16:59:07,929 : INFO : EventManager : Event: ======'slide_mission_pinball_active'====== Args={'_from_bcp': True}
2022-09-24 16:59:10,938 : INFO : EventManager : Event: ======'slide_awesome_slide_removed'====== Args={'_from_bcp': True}
2022-09-24 16:59:10,941 : INFO : EventManager : Event: ======'slide_awesome_slide_created'====== Args={'_from_bcp': True}
2022-09-24 16:59:10,942 : INFO : EventManager : Event: ======'slide_awesome_slide_active'====== Args={'_from_bcp': True}
2022-09-24 16:59:13,926 : INFO : EventManager : Event: ======'slide_press_start_removed'====== Args={'_from_bcp': True}
2022-09-24 16:59:13,927 : INFO : EventManager : Event: ======'slide_press_start_created'====== Args={'_from_bcp': True}
2022-09-24 16:59:13,928 : INFO : EventManager : Event: ======'slide_press_start_active'====== Args={'_from_bcp': True}
2022-09-24 16:59:16,918 : INFO : EventManager : Event: ======'slide_mission_pinball_removed'====== Args={'_from_bcp': True}
2022-09-24 16:59:16,921 : INFO : EventManager : Event: ======'slide_mission_pinball_created'====== Args={'_from_bcp': True}
2022-09-24 16:59:16,921 : INFO : EventManager : Event: ======'slide_mission_pinball_active'====== Args={'_from_bcp': True}
2022-09-24 16:59:19,929 : INFO : EventManager : Event: ======'slide_awesome_slide_removed'====== Args={'_from_bcp': True}
2022-09-24 16:59:19,934 : INFO : EventManager : Event: ======'slide_awesome_slide_created'====== Args={'_from_bcp': True}
2022-09-24 16:59:19,937 : INFO : EventManager : Event: ======'slide_awesome_slide_active'====== Args={'_from_bcp': True}
2022-09-24 16:59:22,913 : INFO : EventManager : Event: ======'slide_press_start_removed'====== Args={'_from_bcp': True}
2022-09-24 16:59:22,916 : INFO : EventManager : Event: ======'slide_press_start_created'====== Args={'_from_bcp': True}
2022-09-24 16:59:22,919 : INFO : EventManager : Event: ======'slide_press_start_active'====== Args={'_from_bcp': True}
2022-09-24 16:59:25,938 : INFO : EventManager : Event: ======'slide_mission_pinball_removed'====== Args={'_from_bcp': True}
2022-09-24 16:59:25,941 : INFO : EventManager : Event: ======'slide_mission_pinball_created'====== Args={'_from_bcp': True}
2022-09-24 16:59:25,944 : INFO : EventManager : Event: ======'slide_mission_pinball_active'====== Args={'_from_bcp': True}
2022-09-24 16:59:28,928 : INFO : EventManager : Event: ======'slide_awesome_slide_removed'====== Args={'_from_bcp': True}
2022-09-24 16:59:28,929 : INFO : EventManager : Event: ======'slide_awesome_slide_created'====== Args={'_from_bcp': True}
2022-09-24 16:59:28,930 : INFO : EventManager : Event: ======'slide_awesome_slide_active'====== Args={'_from_bcp': True}
2022-09-24 16:59:30,212 : INFO : Machine : Shutting down...
2022-09-24 16:59:30,212 : INFO : EventManager : Event: ======'shutdown'====== Args={}
2022-09-24 16:59:30,219 : ERROR : OPP : Stop called on serial connection COM10
2022-09-24 16:59:30,220 : ERROR : OPP : Stop called on serial connection COM11
2022-09-24 16:59:30,220 : ERROR : OPP : Stop called on serial connection COM7
2022-09-24 16:59:30,223 : ERROR : asyncio : Task exception was never retrieved
future: <Task finished name='Task-136' coro=<OppHardwarePlatform._poll_sender() done, defined at C:\Users\dorus\AppData\Local\Programs\Python\Python38\lib\site-packages\mpf\platforms\opp\opp.py:918> exception=AttributeError("'NoneType' object has no attribute 'write'")>
Traceback (most recent call last):
  File "C:\Users\dorus\AppData\Local\Programs\Python\Python38\lib\site-packages\mpf\platforms\opp\opp.py", line 934, in _poll_sender
    self.send_to_processor(chain_serial, self.read_input_msg[chain_serial])
  File "C:\Users\dorus\AppData\Local\Programs\Python\Python38\lib\site-packages\mpf\platforms\opp\opp.py", line 315, in send_to_processor
    self.opp_connection[chain_serial].send(msg)
  File "C:\Users\dorus\AppData\Local\Programs\Python\Python38\lib\site-packages\mpf\platforms\base_serial_communicator.py", line 155, in send
    self.writer.write(msg)
AttributeError: 'NoneType' object has no attribute 'write'
2022-09-24 16:59:30,224 : INFO : root : MPF run loop ended.
