2022-10-23 13:26:15,476 : kivy : Factory: 186 symbols loaded
2022-10-23 13:26:15,764 : kivy : ImageLoaderFFPy: Using ffpyplayer 4.3.2
2022-10-23 13:26:15,765 : kivy : Image: Providers: img_tex, img_dds, img_sdl2, img_pil, img_ffpyplayer 
2022-10-23 13:26:15,844 : kivy : VideoGstplayer: Using Gstreamer 1.18.0.0
2022-10-23 13:26:15,844 : kivy : Video: Provider: gstplayer
2022-10-23 13:26:16,313 : kivy : Loading MPF-MC controller
2022-10-23 13:26:16,320 : YamlMultifileConfigLoader : Machine config file #1: config
2022-10-23 13:26:16,321 : ConfigProcessor : Config file in cache changed: C:\Users\dorus\OneDrive\Documents\Pinball\Github\Pinball-MPF\mpfv1\config\config
2022-10-23 13:26:16,331 : ConfigProcessor : Loading config from file C:\Users\dorus\AppData\Local\Programs\Python\Python38\lib\site-packages\mpfmc\mcconfig.yaml.
2022-10-23 13:26:16,383 : ConfigProcessor : Loading config: C:\Users\dorus\AppData\Local\Programs\Python\Python38\lib\site-packages\mpfmc\mcconfig.yaml
2022-10-23 13:26:16,384 : ConfigProcessor : Loading config from file C:\Users\dorus\OneDrive\Documents\Pinball\Github\Pinball-MPF\mpfv1\config\config.
2022-10-23 13:26:16,387 : ConfigProcessor : Loading config: C:\Users\dorus\OneDrive\Documents\Pinball\Github\Pinball-MPF\mpfv1\config\config
2022-10-23 13:26:16,410 : ConfigProcessor : Loading config: C:\Users\dorus\OneDrive\Documents\Pinball\Github\Pinball-MPF\mpfv1\config\hardware.yaml
2022-10-23 13:26:16,418 : ConfigProcessor : Loading config: C:\Users\dorus\OneDrive\Documents\Pinball\Github\Pinball-MPF\mpfv1\config\sounds.yaml
2022-10-23 13:26:16,422 : ConfigProcessor : Loading config: C:\Users\dorus\OneDrive\Documents\Pinball\Github\Pinball-MPF\mpfv1\config\display.yaml
2022-10-23 13:26:16,438 : ConfigProcessor : Loading config: C:\Users\dorus\OneDrive\Documents\Pinball\Github\Pinball-MPF\mpfv1\config\keyboard.yaml
2022-10-23 13:26:16,478 : ConfigProcessor : Loading config: C:\Users\dorus\OneDrive\Documents\Pinball\Github\Pinball-MPF\mpfv1\config\slides.yaml
2022-10-23 13:26:16,481 : ConfigProcessor : Loading config: C:\Users\dorus\OneDrive\Documents\Pinball\Github\Pinball-MPF\mpfv1\config\light_shows.yaml
2022-10-23 13:26:16,483 : ConfigProcessor : Config file cache created: C:\Users\dorus\AppData\Local\Temp\7e51f468519621fe47191f26eea0f791.mpf_cache
2022-10-23 13:26:16,484 : ConfigProcessor : Loading config from cache: C:\Users\dorus\AppData\Local\Temp\69e5e641cece6cfbb9f28306d01595e4.mpf_cache
2022-10-23 13:26:16,484 : ConfigProcessor : Loading config from cache: C:\Users\dorus\AppData\Local\Temp\336e6d2601ccb63523c70814805acbf1.mpf_cache
2022-10-23 13:26:16,485 : ConfigProcessor : Loading config from cache: C:\Users\dorus\AppData\Local\Temp\8f8558ef7eb783a34103d845cb15f27a.mpf_cache
2022-10-23 13:26:16,486 : ConfigProcessor : Loading config from cache: C:\Users\dorus\AppData\Local\Temp\3f4ec0fd6e14e835699e1ee64ae7815f.mpf_cache
2022-10-23 13:26:16,486 : ConfigProcessor : Loading config from cache: C:\Users\dorus\AppData\Local\Temp\07450fdcdb716b1c510f1f1f728b03da.mpf_cache
2022-10-23 13:26:16,487 : mpfmc : Mission Pinball Framework Media Controller v0.55.0
2022-10-23 13:26:16,487 : mpfmc : Mission Pinball Framework Game Engine v0.55.0
2022-10-23 13:26:16,487 : mpfmc : Machine path: C:\Users\dorus\OneDrive\Documents\Pinball\Github\Pinball-MPF\mpfv1
2022-10-23 13:26:16,488 : mpfmc : Starting clock at 60.0Hz
2022-10-23 13:26:16,516 : kivy : Text: Provider: sdl2
2022-10-23 13:26:16,642 : kivy : Window: Provider: sdl2
2022-10-23 13:26:16,831 : kivy : GL: Using the "OpenGL" graphics system
2022-10-23 13:26:16,832 : kivy : GL: GLEW initialization succeeded
2022-10-23 13:26:16,833 : kivy : GL: Backend used <glew>
2022-10-23 13:26:16,833 : kivy : GL: OpenGL version <b'4.6.0 - Build 26.20.100.7372'>
2022-10-23 13:26:16,833 : kivy : GL: OpenGL vendor <b'Intel'>
2022-10-23 13:26:16,833 : kivy : GL: OpenGL renderer <b'Intel(R) UHD Graphics'>
2022-10-23 13:26:16,833 : kivy : GL: OpenGL parsed version: 4, 6
2022-10-23 13:26:16,833 : kivy : GL: Shading version <b'4.60 - Build 26.20.100.7372'>
2022-10-23 13:26:16,833 : kivy : GL: Texture max size <16384>
2022-10-23 13:26:16,833 : kivy : GL: Texture max units <32>
2022-10-23 13:26:16,875 : kivy : Window: auto add sdl2 input provider
2022-10-23 13:26:16,876 : kivy : Window: virtual keyboard not allowed, single mode, not docked
2022-10-23 13:26:17,119 : AudioInterface : Initialized
2022-10-23 13:26:17,119 : AudioInterface : Loaded SDL 2.0.12
2022-10-23 13:26:17,119 : AudioInterface : Loaded SDL_Mixer 2.0.4
2022-10-23 13:26:17,119 : AudioInterface : Loaded GStreamer 1.18.0.0
2022-10-23 13:26:17,119 : AudioInterface : Loaded GLib 2.62.6
2022-10-23 13:26:17,119 : AudioInterface : Settings requested - rate: 44100, channels: 1, buffer: 2048 samples
2022-10-23 13:26:17,119 : AudioInterface : Settings in use - rate: 44100, channels: 1, buffer: 2048 samples (4096 bytes @ 2 bytes per sample)
2022-10-23 13:26:17,119 : SoundSystem : Setting master volume to 0.0
2022-10-23 13:26:17,119 : SoundSystem : master_volume in sound_system is deprecated and will be removed in the future.
2022-10-23 13:26:17,120 : AudioInterface : Enabling audio playback
2022-10-23 13:26:17,121 : kivy : Base: Start application main loop
2022-10-23 13:26:17,122 : EventManager : Event: ======'display_window_initialized'====== Args={}
2022-10-23 13:26:17,122 : EventManager : Event: ======'display_upper_left_initialized'====== Args={}
2022-10-23 13:26:17,123 : EventManager : Event: ======'display_upper_right_initialized'====== Args={}
2022-10-23 13:26:17,123 : EventManager : Event: ======'display_lower_left_initialized'====== Args={}
2022-10-23 13:26:17,123 : EventManager : Event: ======'display_lower_right_initialized'====== Args={}
2022-10-23 13:26:17,137 : mpfmc : Display: Setting 'window' as default display
2022-10-23 13:26:17,145 : EventManager : Event: ======'displays_initialized'====== Args={}
2022-10-23 13:26:17,146 : EventManager : Event: ======'slide_window_blank_created'====== Args={}
2022-10-23 13:26:17,146 : EventManager : Event: ======'display_window_ready'====== Args={}
2022-10-23 13:26:17,146 : EventManager : Event: ======'slide_upper_left_blank_created'====== Args={}
2022-10-23 13:26:17,146 : EventManager : Event: ======'display_upper_left_ready'====== Args={}
2022-10-23 13:26:17,147 : EventManager : Event: ======'slide_upper_right_blank_created'====== Args={}
2022-10-23 13:26:17,147 : EventManager : Event: ======'display_upper_right_ready'====== Args={}
2022-10-23 13:26:17,147 : EventManager : Event: ======'slide_lower_left_blank_created'====== Args={}
2022-10-23 13:26:17,147 : EventManager : Event: ======'display_lower_left_ready'====== Args={}
2022-10-23 13:26:17,148 : EventManager : Event: ======'slide_lower_right_blank_created'====== Args={}
2022-10-23 13:26:17,148 : EventManager : Event: ======'display_lower_right_ready'====== Args={}
2022-10-23 13:26:17,158 : EventManager : Event: ======'init_phase_1'====== Args={}
2022-10-23 13:26:17,163 : EventManager : Event: ======'mc_ready'====== Args={}
2022-10-23 13:26:17,163 : EventManager : Event: ======'init_phase_2'====== Args={}
2022-10-23 13:26:17,165 : EventManager : Event: ======'init_phase_3'====== Args={}
2022-10-23 13:26:17,167 : EventManager : Event: ======'init_phase_4'====== Args={}
2022-10-23 13:26:17,168 : EventManager : Event: ======'init_phase_5'====== Args={}
2022-10-23 13:26:17,209 : kivy : GL: NPOT texture support is available
2022-10-23 13:26:17,235 : EventManager : Event: ======'loading_assets'====== Args={'total': 1, 'loaded': 1, 'remaining': 0, 'percent': 100}
2022-10-23 13:26:17,235 : AssetManager : Asset loading took: 0.11490631103515625
2022-10-23 13:26:17,235 : EventManager : Event: ======'asset_loading_complete'====== Args={}
2022-10-23 13:26:17,236 : AssetManager : Loading assets: 1/1 (100%)
2022-10-23 13:26:17,236 : EventManager : Event: ======'init_done'====== Args={}
2022-10-23 13:26:17,236 : MPF-MC BCP Server : Starting up on localhost port 5050
2022-10-23 13:26:17,241 : MPF-MC BCP Server : Waiting for a connection...
2022-10-23 13:26:17,242 : mpfmc : SlidePlayer: Play called with settings={'slides': {welcome_slide-None-None: {'priority': None, 'target': None, 'background_color': [0.0, 0.0, 0.0, 1.0], 'show': True, 'force': False, 'expire': None, 'slide': None, 'tokens': {}, 'action': 'play', 'transition': None, 'transition_out': None}}}
2022-10-23 13:26:17,248 : EventManager : Event: ======'slide_welcome_slide_created'====== Args={}
2022-10-23 13:26:17,250 : EventManager : Event: ======'slide_welcome_slide_active'====== Args={}
2022-10-23 13:26:17,255 : EventManager : Event: ======'client_disconnected'====== Args={'host': '127.0.0.1', 'port': 5050}
2022-10-23 13:26:21,385 : kivy : Base: Leaving application in progress...
2022-10-23 13:26:21,560 : mpfmc : Stopping...
2022-10-23 13:26:21,560 : EventManager : Event: ======'shutdown'====== Args={}
2022-10-23 13:26:21,560 : AudioInterface : Disabling audio playback
2022-10-23 13:26:21,560 : mpfmc : Loop rate 75.92 Hz
2022-10-23 13:26:21,560 : kivy : MC run loop ended.
2022-10-23 13:26:21,560 : kivy : Stopping child threads... (3 remaining)
2022-10-23 13:26:22,244 : MPF-MC BCP Server : Stopping BCP sending thread
2022-10-23 13:26:22,245 : MPF-MC BCP Server : Stopping BCP listener thread
2022-10-23 13:26:22,320 : kivy : All child threads stopped.
