2022-08-26 15:15:35,253 : INFO : root : Loading config.
2022-08-26 15:15:35,257 : INFO : YamlMultifileConfigLoader : Machine config file #1: config.yaml
2022-08-26 15:15:35,257 : WARNING : ConfigProcessor : Config file in cache changed: C:\pinball\mpfv1\config\config.yaml
2022-08-26 15:15:35,257 : INFO : ConfigProcessor : Loading config from file C:\Users\dorus\AppData\Local\Programs\Python\Python38\lib\site-packages\mpf\mpfconfig.yaml.
2022-08-26 15:15:35,315 : INFO : ConfigProcessor : Loading config: C:\Users\dorus\AppData\Local\Programs\Python\Python38\lib\site-packages\mpf\mpfconfig.yaml
2022-08-26 15:15:35,316 : INFO : ConfigProcessor : Loading config from file C:\pinball\mpfv1\config\config.yaml.
2022-08-26 15:15:35,318 : INFO : ConfigProcessor : Loading config: C:\pinball\mpfv1\config\config.yaml
2022-08-26 15:15:35,340 : INFO : ConfigProcessor : Loading config: C:\pinball\mpfv1\config\hardware.yaml
2022-08-26 15:15:35,349 : INFO : ConfigProcessor : Loading config: C:\pinball\mpfv1\config\sounds.yaml
2022-08-26 15:15:35,352 : INFO : ConfigProcessor : Loading config: C:\pinball\mpfv1\config\display.yaml
2022-08-26 15:15:35,359 : INFO : ConfigProcessor : Loading config: C:\pinball\mpfv1\config\keyboard.yaml
2022-08-26 15:15:35,361 : INFO : ConfigProcessor : Config file cache created: C:\Users\dorus\AppData\Local\Temp\0aa359e6326ef14bcc36d32fc9dec35b.mpf_cache
2022-08-26 15:15:35,436 : INFO : ConfigProcessor : Loading config from cache: C:\Users\dorus\AppData\Local\Temp\5eb3439dbf16142704b5198a23e9a58c.mpf_cache
2022-08-26 15:15:35,437 : INFO : ConfigProcessor : Loading config from cache: C:\Users\dorus\AppData\Local\Temp\336e6d2601ccb63523c70814805acbf1.mpf_cache
2022-08-26 15:15:35,438 : INFO : ConfigProcessor : Loading config from cache: C:\Users\dorus\AppData\Local\Temp\d4952d0b9ea6ba2ec58a4f9adbee2d8a.mpf_cache
2022-08-26 15:15:35,439 : INFO : ConfigProcessor : Loading config from cache: C:\Users\dorus\AppData\Local\Temp\f88a77831ebd1fc65525f08072013dbd.mpf_cache
2022-08-26 15:15:35,439 : INFO : Machine : Mission Pinball Framework Core Engine v0.55.0
2022-08-26 15:15:35,439 : INFO : Machine : Command line arguments: {'no_load_cache': False, 'create_config_cache': True, 'bcp': True, 'configfile': ['config.yaml'], 'force_assets_load': False, 'jsonlogging': False, 'logfile': 'logs\\2022-08-26-15-15-35-mpf-LAPTOP-AS8QDAQG.log', 'pause': False, 'production': False, 'text_ui': True, 'loglevel': 15, 'consoleloglevel': 20, 'force_platform': None, 'syslog_address': None, 'mc_file_name': None, 'no_sound': False}
2022-08-26 15:15:35,439 : INFO : Machine : MPF path: C:\Users\dorus\AppData\Local\Programs\Python\Python38\lib\site-packages\mpf
2022-08-26 15:15:35,439 : INFO : Machine : Machine path: C:\pinball\mpfv1
2022-08-26 15:15:35,439 : INFO : Machine : Platform: win32
2022-08-26 15:15:35,439 : INFO : Machine : Python executable location: C:\Users\dorus\AppData\Local\Programs\Python\Python38\python.exe
2022-08-26 15:15:35,439 : INFO : Machine : Python version: 3.8.10 (64-bit)
2022-08-26 15:15:35,441 : INFO : Machine : Initialise MPF.
2022-08-26 15:15:35,590 : INFO : OPP : Connecting to COM7 at 115200bps
2022-08-26 15:15:35,691 : INFO : OPP : Init of OPP board COM7 done
2022-08-26 15:15:35,692 : INFO : EventManager : Event: ======'machine_var_credits_string'====== Args={'value': 'FREE PLAY', 'prev_value': None, 'change': True}
2022-08-26 15:15:35,742 : INFO : EventManager : Event: ======'machine_var_master_volume'====== Args={'value': 0.5, 'prev_value': None, 'change': True}
2022-08-26 15:15:35,742 : INFO : EventManager : Event: ======'machine_var_player1_score'====== Args={'value': 39900, 'prev_value': None, 'change': True}
2022-08-26 15:15:35,742 : INFO : EventManager : Event: ======'machine_var_mpf_version'====== Args={'value': 'MPF v0.55.0', 'prev_value': None, 'change': True}
2022-08-26 15:15:35,743 : INFO : EventManager : Event: ======'machine_var_mpf_extended_version'====== Args={'value': 'MPF v0.55.0, Config version:5, Show version: 5, BCP version:1.1', 'prev_value': None, 'change': True}
2022-08-26 15:15:35,743 : INFO : EventManager : Event: ======'machine_var_python_version'====== Args={'value': '3.8.10', 'prev_value': None, 'change': True}
2022-08-26 15:15:35,751 : INFO : EventManager : Event: ======'machine_var_platform'====== Args={'value': 'Windows-10-10.0.19044-SP0', 'prev_value': None, 'change': True}
2022-08-26 15:15:35,752 : INFO : EventManager : Event: ======'machine_var_platform_system'====== Args={'value': 'Windows', 'prev_value': None, 'change': True}
2022-08-26 15:15:35,752 : INFO : EventManager : Event: ======'machine_var_platform_release'====== Args={'value': '10', 'prev_value': None, 'change': True}
2022-08-26 15:15:35,752 : INFO : EventManager : Event: ======'machine_var_platform_version'====== Args={'value': '10.0.19044', 'prev_value': None, 'change': True}
2022-08-26 15:15:35,752 : INFO : EventManager : Event: ======'machine_var_platform_machine'====== Args={'value': 'AMD64', 'prev_value': None, 'change': True}
2022-08-26 15:15:35,752 : INFO : EventManager : Event: ======'init_phase_1'====== Args={}
2022-08-26 15:15:35,771 : INFO : EventManager : Event: ======'drop_target_bank_db_dropbank_up'====== Args={}
2022-08-26 15:15:35,772 : INFO : EventManager : Event: ======'init_phase_2'====== Args={}
2022-08-26 15:15:35,773 : INFO : SwitchController : Found active switch: ('COM7-0-25', <Platform.OPP>) <switch.s_trough_jam>
2022-08-26 15:15:35,776 : INFO : EventManager : Event: ======'bcp_connection_attempt'====== Args={'name': 'local_display', 'host': 'localhost', 'port': 5050}
2022-08-26 15:15:35,778 : INFO : BCPClientSocket : Connecting BCP to 'local_display' at localhost:5050...
2022-08-26 15:15:37,828 : INFO : BCPClientSocket : Connected BCP to 'local_display' localhost:5050
2022-08-26 15:15:37,830 : INFO : EventManager : Event: ======'bcp_clients_connected'====== Args={}
2022-08-26 15:15:37,839 : INFO : ball_device.bd_plunger : BCH: Initial count: 0
2022-08-26 15:15:37,840 : INFO : EventManager : Event: ======'machine_var_mc_version'====== Args={'value': 'MPF-MC v0.55.0', 'prev_value': None, 'change': True}
2022-08-26 15:15:37,840 : INFO : EventManager : Event: ======'machine_var_mc_extended_version'====== Args={'value': 'MPF-MC v0.55.0 (config_version=5, BCP v1.1, Requires MPF v0.55.0-dev.49)', 'prev_value': None, 'change': True}
2022-08-26 15:15:37,842 : INFO : ball_device.bd_plunger : State: idle
2022-08-26 15:15:37,853 : INFO : ball_device.bd_vuk1 : BCH: Initial count: 0
2022-08-26 15:15:37,854 : INFO : ball_device.bd_vuk1 : State: idle
2022-08-26 15:15:37,854 : INFO : ball_device.bd_vuk2 : BCH: Initial count: 0
2022-08-26 15:15:37,854 : INFO : ball_device.bd_vuk2 : State: idle
2022-08-26 15:15:37,855 : INFO : ball_device.bd_trough : BCH: Count is unstable. Trying to reorder balls.
2022-08-26 15:15:37,855 : WARNING : ball_device.bd_trough : Cannot reorder device because eject_coil_reorder_pulse is not configured
2022-08-26 15:15:37,855 : INFO : ball_device.bd_trough : BCH: Repulse done. Waiting for balls to settle.
2022-08-26 15:15:37,855 : INFO : ball_device.bd_trough : BCH: Initial count: 1
2022-08-26 15:15:37,855 : INFO : ball_device.bd_trough : State: idle
2022-08-26 15:15:37,942 : INFO : EventManager : Event: ======'init_phase_3'====== Args={}
2022-08-26 15:15:37,945 : INFO : EventManager : Event: ======'init_phase_4'====== Args={}
2022-08-26 15:15:37,946 : INFO : EventManager : Event: ======'playfield_active'====== Args={}
2022-08-26 15:15:37,946 : INFO : EventManager : Event: ======'unexpected_ball_on_playfield'====== Args={}
2022-08-26 15:15:37,946 : INFO : EventManager : Event: ======'playfield_active'====== Args={}
2022-08-26 15:15:37,946 : INFO : EventManager : Event: ======'unexpected_ball_on_playfield'====== Args={}
2022-08-26 15:15:37,946 : INFO : EventManager : Event: ======'playfield_active'====== Args={}
2022-08-26 15:15:37,946 : INFO : EventManager : Event: ======'unexpected_ball_on_playfield'====== Args={}
2022-08-26 15:15:37,946 : INFO : BallController : Initial balls found: 1
2022-08-26 15:15:37,948 : INFO : EventManager : Event: ======'machine_var_audits_events_game_ended'====== Args={'value': 0, 'prev_value': None, 'change': True}
2022-08-26 15:15:37,948 : INFO : EventManager : Event: ======'machine_var_audits_events_game_started'====== Args={'value': 0, 'prev_value': None, 'change': True}
2022-08-26 15:15:37,949 : INFO : EventManager : Event: ======'machine_var_audits_player_score'====== Args={'value': {'average': 20796.77419354839, 'top': [348300, 186500, 129000, 95900, 67200, 62100, 54100, 49700, 49400, 46500], 'total': 93}, 'prev_value': None, 'change': True}
2022-08-26 15:15:37,949 : INFO : EventManager : Event: ======'machine_var_audits_switches_s_T1'====== Args={'value': 0, 'prev_value': None, 'change': True}
2022-08-26 15:15:37,949 : INFO : EventManager : Event: ======'machine_var_audits_switches_s_T2'====== Args={'value': 2, 'prev_value': None, 'change': True}
2022-08-26 15:15:37,949 : INFO : EventManager : Event: ======'machine_var_audits_switches_s_T3'====== Args={'value': 4, 'prev_value': None, 'change': True}
2022-08-26 15:15:37,949 : INFO : EventManager : Event: ======'machine_var_audits_switches_s_T4'====== Args={'value': 8, 'prev_value': None, 'change': True}
2022-08-26 15:15:37,949 : INFO : EventManager : Event: ======'machine_var_audits_switches_s_T5'====== Args={'value': 11, 'prev_value': None, 'change': True}
2022-08-26 15:15:37,949 : INFO : EventManager : Event: ======'machine_var_audits_switches_s_T6'====== Args={'value': 12, 'prev_value': None, 'change': True}
2022-08-26 15:15:37,950 : INFO : EventManager : Event: ======'machine_var_audits_switches_s_Tjam'====== Args={'value': 0, 'prev_value': None, 'change': True}
2022-08-26 15:15:37,950 : INFO : EventManager : Event: ======'machine_var_audits_switches_s_bottomlane1'====== Args={'value': 118, 'prev_value': None, 'change': True}
2022-08-26 15:15:37,950 : INFO : EventManager : Event: ======'machine_var_audits_switches_s_bottomlane2'====== Args={'value': 119, 'prev_value': None, 'change': True}
2022-08-26 15:15:37,950 : INFO : EventManager : Event: ======'machine_var_audits_switches_s_bottomlane3'====== Args={'value': 74, 'prev_value': None, 'change': True}
2022-08-26 15:15:37,950 : INFO : EventManager : Event: ======'machine_var_audits_switches_s_bottomlane4'====== Args={'value': 205, 'prev_value': None, 'change': True}
2022-08-26 15:15:37,950 : INFO : EventManager : Event: ======'machine_var_audits_switches_s_bottomlane5'====== Args={'value': 24, 'prev_value': None, 'change': True}
2022-08-26 15:15:37,950 : INFO : EventManager : Event: ======'machine_var_audits_switches_s_drain'====== Args={'value': 121, 'prev_value': None, 'change': True}
2022-08-26 15:15:37,950 : INFO : EventManager : Event: ======'machine_var_audits_switches_s_drop1'====== Args={'value': 44, 'prev_value': None, 'change': True}
2022-08-26 15:15:37,951 : INFO : EventManager : Event: ======'machine_var_audits_switches_s_drop2'====== Args={'value': 63, 'prev_value': None, 'change': True}
2022-08-26 15:15:37,951 : INFO : EventManager : Event: ======'machine_var_audits_switches_s_drop3'====== Args={'value': 55, 'prev_value': None, 'change': True}
2022-08-26 15:15:37,951 : INFO : EventManager : Event: ======'machine_var_audits_switches_s_launch'====== Args={'value': 311, 'prev_value': None, 'change': True}
2022-08-26 15:15:37,951 : INFO : EventManager : Event: ======'machine_var_audits_switches_s_left_sling'====== Args={'value': 408, 'prev_value': None, 'change': True}
2022-08-26 15:15:37,951 : INFO : EventManager : Event: ======'machine_var_audits_switches_s_plunger_lane'====== Args={'value': 537, 'prev_value': None, 'change': True}
2022-08-26 15:15:37,951 : INFO : EventManager : Event: ======'machine_var_audits_switches_s_popbumber_1'====== Args={'value': 682, 'prev_value': None, 'change': True}
2022-08-26 15:15:37,952 : INFO : EventManager : Event: ======'machine_var_audits_switches_s_popbumber_2'====== Args={'value': 734, 'prev_value': None, 'change': True}
2022-08-26 15:15:37,952 : INFO : EventManager : Event: ======'machine_var_audits_switches_s_popbumber_3'====== Args={'value': 567, 'prev_value': None, 'change': True}
2022-08-26 15:15:37,952 : INFO : EventManager : Event: ======'machine_var_audits_switches_s_right_sling'====== Args={'value': 376, 'prev_value': None, 'change': True}
2022-08-26 15:15:37,952 : INFO : EventManager : Event: ======'machine_var_audits_switches_s_start'====== Args={'value': 30, 'prev_value': None, 'change': True}
2022-08-26 15:15:37,952 : INFO : EventManager : Event: ======'machine_var_audits_switches_s_t1'====== Args={'value': 73, 'prev_value': None, 'change': True}
2022-08-26 15:15:37,952 : INFO : EventManager : Event: ======'machine_var_audits_switches_s_t2'====== Args={'value': 43, 'prev_value': None, 'change': True}
2022-08-26 15:15:37,952 : INFO : EventManager : Event: ======'machine_var_audits_switches_s_t3'====== Args={'value': 45, 'prev_value': None, 'change': True}
2022-08-26 15:15:37,953 : INFO : EventManager : Event: ======'machine_var_audits_switches_s_t4'====== Args={'value': 28, 'prev_value': None, 'change': True}
2022-08-26 15:15:37,953 : INFO : EventManager : Event: ======'machine_var_audits_switches_s_t5'====== Args={'value': 0, 'prev_value': None, 'change': True}
2022-08-26 15:15:37,953 : INFO : EventManager : Event: ======'machine_var_audits_switches_s_toplane1'====== Args={'value': 97, 'prev_value': None, 'change': True}
2022-08-26 15:15:37,953 : INFO : EventManager : Event: ======'machine_var_audits_switches_s_toplane2'====== Args={'value': 76, 'prev_value': None, 'change': True}
2022-08-26 15:15:37,953 : INFO : EventManager : Event: ======'machine_var_audits_switches_s_toplane3'====== Args={'value': 69, 'prev_value': None, 'change': True}
2022-08-26 15:15:37,953 : INFO : EventManager : Event: ======'machine_var_audits_switches_s_trough1'====== Args={'value': 287, 'prev_value': None, 'change': True}
2022-08-26 15:15:37,954 : INFO : EventManager : Event: ======'machine_var_audits_switches_s_trough2'====== Args={'value': 280, 'prev_value': None, 'change': True}
2022-08-26 15:15:37,954 : INFO : EventManager : Event: ======'machine_var_audits_switches_s_trough3'====== Args={'value': 285, 'prev_value': None, 'change': True}
2022-08-26 15:15:37,954 : INFO : EventManager : Event: ======'machine_var_audits_switches_s_trough4'====== Args={'value': 291, 'prev_value': None, 'change': True}
2022-08-26 15:15:37,954 : INFO : EventManager : Event: ======'machine_var_audits_switches_s_trough5'====== Args={'value': 274, 'prev_value': None, 'change': True}
2022-08-26 15:15:37,954 : INFO : EventManager : Event: ======'machine_var_audits_switches_s_trough6'====== Args={'value': 259, 'prev_value': None, 'change': True}
2022-08-26 15:15:37,954 : INFO : EventManager : Event: ======'machine_var_audits_switches_s_trough_jam'====== Args={'value': 277, 'prev_value': None, 'change': True}
2022-08-26 15:15:37,954 : INFO : EventManager : Event: ======'machine_var_audits_switches_s_vuk'====== Args={'value': 70, 'prev_value': None, 'change': True}
2022-08-26 15:15:37,955 : INFO : EventManager : Event: ======'machine_var_audits_switches_s_vuk1'====== Args={'value': 9, 'prev_value': None, 'change': True}
2022-08-26 15:15:37,955 : INFO : EventManager : Event: ======'machine_var_audits_switches_s_vuk2'====== Args={'value': 4, 'prev_value': None, 'change': True}
2022-08-26 15:15:37,956 : INFO : EventManager : Event: ======'init_phase_5'====== Args={}
2022-08-26 15:15:37,966 : INFO : EventManager : Event: ======'init_done'====== Args={}
2022-08-26 15:15:37,967 : INFO : EventManager : Event: ======'machine_reset_phase_1'====== Args={}
2022-08-26 15:15:37,971 : INFO : EventManager : Event: ======'slide_welcome_slide_removed'====== Args={'_from_bcp': True}
2022-08-26 15:15:37,973 : INFO : EventManager : Event: ======'slide_welcome_slide_created'====== Args={'_from_bcp': True}
2022-08-26 15:15:37,974 : INFO : EventManager : Event: ======'machine_reset_phase_2'====== Args={}
2022-08-26 15:15:37,975 : INFO : EventManager : Event: ======'machine_reset_phase_3'====== Args={}
2022-08-26 15:15:37,975 : INFO : drop_target_bank.db_dropbank : All targets are already up. Will not reset bank.
2022-08-26 15:15:37,975 : INFO : EventManager : Event: ======'reset_complete'====== Args={}
2022-08-26 15:15:37,976 : INFO : EventManager : Event: ======'slide_welcome_slide_active'====== Args={'_from_bcp': True}
2022-08-26 15:15:37,976 : INFO : EventManager : Event: ======'mode_attract_will_start'====== Args={}
2022-08-26 15:15:37,977 : INFO : EventManager : Event: ======'mode_attract_starting'====== Args={}
2022-08-26 15:15:37,977 : INFO : Mode.attract : Started. Priority: 10
2022-08-26 15:15:37,977 : INFO : EventManager : Event: ======'modes_active_modes_changed'====== Args={}
2022-08-26 15:15:37,977 : INFO : EventManager : Event: ======'mode_attract_started'====== Args={}
2022-08-26 15:15:37,978 : INFO : EventManager : Event: ======'collecting_balls_complete'====== Args={}
2022-08-26 15:15:37,994 : INFO : EventManager : Event: ======'slide_awesome_slide_created'====== Args={'_from_bcp': True}
2022-08-26 15:15:37,995 : INFO : EventManager : Event: ======'slide_awesome_slide_active'====== Args={'_from_bcp': True}
2022-08-26 15:15:37,995 : INFO : Machine : Starting the main run loop.
2022-08-26 15:15:40,981 : INFO : EventManager : Event: ======'slide_press_start_created'====== Args={'_from_bcp': True}
2022-08-26 15:15:40,981 : INFO : EventManager : Event: ======'slide_press_start_active'====== Args={'_from_bcp': True}
2022-08-26 15:15:43,992 : INFO : EventManager : Event: ======'slide_mission_pinball_created'====== Args={'_from_bcp': True}
2022-08-26 15:15:43,992 : INFO : EventManager : Event: ======'slide_mission_pinball_active'====== Args={'_from_bcp': True}
2022-08-26 15:15:46,971 : INFO : EventManager : Event: ======'slide_awesome_slide_removed'====== Args={'_from_bcp': True}
2022-08-26 15:15:46,974 : INFO : EventManager : Event: ======'slide_awesome_slide_created'====== Args={'_from_bcp': True}
2022-08-26 15:15:46,975 : INFO : EventManager : Event: ======'slide_awesome_slide_active'====== Args={'_from_bcp': True}
2022-08-26 15:15:49,992 : INFO : EventManager : Event: ======'slide_press_start_removed'====== Args={'_from_bcp': True}
2022-08-26 15:15:49,992 : INFO : EventManager : Event: ======'slide_press_start_created'====== Args={'_from_bcp': True}
2022-08-26 15:15:49,992 : INFO : EventManager : Event: ======'slide_press_start_active'====== Args={'_from_bcp': True}
2022-08-26 15:15:52,986 : INFO : EventManager : Event: ======'slide_mission_pinball_removed'====== Args={'_from_bcp': True}
2022-08-26 15:15:52,990 : INFO : EventManager : Event: ======'slide_mission_pinball_created'====== Args={'_from_bcp': True}
2022-08-26 15:15:52,992 : INFO : EventManager : Event: ======'slide_mission_pinball_active'====== Args={'_from_bcp': True}
2022-08-26 15:15:55,981 : INFO : EventManager : Event: ======'slide_awesome_slide_removed'====== Args={'_from_bcp': True}
2022-08-26 15:15:55,982 : INFO : EventManager : Event: ======'slide_awesome_slide_created'====== Args={'_from_bcp': True}
2022-08-26 15:15:55,983 : INFO : EventManager : Event: ======'slide_awesome_slide_active'====== Args={'_from_bcp': True}
2022-08-26 15:15:56,907 : INFO : SwitchController : <<<<<<< 's_start' active >>>>>>>
2022-08-26 15:15:56,985 : INFO : SwitchController : <<<<<<< 's_start' inactive >>>>>>>
2022-08-26 15:15:56,986 : INFO : EventManager : Event: ======'request_to_start_game'====== Args={}
2022-08-26 15:15:56,986 : INFO : EventManager : Event: ======'game_start'====== Args={'buttons': [], 'hold_time': 0.07800000000861473}
2022-08-26 15:15:56,987 : INFO : EventManager : Event: ======'mode_game_will_start'====== Args={'buttons': [], 'hold_time': 0.07800000000861473}
2022-08-26 15:15:56,988 : INFO : EventManager : Event: ======'mode_game_starting'====== Args={'buttons': [], 'hold_time': 0.07800000000861473}
2022-08-26 15:15:56,988 : INFO : EventManager : Event: ======'mode_attract_will_stop'====== Args={}
2022-08-26 15:15:56,988 : INFO : EventManager : Event: ======'mode_attract_stopping'====== Args={}
2022-08-26 15:15:56,988 : INFO : Mode.attract : Stopped.
2022-08-26 15:15:56,988 : INFO : EventManager : Event: ======'modes_active_modes_changed'====== Args={}
2022-08-26 15:15:56,988 : INFO : EventManager : Event: ======'mode_attract_stopped'====== Args={}
2022-08-26 15:15:56,988 : INFO : EventManager : Event: ======'clear'====== Args={'key': 'attract'}
2022-08-26 15:15:56,989 : INFO : Mode.game : Started. Priority: 20
2022-08-26 15:15:56,989 : INFO : EventManager : Event: ======'modes_active_modes_changed'====== Args={}
2022-08-26 15:15:56,989 : INFO : EventManager : Event: ======'mode_game_started'====== Args={'buttons': [], 'hold_time': 0.07800000000861473}
2022-08-26 15:15:56,996 : INFO : EventManager : Event: ======'game_will_start'====== Args={}
2022-08-26 15:15:56,997 : INFO : EventManager : Event: ======'game_starting'====== Args={'game': <Mode.game>}
2022-08-26 15:15:56,997 : INFO : EventManager : Event: ======'player_add_request'====== Args={}
2022-08-26 15:15:56,998 : INFO : EventManager : Event: ======'player_will_add'====== Args={'number': 1}
2022-08-26 15:15:56,998 : INFO : EventManager : Event: ======'player_adding'====== Args={'player': <Player 1>, 'number': 1}
2022-08-26 15:15:56,998 : INFO : EventManager : Event: ======'player_added'====== Args={'player': <Player 1>, 'num': 1}
2022-08-26 15:15:56,998 : INFO : Mode.game : Player added successfully. Total players: 1
2022-08-26 15:15:56,999 : INFO : EventManager : Event: ======'player_index'====== Args={'value': 0, 'prev_value': 0, 'change': 0, 'player_num': 1}
2022-08-26 15:15:56,999 : INFO : EventManager : Event: ======'player_number'====== Args={'value': 1, 'prev_value': 1, 'change': 0, 'player_num': 1}
2022-08-26 15:15:56,999 : INFO : EventManager : Event: ======'player_score'====== Args={'value': 0, 'prev_value': 0, 'change': 0, 'player_num': 1}
2022-08-26 15:15:56,999 : INFO : EventManager : Event: ======'game_started'====== Args={}
2022-08-26 15:15:57,015 : INFO : EventManager : Event: ======'player_turn_will_start'====== Args={'player': <Player 1>, 'number': 1}
2022-08-26 15:15:57,017 : INFO : EventManager : Event: ======'slide_press_start_removed'====== Args={'_from_bcp': True}
2022-08-26 15:15:57,017 : INFO : EventManager : Event: ======'slide_mission_pinball_removed'====== Args={'_from_bcp': True}
2022-08-26 15:15:57,017 : INFO : EventManager : Event: ======'slide_awesome_slide_removed'====== Args={'_from_bcp': True}
2022-08-26 15:15:57,017 : INFO : EventManager : Event: ======'slide_welcome_slide_active'====== Args={'_from_bcp': True}
2022-08-26 15:15:57,019 : INFO : EventManager : Event: ======'player_turn_starting'====== Args={'player': <Player 1>, 'number': 1}
2022-08-26 15:15:57,019 : INFO : EventManager : Event: ======'player_ball'====== Args={'value': 1, 'prev_value': 0, 'change': 1, 'player_num': 1}
2022-08-26 15:15:57,019 : INFO : EventManager : Event: ======'player_turn_started'====== Args={'player': <Player 1>, 'number': 1}
2022-08-26 15:15:57,020 : INFO : EventManager : Event: ======'ball_will_start'====== Args={'player': 1, 'ball': 1, 'balls_remaining': 2, 'is_extra_ball': False}
2022-08-26 15:15:57,024 : INFO : EventManager : Event: ======'ball_starting'====== Args={'player': 1, 'ball': 1, 'balls_remaining': 2, 'is_extra_ball': False}
2022-08-26 15:15:57,024 : INFO : EventManager : Event: ======'mode_base_will_start'====== Args={'queue': <QueuedEvent>, 'player': 1, 'ball': 1, 'balls_remaining': 2, 'is_extra_ball': False}
2022-08-26 15:15:57,027 : INFO : EventManager : Event: ======'mode_base_starting'====== Args={'queue': <QueuedEvent>, 'player': 1, 'ball': 1, 'balls_remaining': 2, 'is_extra_ball': False}
2022-08-26 15:15:57,027 : INFO : drop_target_bank.db_dropbank : All targets are already up. Will not reset bank.
2022-08-26 15:15:57,028 : INFO : Mode.base : Started. Priority: 100
2022-08-26 15:15:57,028 : INFO : EventManager : Event: ======'modes_active_modes_changed'====== Args={}
2022-08-26 15:15:57,028 : INFO : EventManager : Event: ======'mode_base_started'====== Args={'queue': <QueuedEvent>, 'player': 1, 'ball': 1, 'balls_remaining': 2, 'is_extra_ball': False}
2022-08-26 15:15:57,029 : INFO : EventManager : Event: ======'balls_in_play'====== Args={'balls': 1}
2022-08-26 15:15:57,029 : INFO : EventManager : Event: ======'ball_started'====== Args={'player': 1, 'ball': 1, 'balls_remaining': 2, 'is_extra_ball': False}
2022-08-26 15:15:57,040 : INFO : EventManager : Event: ======'single_player_ball_started'====== Args={}
2022-08-26 15:15:57,041 : INFO : EventManager : Event: ======'ball_start_target'====== Args={'target': 'playfield'}
2022-08-26 15:15:57,042 : INFO : ball_device.bd_plunger : Setting up player-controlled eject. Balls: 1, Target: <playfield.playfield>, player_controlled_eject_event: s_launch_active
2022-08-26 15:15:57,042 : INFO : EventManager : Event: ======'balldevice_balls_available'====== Args={}
2022-08-26 15:15:57,044 : INFO : ball_device.bd_trough : BCH: Count is unstable. Trying to reorder balls.
2022-08-26 15:15:57,044 : WARNING : ball_device.bd_trough : Cannot reorder device because eject_coil_reorder_pulse is not configured
2022-08-26 15:15:57,044 : INFO : ball_device.bd_trough : BCH: Repulse done. Waiting for balls to settle.
2022-08-26 15:15:57,045 : INFO : ball_device.bd_trough : State: waiting_for_target_ready
2022-08-26 15:15:57,045 : INFO : EventManager : Event: ======'balldevice_bd_trough_ball_eject_attempt'====== Args={'balls': 1, 'target': <ball_device.bd_plunger>, 'source': <ball_device.bd_trough>, 'mechanical_eject': True, 'num_attempts': 0}
2022-08-26 15:15:57,045 : INFO : ball_device.bd_plunger : State: waiting_for_ball
2022-08-26 15:15:57,046 : INFO : ball_device.bd_trough : State: ejecting
2022-08-26 15:15:57,046 : INFO : ball_device.bd_trough : Ejecting ball to <ball_device.bd_plunger>
2022-08-26 15:15:57,046 : INFO : EventManager : Event: ======'balldevice_bd_trough_ejecting_ball'====== Args={'balls': 1, 'target': <ball_device.bd_plunger>, 'source': <ball_device.bd_trough>, 'mechanical_eject': True, 'num_attempts': 0}
2022-08-26 15:15:57,046 : INFO : ball_device.bd_trough : Wait for ball to leave device
2022-08-26 15:15:57,047 : INFO : coil.c_trough_eject : Pulsing Driver for 25ms (1.0 pulse_power)
2022-08-26 15:15:57,047 : INFO : EventManager : Event: ======'slide_base.slide_player-mode_base_started_created'====== Args={'_from_bcp': True}
2022-08-26 15:15:57,050 : INFO : EventManager : Event: ======'slide_base.slide_player-mode_base_started_active'====== Args={'_from_bcp': True}
2022-08-26 15:16:07,043 : INFO : EventManager : Event: ======'balldevice_bd_trough_ball_eject_failed'====== Args={'target': <ball_device.bd_plunger>, 'balls': 1, 'retry': True, 'num_attempts': 1}
2022-08-26 15:16:07,043 : INFO : ball_device.bd_trough : BCH: Count is unstable. Trying to reorder balls.
2022-08-26 15:16:07,043 : WARNING : ball_device.bd_trough : Cannot reorder device because eject_coil_reorder_pulse is not configured
2022-08-26 15:16:07,043 : INFO : ball_device.bd_trough : BCH: Repulse done. Waiting for balls to settle.
2022-08-26 15:16:07,044 : INFO : ball_device.bd_trough : BCH: Count is unstable. Trying to reorder balls.
2022-08-26 15:16:07,044 : WARNING : ball_device.bd_trough : Cannot reorder device because eject_coil_reorder_pulse is not configured
2022-08-26 15:16:07,044 : INFO : ball_device.bd_trough : BCH: Repulse done. Waiting for balls to settle.
2022-08-26 15:16:07,045 : INFO : ball_device.bd_trough : State: waiting_for_target_ready
2022-08-26 15:16:07,045 : INFO : EventManager : Event: ======'balldevice_bd_trough_ball_eject_attempt'====== Args={'balls': 1, 'target': <ball_device.bd_plunger>, 'source': <ball_device.bd_trough>, 'mechanical_eject': True, 'num_attempts': 1}
2022-08-26 15:16:07,045 : INFO : ball_device.bd_trough : State: ejecting
2022-08-26 15:16:07,045 : INFO : ball_device.bd_trough : Ejecting ball to <ball_device.bd_plunger>
2022-08-26 15:16:07,045 : INFO : EventManager : Event: ======'balldevice_bd_trough_ejecting_ball'====== Args={'balls': 1, 'target': <ball_device.bd_plunger>, 'source': <ball_device.bd_trough>, 'mechanical_eject': True, 'num_attempts': 1}
2022-08-26 15:16:07,045 : INFO : ball_device.bd_trough : Wait for ball to leave device
2022-08-26 15:16:07,046 : INFO : coil.c_trough_eject : Pulsing Driver for 25ms (1.0 pulse_power)
2022-08-26 15:16:07,509 : INFO : Machine : Shutting down...
2022-08-26 15:16:07,509 : INFO : EventManager : Event: ======'shutdown'====== Args={}
2022-08-26 15:16:07,514 : ERROR : OPP : Stop called on serial connection COM7
2022-08-26 15:16:07,520 : INFO : root : MPF run loop ended.
