2022-10-23 15:20:26,589 : INFO : root : Loading config.
2022-10-23 15:20:26,602 : INFO : YamlMultifileConfigLoader : Machine config file #1: config.yaml
2022-10-23 15:20:26,603 : INFO : ConfigProcessor : Loading config from cache: C:\Users\dorus\AppData\Local\Temp\e2a46ea082c19f5103dd0f83869ccd8e.mpf_cache
2022-10-23 15:20:26,694 : INFO : ConfigProcessor : Loading config from cache: C:\Users\dorus\AppData\Local\Temp\69e5e641cece6cfbb9f28306d01595e4.mpf_cache
2022-10-23 15:20:26,694 : INFO : ConfigProcessor : Loading config from cache: C:\Users\dorus\AppData\Local\Temp\336e6d2601ccb63523c70814805acbf1.mpf_cache
2022-10-23 15:20:26,695 : INFO : ConfigProcessor : Loading config from cache: C:\Users\dorus\AppData\Local\Temp\8f8558ef7eb783a34103d845cb15f27a.mpf_cache
2022-10-23 15:20:26,695 : INFO : ConfigProcessor : Loading config from cache: C:\Users\dorus\AppData\Local\Temp\3f4ec0fd6e14e835699e1ee64ae7815f.mpf_cache
2022-10-23 15:20:26,696 : INFO : ConfigProcessor : Loading config from cache: C:\Users\dorus\AppData\Local\Temp\07450fdcdb716b1c510f1f1f728b03da.mpf_cache
2022-10-23 15:20:26,697 : INFO : ConfigProcessor : Loading config from cache: C:\Users\dorus\AppData\Local\Temp\26dc7d91d16a8c3848757fce5df95f92.mpf_cache
2022-10-23 15:20:26,697 : WARNING : ConfigProcessor : Config file in cache changed: C:\Users\dorus\OneDrive\Documents\Pinball\Github\Pinball-MPF\mpfv1\modes\base\shows\.\base_show.yaml
2022-10-23 15:20:26,697 : INFO : ConfigProcessor : Loading config from file C:\Users\dorus\OneDrive\Documents\Pinball\Github\Pinball-MPF\mpfv1\modes\base\shows\.\base_show.yaml.
2022-10-23 15:20:26,700 : INFO : ConfigProcessor : Loading config: C:\Users\dorus\OneDrive\Documents\Pinball\Github\Pinball-MPF\mpfv1\modes\base\shows\.\base_show.yaml
2022-10-23 15:20:26,701 : INFO : ConfigProcessor : Config file cache created: C:\Users\dorus\AppData\Local\Temp\e142fb215d63411261522b102b5844f9.mpf_cache
2022-10-23 15:20:26,701 : INFO : Machine : Mission Pinball Framework Core Engine v0.55.0
2022-10-23 15:20:26,701 : INFO : Machine : Command line arguments: {'no_load_cache': False, 'create_config_cache': True, 'bcp': True, 'configfile': ['config.yaml'], 'force_assets_load': False, 'jsonlogging': False, 'logfile': 'logs\\2022-10-23-15-20-26-mpf-LAPTOP-AS8QDAQG.log', 'pause': False, 'production': False, 'text_ui': True, 'loglevel': 15, 'consoleloglevel': 20, 'force_platform': 'smart_virtual', 'syslog_address': None, 'mc_file_name': None, 'no_sound': False}
2022-10-23 15:20:26,701 : INFO : Machine : MPF path: C:\Users\dorus\AppData\Local\Programs\Python\Python38\lib\site-packages\mpf
2022-10-23 15:20:26,701 : INFO : Machine : Machine path: C:\Users\dorus\OneDrive\Documents\Pinball\Github\Pinball-MPF\mpfv1
2022-10-23 15:20:26,701 : INFO : Machine : Platform: win32
2022-10-23 15:20:26,702 : INFO : Machine : Python executable location: C:\Users\dorus\AppData\Local\Programs\Python\Python38\python.exe
2022-10-23 15:20:26,702 : INFO : Machine : Python version: 3.8.10 (64-bit)
2022-10-23 15:20:26,703 : INFO : Machine : Initialise MPF.
2022-10-23 15:20:26,871 : INFO : EventManager : Event: ======'machine_var_credits_string'====== Args={'value': 'FREE PLAY', 'prev_value': None, 'change': True}
2022-10-23 15:20:26,918 : INFO : EventManager : Event: ======'machine_var_master_volume'====== Args={'value': 0.5, 'prev_value': None, 'change': True}
2022-10-23 15:20:26,918 : INFO : EventManager : Event: ======'machine_var_player1_score'====== Args={'value': 106800, 'prev_value': None, 'change': True}
2022-10-23 15:20:26,918 : INFO : EventManager : Event: ======'machine_var_mpf_version'====== Args={'value': 'MPF v0.55.0', 'prev_value': None, 'change': True}
2022-10-23 15:20:26,918 : INFO : EventManager : Event: ======'machine_var_mpf_extended_version'====== Args={'value': 'MPF v0.55.0, Config version:5, Show version: 5, BCP version:1.1', 'prev_value': None, 'change': True}
2022-10-23 15:20:26,918 : INFO : EventManager : Event: ======'machine_var_python_version'====== Args={'value': '3.8.10', 'prev_value': None, 'change': True}
2022-10-23 15:20:26,927 : INFO : EventManager : Event: ======'machine_var_platform'====== Args={'value': 'Windows-10-10.0.19044-SP0', 'prev_value': None, 'change': True}
2022-10-23 15:20:26,927 : INFO : EventManager : Event: ======'machine_var_platform_system'====== Args={'value': 'Windows', 'prev_value': None, 'change': True}
2022-10-23 15:20:26,927 : INFO : EventManager : Event: ======'machine_var_platform_release'====== Args={'value': '10', 'prev_value': None, 'change': True}
2022-10-23 15:20:26,927 : INFO : EventManager : Event: ======'machine_var_platform_version'====== Args={'value': '10.0.19044', 'prev_value': None, 'change': True}
2022-10-23 15:20:26,927 : INFO : EventManager : Event: ======'machine_var_platform_machine'====== Args={'value': 'AMD64', 'prev_value': None, 'change': True}
2022-10-23 15:20:26,927 : INFO : EventManager : Event: ======'init_phase_1'====== Args={}
2022-10-23 15:20:26,943 : INFO : EventManager : Event: ======'drop_target_bank_db_dropbank_up'====== Args={}
2022-10-23 15:20:26,945 : INFO : EventManager : Event: ======'init_phase_2'====== Args={}
2022-10-23 15:20:26,946 : INFO : SwitchController : Found active switch: ('2-0-19', <Platform.SmartVirtual>) <switch.s_trough1>
2022-10-23 15:20:26,946 : INFO : SwitchController : Found active switch: ('2-0-20', <Platform.SmartVirtual>) <switch.s_trough2>
2022-10-23 15:20:26,946 : INFO : SwitchController : Found active switch: ('2-0-21', <Platform.SmartVirtual>) <switch.s_trough3>
2022-10-23 15:20:26,946 : INFO : SwitchController : Found active switch: ('2-0-22', <Platform.SmartVirtual>) <switch.s_trough4>
2022-10-23 15:20:26,949 : INFO : EventManager : Event: ======'bcp_connection_attempt'====== Args={'name': 'local_display', 'host': 'localhost', 'port': 5050}
2022-10-23 15:20:26,950 : INFO : BCPClientSocket : Connecting BCP to 'local_display' at localhost:5050...
2022-10-23 15:20:28,997 : INFO : BCPClientSocket : Connected BCP to 'local_display' localhost:5050
2022-10-23 15:20:28,998 : INFO : EventManager : Event: ======'bcp_clients_connected'====== Args={}
2022-10-23 15:20:29,009 : INFO : ball_device.bd_trough : BCH: Initial count: 4
2022-10-23 15:20:29,010 : INFO : EventManager : Event: ======'machine_var_mc_version'====== Args={'value': 'MPF-MC v0.55.0', 'prev_value': None, 'change': True}
2022-10-23 15:20:29,010 : INFO : EventManager : Event: ======'machine_var_mc_extended_version'====== Args={'value': 'MPF-MC v0.55.0 (config_version=5, BCP v1.1, Requires MPF v0.55.0-dev.49)', 'prev_value': None, 'change': True}
2022-10-23 15:20:29,011 : INFO : ball_device.bd_trough : State: idle
2022-10-23 15:20:29,025 : INFO : ball_device.bd_plunger : BCH: Initial count: 0
2022-10-23 15:20:29,025 : INFO : ball_device.bd_plunger : State: idle
2022-10-23 15:20:29,026 : INFO : ball_device.bd_vukmid : BCH: Initial count: 0
2022-10-23 15:20:29,026 : INFO : ball_device.bd_vukmid : State: idle
2022-10-23 15:20:29,026 : INFO : ball_device.bd_vuktop : BCH: Initial count: 0
2022-10-23 15:20:29,027 : INFO : ball_device.bd_vuktop : State: idle
2022-10-23 15:20:29,114 : INFO : EventManager : Event: ======'init_phase_3'====== Args={}
2022-10-23 15:20:29,119 : INFO : EventManager : Event: ======'init_phase_4'====== Args={}
2022-10-23 15:20:29,119 : INFO : EventManager : Event: ======'playfield_active'====== Args={}
2022-10-23 15:20:29,119 : INFO : EventManager : Event: ======'unexpected_ball_on_playfield'====== Args={}
2022-10-23 15:20:29,120 : INFO : EventManager : Event: ======'playfield_active'====== Args={}
2022-10-23 15:20:29,120 : INFO : EventManager : Event: ======'unexpected_ball_on_playfield'====== Args={}
2022-10-23 15:20:29,120 : INFO : EventManager : Event: ======'playfield_active'====== Args={}
2022-10-23 15:20:29,120 : INFO : EventManager : Event: ======'unexpected_ball_on_playfield'====== Args={}
2022-10-23 15:20:29,120 : INFO : BallController : Initial balls found: 4
2022-10-23 15:20:29,122 : INFO : EventManager : Event: ======'machine_var_audits_events_game_ended'====== Args={'value': 0, 'prev_value': None, 'change': True}
2022-10-23 15:20:29,123 : INFO : EventManager : Event: ======'machine_var_audits_events_game_started'====== Args={'value': 0, 'prev_value': None, 'change': True}
2022-10-23 15:20:29,124 : INFO : EventManager : Event: ======'machine_var_audits_player_score'====== Args={'value': {'average': 31940.0, 'top': [106800, 41000, 33100, 31800, 31200, 27600, 20200, 17500, 10200, 0], 'total': 10}, 'prev_value': None, 'change': True}
2022-10-23 15:20:29,124 : INFO : EventManager : Event: ======'machine_var_audits_shots_lane_top_1'====== Args={'value': 139, 'prev_value': None, 'change': True}
2022-10-23 15:20:29,124 : INFO : EventManager : Event: ======'machine_var_audits_shots_lane_top_2'====== Args={'value': 128, 'prev_value': None, 'change': True}
2022-10-23 15:20:29,124 : INFO : EventManager : Event: ======'machine_var_audits_shots_lane_top_3'====== Args={'value': 108, 'prev_value': None, 'change': True}
2022-10-23 15:20:29,125 : INFO : EventManager : Event: ======'machine_var_audits_shots_orbit'====== Args={'value': 23, 'prev_value': None, 'change': True}
2022-10-23 15:20:29,125 : INFO : EventManager : Event: ======'machine_var_audits_shots_spinner'====== Args={'value': 178, 'prev_value': None, 'change': True}
2022-10-23 15:20:29,125 : INFO : EventManager : Event: ======'machine_var_audits_switches_s_bottomlane1'====== Args={'value': 15, 'prev_value': None, 'change': True}
2022-10-23 15:20:29,125 : INFO : EventManager : Event: ======'machine_var_audits_switches_s_bottomlane2'====== Args={'value': 28, 'prev_value': None, 'change': True}
2022-10-23 15:20:29,126 : INFO : EventManager : Event: ======'machine_var_audits_switches_s_bottomlane3'====== Args={'value': 145, 'prev_value': None, 'change': True}
2022-10-23 15:20:29,126 : INFO : EventManager : Event: ======'machine_var_audits_switches_s_bottomlane4'====== Args={'value': 33, 'prev_value': None, 'change': True}
2022-10-23 15:20:29,126 : INFO : EventManager : Event: ======'machine_var_audits_switches_s_bottomlane5'====== Args={'value': 13, 'prev_value': None, 'change': True}
2022-10-23 15:20:29,127 : INFO : EventManager : Event: ======'machine_var_audits_switches_s_drop1'====== Args={'value': 35, 'prev_value': None, 'change': True}
2022-10-23 15:20:29,127 : INFO : EventManager : Event: ======'machine_var_audits_switches_s_drop2'====== Args={'value': 17, 'prev_value': None, 'change': True}
2022-10-23 15:20:29,127 : INFO : EventManager : Event: ======'machine_var_audits_switches_s_drop3'====== Args={'value': 15, 'prev_value': None, 'change': True}
2022-10-23 15:20:29,127 : INFO : EventManager : Event: ======'machine_var_audits_switches_s_launch'====== Args={'value': 11, 'prev_value': None, 'change': True}
2022-10-23 15:20:29,128 : INFO : EventManager : Event: ======'machine_var_audits_switches_s_left01'====== Args={'value': 27, 'prev_value': None, 'change': True}
2022-10-23 15:20:29,128 : INFO : EventManager : Event: ======'machine_var_audits_switches_s_left02'====== Args={'value': 28, 'prev_value': None, 'change': True}
2022-10-23 15:20:29,128 : INFO : EventManager : Event: ======'machine_var_audits_switches_s_left03'====== Args={'value': 21, 'prev_value': None, 'change': True}
2022-10-23 15:20:29,128 : INFO : EventManager : Event: ======'machine_var_audits_switches_s_left_sling'====== Args={'value': 62, 'prev_value': None, 'change': True}
2022-10-23 15:20:29,129 : INFO : EventManager : Event: ======'machine_var_audits_switches_s_orbit1'====== Args={'value': 45, 'prev_value': None, 'change': True}
2022-10-23 15:20:29,129 : INFO : EventManager : Event: ======'machine_var_audits_switches_s_orbit2'====== Args={'value': 0, 'prev_value': None, 'change': True}
2022-10-23 15:20:29,129 : INFO : EventManager : Event: ======'machine_var_audits_switches_s_plunger_lane'====== Args={'value': 111, 'prev_value': None, 'change': True}
2022-10-23 15:20:29,129 : INFO : EventManager : Event: ======'machine_var_audits_switches_s_popbumber_1'====== Args={'value': 68, 'prev_value': None, 'change': True}
2022-10-23 15:20:29,130 : INFO : EventManager : Event: ======'machine_var_audits_switches_s_popbumber_2'====== Args={'value': 109, 'prev_value': None, 'change': True}
2022-10-23 15:20:29,130 : INFO : EventManager : Event: ======'machine_var_audits_switches_s_popbumber_3'====== Args={'value': 60, 'prev_value': None, 'change': True}
2022-10-23 15:20:29,130 : INFO : EventManager : Event: ======'machine_var_audits_switches_s_ramp'====== Args={'value': 38, 'prev_value': None, 'change': True}
2022-10-23 15:20:29,131 : INFO : EventManager : Event: ======'machine_var_audits_switches_s_right_sling'====== Args={'value': 120, 'prev_value': None, 'change': True}
2022-10-23 15:20:29,131 : INFO : EventManager : Event: ======'machine_var_audits_switches_s_rigth01'====== Args={'value': 59, 'prev_value': None, 'change': True}
2022-10-23 15:20:29,131 : INFO : EventManager : Event: ======'machine_var_audits_switches_s_rigth02'====== Args={'value': 24, 'prev_value': None, 'change': True}
2022-10-23 15:20:29,131 : INFO : EventManager : Event: ======'machine_var_audits_switches_s_rigth03'====== Args={'value': 15, 'prev_value': None, 'change': True}
2022-10-23 15:20:29,131 : INFO : EventManager : Event: ======'machine_var_audits_switches_s_spinner'====== Args={'value': 271, 'prev_value': None, 'change': True}
2022-10-23 15:20:29,132 : INFO : EventManager : Event: ======'machine_var_audits_switches_s_start'====== Args={'value': 2, 'prev_value': None, 'change': True}
2022-10-23 15:20:29,132 : INFO : EventManager : Event: ======'machine_var_audits_switches_s_top'====== Args={'value': 11, 'prev_value': None, 'change': True}
2022-10-23 15:20:29,132 : INFO : EventManager : Event: ======'machine_var_audits_switches_s_toplane1'====== Args={'value': 226, 'prev_value': None, 'change': True}
2022-10-23 15:20:29,132 : INFO : EventManager : Event: ======'machine_var_audits_switches_s_toplane2'====== Args={'value': 135, 'prev_value': None, 'change': True}
2022-10-23 15:20:29,132 : INFO : EventManager : Event: ======'machine_var_audits_switches_s_toplane3'====== Args={'value': 115, 'prev_value': None, 'change': True}
2022-10-23 15:20:29,133 : INFO : EventManager : Event: ======'machine_var_audits_switches_s_trough1'====== Args={'value': 32, 'prev_value': None, 'change': True}
2022-10-23 15:20:29,133 : INFO : EventManager : Event: ======'machine_var_audits_switches_s_trough2'====== Args={'value': 37, 'prev_value': None, 'change': True}
2022-10-23 15:20:29,133 : INFO : EventManager : Event: ======'machine_var_audits_switches_s_trough3'====== Args={'value': 27, 'prev_value': None, 'change': True}
2022-10-23 15:20:29,133 : INFO : EventManager : Event: ======'machine_var_audits_switches_s_trough4'====== Args={'value': 40, 'prev_value': None, 'change': True}
2022-10-23 15:20:29,133 : INFO : EventManager : Event: ======'machine_var_audits_switches_s_trough5'====== Args={'value': 29, 'prev_value': None, 'change': True}
2022-10-23 15:20:29,134 : INFO : EventManager : Event: ======'machine_var_audits_switches_s_trough6'====== Args={'value': 24, 'prev_value': None, 'change': True}
2022-10-23 15:20:29,134 : INFO : EventManager : Event: ======'machine_var_audits_switches_s_trough_jam'====== Args={'value': 27, 'prev_value': None, 'change': True}
2022-10-23 15:20:29,134 : INFO : EventManager : Event: ======'machine_var_audits_switches_s_vukmid'====== Args={'value': 47, 'prev_value': None, 'change': True}
2022-10-23 15:20:29,134 : INFO : EventManager : Event: ======'machine_var_audits_switches_s_vuktop'====== Args={'value': 15, 'prev_value': None, 'change': True}
2022-10-23 15:20:29,135 : INFO : EventManager : Event: ======'init_phase_5'====== Args={}
2022-10-23 15:20:29,153 : INFO : EventManager : Event: ======'init_done'====== Args={}
2022-10-23 15:20:29,153 : INFO : EventManager : Event: ======'machine_reset_phase_1'====== Args={}
2022-10-23 15:20:29,162 : INFO : EventManager : Event: ======'machine_reset_phase_2'====== Args={}
2022-10-23 15:20:29,162 : INFO : EventManager : Event: ======'machine_reset_phase_3'====== Args={}
2022-10-23 15:20:29,162 : INFO : drop_target_bank.db_dropbank : All targets are already up. Will not reset bank.
2022-10-23 15:20:29,162 : INFO : EventManager : Event: ======'reset_complete'====== Args={}
2022-10-23 15:20:29,162 : INFO : EventManager : Event: ======'mode_attract_will_start'====== Args={}
2022-10-23 15:20:29,163 : INFO : EventManager : Event: ======'mode_attract_starting'====== Args={}
2022-10-23 15:20:29,163 : INFO : Mode.attract : Started. Priority: 10
2022-10-23 15:20:29,163 : INFO : EventManager : Event: ======'modes_active_modes_changed'====== Args={}
2022-10-23 15:20:29,163 : INFO : EventManager : Event: ======'mode_attract_started'====== Args={}
2022-10-23 15:20:29,164 : INFO : EventManager : Event: ======'collecting_balls_complete'====== Args={}
2022-10-23 15:20:29,184 : INFO : EventManager : Event: ======'slide_layout_main_created'====== Args={'_from_bcp': True}
2022-10-23 15:20:29,184 : INFO : Machine : Starting the main run loop.
2022-10-23 15:20:29,187 : INFO : EventManager : Event: ======'slide_empty_slide_created'====== Args={'_from_bcp': True}
2022-10-23 15:20:29,190 : INFO : EventManager : Event: ======'slide_empty_slide_created'====== Args={'_from_bcp': True}
2022-10-23 15:20:29,194 : INFO : EventManager : Event: ======'slide_empty_slide_created'====== Args={'_from_bcp': True}
2022-10-23 15:20:29,197 : INFO : EventManager : Event: ======'slide_press_start_created'====== Args={'_from_bcp': True}
2022-10-23 15:20:29,201 : INFO : EventManager : Event: ======'slide_empty_slide_created'====== Args={'_from_bcp': True}
2022-10-23 15:20:29,204 : INFO : EventManager : Event: ======'slide_Title_slide_created'====== Args={'_from_bcp': True}
2022-10-23 15:20:29,207 : INFO : EventManager : Event: ======'slide_empty_slide_created'====== Args={'_from_bcp': True}
2022-10-23 15:20:29,215 : INFO : BcpServer : New client connected.
2022-10-23 15:20:29,221 : INFO : EventManager : Event: ======'slide_layout_main_active'====== Args={'_from_bcp': True}
2022-10-23 15:20:29,238 : INFO : EventManager : Event: ======'slide_empty_slide_active'====== Args={'_from_bcp': True}
2022-10-23 15:20:29,239 : INFO : EventManager : Event: ======'slide_empty_slide_active'====== Args={'_from_bcp': True}
2022-10-23 15:20:29,240 : INFO : EventManager : Event: ======'slide_empty_slide_active'====== Args={'_from_bcp': True}
2022-10-23 15:20:29,241 : INFO : EventManager : Event: ======'slide_press_start_active'====== Args={'_from_bcp': True}
2022-10-23 15:20:29,242 : INFO : EventManager : Event: ======'slide_empty_slide_active'====== Args={'_from_bcp': True}
2022-10-23 15:20:29,243 : INFO : EventManager : Event: ======'slide_Title_slide_active'====== Args={'_from_bcp': True}
2022-10-23 15:20:29,250 : INFO : EventManager : Event: ======'slide_empty_slide_active'====== Args={'_from_bcp': True}
2022-10-23 15:20:30,355 : INFO : SwitchController : <<<<<<< 's_start' active >>>>>>>
2022-10-23 15:20:30,450 : INFO : SwitchController : <<<<<<< 's_start' inactive >>>>>>>
2022-10-23 15:20:30,450 : INFO : EventManager : Event: ======'request_to_start_game'====== Args={}
2022-10-23 15:20:30,451 : INFO : EventManager : Event: ======'game_start'====== Args={'buttons': [], 'hold_time': 0.09399999999914144}
2022-10-23 15:20:30,452 : INFO : EventManager : Event: ======'mode_game_will_start'====== Args={'buttons': [], 'hold_time': 0.09399999999914144}
2022-10-23 15:20:30,453 : INFO : EventManager : Event: ======'mode_game_starting'====== Args={'buttons': [], 'hold_time': 0.09399999999914144}
2022-10-23 15:20:30,453 : INFO : EventManager : Event: ======'mode_attract_will_stop'====== Args={}
2022-10-23 15:20:30,454 : INFO : EventManager : Event: ======'mode_attract_stopping'====== Args={}
2022-10-23 15:20:30,454 : INFO : Mode.attract : Stopped.
2022-10-23 15:20:30,454 : INFO : EventManager : Event: ======'modes_active_modes_changed'====== Args={}
2022-10-23 15:20:30,455 : INFO : EventManager : Event: ======'mode_attract_stopped'====== Args={}
2022-10-23 15:20:30,455 : INFO : EventManager : Event: ======'clear'====== Args={'key': 'attract'}
2022-10-23 15:20:30,456 : INFO : Mode.game : Started. Priority: 20
2022-10-23 15:20:30,456 : INFO : EventManager : Event: ======'modes_active_modes_changed'====== Args={}
2022-10-23 15:20:30,456 : INFO : EventManager : Event: ======'mode_game_started'====== Args={'buttons': [], 'hold_time': 0.09399999999914144}
2022-10-23 15:20:30,467 : INFO : EventManager : Event: ======'game_will_start'====== Args={}
2022-10-23 15:20:30,468 : INFO : EventManager : Event: ======'game_starting'====== Args={'game': <Mode.game>}
2022-10-23 15:20:30,469 : INFO : EventManager : Event: ======'player_add_request'====== Args={}
2022-10-23 15:20:30,469 : INFO : EventManager : Event: ======'player_will_add'====== Args={'number': 1}
2022-10-23 15:20:30,469 : INFO : EventManager : Event: ======'player_adding'====== Args={'player': <Player 1>, 'number': 1}
2022-10-23 15:20:30,469 : INFO : EventManager : Event: ======'player_added'====== Args={'player': <Player 1>, 'num': 1}
2022-10-23 15:20:30,469 : INFO : Mode.game : Player added successfully. Total players: 1
2022-10-23 15:20:30,470 : INFO : EventManager : Event: ======'player_index'====== Args={'value': 0, 'prev_value': 0, 'change': 0, 'player_num': 1}
2022-10-23 15:20:30,470 : INFO : EventManager : Event: ======'player_number'====== Args={'value': 1, 'prev_value': 1, 'change': 0, 'player_num': 1}
2022-10-23 15:20:30,470 : INFO : EventManager : Event: ======'player_score'====== Args={'value': 0, 'prev_value': 0, 'change': 0, 'player_num': 1}
2022-10-23 15:20:30,470 : INFO : EventManager : Event: ======'game_started'====== Args={}
2022-10-23 15:20:30,491 : INFO : EventManager : Event: ======'player_turn_will_start'====== Args={'player': <Player 1>, 'number': 1}
2022-10-23 15:20:30,492 : INFO : EventManager : Event: ======'slide_layout_main_removed'====== Args={'_from_bcp': True}
2022-10-23 15:20:30,494 : INFO : EventManager : Event: ======'slide_empty_slide_removed'====== Args={'_from_bcp': True}
2022-10-23 15:20:30,494 : INFO : EventManager : Event: ======'slide_empty_slide_removed'====== Args={'_from_bcp': True}
2022-10-23 15:20:30,494 : INFO : EventManager : Event: ======'slide_empty_slide_removed'====== Args={'_from_bcp': True}
2022-10-23 15:20:30,494 : INFO : EventManager : Event: ======'slide_press_start_removed'====== Args={'_from_bcp': True}
2022-10-23 15:20:30,494 : INFO : EventManager : Event: ======'slide_empty_slide_removed'====== Args={'_from_bcp': True}
2022-10-23 15:20:30,495 : INFO : EventManager : Event: ======'slide_Title_slide_removed'====== Args={'_from_bcp': True}
2022-10-23 15:20:30,495 : INFO : EventManager : Event: ======'slide_empty_slide_removed'====== Args={'_from_bcp': True}
2022-10-23 15:20:30,495 : INFO : EventManager : Event: ======'slide_window_blank_active'====== Args={'_from_bcp': True}
2022-10-23 15:20:30,495 : INFO : EventManager : Event: ======'slide_Disp_Player_blank_active'====== Args={'_from_bcp': True}
2022-10-23 15:20:30,495 : INFO : EventManager : Event: ======'slide_Disp_Menu_blank_active'====== Args={'_from_bcp': True}
2022-10-23 15:20:30,495 : INFO : EventManager : Event: ======'slide_Disp_Ball_blank_active'====== Args={'_from_bcp': True}
2022-10-23 15:20:30,495 : INFO : EventManager : Event: ======'slide_Disp_Message_blank_active'====== Args={'_from_bcp': True}
2022-10-23 15:20:30,496 : INFO : EventManager : Event: ======'slide_Disp_Counter_blank_active'====== Args={'_from_bcp': True}
2022-10-23 15:20:30,496 : INFO : EventManager : Event: ======'slide_Disp_Score_blank_active'====== Args={'_from_bcp': True}
2022-10-23 15:20:30,496 : INFO : EventManager : Event: ======'slide_Disp_Icons_blank_active'====== Args={'_from_bcp': True}
2022-10-23 15:20:30,497 : INFO : EventManager : Event: ======'player_turn_starting'====== Args={'player': <Player 1>, 'number': 1}
2022-10-23 15:20:30,497 : INFO : EventManager : Event: ======'player_ball'====== Args={'value': 1, 'prev_value': 0, 'change': 1, 'player_num': 1}
2022-10-23 15:20:30,497 : INFO : EventManager : Event: ======'player_turn_started'====== Args={'player': <Player 1>, 'number': 1}
2022-10-23 15:20:30,498 : INFO : EventManager : Event: ======'ball_will_start'====== Args={'player': 1, 'ball': 1, 'balls_remaining': 2, 'is_extra_ball': False}
2022-10-23 15:20:30,500 : INFO : EventManager : Event: ======'ball_starting'====== Args={'player': 1, 'ball': 1, 'balls_remaining': 2, 'is_extra_ball': False}
2022-10-23 15:20:30,501 : INFO : EventManager : Event: ======'mode_orbit_will_start'====== Args={'queue': <QueuedEvent>, 'player': 1, 'ball': 1, 'balls_remaining': 2, 'is_extra_ball': False}
2022-10-23 15:20:30,501 : INFO : EventManager : Event: ======'player_shot_spinner_enabled'====== Args={'value': True, 'prev_value': 0, 'change': 1, 'player_num': 1}
2022-10-23 15:20:30,502 : INFO : EventManager : Event: ======'player_shot_orbit_enabled'====== Args={'value': True, 'prev_value': 0, 'change': 1, 'player_num': 1}
2022-10-23 15:20:30,502 : INFO : EventManager : Event: ======'mode_orbit_starting'====== Args={'queue': <QueuedEvent>, 'player': 1, 'ball': 1, 'balls_remaining': 2, 'is_extra_ball': False}
2022-10-23 15:20:30,502 : INFO : EventManager : Event: ======'mode_base_will_start'====== Args={'queue': <QueuedEvent>, 'player': 1, 'ball': 1, 'balls_remaining': 2, 'is_extra_ball': False}
2022-10-23 15:20:30,503 : INFO : EventManager : Event: ======'mode_base_starting'====== Args={'queue': <QueuedEvent>, 'player': 1, 'ball': 1, 'balls_remaining': 2, 'is_extra_ball': False}
2022-10-23 15:20:30,503 : INFO : drop_target_bank.db_dropbank : All targets are already up. Will not reset bank.
2022-10-23 15:20:30,503 : INFO : Mode.base : Started. Priority: 100
2022-10-23 15:20:30,503 : INFO : EventManager : Event: ======'modes_active_modes_changed'====== Args={}
2022-10-23 15:20:30,503 : INFO : EventManager : Event: ======'mode_base_started'====== Args={'queue': <QueuedEvent>, 'player': 1, 'ball': 1, 'balls_remaining': 2, 'is_extra_ball': False}
2022-10-23 15:20:30,504 : INFO : Mode.orbit : Started. Priority: 101
2022-10-23 15:20:30,504 : INFO : EventManager : Event: ======'modes_active_modes_changed'====== Args={}
2022-10-23 15:20:30,504 : INFO : EventManager : Event: ======'mode_orbit_started'====== Args={'queue': <QueuedEvent>, 'player': 1, 'ball': 1, 'balls_remaining': 2, 'is_extra_ball': False}
2022-10-23 15:20:30,504 : INFO : EventManager : Event: ======'balls_in_play'====== Args={'balls': 1}
2022-10-23 15:20:30,505 : INFO : EventManager : Event: ======'ball_started'====== Args={'player': 1, 'ball': 1, 'balls_remaining': 2, 'is_extra_ball': False}
2022-10-23 15:20:30,505 : INFO : EventManager : Event: ======'mode_lanes_will_start'====== Args={'player': 1, 'ball': 1, 'balls_remaining': 2, 'is_extra_ball': False}
2022-10-23 15:20:30,505 : INFO : EventManager : Event: ======'player_shot_lane_top_1_enabled'====== Args={'value': True, 'prev_value': 0, 'change': 1, 'player_num': 1}
2022-10-23 15:20:30,506 : INFO : EventManager : Event: ======'player_shot_lane_top_2_enabled'====== Args={'value': True, 'prev_value': 0, 'change': 1, 'player_num': 1}
2022-10-23 15:20:30,506 : INFO : EventManager : Event: ======'player_shot_lane_top_3_enabled'====== Args={'value': True, 'prev_value': 0, 'change': 1, 'player_num': 1}
2022-10-23 15:20:30,506 : INFO : EventManager : Event: ======'lanes_top_complete'====== Args={'state': 'unlit'}
2022-10-23 15:20:30,507 : INFO : EventManager : Event: ======'lanes_top_unlit_complete'====== Args={}
2022-10-23 15:20:30,508 : INFO : EventManager : Event: ======'mode_lanes_starting'====== Args={'player': 1, 'ball': 1, 'balls_remaining': 2, 'is_extra_ball': False}
2022-10-23 15:20:30,524 : INFO : EventManager : Event: ======'logicblock_lane_top_count_updated'====== Args={'value': 1, 'enabled': True}
2022-10-23 15:20:30,525 : INFO : EventManager : Event: ======'logicblock_lane_top_count_updated'====== Args={'value': 1, 'enabled': True}
2022-10-23 15:20:30,525 : INFO : Mode.lanes : Started. Priority: 110
2022-10-23 15:20:30,525 : INFO : EventManager : Event: ======'modes_active_modes_changed'====== Args={}
2022-10-23 15:20:30,525 : INFO : EventManager : Event: ======'mode_lanes_started'====== Args={'player': 1, 'ball': 1, 'balls_remaining': 2, 'is_extra_ball': False}
2022-10-23 15:20:30,526 : INFO : EventManager : Event: ======'single_player_ball_started'====== Args={}
2022-10-23 15:20:30,527 : INFO : EventManager : Event: ======'player_pf_multiplier'====== Args={'value': 1, 'prev_value': 0, 'change': 1, 'player_num': 1}
2022-10-23 15:20:30,527 : INFO : EventManager : Event: ======'slide_player_slide_created'====== Args={'_from_bcp': True}
2022-10-23 15:20:30,528 : INFO : EventManager : Event: ======'ball_start_target'====== Args={'target': 'playfield'}
2022-10-23 15:20:30,538 : INFO : ball_device.bd_plunger : Setting up player-controlled eject. Balls: 1, Target: <playfield.playfield>, player_controlled_eject_event: s_launch_active
2022-10-23 15:20:30,539 : INFO : EventManager : Event: ======'balldevice_balls_available'====== Args={}
2022-10-23 15:20:30,539 : INFO : EventManager : Event: ======'slide_empty_slide_created'====== Args={'_from_bcp': True}
2022-10-23 15:20:30,541 : INFO : EventManager : Event: ======'slide_ball_slide_created'====== Args={'_from_bcp': True}
2022-10-23 15:20:30,541 : INFO : EventManager : Event: ======'slide_empty_slide_created'====== Args={'_from_bcp': True}
2022-10-23 15:20:30,541 : INFO : EventManager : Event: ======'slide_empty_slide_created'====== Args={'_from_bcp': True}
2022-10-23 15:20:30,542 : INFO : ball_device.bd_trough : State: waiting_for_target_ready
2022-10-23 15:20:30,543 : INFO : EventManager : Event: ======'balldevice_bd_trough_ball_eject_attempt'====== Args={'balls': 1, 'target': <ball_device.bd_plunger>, 'source': <ball_device.bd_trough>, 'mechanical_eject': True, 'num_attempts': 0}
2022-10-23 15:20:30,543 : INFO : ball_device.bd_plunger : State: waiting_for_ball
2022-10-23 15:20:30,543 : INFO : ball_device.bd_trough : State: ejecting
2022-10-23 15:20:30,544 : INFO : ball_device.bd_trough : Ejecting ball to <ball_device.bd_plunger>
2022-10-23 15:20:30,544 : INFO : EventManager : Event: ======'balldevice_bd_trough_ejecting_ball'====== Args={'balls': 1, 'target': <ball_device.bd_plunger>, 'source': <ball_device.bd_trough>, 'mechanical_eject': True, 'num_attempts': 0}
2022-10-23 15:20:30,545 : INFO : ball_device.bd_trough : Wait for ball to leave device
2022-10-23 15:20:30,545 : INFO : coil.c_trough_eject : Pulsing Driver for 25ms (1.0 pulse_power)
2022-10-23 15:20:30,545 : INFO : SwitchController : <<<<<<< 's_trough1' inactive >>>>>>>
2022-10-23 15:20:30,550 : INFO : EventManager : Event: ======'slide_score_slide_created'====== Args={'_from_bcp': True}
2022-10-23 15:20:30,550 : INFO : EventManager : Event: ======'slide_empty_slide_created'====== Args={'_from_bcp': True}
2022-10-23 15:20:30,551 : INFO : ball_device.bd_trough : State: ball_left
2022-10-23 15:20:30,551 : INFO : ball_device.bd_trough : Ball left
2022-10-23 15:20:30,551 : INFO : ball_device.bd_trough : Wait for confirm with timeout 10.0
2022-10-23 15:20:30,561 : INFO : EventManager : Event: ======'slide_player_slide_active'====== Args={'_from_bcp': True}
2022-10-23 15:20:30,561 : INFO : EventManager : Event: ======'slide_empty_slide_active'====== Args={'_from_bcp': True}
2022-10-23 15:20:30,562 : INFO : EventManager : Event: ======'slide_ball_slide_active'====== Args={'_from_bcp': True}
2022-10-23 15:20:30,563 : INFO : EventManager : Event: ======'slide_empty_slide_active'====== Args={'_from_bcp': True}
2022-10-23 15:20:30,564 : INFO : EventManager : Event: ======'slide_empty_slide_active'====== Args={'_from_bcp': True}
2022-10-23 15:20:30,566 : INFO : EventManager : Event: ======'slide_score_slide_active'====== Args={'_from_bcp': True}
2022-10-23 15:20:30,567 : INFO : EventManager : Event: ======'slide_empty_slide_active'====== Args={'_from_bcp': True}
2022-10-23 15:20:30,656 : INFO : SwitchController : <<<<<<< 's_plunger_lane' active >>>>>>>
2022-10-23 15:20:30,656 : INFO : EventManager : Event: ======'machine_var_audits_switches_s_plunger_lane'====== Args={'value': 112, 'prev_value': 111, 'change': 1}
2022-10-23 15:20:31,164 : INFO : ball_device.bd_plunger : Received ball from <ball_device.bd_trough>
2022-10-23 15:20:31,164 : INFO : EventManager : Event: ======'balldevice_bd_plunger_ball_enter'====== Args={'new_balls': 1, 'unclaimed_balls': 0, 'new_available_balls': 0, 'device': <ball_device.bd_plunger>}
2022-10-23 15:20:31,165 : INFO : EventManager : Event: ======'balldevice_bd_plunger_ball_entered'====== Args={'new_balls': 0, 'device': <ball_device.bd_plunger>}
2022-10-23 15:20:31,165 : INFO : EventManager : Event: ======'balldevice_bd_plunger_ball_count_changed'====== Args={'balls': 1}
2022-10-23 15:20:31,165 : INFO : ball_device.bd_trough : Got eject confirm
2022-10-23 15:20:31,166 : INFO : ball_device.bd_trough : Eject successful
2022-10-23 15:20:31,166 : INFO : EventManager : Event: ======'balldevice_bd_trough_ball_eject_success'====== Args={'balls': 1, 'target': <ball_device.bd_plunger>}
2022-10-23 15:20:31,166 : INFO : EventManager : Event: ======'balldevice_bd_trough_ball_count_changed'====== Args={'balls': 3}
2022-10-23 15:20:31,166 : INFO : ball_device.bd_trough : State: idle
2022-10-23 15:20:31,167 : INFO : ball_device.bd_plunger : State: waiting_for_target_ready
2022-10-23 15:20:31,167 : INFO : EventManager : Event: ======'balldevice_bd_plunger_ball_eject_attempt'====== Args={'balls': 1, 'target': <playfield.playfield>, 'source': <ball_device.bd_plunger>, 'mechanical_eject': True, 'num_attempts': 0}
2022-10-23 15:20:31,168 : INFO : ball_device.bd_plunger : State: ejecting
2022-10-23 15:20:31,168 : INFO : ball_device.bd_plunger : Ejecting ball to <playfield.playfield>
2022-10-23 15:20:31,168 : INFO : EventManager : Event: ======'balldevice_bd_plunger_ejecting_ball'====== Args={'balls': 1, 'target': <playfield.playfield>, 'source': <ball_device.bd_plunger>, 'mechanical_eject': True, 'num_attempts': 0}
2022-10-23 15:20:31,169 : INFO : ball_device.bd_plunger : Wait for ball to leave device
2022-10-23 15:20:36,202 : INFO : SwitchController : <<<<<<< 's_plunger_lane' inactive >>>>>>>
2022-10-23 15:20:36,208 : INFO : ball_device.bd_plunger : State: ball_left
2022-10-23 15:20:36,208 : INFO : ball_device.bd_plunger : Ball left
2022-10-23 15:20:36,208 : INFO : ball_device.bd_plunger : Wait for confirm with timeout 10.0
2022-10-23 15:20:38,756 : INFO : SwitchController : <<<<<<< 's_toplane1' active >>>>>>>
2022-10-23 15:20:38,756 : INFO : EventManager : Event: ======'playfield_active'====== Args={}
2022-10-23 15:20:38,757 : INFO : EventManager : Event: ======'s_toplane1_active'====== Args={}
2022-10-23 15:20:38,757 : INFO : EventManager : Event: ======'machine_var_audits_switches_s_toplane1'====== Args={'value': 227, 'prev_value': 226, 'change': 1}
2022-10-23 15:20:38,765 : INFO : EventManager : Event: ======'player_shot_lane_top_1'====== Args={'value': 1, 'prev_value': 0, 'change': 1, 'player_num': 1}
2022-10-23 15:20:38,765 : INFO : EventManager : Event: ======'machine_var_audits_shots_lane_top_1'====== Args={'value': 140, 'prev_value': 139, 'change': 1}
2022-10-23 15:20:38,765 : INFO : EventManager : Event: ======'lane_top_1_hit'====== Args={'profile': 'default', 'state': 'unlit', 'advancing': True}
2022-10-23 15:20:38,766 : INFO : EventManager : Event: ======'lane_top_1_default_hit'====== Args={'profile': 'default', 'state': 'unlit', 'advancing': True}
2022-10-23 15:20:38,766 : INFO : EventManager : Event: ======'lane_top_1_default_unlit_hit'====== Args={'profile': 'default', 'state': 'unlit', 'advancing': True}
2022-10-23 15:20:38,766 : INFO : EventManager : Event: ======'lane_top_1_unlit_hit'====== Args={'profile': 'default', 'state': 'unlit', 'advancing': True}
2022-10-23 15:20:38,766 : INFO : EventManager : Event: ======'lanes_top_hit'====== Args={}
2022-10-23 15:20:38,766 : INFO : EventManager : Event: ======'lanes_top_unlit_hit'====== Args={}
2022-10-23 15:20:38,781 : INFO : ball_device.bd_plunger : Got eject confirm
2022-10-23 15:20:38,781 : INFO : ball_device.bd_plunger : Eject successful
2022-10-23 15:20:38,781 : INFO : EventManager : Event: ======'balldevice_bd_plunger_ball_eject_success'====== Args={'balls': 1, 'target': <playfield.playfield>}
2022-10-23 15:20:38,782 : INFO : EventManager : Event: ======'balldevice_playfield_ball_enter'====== Args={'new_balls': 1, 'unclaimed_balls': 1, 'device': <playfield.playfield>}
2022-10-23 15:20:38,782 : INFO : EventManager : Event: ======'playfield_ball_count_change'====== Args={'balls': 1, 'change': 1}
2022-10-23 15:20:38,784 : INFO : EventManager : Event: ======'balldevice_bd_plunger_ball_count_changed'====== Args={'balls': 0}
2022-10-23 15:20:38,784 : INFO : ball_device.bd_plunger : State: idle
2022-10-23 15:20:38,845 : INFO : SwitchController : <<<<<<< 's_toplane1' inactive >>>>>>>
2022-10-23 15:20:39,909 : INFO : SwitchController : <<<<<<< 's_toplane2' active >>>>>>>
2022-10-23 15:20:39,910 : INFO : EventManager : Event: ======'s_toplane2_active'====== Args={}
2022-10-23 15:20:39,910 : INFO : EventManager : Event: ======'machine_var_audits_switches_s_toplane2'====== Args={'value': 136, 'prev_value': 135, 'change': 1}
2022-10-23 15:20:39,911 : INFO : EventManager : Event: ======'player_shot_lane_top_2'====== Args={'value': 1, 'prev_value': 0, 'change': 1, 'player_num': 1}
2022-10-23 15:20:39,912 : INFO : EventManager : Event: ======'machine_var_audits_shots_lane_top_2'====== Args={'value': 129, 'prev_value': 128, 'change': 1}
2022-10-23 15:20:39,912 : INFO : EventManager : Event: ======'lane_top_2_hit'====== Args={'profile': 'default', 'state': 'unlit', 'advancing': True}
2022-10-23 15:20:39,912 : INFO : EventManager : Event: ======'lane_top_2_default_hit'====== Args={'profile': 'default', 'state': 'unlit', 'advancing': True}
2022-10-23 15:20:39,912 : INFO : EventManager : Event: ======'lane_top_2_default_unlit_hit'====== Args={'profile': 'default', 'state': 'unlit', 'advancing': True}
2022-10-23 15:20:39,913 : INFO : EventManager : Event: ======'lane_top_2_unlit_hit'====== Args={'profile': 'default', 'state': 'unlit', 'advancing': True}
2022-10-23 15:20:39,913 : INFO : EventManager : Event: ======'lanes_top_hit'====== Args={}
2022-10-23 15:20:39,913 : INFO : EventManager : Event: ======'lanes_top_unlit_hit'====== Args={}
2022-10-23 15:20:40,017 : INFO : SwitchController : <<<<<<< 's_toplane2' inactive >>>>>>>
2022-10-23 15:20:40,952 : INFO : SwitchController : <<<<<<< 's_toplane3' active >>>>>>>
2022-10-23 15:20:40,952 : INFO : EventManager : Event: ======'s_toplane3_active'====== Args={}
2022-10-23 15:20:40,952 : INFO : EventManager : Event: ======'machine_var_audits_switches_s_toplane3'====== Args={'value': 116, 'prev_value': 115, 'change': 1}
2022-10-23 15:20:40,953 : INFO : EventManager : Event: ======'player_shot_lane_top_3'====== Args={'value': 1, 'prev_value': 0, 'change': 1, 'player_num': 1}
2022-10-23 15:20:40,954 : INFO : EventManager : Event: ======'machine_var_audits_shots_lane_top_3'====== Args={'value': 109, 'prev_value': 108, 'change': 1}
2022-10-23 15:20:40,955 : INFO : EventManager : Event: ======'lane_top_3_hit'====== Args={'profile': 'default', 'state': 'unlit', 'advancing': True}
2022-10-23 15:20:40,955 : INFO : EventManager : Event: ======'lane_top_3_default_hit'====== Args={'profile': 'default', 'state': 'unlit', 'advancing': True}
2022-10-23 15:20:40,955 : INFO : EventManager : Event: ======'lane_top_3_default_unlit_hit'====== Args={'profile': 'default', 'state': 'unlit', 'advancing': True}
2022-10-23 15:20:40,955 : INFO : EventManager : Event: ======'lane_top_3_unlit_hit'====== Args={'profile': 'default', 'state': 'unlit', 'advancing': True}
2022-10-23 15:20:40,955 : INFO : EventManager : Event: ======'lanes_top_complete'====== Args={'state': 'lit'}
2022-10-23 15:20:40,956 : INFO : EventManager : Event: ======'lanes_top_lit_complete'====== Args={}
2022-10-23 15:20:40,956 : INFO : EventManager : Event: ======'lanes_top_hit'====== Args={}
2022-10-23 15:20:40,956 : INFO : EventManager : Event: ======'lanes_top_unlit_hit'====== Args={}
2022-10-23 15:20:40,956 : INFO : EventManager : Event: ======'player_score'====== Args={'value': 1000, 'prev_value': 0, 'change': 1000, 'player_num': 1}
2022-10-23 15:20:40,957 : INFO : EventManager : Event: ======'logicblock_lane_top_count_updated'====== Args={'value': 2, 'enabled': True}
2022-10-23 15:20:40,957 : INFO : EventManager : Event: ======'lanes_top_done'====== Args={'count': 2}
2022-10-23 15:20:40,958 : INFO : EventManager : Event: ======'player_pf_multiplier'====== Args={'value': 2, 'prev_value': 1, 'change': 1, 'player_num': 1}
2022-10-23 15:20:40,975 : INFO : EventManager : Event: ======'slide_lanes_top_complete_slide_created'====== Args={'_from_bcp': True}
2022-10-23 15:20:40,979 : INFO : EventManager : Event: ======'slide_lanes_top_complete_slide_active'====== Args={'_from_bcp': True}
2022-10-23 15:20:41,099 : INFO : SwitchController : <<<<<<< 's_toplane3' inactive >>>>>>>
2022-10-23 15:20:41,934 : INFO : EventManager : Event: ======'player_shot_lane_top_1'====== Args={'value': 0, 'prev_value': 1, 'change': -1, 'player_num': 1}
2022-10-23 15:20:41,935 : INFO : EventManager : Event: ======'player_shot_lane_top_2'====== Args={'value': 0, 'prev_value': 1, 'change': -1, 'player_num': 1}
2022-10-23 15:20:41,936 : INFO : EventManager : Event: ======'player_shot_lane_top_3'====== Args={'value': 0, 'prev_value': 1, 'change': -1, 'player_num': 1}
2022-10-23 15:20:42,969 : INFO : EventManager : Event: ======'slide_lanes_top_complete_slide_removed'====== Args={'_from_bcp': True}
2022-10-23 15:20:42,970 : INFO : EventManager : Event: ======'slide_window_blank_active'====== Args={'_from_bcp': True}
2022-10-23 15:22:18,784 : INFO : Machine : Shutting down...
2022-10-23 15:22:18,784 : INFO : EventManager : Event: ======'shutdown'====== Args={}
2022-10-23 15:22:18,789 : INFO : root : MPF run loop ended.
