2022-10-23 14:52:56,443 : kivy : Factory: 186 symbols loaded
2022-10-23 14:52:56,678 : kivy : ImageLoaderFFPy: Using ffpyplayer 4.3.2
2022-10-23 14:52:56,678 : kivy : Image: Providers: img_tex, img_dds, img_sdl2, img_pil, img_ffpyplayer 
2022-10-23 14:52:56,732 : kivy : VideoGstplayer: Using Gstreamer 1.18.0.0
2022-10-23 14:52:56,733 : kivy : Video: Provider: gstplayer
2022-10-23 14:52:57,207 : kivy : Loading MPF-MC controller
2022-10-23 14:52:57,212 : YamlMultifileConfigLoader : Machine config file #1: config
2022-10-23 14:52:57,213 : ConfigProcessor : Config file in cache changed: C:\Users\dorus\OneDrive\Documents\Pinball\Github\Pinball-MPF\mpfv1\config\config
2022-10-23 14:52:57,213 : ConfigProcessor : Loading config from file C:\Users\dorus\AppData\Local\Programs\Python\Python38\lib\site-packages\mpfmc\mcconfig.yaml.
2022-10-23 14:52:57,267 : ConfigProcessor : Loading config: C:\Users\dorus\AppData\Local\Programs\Python\Python38\lib\site-packages\mpfmc\mcconfig.yaml
2022-10-23 14:52:57,268 : ConfigProcessor : Loading config from file C:\Users\dorus\OneDrive\Documents\Pinball\Github\Pinball-MPF\mpfv1\config\config.
2022-10-23 14:52:57,272 : ConfigProcessor : Loading config: C:\Users\dorus\OneDrive\Documents\Pinball\Github\Pinball-MPF\mpfv1\config\config
2022-10-23 14:52:57,311 : ConfigProcessor : Loading config: C:\Users\dorus\OneDrive\Documents\Pinball\Github\Pinball-MPF\mpfv1\config\hardware.yaml
2022-10-23 14:52:57,326 : ConfigProcessor : Loading config: C:\Users\dorus\OneDrive\Documents\Pinball\Github\Pinball-MPF\mpfv1\config\sounds.yaml
2022-10-23 14:52:57,334 : ConfigProcessor : Loading config: C:\Users\dorus\OneDrive\Documents\Pinball\Github\Pinball-MPF\mpfv1\config\display.yaml
2022-10-23 14:52:57,343 : ConfigProcessor : Loading config: C:\Users\dorus\OneDrive\Documents\Pinball\Github\Pinball-MPF\mpfv1\config\keyboard.yaml
2022-10-23 14:52:57,373 : ConfigProcessor : Loading config: C:\Users\dorus\OneDrive\Documents\Pinball\Github\Pinball-MPF\mpfv1\config\slides.yaml
2022-10-23 14:52:57,378 : ConfigProcessor : Loading config: C:\Users\dorus\OneDrive\Documents\Pinball\Github\Pinball-MPF\mpfv1\config\light_shows.yaml
2022-10-23 14:52:57,380 : ConfigProcessor : Config file cache created: C:\Users\dorus\AppData\Local\Temp\7e51f468519621fe47191f26eea0f791.mpf_cache
2022-10-23 14:52:57,381 : ConfigProcessor : Loading config from cache: C:\Users\dorus\AppData\Local\Temp\69e5e641cece6cfbb9f28306d01595e4.mpf_cache
2022-10-23 14:52:57,381 : ConfigProcessor : Loading config from cache: C:\Users\dorus\AppData\Local\Temp\336e6d2601ccb63523c70814805acbf1.mpf_cache
2022-10-23 14:52:57,382 : ConfigProcessor : Loading config from cache: C:\Users\dorus\AppData\Local\Temp\8f8558ef7eb783a34103d845cb15f27a.mpf_cache
2022-10-23 14:52:57,386 : ConfigProcessor : Loading config from cache: C:\Users\dorus\AppData\Local\Temp\3f4ec0fd6e14e835699e1ee64ae7815f.mpf_cache
2022-10-23 14:52:57,387 : ConfigProcessor : Loading config from cache: C:\Users\dorus\AppData\Local\Temp\07450fdcdb716b1c510f1f1f728b03da.mpf_cache
2022-10-23 14:52:57,387 : mpfmc : Mission Pinball Framework Media Controller v0.55.0
2022-10-23 14:52:57,388 : mpfmc : Mission Pinball Framework Game Engine v0.55.0
2022-10-23 14:52:57,388 : mpfmc : Machine path: C:\Users\dorus\OneDrive\Documents\Pinball\Github\Pinball-MPF\mpfv1
2022-10-23 14:52:57,388 : mpfmc : Starting clock at 60.0Hz
2022-10-23 14:52:57,410 : kivy : Text: Provider: sdl2
2022-10-23 14:52:57,508 : kivy : Window: Provider: sdl2
2022-10-23 14:52:57,653 : kivy : GL: Using the "OpenGL" graphics system
2022-10-23 14:52:57,654 : kivy : GL: GLEW initialization succeeded
2022-10-23 14:52:57,654 : kivy : GL: Backend used <glew>
2022-10-23 14:52:57,654 : kivy : GL: OpenGL version <b'4.6.0 - Build 26.20.100.7372'>
2022-10-23 14:52:57,654 : kivy : GL: OpenGL vendor <b'Intel'>
2022-10-23 14:52:57,654 : kivy : GL: OpenGL renderer <b'Intel(R) UHD Graphics'>
2022-10-23 14:52:57,654 : kivy : GL: OpenGL parsed version: 4, 6
2022-10-23 14:52:57,654 : kivy : GL: Shading version <b'4.60 - Build 26.20.100.7372'>
2022-10-23 14:52:57,654 : kivy : GL: Texture max size <16384>
2022-10-23 14:52:57,655 : kivy : GL: Texture max units <32>
2022-10-23 14:52:57,695 : kivy : Window: auto add sdl2 input provider
2022-10-23 14:52:57,695 : kivy : Window: virtual keyboard not allowed, single mode, not docked
2022-10-23 14:52:57,920 : AudioInterface : Initialized
2022-10-23 14:52:57,920 : AudioInterface : Loaded SDL 2.0.12
2022-10-23 14:52:57,920 : AudioInterface : Loaded SDL_Mixer 2.0.4
2022-10-23 14:52:57,920 : AudioInterface : Loaded GStreamer 1.18.0.0
2022-10-23 14:52:57,920 : AudioInterface : Loaded GLib 2.62.6
2022-10-23 14:52:57,920 : AudioInterface : Settings requested - rate: 44100, channels: 1, buffer: 2048 samples
2022-10-23 14:52:57,920 : AudioInterface : Settings in use - rate: 44100, channels: 1, buffer: 2048 samples (4096 bytes @ 2 bytes per sample)
2022-10-23 14:52:57,921 : SoundSystem : Setting master volume to 0.0
2022-10-23 14:52:57,921 : SoundSystem : master_volume in sound_system is deprecated and will be removed in the future.
2022-10-23 14:52:57,921 : AudioInterface : Enabling audio playback
2022-10-23 14:52:57,922 : kivy : Base: Start application main loop
2022-10-23 14:52:57,923 : EventManager : Event: ======'display_window_initialized'====== Args={}
2022-10-23 14:52:57,923 : EventManager : Event: ======'display_Disp_Player_initialized'====== Args={}
2022-10-23 14:52:57,923 : EventManager : Event: ======'display_Disp_Menu_initialized'====== Args={}
2022-10-23 14:52:57,923 : EventManager : Event: ======'display_Disp_Ball_initialized'====== Args={}
2022-10-23 14:52:57,923 : EventManager : Event: ======'display_Disp_Message_initialized'====== Args={}
2022-10-23 14:52:57,923 : EventManager : Event: ======'display_Disp_Counter_initialized'====== Args={}
2022-10-23 14:52:57,923 : EventManager : Event: ======'display_Disp_Score_initialized'====== Args={}
2022-10-23 14:52:57,924 : EventManager : Event: ======'display_Disp_Icons_initialized'====== Args={}
2022-10-23 14:52:57,938 : mpfmc : Display: Setting 'window' as default display
2022-10-23 14:52:57,947 : EventManager : Event: ======'displays_initialized'====== Args={}
2022-10-23 14:52:57,948 : EventManager : Event: ======'slide_window_blank_created'====== Args={}
2022-10-23 14:52:57,948 : EventManager : Event: ======'display_window_ready'====== Args={}
2022-10-23 14:52:57,949 : EventManager : Event: ======'slide_Disp_Player_blank_created'====== Args={}
2022-10-23 14:52:57,949 : EventManager : Event: ======'display_Disp_Player_ready'====== Args={}
2022-10-23 14:52:57,949 : EventManager : Event: ======'slide_Disp_Menu_blank_created'====== Args={}
2022-10-23 14:52:57,949 : EventManager : Event: ======'display_Disp_Menu_ready'====== Args={}
2022-10-23 14:52:57,950 : EventManager : Event: ======'slide_Disp_Ball_blank_created'====== Args={}
2022-10-23 14:52:57,950 : EventManager : Event: ======'display_Disp_Ball_ready'====== Args={}
2022-10-23 14:52:57,950 : EventManager : Event: ======'slide_Disp_Message_blank_created'====== Args={}
2022-10-23 14:52:57,950 : EventManager : Event: ======'display_Disp_Message_ready'====== Args={}
2022-10-23 14:52:57,951 : EventManager : Event: ======'slide_Disp_Counter_blank_created'====== Args={}
2022-10-23 14:52:57,951 : EventManager : Event: ======'display_Disp_Counter_ready'====== Args={}
2022-10-23 14:52:57,951 : EventManager : Event: ======'slide_Disp_Score_blank_created'====== Args={}
2022-10-23 14:52:57,951 : EventManager : Event: ======'display_Disp_Score_ready'====== Args={}
2022-10-23 14:52:57,951 : EventManager : Event: ======'slide_Disp_Icons_blank_created'====== Args={}
2022-10-23 14:52:57,951 : EventManager : Event: ======'display_Disp_Icons_ready'====== Args={}
2022-10-23 14:52:57,961 : EventManager : Event: ======'init_phase_1'====== Args={}
2022-10-23 14:52:57,967 : EventManager : Event: ======'mc_ready'====== Args={}
2022-10-23 14:52:57,967 : EventManager : Event: ======'init_phase_2'====== Args={}
2022-10-23 14:52:57,969 : EventManager : Event: ======'init_phase_3'====== Args={}
2022-10-23 14:52:57,971 : EventManager : Event: ======'init_phase_4'====== Args={}
2022-10-23 14:52:57,971 : EventManager : Event: ======'init_phase_5'====== Args={}
2022-10-23 14:52:58,009 : kivy : GL: NPOT texture support is available
2022-10-23 14:52:58,037 : EventManager : Event: ======'loading_assets'====== Args={'total': 2, 'loaded': 1, 'remaining': 1, 'percent': 50}
2022-10-23 14:52:58,037 : AssetManager : Loading assets: 1/2 (50%)
2022-10-23 14:52:58,057 : EventManager : Event: ======'loading_assets'====== Args={'total': 2, 'loaded': 2, 'remaining': 0, 'percent': 100}
2022-10-23 14:52:58,057 : AssetManager : Asset loading took: 0.1362769603729248
2022-10-23 14:52:58,057 : EventManager : Event: ======'asset_loading_complete'====== Args={}
2022-10-23 14:52:58,057 : AssetManager : Loading assets: 2/2 (100%)
2022-10-23 14:52:58,057 : EventManager : Event: ======'init_done'====== Args={}
2022-10-23 14:52:58,057 : MPF-MC BCP Server : Starting up on localhost port 5050
2022-10-23 14:52:58,062 : MPF-MC BCP Server : Waiting for a connection...
2022-10-23 14:52:58,062 : mpfmc : SlidePlayer: Play called with settings={'slides': {welcome_slide-None-None: {'priority': None, 'target': None, 'background_color': [0.0, 0.0, 0.0, 1.0], 'show': True, 'force': False, 'expire': None, 'slide': None, 'tokens': {}, 'action': 'play', 'transition': None, 'transition_out': None}}}
2022-10-23 14:52:58,068 : EventManager : Event: ======'slide_welcome_slide_created'====== Args={}
2022-10-23 14:52:58,070 : EventManager : Event: ======'slide_welcome_slide_active'====== Args={}
2022-10-23 14:52:58,074 : EventManager : Event: ======'client_disconnected'====== Args={'host': '127.0.0.1', 'port': 5050}
2022-10-23 14:52:58,536 : MPF-MC BCP Server : Received connection from: 127.0.0.1:53138
2022-10-23 14:52:58,539 : EventManager : Event: ======'client_connected'====== Args={'host': '127.0.0.1', 'port': 53138}
2022-10-23 14:52:58,551 : EventManager : Event: ======'machine_var_credits_string'====== Args={'value': 'FREE PLAY', 'prev_value': None, 'change': True}
2022-10-23 14:52:58,551 : EventManager : Event: ======'machine_var_master_volume'====== Args={'value': 0.5, 'prev_value': None, 'change': True}
2022-10-23 14:52:58,552 : EventManager : Event: ======'machine_var_player1_score'====== Args={'value': 0, 'prev_value': None, 'change': True}
2022-10-23 14:52:58,552 : EventManager : Event: ======'machine_var_mpf_version'====== Args={'value': 'MPF v0.55.0', 'prev_value': None, 'change': True}
2022-10-23 14:52:58,552 : EventManager : Event: ======'machine_var_mpf_extended_version'====== Args={'value': 'MPF v0.55.0, Config version:5, Show version: 5, BCP version:1.1', 'prev_value': None, 'change': True}
2022-10-23 14:52:58,552 : EventManager : Event: ======'machine_var_python_version'====== Args={'value': '3.8.10', 'prev_value': None, 'change': True}
2022-10-23 14:52:58,552 : EventManager : Event: ======'machine_var_platform'====== Args={'value': 'Windows-10-10.0.19044-SP0', 'prev_value': None, 'change': True}
2022-10-23 14:52:58,552 : EventManager : Event: ======'machine_var_platform_system'====== Args={'value': 'Windows', 'prev_value': None, 'change': True}
2022-10-23 14:52:58,552 : EventManager : Event: ======'machine_var_platform_release'====== Args={'value': '10', 'prev_value': None, 'change': True}
2022-10-23 14:52:58,552 : EventManager : Event: ======'machine_var_platform_version'====== Args={'value': '10.0.19044', 'prev_value': None, 'change': True}
2022-10-23 14:52:58,552 : EventManager : Event: ======'machine_var_platform_machine'====== Args={'value': 'AMD64', 'prev_value': None, 'change': True}
2022-10-23 14:52:58,552 : EventManager : Event: ======'machine_var_mc_version'====== Args={'value': 'MPF-MC v0.55.0', 'prev_value': None, 'change': True}
2022-10-23 14:52:58,552 : EventManager : Event: ======'machine_var_mc_extended_version'====== Args={'value': 'MPF-MC v0.55.0 (config_version=5, BCP v1.1, Requires MPF v0.55.0-dev.49)', 'prev_value': None, 'change': True}
2022-10-23 14:52:58,552 : SoundSystem : Setting master volume to 0.5
2022-10-23 14:52:58,651 : EventManager : Event: ======'machine_var_audits_events_game_ended'====== Args={'value': 0, 'prev_value': None, 'change': True}
2022-10-23 14:52:58,663 : EventManager : Event: ======'machine_var_audits_events_game_started'====== Args={'value': 0, 'prev_value': None, 'change': True}
2022-10-23 14:52:58,663 : EventManager : Event: ======'machine_var_audits_player_score'====== Args={'value': {'average': 23622.222222222223, 'top': [41000, 33100, 31800, 31200, 27600, 20200, 17500, 10200, 0], 'total': 9}, 'prev_value': None, 'change': True}
2022-10-23 14:52:58,663 : EventManager : Event: ======'machine_var_audits_shots_lane_top_1'====== Args={'value': 130, 'prev_value': None, 'change': True}
2022-10-23 14:52:58,663 : EventManager : Event: ======'machine_var_audits_shots_lane_top_2'====== Args={'value': 122, 'prev_value': None, 'change': True}
2022-10-23 14:52:58,663 : EventManager : Event: ======'machine_var_audits_shots_lane_top_3'====== Args={'value': 102, 'prev_value': None, 'change': True}
2022-10-23 14:52:58,663 : EventManager : Event: ======'machine_var_audits_shots_orbit'====== Args={'value': 23, 'prev_value': None, 'change': True}
2022-10-23 14:52:58,663 : EventManager : Event: ======'machine_var_audits_shots_spinner'====== Args={'value': 178, 'prev_value': None, 'change': True}
2022-10-23 14:52:58,663 : EventManager : Event: ======'machine_var_audits_switches_s_bottomlane1'====== Args={'value': 15, 'prev_value': None, 'change': True}
2022-10-23 14:52:58,663 : EventManager : Event: ======'machine_var_audits_switches_s_bottomlane2'====== Args={'value': 28, 'prev_value': None, 'change': True}
2022-10-23 14:52:58,663 : EventManager : Event: ======'machine_var_audits_switches_s_bottomlane3'====== Args={'value': 26, 'prev_value': None, 'change': True}
2022-10-23 14:52:58,663 : EventManager : Event: ======'machine_var_audits_switches_s_bottomlane4'====== Args={'value': 33, 'prev_value': None, 'change': True}
2022-10-23 14:52:58,663 : EventManager : Event: ======'machine_var_audits_switches_s_bottomlane5'====== Args={'value': 13, 'prev_value': None, 'change': True}
2022-10-23 14:52:58,664 : EventManager : Event: ======'machine_var_audits_switches_s_drop1'====== Args={'value': 35, 'prev_value': None, 'change': True}
2022-10-23 14:52:58,664 : EventManager : Event: ======'machine_var_audits_switches_s_drop2'====== Args={'value': 17, 'prev_value': None, 'change': True}
2022-10-23 14:52:58,664 : EventManager : Event: ======'machine_var_audits_switches_s_drop3'====== Args={'value': 15, 'prev_value': None, 'change': True}
2022-10-23 14:52:58,664 : EventManager : Event: ======'machine_var_audits_switches_s_launch'====== Args={'value': 11, 'prev_value': None, 'change': True}
2022-10-23 14:52:58,664 : EventManager : Event: ======'machine_var_audits_switches_s_left01'====== Args={'value': 26, 'prev_value': None, 'change': True}
2022-10-23 14:52:58,664 : EventManager : Event: ======'machine_var_audits_switches_s_left02'====== Args={'value': 27, 'prev_value': None, 'change': True}
2022-10-23 14:52:58,664 : EventManager : Event: ======'machine_var_audits_switches_s_left03'====== Args={'value': 20, 'prev_value': None, 'change': True}
2022-10-23 14:52:58,664 : EventManager : Event: ======'machine_var_audits_switches_s_left_sling'====== Args={'value': 55, 'prev_value': None, 'change': True}
2022-10-23 14:52:58,664 : EventManager : Event: ======'machine_var_audits_switches_s_orbit1'====== Args={'value': 45, 'prev_value': None, 'change': True}
2022-10-23 14:52:58,664 : EventManager : Event: ======'machine_var_audits_switches_s_orbit2'====== Args={'value': 0, 'prev_value': None, 'change': True}
2022-10-23 14:52:58,664 : EventManager : Event: ======'machine_var_audits_switches_s_plunger_lane'====== Args={'value': 101, 'prev_value': None, 'change': True}
2022-10-23 14:52:58,664 : EventManager : Event: ======'machine_var_audits_switches_s_popbumber_1'====== Args={'value': 58, 'prev_value': None, 'change': True}
2022-10-23 14:52:58,664 : EventManager : Event: ======'machine_var_audits_switches_s_popbumber_2'====== Args={'value': 94, 'prev_value': None, 'change': True}
2022-10-23 14:52:58,664 : EventManager : Event: ======'machine_var_audits_switches_s_popbumber_3'====== Args={'value': 35, 'prev_value': None, 'change': True}
2022-10-23 14:52:58,664 : EventManager : Event: ======'machine_var_audits_switches_s_ramp'====== Args={'value': 34, 'prev_value': None, 'change': True}
2022-10-23 14:52:58,664 : EventManager : Event: ======'machine_var_audits_switches_s_right_sling'====== Args={'value': 109, 'prev_value': None, 'change': True}
2022-10-23 14:52:58,664 : EventManager : Event: ======'machine_var_audits_switches_s_rigth01'====== Args={'value': 54, 'prev_value': None, 'change': True}
2022-10-23 14:52:58,664 : EventManager : Event: ======'machine_var_audits_switches_s_rigth02'====== Args={'value': 23, 'prev_value': None, 'change': True}
2022-10-23 14:52:58,664 : EventManager : Event: ======'machine_var_audits_switches_s_rigth03'====== Args={'value': 14, 'prev_value': None, 'change': True}
2022-10-23 14:52:58,664 : EventManager : Event: ======'machine_var_audits_switches_s_spinner'====== Args={'value': 271, 'prev_value': None, 'change': True}
2022-10-23 14:52:58,665 : EventManager : Event: ======'machine_var_audits_switches_s_start'====== Args={'value': 0, 'prev_value': None, 'change': True}
2022-10-23 14:52:58,665 : EventManager : Event: ======'machine_var_audits_switches_s_top'====== Args={'value': 11, 'prev_value': None, 'change': True}
2022-10-23 14:52:58,665 : EventManager : Event: ======'machine_var_audits_switches_s_toplane1'====== Args={'value': 217, 'prev_value': None, 'change': True}
2022-10-23 14:52:58,665 : EventManager : Event: ======'machine_var_audits_switches_s_toplane2'====== Args={'value': 129, 'prev_value': None, 'change': True}
2022-10-23 14:52:58,665 : EventManager : Event: ======'machine_var_audits_switches_s_toplane3'====== Args={'value': 109, 'prev_value': None, 'change': True}
2022-10-23 14:52:58,665 : EventManager : Event: ======'machine_var_audits_switches_s_trough1'====== Args={'value': 32, 'prev_value': None, 'change': True}
2022-10-23 14:52:58,665 : EventManager : Event: ======'machine_var_audits_switches_s_trough2'====== Args={'value': 35, 'prev_value': None, 'change': True}
2022-10-23 14:52:58,665 : EventManager : Event: ======'machine_var_audits_switches_s_trough3'====== Args={'value': 27, 'prev_value': None, 'change': True}
2022-10-23 14:52:58,665 : EventManager : Event: ======'machine_var_audits_switches_s_trough4'====== Args={'value': 40, 'prev_value': None, 'change': True}
2022-10-23 14:52:58,665 : EventManager : Event: ======'machine_var_audits_switches_s_trough5'====== Args={'value': 27, 'prev_value': None, 'change': True}
2022-10-23 14:52:58,665 : EventManager : Event: ======'machine_var_audits_switches_s_trough6'====== Args={'value': 24, 'prev_value': None, 'change': True}
2022-10-23 14:52:58,665 : EventManager : Event: ======'machine_var_audits_switches_s_trough_jam'====== Args={'value': 27, 'prev_value': None, 'change': True}
2022-10-23 14:52:58,665 : EventManager : Event: ======'machine_var_audits_switches_s_vukmid'====== Args={'value': 46, 'prev_value': None, 'change': True}
2022-10-23 14:52:58,665 : EventManager : Event: ======'machine_var_audits_switches_s_vuktop'====== Args={'value': 12, 'prev_value': None, 'change': True}
2022-10-23 14:52:58,688 : EventManager : Event: ======'slides_play'====== Args={'settings': {'welcome_slide': {'target': None, 'background_color': [0.0, 0.0, 0.0, 1.0], 'priority': None, 'show': True, 'force': False, 'expire': None, 'slide': None, 'tokens': {}, 'action': 'play'}}, 'context': '_global', 'calling_context': 'init_done', 'priority': 0}
2022-10-23 14:52:58,688 : EventManager : Event: ======'mc_reset_phase_1'====== Args={}
2022-10-23 14:52:58,688 : mpfmc : SlidePlayer: Play called with settings={'welcome_slide': {'target': None, 'background_color': [0.0, 0.0, 0.0, 1.0], 'priority': None, 'show': True, 'force': False, 'expire': None, 'slide': None, 'tokens': {}, 'action': 'play'}}
2022-10-23 14:52:58,688 : EventManager : Event: ======'slide_welcome_slide_removed'====== Args={}
2022-10-23 14:52:58,691 : EventManager : Event: ======'slide_welcome_slide_created'====== Args={}
2022-10-23 14:52:58,692 : EventManager : Event: ======'mc_reset_phase_2'====== Args={}
2022-10-23 14:52:58,692 : EventManager : Event: ======'mc_reset_phase_3'====== Args={}
2022-10-23 14:52:58,692 : EventManager : Event: ======'mc_reset_complete'====== Args={}
2022-10-23 14:52:58,693 : EventManager : Event: ======'slide_welcome_slide_active'====== Args={}
2022-10-23 14:52:58,709 : EventManager : Event: ======'slides_play'====== Args={'settings': {'layout_main': {'target': 'window', 'background_color': [0.0, 0.0, 0.0, 1.0], 'priority': None, 'show': True, 'force': False, 'expire': None, 'slide': None, 'tokens': {}, 'action': 'play'}, 'empty_slide_1': {'slide': 'empty_slide', 'target': 'Disp_Player', 'background_color': [0.0, 0.0, 0.0, 1.0], 'priority': None, 'show': True, 'force': False, 'expire': None, 'tokens': {}, 'action': 'play'}, 'empty_slide_2': {'slide': 'empty_slide', 'target': 'Disp_Menu', 'background_color': [0.0, 0.0, 0.0, 1.0], 'priority': None, 'show': True, 'force': False, 'expire': None, 'tokens': {}, 'action': 'play'}, 'empty_slide_3': {'slide': 'empty_slide', 'target': 'Disp_Ball', 'background_color': [0.0, 0.0, 0.0, 1.0], 'priority': None, 'show': True, 'force': False, 'expire': None, 'tokens': {}, 'action': 'play'}, 'press_start': {'target': 'Disp_Message', 'background_color': [0.0, 0.0, 0.0, 1.0], 'priority': None, 'show': True, 'force': False, 'expire': None, 'slide': None, 'tokens': {}, 'action': 'play'}, 'empty_slide_5': {'slide': 'empty_slide', 'target': 'Disp_Counter', 'background_color': [0.0, 0.0, 0.0, 1.0], 'priority': None, 'show': True, 'force': False, 'expire': None, 'tokens': {}, 'action': 'play'}, 'Title_slide': {'target': 'Disp_Score', 'background_color': [0.0, 0.0, 0.0, 1.0], 'priority': None, 'show': True, 'force': False, 'expire': None, 'slide': None, 'tokens': {}, 'action': 'play'}, 'empty_slide_6': {'slide': 'empty_slide', 'target': 'Disp_Icons', 'background_color': [0.0, 0.0, 0.0, 1.0], 'priority': None, 'show': True, 'force': False, 'expire': None, 'tokens': {}, 'action': 'play'}}, 'context': 'show_2', 'calling_context': 0, 'priority': 10, 'show_tokens': {}, 'start_time': 7013.39}
2022-10-23 14:52:58,709 : EventManager : Event: ======'sounds_play'====== Args={'settings': {'musicslow': {'action': 'play', 'loops': -1, 'priority': None, 'block': False, 'delay': None, 'track': None, 'volume': None, 'pan': None, 'start_at': None, 'fade_in': None, 'fade_out': None, 'about_to_finish_time': -1.0, 'max_queue_time': -1.0, 'events_when_played': ['use_sound_setting'], 'events_when_stopped': ['use_sound_setting'], 'events_when_looping': ['use_sound_setting'], 'events_when_about_to_finish': ['use_sound_setting'], 'mode_end_action': 'use_sound_setting', 'key': 'use_sound_setting'}}, 'context': '_global', 'calling_context': 'mode_attract_started', 'priority': 0}
2022-10-23 14:52:58,709 : mpfmc : SlidePlayer: Play called with settings={'layout_main': {'target': 'window', 'background_color': [0.0, 0.0, 0.0, 1.0], 'priority': None, 'show': True, 'force': False, 'expire': None, 'slide': None, 'tokens': {}, 'action': 'play'}, 'empty_slide_1': {'slide': 'empty_slide', 'target': 'Disp_Player', 'background_color': [0.0, 0.0, 0.0, 1.0], 'priority': None, 'show': True, 'force': False, 'expire': None, 'tokens': {}, 'action': 'play'}, 'empty_slide_2': {'slide': 'empty_slide', 'target': 'Disp_Menu', 'background_color': [0.0, 0.0, 0.0, 1.0], 'priority': None, 'show': True, 'force': False, 'expire': None, 'tokens': {}, 'action': 'play'}, 'empty_slide_3': {'slide': 'empty_slide', 'target': 'Disp_Ball', 'background_color': [0.0, 0.0, 0.0, 1.0], 'priority': None, 'show': True, 'force': False, 'expire': None, 'tokens': {}, 'action': 'play'}, 'press_start': {'target': 'Disp_Message', 'background_color': [0.0, 0.0, 0.0, 1.0], 'priority': None, 'show': True, 'force': False, 'expire': None, 'slide': None, 'tokens': {}, 'action': 'play'}, 'empty_slide_5': {'slide': 'empty_slide', 'target': 'Disp_Counter', 'background_color': [0.0, 0.0, 0.0, 1.0], 'priority': None, 'show': True, 'force': False, 'expire': None, 'tokens': {}, 'action': 'play'}, 'Title_slide': {'target': 'Disp_Score', 'background_color': [0.0, 0.0, 0.0, 1.0], 'priority': None, 'show': True, 'force': False, 'expire': None, 'slide': None, 'tokens': {}, 'action': 'play'}, 'empty_slide_6': {'slide': 'empty_slide', 'target': 'Disp_Icons', 'background_color': [0.0, 0.0, 0.0, 1.0], 'priority': None, 'show': True, 'force': False, 'expire': None, 'tokens': {}, 'action': 'play'}}
2022-10-23 14:52:58,719 : EventManager : Event: ======'slide_layout_main_created'====== Args={}
2022-10-23 14:52:58,722 : EventManager : Event: ======'slide_empty_slide_created'====== Args={}
2022-10-23 14:52:58,726 : EventManager : Event: ======'slide_empty_slide_created'====== Args={}
2022-10-23 14:52:58,729 : EventManager : Event: ======'slide_empty_slide_created'====== Args={}
2022-10-23 14:52:58,733 : EventManager : Event: ======'slide_press_start_created'====== Args={}
2022-10-23 14:52:58,736 : EventManager : Event: ======'slide_empty_slide_created'====== Args={}
2022-10-23 14:52:58,739 : EventManager : Event: ======'slide_Title_slide_created'====== Args={}
2022-10-23 14:52:58,744 : EventManager : Event: ======'slide_empty_slide_created'====== Args={}
2022-10-23 14:52:58,754 : EventManager : Event: ======'slide_layout_main_active'====== Args={}
2022-10-23 14:52:58,774 : EventManager : Event: ======'slide_empty_slide_active'====== Args={}
2022-10-23 14:52:58,775 : EventManager : Event: ======'slide_empty_slide_active'====== Args={}
2022-10-23 14:52:58,776 : EventManager : Event: ======'slide_empty_slide_active'====== Args={}
2022-10-23 14:52:58,777 : EventManager : Event: ======'slide_press_start_active'====== Args={}
2022-10-23 14:52:58,778 : EventManager : Event: ======'slide_empty_slide_active'====== Args={}
2022-10-23 14:52:58,779 : EventManager : Event: ======'slide_Title_slide_active'====== Args={}
2022-10-23 14:52:58,780 : EventManager : Event: ======'slide_empty_slide_active'====== Args={}
2022-10-23 14:52:58,799 : EventManager : Event: ======'loading_assets'====== Args={'total': 1, 'loaded': 1, 'remaining': 0, 'percent': 100}
2022-10-23 14:52:58,799 : AssetManager : Asset loading took: 0.8778212070465088
2022-10-23 14:52:58,799 : EventManager : Event: ======'asset_loading_complete'====== Args={}
2022-10-23 14:52:58,799 : AssetManager : Loading assets: 1/1 (100%)
2022-10-23 14:53:01,279 : EventManager : Event: ======'game_started'====== Args={}
2022-10-23 14:53:01,291 : EventManager : Event: ======'slides_clear'====== Args={'context': 'show_2'}
2022-10-23 14:53:01,291 : EventManager : Event: ======'sounds_play'====== Args={'settings': {'musicslow': {'action': 'stop', 'priority': None, 'block': False, 'delay': None, 'track': None, 'volume': None, 'pan': None, 'loops': None, 'start_at': None, 'fade_in': None, 'fade_out': None, 'about_to_finish_time': -1.0, 'max_queue_time': -1.0, 'events_when_played': ['use_sound_setting'], 'events_when_stopped': ['use_sound_setting'], 'events_when_looping': ['use_sound_setting'], 'events_when_about_to_finish': ['use_sound_setting'], 'mode_end_action': 'use_sound_setting', 'key': 'use_sound_setting'}}, 'context': '_global', 'calling_context': 'mode_attract_stopped', 'priority': 0}
2022-10-23 14:53:01,291 : EventManager : Event: ======'player_added'====== Args={'player': <Player 1>, 'num': 1}
2022-10-23 14:53:01,291 : EventManager : Event: ======'player_index'====== Args={'value': 0, 'prev_value': 0, 'change': 0, 'player_num': 1}
2022-10-23 14:53:01,291 : EventManager : Event: ======'player_number'====== Args={'value': 1, 'prev_value': 1, 'change': 0, 'player_num': 1}
2022-10-23 14:53:01,291 : EventManager : Event: ======'player_score'====== Args={'value': 0, 'prev_value': 0, 'change': 0, 'player_num': 1}
2022-10-23 14:53:01,292 : EventManager : Event: ======'slide_layout_main_removed'====== Args={}
2022-10-23 14:53:01,292 : EventManager : Event: ======'slide_empty_slide_removed'====== Args={}
2022-10-23 14:53:01,293 : EventManager : Event: ======'slide_empty_slide_removed'====== Args={}
2022-10-23 14:53:01,294 : EventManager : Event: ======'slide_empty_slide_removed'====== Args={}
2022-10-23 14:53:01,295 : EventManager : Event: ======'slide_press_start_removed'====== Args={}
2022-10-23 14:53:01,295 : EventManager : Event: ======'slide_empty_slide_removed'====== Args={}
2022-10-23 14:53:01,295 : EventManager : Event: ======'slide_Title_slide_removed'====== Args={}
2022-10-23 14:53:01,295 : EventManager : Event: ======'slide_empty_slide_removed'====== Args={}
2022-10-23 14:53:01,296 : EventManager : Event: ======'slide_welcome_slide_active'====== Args={}
2022-10-23 14:53:01,296 : EventManager : Event: ======'slide_Disp_Player_blank_active'====== Args={}
2022-10-23 14:53:01,296 : EventManager : Event: ======'slide_Disp_Menu_blank_active'====== Args={}
2022-10-23 14:53:01,296 : EventManager : Event: ======'slide_Disp_Ball_blank_active'====== Args={}
2022-10-23 14:53:01,296 : EventManager : Event: ======'slide_Disp_Message_blank_active'====== Args={}
2022-10-23 14:53:01,296 : EventManager : Event: ======'slide_Disp_Counter_blank_active'====== Args={}
2022-10-23 14:53:01,296 : EventManager : Event: ======'slide_Disp_Score_blank_active'====== Args={}
2022-10-23 14:53:01,296 : EventManager : Event: ======'slide_Disp_Icons_blank_active'====== Args={}
2022-10-23 14:53:01,324 : EventManager : Event: ======'player_ball'====== Args={'value': 1, 'prev_value': 0, 'change': 1, 'player_num': 1}
2022-10-23 14:53:01,324 : EventManager : Event: ======'player_turn_start'====== Args={'number': 1, 'player': <Player 1>}
2022-10-23 14:53:01,336 : EventManager : Event: ======'player_shot_spinner_enabled'====== Args={'value': True, 'prev_value': 0, 'change': 1, 'player_num': 1}
2022-10-23 14:53:01,336 : EventManager : Event: ======'player_shot_orbit_enabled'====== Args={'value': True, 'prev_value': 0, 'change': 1, 'player_num': 1}
2022-10-23 14:53:01,336 : EventManager : Event: ======'slides_play'====== Args={'settings': {'layout_main': {'target': 'window', 'background_color': [0.0, 0.0, 0.0, 1.0], 'priority': None, 'show': True, 'force': False, 'expire': None, 'slide': None, 'tokens': {}, 'action': 'play'}, 'player_slide': {'target': 'Disp_Player', 'background_color': [0.0, 0.0, 0.0, 1.0], 'priority': None, 'show': True, 'force': False, 'expire': None, 'slide': None, 'tokens': {}, 'action': 'play'}, 'empty_slide_2': {'slide': 'empty_slide', 'target': 'Disp_Menu', 'background_color': [0.0, 0.0, 0.0, 1.0], 'priority': None, 'show': True, 'force': False, 'expire': None, 'tokens': {}, 'action': 'play'}, 'empty_slide_3': {'slide': 'empty_slide', 'target': 'Disp_Ball', 'background_color': [0.0, 0.0, 0.0, 1.0], 'priority': None, 'show': True, 'force': False, 'expire': None, 'tokens': {}, 'action': 'play'}, 'press_start': {'target': 'Disp_Message', 'background_color': [0.0, 0.0, 0.0, 1.0], 'priority': None, 'show': True, 'force': False, 'expire': None, 'slide': None, 'tokens': {}, 'action': 'play'}, 'empty_slide_5': {'slide': 'empty_slide', 'target': 'Disp_Counter', 'background_color': [0.0, 0.0, 0.0, 1.0], 'priority': None, 'show': True, 'force': False, 'expire': None, 'tokens': {}, 'action': 'play'}, 'Title_slide': {'target': 'Disp_Score', 'background_color': [0.0, 0.0, 0.0, 1.0], 'priority': None, 'show': True, 'force': False, 'expire': None, 'slide': None, 'tokens': {}, 'action': 'play'}, 'empty_slide_6': {'slide': 'empty_slide', 'target': 'Disp_Icons', 'background_color': [0.0, 0.0, 0.0, 1.0], 'priority': None, 'show': True, 'force': False, 'expire': None, 'tokens': {}, 'action': 'play'}}, 'context': 'show_5', 'calling_context': 0, 'priority': 100, 'show_tokens': {}, 'start_time': 7016.015}
2022-10-23 14:53:01,336 : EventManager : Event: ======'sounds_play'====== Args={'settings': {'musicfast': {'action': 'play', 'loops': -1, 'priority': None, 'block': False, 'delay': None, 'track': None, 'volume': None, 'pan': None, 'start_at': None, 'fade_in': None, 'fade_out': None, 'about_to_finish_time': -1.0, 'max_queue_time': -1.0, 'events_when_played': ['use_sound_setting'], 'events_when_stopped': ['use_sound_setting'], 'events_when_looping': ['use_sound_setting'], 'events_when_about_to_finish': ['use_sound_setting'], 'mode_end_action': 'use_sound_setting', 'key': 'use_sound_setting'}}, 'context': '_global', 'calling_context': 'mode_base_started', 'priority': 0, 'queue': '<QueuedEvent>', 'player': 1, 'ball': 1, 'balls_remaining': 2, 'is_extra_ball': False}
2022-10-23 14:53:01,336 : EventManager : Event: ======'player_shot_lane_top_1_enabled'====== Args={'value': True, 'prev_value': 0, 'change': 1, 'player_num': 1}
2022-10-23 14:53:01,336 : EventManager : Event: ======'player_shot_lane_top_2_enabled'====== Args={'value': True, 'prev_value': 0, 'change': 1, 'player_num': 1}
2022-10-23 14:53:01,336 : EventManager : Event: ======'player_shot_lane_top_3_enabled'====== Args={'value': True, 'prev_value': 0, 'change': 1, 'player_num': 1}
2022-10-23 14:53:01,337 : mpfmc : SlidePlayer: Play called with settings={'layout_main': {'target': 'window', 'background_color': [0.0, 0.0, 0.0, 1.0], 'priority': None, 'show': True, 'force': False, 'expire': None, 'slide': None, 'tokens': {}, 'action': 'play'}, 'player_slide': {'target': 'Disp_Player', 'background_color': [0.0, 0.0, 0.0, 1.0], 'priority': None, 'show': True, 'force': False, 'expire': None, 'slide': None, 'tokens': {}, 'action': 'play'}, 'empty_slide_2': {'slide': 'empty_slide', 'target': 'Disp_Menu', 'background_color': [0.0, 0.0, 0.0, 1.0], 'priority': None, 'show': True, 'force': False, 'expire': None, 'tokens': {}, 'action': 'play'}, 'empty_slide_3': {'slide': 'empty_slide', 'target': 'Disp_Ball', 'background_color': [0.0, 0.0, 0.0, 1.0], 'priority': None, 'show': True, 'force': False, 'expire': None, 'tokens': {}, 'action': 'play'}, 'press_start': {'target': 'Disp_Message', 'background_color': [0.0, 0.0, 0.0, 1.0], 'priority': None, 'show': True, 'force': False, 'expire': None, 'slide': None, 'tokens': {}, 'action': 'play'}, 'empty_slide_5': {'slide': 'empty_slide', 'target': 'Disp_Counter', 'background_color': [0.0, 0.0, 0.0, 1.0], 'priority': None, 'show': True, 'force': False, 'expire': None, 'tokens': {}, 'action': 'play'}, 'Title_slide': {'target': 'Disp_Score', 'background_color': [0.0, 0.0, 0.0, 1.0], 'priority': None, 'show': True, 'force': False, 'expire': None, 'slide': None, 'tokens': {}, 'action': 'play'}, 'empty_slide_6': {'slide': 'empty_slide', 'target': 'Disp_Icons', 'background_color': [0.0, 0.0, 0.0, 1.0], 'priority': None, 'show': True, 'force': False, 'expire': None, 'tokens': {}, 'action': 'play'}}
2022-10-23 14:53:01,344 : EventManager : Event: ======'slide_layout_main_created'====== Args={}
2022-10-23 14:53:01,351 : EventManager : Event: ======'slide_player_slide_created'====== Args={}
2022-10-23 14:53:01,356 : EventManager : Event: ======'slide_empty_slide_created'====== Args={}
2022-10-23 14:53:01,361 : EventManager : Event: ======'slide_empty_slide_created'====== Args={}
2022-10-23 14:53:01,365 : EventManager : Event: ======'slide_press_start_created'====== Args={}
2022-10-23 14:53:01,368 : EventManager : Event: ======'slide_empty_slide_created'====== Args={}
2022-10-23 14:53:01,371 : EventManager : Event: ======'slide_Title_slide_created'====== Args={}
2022-10-23 14:53:01,375 : EventManager : Event: ======'slide_empty_slide_created'====== Args={}
2022-10-23 14:53:01,396 : EventManager : Event: ======'slide_layout_main_active'====== Args={}
2022-10-23 14:53:01,397 : EventManager : Event: ======'slide_player_slide_active'====== Args={}
2022-10-23 14:53:01,398 : EventManager : Event: ======'slide_empty_slide_active'====== Args={}
2022-10-23 14:53:01,399 : EventManager : Event: ======'slide_empty_slide_active'====== Args={}
2022-10-23 14:53:01,400 : EventManager : Event: ======'slide_press_start_active'====== Args={}
2022-10-23 14:53:01,401 : EventManager : Event: ======'slide_empty_slide_active'====== Args={}
2022-10-23 14:53:01,402 : EventManager : Event: ======'slide_Title_slide_active'====== Args={}
2022-10-23 14:53:01,402 : EventManager : Event: ======'slide_empty_slide_active'====== Args={}
2022-10-23 14:53:01,414 : EventManager : Event: ======'player_pf_multiplier'====== Args={'value': 1, 'prev_value': 0, 'change': 1, 'player_num': 1}
2022-10-23 14:53:01,414 : EventManager : Event: ======'loading_assets'====== Args={'total': 1, 'loaded': 1, 'remaining': 0, 'percent': 100}
2022-10-23 14:53:01,415 : AssetManager : Asset loading took: 3.494133472442627
2022-10-23 14:53:01,415 : EventManager : Event: ======'asset_loading_complete'====== Args={}
2022-10-23 14:53:01,415 : AssetManager : Loading assets: 1/1 (100%)
2022-10-23 14:53:01,475 : EventManager : Event: ======'machine_var_audits_switches_s_plunger_lane'====== Args={'value': 102, 'prev_value': 101, 'change': 1}
2022-10-23 14:53:03,372 : EventManager : Event: ======'machine_var_audits_switches_s_start'====== Args={'value': 1, 'prev_value': 0, 'change': 1}
2022-10-23 14:53:03,384 : EventManager : Event: ======'player_added'====== Args={'player': <Player 2>, 'num': 2}
2022-10-23 14:53:03,384 : EventManager : Event: ======'player_index'====== Args={'value': 1, 'prev_value': 1, 'change': 0, 'player_num': 2}
2022-10-23 14:53:03,384 : EventManager : Event: ======'player_number'====== Args={'value': 2, 'prev_value': 2, 'change': 0, 'player_num': 2}
2022-10-23 14:53:03,384 : EventManager : Event: ======'player_score'====== Args={'value': 0, 'prev_value': 0, 'change': 0, 'player_num': 2}
2022-10-23 14:55:00,906 : kivy : Base: Leaving application in progress...
2022-10-23 14:55:01,107 : mpfmc : Stopping...
2022-10-23 14:55:01,107 : EventManager : Event: ======'shutdown'====== Args={}
2022-10-23 14:55:01,107 : AudioInterface : Disabling audio playback
2022-10-23 14:55:01,108 : mpfmc : Loop rate 80.32 Hz
2022-10-23 14:55:01,108 : kivy : MC run loop ended.
2022-10-23 14:55:01,108 : kivy : Stopping child threads... (3 remaining)
2022-10-23 14:55:01,312 : mpfmc : Stopping...
2022-10-23 14:55:01,312 : EventManager : Event: ======'shutdown'====== Args={}
2022-10-23 14:55:01,313 : mpfmc : Loop rate 80.18 Hz
2022-10-23 14:55:01,321 : MPF-MC BCP Server : Stopping BCP sending thread
2022-10-23 14:55:01,543 : kivy : All child threads stopped.
