2022-08-23 19:36:57,929 : kivy : Factory: 186 symbols loaded
2022-08-23 19:36:58,969 : kivy : ImageLoaderFFPy: Using ffpyplayer 4.3.2
2022-08-23 19:36:58,969 : kivy : Image: Providers: img_tex, img_dds, img_sdl2, img_pil, img_ffpyplayer 
2022-08-23 19:36:59,403 : kivy : VideoGstplayer: Using Gstreamer 1.18.0.0
2022-08-23 19:36:59,403 : kivy : Video: Provider: gstplayer
2022-08-23 19:37:00,157 : kivy : Loading MPF-MC controller
2022-08-23 19:37:00,164 : YamlMultifileConfigLoader : Machine config file #1: config
2022-08-23 19:37:00,165 : ConfigProcessor : Config file in cache changed: C:\pinball\mpfv1\config\config
2022-08-23 19:37:00,166 : ConfigProcessor : Loading config from file C:\Users\dorus\AppData\Local\Programs\Python\Python38\lib\site-packages\mpfmc\mcconfig.yaml.
2022-08-23 19:37:00,221 : ConfigProcessor : Loading config: C:\Users\dorus\AppData\Local\Programs\Python\Python38\lib\site-packages\mpfmc\mcconfig.yaml
2022-08-23 19:37:00,221 : ConfigProcessor : Loading config from file C:\pinball\mpfv1\config\config.
2022-08-23 19:37:00,232 : ConfigProcessor : Loading config: C:\pinball\mpfv1\config\config
2022-08-23 19:37:00,324 : ConfigProcessor : Loading config: C:\pinball\mpfv1\config\hardware.yaml
2022-08-23 19:37:00,328 : ConfigProcessor : Config file cache created: C:\Users\dorus\AppData\Local\Temp\54d4e1f26f77dfcbadc00e9606c45708.mpf_cache
2022-08-23 19:37:00,330 : ConfigProcessor : Loading config from cache: C:\Users\dorus\AppData\Local\Temp\5eb3439dbf16142704b5198a23e9a58c.mpf_cache
2022-08-23 19:37:00,331 : ConfigProcessor : Loading config from cache: C:\Users\dorus\AppData\Local\Temp\336e6d2601ccb63523c70814805acbf1.mpf_cache
2022-08-23 19:37:00,333 : ConfigProcessor : Loading config from cache: C:\Users\dorus\AppData\Local\Temp\d4952d0b9ea6ba2ec58a4f9adbee2d8a.mpf_cache
2022-08-23 19:37:00,335 : mpfmc : Mission Pinball Framework Media Controller v0.55.0
2022-08-23 19:37:00,335 : mpfmc : Mission Pinball Framework Game Engine v0.55.0
2022-08-23 19:37:00,335 : mpfmc : Machine path: C:\pinball\mpfv1
2022-08-23 19:37:00,335 : mpfmc : Starting clock at 60.0Hz
2022-08-23 19:37:00,484 : kivy : Text: Provider: sdl2
2022-08-23 19:37:00,651 : kivy : Window: Provider: sdl2
2022-08-23 19:37:00,937 : kivy : GL: Using the "OpenGL" graphics system
2022-08-23 19:37:00,939 : kivy : GL: GLEW initialization succeeded
2022-08-23 19:37:00,940 : kivy : GL: Backend used <glew>
2022-08-23 19:37:00,941 : kivy : GL: OpenGL version <b'4.6.0 - Build 26.20.100.7372'>
2022-08-23 19:37:00,941 : kivy : GL: OpenGL vendor <b'Intel'>
2022-08-23 19:37:00,941 : kivy : GL: OpenGL renderer <b'Intel(R) UHD Graphics'>
2022-08-23 19:37:00,941 : kivy : GL: OpenGL parsed version: 4, 6
2022-08-23 19:37:00,941 : kivy : GL: Shading version <b'4.60 - Build 26.20.100.7372'>
2022-08-23 19:37:00,941 : kivy : GL: Texture max size <16384>
2022-08-23 19:37:00,941 : kivy : GL: Texture max units <32>
2022-08-23 19:37:01,078 : kivy : Window: auto add sdl2 input provider
2022-08-23 19:37:01,080 : kivy : Window: virtual keyboard not allowed, single mode, not docked
2022-08-23 19:37:01,118 : SoundSystem : SoundSystem: Using default 'sound_system' settings
2022-08-23 19:37:03,854 : AudioInterface : Initialized
2022-08-23 19:37:03,854 : AudioInterface : Loaded SDL 2.0.12
2022-08-23 19:37:03,854 : AudioInterface : Loaded SDL_Mixer 2.0.4
2022-08-23 19:37:03,854 : AudioInterface : Loaded GStreamer 1.18.0.0
2022-08-23 19:37:03,854 : AudioInterface : Loaded GLib 2.62.6
2022-08-23 19:37:03,855 : AudioInterface : Settings requested - rate: 44100, channels: 1, buffer: 2048 samples
2022-08-23 19:37:03,855 : AudioInterface : Settings in use - rate: 44100, channels: 1, buffer: 2048 samples (4096 bytes @ 2 bytes per sample)
2022-08-23 19:37:03,855 : SoundSystem : No audio tracks are specified in your machine config file. a track named 'default' has been created.
2022-08-23 19:37:03,855 : SoundSystem : Setting master volume to 0.0
2022-08-23 19:37:03,856 : SoundSystem : master_volume in sound_system is deprecated and will be removed in the future.
2022-08-23 19:37:03,856 : AudioInterface : Enabling audio playback
2022-08-23 19:37:03,858 : kivy : Base: Start application main loop
2022-08-23 19:37:03,858 : EventManager : Event: ======'display_default_initialized'====== Args={}
2022-08-23 19:37:03,879 : kivy : Base: Leaving application in progress...
2022-08-23 19:37:03,880 : mpfmc : Stopping...
2022-08-23 19:37:03,880 : EventManager : Event: ======'shutdown'====== Args={}
2022-08-23 19:37:03,880 : AudioInterface : Disabling audio playback
2022-08-23 19:37:04,020 : mpfmc : Loop rate 6.16 Hz
2022-08-23 19:37:04,020 : kivy : MC run loop ended.
2022-08-23 19:37:04,020 : kivy : Stopping child threads... (1 remaining)
2022-08-23 19:37:04,924 : kivy : All child threads stopped.
