2022-10-23 18:21:26,591 : INFO : root : Loading config.
2022-10-23 18:21:26,606 : INFO : YamlMultifileConfigLoader : Machine config file #1: config.yaml
2022-10-23 18:21:26,607 : INFO : ConfigProcessor : Loading config from cache: C:\Users\dorus\AppData\Local\Temp\e2a46ea082c19f5103dd0f83869ccd8e.mpf_cache
2022-10-23 18:21:26,693 : INFO : ConfigProcessor : Loading config from cache: C:\Users\dorus\AppData\Local\Temp\69e5e641cece6cfbb9f28306d01595e4.mpf_cache
2022-10-23 18:21:26,694 : INFO : ConfigProcessor : Loading config from cache: C:\Users\dorus\AppData\Local\Temp\336e6d2601ccb63523c70814805acbf1.mpf_cache
2022-10-23 18:21:26,695 : INFO : ConfigProcessor : Loading config from cache: C:\Users\dorus\AppData\Local\Temp\8f8558ef7eb783a34103d845cb15f27a.mpf_cache
2022-10-23 18:21:26,696 : INFO : ConfigProcessor : Loading config from cache: C:\Users\dorus\AppData\Local\Temp\3f4ec0fd6e14e835699e1ee64ae7815f.mpf_cache
2022-10-23 18:21:26,697 : WARNING : ConfigProcessor : Config file in cache changed: C:\Users\dorus\OneDrive\Documents\Pinball\Github\Pinball-MPF\mpfv1\modes\lanes\config\lanes.yaml
2022-10-23 18:21:26,697 : INFO : ConfigProcessor : Loading config from file C:\Users\dorus\OneDrive\Documents\Pinball\Github\Pinball-MPF\mpfv1\modes\lanes\config\lanes.yaml.
2022-10-23 18:21:26,717 : INFO : ConfigProcessor : Loading config: C:\Users\dorus\OneDrive\Documents\Pinball\Github\Pinball-MPF\mpfv1\modes\lanes\config\lanes.yaml
2022-10-23 18:21:26,718 : INFO : ConfigProcessor : Config file cache created: C:\Users\dorus\AppData\Local\Temp\07450fdcdb716b1c510f1f1f728b03da.mpf_cache
2022-10-23 18:21:26,719 : INFO : ConfigProcessor : Loading config from cache: C:\Users\dorus\AppData\Local\Temp\26dc7d91d16a8c3848757fce5df95f92.mpf_cache
2022-10-23 18:21:26,721 : INFO : ConfigProcessor : Loading config from cache: C:\Users\dorus\AppData\Local\Temp\e142fb215d63411261522b102b5844f9.mpf_cache
2022-10-23 18:21:26,721 : INFO : Machine : Mission Pinball Framework Core Engine v0.55.0
2022-10-23 18:21:26,723 : INFO : Machine : Command line arguments: {'no_load_cache': False, 'create_config_cache': True, 'bcp': True, 'configfile': ['config.yaml'], 'force_assets_load': False, 'jsonlogging': False, 'logfile': 'logs\\2022-10-23-18-21-26-mpf-LAPTOP-AS8QDAQG.log', 'pause': False, 'production': False, 'text_ui': True, 'loglevel': 15, 'consoleloglevel': 20, 'force_platform': 'smart_virtual', 'syslog_address': None, 'mc_file_name': None, 'no_sound': False}
2022-10-23 18:21:26,723 : INFO : Machine : MPF path: C:\Users\dorus\AppData\Local\Programs\Python\Python38\lib\site-packages\mpf
2022-10-23 18:21:26,723 : INFO : Machine : Machine path: C:\Users\dorus\OneDrive\Documents\Pinball\Github\Pinball-MPF\mpfv1
2022-10-23 18:21:26,723 : INFO : Machine : Platform: win32
2022-10-23 18:21:26,723 : INFO : Machine : Python executable location: C:\Users\dorus\AppData\Local\Programs\Python\Python38\python.exe
2022-10-23 18:21:26,723 : INFO : Machine : Python version: 3.8.10 (64-bit)
2022-10-23 18:21:26,725 : INFO : Machine : Initialise MPF.
2022-10-23 18:21:26,875 : INFO : EventManager : Event: ======'machine_var_credits_string'====== Args={'value': 'FREE PLAY', 'prev_value': None, 'change': True}
2022-10-23 18:21:26,926 : INFO : EventManager : Event: ======'machine_var_master_volume'====== Args={'value': 0.5, 'prev_value': None, 'change': True}
2022-10-23 18:21:26,926 : INFO : EventManager : Event: ======'machine_var_player1_score'====== Args={'value': 3000, 'prev_value': None, 'change': True}
2022-10-23 18:21:26,926 : INFO : EventManager : Event: ======'machine_var_mpf_version'====== Args={'value': 'MPF v0.55.0', 'prev_value': None, 'change': True}
2022-10-23 18:21:26,926 : INFO : EventManager : Event: ======'machine_var_mpf_extended_version'====== Args={'value': 'MPF v0.55.0, Config version:5, Show version: 5, BCP version:1.1', 'prev_value': None, 'change': True}
2022-10-23 18:21:26,926 : INFO : EventManager : Event: ======'machine_var_python_version'====== Args={'value': '3.8.10', 'prev_value': None, 'change': True}
2022-10-23 18:21:26,939 : INFO : EventManager : Event: ======'machine_var_platform'====== Args={'value': 'Windows-10-10.0.19044-SP0', 'prev_value': None, 'change': True}
2022-10-23 18:21:26,939 : INFO : EventManager : Event: ======'machine_var_platform_system'====== Args={'value': 'Windows', 'prev_value': None, 'change': True}
2022-10-23 18:21:26,939 : INFO : EventManager : Event: ======'machine_var_platform_release'====== Args={'value': '10', 'prev_value': None, 'change': True}
2022-10-23 18:21:26,940 : INFO : EventManager : Event: ======'machine_var_platform_version'====== Args={'value': '10.0.19044', 'prev_value': None, 'change': True}
2022-10-23 18:21:26,940 : INFO : EventManager : Event: ======'machine_var_platform_machine'====== Args={'value': 'AMD64', 'prev_value': None, 'change': True}
2022-10-23 18:21:26,940 : INFO : EventManager : Event: ======'init_phase_1'====== Args={}
2022-10-23 18:21:26,964 : INFO : EventManager : Event: ======'drop_target_bank_db_dropbank_up'====== Args={}
2022-10-23 18:21:26,966 : INFO : EventManager : Event: ======'init_phase_2'====== Args={}
2022-10-23 18:21:26,966 : INFO : SwitchController : Found active switch: ('2-0-19', <Platform.SmartVirtual>) <switch.s_trough1>
2022-10-23 18:21:26,967 : INFO : SwitchController : Found active switch: ('2-0-20', <Platform.SmartVirtual>) <switch.s_trough2>
2022-10-23 18:21:26,967 : INFO : SwitchController : Found active switch: ('2-0-21', <Platform.SmartVirtual>) <switch.s_trough3>
2022-10-23 18:21:26,967 : INFO : SwitchController : Found active switch: ('2-0-22', <Platform.SmartVirtual>) <switch.s_trough4>
2022-10-23 18:21:26,973 : INFO : EventManager : Event: ======'bcp_connection_attempt'====== Args={'name': 'local_display', 'host': 'localhost', 'port': 5050}
2022-10-23 18:21:26,975 : INFO : BCPClientSocket : Connecting BCP to 'local_display' at localhost:5050...
2022-10-23 18:21:29,003 : INFO : BCPClientSocket : Connected BCP to 'local_display' localhost:5050
2022-10-23 18:21:29,004 : INFO : EventManager : Event: ======'bcp_clients_connected'====== Args={}
2022-10-23 18:21:29,014 : INFO : ball_device.bd_trough : BCH: Initial count: 4
2022-10-23 18:21:29,015 : INFO : EventManager : Event: ======'machine_var_mc_version'====== Args={'value': 'MPF-MC v0.55.0', 'prev_value': None, 'change': True}
2022-10-23 18:21:29,015 : INFO : EventManager : Event: ======'machine_var_mc_extended_version'====== Args={'value': 'MPF-MC v0.55.0 (config_version=5, BCP v1.1, Requires MPF v0.55.0-dev.49)', 'prev_value': None, 'change': True}
2022-10-23 18:21:29,018 : INFO : ball_device.bd_trough : State: idle
2022-10-23 18:21:29,032 : INFO : ball_device.bd_plunger : BCH: Initial count: 0
2022-10-23 18:21:29,032 : INFO : ball_device.bd_plunger : State: idle
2022-10-23 18:21:29,032 : INFO : ball_device.bd_vukmid : BCH: Initial count: 0
2022-10-23 18:21:29,032 : INFO : ball_device.bd_vukmid : State: idle
2022-10-23 18:21:29,033 : INFO : ball_device.bd_vuktop : BCH: Initial count: 0
2022-10-23 18:21:29,033 : INFO : ball_device.bd_vuktop : State: idle
2022-10-23 18:21:29,097 : INFO : EventManager : Event: ======'init_phase_3'====== Args={}
2022-10-23 18:21:29,100 : INFO : EventManager : Event: ======'init_phase_4'====== Args={}
2022-10-23 18:21:29,100 : INFO : EventManager : Event: ======'playfield_active'====== Args={}
2022-10-23 18:21:29,100 : INFO : EventManager : Event: ======'unexpected_ball_on_playfield'====== Args={}
2022-10-23 18:21:29,100 : INFO : EventManager : Event: ======'playfield_active'====== Args={}
2022-10-23 18:21:29,100 : INFO : EventManager : Event: ======'unexpected_ball_on_playfield'====== Args={}
2022-10-23 18:21:29,100 : INFO : EventManager : Event: ======'playfield_active'====== Args={}
2022-10-23 18:21:29,100 : INFO : EventManager : Event: ======'unexpected_ball_on_playfield'====== Args={}
2022-10-23 18:21:29,100 : INFO : BallController : Initial balls found: 4
2022-10-23 18:21:29,101 : INFO : EventManager : Event: ======'machine_var_audits_events_game_ended'====== Args={'value': 0, 'prev_value': None, 'change': True}
2022-10-23 18:21:29,101 : INFO : EventManager : Event: ======'machine_var_audits_events_game_started'====== Args={'value': 0, 'prev_value': None, 'change': True}
2022-10-23 18:21:29,101 : INFO : EventManager : Event: ======'machine_var_audits_player_score'====== Args={'value': {'average': 29309.090909090908, 'top': [106800, 41000, 33100, 31800, 31200, 27600, 20200, 17500, 10200, 3000], 'total': 11}, 'prev_value': None, 'change': True}
2022-10-23 18:21:29,102 : INFO : EventManager : Event: ======'machine_var_audits_shots_lane_bottom_1'====== Args={'value': 15, 'prev_value': None, 'change': True}
2022-10-23 18:21:29,102 : INFO : EventManager : Event: ======'machine_var_audits_shots_lane_bottom_2'====== Args={'value': 15, 'prev_value': None, 'change': True}
2022-10-23 18:21:29,102 : INFO : EventManager : Event: ======'machine_var_audits_shots_lane_bottom_3'====== Args={'value': 16, 'prev_value': None, 'change': True}
2022-10-23 18:21:29,102 : INFO : EventManager : Event: ======'machine_var_audits_shots_lane_bottom_4'====== Args={'value': 15, 'prev_value': None, 'change': True}
2022-10-23 18:21:29,102 : INFO : EventManager : Event: ======'machine_var_audits_shots_lane_bottom_5'====== Args={'value': 14, 'prev_value': None, 'change': True}
2022-10-23 18:21:29,102 : INFO : EventManager : Event: ======'machine_var_audits_shots_lane_top_1'====== Args={'value': 165, 'prev_value': None, 'change': True}
2022-10-23 18:21:29,102 : INFO : EventManager : Event: ======'machine_var_audits_shots_lane_top_2'====== Args={'value': 151, 'prev_value': None, 'change': True}
2022-10-23 18:21:29,104 : INFO : EventManager : Event: ======'machine_var_audits_shots_lane_top_3'====== Args={'value': 129, 'prev_value': None, 'change': True}
2022-10-23 18:21:29,104 : INFO : EventManager : Event: ======'machine_var_audits_shots_orbit'====== Args={'value': 23, 'prev_value': None, 'change': True}
2022-10-23 18:21:29,104 : INFO : EventManager : Event: ======'machine_var_audits_shots_spinner'====== Args={'value': 178, 'prev_value': None, 'change': True}
2022-10-23 18:21:29,104 : INFO : EventManager : Event: ======'machine_var_audits_switches_s_bottomlane1'====== Args={'value': 30, 'prev_value': None, 'change': True}
2022-10-23 18:21:29,104 : INFO : EventManager : Event: ======'machine_var_audits_switches_s_bottomlane2'====== Args={'value': 43, 'prev_value': None, 'change': True}
2022-10-23 18:21:29,104 : INFO : EventManager : Event: ======'machine_var_audits_switches_s_bottomlane3'====== Args={'value': 165, 'prev_value': None, 'change': True}
2022-10-23 18:21:29,104 : INFO : EventManager : Event: ======'machine_var_audits_switches_s_bottomlane4'====== Args={'value': 49, 'prev_value': None, 'change': True}
2022-10-23 18:21:29,104 : INFO : EventManager : Event: ======'machine_var_audits_switches_s_bottomlane5'====== Args={'value': 27, 'prev_value': None, 'change': True}
2022-10-23 18:21:29,104 : INFO : EventManager : Event: ======'machine_var_audits_switches_s_drop1'====== Args={'value': 35, 'prev_value': None, 'change': True}
2022-10-23 18:21:29,104 : INFO : EventManager : Event: ======'machine_var_audits_switches_s_drop2'====== Args={'value': 17, 'prev_value': None, 'change': True}
2022-10-23 18:21:29,104 : INFO : EventManager : Event: ======'machine_var_audits_switches_s_drop3'====== Args={'value': 15, 'prev_value': None, 'change': True}
2022-10-23 18:21:29,104 : INFO : EventManager : Event: ======'machine_var_audits_switches_s_launch'====== Args={'value': 11, 'prev_value': None, 'change': True}
2022-10-23 18:21:29,105 : INFO : EventManager : Event: ======'machine_var_audits_switches_s_left01'====== Args={'value': 27, 'prev_value': None, 'change': True}
2022-10-23 18:21:29,105 : INFO : EventManager : Event: ======'machine_var_audits_switches_s_left02'====== Args={'value': 28, 'prev_value': None, 'change': True}
2022-10-23 18:21:29,105 : INFO : EventManager : Event: ======'machine_var_audits_switches_s_left03'====== Args={'value': 21, 'prev_value': None, 'change': True}
2022-10-23 18:21:29,105 : INFO : EventManager : Event: ======'machine_var_audits_switches_s_left_sling'====== Args={'value': 62, 'prev_value': None, 'change': True}
2022-10-23 18:21:29,106 : INFO : EventManager : Event: ======'machine_var_audits_switches_s_orbit1'====== Args={'value': 45, 'prev_value': None, 'change': True}
2022-10-23 18:21:29,106 : INFO : EventManager : Event: ======'machine_var_audits_switches_s_orbit2'====== Args={'value': 0, 'prev_value': None, 'change': True}
2022-10-23 18:21:29,106 : INFO : EventManager : Event: ======'machine_var_audits_switches_s_plunger_lane'====== Args={'value': 139, 'prev_value': None, 'change': True}
2022-10-23 18:21:29,106 : INFO : EventManager : Event: ======'machine_var_audits_switches_s_popbumber_1'====== Args={'value': 68, 'prev_value': None, 'change': True}
2022-10-23 18:21:29,107 : INFO : EventManager : Event: ======'machine_var_audits_switches_s_popbumber_2'====== Args={'value': 110, 'prev_value': None, 'change': True}
2022-10-23 18:21:29,107 : INFO : EventManager : Event: ======'machine_var_audits_switches_s_popbumber_3'====== Args={'value': 60, 'prev_value': None, 'change': True}
2022-10-23 18:21:29,107 : INFO : EventManager : Event: ======'machine_var_audits_switches_s_ramp'====== Args={'value': 38, 'prev_value': None, 'change': True}
2022-10-23 18:21:29,107 : INFO : EventManager : Event: ======'machine_var_audits_switches_s_right_sling'====== Args={'value': 120, 'prev_value': None, 'change': True}
2022-10-23 18:21:29,107 : INFO : EventManager : Event: ======'machine_var_audits_switches_s_rigth01'====== Args={'value': 59, 'prev_value': None, 'change': True}
2022-10-23 18:21:29,107 : INFO : EventManager : Event: ======'machine_var_audits_switches_s_rigth02'====== Args={'value': 24, 'prev_value': None, 'change': True}
2022-10-23 18:21:29,108 : INFO : EventManager : Event: ======'machine_var_audits_switches_s_rigth03'====== Args={'value': 15, 'prev_value': None, 'change': True}
2022-10-23 18:21:29,108 : INFO : EventManager : Event: ======'machine_var_audits_switches_s_spinner'====== Args={'value': 271, 'prev_value': None, 'change': True}
2022-10-23 18:21:29,108 : INFO : EventManager : Event: ======'machine_var_audits_switches_s_start'====== Args={'value': 4, 'prev_value': None, 'change': True}
2022-10-23 18:21:29,108 : INFO : EventManager : Event: ======'machine_var_audits_switches_s_top'====== Args={'value': 11, 'prev_value': None, 'change': True}
2022-10-23 18:21:29,108 : INFO : EventManager : Event: ======'machine_var_audits_switches_s_toplane1'====== Args={'value': 252, 'prev_value': None, 'change': True}
2022-10-23 18:21:29,108 : INFO : EventManager : Event: ======'machine_var_audits_switches_s_toplane2'====== Args={'value': 158, 'prev_value': None, 'change': True}
2022-10-23 18:21:29,109 : INFO : EventManager : Event: ======'machine_var_audits_switches_s_toplane3'====== Args={'value': 137, 'prev_value': None, 'change': True}
2022-10-23 18:21:29,109 : INFO : EventManager : Event: ======'machine_var_audits_switches_s_trough1'====== Args={'value': 38, 'prev_value': None, 'change': True}
2022-10-23 18:21:29,109 : INFO : EventManager : Event: ======'machine_var_audits_switches_s_trough2'====== Args={'value': 37, 'prev_value': None, 'change': True}
2022-10-23 18:21:29,109 : INFO : EventManager : Event: ======'machine_var_audits_switches_s_trough3'====== Args={'value': 27, 'prev_value': None, 'change': True}
2022-10-23 18:21:29,109 : INFO : EventManager : Event: ======'machine_var_audits_switches_s_trough4'====== Args={'value': 40, 'prev_value': None, 'change': True}
2022-10-23 18:21:29,109 : INFO : EventManager : Event: ======'machine_var_audits_switches_s_trough5'====== Args={'value': 29, 'prev_value': None, 'change': True}
2022-10-23 18:21:29,110 : INFO : EventManager : Event: ======'machine_var_audits_switches_s_trough6'====== Args={'value': 24, 'prev_value': None, 'change': True}
2022-10-23 18:21:29,110 : INFO : EventManager : Event: ======'machine_var_audits_switches_s_trough_jam'====== Args={'value': 27, 'prev_value': None, 'change': True}
2022-10-23 18:21:29,110 : INFO : EventManager : Event: ======'machine_var_audits_switches_s_vukmid'====== Args={'value': 47, 'prev_value': None, 'change': True}
2022-10-23 18:21:29,110 : INFO : EventManager : Event: ======'machine_var_audits_switches_s_vuktop'====== Args={'value': 15, 'prev_value': None, 'change': True}
2022-10-23 18:21:29,111 : INFO : EventManager : Event: ======'init_phase_5'====== Args={}
2022-10-23 18:21:29,123 : INFO : EventManager : Event: ======'init_done'====== Args={}
2022-10-23 18:21:29,123 : INFO : EventManager : Event: ======'machine_reset_phase_1'====== Args={}
2022-10-23 18:21:29,139 : INFO : EventManager : Event: ======'machine_reset_phase_2'====== Args={}
2022-10-23 18:21:29,139 : INFO : EventManager : Event: ======'machine_reset_phase_3'====== Args={}
2022-10-23 18:21:29,139 : INFO : drop_target_bank.db_dropbank : All targets are already up. Will not reset bank.
2022-10-23 18:21:29,139 : INFO : EventManager : Event: ======'reset_complete'====== Args={}
2022-10-23 18:21:29,139 : INFO : EventManager : Event: ======'mode_attract_will_start'====== Args={}
2022-10-23 18:21:29,140 : INFO : EventManager : Event: ======'mode_attract_starting'====== Args={}
2022-10-23 18:21:29,141 : INFO : Mode.attract : Started. Priority: 10
2022-10-23 18:21:29,141 : INFO : EventManager : Event: ======'modes_active_modes_changed'====== Args={}
2022-10-23 18:21:29,141 : INFO : EventManager : Event: ======'mode_attract_started'====== Args={}
2022-10-23 18:21:29,142 : INFO : EventManager : Event: ======'collecting_balls_complete'====== Args={}
2022-10-23 18:21:29,163 : INFO : EventManager : Event: ======'slide_layout_main_created'====== Args={'_from_bcp': True}
2022-10-23 18:21:29,163 : INFO : Machine : Starting the main run loop.
2022-10-23 18:21:29,165 : INFO : EventManager : Event: ======'slide_empty_slide_created'====== Args={'_from_bcp': True}
2022-10-23 18:21:29,167 : INFO : EventManager : Event: ======'slide_empty_slide_created'====== Args={'_from_bcp': True}
2022-10-23 18:21:29,170 : INFO : EventManager : Event: ======'slide_empty_slide_created'====== Args={'_from_bcp': True}
2022-10-23 18:21:29,175 : INFO : EventManager : Event: ======'slide_press_start_created'====== Args={'_from_bcp': True}
2022-10-23 18:21:29,178 : INFO : EventManager : Event: ======'slide_empty_slide_created'====== Args={'_from_bcp': True}
2022-10-23 18:21:29,182 : INFO : EventManager : Event: ======'slide_Title_slide_created'====== Args={'_from_bcp': True}
2022-10-23 18:21:29,184 : INFO : BcpServer : New client connected.
2022-10-23 18:21:29,192 : INFO : EventManager : Event: ======'slide_empty_slide_created'====== Args={'_from_bcp': True}
2022-10-23 18:21:29,197 : INFO : EventManager : Event: ======'slide_layout_main_active'====== Args={'_from_bcp': True}
2022-10-23 18:21:29,222 : INFO : EventManager : Event: ======'slide_empty_slide_active'====== Args={'_from_bcp': True}
2022-10-23 18:21:29,223 : INFO : EventManager : Event: ======'slide_empty_slide_active'====== Args={'_from_bcp': True}
2022-10-23 18:21:29,224 : INFO : EventManager : Event: ======'slide_empty_slide_active'====== Args={'_from_bcp': True}
2022-10-23 18:21:29,225 : INFO : EventManager : Event: ======'slide_press_start_active'====== Args={'_from_bcp': True}
2022-10-23 18:21:29,226 : INFO : EventManager : Event: ======'slide_empty_slide_active'====== Args={'_from_bcp': True}
2022-10-23 18:21:29,227 : INFO : EventManager : Event: ======'slide_Title_slide_active'====== Args={'_from_bcp': True}
2022-10-23 18:21:29,233 : INFO : EventManager : Event: ======'slide_empty_slide_active'====== Args={'_from_bcp': True}
2022-10-23 18:21:32,058 : INFO : SwitchController : <<<<<<< 's_start' active >>>>>>>
2022-10-23 18:21:32,184 : INFO : SwitchController : <<<<<<< 's_start' inactive >>>>>>>
2022-10-23 18:21:32,184 : INFO : EventManager : Event: ======'request_to_start_game'====== Args={}
2022-10-23 18:21:32,185 : INFO : EventManager : Event: ======'game_start'====== Args={'buttons': [], 'hold_time': 0.125}
2022-10-23 18:21:32,186 : INFO : EventManager : Event: ======'mode_game_will_start'====== Args={'buttons': [], 'hold_time': 0.125}
2022-10-23 18:21:32,188 : INFO : EventManager : Event: ======'mode_game_starting'====== Args={'buttons': [], 'hold_time': 0.125}
2022-10-23 18:21:32,189 : INFO : EventManager : Event: ======'mode_attract_will_stop'====== Args={}
2022-10-23 18:21:32,189 : INFO : EventManager : Event: ======'mode_attract_stopping'====== Args={}
2022-10-23 18:21:32,189 : INFO : Mode.attract : Stopped.
2022-10-23 18:21:32,189 : INFO : EventManager : Event: ======'modes_active_modes_changed'====== Args={}
2022-10-23 18:21:32,190 : INFO : EventManager : Event: ======'mode_attract_stopped'====== Args={}
2022-10-23 18:21:32,191 : INFO : EventManager : Event: ======'clear'====== Args={'key': 'attract'}
2022-10-23 18:21:32,192 : INFO : Mode.game : Started. Priority: 20
2022-10-23 18:21:32,192 : INFO : EventManager : Event: ======'modes_active_modes_changed'====== Args={}
2022-10-23 18:21:32,193 : INFO : EventManager : Event: ======'mode_game_started'====== Args={'buttons': [], 'hold_time': 0.125}
2022-10-23 18:21:32,198 : INFO : EventManager : Event: ======'game_will_start'====== Args={}
2022-10-23 18:21:32,198 : INFO : EventManager : Event: ======'game_starting'====== Args={'game': <Mode.game>}
2022-10-23 18:21:32,199 : INFO : EventManager : Event: ======'player_add_request'====== Args={}
2022-10-23 18:21:32,199 : INFO : EventManager : Event: ======'player_will_add'====== Args={'number': 1}
2022-10-23 18:21:32,200 : INFO : EventManager : Event: ======'player_adding'====== Args={'player': <Player 1>, 'number': 1}
2022-10-23 18:21:32,200 : INFO : EventManager : Event: ======'player_added'====== Args={'player': <Player 1>, 'num': 1}
2022-10-23 18:21:32,200 : INFO : Mode.game : Player added successfully. Total players: 1
2022-10-23 18:21:32,200 : INFO : EventManager : Event: ======'player_index'====== Args={'value': 0, 'prev_value': 0, 'change': 0, 'player_num': 1}
2022-10-23 18:21:32,200 : INFO : EventManager : Event: ======'player_number'====== Args={'value': 1, 'prev_value': 1, 'change': 0, 'player_num': 1}
2022-10-23 18:21:32,200 : INFO : EventManager : Event: ======'player_top_lane_hits'====== Args={'value': 0, 'prev_value': 0, 'change': 0, 'player_num': 1}
2022-10-23 18:21:32,200 : INFO : EventManager : Event: ======'player_bottom_lane_hits'====== Args={'value': 0, 'prev_value': 0, 'change': 0, 'player_num': 1}
2022-10-23 18:21:32,201 : INFO : EventManager : Event: ======'player_score'====== Args={'value': 0, 'prev_value': 0, 'change': 0, 'player_num': 1}
2022-10-23 18:21:32,201 : INFO : EventManager : Event: ======'game_started'====== Args={}
2022-10-23 18:21:32,226 : INFO : EventManager : Event: ======'player_turn_will_start'====== Args={'player': <Player 1>, 'number': 1}
2022-10-23 18:21:32,227 : INFO : EventManager : Event: ======'slide_layout_main_removed'====== Args={'_from_bcp': True}
2022-10-23 18:21:32,228 : INFO : EventManager : Event: ======'slide_empty_slide_removed'====== Args={'_from_bcp': True}
2022-10-23 18:21:32,229 : INFO : EventManager : Event: ======'slide_empty_slide_removed'====== Args={'_from_bcp': True}
2022-10-23 18:21:32,229 : INFO : EventManager : Event: ======'slide_empty_slide_removed'====== Args={'_from_bcp': True}
2022-10-23 18:21:32,229 : INFO : EventManager : Event: ======'slide_press_start_removed'====== Args={'_from_bcp': True}
2022-10-23 18:21:32,229 : INFO : EventManager : Event: ======'slide_empty_slide_removed'====== Args={'_from_bcp': True}
2022-10-23 18:21:32,229 : INFO : EventManager : Event: ======'slide_Title_slide_removed'====== Args={'_from_bcp': True}
2022-10-23 18:21:32,229 : INFO : EventManager : Event: ======'slide_empty_slide_removed'====== Args={'_from_bcp': True}
2022-10-23 18:21:32,229 : INFO : EventManager : Event: ======'slide_window_blank_active'====== Args={'_from_bcp': True}
2022-10-23 18:21:32,230 : INFO : EventManager : Event: ======'slide_Disp_Player_blank_active'====== Args={'_from_bcp': True}
2022-10-23 18:21:32,230 : INFO : EventManager : Event: ======'slide_Disp_Menu_blank_active'====== Args={'_from_bcp': True}
2022-10-23 18:21:32,230 : INFO : EventManager : Event: ======'slide_Disp_Ball_blank_active'====== Args={'_from_bcp': True}
2022-10-23 18:21:32,230 : INFO : EventManager : Event: ======'slide_Disp_Message_blank_active'====== Args={'_from_bcp': True}
2022-10-23 18:21:32,230 : INFO : EventManager : Event: ======'slide_Disp_Counter_blank_active'====== Args={'_from_bcp': True}
2022-10-23 18:21:32,230 : INFO : EventManager : Event: ======'slide_Disp_Score_blank_active'====== Args={'_from_bcp': True}
2022-10-23 18:21:32,231 : INFO : EventManager : Event: ======'slide_Disp_Icons_blank_active'====== Args={'_from_bcp': True}
2022-10-23 18:21:32,231 : INFO : EventManager : Event: ======'player_turn_starting'====== Args={'player': <Player 1>, 'number': 1}
2022-10-23 18:21:32,232 : INFO : EventManager : Event: ======'player_ball'====== Args={'value': 1, 'prev_value': 0, 'change': 1, 'player_num': 1}
2022-10-23 18:21:32,232 : INFO : EventManager : Event: ======'player_turn_started'====== Args={'player': <Player 1>, 'number': 1}
2022-10-23 18:21:32,234 : INFO : EventManager : Event: ======'ball_will_start'====== Args={'player': 1, 'ball': 1, 'balls_remaining': 2, 'is_extra_ball': False}
2022-10-23 18:21:32,238 : INFO : EventManager : Event: ======'ball_starting'====== Args={'player': 1, 'ball': 1, 'balls_remaining': 2, 'is_extra_ball': False}
2022-10-23 18:21:32,239 : INFO : EventManager : Event: ======'mode_orbit_will_start'====== Args={'queue': <QueuedEvent>, 'player': 1, 'ball': 1, 'balls_remaining': 2, 'is_extra_ball': False}
2022-10-23 18:21:32,239 : INFO : EventManager : Event: ======'player_shot_spinner_enabled'====== Args={'value': True, 'prev_value': 0, 'change': 1, 'player_num': 1}
2022-10-23 18:21:32,240 : INFO : EventManager : Event: ======'player_shot_orbit_enabled'====== Args={'value': True, 'prev_value': 0, 'change': 1, 'player_num': 1}
2022-10-23 18:21:32,241 : INFO : EventManager : Event: ======'mode_orbit_starting'====== Args={'queue': <QueuedEvent>, 'player': 1, 'ball': 1, 'balls_remaining': 2, 'is_extra_ball': False}
2022-10-23 18:21:32,241 : INFO : EventManager : Event: ======'mode_base_will_start'====== Args={'queue': <QueuedEvent>, 'player': 1, 'ball': 1, 'balls_remaining': 2, 'is_extra_ball': False}
2022-10-23 18:21:32,241 : INFO : EventManager : Event: ======'mode_base_starting'====== Args={'queue': <QueuedEvent>, 'player': 1, 'ball': 1, 'balls_remaining': 2, 'is_extra_ball': False}
2022-10-23 18:21:32,242 : INFO : drop_target_bank.db_dropbank : All targets are already up. Will not reset bank.
2022-10-23 18:21:32,242 : INFO : Mode.base : Started. Priority: 100
2022-10-23 18:21:32,242 : INFO : EventManager : Event: ======'modes_active_modes_changed'====== Args={}
2022-10-23 18:21:32,242 : INFO : EventManager : Event: ======'mode_base_started'====== Args={'queue': <QueuedEvent>, 'player': 1, 'ball': 1, 'balls_remaining': 2, 'is_extra_ball': False}
2022-10-23 18:21:32,243 : INFO : Mode.orbit : Started. Priority: 101
2022-10-23 18:21:32,243 : INFO : EventManager : Event: ======'modes_active_modes_changed'====== Args={}
2022-10-23 18:21:32,243 : INFO : EventManager : Event: ======'mode_orbit_started'====== Args={'queue': <QueuedEvent>, 'player': 1, 'ball': 1, 'balls_remaining': 2, 'is_extra_ball': False}
2022-10-23 18:21:32,243 : INFO : EventManager : Event: ======'balls_in_play'====== Args={'balls': 1}
2022-10-23 18:21:32,244 : INFO : EventManager : Event: ======'ball_started'====== Args={'player': 1, 'ball': 1, 'balls_remaining': 2, 'is_extra_ball': False}
2022-10-23 18:21:32,244 : INFO : EventManager : Event: ======'mode_lanes_will_start'====== Args={'player': 1, 'ball': 1, 'balls_remaining': 2, 'is_extra_ball': False}
2022-10-23 18:21:32,244 : INFO : EventManager : Event: ======'player_shot_lane_top_1_enabled'====== Args={'value': True, 'prev_value': 0, 'change': 1, 'player_num': 1}
2022-10-23 18:21:32,245 : INFO : EventManager : Event: ======'player_shot_lane_top_2_enabled'====== Args={'value': True, 'prev_value': 0, 'change': 1, 'player_num': 1}
2022-10-23 18:21:32,245 : INFO : EventManager : Event: ======'player_shot_lane_top_3_enabled'====== Args={'value': True, 'prev_value': 0, 'change': 1, 'player_num': 1}
2022-10-23 18:21:32,245 : INFO : EventManager : Event: ======'player_shot_lane_bottom_1_enabled'====== Args={'value': True, 'prev_value': 0, 'change': 1, 'player_num': 1}
2022-10-23 18:21:32,245 : INFO : EventManager : Event: ======'player_shot_lane_bottom_2_enabled'====== Args={'value': True, 'prev_value': 0, 'change': 1, 'player_num': 1}
2022-10-23 18:21:32,246 : INFO : EventManager : Event: ======'player_shot_lane_bottom_3_enabled'====== Args={'value': True, 'prev_value': 0, 'change': 1, 'player_num': 1}
2022-10-23 18:21:32,246 : INFO : EventManager : Event: ======'player_shot_lane_bottom_4_enabled'====== Args={'value': True, 'prev_value': 0, 'change': 1, 'player_num': 1}
2022-10-23 18:21:32,246 : INFO : EventManager : Event: ======'player_shot_lane_bottom_5_enabled'====== Args={'value': True, 'prev_value': 0, 'change': 1, 'player_num': 1}
2022-10-23 18:21:32,246 : INFO : EventManager : Event: ======'lanes_top_complete'====== Args={'state': 'unlit'}
2022-10-23 18:21:32,246 : INFO : EventManager : Event: ======'lanes_top_unlit_complete'====== Args={}
2022-10-23 18:21:32,247 : INFO : EventManager : Event: ======'lanes_bottom_complete'====== Args={'state': 'unlit'}
2022-10-23 18:21:32,247 : INFO : EventManager : Event: ======'lanes_bottom_unlit_complete'====== Args={}
2022-10-23 18:21:32,248 : INFO : EventManager : Event: ======'mode_lanes_starting'====== Args={'player': 1, 'ball': 1, 'balls_remaining': 2, 'is_extra_ball': False}
2022-10-23 18:21:32,275 : INFO : EventManager : Event: ======'logicblock_lane_top_count_updated'====== Args={'value': 1, 'enabled': True}
2022-10-23 18:21:32,275 : INFO : EventManager : Event: ======'logicblock_lane_bottom_count_updated'====== Args={'value': 1, 'enabled': True}
2022-10-23 18:21:32,275 : INFO : EventManager : Event: ======'logicblock_lane_top_count_updated'====== Args={'value': 1, 'enabled': True}
2022-10-23 18:21:32,275 : INFO : EventManager : Event: ======'logicblock_lane_bottom_count_updated'====== Args={'value': 1, 'enabled': True}
2022-10-23 18:21:32,275 : INFO : Mode.lanes : Started. Priority: 110
2022-10-23 18:21:32,276 : INFO : EventManager : Event: ======'modes_active_modes_changed'====== Args={}
2022-10-23 18:21:32,276 : INFO : EventManager : Event: ======'mode_lanes_started'====== Args={'player': 1, 'ball': 1, 'balls_remaining': 2, 'is_extra_ball': False}
2022-10-23 18:21:32,276 : INFO : EventManager : Event: ======'single_player_ball_started'====== Args={}
2022-10-23 18:21:32,277 : INFO : EventManager : Event: ======'player_pf_multiplier'====== Args={'value': 1, 'prev_value': 0, 'change': 1, 'player_num': 1}
2022-10-23 18:21:32,277 : INFO : EventManager : Event: ======'player_pf_multiplier2'====== Args={'value': 1, 'prev_value': 0, 'change': 1, 'player_num': 1}
2022-10-23 18:21:32,278 : INFO : EventManager : Event: ======'slide_layout_main_created'====== Args={'_from_bcp': True}
2022-10-23 18:21:32,278 : INFO : EventManager : Event: ======'slide_player_slide_created'====== Args={'_from_bcp': True}
2022-10-23 18:21:32,279 : INFO : EventManager : Event: ======'ball_start_target'====== Args={'target': 'playfield'}
2022-10-23 18:21:32,297 : INFO : ball_device.bd_plunger : Setting up player-controlled eject. Balls: 1, Target: <playfield.playfield>, player_controlled_eject_event: s_launch_active
2022-10-23 18:21:32,297 : INFO : EventManager : Event: ======'balldevice_balls_available'====== Args={}
2022-10-23 18:21:32,298 : INFO : EventManager : Event: ======'slide_empty_slide_created'====== Args={'_from_bcp': True}
2022-10-23 18:21:32,298 : INFO : EventManager : Event: ======'slide_ball_slide_created'====== Args={'_from_bcp': True}
2022-10-23 18:21:32,299 : INFO : EventManager : Event: ======'slide_empty_slide_created'====== Args={'_from_bcp': True}
2022-10-23 18:21:32,299 : INFO : EventManager : Event: ======'slide_empty_slide_created'====== Args={'_from_bcp': True}
2022-10-23 18:21:32,300 : INFO : ball_device.bd_trough : State: waiting_for_target_ready
2022-10-23 18:21:32,300 : INFO : EventManager : Event: ======'balldevice_bd_trough_ball_eject_attempt'====== Args={'balls': 1, 'target': <ball_device.bd_plunger>, 'source': <ball_device.bd_trough>, 'mechanical_eject': True, 'num_attempts': 0}
2022-10-23 18:21:32,300 : INFO : ball_device.bd_plunger : State: waiting_for_ball
2022-10-23 18:21:32,301 : INFO : EventManager : Event: ======'slide_score_slide_created'====== Args={'_from_bcp': True}
2022-10-23 18:21:32,301 : INFO : ball_device.bd_trough : State: ejecting
2022-10-23 18:21:32,301 : INFO : ball_device.bd_trough : Ejecting ball to <ball_device.bd_plunger>
2022-10-23 18:21:32,301 : INFO : EventManager : Event: ======'balldevice_bd_trough_ejecting_ball'====== Args={'balls': 1, 'target': <ball_device.bd_plunger>, 'source': <ball_device.bd_trough>, 'mechanical_eject': True, 'num_attempts': 0}
2022-10-23 18:21:32,302 : INFO : ball_device.bd_trough : Wait for ball to leave device
2022-10-23 18:21:32,303 : INFO : coil.c_trough_eject : Pulsing Driver for 25ms (1.0 pulse_power)
2022-10-23 18:21:32,303 : INFO : SwitchController : <<<<<<< 's_trough1' inactive >>>>>>>
2022-10-23 18:21:32,307 : INFO : EventManager : Event: ======'slide_empty_slide_created'====== Args={'_from_bcp': True}
2022-10-23 18:21:32,307 : INFO : ball_device.bd_trough : State: ball_left
2022-10-23 18:21:32,308 : INFO : ball_device.bd_trough : Ball left
2022-10-23 18:21:32,308 : INFO : ball_device.bd_trough : Wait for confirm with timeout 10.0
2022-10-23 18:21:32,315 : INFO : EventManager : Event: ======'slide_layout_main_active'====== Args={'_from_bcp': True}
2022-10-23 18:21:32,324 : INFO : EventManager : Event: ======'slide_player_slide_active'====== Args={'_from_bcp': True}
2022-10-23 18:21:32,325 : INFO : EventManager : Event: ======'slide_empty_slide_active'====== Args={'_from_bcp': True}
2022-10-23 18:21:32,326 : INFO : EventManager : Event: ======'slide_ball_slide_active'====== Args={'_from_bcp': True}
2022-10-23 18:21:32,327 : INFO : EventManager : Event: ======'slide_empty_slide_active'====== Args={'_from_bcp': True}
2022-10-23 18:21:32,328 : INFO : EventManager : Event: ======'slide_empty_slide_active'====== Args={'_from_bcp': True}
2022-10-23 18:21:32,329 : INFO : EventManager : Event: ======'slide_score_slide_active'====== Args={'_from_bcp': True}
2022-10-23 18:21:32,330 : INFO : EventManager : Event: ======'slide_empty_slide_active'====== Args={'_from_bcp': True}
2022-10-23 18:21:32,420 : INFO : SwitchController : <<<<<<< 's_plunger_lane' active >>>>>>>
2022-10-23 18:21:32,421 : INFO : EventManager : Event: ======'machine_var_audits_switches_s_plunger_lane'====== Args={'value': 140, 'prev_value': 139, 'change': 1}
2022-10-23 18:21:32,924 : INFO : ball_device.bd_plunger : Received ball from <ball_device.bd_trough>
2022-10-23 18:21:32,924 : INFO : EventManager : Event: ======'balldevice_bd_plunger_ball_enter'====== Args={'new_balls': 1, 'unclaimed_balls': 0, 'new_available_balls': 0, 'device': <ball_device.bd_plunger>}
2022-10-23 18:21:32,925 : INFO : EventManager : Event: ======'balldevice_bd_plunger_ball_entered'====== Args={'new_balls': 0, 'device': <ball_device.bd_plunger>}
2022-10-23 18:21:32,925 : INFO : EventManager : Event: ======'balldevice_bd_plunger_ball_count_changed'====== Args={'balls': 1}
2022-10-23 18:21:32,925 : INFO : ball_device.bd_trough : Got eject confirm
2022-10-23 18:21:32,926 : INFO : ball_device.bd_trough : Eject successful
2022-10-23 18:21:32,926 : INFO : EventManager : Event: ======'balldevice_bd_trough_ball_eject_success'====== Args={'balls': 1, 'target': <ball_device.bd_plunger>}
2022-10-23 18:21:32,926 : INFO : EventManager : Event: ======'balldevice_bd_trough_ball_count_changed'====== Args={'balls': 3}
2022-10-23 18:21:32,926 : INFO : ball_device.bd_trough : State: idle
2022-10-23 18:21:32,926 : INFO : ball_device.bd_plunger : State: waiting_for_target_ready
2022-10-23 18:21:32,927 : INFO : EventManager : Event: ======'balldevice_bd_plunger_ball_eject_attempt'====== Args={'balls': 1, 'target': <playfield.playfield>, 'source': <ball_device.bd_plunger>, 'mechanical_eject': True, 'num_attempts': 0}
2022-10-23 18:21:32,928 : INFO : ball_device.bd_plunger : State: ejecting
2022-10-23 18:21:32,928 : INFO : ball_device.bd_plunger : Ejecting ball to <playfield.playfield>
2022-10-23 18:21:32,928 : INFO : EventManager : Event: ======'balldevice_bd_plunger_ejecting_ball'====== Args={'balls': 1, 'target': <playfield.playfield>, 'source': <ball_device.bd_plunger>, 'mechanical_eject': True, 'num_attempts': 0}
2022-10-23 18:21:32,930 : INFO : ball_device.bd_plunger : Wait for ball to leave device
2022-10-23 18:21:34,492 : INFO : SwitchController : <<<<<<< 's_toplane1' active >>>>>>>
2022-10-23 18:21:34,492 : INFO : EventManager : Event: ======'playfield_active'====== Args={}
2022-10-23 18:21:34,492 : INFO : EventManager : Event: ======'s_toplane1_active'====== Args={}
2022-10-23 18:21:34,492 : INFO : EventManager : Event: ======'machine_var_audits_switches_s_toplane1'====== Args={'value': 253, 'prev_value': 252, 'change': 1}
2022-10-23 18:21:34,500 : INFO : EventManager : Event: ======'player_shot_lane_top_1'====== Args={'value': 1, 'prev_value': 0, 'change': 1, 'player_num': 1}
2022-10-23 18:21:34,501 : INFO : EventManager : Event: ======'machine_var_audits_shots_lane_top_1'====== Args={'value': 166, 'prev_value': 165, 'change': 1}
2022-10-23 18:21:34,502 : INFO : EventManager : Event: ======'lane_top_1_hit'====== Args={'profile': 'default', 'state': 'unlit', 'advancing': True}
2022-10-23 18:21:34,502 : INFO : EventManager : Event: ======'lane_top_1_default_hit'====== Args={'profile': 'default', 'state': 'unlit', 'advancing': True}
2022-10-23 18:21:34,502 : INFO : EventManager : Event: ======'lane_top_1_default_unlit_hit'====== Args={'profile': 'default', 'state': 'unlit', 'advancing': True}
2022-10-23 18:21:34,502 : INFO : EventManager : Event: ======'lane_top_1_unlit_hit'====== Args={'profile': 'default', 'state': 'unlit', 'advancing': True}
2022-10-23 18:21:34,502 : INFO : EventManager : Event: ======'player_score'====== Args={'value': 100, 'prev_value': 0, 'change': 100, 'player_num': 1}
2022-10-23 18:21:34,502 : INFO : EventManager : Event: ======'lanes_top_hit'====== Args={}
2022-10-23 18:21:34,502 : INFO : EventManager : Event: ======'lanes_top_unlit_hit'====== Args={}
2022-10-23 18:21:34,607 : INFO : SwitchController : <<<<<<< 's_toplane1' inactive >>>>>>>
2022-10-23 18:21:35,333 : INFO : SwitchController : <<<<<<< 's_toplane2' active >>>>>>>
2022-10-23 18:21:35,333 : INFO : EventManager : Event: ======'playfield_active'====== Args={}
2022-10-23 18:21:35,333 : INFO : EventManager : Event: ======'s_toplane2_active'====== Args={}
2022-10-23 18:21:35,334 : INFO : EventManager : Event: ======'machine_var_audits_switches_s_toplane2'====== Args={'value': 159, 'prev_value': 158, 'change': 1}
2022-10-23 18:21:35,335 : INFO : EventManager : Event: ======'player_shot_lane_top_2'====== Args={'value': 1, 'prev_value': 0, 'change': 1, 'player_num': 1}
2022-10-23 18:21:35,337 : INFO : EventManager : Event: ======'machine_var_audits_shots_lane_top_2'====== Args={'value': 152, 'prev_value': 151, 'change': 1}
2022-10-23 18:21:35,338 : INFO : EventManager : Event: ======'lane_top_2_hit'====== Args={'profile': 'default', 'state': 'unlit', 'advancing': True}
2022-10-23 18:21:35,339 : INFO : EventManager : Event: ======'lane_top_2_default_hit'====== Args={'profile': 'default', 'state': 'unlit', 'advancing': True}
2022-10-23 18:21:35,339 : INFO : EventManager : Event: ======'lane_top_2_default_unlit_hit'====== Args={'profile': 'default', 'state': 'unlit', 'advancing': True}
2022-10-23 18:21:35,339 : INFO : EventManager : Event: ======'lane_top_2_unlit_hit'====== Args={'profile': 'default', 'state': 'unlit', 'advancing': True}
2022-10-23 18:21:35,340 : INFO : EventManager : Event: ======'player_score'====== Args={'value': 200, 'prev_value': 100, 'change': 100, 'player_num': 1}
2022-10-23 18:21:35,340 : INFO : EventManager : Event: ======'lanes_top_hit'====== Args={}
2022-10-23 18:21:35,341 : INFO : EventManager : Event: ======'lanes_top_unlit_hit'====== Args={}
2022-10-23 18:21:35,413 : INFO : SwitchController : <<<<<<< 's_toplane2' inactive >>>>>>>
2022-10-23 18:21:36,189 : INFO : SwitchController : <<<<<<< 's_toplane3' active >>>>>>>
2022-10-23 18:21:36,189 : INFO : EventManager : Event: ======'playfield_active'====== Args={}
2022-10-23 18:21:36,189 : INFO : EventManager : Event: ======'s_toplane3_active'====== Args={}
2022-10-23 18:21:36,189 : INFO : EventManager : Event: ======'machine_var_audits_switches_s_toplane3'====== Args={'value': 138, 'prev_value': 137, 'change': 1}
2022-10-23 18:21:36,190 : INFO : EventManager : Event: ======'player_shot_lane_top_3'====== Args={'value': 1, 'prev_value': 0, 'change': 1, 'player_num': 1}
2022-10-23 18:21:36,191 : INFO : EventManager : Event: ======'machine_var_audits_shots_lane_top_3'====== Args={'value': 130, 'prev_value': 129, 'change': 1}
2022-10-23 18:21:36,192 : INFO : EventManager : Event: ======'lane_top_3_hit'====== Args={'profile': 'default', 'state': 'unlit', 'advancing': True}
2022-10-23 18:21:36,192 : INFO : EventManager : Event: ======'lane_top_3_default_hit'====== Args={'profile': 'default', 'state': 'unlit', 'advancing': True}
2022-10-23 18:21:36,192 : INFO : EventManager : Event: ======'lane_top_3_default_unlit_hit'====== Args={'profile': 'default', 'state': 'unlit', 'advancing': True}
2022-10-23 18:21:36,192 : INFO : EventManager : Event: ======'lane_top_3_unlit_hit'====== Args={'profile': 'default', 'state': 'unlit', 'advancing': True}
2022-10-23 18:21:36,192 : INFO : EventManager : Event: ======'player_score'====== Args={'value': 300, 'prev_value': 200, 'change': 100, 'player_num': 1}
2022-10-23 18:21:36,193 : INFO : EventManager : Event: ======'lanes_top_complete'====== Args={'state': 'lit'}
2022-10-23 18:21:36,193 : INFO : EventManager : Event: ======'lanes_top_lit_complete'====== Args={}
2022-10-23 18:21:36,193 : INFO : EventManager : Event: ======'lanes_top_hit'====== Args={}
2022-10-23 18:21:36,193 : INFO : EventManager : Event: ======'lanes_top_unlit_hit'====== Args={}
2022-10-23 18:21:36,194 : INFO : EventManager : Event: ======'player_score'====== Args={'value': 1300, 'prev_value': 300, 'change': 1000, 'player_num': 1}
2022-10-23 18:21:36,194 : INFO : EventManager : Event: ======'logicblock_lane_top_count_updated'====== Args={'value': 2, 'enabled': True}
2022-10-23 18:21:36,194 : INFO : EventManager : Event: ======'lanes_top_done'====== Args={'count': 2}
2022-10-23 18:21:36,195 : INFO : EventManager : Event: ======'player_top_lane_hits'====== Args={'value': 1, 'prev_value': 0, 'change': 1, 'player_num': 1}
2022-10-23 18:21:36,195 : INFO : EventManager : Event: ======'player_pf_multiplier'====== Args={'value': 2, 'prev_value': 1, 'change': 1, 'player_num': 1}
2022-10-23 18:21:36,211 : INFO : EventManager : Event: ======'slide_lanes_top_complete_slide_created'====== Args={'_from_bcp': True}
2022-10-23 18:21:36,215 : INFO : EventManager : Event: ======'slide_lanes_top_complete_slide_active'====== Args={'_from_bcp': True}
2022-10-23 18:21:36,329 : INFO : SwitchController : <<<<<<< 's_toplane3' inactive >>>>>>>
2022-10-23 18:21:37,184 : INFO : EventManager : Event: ======'player_shot_lane_top_1'====== Args={'value': 0, 'prev_value': 1, 'change': -1, 'player_num': 1}
2022-10-23 18:21:37,186 : INFO : EventManager : Event: ======'player_shot_lane_top_2'====== Args={'value': 0, 'prev_value': 1, 'change': -1, 'player_num': 1}
2022-10-23 18:21:37,187 : INFO : EventManager : Event: ======'player_shot_lane_top_3'====== Args={'value': 0, 'prev_value': 1, 'change': -1, 'player_num': 1}
2022-10-23 18:21:39,207 : INFO : EventManager : Event: ======'slide_lanes_top_complete_slide_removed'====== Args={'_from_bcp': True}
2022-10-23 18:21:39,208 : INFO : EventManager : Event: ======'slide_empty_slide_active'====== Args={'_from_bcp': True}
2022-10-23 18:28:52,814 : INFO : Machine : Shutting down...
2022-10-23 18:28:52,814 : INFO : EventManager : Event: ======'shutdown'====== Args={}
2022-10-23 18:28:52,820 : INFO : root : MPF run loop ended.
