2022-10-23 18:21:26,910 : kivy : Factory: 186 symbols loaded
2022-10-23 18:21:27,197 : kivy : ImageLoaderFFPy: Using ffpyplayer 4.3.2
2022-10-23 18:21:27,197 : kivy : Image: Providers: img_tex, img_dds, img_sdl2, img_pil, img_ffpyplayer 
2022-10-23 18:21:27,263 : kivy : VideoGstplayer: Using Gstreamer 1.18.0.0
2022-10-23 18:21:27,263 : kivy : Video: Provider: gstplayer
2022-10-23 18:21:27,690 : kivy : Loading MPF-MC controller
2022-10-23 18:21:27,695 : YamlMultifileConfigLoader : Machine config file #1: config
2022-10-23 18:21:27,696 : ConfigProcessor : Config file in cache changed: C:\Users\dorus\OneDrive\Documents\Pinball\Github\Pinball-MPF\mpfv1\config\config
2022-10-23 18:21:27,708 : ConfigProcessor : Loading config from file C:\Users\dorus\AppData\Local\Programs\Python\Python38\lib\site-packages\mpfmc\mcconfig.yaml.
2022-10-23 18:21:27,757 : ConfigProcessor : Loading config: C:\Users\dorus\AppData\Local\Programs\Python\Python38\lib\site-packages\mpfmc\mcconfig.yaml
2022-10-23 18:21:27,758 : ConfigProcessor : Loading config from file C:\Users\dorus\OneDrive\Documents\Pinball\Github\Pinball-MPF\mpfv1\config\config.
2022-10-23 18:21:27,768 : ConfigProcessor : Loading config: C:\Users\dorus\OneDrive\Documents\Pinball\Github\Pinball-MPF\mpfv1\config\config
2022-10-23 18:21:27,819 : ConfigProcessor : Loading config: C:\Users\dorus\OneDrive\Documents\Pinball\Github\Pinball-MPF\mpfv1\config\hardware.yaml
2022-10-23 18:21:27,835 : ConfigProcessor : Loading config: C:\Users\dorus\OneDrive\Documents\Pinball\Github\Pinball-MPF\mpfv1\config\sounds.yaml
2022-10-23 18:21:27,844 : ConfigProcessor : Loading config: C:\Users\dorus\OneDrive\Documents\Pinball\Github\Pinball-MPF\mpfv1\config\display.yaml
2022-10-23 18:21:27,856 : ConfigProcessor : Loading config: C:\Users\dorus\OneDrive\Documents\Pinball\Github\Pinball-MPF\mpfv1\config\keyboard.yaml
2022-10-23 18:21:27,902 : ConfigProcessor : Loading config: C:\Users\dorus\OneDrive\Documents\Pinball\Github\Pinball-MPF\mpfv1\config\slides.yaml
2022-10-23 18:21:27,907 : ConfigProcessor : Loading config: C:\Users\dorus\OneDrive\Documents\Pinball\Github\Pinball-MPF\mpfv1\config\light_shows.yaml
2022-10-23 18:21:27,911 : ConfigProcessor : Config file cache created: C:\Users\dorus\AppData\Local\Temp\7e51f468519621fe47191f26eea0f791.mpf_cache
2022-10-23 18:21:27,912 : ConfigProcessor : Loading config from cache: C:\Users\dorus\AppData\Local\Temp\69e5e641cece6cfbb9f28306d01595e4.mpf_cache
2022-10-23 18:21:27,912 : ConfigProcessor : Loading config from cache: C:\Users\dorus\AppData\Local\Temp\336e6d2601ccb63523c70814805acbf1.mpf_cache
2022-10-23 18:21:27,913 : ConfigProcessor : Loading config from cache: C:\Users\dorus\AppData\Local\Temp\8f8558ef7eb783a34103d845cb15f27a.mpf_cache
2022-10-23 18:21:27,914 : ConfigProcessor : Loading config from cache: C:\Users\dorus\AppData\Local\Temp\3f4ec0fd6e14e835699e1ee64ae7815f.mpf_cache
2022-10-23 18:21:27,915 : ConfigProcessor : Loading config from cache: C:\Users\dorus\AppData\Local\Temp\07450fdcdb716b1c510f1f1f728b03da.mpf_cache
2022-10-23 18:21:27,922 : mpfmc : Mission Pinball Framework Media Controller v0.55.0
2022-10-23 18:21:27,922 : mpfmc : Mission Pinball Framework Game Engine v0.55.0
2022-10-23 18:21:27,922 : mpfmc : Machine path: C:\Users\dorus\OneDrive\Documents\Pinball\Github\Pinball-MPF\mpfv1
2022-10-23 18:21:27,922 : mpfmc : Starting clock at 60.0Hz
2022-10-23 18:21:27,943 : kivy : Text: Provider: sdl2
2022-10-23 18:21:28,008 : kivy : Window: Provider: sdl2
2022-10-23 18:21:28,159 : kivy : GL: Using the "OpenGL" graphics system
2022-10-23 18:21:28,161 : kivy : GL: GLEW initialization succeeded
2022-10-23 18:21:28,162 : kivy : GL: Backend used <glew>
2022-10-23 18:21:28,162 : kivy : GL: OpenGL version <b'4.6.0 - Build 26.20.100.7372'>
2022-10-23 18:21:28,163 : kivy : GL: OpenGL vendor <b'Intel'>
2022-10-23 18:21:28,163 : kivy : GL: OpenGL renderer <b'Intel(R) UHD Graphics'>
2022-10-23 18:21:28,163 : kivy : GL: OpenGL parsed version: 4, 6
2022-10-23 18:21:28,163 : kivy : GL: Shading version <b'4.60 - Build 26.20.100.7372'>
2022-10-23 18:21:28,163 : kivy : GL: Texture max size <16384>
2022-10-23 18:21:28,163 : kivy : GL: Texture max units <32>
2022-10-23 18:21:28,217 : kivy : Window: auto add sdl2 input provider
2022-10-23 18:21:28,217 : kivy : Window: virtual keyboard not allowed, single mode, not docked
2022-10-23 18:21:28,521 : AudioInterface : Initialized
2022-10-23 18:21:28,522 : AudioInterface : Loaded SDL 2.0.12
2022-10-23 18:21:28,522 : AudioInterface : Loaded SDL_Mixer 2.0.4
2022-10-23 18:21:28,522 : AudioInterface : Loaded GStreamer 1.18.0.0
2022-10-23 18:21:28,522 : AudioInterface : Loaded GLib 2.62.6
2022-10-23 18:21:28,522 : AudioInterface : Settings requested - rate: 44100, channels: 1, buffer: 2048 samples
2022-10-23 18:21:28,522 : AudioInterface : Settings in use - rate: 44100, channels: 1, buffer: 2048 samples (4096 bytes @ 2 bytes per sample)
2022-10-23 18:21:28,522 : SoundSystem : Setting master volume to 0.0
2022-10-23 18:21:28,522 : SoundSystem : master_volume in sound_system is deprecated and will be removed in the future.
2022-10-23 18:21:28,522 : AudioInterface : Enabling audio playback
2022-10-23 18:21:28,525 : kivy : Base: Start application main loop
2022-10-23 18:21:28,525 : EventManager : Event: ======'display_window_initialized'====== Args={}
2022-10-23 18:21:28,525 : EventManager : Event: ======'display_Disp_Player_initialized'====== Args={}
2022-10-23 18:21:28,526 : EventManager : Event: ======'display_Disp_Menu_initialized'====== Args={}
2022-10-23 18:21:28,526 : EventManager : Event: ======'display_Disp_Ball_initialized'====== Args={}
2022-10-23 18:21:28,526 : EventManager : Event: ======'display_Disp_Message_initialized'====== Args={}
2022-10-23 18:21:28,526 : EventManager : Event: ======'display_Disp_Counter_initialized'====== Args={}
2022-10-23 18:21:28,527 : EventManager : Event: ======'display_Disp_Score_initialized'====== Args={}
2022-10-23 18:21:28,527 : EventManager : Event: ======'display_Disp_Icons_initialized'====== Args={}
2022-10-23 18:21:28,540 : mpfmc : Display: Setting 'window' as default display
2022-10-23 18:21:28,548 : EventManager : Event: ======'displays_initialized'====== Args={}
2022-10-23 18:21:28,549 : EventManager : Event: ======'slide_window_blank_created'====== Args={}
2022-10-23 18:21:28,549 : EventManager : Event: ======'display_window_ready'====== Args={}
2022-10-23 18:21:28,550 : EventManager : Event: ======'slide_Disp_Player_blank_created'====== Args={}
2022-10-23 18:21:28,550 : EventManager : Event: ======'display_Disp_Player_ready'====== Args={}
2022-10-23 18:21:28,550 : EventManager : Event: ======'slide_Disp_Menu_blank_created'====== Args={}
2022-10-23 18:21:28,550 : EventManager : Event: ======'display_Disp_Menu_ready'====== Args={}
2022-10-23 18:21:28,550 : EventManager : Event: ======'slide_Disp_Ball_blank_created'====== Args={}
2022-10-23 18:21:28,551 : EventManager : Event: ======'display_Disp_Ball_ready'====== Args={}
2022-10-23 18:21:28,551 : EventManager : Event: ======'slide_Disp_Message_blank_created'====== Args={}
2022-10-23 18:21:28,551 : EventManager : Event: ======'display_Disp_Message_ready'====== Args={}
2022-10-23 18:21:28,551 : EventManager : Event: ======'slide_Disp_Counter_blank_created'====== Args={}
2022-10-23 18:21:28,551 : EventManager : Event: ======'display_Disp_Counter_ready'====== Args={}
2022-10-23 18:21:28,552 : EventManager : Event: ======'slide_Disp_Score_blank_created'====== Args={}
2022-10-23 18:21:28,552 : EventManager : Event: ======'display_Disp_Score_ready'====== Args={}
2022-10-23 18:21:28,552 : EventManager : Event: ======'slide_Disp_Icons_blank_created'====== Args={}
2022-10-23 18:21:28,552 : EventManager : Event: ======'display_Disp_Icons_ready'====== Args={}
2022-10-23 18:21:28,565 : EventManager : Event: ======'init_phase_1'====== Args={}
2022-10-23 18:21:28,570 : EventManager : Event: ======'mc_ready'====== Args={}
2022-10-23 18:21:28,570 : EventManager : Event: ======'init_phase_2'====== Args={}
2022-10-23 18:21:28,573 : EventManager : Event: ======'init_phase_3'====== Args={}
2022-10-23 18:21:28,576 : EventManager : Event: ======'init_phase_4'====== Args={}
2022-10-23 18:21:28,576 : EventManager : Event: ======'init_phase_5'====== Args={}
2022-10-23 18:21:28,619 : kivy : GL: NPOT texture support is available
2022-10-23 18:21:28,652 : EventManager : Event: ======'loading_assets'====== Args={'total': 2, 'loaded': 1, 'remaining': 1, 'percent': 50}
2022-10-23 18:21:28,652 : AssetManager : Loading assets: 1/2 (50%)
2022-10-23 18:21:28,676 : EventManager : Event: ======'loading_assets'====== Args={'total': 2, 'loaded': 2, 'remaining': 0, 'percent': 100}
2022-10-23 18:21:28,676 : AssetManager : Asset loading took: 0.15246963500976562
2022-10-23 18:21:28,676 : EventManager : Event: ======'asset_loading_complete'====== Args={}
2022-10-23 18:21:28,676 : AssetManager : Loading assets: 2/2 (100%)
2022-10-23 18:21:28,676 : EventManager : Event: ======'init_done'====== Args={}
2022-10-23 18:21:28,676 : MPF-MC BCP Server : Starting up on localhost port 5050
2022-10-23 18:21:28,680 : MPF-MC BCP Server : Waiting for a connection...
2022-10-23 18:21:28,682 : EventManager : Event: ======'client_disconnected'====== Args={'host': '127.0.0.1', 'port': 5050}
2022-10-23 18:21:29,003 : MPF-MC BCP Server : Received connection from: 127.0.0.1:56415
2022-10-23 18:21:29,011 : EventManager : Event: ======'client_connected'====== Args={'host': '127.0.0.1', 'port': 56415}
2022-10-23 18:21:29,023 : EventManager : Event: ======'machine_var_credits_string'====== Args={'value': 'FREE PLAY', 'prev_value': None, 'change': True}
2022-10-23 18:21:29,023 : EventManager : Event: ======'machine_var_master_volume'====== Args={'value': 0.5, 'prev_value': None, 'change': True}
2022-10-23 18:21:29,024 : EventManager : Event: ======'machine_var_player1_score'====== Args={'value': 3000, 'prev_value': None, 'change': True}
2022-10-23 18:21:29,024 : EventManager : Event: ======'machine_var_mpf_version'====== Args={'value': 'MPF v0.55.0', 'prev_value': None, 'change': True}
2022-10-23 18:21:29,024 : EventManager : Event: ======'machine_var_mpf_extended_version'====== Args={'value': 'MPF v0.55.0, Config version:5, Show version: 5, BCP version:1.1', 'prev_value': None, 'change': True}
2022-10-23 18:21:29,024 : EventManager : Event: ======'machine_var_python_version'====== Args={'value': '3.8.10', 'prev_value': None, 'change': True}
2022-10-23 18:21:29,024 : EventManager : Event: ======'machine_var_platform'====== Args={'value': 'Windows-10-10.0.19044-SP0', 'prev_value': None, 'change': True}
2022-10-23 18:21:29,024 : EventManager : Event: ======'machine_var_platform_system'====== Args={'value': 'Windows', 'prev_value': None, 'change': True}
2022-10-23 18:21:29,024 : EventManager : Event: ======'machine_var_platform_release'====== Args={'value': '10', 'prev_value': None, 'change': True}
2022-10-23 18:21:29,024 : EventManager : Event: ======'machine_var_platform_version'====== Args={'value': '10.0.19044', 'prev_value': None, 'change': True}
2022-10-23 18:21:29,024 : EventManager : Event: ======'machine_var_platform_machine'====== Args={'value': 'AMD64', 'prev_value': None, 'change': True}
2022-10-23 18:21:29,024 : EventManager : Event: ======'machine_var_mc_version'====== Args={'value': 'MPF-MC v0.55.0', 'prev_value': None, 'change': True}
2022-10-23 18:21:29,024 : EventManager : Event: ======'machine_var_mc_extended_version'====== Args={'value': 'MPF-MC v0.55.0 (config_version=5, BCP v1.1, Requires MPF v0.55.0-dev.49)', 'prev_value': None, 'change': True}
2022-10-23 18:21:29,024 : SoundSystem : Setting master volume to 0.5
2022-10-23 18:21:29,111 : EventManager : Event: ======'machine_var_audits_events_game_ended'====== Args={'value': 0, 'prev_value': None, 'change': True}
2022-10-23 18:21:29,124 : EventManager : Event: ======'machine_var_audits_events_game_started'====== Args={'value': 0, 'prev_value': None, 'change': True}
2022-10-23 18:21:29,124 : EventManager : Event: ======'machine_var_audits_player_score'====== Args={'value': {'average': 29309.090909090908, 'top': [106800, 41000, 33100, 31800, 31200, 27600, 20200, 17500, 10200, 3000], 'total': 11}, 'prev_value': None, 'change': True}
2022-10-23 18:21:29,135 : EventManager : Event: ======'machine_var_audits_shots_lane_bottom_1'====== Args={'value': 15, 'prev_value': None, 'change': True}
2022-10-23 18:21:29,135 : EventManager : Event: ======'machine_var_audits_shots_lane_bottom_2'====== Args={'value': 15, 'prev_value': None, 'change': True}
2022-10-23 18:21:29,135 : EventManager : Event: ======'machine_var_audits_shots_lane_bottom_3'====== Args={'value': 16, 'prev_value': None, 'change': True}
2022-10-23 18:21:29,135 : EventManager : Event: ======'machine_var_audits_shots_lane_bottom_4'====== Args={'value': 15, 'prev_value': None, 'change': True}
2022-10-23 18:21:29,135 : EventManager : Event: ======'machine_var_audits_shots_lane_bottom_5'====== Args={'value': 14, 'prev_value': None, 'change': True}
2022-10-23 18:21:29,135 : EventManager : Event: ======'machine_var_audits_shots_lane_top_1'====== Args={'value': 165, 'prev_value': None, 'change': True}
2022-10-23 18:21:29,135 : EventManager : Event: ======'machine_var_audits_shots_lane_top_2'====== Args={'value': 151, 'prev_value': None, 'change': True}
2022-10-23 18:21:29,135 : EventManager : Event: ======'machine_var_audits_shots_lane_top_3'====== Args={'value': 129, 'prev_value': None, 'change': True}
2022-10-23 18:21:29,135 : EventManager : Event: ======'machine_var_audits_shots_orbit'====== Args={'value': 23, 'prev_value': None, 'change': True}
2022-10-23 18:21:29,135 : EventManager : Event: ======'machine_var_audits_shots_spinner'====== Args={'value': 178, 'prev_value': None, 'change': True}
2022-10-23 18:21:29,135 : EventManager : Event: ======'machine_var_audits_switches_s_bottomlane1'====== Args={'value': 30, 'prev_value': None, 'change': True}
2022-10-23 18:21:29,135 : EventManager : Event: ======'machine_var_audits_switches_s_bottomlane2'====== Args={'value': 43, 'prev_value': None, 'change': True}
2022-10-23 18:21:29,135 : EventManager : Event: ======'machine_var_audits_switches_s_bottomlane3'====== Args={'value': 165, 'prev_value': None, 'change': True}
2022-10-23 18:21:29,135 : EventManager : Event: ======'machine_var_audits_switches_s_bottomlane4'====== Args={'value': 49, 'prev_value': None, 'change': True}
2022-10-23 18:21:29,136 : EventManager : Event: ======'machine_var_audits_switches_s_bottomlane5'====== Args={'value': 27, 'prev_value': None, 'change': True}
2022-10-23 18:21:29,136 : EventManager : Event: ======'machine_var_audits_switches_s_drop1'====== Args={'value': 35, 'prev_value': None, 'change': True}
2022-10-23 18:21:29,136 : EventManager : Event: ======'machine_var_audits_switches_s_drop2'====== Args={'value': 17, 'prev_value': None, 'change': True}
2022-10-23 18:21:29,136 : EventManager : Event: ======'machine_var_audits_switches_s_drop3'====== Args={'value': 15, 'prev_value': None, 'change': True}
2022-10-23 18:21:29,136 : EventManager : Event: ======'machine_var_audits_switches_s_launch'====== Args={'value': 11, 'prev_value': None, 'change': True}
2022-10-23 18:21:29,136 : EventManager : Event: ======'machine_var_audits_switches_s_left01'====== Args={'value': 27, 'prev_value': None, 'change': True}
2022-10-23 18:21:29,136 : EventManager : Event: ======'machine_var_audits_switches_s_left02'====== Args={'value': 28, 'prev_value': None, 'change': True}
2022-10-23 18:21:29,136 : EventManager : Event: ======'machine_var_audits_switches_s_left03'====== Args={'value': 21, 'prev_value': None, 'change': True}
2022-10-23 18:21:29,136 : EventManager : Event: ======'machine_var_audits_switches_s_left_sling'====== Args={'value': 62, 'prev_value': None, 'change': True}
2022-10-23 18:21:29,136 : EventManager : Event: ======'machine_var_audits_switches_s_orbit1'====== Args={'value': 45, 'prev_value': None, 'change': True}
2022-10-23 18:21:29,136 : EventManager : Event: ======'machine_var_audits_switches_s_orbit2'====== Args={'value': 0, 'prev_value': None, 'change': True}
2022-10-23 18:21:29,136 : EventManager : Event: ======'machine_var_audits_switches_s_plunger_lane'====== Args={'value': 139, 'prev_value': None, 'change': True}
2022-10-23 18:21:29,136 : EventManager : Event: ======'machine_var_audits_switches_s_popbumber_1'====== Args={'value': 68, 'prev_value': None, 'change': True}
2022-10-23 18:21:29,136 : EventManager : Event: ======'machine_var_audits_switches_s_popbumber_2'====== Args={'value': 110, 'prev_value': None, 'change': True}
2022-10-23 18:21:29,136 : EventManager : Event: ======'machine_var_audits_switches_s_popbumber_3'====== Args={'value': 60, 'prev_value': None, 'change': True}
2022-10-23 18:21:29,136 : EventManager : Event: ======'machine_var_audits_switches_s_ramp'====== Args={'value': 38, 'prev_value': None, 'change': True}
2022-10-23 18:21:29,136 : EventManager : Event: ======'machine_var_audits_switches_s_right_sling'====== Args={'value': 120, 'prev_value': None, 'change': True}
2022-10-23 18:21:29,137 : EventManager : Event: ======'machine_var_audits_switches_s_rigth01'====== Args={'value': 59, 'prev_value': None, 'change': True}
2022-10-23 18:21:29,137 : EventManager : Event: ======'machine_var_audits_switches_s_rigth02'====== Args={'value': 24, 'prev_value': None, 'change': True}
2022-10-23 18:21:29,137 : EventManager : Event: ======'machine_var_audits_switches_s_rigth03'====== Args={'value': 15, 'prev_value': None, 'change': True}
2022-10-23 18:21:29,137 : EventManager : Event: ======'machine_var_audits_switches_s_spinner'====== Args={'value': 271, 'prev_value': None, 'change': True}
2022-10-23 18:21:29,137 : EventManager : Event: ======'machine_var_audits_switches_s_start'====== Args={'value': 4, 'prev_value': None, 'change': True}
2022-10-23 18:21:29,137 : EventManager : Event: ======'machine_var_audits_switches_s_top'====== Args={'value': 11, 'prev_value': None, 'change': True}
2022-10-23 18:21:29,137 : EventManager : Event: ======'machine_var_audits_switches_s_toplane1'====== Args={'value': 252, 'prev_value': None, 'change': True}
2022-10-23 18:21:29,137 : EventManager : Event: ======'machine_var_audits_switches_s_toplane2'====== Args={'value': 158, 'prev_value': None, 'change': True}
2022-10-23 18:21:29,137 : EventManager : Event: ======'machine_var_audits_switches_s_toplane3'====== Args={'value': 137, 'prev_value': None, 'change': True}
2022-10-23 18:21:29,137 : EventManager : Event: ======'machine_var_audits_switches_s_trough1'====== Args={'value': 38, 'prev_value': None, 'change': True}
2022-10-23 18:21:29,137 : EventManager : Event: ======'machine_var_audits_switches_s_trough2'====== Args={'value': 37, 'prev_value': None, 'change': True}
2022-10-23 18:21:29,137 : EventManager : Event: ======'machine_var_audits_switches_s_trough3'====== Args={'value': 27, 'prev_value': None, 'change': True}
2022-10-23 18:21:29,137 : EventManager : Event: ======'machine_var_audits_switches_s_trough4'====== Args={'value': 40, 'prev_value': None, 'change': True}
2022-10-23 18:21:29,137 : EventManager : Event: ======'machine_var_audits_switches_s_trough5'====== Args={'value': 29, 'prev_value': None, 'change': True}
2022-10-23 18:21:29,137 : EventManager : Event: ======'machine_var_audits_switches_s_trough6'====== Args={'value': 24, 'prev_value': None, 'change': True}
2022-10-23 18:21:29,138 : EventManager : Event: ======'machine_var_audits_switches_s_trough_jam'====== Args={'value': 27, 'prev_value': None, 'change': True}
2022-10-23 18:21:29,138 : EventManager : Event: ======'machine_var_audits_switches_s_vukmid'====== Args={'value': 47, 'prev_value': None, 'change': True}
2022-10-23 18:21:29,138 : EventManager : Event: ======'machine_var_audits_switches_s_vuktop'====== Args={'value': 15, 'prev_value': None, 'change': True}
2022-10-23 18:21:29,138 : EventManager : Event: ======'mc_reset_phase_1'====== Args={}
2022-10-23 18:21:29,138 : EventManager : Event: ======'mc_reset_phase_2'====== Args={}
2022-10-23 18:21:29,138 : EventManager : Event: ======'mc_reset_phase_3'====== Args={}
2022-10-23 18:21:29,138 : EventManager : Event: ======'mc_reset_complete'====== Args={}
2022-10-23 18:21:29,151 : EventManager : Event: ======'slides_play'====== Args={'settings': {'layout_main': {'target': 'window', 'background_color': [0.0, 0.0, 0.0, 1.0], 'priority': None, 'show': True, 'force': False, 'expire': None, 'slide': None, 'tokens': {}, 'action': 'play'}, 'empty_slide_1': {'slide': 'empty_slide', 'target': 'Disp_Player', 'background_color': [0.0, 0.0, 0.0, 1.0], 'priority': None, 'show': True, 'force': False, 'expire': None, 'tokens': {}, 'action': 'play'}, 'empty_slide_2': {'slide': 'empty_slide', 'target': 'Disp_Menu', 'background_color': [0.0, 0.0, 0.0, 1.0], 'priority': None, 'show': True, 'force': False, 'expire': None, 'tokens': {}, 'action': 'play'}, 'empty_slide_3': {'slide': 'empty_slide', 'target': 'Disp_Ball', 'background_color': [0.0, 0.0, 0.0, 1.0], 'priority': None, 'show': True, 'force': False, 'expire': None, 'tokens': {}, 'action': 'play'}, 'press_start': {'target': 'Disp_Message', 'background_color': [0.0, 0.0, 0.0, 1.0], 'priority': None, 'show': True, 'force': False, 'expire': None, 'slide': None, 'tokens': {}, 'action': 'play'}, 'empty_slide_5': {'slide': 'empty_slide', 'target': 'Disp_Counter', 'background_color': [0.0, 0.0, 0.0, 1.0], 'priority': None, 'show': True, 'force': False, 'expire': None, 'tokens': {}, 'action': 'play'}, 'Title_slide': {'target': 'Disp_Score', 'background_color': [0.0, 0.0, 0.0, 1.0], 'priority': None, 'show': True, 'force': False, 'expire': None, 'slide': None, 'tokens': {}, 'action': 'play'}, 'empty_slide_6': {'slide': 'empty_slide', 'target': 'Disp_Icons', 'background_color': [0.0, 0.0, 0.0, 1.0], 'priority': None, 'show': True, 'force': False, 'expire': None, 'tokens': {}, 'action': 'play'}}, 'context': 'show_2', 'calling_context': 0, 'priority': 10, 'show_tokens': {}, 'start_time': 19522.656}
2022-10-23 18:21:29,151 : EventManager : Event: ======'sounds_play'====== Args={'settings': {'musicslow': {'action': 'play', 'loops': -1, 'priority': None, 'block': False, 'delay': None, 'track': None, 'volume': None, 'pan': None, 'start_at': None, 'fade_in': None, 'fade_out': None, 'about_to_finish_time': -1.0, 'max_queue_time': -1.0, 'events_when_played': ['use_sound_setting'], 'events_when_stopped': ['use_sound_setting'], 'events_when_looping': ['use_sound_setting'], 'events_when_about_to_finish': ['use_sound_setting'], 'mode_end_action': 'use_sound_setting', 'key': 'use_sound_setting'}}, 'context': '_global', 'calling_context': 'mode_attract_started', 'priority': 0}
2022-10-23 18:21:29,151 : mpfmc : SlidePlayer: Play called with settings={'layout_main': {'target': 'window', 'background_color': [0.0, 0.0, 0.0, 1.0], 'priority': None, 'show': True, 'force': False, 'expire': None, 'slide': None, 'tokens': {}, 'action': 'play'}, 'empty_slide_1': {'slide': 'empty_slide', 'target': 'Disp_Player', 'background_color': [0.0, 0.0, 0.0, 1.0], 'priority': None, 'show': True, 'force': False, 'expire': None, 'tokens': {}, 'action': 'play'}, 'empty_slide_2': {'slide': 'empty_slide', 'target': 'Disp_Menu', 'background_color': [0.0, 0.0, 0.0, 1.0], 'priority': None, 'show': True, 'force': False, 'expire': None, 'tokens': {}, 'action': 'play'}, 'empty_slide_3': {'slide': 'empty_slide', 'target': 'Disp_Ball', 'background_color': [0.0, 0.0, 0.0, 1.0], 'priority': None, 'show': True, 'force': False, 'expire': None, 'tokens': {}, 'action': 'play'}, 'press_start': {'target': 'Disp_Message', 'background_color': [0.0, 0.0, 0.0, 1.0], 'priority': None, 'show': True, 'force': False, 'expire': None, 'slide': None, 'tokens': {}, 'action': 'play'}, 'empty_slide_5': {'slide': 'empty_slide', 'target': 'Disp_Counter', 'background_color': [0.0, 0.0, 0.0, 1.0], 'priority': None, 'show': True, 'force': False, 'expire': None, 'tokens': {}, 'action': 'play'}, 'Title_slide': {'target': 'Disp_Score', 'background_color': [0.0, 0.0, 0.0, 1.0], 'priority': None, 'show': True, 'force': False, 'expire': None, 'slide': None, 'tokens': {}, 'action': 'play'}, 'empty_slide_6': {'slide': 'empty_slide', 'target': 'Disp_Icons', 'background_color': [0.0, 0.0, 0.0, 1.0], 'priority': None, 'show': True, 'force': False, 'expire': None, 'tokens': {}, 'action': 'play'}}
2022-10-23 18:21:29,159 : EventManager : Event: ======'slide_layout_main_created'====== Args={}
2022-10-23 18:21:29,164 : EventManager : Event: ======'slide_empty_slide_created'====== Args={}
2022-10-23 18:21:29,167 : EventManager : Event: ======'slide_empty_slide_created'====== Args={}
2022-10-23 18:21:29,170 : EventManager : Event: ======'slide_empty_slide_created'====== Args={}
2022-10-23 18:21:29,174 : EventManager : Event: ======'slide_press_start_created'====== Args={}
2022-10-23 18:21:29,178 : EventManager : Event: ======'slide_empty_slide_created'====== Args={}
2022-10-23 18:21:29,181 : EventManager : Event: ======'slide_Title_slide_created'====== Args={}
2022-10-23 18:21:29,186 : EventManager : Event: ======'slide_empty_slide_created'====== Args={}
2022-10-23 18:21:29,196 : EventManager : Event: ======'slide_layout_main_active'====== Args={}
2022-10-23 18:21:29,222 : EventManager : Event: ======'slide_empty_slide_active'====== Args={}
2022-10-23 18:21:29,223 : EventManager : Event: ======'slide_empty_slide_active'====== Args={}
2022-10-23 18:21:29,224 : EventManager : Event: ======'slide_empty_slide_active'====== Args={}
2022-10-23 18:21:29,225 : EventManager : Event: ======'slide_press_start_active'====== Args={}
2022-10-23 18:21:29,226 : EventManager : Event: ======'slide_empty_slide_active'====== Args={}
2022-10-23 18:21:29,227 : EventManager : Event: ======'slide_Title_slide_active'====== Args={}
2022-10-23 18:21:29,228 : EventManager : Event: ======'slide_empty_slide_active'====== Args={}
2022-10-23 18:21:29,249 : EventManager : Event: ======'loading_assets'====== Args={'total': 1, 'loaded': 1, 'remaining': 0, 'percent': 100}
2022-10-23 18:21:29,250 : AssetManager : Asset loading took: 0.7264087200164795
2022-10-23 18:21:29,250 : EventManager : Event: ======'asset_loading_complete'====== Args={}
2022-10-23 18:21:29,250 : AssetManager : Loading assets: 1/1 (100%)
2022-10-23 18:21:32,198 : EventManager : Event: ======'game_started'====== Args={}
2022-10-23 18:21:32,198 : EventManager : Event: ======'slides_clear'====== Args={'context': 'show_2'}
2022-10-23 18:21:32,198 : EventManager : Event: ======'sounds_play'====== Args={'settings': {'musicslow': {'action': 'stop', 'priority': None, 'block': False, 'delay': None, 'track': None, 'volume': None, 'pan': None, 'loops': None, 'start_at': None, 'fade_in': None, 'fade_out': None, 'about_to_finish_time': -1.0, 'max_queue_time': -1.0, 'events_when_played': ['use_sound_setting'], 'events_when_stopped': ['use_sound_setting'], 'events_when_looping': ['use_sound_setting'], 'events_when_about_to_finish': ['use_sound_setting'], 'mode_end_action': 'use_sound_setting', 'key': 'use_sound_setting'}}, 'context': '_global', 'calling_context': 'mode_attract_stopped', 'priority': 0}
2022-10-23 18:21:32,199 : EventManager : Event: ======'slide_layout_main_removed'====== Args={}
2022-10-23 18:21:32,199 : EventManager : Event: ======'slide_empty_slide_removed'====== Args={}
2022-10-23 18:21:32,199 : EventManager : Event: ======'slide_empty_slide_removed'====== Args={}
2022-10-23 18:21:32,200 : EventManager : Event: ======'slide_empty_slide_removed'====== Args={}
2022-10-23 18:21:32,200 : EventManager : Event: ======'slide_press_start_removed'====== Args={}
2022-10-23 18:21:32,200 : EventManager : Event: ======'slide_empty_slide_removed'====== Args={}
2022-10-23 18:21:32,200 : EventManager : Event: ======'slide_Title_slide_removed'====== Args={}
2022-10-23 18:21:32,201 : EventManager : Event: ======'slide_empty_slide_removed'====== Args={}
2022-10-23 18:21:32,201 : EventManager : Event: ======'slide_window_blank_active'====== Args={}
2022-10-23 18:21:32,201 : EventManager : Event: ======'slide_Disp_Player_blank_active'====== Args={}
2022-10-23 18:21:32,202 : EventManager : Event: ======'slide_Disp_Menu_blank_active'====== Args={}
2022-10-23 18:21:32,202 : EventManager : Event: ======'slide_Disp_Ball_blank_active'====== Args={}
2022-10-23 18:21:32,202 : EventManager : Event: ======'slide_Disp_Message_blank_active'====== Args={}
2022-10-23 18:21:32,202 : EventManager : Event: ======'slide_Disp_Counter_blank_active'====== Args={}
2022-10-23 18:21:32,202 : EventManager : Event: ======'slide_Disp_Score_blank_active'====== Args={}
2022-10-23 18:21:32,203 : EventManager : Event: ======'slide_Disp_Icons_blank_active'====== Args={}
2022-10-23 18:21:32,205 : EventManager : Event: ======'player_added'====== Args={'player': <Player 1>, 'num': 1}
2022-10-23 18:21:32,205 : EventManager : Event: ======'player_index'====== Args={'value': 0, 'prev_value': 0, 'change': 0, 'player_num': 1}
2022-10-23 18:21:32,206 : EventManager : Event: ======'player_number'====== Args={'value': 1, 'prev_value': 1, 'change': 0, 'player_num': 1}
2022-10-23 18:21:32,206 : EventManager : Event: ======'player_score'====== Args={'value': 0, 'prev_value': 0, 'change': 0, 'player_num': 1}
2022-10-23 18:21:32,206 : EventManager : Event: ======'player_top_lane_hits'====== Args={'value': 0, 'prev_value': 0, 'change': 0, 'player_num': 1}
2022-10-23 18:21:32,206 : EventManager : Event: ======'player_bottom_lane_hits'====== Args={'value': 0, 'prev_value': 0, 'change': 0, 'player_num': 1}
2022-10-23 18:21:32,240 : EventManager : Event: ======'player_ball'====== Args={'value': 1, 'prev_value': 0, 'change': 1, 'player_num': 1}
2022-10-23 18:21:32,240 : EventManager : Event: ======'player_turn_start'====== Args={'number': 1, 'player': <Player 1>}
2022-10-23 18:21:32,254 : EventManager : Event: ======'player_shot_spinner_enabled'====== Args={'value': True, 'prev_value': 0, 'change': 1, 'player_num': 1}
2022-10-23 18:21:32,254 : EventManager : Event: ======'player_shot_orbit_enabled'====== Args={'value': True, 'prev_value': 0, 'change': 1, 'player_num': 1}
2022-10-23 18:21:32,255 : EventManager : Event: ======'slides_play'====== Args={'settings': {'layout_main': {'target': 'window', 'background_color': [0.0, 0.0, 0.0, 1.0], 'priority': None, 'show': True, 'force': False, 'expire': None, 'slide': None, 'tokens': {}, 'action': 'play'}, 'player_slide': {'target': 'Disp_Player', 'background_color': [0.0, 0.0, 0.0, 1.0], 'priority': None, 'show': True, 'force': False, 'expire': None, 'slide': None, 'tokens': {}, 'action': 'play'}, 'empty_slide_2': {'slide': 'empty_slide', 'target': 'Disp_Menu', 'background_color': [0.0, 0.0, 0.0, 1.0], 'priority': None, 'show': True, 'force': False, 'expire': None, 'tokens': {}, 'action': 'play'}, 'ball_slide': {'target': 'Disp_Ball', 'background_color': [0.0, 0.0, 0.0, 1.0], 'priority': None, 'show': True, 'force': False, 'expire': None, 'slide': None, 'tokens': {}, 'action': 'play'}, 'empty_slide_3': {'slide': 'empty_slide', 'target': 'Disp_Message', 'background_color': [0.0, 0.0, 0.0, 1.0], 'priority': None, 'show': True, 'force': False, 'expire': None, 'tokens': {}, 'action': 'play'}, 'empty_slide_5': {'slide': 'empty_slide', 'target': 'Disp_Counter', 'background_color': [0.0, 0.0, 0.0, 1.0], 'priority': None, 'show': True, 'force': False, 'expire': None, 'tokens': {}, 'action': 'play'}, 'score_slide': {'target': 'Disp_Score', 'background_color': [0.0, 0.0, 0.0, 1.0], 'priority': None, 'show': True, 'force': False, 'expire': None, 'slide': None, 'tokens': {}, 'action': 'play'}, 'empty_slide_6': {'slide': 'empty_slide', 'target': 'Disp_Icons', 'background_color': [0.0, 0.0, 0.0, 1.0], 'priority': None, 'show': True, 'force': False, 'expire': None, 'tokens': {}, 'action': 'play'}}, 'context': 'show_5', 'calling_context': 0, 'priority': 100, 'show_tokens': {}, 'start_time': 19525.765}
2022-10-23 18:21:32,256 : EventManager : Event: ======'sounds_play'====== Args={'settings': {'musicfast': {'action': 'play', 'loops': -1, 'priority': None, 'block': False, 'delay': None, 'track': None, 'volume': None, 'pan': None, 'start_at': None, 'fade_in': None, 'fade_out': None, 'about_to_finish_time': -1.0, 'max_queue_time': -1.0, 'events_when_played': ['use_sound_setting'], 'events_when_stopped': ['use_sound_setting'], 'events_when_looping': ['use_sound_setting'], 'events_when_about_to_finish': ['use_sound_setting'], 'mode_end_action': 'use_sound_setting', 'key': 'use_sound_setting'}}, 'context': '_global', 'calling_context': 'mode_base_started', 'priority': 0, 'queue': '<QueuedEvent>', 'player': 1, 'ball': 1, 'balls_remaining': 2, 'is_extra_ball': False}
2022-10-23 18:21:32,256 : EventManager : Event: ======'player_shot_lane_top_1_enabled'====== Args={'value': True, 'prev_value': 0, 'change': 1, 'player_num': 1}
2022-10-23 18:21:32,257 : EventManager : Event: ======'player_shot_lane_top_2_enabled'====== Args={'value': True, 'prev_value': 0, 'change': 1, 'player_num': 1}
2022-10-23 18:21:32,257 : EventManager : Event: ======'player_shot_lane_top_3_enabled'====== Args={'value': True, 'prev_value': 0, 'change': 1, 'player_num': 1}
2022-10-23 18:21:32,257 : EventManager : Event: ======'player_shot_lane_bottom_1_enabled'====== Args={'value': True, 'prev_value': 0, 'change': 1, 'player_num': 1}
2022-10-23 18:21:32,257 : EventManager : Event: ======'player_shot_lane_bottom_2_enabled'====== Args={'value': True, 'prev_value': 0, 'change': 1, 'player_num': 1}
2022-10-23 18:21:32,257 : EventManager : Event: ======'player_shot_lane_bottom_3_enabled'====== Args={'value': True, 'prev_value': 0, 'change': 1, 'player_num': 1}
2022-10-23 18:21:32,257 : EventManager : Event: ======'player_shot_lane_bottom_4_enabled'====== Args={'value': True, 'prev_value': 0, 'change': 1, 'player_num': 1}
2022-10-23 18:21:32,257 : EventManager : Event: ======'player_shot_lane_bottom_5_enabled'====== Args={'value': True, 'prev_value': 0, 'change': 1, 'player_num': 1}
2022-10-23 18:21:32,258 : mpfmc : SlidePlayer: Play called with settings={'layout_main': {'target': 'window', 'background_color': [0.0, 0.0, 0.0, 1.0], 'priority': None, 'show': True, 'force': False, 'expire': None, 'slide': None, 'tokens': {}, 'action': 'play'}, 'player_slide': {'target': 'Disp_Player', 'background_color': [0.0, 0.0, 0.0, 1.0], 'priority': None, 'show': True, 'force': False, 'expire': None, 'slide': None, 'tokens': {}, 'action': 'play'}, 'empty_slide_2': {'slide': 'empty_slide', 'target': 'Disp_Menu', 'background_color': [0.0, 0.0, 0.0, 1.0], 'priority': None, 'show': True, 'force': False, 'expire': None, 'tokens': {}, 'action': 'play'}, 'ball_slide': {'target': 'Disp_Ball', 'background_color': [0.0, 0.0, 0.0, 1.0], 'priority': None, 'show': True, 'force': False, 'expire': None, 'slide': None, 'tokens': {}, 'action': 'play'}, 'empty_slide_3': {'slide': 'empty_slide', 'target': 'Disp_Message', 'background_color': [0.0, 0.0, 0.0, 1.0], 'priority': None, 'show': True, 'force': False, 'expire': None, 'tokens': {}, 'action': 'play'}, 'empty_slide_5': {'slide': 'empty_slide', 'target': 'Disp_Counter', 'background_color': [0.0, 0.0, 0.0, 1.0], 'priority': None, 'show': True, 'force': False, 'expire': None, 'tokens': {}, 'action': 'play'}, 'score_slide': {'target': 'Disp_Score', 'background_color': [0.0, 0.0, 0.0, 1.0], 'priority': None, 'show': True, 'force': False, 'expire': None, 'slide': None, 'tokens': {}, 'action': 'play'}, 'empty_slide_6': {'slide': 'empty_slide', 'target': 'Disp_Icons', 'background_color': [0.0, 0.0, 0.0, 1.0], 'priority': None, 'show': True, 'force': False, 'expire': None, 'tokens': {}, 'action': 'play'}}
2022-10-23 18:21:32,269 : EventManager : Event: ======'slide_layout_main_created'====== Args={}
2022-10-23 18:21:32,273 : EventManager : Event: ======'slide_player_slide_created'====== Args={}
2022-10-23 18:21:32,278 : EventManager : Event: ======'slide_empty_slide_created'====== Args={}
2022-10-23 18:21:32,284 : EventManager : Event: ======'slide_ball_slide_created'====== Args={}
2022-10-23 18:21:32,291 : EventManager : Event: ======'slide_empty_slide_created'====== Args={}
2022-10-23 18:21:32,294 : EventManager : Event: ======'slide_empty_slide_created'====== Args={}
2022-10-23 18:21:32,299 : EventManager : Event: ======'slide_score_slide_created'====== Args={}
2022-10-23 18:21:32,303 : EventManager : Event: ======'slide_empty_slide_created'====== Args={}
2022-10-23 18:21:32,315 : EventManager : Event: ======'slide_layout_main_active'====== Args={}
2022-10-23 18:21:32,324 : EventManager : Event: ======'slide_player_slide_active'====== Args={}
2022-10-23 18:21:32,325 : EventManager : Event: ======'slide_empty_slide_active'====== Args={}
2022-10-23 18:21:32,326 : EventManager : Event: ======'slide_ball_slide_active'====== Args={}
2022-10-23 18:21:32,327 : EventManager : Event: ======'slide_empty_slide_active'====== Args={}
2022-10-23 18:21:32,328 : EventManager : Event: ======'slide_empty_slide_active'====== Args={}
2022-10-23 18:21:32,329 : EventManager : Event: ======'slide_score_slide_active'====== Args={}
2022-10-23 18:21:32,330 : EventManager : Event: ======'slide_empty_slide_active'====== Args={}
2022-10-23 18:21:32,337 : EventManager : Event: ======'player_pf_multiplier'====== Args={'value': 1, 'prev_value': 0, 'change': 1, 'player_num': 1}
2022-10-23 18:21:32,337 : EventManager : Event: ======'player_pf_multiplier2'====== Args={'value': 1, 'prev_value': 0, 'change': 1, 'player_num': 1}
2022-10-23 18:21:32,338 : EventManager : Event: ======'loading_assets'====== Args={'total': 1, 'loaded': 1, 'remaining': 0, 'percent': 100}
2022-10-23 18:21:32,338 : AssetManager : Asset loading took: 3.815195083618164
2022-10-23 18:21:32,339 : EventManager : Event: ======'asset_loading_complete'====== Args={}
2022-10-23 18:21:32,339 : AssetManager : Loading assets: 1/1 (100%)
2022-10-23 18:21:32,425 : EventManager : Event: ======'machine_var_audits_switches_s_plunger_lane'====== Args={'value': 140, 'prev_value': 139, 'change': 1}
2022-10-23 18:21:34,501 : EventManager : Event: ======'machine_var_audits_switches_s_toplane1'====== Args={'value': 253, 'prev_value': 252, 'change': 1}
2022-10-23 18:21:34,513 : EventManager : Event: ======'player_shot_lane_top_1'====== Args={'value': 1, 'prev_value': 0, 'change': 1, 'player_num': 1}
2022-10-23 18:21:34,513 : EventManager : Event: ======'machine_var_audits_shots_lane_top_1'====== Args={'value': 166, 'prev_value': 165, 'change': 1}
2022-10-23 18:21:34,513 : EventManager : Event: ======'player_score'====== Args={'value': 100, 'prev_value': 0, 'change': 100, 'player_num': 1}
2022-10-23 18:21:35,341 : EventManager : Event: ======'machine_var_audits_switches_s_toplane2'====== Args={'value': 159, 'prev_value': 158, 'change': 1}
2022-10-23 18:21:35,341 : EventManager : Event: ======'player_shot_lane_top_2'====== Args={'value': 1, 'prev_value': 0, 'change': 1, 'player_num': 1}
2022-10-23 18:21:35,341 : EventManager : Event: ======'machine_var_audits_shots_lane_top_2'====== Args={'value': 152, 'prev_value': 151, 'change': 1}
2022-10-23 18:21:35,341 : EventManager : Event: ======'player_score'====== Args={'value': 200, 'prev_value': 100, 'change': 100, 'player_num': 1}
2022-10-23 18:21:36,192 : EventManager : Event: ======'machine_var_audits_switches_s_toplane3'====== Args={'value': 138, 'prev_value': 137, 'change': 1}
2022-10-23 18:21:36,204 : EventManager : Event: ======'player_shot_lane_top_3'====== Args={'value': 1, 'prev_value': 0, 'change': 1, 'player_num': 1}
2022-10-23 18:21:36,204 : EventManager : Event: ======'machine_var_audits_shots_lane_top_3'====== Args={'value': 130, 'prev_value': 129, 'change': 1}
2022-10-23 18:21:36,204 : EventManager : Event: ======'player_score'====== Args={'value': 300, 'prev_value': 200, 'change': 100, 'player_num': 1}
2022-10-23 18:21:36,204 : EventManager : Event: ======'player_score'====== Args={'value': 1300, 'prev_value': 300, 'change': 1000, 'player_num': 1}
2022-10-23 18:21:36,204 : EventManager : Event: ======'slides_play'====== Args={'settings': {'lanes_top_complete_slide': {'target': 'Disp_Message', 'expire': 3.0, 'background_color': [0.0, 0.0, 0.0, 1.0], 'priority': None, 'show': True, 'force': False, 'slide': None, 'tokens': {}, 'action': 'play'}}, 'context': 'lanes', 'calling_context': 'lanes_top_complete', 'priority': 110, 'state': 'lit'}
2022-10-23 18:21:36,204 : EventManager : Event: ======'player_top_lane_hits'====== Args={'value': 1, 'prev_value': 0, 'change': 1, 'player_num': 1}
2022-10-23 18:21:36,204 : EventManager : Event: ======'player_pf_multiplier'====== Args={'value': 2, 'prev_value': 1, 'change': 1, 'player_num': 1}
2022-10-23 18:21:36,206 : mpfmc : SlidePlayer: Play called with settings={'lanes_top_complete_slide': {'target': 'Disp_Message', 'expire': 3.0, 'background_color': [0.0, 0.0, 0.0, 1.0], 'priority': None, 'show': True, 'force': False, 'slide': None, 'tokens': {}, 'action': 'play'}}
2022-10-23 18:21:36,210 : EventManager : Event: ======'slide_lanes_top_complete_slide_created'====== Args={}
2022-10-23 18:21:36,214 : EventManager : Event: ======'slide_lanes_top_complete_slide_active'====== Args={}
2022-10-23 18:21:37,190 : EventManager : Event: ======'player_shot_lane_top_1'====== Args={'value': 0, 'prev_value': 1, 'change': -1, 'player_num': 1}
2022-10-23 18:21:37,190 : EventManager : Event: ======'player_shot_lane_top_2'====== Args={'value': 0, 'prev_value': 1, 'change': -1, 'player_num': 1}
2022-10-23 18:21:37,190 : EventManager : Event: ======'player_shot_lane_top_3'====== Args={'value': 0, 'prev_value': 1, 'change': -1, 'player_num': 1}
2022-10-23 18:21:39,206 : EventManager : Event: ======'slide_lanes_top_complete_slide_removed'====== Args={}
2022-10-23 18:21:39,206 : EventManager : Event: ======'slide_empty_slide_active'====== Args={}
2022-10-23 18:28:52,121 : kivy : Base: Leaving application in progress...
2022-10-23 18:28:52,331 : mpfmc : Stopping...
2022-10-23 18:28:52,331 : EventManager : Event: ======'shutdown'====== Args={}
2022-10-23 18:28:52,331 : AudioInterface : Disabling audio playback
2022-10-23 18:28:52,331 : mpfmc : Loop rate 80.0 Hz
2022-10-23 18:28:52,331 : kivy : MC run loop ended.
2022-10-23 18:28:52,331 : kivy : Stopping child threads... (3 remaining)
2022-10-23 18:28:52,805 : mpfmc : Stopping...
2022-10-23 18:28:52,805 : EventManager : Event: ======'shutdown'====== Args={}
2022-10-23 18:28:52,805 : mpfmc : Loop rate 79.92 Hz
2022-10-23 18:28:52,813 : MPF-MC BCP Server : Stopping BCP sending thread
2022-10-23 18:28:52,875 : kivy : All child threads stopped.
