2022-10-22 16:22:10,507 : INFO : root : Loading config.
2022-10-22 16:22:10,512 : INFO : YamlMultifileConfigLoader : Machine config file #1: config.yaml
2022-10-22 16:22:10,512 : INFO : ConfigProcessor : Loading config from cache: C:\Users\dorus\AppData\Local\Temp\e2a46ea082c19f5103dd0f83869ccd8e.mpf_cache
2022-10-22 16:22:10,526 : WARNING : ConfigProcessor : Config file in cache changed: C:\Users\dorus\OneDrive\Documents\Pinball\Github\Pinball-MPF\mpfv1\config\slides.yaml
2022-10-22 16:22:10,527 : INFO : ConfigProcessor : Loading config from file C:\Users\dorus\AppData\Local\Programs\Python\Python38\lib\site-packages\mpf\mpfconfig.yaml.
2022-10-22 16:22:10,597 : INFO : ConfigProcessor : Loading config: C:\Users\dorus\AppData\Local\Programs\Python\Python38\lib\site-packages\mpf\mpfconfig.yaml
2022-10-22 16:22:10,598 : INFO : ConfigProcessor : Loading config from file C:\Users\dorus\OneDrive\Documents\Pinball\Github\Pinball-MPF\mpfv1\config\config.yaml.
2022-10-22 16:22:10,601 : INFO : ConfigProcessor : Loading config: C:\Users\dorus\OneDrive\Documents\Pinball\Github\Pinball-MPF\mpfv1\config\config.yaml
2022-10-22 16:22:10,629 : INFO : ConfigProcessor : Loading config: C:\Users\dorus\OneDrive\Documents\Pinball\Github\Pinball-MPF\mpfv1\config\hardware.yaml
2022-10-22 16:22:10,639 : INFO : ConfigProcessor : Loading config: C:\Users\dorus\OneDrive\Documents\Pinball\Github\Pinball-MPF\mpfv1\config\sounds.yaml
2022-10-22 16:22:10,641 : INFO : ConfigProcessor : Loading config: C:\Users\dorus\OneDrive\Documents\Pinball\Github\Pinball-MPF\mpfv1\config\display.yaml
2022-10-22 16:22:10,649 : INFO : ConfigProcessor : Loading config: C:\Users\dorus\OneDrive\Documents\Pinball\Github\Pinball-MPF\mpfv1\config\keyboard.yaml
2022-10-22 16:22:10,661 : INFO : ConfigProcessor : Loading config: C:\Users\dorus\OneDrive\Documents\Pinball\Github\Pinball-MPF\mpfv1\config\slides.yaml
2022-10-22 16:22:10,664 : INFO : ConfigProcessor : Loading config: C:\Users\dorus\OneDrive\Documents\Pinball\Github\Pinball-MPF\mpfv1\config\light_shows.yaml
2022-10-22 16:22:10,666 : INFO : ConfigProcessor : Config file cache created: C:\Users\dorus\AppData\Local\Temp\e2a46ea082c19f5103dd0f83869ccd8e.mpf_cache
2022-10-22 16:22:10,759 : INFO : ConfigProcessor : Loading config from cache: C:\Users\dorus\AppData\Local\Temp\69e5e641cece6cfbb9f28306d01595e4.mpf_cache
2022-10-22 16:22:10,760 : INFO : ConfigProcessor : Loading config from cache: C:\Users\dorus\AppData\Local\Temp\336e6d2601ccb63523c70814805acbf1.mpf_cache
2022-10-22 16:22:10,761 : INFO : ConfigProcessor : Loading config from cache: C:\Users\dorus\AppData\Local\Temp\8f8558ef7eb783a34103d845cb15f27a.mpf_cache
2022-10-22 16:22:10,762 : INFO : ConfigProcessor : Loading config from cache: C:\Users\dorus\AppData\Local\Temp\3f4ec0fd6e14e835699e1ee64ae7815f.mpf_cache
2022-10-22 16:22:10,763 : INFO : ConfigProcessor : Loading config from cache: C:\Users\dorus\AppData\Local\Temp\07450fdcdb716b1c510f1f1f728b03da.mpf_cache
2022-10-22 16:22:10,764 : INFO : ConfigProcessor : Loading config from cache: C:\Users\dorus\AppData\Local\Temp\26dc7d91d16a8c3848757fce5df95f92.mpf_cache
2022-10-22 16:22:10,766 : INFO : Machine : Mission Pinball Framework Core Engine v0.55.0
2022-10-22 16:22:10,766 : INFO : Machine : Command line arguments: {'no_load_cache': False, 'create_config_cache': True, 'bcp': True, 'configfile': ['config.yaml'], 'force_assets_load': False, 'jsonlogging': False, 'logfile': 'logs\\2022-10-22-16-22-10-mpf-LAPTOP-AS8QDAQG.log', 'pause': False, 'production': False, 'text_ui': True, 'loglevel': 15, 'consoleloglevel': 20, 'force_platform': 'smart_virtual', 'syslog_address': None, 'mc_file_name': None, 'no_sound': False}
2022-10-22 16:22:10,766 : INFO : Machine : MPF path: C:\Users\dorus\AppData\Local\Programs\Python\Python38\lib\site-packages\mpf
2022-10-22 16:22:10,766 : INFO : Machine : Machine path: C:\Users\dorus\OneDrive\Documents\Pinball\Github\Pinball-MPF\mpfv1
2022-10-22 16:22:10,766 : INFO : Machine : Platform: win32
2022-10-22 16:22:10,766 : INFO : Machine : Python executable location: C:\Users\dorus\AppData\Local\Programs\Python\Python38\python.exe
2022-10-22 16:22:10,766 : INFO : Machine : Python version: 3.8.10 (64-bit)
2022-10-22 16:22:10,768 : INFO : Machine : Initialise MPF.
2022-10-22 16:22:10,940 : INFO : EventManager : Event: ======'machine_var_credits_string'====== Args={'value': 'FREE PLAY', 'prev_value': None, 'change': True}
2022-10-22 16:22:10,998 : INFO : EventManager : Event: ======'machine_var_master_volume'====== Args={'value': 0.5, 'prev_value': None, 'change': True}
2022-10-22 16:22:10,998 : INFO : EventManager : Event: ======'machine_var_player1_score'====== Args={'value': 0, 'prev_value': None, 'change': True}
2022-10-22 16:22:10,998 : INFO : EventManager : Event: ======'machine_var_mpf_version'====== Args={'value': 'MPF v0.55.0', 'prev_value': None, 'change': True}
2022-10-22 16:22:10,998 : INFO : EventManager : Event: ======'machine_var_mpf_extended_version'====== Args={'value': 'MPF v0.55.0, Config version:5, Show version: 5, BCP version:1.1', 'prev_value': None, 'change': True}
2022-10-22 16:22:10,999 : INFO : EventManager : Event: ======'machine_var_python_version'====== Args={'value': '3.8.10', 'prev_value': None, 'change': True}
2022-10-22 16:22:11,008 : INFO : EventManager : Event: ======'machine_var_platform'====== Args={'value': 'Windows-10-10.0.19044-SP0', 'prev_value': None, 'change': True}
2022-10-22 16:22:11,008 : INFO : EventManager : Event: ======'machine_var_platform_system'====== Args={'value': 'Windows', 'prev_value': None, 'change': True}
2022-10-22 16:22:11,008 : INFO : EventManager : Event: ======'machine_var_platform_release'====== Args={'value': '10', 'prev_value': None, 'change': True}
2022-10-22 16:22:11,008 : INFO : EventManager : Event: ======'machine_var_platform_version'====== Args={'value': '10.0.19044', 'prev_value': None, 'change': True}
2022-10-22 16:22:11,008 : INFO : EventManager : Event: ======'machine_var_platform_machine'====== Args={'value': 'AMD64', 'prev_value': None, 'change': True}
2022-10-22 16:22:11,008 : INFO : EventManager : Event: ======'init_phase_1'====== Args={}
2022-10-22 16:22:11,031 : INFO : EventManager : Event: ======'drop_target_bank_db_dropbank_up'====== Args={}
2022-10-22 16:22:11,034 : INFO : EventManager : Event: ======'init_phase_2'====== Args={}
2022-10-22 16:22:11,034 : INFO : SwitchController : Found active switch: ('2-0-19', <Platform.SmartVirtual>) <switch.s_trough1>
2022-10-22 16:22:11,034 : INFO : SwitchController : Found active switch: ('2-0-20', <Platform.SmartVirtual>) <switch.s_trough2>
2022-10-22 16:22:11,034 : INFO : SwitchController : Found active switch: ('2-0-21', <Platform.SmartVirtual>) <switch.s_trough3>
2022-10-22 16:22:11,034 : INFO : SwitchController : Found active switch: ('2-0-22', <Platform.SmartVirtual>) <switch.s_trough4>
2022-10-22 16:22:11,037 : INFO : EventManager : Event: ======'bcp_connection_attempt'====== Args={'name': 'local_display', 'host': 'localhost', 'port': 5050}
2022-10-22 16:22:11,039 : INFO : BCPClientSocket : Connecting BCP to 'local_display' at localhost:5050...
2022-10-22 16:22:13,081 : INFO : BCPClientSocket : Connected BCP to 'local_display' localhost:5050
2022-10-22 16:22:13,082 : INFO : EventManager : Event: ======'bcp_clients_connected'====== Args={}
2022-10-22 16:22:13,088 : INFO : ball_device.bd_trough : BCH: Initial count: 4
2022-10-22 16:22:13,088 : INFO : EventManager : Event: ======'machine_var_mc_version'====== Args={'value': 'MPF-MC v0.55.0', 'prev_value': None, 'change': True}
2022-10-22 16:22:13,089 : INFO : EventManager : Event: ======'machine_var_mc_extended_version'====== Args={'value': 'MPF-MC v0.55.0 (config_version=5, BCP v1.1, Requires MPF v0.55.0-dev.49)', 'prev_value': None, 'change': True}
2022-10-22 16:22:13,090 : INFO : ball_device.bd_trough : State: idle
2022-10-22 16:22:13,101 : INFO : ball_device.bd_plunger : BCH: Initial count: 0
2022-10-22 16:22:13,101 : INFO : ball_device.bd_plunger : State: idle
2022-10-22 16:22:13,102 : INFO : ball_device.bd_vukmid : BCH: Initial count: 0
2022-10-22 16:22:13,102 : INFO : ball_device.bd_vukmid : State: idle
2022-10-22 16:22:13,102 : INFO : ball_device.bd_vuktop : BCH: Initial count: 0
2022-10-22 16:22:13,102 : INFO : ball_device.bd_vuktop : State: idle
2022-10-22 16:22:13,189 : INFO : EventManager : Event: ======'init_phase_3'====== Args={}
2022-10-22 16:22:13,194 : INFO : EventManager : Event: ======'init_phase_4'====== Args={}
2022-10-22 16:22:13,194 : INFO : EventManager : Event: ======'playfield_active'====== Args={}
2022-10-22 16:22:13,194 : INFO : EventManager : Event: ======'unexpected_ball_on_playfield'====== Args={}
2022-10-22 16:22:13,194 : INFO : EventManager : Event: ======'playfield_active'====== Args={}
2022-10-22 16:22:13,194 : INFO : EventManager : Event: ======'unexpected_ball_on_playfield'====== Args={}
2022-10-22 16:22:13,194 : INFO : EventManager : Event: ======'playfield_active'====== Args={}
2022-10-22 16:22:13,194 : INFO : EventManager : Event: ======'unexpected_ball_on_playfield'====== Args={}
2022-10-22 16:22:13,195 : INFO : BallController : Initial balls found: 4
2022-10-22 16:22:13,196 : INFO : EventManager : Event: ======'machine_var_audits_events_game_ended'====== Args={'value': 0, 'prev_value': None, 'change': True}
2022-10-22 16:22:13,196 : INFO : EventManager : Event: ======'machine_var_audits_events_game_started'====== Args={'value': 0, 'prev_value': None, 'change': True}
2022-10-22 16:22:13,197 : INFO : EventManager : Event: ======'machine_var_audits_player_score'====== Args={'value': {'average': 23622.222222222223, 'top': [41000, 33100, 31800, 31200, 27600, 20200, 17500, 10200, 0], 'total': 9}, 'prev_value': None, 'change': True}
2022-10-22 16:22:13,197 : INFO : EventManager : Event: ======'machine_var_audits_shots_lane_top_1'====== Args={'value': 130, 'prev_value': None, 'change': True}
2022-10-22 16:22:13,197 : INFO : EventManager : Event: ======'machine_var_audits_shots_lane_top_2'====== Args={'value': 122, 'prev_value': None, 'change': True}
2022-10-22 16:22:13,197 : INFO : EventManager : Event: ======'machine_var_audits_shots_lane_top_3'====== Args={'value': 102, 'prev_value': None, 'change': True}
2022-10-22 16:22:13,198 : INFO : EventManager : Event: ======'machine_var_audits_shots_orbit'====== Args={'value': 23, 'prev_value': None, 'change': True}
2022-10-22 16:22:13,198 : INFO : EventManager : Event: ======'machine_var_audits_shots_spinner'====== Args={'value': 178, 'prev_value': None, 'change': True}
2022-10-22 16:22:13,198 : INFO : EventManager : Event: ======'machine_var_audits_switches_s_bottomlane1'====== Args={'value': 15, 'prev_value': None, 'change': True}
2022-10-22 16:22:13,199 : INFO : EventManager : Event: ======'machine_var_audits_switches_s_bottomlane2'====== Args={'value': 28, 'prev_value': None, 'change': True}
2022-10-22 16:22:13,199 : INFO : EventManager : Event: ======'machine_var_audits_switches_s_bottomlane3'====== Args={'value': 26, 'prev_value': None, 'change': True}
2022-10-22 16:22:13,199 : INFO : EventManager : Event: ======'machine_var_audits_switches_s_bottomlane4'====== Args={'value': 33, 'prev_value': None, 'change': True}
2022-10-22 16:22:13,200 : INFO : EventManager : Event: ======'machine_var_audits_switches_s_bottomlane5'====== Args={'value': 13, 'prev_value': None, 'change': True}
2022-10-22 16:22:13,200 : INFO : EventManager : Event: ======'machine_var_audits_switches_s_drop1'====== Args={'value': 35, 'prev_value': None, 'change': True}
2022-10-22 16:22:13,200 : INFO : EventManager : Event: ======'machine_var_audits_switches_s_drop2'====== Args={'value': 17, 'prev_value': None, 'change': True}
2022-10-22 16:22:13,200 : INFO : EventManager : Event: ======'machine_var_audits_switches_s_drop3'====== Args={'value': 15, 'prev_value': None, 'change': True}
2022-10-22 16:22:13,201 : INFO : EventManager : Event: ======'machine_var_audits_switches_s_launch'====== Args={'value': 11, 'prev_value': None, 'change': True}
2022-10-22 16:22:13,201 : INFO : EventManager : Event: ======'machine_var_audits_switches_s_left01'====== Args={'value': 26, 'prev_value': None, 'change': True}
2022-10-22 16:22:13,201 : INFO : EventManager : Event: ======'machine_var_audits_switches_s_left02'====== Args={'value': 27, 'prev_value': None, 'change': True}
2022-10-22 16:22:13,202 : INFO : EventManager : Event: ======'machine_var_audits_switches_s_left03'====== Args={'value': 20, 'prev_value': None, 'change': True}
2022-10-22 16:22:13,202 : INFO : EventManager : Event: ======'machine_var_audits_switches_s_left_sling'====== Args={'value': 55, 'prev_value': None, 'change': True}
2022-10-22 16:22:13,202 : INFO : EventManager : Event: ======'machine_var_audits_switches_s_orbit1'====== Args={'value': 45, 'prev_value': None, 'change': True}
2022-10-22 16:22:13,202 : INFO : EventManager : Event: ======'machine_var_audits_switches_s_orbit2'====== Args={'value': 0, 'prev_value': None, 'change': True}
2022-10-22 16:22:13,203 : INFO : EventManager : Event: ======'machine_var_audits_switches_s_plunger_lane'====== Args={'value': 97, 'prev_value': None, 'change': True}
2022-10-22 16:22:13,204 : INFO : EventManager : Event: ======'machine_var_audits_switches_s_popbumber_1'====== Args={'value': 58, 'prev_value': None, 'change': True}
2022-10-22 16:22:13,205 : INFO : EventManager : Event: ======'machine_var_audits_switches_s_popbumber_2'====== Args={'value': 94, 'prev_value': None, 'change': True}
2022-10-22 16:22:13,205 : INFO : EventManager : Event: ======'machine_var_audits_switches_s_popbumber_3'====== Args={'value': 35, 'prev_value': None, 'change': True}
2022-10-22 16:22:13,206 : INFO : EventManager : Event: ======'machine_var_audits_switches_s_ramp'====== Args={'value': 34, 'prev_value': None, 'change': True}
2022-10-22 16:22:13,207 : INFO : EventManager : Event: ======'machine_var_audits_switches_s_right_sling'====== Args={'value': 109, 'prev_value': None, 'change': True}
2022-10-22 16:22:13,208 : INFO : EventManager : Event: ======'machine_var_audits_switches_s_rigth01'====== Args={'value': 54, 'prev_value': None, 'change': True}
2022-10-22 16:22:13,208 : INFO : EventManager : Event: ======'machine_var_audits_switches_s_rigth02'====== Args={'value': 23, 'prev_value': None, 'change': True}
2022-10-22 16:22:13,209 : INFO : EventManager : Event: ======'machine_var_audits_switches_s_rigth03'====== Args={'value': 14, 'prev_value': None, 'change': True}
2022-10-22 16:22:13,210 : INFO : EventManager : Event: ======'machine_var_audits_switches_s_spinner'====== Args={'value': 271, 'prev_value': None, 'change': True}
2022-10-22 16:22:13,211 : INFO : EventManager : Event: ======'machine_var_audits_switches_s_start'====== Args={'value': 0, 'prev_value': None, 'change': True}
2022-10-22 16:22:13,211 : INFO : EventManager : Event: ======'machine_var_audits_switches_s_top'====== Args={'value': 11, 'prev_value': None, 'change': True}
2022-10-22 16:22:13,212 : INFO : EventManager : Event: ======'machine_var_audits_switches_s_toplane1'====== Args={'value': 217, 'prev_value': None, 'change': True}
2022-10-22 16:22:13,213 : INFO : EventManager : Event: ======'machine_var_audits_switches_s_toplane2'====== Args={'value': 129, 'prev_value': None, 'change': True}
2022-10-22 16:22:13,214 : INFO : EventManager : Event: ======'machine_var_audits_switches_s_toplane3'====== Args={'value': 109, 'prev_value': None, 'change': True}
2022-10-22 16:22:13,214 : INFO : EventManager : Event: ======'machine_var_audits_switches_s_trough1'====== Args={'value': 32, 'prev_value': None, 'change': True}
2022-10-22 16:22:13,215 : INFO : EventManager : Event: ======'machine_var_audits_switches_s_trough2'====== Args={'value': 35, 'prev_value': None, 'change': True}
2022-10-22 16:22:13,216 : INFO : EventManager : Event: ======'machine_var_audits_switches_s_trough3'====== Args={'value': 27, 'prev_value': None, 'change': True}
2022-10-22 16:22:13,216 : INFO : EventManager : Event: ======'machine_var_audits_switches_s_trough4'====== Args={'value': 40, 'prev_value': None, 'change': True}
2022-10-22 16:22:13,217 : INFO : EventManager : Event: ======'machine_var_audits_switches_s_trough5'====== Args={'value': 27, 'prev_value': None, 'change': True}
2022-10-22 16:22:13,218 : INFO : EventManager : Event: ======'machine_var_audits_switches_s_trough6'====== Args={'value': 24, 'prev_value': None, 'change': True}
2022-10-22 16:22:13,218 : INFO : EventManager : Event: ======'machine_var_audits_switches_s_trough_jam'====== Args={'value': 27, 'prev_value': None, 'change': True}
2022-10-22 16:22:13,219 : INFO : EventManager : Event: ======'machine_var_audits_switches_s_vukmid'====== Args={'value': 46, 'prev_value': None, 'change': True}
2022-10-22 16:22:13,219 : INFO : EventManager : Event: ======'machine_var_audits_switches_s_vuktop'====== Args={'value': 12, 'prev_value': None, 'change': True}
2022-10-22 16:22:13,221 : INFO : EventManager : Event: ======'init_phase_5'====== Args={}
2022-10-22 16:22:13,237 : INFO : EventManager : Event: ======'init_done'====== Args={}
2022-10-22 16:22:13,238 : INFO : EventManager : Event: ======'machine_reset_phase_1'====== Args={}
2022-10-22 16:22:13,248 : INFO : EventManager : Event: ======'slide_welcome_slide_removed'====== Args={'_from_bcp': True}
2022-10-22 16:22:13,252 : INFO : EventManager : Event: ======'slide_welcome_slide_created'====== Args={'_from_bcp': True}
2022-10-22 16:22:13,254 : INFO : EventManager : Event: ======'slide_welcome_slide_active'====== Args={'_from_bcp': True}
2022-10-22 16:22:13,254 : INFO : EventManager : Event: ======'machine_reset_phase_2'====== Args={}
2022-10-22 16:22:13,254 : INFO : EventManager : Event: ======'machine_reset_phase_3'====== Args={}
2022-10-22 16:22:13,254 : INFO : drop_target_bank.db_dropbank : All targets are already up. Will not reset bank.
2022-10-22 16:22:13,254 : INFO : EventManager : Event: ======'reset_complete'====== Args={}
2022-10-22 16:22:13,254 : INFO : EventManager : Event: ======'mode_attract_will_start'====== Args={}
2022-10-22 16:22:13,256 : INFO : EventManager : Event: ======'mode_attract_starting'====== Args={}
2022-10-22 16:22:13,256 : INFO : Mode.attract : Started. Priority: 10
2022-10-22 16:22:13,256 : INFO : EventManager : Event: ======'modes_active_modes_changed'====== Args={}
2022-10-22 16:22:13,256 : INFO : EventManager : Event: ======'mode_attract_started'====== Args={}
2022-10-22 16:22:13,257 : INFO : EventManager : Event: ======'collecting_balls_complete'====== Args={}
2022-10-22 16:22:13,277 : INFO : EventManager : Event: ======'slide_awesome_slide_created'====== Args={'_from_bcp': True}
2022-10-22 16:22:13,278 : INFO : Machine : Starting the main run loop.
2022-10-22 16:22:13,327 : INFO : EventManager : Event: ======'slide_awesome_slide_active'====== Args={'_from_bcp': True}
2022-10-22 16:22:16,272 : INFO : EventManager : Event: ======'slide_press_start_created'====== Args={'_from_bcp': True}
2022-10-22 16:22:16,277 : INFO : EventManager : Event: ======'slide_press_start_active'====== Args={'_from_bcp': True}
2022-10-22 16:22:19,270 : INFO : EventManager : Event: ======'slide_mission_pinball_created'====== Args={'_from_bcp': True}
2022-10-22 16:22:19,273 : INFO : EventManager : Event: ======'slide_mission_pinball_active'====== Args={'_from_bcp': True}
2022-10-22 16:22:22,273 : INFO : EventManager : Event: ======'slide_awesome_slide_removed'====== Args={'_from_bcp': True}
2022-10-22 16:22:22,277 : INFO : EventManager : Event: ======'slide_awesome_slide_created'====== Args={'_from_bcp': True}
2022-10-22 16:22:22,280 : INFO : EventManager : Event: ======'slide_awesome_slide_active'====== Args={'_from_bcp': True}
2022-10-22 16:22:25,269 : INFO : EventManager : Event: ======'slide_press_start_removed'====== Args={'_from_bcp': True}
2022-10-22 16:22:25,272 : INFO : EventManager : Event: ======'slide_press_start_created'====== Args={'_from_bcp': True}
2022-10-22 16:22:25,277 : INFO : EventManager : Event: ======'slide_press_start_active'====== Args={'_from_bcp': True}
2022-10-22 16:22:27,927 : INFO : SwitchController : <<<<<<< 's_start' active >>>>>>>
2022-10-22 16:22:27,988 : INFO : SwitchController : <<<<<<< 's_start' inactive >>>>>>>
2022-10-22 16:22:27,988 : INFO : EventManager : Event: ======'request_to_start_game'====== Args={}
2022-10-22 16:22:27,989 : INFO : EventManager : Event: ======'game_start'====== Args={'buttons': [], 'hold_time': 0.06199999999989814}
2022-10-22 16:22:27,989 : INFO : EventManager : Event: ======'mode_game_will_start'====== Args={'buttons': [], 'hold_time': 0.06199999999989814}
2022-10-22 16:22:27,991 : INFO : EventManager : Event: ======'mode_game_starting'====== Args={'buttons': [], 'hold_time': 0.06199999999989814}
2022-10-22 16:22:27,991 : INFO : EventManager : Event: ======'mode_attract_will_stop'====== Args={}
2022-10-22 16:22:27,992 : INFO : EventManager : Event: ======'mode_attract_stopping'====== Args={}
2022-10-22 16:22:27,992 : INFO : Mode.attract : Stopped.
2022-10-22 16:22:27,992 : INFO : EventManager : Event: ======'modes_active_modes_changed'====== Args={}
2022-10-22 16:22:27,993 : INFO : EventManager : Event: ======'mode_attract_stopped'====== Args={}
2022-10-22 16:22:27,993 : INFO : EventManager : Event: ======'clear'====== Args={'key': 'attract'}
2022-10-22 16:22:27,993 : INFO : Mode.game : Started. Priority: 20
2022-10-22 16:22:27,993 : INFO : EventManager : Event: ======'modes_active_modes_changed'====== Args={}
2022-10-22 16:22:27,994 : INFO : EventManager : Event: ======'mode_game_started'====== Args={'buttons': [], 'hold_time': 0.06199999999989814}
2022-10-22 16:22:27,999 : INFO : EventManager : Event: ======'game_will_start'====== Args={}
2022-10-22 16:22:28,000 : INFO : EventManager : Event: ======'game_starting'====== Args={'game': <Mode.game>}
2022-10-22 16:22:28,000 : INFO : EventManager : Event: ======'player_add_request'====== Args={}
2022-10-22 16:22:28,001 : INFO : EventManager : Event: ======'player_will_add'====== Args={'number': 1}
2022-10-22 16:22:28,001 : INFO : EventManager : Event: ======'player_adding'====== Args={'player': <Player 1>, 'number': 1}
2022-10-22 16:22:28,001 : INFO : EventManager : Event: ======'player_added'====== Args={'player': <Player 1>, 'num': 1}
2022-10-22 16:22:28,001 : INFO : Mode.game : Player added successfully. Total players: 1
2022-10-22 16:22:28,002 : INFO : EventManager : Event: ======'player_index'====== Args={'value': 0, 'prev_value': 0, 'change': 0, 'player_num': 1}
2022-10-22 16:22:28,002 : INFO : EventManager : Event: ======'player_number'====== Args={'value': 1, 'prev_value': 1, 'change': 0, 'player_num': 1}
2022-10-22 16:22:28,002 : INFO : EventManager : Event: ======'player_score'====== Args={'value': 0, 'prev_value': 0, 'change': 0, 'player_num': 1}
2022-10-22 16:22:28,002 : INFO : EventManager : Event: ======'game_started'====== Args={}
2022-10-22 16:22:28,011 : INFO : EventManager : Event: ======'player_turn_will_start'====== Args={'player': <Player 1>, 'number': 1}
2022-10-22 16:22:28,020 : INFO : EventManager : Event: ======'slide_mission_pinball_removed'====== Args={'_from_bcp': True}
2022-10-22 16:22:28,021 : INFO : EventManager : Event: ======'slide_awesome_slide_removed'====== Args={'_from_bcp': True}
2022-10-22 16:22:28,021 : INFO : EventManager : Event: ======'slide_press_start_removed'====== Args={'_from_bcp': True}
2022-10-22 16:22:28,021 : INFO : EventManager : Event: ======'slide_welcome_slide_active'====== Args={'_from_bcp': True}
2022-10-22 16:22:28,021 : INFO : EventManager : Event: ======'player_turn_starting'====== Args={'player': <Player 1>, 'number': 1}
2022-10-22 16:22:28,021 : INFO : EventManager : Event: ======'player_ball'====== Args={'value': 1, 'prev_value': 0, 'change': 1, 'player_num': 1}
2022-10-22 16:22:28,022 : INFO : EventManager : Event: ======'player_turn_started'====== Args={'player': <Player 1>, 'number': 1}
2022-10-22 16:22:28,024 : INFO : EventManager : Event: ======'ball_will_start'====== Args={'player': 1, 'ball': 1, 'balls_remaining': 2, 'is_extra_ball': False}
2022-10-22 16:22:28,032 : INFO : EventManager : Event: ======'ball_starting'====== Args={'player': 1, 'ball': 1, 'balls_remaining': 2, 'is_extra_ball': False}
2022-10-22 16:22:28,032 : INFO : EventManager : Event: ======'mode_orbit_will_start'====== Args={'queue': <QueuedEvent>, 'player': 1, 'ball': 1, 'balls_remaining': 2, 'is_extra_ball': False}
2022-10-22 16:22:28,032 : INFO : EventManager : Event: ======'player_shot_spinner_enabled'====== Args={'value': True, 'prev_value': 0, 'change': 1, 'player_num': 1}
2022-10-22 16:22:28,033 : INFO : EventManager : Event: ======'player_shot_orbit_enabled'====== Args={'value': True, 'prev_value': 0, 'change': 1, 'player_num': 1}
2022-10-22 16:22:28,034 : INFO : EventManager : Event: ======'mode_orbit_starting'====== Args={'queue': <QueuedEvent>, 'player': 1, 'ball': 1, 'balls_remaining': 2, 'is_extra_ball': False}
2022-10-22 16:22:28,034 : INFO : EventManager : Event: ======'mode_base_will_start'====== Args={'queue': <QueuedEvent>, 'player': 1, 'ball': 1, 'balls_remaining': 2, 'is_extra_ball': False}
2022-10-22 16:22:28,035 : INFO : EventManager : Event: ======'mode_base_starting'====== Args={'queue': <QueuedEvent>, 'player': 1, 'ball': 1, 'balls_remaining': 2, 'is_extra_ball': False}
2022-10-22 16:22:28,035 : INFO : drop_target_bank.db_dropbank : All targets are already up. Will not reset bank.
2022-10-22 16:22:28,035 : INFO : Mode.base : Started. Priority: 100
2022-10-22 16:22:28,035 : INFO : EventManager : Event: ======'modes_active_modes_changed'====== Args={}
2022-10-22 16:22:28,035 : INFO : EventManager : Event: ======'mode_base_started'====== Args={'queue': <QueuedEvent>, 'player': 1, 'ball': 1, 'balls_remaining': 2, 'is_extra_ball': False}
2022-10-22 16:22:28,036 : INFO : Mode.orbit : Started. Priority: 101
2022-10-22 16:22:28,036 : INFO : EventManager : Event: ======'modes_active_modes_changed'====== Args={}
2022-10-22 16:22:28,036 : INFO : EventManager : Event: ======'mode_orbit_started'====== Args={'queue': <QueuedEvent>, 'player': 1, 'ball': 1, 'balls_remaining': 2, 'is_extra_ball': False}
2022-10-22 16:22:28,036 : INFO : EventManager : Event: ======'balls_in_play'====== Args={'balls': 1}
2022-10-22 16:22:28,036 : INFO : EventManager : Event: ======'ball_started'====== Args={'player': 1, 'ball': 1, 'balls_remaining': 2, 'is_extra_ball': False}
2022-10-22 16:22:28,037 : INFO : EventManager : Event: ======'mode_lanes_will_start'====== Args={'player': 1, 'ball': 1, 'balls_remaining': 2, 'is_extra_ball': False}
2022-10-22 16:22:28,037 : INFO : EventManager : Event: ======'player_shot_lane_top_1_enabled'====== Args={'value': True, 'prev_value': 0, 'change': 1, 'player_num': 1}
2022-10-22 16:22:28,037 : INFO : EventManager : Event: ======'player_shot_lane_top_2_enabled'====== Args={'value': True, 'prev_value': 0, 'change': 1, 'player_num': 1}
2022-10-22 16:22:28,038 : INFO : EventManager : Event: ======'player_shot_lane_top_3_enabled'====== Args={'value': True, 'prev_value': 0, 'change': 1, 'player_num': 1}
2022-10-22 16:22:28,038 : INFO : EventManager : Event: ======'lanes_top_complete'====== Args={'state': 'unlit'}
2022-10-22 16:22:28,038 : INFO : EventManager : Event: ======'lanes_top_unlit_complete'====== Args={}
2022-10-22 16:22:28,039 : INFO : EventManager : Event: ======'mode_lanes_starting'====== Args={'player': 1, 'ball': 1, 'balls_remaining': 2, 'is_extra_ball': False}
2022-10-22 16:22:28,055 : INFO : EventManager : Event: ======'logicblock_lane_top_count_updated'====== Args={'value': 1, 'enabled': True}
2022-10-22 16:22:28,055 : INFO : EventManager : Event: ======'logicblock_lane_top_count_updated'====== Args={'value': 1, 'enabled': True}
2022-10-22 16:22:28,055 : INFO : Mode.lanes : Started. Priority: 110
2022-10-22 16:22:28,056 : INFO : EventManager : Event: ======'modes_active_modes_changed'====== Args={}
2022-10-22 16:22:28,056 : INFO : EventManager : Event: ======'mode_lanes_started'====== Args={'player': 1, 'ball': 1, 'balls_remaining': 2, 'is_extra_ball': False}
2022-10-22 16:22:28,056 : INFO : EventManager : Event: ======'single_player_ball_started'====== Args={}
2022-10-22 16:22:28,056 : INFO : EventManager : Event: ======'player_pf_multiplier'====== Args={'value': 1, 'prev_value': 0, 'change': 1, 'player_num': 1}
2022-10-22 16:22:28,058 : INFO : EventManager : Event: ======'ball_start_target'====== Args={'target': 'playfield'}
2022-10-22 16:22:28,070 : INFO : ball_device.bd_plunger : Setting up player-controlled eject. Balls: 1, Target: <playfield.playfield>, player_controlled_eject_event: s_launch_active
2022-10-22 16:22:28,070 : INFO : EventManager : Event: ======'balldevice_balls_available'====== Args={}
2022-10-22 16:22:28,072 : INFO : EventManager : Event: ======'slide_mode_base_started_slide_created'====== Args={'_from_bcp': True}
2022-10-22 16:22:28,073 : INFO : ball_device.bd_trough : State: waiting_for_target_ready
2022-10-22 16:22:28,073 : INFO : EventManager : Event: ======'balldevice_bd_trough_ball_eject_attempt'====== Args={'balls': 1, 'target': <ball_device.bd_plunger>, 'source': <ball_device.bd_trough>, 'mechanical_eject': True, 'num_attempts': 0}
2022-10-22 16:22:28,074 : INFO : ball_device.bd_plunger : State: waiting_for_ball
2022-10-22 16:22:28,075 : INFO : ball_device.bd_trough : State: ejecting
2022-10-22 16:22:28,075 : INFO : ball_device.bd_trough : Ejecting ball to <ball_device.bd_plunger>
2022-10-22 16:22:28,075 : INFO : EventManager : Event: ======'balldevice_bd_trough_ejecting_ball'====== Args={'balls': 1, 'target': <ball_device.bd_plunger>, 'source': <ball_device.bd_trough>, 'mechanical_eject': True, 'num_attempts': 0}
2022-10-22 16:22:28,076 : INFO : ball_device.bd_trough : Wait for ball to leave device
2022-10-22 16:22:28,076 : INFO : coil.c_trough_eject : Pulsing Driver for 25ms (1.0 pulse_power)
2022-10-22 16:22:28,076 : INFO : SwitchController : <<<<<<< 's_trough1' inactive >>>>>>>
2022-10-22 16:22:28,081 : INFO : ball_device.bd_trough : State: ball_left
2022-10-22 16:22:28,082 : INFO : ball_device.bd_trough : Ball left
2022-10-22 16:22:28,082 : INFO : ball_device.bd_trough : Wait for confirm with timeout 10.0
2022-10-22 16:22:28,084 : INFO : EventManager : Event: ======'slide_mode_base_started_slide_active'====== Args={'_from_bcp': True}
2022-10-22 16:22:28,200 : INFO : SwitchController : <<<<<<< 's_plunger_lane' active >>>>>>>
2022-10-22 16:22:28,201 : INFO : EventManager : Event: ======'machine_var_audits_switches_s_plunger_lane'====== Args={'value': 98, 'prev_value': 97, 'change': 1}
2022-10-22 16:22:28,700 : INFO : ball_device.bd_plunger : Received ball from <ball_device.bd_trough>
2022-10-22 16:22:28,700 : INFO : EventManager : Event: ======'balldevice_bd_plunger_ball_enter'====== Args={'new_balls': 1, 'unclaimed_balls': 0, 'new_available_balls': 0, 'device': <ball_device.bd_plunger>}
2022-10-22 16:22:28,701 : INFO : EventManager : Event: ======'balldevice_bd_plunger_ball_entered'====== Args={'new_balls': 0, 'device': <ball_device.bd_plunger>}
2022-10-22 16:22:28,701 : INFO : EventManager : Event: ======'balldevice_bd_plunger_ball_count_changed'====== Args={'balls': 1}
2022-10-22 16:22:28,701 : INFO : ball_device.bd_trough : Got eject confirm
2022-10-22 16:22:28,701 : INFO : ball_device.bd_trough : Eject successful
2022-10-22 16:22:28,701 : INFO : EventManager : Event: ======'balldevice_bd_trough_ball_eject_success'====== Args={'balls': 1, 'target': <ball_device.bd_plunger>}
2022-10-22 16:22:28,701 : INFO : ball_device.bd_plunger : State: waiting_for_target_ready
2022-10-22 16:22:28,701 : INFO : EventManager : Event: ======'balldevice_bd_plunger_ball_eject_attempt'====== Args={'balls': 1, 'target': <playfield.playfield>, 'source': <ball_device.bd_plunger>, 'mechanical_eject': True, 'num_attempts': 0}
2022-10-22 16:22:28,701 : INFO : EventManager : Event: ======'balldevice_bd_trough_ball_count_changed'====== Args={'balls': 3}
2022-10-22 16:22:28,701 : INFO : ball_device.bd_trough : State: idle
2022-10-22 16:22:28,701 : INFO : ball_device.bd_plunger : State: ejecting
2022-10-22 16:22:28,701 : INFO : ball_device.bd_plunger : Ejecting ball to <playfield.playfield>
2022-10-22 16:22:28,702 : INFO : EventManager : Event: ======'balldevice_bd_plunger_ejecting_ball'====== Args={'balls': 1, 'target': <playfield.playfield>, 'source': <ball_device.bd_plunger>, 'mechanical_eject': True, 'num_attempts': 0}
2022-10-22 16:22:28,702 : INFO : ball_device.bd_plunger : Wait for ball to leave device
2022-10-22 16:22:57,838 : INFO : Machine : Shutting down...
2022-10-22 16:22:57,838 : INFO : EventManager : Event: ======'shutdown'====== Args={}
2022-10-22 16:22:57,840 : INFO : root : MPF run loop ended.
