2022-08-26 15:12:34,535 : kivy : Factory: 186 symbols loaded
2022-08-26 15:12:34,777 : kivy : ImageLoaderFFPy: Using ffpyplayer 4.3.2
2022-08-26 15:12:34,777 : kivy : Image: Providers: img_tex, img_dds, img_sdl2, img_pil, img_ffpyplayer 
2022-08-26 15:12:34,871 : kivy : VideoGstplayer: Using Gstreamer 1.18.0.0
2022-08-26 15:12:34,871 : kivy : Video: Provider: gstplayer
2022-08-26 15:12:35,402 : kivy : Loading MPF-MC controller
2022-08-26 15:12:35,409 : YamlMultifileConfigLoader : Machine config file #1: config
2022-08-26 15:12:35,410 : ConfigProcessor : Config file in cache changed: C:\pinball\mpfv1\config\config
2022-08-26 15:12:35,412 : ConfigProcessor : Loading config from file C:\Users\dorus\AppData\Local\Programs\Python\Python38\lib\site-packages\mpfmc\mcconfig.yaml.
2022-08-26 15:12:35,460 : ConfigProcessor : Loading config: C:\Users\dorus\AppData\Local\Programs\Python\Python38\lib\site-packages\mpfmc\mcconfig.yaml
2022-08-26 15:12:35,460 : ConfigProcessor : Loading config from file C:\pinball\mpfv1\config\config.
2022-08-26 15:12:35,463 : ConfigProcessor : Loading config: C:\pinball\mpfv1\config\config
2022-08-26 15:12:35,488 : ConfigProcessor : Loading config: C:\pinball\mpfv1\config\hardware.yaml
2022-08-26 15:12:35,489 : ConfigProcessor : Config file cache created: C:\Users\dorus\AppData\Local\Temp\54d4e1f26f77dfcbadc00e9606c45708.mpf_cache
2022-08-26 15:12:35,490 : ConfigProcessor : Loading config from cache: C:\Users\dorus\AppData\Local\Temp\5eb3439dbf16142704b5198a23e9a58c.mpf_cache
2022-08-26 15:12:35,491 : ConfigProcessor : Loading config from cache: C:\Users\dorus\AppData\Local\Temp\336e6d2601ccb63523c70814805acbf1.mpf_cache
2022-08-26 15:12:35,491 : ConfigProcessor : Loading config from cache: C:\Users\dorus\AppData\Local\Temp\d4952d0b9ea6ba2ec58a4f9adbee2d8a.mpf_cache
2022-08-26 15:12:35,491 : mpfmc : Mission Pinball Framework Media Controller v0.55.0
2022-08-26 15:12:35,491 : mpfmc : Mission Pinball Framework Game Engine v0.55.0
2022-08-26 15:12:35,492 : mpfmc : Machine path: C:\pinball\mpfv1
2022-08-26 15:12:35,492 : mpfmc : Starting clock at 60.0Hz
2022-08-26 15:12:35,506 : kivy : Text: Provider: sdl2
2022-08-26 15:12:35,583 : kivy : Window: Provider: sdl2
2022-08-26 15:12:35,730 : kivy : GL: Using the "OpenGL" graphics system
2022-08-26 15:12:35,731 : kivy : GL: GLEW initialization succeeded
2022-08-26 15:12:35,731 : kivy : GL: Backend used <glew>
2022-08-26 15:12:35,732 : kivy : GL: OpenGL version <b'4.6.0 - Build 26.20.100.7372'>
2022-08-26 15:12:35,732 : kivy : GL: OpenGL vendor <b'Intel'>
2022-08-26 15:12:35,732 : kivy : GL: OpenGL renderer <b'Intel(R) UHD Graphics'>
2022-08-26 15:12:35,732 : kivy : GL: OpenGL parsed version: 4, 6
2022-08-26 15:12:35,732 : kivy : GL: Shading version <b'4.60 - Build 26.20.100.7372'>
2022-08-26 15:12:35,732 : kivy : GL: Texture max size <16384>
2022-08-26 15:12:35,732 : kivy : GL: Texture max units <32>
2022-08-26 15:12:35,767 : kivy : Window: auto add sdl2 input provider
2022-08-26 15:12:35,767 : kivy : Window: virtual keyboard not allowed, single mode, not docked
2022-08-26 15:12:35,781 : SoundSystem : SoundSystem: Using default 'sound_system' settings
2022-08-26 15:12:36,041 : AudioInterface : Initialized
2022-08-26 15:12:36,041 : AudioInterface : Loaded SDL 2.0.12
2022-08-26 15:12:36,041 : AudioInterface : Loaded SDL_Mixer 2.0.4
2022-08-26 15:12:36,042 : AudioInterface : Loaded GStreamer 1.18.0.0
2022-08-26 15:12:36,042 : AudioInterface : Loaded GLib 2.62.6
2022-08-26 15:12:36,042 : AudioInterface : Settings requested - rate: 44100, channels: 1, buffer: 2048 samples
2022-08-26 15:12:36,042 : AudioInterface : Settings in use - rate: 44100, channels: 1, buffer: 2048 samples (4096 bytes @ 2 bytes per sample)
2022-08-26 15:12:36,042 : SoundSystem : No audio tracks are specified in your machine config file. a track named 'default' has been created.
2022-08-26 15:12:36,042 : SoundSystem : Setting master volume to 0.0
2022-08-26 15:12:36,042 : SoundSystem : master_volume in sound_system is deprecated and will be removed in the future.
2022-08-26 15:12:36,042 : AudioInterface : Enabling audio playback
2022-08-26 15:12:36,044 : kivy : Base: Start application main loop
2022-08-26 15:12:36,044 : EventManager : Event: ======'display_default_initialized'====== Args={}
2022-08-26 15:12:36,058 : mpfmc : Display: Setting 'default' as default display
2022-08-26 15:12:36,062 : EventManager : Event: ======'displays_initialized'====== Args={}
2022-08-26 15:12:36,064 : EventManager : Event: ======'slide_default_blank_created'====== Args={}
2022-08-26 15:12:36,064 : EventManager : Event: ======'display_default_ready'====== Args={}
2022-08-26 15:12:36,075 : EventManager : Event: ======'init_phase_1'====== Args={}
2022-08-26 15:12:36,077 : EventManager : Event: ======'mc_ready'====== Args={}
2022-08-26 15:12:36,077 : EventManager : Event: ======'init_phase_2'====== Args={}
2022-08-26 15:12:36,078 : EventManager : Event: ======'init_phase_3'====== Args={}
2022-08-26 15:12:36,080 : EventManager : Event: ======'init_phase_4'====== Args={}
2022-08-26 15:12:36,080 : EventManager : Event: ======'init_phase_5'====== Args={}
2022-08-26 15:12:36,141 : EventManager : Event: ======'loading_assets'====== Args={'total': 10, 'loaded': 1, 'remaining': 9, 'percent': 10}
2022-08-26 15:12:36,142 : AssetManager : Loading assets: 1/10 (10%)
2022-08-26 15:12:36,275 : EventManager : Event: ======'loading_assets'====== Args={'total': 10, 'loaded': 10, 'remaining': 0, 'percent': 100}
2022-08-26 15:12:36,275 : AssetManager : Asset loading took: 0.23258543014526367
2022-08-26 15:12:36,275 : EventManager : Event: ======'asset_loading_complete'====== Args={}
2022-08-26 15:12:36,275 : AssetManager : Loading assets: 10/10 (100%)
2022-08-26 15:12:36,275 : EventManager : Event: ======'init_done'====== Args={}
2022-08-26 15:12:36,275 : MPF-MC BCP Server : Starting up on localhost port 5050
2022-08-26 15:12:36,280 : MPF-MC BCP Server : Waiting for a connection...
2022-08-26 15:12:36,281 : EventManager : Event: ======'client_disconnected'====== Args={'host': '127.0.0.1', 'port': 5050}
2022-08-26 15:13:05,611 : kivy : Base: Leaving application in progress...
