2022-10-23 13:10:36,687 : INFO : root : Loading MPF Monitor
2022-10-23 13:10:36,935 : INFO : Core : Looking for MPF at localhost:5051
2022-10-23 13:10:44,974 : INFO : BCP Client : Connected to MPF
2022-10-23 13:27:03,049 : INFO : BCP Client : Connected to MPF
2022-10-23 13:27:31,071 : INFO : BCP Client : Connected to MPF
2022-10-23 13:28:41,737 : INFO : BCP Client : Connected to MPF
2022-10-23 13:35:01,112 : INFO : BCP Client : Connected to MPF
2022-10-23 13:38:02,912 : INFO : BCP Client : Connected to MPF
2022-10-23 13:42:58,726 : INFO : BCP Client : Connected to MPF
2022-10-23 13:46:29,051 : INFO : BCP Client : Connected to MPF
2022-10-23 13:46:51,031 : INFO : BCP Client : Connected to MPF
2022-10-23 14:07:56,118 : INFO : BCP Client : Connected to MPF
2022-10-23 14:08:56,219 : INFO : BCP Client : Connected to MPF
2022-10-23 14:10:03,237 : INFO : BCP Client : Connected to MPF
2022-10-23 14:10:42,778 : INFO : BCP Client : Connected to MPF
2022-10-23 14:19:18,294 : INFO : BCP Client : Connected to MPF
2022-10-23 14:20:56,941 : INFO : BCP Client : Connected to MPF
2022-10-23 14:21:13,915 : INFO : BCP Client : Connected to MPF
2022-10-23 14:21:27,943 : INFO : BCP Client : Connected to MPF
2022-10-23 14:23:43,103 : INFO : BCP Client : Connected to MPF
2022-10-23 14:24:44,192 : INFO : BCP Client : Connected to MPF
2022-10-23 14:26:32,357 : INFO : BCP Client : Connected to MPF
2022-10-23 14:27:49,447 : INFO : BCP Client : Connected to MPF
2022-10-23 14:28:36,003 : INFO : BCP Client : Connected to MPF
2022-10-23 14:29:02,477 : INFO : BCP Client : Connected to MPF
2022-10-23 14:30:14,608 : INFO : BCP Client : Connected to MPF
2022-10-23 14:33:36,910 : INFO : BCP Client : Connected to MPF
2022-10-23 14:38:53,924 : INFO : BCP Client : Connected to MPF
2022-10-23 14:39:28,457 : INFO : BCP Client : Connected to MPF
2022-10-23 14:40:20,506 : INFO : BCP Client : Connected to MPF
2022-10-23 14:42:39,687 : INFO : BCP Client : Connected to MPF
2022-10-23 14:51:58,697 : INFO : BCP Client : Connected to MPF
2022-10-23 14:52:58,710 : INFO : BCP Client : Connected to MPF
2022-10-23 14:56:20,519 : INFO : BCP Client : Connected to MPF
2022-10-23 14:57:54,243 : INFO : BCP Client : Connected to MPF
2022-10-23 15:08:09,773 : INFO : BCP Client : Connected to MPF
2022-10-23 15:08:42,807 : INFO : BCP Client : Connected to MPF
2022-10-23 15:14:47,688 : INFO : BCP Client : Connected to MPF
2022-10-23 15:17:26,751 : INFO : BCP Client : Connected to MPF
2022-10-23 15:20:29,214 : INFO : BCP Client : Connected to MPF
2022-10-23 15:22:23,785 : INFO : BCP Client : Connected to MPF
2022-10-23 15:26:40,612 : INFO : BCP Client : Connected to MPF
2022-10-23 15:26:54,613 : INFO : BCP Client : Connected to MPF
2022-10-23 15:28:10,830 : INFO : BCP Client : Connected to MPF
2022-10-23 15:28:31,316 : INFO : BCP Client : Connected to MPF
2022-10-23 15:29:43,836 : INFO : BCP Client : Connected to MPF
2022-10-23 15:41:29,607 : INFO : BCP Client : Connected to MPF
2022-10-23 15:41:57,165 : INFO : BCP Client : Connected to MPF
2022-10-23 15:43:34,773 : INFO : BCP Client : Connected to MPF
2022-10-23 15:44:20,877 : INFO : BCP Client : Connected to MPF
2022-10-23 15:45:41,927 : INFO : Core : No device selected to delete
2022-10-23 15:45:46,061 : INFO : Core : No device selected to delete
2022-10-23 15:45:49,529 : INFO : Core : No device selected to delete
2022-10-23 15:46:01,300 : INFO : Core : No device selected to resize
2022-10-23 15:46:15,257 : INFO : Core : No device selected to resize
2022-10-23 15:48:17,005 : INFO : BCP Client : Connected to MPF
2022-10-23 15:49:54,078 : INFO : Core : Quitting due to quit on close
2022-10-23 15:49:54,096 : INFO : root : MPF Monitor run loop ended.
2022-10-23 15:49:54,096 : INFO : root : Stopping child threads... (2 remaining)
2022-10-23 15:49:55,187 : INFO : root : All child threads stopped.
