2022-10-23 15:58:47,342 : kivy : Factory: 186 symbols loaded
2022-10-23 15:58:47,558 : kivy : ImageLoaderFFPy: Using ffpyplayer 4.3.2
2022-10-23 15:58:47,558 : kivy : Image: Providers: img_tex, img_dds, img_sdl2, img_pil, img_ffpyplayer 
2022-10-23 15:58:47,624 : kivy : VideoGstplayer: Using Gstreamer 1.18.0.0
2022-10-23 15:58:47,625 : kivy : Video: Provider: gstplayer
2022-10-23 15:58:48,104 : kivy : Loading MPF-MC controller
2022-10-23 15:58:48,108 : YamlMultifileConfigLoader : Machine config file #1: config
2022-10-23 15:58:48,109 : ConfigProcessor : Config file in cache changed: C:\Users\dorus\OneDrive\Documents\Pinball\Github\Pinball-MPF\mpfv1\config\config
2022-10-23 15:58:48,110 : ConfigProcessor : Loading config from file C:\Users\dorus\AppData\Local\Programs\Python\Python38\lib\site-packages\mpfmc\mcconfig.yaml.
2022-10-23 15:58:48,193 : ConfigProcessor : Loading config: C:\Users\dorus\AppData\Local\Programs\Python\Python38\lib\site-packages\mpfmc\mcconfig.yaml
2022-10-23 15:58:48,194 : ConfigProcessor : Loading config from file C:\Users\dorus\OneDrive\Documents\Pinball\Github\Pinball-MPF\mpfv1\config\config.
2022-10-23 15:58:48,200 : ConfigProcessor : Loading config: C:\Users\dorus\OneDrive\Documents\Pinball\Github\Pinball-MPF\mpfv1\config\config
2022-10-23 15:58:48,252 : ConfigProcessor : Loading config: C:\Users\dorus\OneDrive\Documents\Pinball\Github\Pinball-MPF\mpfv1\config\hardware.yaml
2022-10-23 15:58:48,268 : ConfigProcessor : Loading config: C:\Users\dorus\OneDrive\Documents\Pinball\Github\Pinball-MPF\mpfv1\config\sounds.yaml
2022-10-23 15:58:48,277 : ConfigProcessor : Loading config: C:\Users\dorus\OneDrive\Documents\Pinball\Github\Pinball-MPF\mpfv1\config\display.yaml
2022-10-23 15:58:48,295 : ConfigProcessor : Loading config: C:\Users\dorus\OneDrive\Documents\Pinball\Github\Pinball-MPF\mpfv1\config\keyboard.yaml
2022-10-23 15:58:48,354 : ConfigProcessor : Loading config: C:\Users\dorus\OneDrive\Documents\Pinball\Github\Pinball-MPF\mpfv1\config\slides.yaml
2022-10-23 15:58:48,360 : ConfigProcessor : Loading config: C:\Users\dorus\OneDrive\Documents\Pinball\Github\Pinball-MPF\mpfv1\config\light_shows.yaml
2022-10-23 15:58:48,365 : ConfigProcessor : Config file cache created: C:\Users\dorus\AppData\Local\Temp\7e51f468519621fe47191f26eea0f791.mpf_cache
2022-10-23 15:58:48,365 : ConfigProcessor : Loading config from cache: C:\Users\dorus\AppData\Local\Temp\69e5e641cece6cfbb9f28306d01595e4.mpf_cache
2022-10-23 15:58:48,366 : ConfigProcessor : Loading config from cache: C:\Users\dorus\AppData\Local\Temp\336e6d2601ccb63523c70814805acbf1.mpf_cache
2022-10-23 15:58:48,367 : ConfigProcessor : Loading config from cache: C:\Users\dorus\AppData\Local\Temp\8f8558ef7eb783a34103d845cb15f27a.mpf_cache
2022-10-23 15:58:48,368 : ConfigProcessor : Loading config from cache: C:\Users\dorus\AppData\Local\Temp\3f4ec0fd6e14e835699e1ee64ae7815f.mpf_cache
2022-10-23 15:58:48,369 : ConfigProcessor : Loading config from cache: C:\Users\dorus\AppData\Local\Temp\07450fdcdb716b1c510f1f1f728b03da.mpf_cache
2022-10-23 15:58:48,375 : mpfmc : Mission Pinball Framework Media Controller v0.55.0
2022-10-23 15:58:48,376 : mpfmc : Mission Pinball Framework Game Engine v0.55.0
2022-10-23 15:58:48,376 : mpfmc : Machine path: C:\Users\dorus\OneDrive\Documents\Pinball\Github\Pinball-MPF\mpfv1
2022-10-23 15:58:48,376 : mpfmc : Starting clock at 60.0Hz
2022-10-23 15:58:48,400 : kivy : Text: Provider: sdl2
2022-10-23 15:58:48,471 : kivy : Window: Provider: sdl2
2022-10-23 15:58:48,672 : kivy : GL: Using the "OpenGL" graphics system
2022-10-23 15:58:48,675 : kivy : GL: GLEW initialization succeeded
2022-10-23 15:58:48,675 : kivy : GL: Backend used <glew>
2022-10-23 15:58:48,676 : kivy : GL: OpenGL version <b'4.6.0 - Build 26.20.100.7372'>
2022-10-23 15:58:48,676 : kivy : GL: OpenGL vendor <b'Intel'>
2022-10-23 15:58:48,676 : kivy : GL: OpenGL renderer <b'Intel(R) UHD Graphics'>
2022-10-23 15:58:48,676 : kivy : GL: OpenGL parsed version: 4, 6
2022-10-23 15:58:48,676 : kivy : GL: Shading version <b'4.60 - Build 26.20.100.7372'>
2022-10-23 15:58:48,676 : kivy : GL: Texture max size <16384>
2022-10-23 15:58:48,676 : kivy : GL: Texture max units <32>
2022-10-23 15:58:48,761 : kivy : Window: auto add sdl2 input provider
2022-10-23 15:58:48,763 : kivy : Window: virtual keyboard not allowed, single mode, not docked
2022-10-23 15:58:49,049 : AudioInterface : Initialized
2022-10-23 15:58:49,049 : AudioInterface : Loaded SDL 2.0.12
2022-10-23 15:58:49,049 : AudioInterface : Loaded SDL_Mixer 2.0.4
2022-10-23 15:58:49,049 : AudioInterface : Loaded GStreamer 1.18.0.0
2022-10-23 15:58:49,049 : AudioInterface : Loaded GLib 2.62.6
2022-10-23 15:58:49,049 : AudioInterface : Settings requested - rate: 44100, channels: 1, buffer: 2048 samples
2022-10-23 15:58:49,049 : AudioInterface : Settings in use - rate: 44100, channels: 1, buffer: 2048 samples (4096 bytes @ 2 bytes per sample)
2022-10-23 15:58:49,049 : SoundSystem : Setting master volume to 0.0
2022-10-23 15:58:49,049 : SoundSystem : master_volume in sound_system is deprecated and will be removed in the future.
2022-10-23 15:58:49,049 : AudioInterface : Enabling audio playback
2022-10-23 15:58:49,051 : kivy : Base: Start application main loop
2022-10-23 15:58:49,052 : EventManager : Event: ======'display_window_initialized'====== Args={}
2022-10-23 15:58:49,052 : EventManager : Event: ======'display_Disp_Player_initialized'====== Args={}
2022-10-23 15:58:49,052 : EventManager : Event: ======'display_Disp_Menu_initialized'====== Args={}
2022-10-23 15:58:49,052 : EventManager : Event: ======'display_Disp_Ball_initialized'====== Args={}
2022-10-23 15:58:49,052 : EventManager : Event: ======'display_Disp_Message_initialized'====== Args={}
2022-10-23 15:58:49,052 : EventManager : Event: ======'display_Disp_Counter_initialized'====== Args={}
2022-10-23 15:58:49,052 : EventManager : Event: ======'display_Disp_Score_initialized'====== Args={}
2022-10-23 15:58:49,052 : EventManager : Event: ======'display_Disp_Icons_initialized'====== Args={}
2022-10-23 15:58:49,066 : mpfmc : Display: Setting 'window' as default display
2022-10-23 15:58:49,076 : EventManager : Event: ======'displays_initialized'====== Args={}
2022-10-23 15:58:49,079 : EventManager : Event: ======'slide_window_blank_created'====== Args={}
2022-10-23 15:58:49,079 : EventManager : Event: ======'display_window_ready'====== Args={}
2022-10-23 15:58:49,080 : EventManager : Event: ======'slide_Disp_Player_blank_created'====== Args={}
2022-10-23 15:58:49,080 : EventManager : Event: ======'display_Disp_Player_ready'====== Args={}
2022-10-23 15:58:49,081 : EventManager : Event: ======'slide_Disp_Menu_blank_created'====== Args={}
2022-10-23 15:58:49,081 : EventManager : Event: ======'display_Disp_Menu_ready'====== Args={}
2022-10-23 15:58:49,081 : EventManager : Event: ======'slide_Disp_Ball_blank_created'====== Args={}
2022-10-23 15:58:49,081 : EventManager : Event: ======'display_Disp_Ball_ready'====== Args={}
2022-10-23 15:58:49,082 : EventManager : Event: ======'slide_Disp_Message_blank_created'====== Args={}
2022-10-23 15:58:49,082 : EventManager : Event: ======'display_Disp_Message_ready'====== Args={}
2022-10-23 15:58:49,082 : EventManager : Event: ======'slide_Disp_Counter_blank_created'====== Args={}
2022-10-23 15:58:49,082 : EventManager : Event: ======'display_Disp_Counter_ready'====== Args={}
2022-10-23 15:58:49,083 : EventManager : Event: ======'slide_Disp_Score_blank_created'====== Args={}
2022-10-23 15:58:49,083 : EventManager : Event: ======'display_Disp_Score_ready'====== Args={}
2022-10-23 15:58:49,083 : EventManager : Event: ======'slide_Disp_Icons_blank_created'====== Args={}
2022-10-23 15:58:49,083 : EventManager : Event: ======'display_Disp_Icons_ready'====== Args={}
2022-10-23 15:58:49,093 : EventManager : Event: ======'init_phase_1'====== Args={}
2022-10-23 15:58:49,098 : EventManager : Event: ======'mc_ready'====== Args={}
2022-10-23 15:58:49,098 : EventManager : Event: ======'init_phase_2'====== Args={}
2022-10-23 15:58:49,100 : EventManager : Event: ======'init_phase_3'====== Args={}
2022-10-23 15:58:49,102 : EventManager : Event: ======'init_phase_4'====== Args={}
2022-10-23 15:58:49,103 : EventManager : Event: ======'init_phase_5'====== Args={}
2022-10-23 15:58:49,143 : kivy : GL: NPOT texture support is available
2022-10-23 15:58:49,177 : EventManager : Event: ======'loading_assets'====== Args={'total': 2, 'loaded': 1, 'remaining': 1, 'percent': 50}
2022-10-23 15:58:49,177 : AssetManager : Loading assets: 1/2 (50%)
2022-10-23 15:58:49,201 : EventManager : Event: ======'loading_assets'====== Args={'total': 2, 'loaded': 2, 'remaining': 0, 'percent': 100}
2022-10-23 15:58:49,201 : AssetManager : Asset loading took: 0.15117716789245605
2022-10-23 15:58:49,202 : EventManager : Event: ======'asset_loading_complete'====== Args={}
2022-10-23 15:58:49,202 : AssetManager : Loading assets: 2/2 (100%)
2022-10-23 15:58:49,202 : EventManager : Event: ======'init_done'====== Args={}
2022-10-23 15:58:49,202 : MPF-MC BCP Server : Starting up on localhost port 5050
2022-10-23 15:58:49,206 : MPF-MC BCP Server : Waiting for a connection...
2022-10-23 15:58:49,207 : EventManager : Event: ======'client_disconnected'====== Args={'host': '127.0.0.1', 'port': 5050}
2022-10-23 15:58:49,433 : MPF-MC BCP Server : Received connection from: 127.0.0.1:54339
2022-10-23 15:58:49,442 : EventManager : Event: ======'client_connected'====== Args={'host': '127.0.0.1', 'port': 54339}
2022-10-23 15:58:49,454 : EventManager : Event: ======'machine_var_credits_string'====== Args={'value': 'FREE PLAY', 'prev_value': None, 'change': True}
2022-10-23 15:58:49,454 : EventManager : Event: ======'machine_var_master_volume'====== Args={'value': 0.5, 'prev_value': None, 'change': True}
2022-10-23 15:58:49,454 : EventManager : Event: ======'machine_var_player1_score'====== Args={'value': 3000, 'prev_value': None, 'change': True}
2022-10-23 15:58:49,454 : EventManager : Event: ======'machine_var_mpf_version'====== Args={'value': 'MPF v0.55.0', 'prev_value': None, 'change': True}
2022-10-23 15:58:49,454 : EventManager : Event: ======'machine_var_mpf_extended_version'====== Args={'value': 'MPF v0.55.0, Config version:5, Show version: 5, BCP version:1.1', 'prev_value': None, 'change': True}
2022-10-23 15:58:49,455 : EventManager : Event: ======'machine_var_python_version'====== Args={'value': '3.8.10', 'prev_value': None, 'change': True}
2022-10-23 15:58:49,455 : EventManager : Event: ======'machine_var_platform'====== Args={'value': 'Windows-10-10.0.19044-SP0', 'prev_value': None, 'change': True}
2022-10-23 15:58:49,455 : EventManager : Event: ======'machine_var_platform_system'====== Args={'value': 'Windows', 'prev_value': None, 'change': True}
2022-10-23 15:58:49,455 : EventManager : Event: ======'machine_var_platform_release'====== Args={'value': '10', 'prev_value': None, 'change': True}
2022-10-23 15:58:49,455 : EventManager : Event: ======'machine_var_platform_version'====== Args={'value': '10.0.19044', 'prev_value': None, 'change': True}
2022-10-23 15:58:49,455 : EventManager : Event: ======'machine_var_platform_machine'====== Args={'value': 'AMD64', 'prev_value': None, 'change': True}
2022-10-23 15:58:49,455 : EventManager : Event: ======'machine_var_mc_version'====== Args={'value': 'MPF-MC v0.55.0', 'prev_value': None, 'change': True}
2022-10-23 15:58:49,455 : EventManager : Event: ======'machine_var_mc_extended_version'====== Args={'value': 'MPF-MC v0.55.0 (config_version=5, BCP v1.1, Requires MPF v0.55.0-dev.49)', 'prev_value': None, 'change': True}
2022-10-23 15:58:49,455 : SoundSystem : Setting master volume to 0.5
2022-10-23 15:58:49,529 : EventManager : Event: ======'machine_var_audits_events_game_ended'====== Args={'value': 0, 'prev_value': None, 'change': True}
2022-10-23 15:58:49,554 : EventManager : Event: ======'machine_var_audits_events_game_started'====== Args={'value': 0, 'prev_value': None, 'change': True}
2022-10-23 15:58:49,554 : EventManager : Event: ======'machine_var_audits_player_score'====== Args={'value': {'average': 29309.090909090908, 'top': [106800, 41000, 33100, 31800, 31200, 27600, 20200, 17500, 10200, 3000], 'total': 11}, 'prev_value': None, 'change': True}
2022-10-23 15:58:49,554 : EventManager : Event: ======'machine_var_audits_shots_lane_bottom_1'====== Args={'value': 3, 'prev_value': None, 'change': True}
2022-10-23 15:58:49,554 : EventManager : Event: ======'machine_var_audits_shots_lane_bottom_2'====== Args={'value': 3, 'prev_value': None, 'change': True}
2022-10-23 15:58:49,555 : EventManager : Event: ======'machine_var_audits_shots_lane_bottom_3'====== Args={'value': 3, 'prev_value': None, 'change': True}
2022-10-23 15:58:49,555 : EventManager : Event: ======'machine_var_audits_shots_lane_bottom_4'====== Args={'value': 2, 'prev_value': None, 'change': True}
2022-10-23 15:58:49,555 : EventManager : Event: ======'machine_var_audits_shots_lane_bottom_5'====== Args={'value': 2, 'prev_value': None, 'change': True}
2022-10-23 15:58:49,555 : EventManager : Event: ======'machine_var_audits_shots_lane_top_1'====== Args={'value': 152, 'prev_value': None, 'change': True}
2022-10-23 15:58:49,555 : EventManager : Event: ======'machine_var_audits_shots_lane_top_2'====== Args={'value': 137, 'prev_value': None, 'change': True}
2022-10-23 15:58:49,555 : EventManager : Event: ======'machine_var_audits_shots_lane_top_3'====== Args={'value': 117, 'prev_value': None, 'change': True}
2022-10-23 15:58:49,555 : EventManager : Event: ======'machine_var_audits_shots_orbit'====== Args={'value': 23, 'prev_value': None, 'change': True}
2022-10-23 15:58:49,555 : EventManager : Event: ======'machine_var_audits_shots_spinner'====== Args={'value': 178, 'prev_value': None, 'change': True}
2022-10-23 15:58:49,555 : EventManager : Event: ======'machine_var_audits_switches_s_bottomlane1'====== Args={'value': 18, 'prev_value': None, 'change': True}
2022-10-23 15:58:49,555 : EventManager : Event: ======'machine_var_audits_switches_s_bottomlane2'====== Args={'value': 31, 'prev_value': None, 'change': True}
2022-10-23 15:58:49,555 : EventManager : Event: ======'machine_var_audits_switches_s_bottomlane3'====== Args={'value': 152, 'prev_value': None, 'change': True}
2022-10-23 15:58:49,555 : EventManager : Event: ======'machine_var_audits_switches_s_bottomlane4'====== Args={'value': 36, 'prev_value': None, 'change': True}
2022-10-23 15:58:49,556 : EventManager : Event: ======'machine_var_audits_switches_s_bottomlane5'====== Args={'value': 15, 'prev_value': None, 'change': True}
2022-10-23 15:58:49,556 : EventManager : Event: ======'machine_var_audits_switches_s_drop1'====== Args={'value': 35, 'prev_value': None, 'change': True}
2022-10-23 15:58:49,556 : EventManager : Event: ======'machine_var_audits_switches_s_drop2'====== Args={'value': 17, 'prev_value': None, 'change': True}
2022-10-23 15:58:49,556 : EventManager : Event: ======'machine_var_audits_switches_s_drop3'====== Args={'value': 15, 'prev_value': None, 'change': True}
2022-10-23 15:58:49,556 : EventManager : Event: ======'machine_var_audits_switches_s_launch'====== Args={'value': 11, 'prev_value': None, 'change': True}
2022-10-23 15:58:49,556 : EventManager : Event: ======'machine_var_audits_switches_s_left01'====== Args={'value': 27, 'prev_value': None, 'change': True}
2022-10-23 15:58:49,556 : EventManager : Event: ======'machine_var_audits_switches_s_left02'====== Args={'value': 28, 'prev_value': None, 'change': True}
2022-10-23 15:58:49,556 : EventManager : Event: ======'machine_var_audits_switches_s_left03'====== Args={'value': 21, 'prev_value': None, 'change': True}
2022-10-23 15:58:49,556 : EventManager : Event: ======'machine_var_audits_switches_s_left_sling'====== Args={'value': 62, 'prev_value': None, 'change': True}
2022-10-23 15:58:49,557 : EventManager : Event: ======'machine_var_audits_switches_s_orbit1'====== Args={'value': 45, 'prev_value': None, 'change': True}
2022-10-23 15:58:49,557 : EventManager : Event: ======'machine_var_audits_switches_s_orbit2'====== Args={'value': 0, 'prev_value': None, 'change': True}
2022-10-23 15:58:49,557 : EventManager : Event: ======'machine_var_audits_switches_s_plunger_lane'====== Args={'value': 127, 'prev_value': None, 'change': True}
2022-10-23 15:58:49,557 : EventManager : Event: ======'machine_var_audits_switches_s_popbumber_1'====== Args={'value': 68, 'prev_value': None, 'change': True}
2022-10-23 15:58:49,557 : EventManager : Event: ======'machine_var_audits_switches_s_popbumber_2'====== Args={'value': 110, 'prev_value': None, 'change': True}
2022-10-23 15:58:49,557 : EventManager : Event: ======'machine_var_audits_switches_s_popbumber_3'====== Args={'value': 60, 'prev_value': None, 'change': True}
2022-10-23 15:58:49,557 : EventManager : Event: ======'machine_var_audits_switches_s_ramp'====== Args={'value': 38, 'prev_value': None, 'change': True}
2022-10-23 15:58:49,557 : EventManager : Event: ======'machine_var_audits_switches_s_right_sling'====== Args={'value': 120, 'prev_value': None, 'change': True}
2022-10-23 15:58:49,557 : EventManager : Event: ======'machine_var_audits_switches_s_rigth01'====== Args={'value': 59, 'prev_value': None, 'change': True}
2022-10-23 15:58:49,557 : EventManager : Event: ======'machine_var_audits_switches_s_rigth02'====== Args={'value': 24, 'prev_value': None, 'change': True}
2022-10-23 15:58:49,557 : EventManager : Event: ======'machine_var_audits_switches_s_rigth03'====== Args={'value': 15, 'prev_value': None, 'change': True}
2022-10-23 15:58:49,557 : EventManager : Event: ======'machine_var_audits_switches_s_spinner'====== Args={'value': 271, 'prev_value': None, 'change': True}
2022-10-23 15:58:49,557 : EventManager : Event: ======'machine_var_audits_switches_s_start'====== Args={'value': 4, 'prev_value': None, 'change': True}
2022-10-23 15:58:49,557 : EventManager : Event: ======'machine_var_audits_switches_s_top'====== Args={'value': 11, 'prev_value': None, 'change': True}
2022-10-23 15:58:49,557 : EventManager : Event: ======'machine_var_audits_switches_s_toplane1'====== Args={'value': 239, 'prev_value': None, 'change': True}
2022-10-23 15:58:49,557 : EventManager : Event: ======'machine_var_audits_switches_s_toplane2'====== Args={'value': 144, 'prev_value': None, 'change': True}
2022-10-23 15:58:49,558 : EventManager : Event: ======'machine_var_audits_switches_s_toplane3'====== Args={'value': 124, 'prev_value': None, 'change': True}
2022-10-23 15:58:49,558 : EventManager : Event: ======'machine_var_audits_switches_s_trough1'====== Args={'value': 38, 'prev_value': None, 'change': True}
2022-10-23 15:58:49,558 : EventManager : Event: ======'machine_var_audits_switches_s_trough2'====== Args={'value': 37, 'prev_value': None, 'change': True}
2022-10-23 15:58:49,558 : EventManager : Event: ======'machine_var_audits_switches_s_trough3'====== Args={'value': 27, 'prev_value': None, 'change': True}
2022-10-23 15:58:49,558 : EventManager : Event: ======'machine_var_audits_switches_s_trough4'====== Args={'value': 40, 'prev_value': None, 'change': True}
2022-10-23 15:58:49,558 : EventManager : Event: ======'machine_var_audits_switches_s_trough5'====== Args={'value': 29, 'prev_value': None, 'change': True}
2022-10-23 15:58:49,558 : EventManager : Event: ======'machine_var_audits_switches_s_trough6'====== Args={'value': 24, 'prev_value': None, 'change': True}
2022-10-23 15:58:49,558 : EventManager : Event: ======'machine_var_audits_switches_s_trough_jam'====== Args={'value': 27, 'prev_value': None, 'change': True}
2022-10-23 15:58:49,558 : EventManager : Event: ======'machine_var_audits_switches_s_vukmid'====== Args={'value': 47, 'prev_value': None, 'change': True}
2022-10-23 15:58:49,558 : EventManager : Event: ======'machine_var_audits_switches_s_vuktop'====== Args={'value': 15, 'prev_value': None, 'change': True}
2022-10-23 15:58:49,558 : EventManager : Event: ======'mc_reset_phase_1'====== Args={}
2022-10-23 15:58:49,558 : EventManager : Event: ======'mc_reset_phase_2'====== Args={}
2022-10-23 15:58:49,558 : EventManager : Event: ======'mc_reset_phase_3'====== Args={}
2022-10-23 15:58:49,558 : EventManager : Event: ======'mc_reset_complete'====== Args={}
2022-10-23 15:58:49,566 : EventManager : Event: ======'slides_play'====== Args={'settings': {'layout_main': {'target': 'window', 'background_color': [0.0, 0.0, 0.0, 1.0], 'priority': None, 'show': True, 'force': False, 'expire': None, 'slide': None, 'tokens': {}, 'action': 'play'}, 'empty_slide_1': {'slide': 'empty_slide', 'target': 'Disp_Player', 'background_color': [0.0, 0.0, 0.0, 1.0], 'priority': None, 'show': True, 'force': False, 'expire': None, 'tokens': {}, 'action': 'play'}, 'empty_slide_2': {'slide': 'empty_slide', 'target': 'Disp_Menu', 'background_color': [0.0, 0.0, 0.0, 1.0], 'priority': None, 'show': True, 'force': False, 'expire': None, 'tokens': {}, 'action': 'play'}, 'empty_slide_3': {'slide': 'empty_slide', 'target': 'Disp_Ball', 'background_color': [0.0, 0.0, 0.0, 1.0], 'priority': None, 'show': True, 'force': False, 'expire': None, 'tokens': {}, 'action': 'play'}, 'press_start': {'target': 'Disp_Message', 'background_color': [0.0, 0.0, 0.0, 1.0], 'priority': None, 'show': True, 'force': False, 'expire': None, 'slide': None, 'tokens': {}, 'action': 'play'}, 'empty_slide_5': {'slide': 'empty_slide', 'target': 'Disp_Counter', 'background_color': [0.0, 0.0, 0.0, 1.0], 'priority': None, 'show': True, 'force': False, 'expire': None, 'tokens': {}, 'action': 'play'}, 'Title_slide': {'target': 'Disp_Score', 'background_color': [0.0, 0.0, 0.0, 1.0], 'priority': None, 'show': True, 'force': False, 'expire': None, 'slide': None, 'tokens': {}, 'action': 'play'}, 'empty_slide_6': {'slide': 'empty_slide', 'target': 'Disp_Icons', 'background_color': [0.0, 0.0, 0.0, 1.0], 'priority': None, 'show': True, 'force': False, 'expire': None, 'tokens': {}, 'action': 'play'}}, 'context': 'show_2', 'calling_context': 0, 'priority': 10, 'show_tokens': {}, 'start_time': 10964.25}
2022-10-23 15:58:49,566 : EventManager : Event: ======'sounds_play'====== Args={'settings': {'musicslow': {'action': 'play', 'loops': -1, 'priority': None, 'block': False, 'delay': None, 'track': None, 'volume': None, 'pan': None, 'start_at': None, 'fade_in': None, 'fade_out': None, 'about_to_finish_time': -1.0, 'max_queue_time': -1.0, 'events_when_played': ['use_sound_setting'], 'events_when_stopped': ['use_sound_setting'], 'events_when_looping': ['use_sound_setting'], 'events_when_about_to_finish': ['use_sound_setting'], 'mode_end_action': 'use_sound_setting', 'key': 'use_sound_setting'}}, 'context': '_global', 'calling_context': 'mode_attract_started', 'priority': 0}
2022-10-23 15:58:49,566 : mpfmc : SlidePlayer: Play called with settings={'layout_main': {'target': 'window', 'background_color': [0.0, 0.0, 0.0, 1.0], 'priority': None, 'show': True, 'force': False, 'expire': None, 'slide': None, 'tokens': {}, 'action': 'play'}, 'empty_slide_1': {'slide': 'empty_slide', 'target': 'Disp_Player', 'background_color': [0.0, 0.0, 0.0, 1.0], 'priority': None, 'show': True, 'force': False, 'expire': None, 'tokens': {}, 'action': 'play'}, 'empty_slide_2': {'slide': 'empty_slide', 'target': 'Disp_Menu', 'background_color': [0.0, 0.0, 0.0, 1.0], 'priority': None, 'show': True, 'force': False, 'expire': None, 'tokens': {}, 'action': 'play'}, 'empty_slide_3': {'slide': 'empty_slide', 'target': 'Disp_Ball', 'background_color': [0.0, 0.0, 0.0, 1.0], 'priority': None, 'show': True, 'force': False, 'expire': None, 'tokens': {}, 'action': 'play'}, 'press_start': {'target': 'Disp_Message', 'background_color': [0.0, 0.0, 0.0, 1.0], 'priority': None, 'show': True, 'force': False, 'expire': None, 'slide': None, 'tokens': {}, 'action': 'play'}, 'empty_slide_5': {'slide': 'empty_slide', 'target': 'Disp_Counter', 'background_color': [0.0, 0.0, 0.0, 1.0], 'priority': None, 'show': True, 'force': False, 'expire': None, 'tokens': {}, 'action': 'play'}, 'Title_slide': {'target': 'Disp_Score', 'background_color': [0.0, 0.0, 0.0, 1.0], 'priority': None, 'show': True, 'force': False, 'expire': None, 'slide': None, 'tokens': {}, 'action': 'play'}, 'empty_slide_6': {'slide': 'empty_slide', 'target': 'Disp_Icons', 'background_color': [0.0, 0.0, 0.0, 1.0], 'priority': None, 'show': True, 'force': False, 'expire': None, 'tokens': {}, 'action': 'play'}}
2022-10-23 15:58:49,574 : EventManager : Event: ======'slide_layout_main_created'====== Args={}
2022-10-23 15:58:49,579 : EventManager : Event: ======'slide_empty_slide_created'====== Args={}
2022-10-23 15:58:49,582 : EventManager : Event: ======'slide_empty_slide_created'====== Args={}
2022-10-23 15:58:49,585 : EventManager : Event: ======'slide_empty_slide_created'====== Args={}
2022-10-23 15:58:49,589 : EventManager : Event: ======'slide_press_start_created'====== Args={}
2022-10-23 15:58:49,593 : EventManager : Event: ======'slide_empty_slide_created'====== Args={}
2022-10-23 15:58:49,596 : EventManager : Event: ======'slide_Title_slide_created'====== Args={}
2022-10-23 15:58:49,599 : EventManager : Event: ======'slide_empty_slide_created'====== Args={}
2022-10-23 15:58:49,634 : EventManager : Event: ======'slide_layout_main_active'====== Args={}
2022-10-23 15:58:49,635 : EventManager : Event: ======'slide_empty_slide_active'====== Args={}
2022-10-23 15:58:49,637 : EventManager : Event: ======'slide_empty_slide_active'====== Args={}
2022-10-23 15:58:49,638 : EventManager : Event: ======'slide_empty_slide_active'====== Args={}
2022-10-23 15:58:49,639 : EventManager : Event: ======'slide_press_start_active'====== Args={}
2022-10-23 15:58:49,640 : EventManager : Event: ======'slide_empty_slide_active'====== Args={}
2022-10-23 15:58:49,642 : EventManager : Event: ======'slide_Title_slide_active'====== Args={}
2022-10-23 15:58:49,643 : EventManager : Event: ======'slide_empty_slide_active'====== Args={}
2022-10-23 15:58:49,663 : EventManager : Event: ======'loading_assets'====== Args={'total': 1, 'loaded': 1, 'remaining': 0, 'percent': 100}
2022-10-23 15:58:49,663 : AssetManager : Asset loading took: 0.6130945682525635
2022-10-23 15:58:49,663 : EventManager : Event: ======'asset_loading_complete'====== Args={}
2022-10-23 15:58:49,663 : AssetManager : Loading assets: 1/1 (100%)
2022-10-23 15:58:54,754 : EventManager : Event: ======'game_started'====== Args={}
2022-10-23 15:58:54,778 : EventManager : Event: ======'slides_clear'====== Args={'context': 'show_2'}
2022-10-23 15:58:54,779 : EventManager : Event: ======'sounds_play'====== Args={'settings': {'musicslow': {'action': 'stop', 'priority': None, 'block': False, 'delay': None, 'track': None, 'volume': None, 'pan': None, 'loops': None, 'start_at': None, 'fade_in': None, 'fade_out': None, 'about_to_finish_time': -1.0, 'max_queue_time': -1.0, 'events_when_played': ['use_sound_setting'], 'events_when_stopped': ['use_sound_setting'], 'events_when_looping': ['use_sound_setting'], 'events_when_about_to_finish': ['use_sound_setting'], 'mode_end_action': 'use_sound_setting', 'key': 'use_sound_setting'}}, 'context': '_global', 'calling_context': 'mode_attract_stopped', 'priority': 0}
2022-10-23 15:58:54,779 : EventManager : Event: ======'player_added'====== Args={'player': <Player 1>, 'num': 1}
2022-10-23 15:58:54,779 : EventManager : Event: ======'player_index'====== Args={'value': 0, 'prev_value': 0, 'change': 0, 'player_num': 1}
2022-10-23 15:58:54,779 : EventManager : Event: ======'player_number'====== Args={'value': 1, 'prev_value': 1, 'change': 0, 'player_num': 1}
2022-10-23 15:58:54,779 : EventManager : Event: ======'player_score'====== Args={'value': 0, 'prev_value': 0, 'change': 0, 'player_num': 1}
2022-10-23 15:58:54,779 : EventManager : Event: ======'slide_layout_main_removed'====== Args={}
2022-10-23 15:58:54,780 : EventManager : Event: ======'slide_empty_slide_removed'====== Args={}
2022-10-23 15:58:54,780 : EventManager : Event: ======'slide_empty_slide_removed'====== Args={}
2022-10-23 15:58:54,781 : EventManager : Event: ======'slide_empty_slide_removed'====== Args={}
2022-10-23 15:58:54,781 : EventManager : Event: ======'slide_press_start_removed'====== Args={}
2022-10-23 15:58:54,781 : EventManager : Event: ======'slide_empty_slide_removed'====== Args={}
2022-10-23 15:58:54,782 : EventManager : Event: ======'slide_Title_slide_removed'====== Args={}
2022-10-23 15:58:54,782 : EventManager : Event: ======'slide_empty_slide_removed'====== Args={}
2022-10-23 15:58:54,783 : EventManager : Event: ======'slide_window_blank_active'====== Args={}
2022-10-23 15:58:54,783 : EventManager : Event: ======'slide_Disp_Player_blank_active'====== Args={}
2022-10-23 15:58:54,783 : EventManager : Event: ======'slide_Disp_Menu_blank_active'====== Args={}
2022-10-23 15:58:54,783 : EventManager : Event: ======'slide_Disp_Ball_blank_active'====== Args={}
2022-10-23 15:58:54,783 : EventManager : Event: ======'slide_Disp_Message_blank_active'====== Args={}
2022-10-23 15:58:54,783 : EventManager : Event: ======'slide_Disp_Counter_blank_active'====== Args={}
2022-10-23 15:58:54,785 : EventManager : Event: ======'slide_Disp_Score_blank_active'====== Args={}
2022-10-23 15:58:54,785 : EventManager : Event: ======'slide_Disp_Icons_blank_active'====== Args={}
2022-10-23 15:58:54,811 : EventManager : Event: ======'player_ball'====== Args={'value': 1, 'prev_value': 0, 'change': 1, 'player_num': 1}
2022-10-23 15:58:54,823 : EventManager : Event: ======'player_turn_start'====== Args={'number': 1, 'player': <Player 1>}
2022-10-23 15:58:54,823 : EventManager : Event: ======'player_shot_spinner_enabled'====== Args={'value': True, 'prev_value': 0, 'change': 1, 'player_num': 1}
2022-10-23 15:58:54,823 : EventManager : Event: ======'player_shot_orbit_enabled'====== Args={'value': True, 'prev_value': 0, 'change': 1, 'player_num': 1}
2022-10-23 15:58:54,824 : EventManager : Event: ======'slides_play'====== Args={'settings': {'layout_main': {'target': 'window', 'background_color': [0.0, 0.0, 0.0, 1.0], 'priority': None, 'show': True, 'force': False, 'expire': None, 'slide': None, 'tokens': {}, 'action': 'play'}, 'player_slide': {'target': 'Disp_Player', 'background_color': [0.0, 0.0, 0.0, 1.0], 'priority': None, 'show': True, 'force': False, 'expire': None, 'slide': None, 'tokens': {}, 'action': 'play'}, 'empty_slide_2': {'slide': 'empty_slide', 'target': 'Disp_Menu', 'background_color': [0.0, 0.0, 0.0, 1.0], 'priority': None, 'show': True, 'force': False, 'expire': None, 'tokens': {}, 'action': 'play'}, 'ball_slide': {'target': 'Disp_Ball', 'background_color': [0.0, 0.0, 0.0, 1.0], 'priority': None, 'show': True, 'force': False, 'expire': None, 'slide': None, 'tokens': {}, 'action': 'play'}, 'empty_slide_3': {'slide': 'empty_slide', 'target': 'Disp_Message', 'background_color': [0.0, 0.0, 0.0, 1.0], 'priority': None, 'show': True, 'force': False, 'expire': None, 'tokens': {}, 'action': 'play'}, 'empty_slide_5': {'slide': 'empty_slide', 'target': 'Disp_Counter', 'background_color': [0.0, 0.0, 0.0, 1.0], 'priority': None, 'show': True, 'force': False, 'expire': None, 'tokens': {}, 'action': 'play'}, 'score_slide': {'target': 'Disp_Score', 'background_color': [0.0, 0.0, 0.0, 1.0], 'priority': None, 'show': True, 'force': False, 'expire': None, 'slide': None, 'tokens': {}, 'action': 'play'}, 'empty_slide_6': {'slide': 'empty_slide', 'target': 'Disp_Icons', 'background_color': [0.0, 0.0, 0.0, 1.0], 'priority': None, 'show': True, 'force': False, 'expire': None, 'tokens': {}, 'action': 'play'}}, 'context': 'show_5', 'calling_context': 0, 'priority': 100, 'show_tokens': {}, 'start_time': 10969.515}
2022-10-23 15:58:54,824 : EventManager : Event: ======'sounds_play'====== Args={'settings': {'musicfast': {'action': 'play', 'loops': -1, 'priority': None, 'block': False, 'delay': None, 'track': None, 'volume': None, 'pan': None, 'start_at': None, 'fade_in': None, 'fade_out': None, 'about_to_finish_time': -1.0, 'max_queue_time': -1.0, 'events_when_played': ['use_sound_setting'], 'events_when_stopped': ['use_sound_setting'], 'events_when_looping': ['use_sound_setting'], 'events_when_about_to_finish': ['use_sound_setting'], 'mode_end_action': 'use_sound_setting', 'key': 'use_sound_setting'}}, 'context': '_global', 'calling_context': 'mode_base_started', 'priority': 0, 'queue': '<QueuedEvent>', 'player': 1, 'ball': 1, 'balls_remaining': 2, 'is_extra_ball': False}
2022-10-23 15:58:54,824 : mpfmc : SlidePlayer: Play called with settings={'layout_main': {'target': 'window', 'background_color': [0.0, 0.0, 0.0, 1.0], 'priority': None, 'show': True, 'force': False, 'expire': None, 'slide': None, 'tokens': {}, 'action': 'play'}, 'player_slide': {'target': 'Disp_Player', 'background_color': [0.0, 0.0, 0.0, 1.0], 'priority': None, 'show': True, 'force': False, 'expire': None, 'slide': None, 'tokens': {}, 'action': 'play'}, 'empty_slide_2': {'slide': 'empty_slide', 'target': 'Disp_Menu', 'background_color': [0.0, 0.0, 0.0, 1.0], 'priority': None, 'show': True, 'force': False, 'expire': None, 'tokens': {}, 'action': 'play'}, 'ball_slide': {'target': 'Disp_Ball', 'background_color': [0.0, 0.0, 0.0, 1.0], 'priority': None, 'show': True, 'force': False, 'expire': None, 'slide': None, 'tokens': {}, 'action': 'play'}, 'empty_slide_3': {'slide': 'empty_slide', 'target': 'Disp_Message', 'background_color': [0.0, 0.0, 0.0, 1.0], 'priority': None, 'show': True, 'force': False, 'expire': None, 'tokens': {}, 'action': 'play'}, 'empty_slide_5': {'slide': 'empty_slide', 'target': 'Disp_Counter', 'background_color': [0.0, 0.0, 0.0, 1.0], 'priority': None, 'show': True, 'force': False, 'expire': None, 'tokens': {}, 'action': 'play'}, 'score_slide': {'target': 'Disp_Score', 'background_color': [0.0, 0.0, 0.0, 1.0], 'priority': None, 'show': True, 'force': False, 'expire': None, 'slide': None, 'tokens': {}, 'action': 'play'}, 'empty_slide_6': {'slide': 'empty_slide', 'target': 'Disp_Icons', 'background_color': [0.0, 0.0, 0.0, 1.0], 'priority': None, 'show': True, 'force': False, 'expire': None, 'tokens': {}, 'action': 'play'}}
2022-10-23 15:58:54,832 : EventManager : Event: ======'slide_layout_main_created'====== Args={}
2022-10-23 15:58:54,835 : EventManager : Event: ======'slide_player_slide_created'====== Args={}
2022-10-23 15:58:54,840 : EventManager : Event: ======'slide_empty_slide_created'====== Args={}
2022-10-23 15:58:54,848 : EventManager : Event: ======'slide_ball_slide_created'====== Args={}
2022-10-23 15:58:54,854 : EventManager : Event: ======'slide_empty_slide_created'====== Args={}
2022-10-23 15:58:54,859 : EventManager : Event: ======'slide_empty_slide_created'====== Args={}
2022-10-23 15:58:54,863 : EventManager : Event: ======'slide_score_slide_created'====== Args={}
2022-10-23 15:58:54,866 : EventManager : Event: ======'slide_empty_slide_created'====== Args={}
2022-10-23 15:58:54,887 : EventManager : Event: ======'slide_layout_main_active'====== Args={}
2022-10-23 15:58:54,889 : EventManager : Event: ======'slide_player_slide_active'====== Args={}
2022-10-23 15:58:54,891 : EventManager : Event: ======'slide_empty_slide_active'====== Args={}
2022-10-23 15:58:54,892 : EventManager : Event: ======'slide_ball_slide_active'====== Args={}
2022-10-23 15:58:54,893 : EventManager : Event: ======'slide_empty_slide_active'====== Args={}
2022-10-23 15:58:54,894 : EventManager : Event: ======'slide_empty_slide_active'====== Args={}
2022-10-23 15:58:54,895 : EventManager : Event: ======'slide_score_slide_active'====== Args={}
2022-10-23 15:58:54,896 : EventManager : Event: ======'slide_empty_slide_active'====== Args={}
2022-10-23 15:58:54,901 : EventManager : Event: ======'player_shot_lane_top_1_enabled'====== Args={'value': True, 'prev_value': 0, 'change': 1, 'player_num': 1}
2022-10-23 15:58:54,901 : EventManager : Event: ======'player_shot_lane_top_2_enabled'====== Args={'value': True, 'prev_value': 0, 'change': 1, 'player_num': 1}
2022-10-23 15:58:54,901 : EventManager : Event: ======'player_shot_lane_top_3_enabled'====== Args={'value': True, 'prev_value': 0, 'change': 1, 'player_num': 1}
2022-10-23 15:58:54,902 : EventManager : Event: ======'player_shot_lane_bottom_1_enabled'====== Args={'value': True, 'prev_value': 0, 'change': 1, 'player_num': 1}
2022-10-23 15:58:54,902 : EventManager : Event: ======'player_shot_lane_bottom_2_enabled'====== Args={'value': True, 'prev_value': 0, 'change': 1, 'player_num': 1}
2022-10-23 15:58:54,902 : EventManager : Event: ======'player_shot_lane_bottom_3_enabled'====== Args={'value': True, 'prev_value': 0, 'change': 1, 'player_num': 1}
2022-10-23 15:58:54,902 : EventManager : Event: ======'player_shot_lane_bottom_4_enabled'====== Args={'value': True, 'prev_value': 0, 'change': 1, 'player_num': 1}
2022-10-23 15:58:54,902 : EventManager : Event: ======'player_shot_lane_bottom_5_enabled'====== Args={'value': True, 'prev_value': 0, 'change': 1, 'player_num': 1}
2022-10-23 15:58:54,902 : EventManager : Event: ======'player_pf_multiplier'====== Args={'value': 1, 'prev_value': 0, 'change': 1, 'player_num': 1}
2022-10-23 15:58:54,902 : EventManager : Event: ======'player_pf_multiplier2'====== Args={'value': 1, 'prev_value': 0, 'change': 1, 'player_num': 1}
2022-10-23 15:58:54,903 : EventManager : Event: ======'loading_assets'====== Args={'total': 1, 'loaded': 1, 'remaining': 0, 'percent': 100}
2022-10-23 15:58:54,903 : AssetManager : Asset loading took: 5.8528151512146
2022-10-23 15:58:54,903 : EventManager : Event: ======'asset_loading_complete'====== Args={}
2022-10-23 15:58:54,903 : AssetManager : Loading assets: 1/1 (100%)
2022-10-23 15:58:54,965 : EventManager : Event: ======'machine_var_audits_switches_s_plunger_lane'====== Args={'value': 128, 'prev_value': 127, 'change': 1}
2022-10-23 15:58:57,086 : EventManager : Event: ======'machine_var_audits_switches_s_bottomlane1'====== Args={'value': 19, 'prev_value': 18, 'change': 1}
2022-10-23 15:58:57,098 : EventManager : Event: ======'player_shot_lane_bottom_1'====== Args={'value': 1, 'prev_value': 0, 'change': 1, 'player_num': 1}
2022-10-23 15:58:57,098 : EventManager : Event: ======'machine_var_audits_shots_lane_bottom_1'====== Args={'value': 4, 'prev_value': 3, 'change': 1}
2022-10-23 15:58:57,098 : EventManager : Event: ======'player_score'====== Args={'value': 1000, 'prev_value': 0, 'change': 1000, 'player_num': 1}
2022-10-23 15:58:58,407 : EventManager : Event: ======'machine_var_audits_switches_s_bottomlane2'====== Args={'value': 32, 'prev_value': 31, 'change': 1}
2022-10-23 15:58:58,407 : EventManager : Event: ======'player_shot_lane_bottom_2'====== Args={'value': 1, 'prev_value': 0, 'change': 1, 'player_num': 1}
2022-10-23 15:58:58,407 : EventManager : Event: ======'machine_var_audits_shots_lane_bottom_2'====== Args={'value': 4, 'prev_value': 3, 'change': 1}
2022-10-23 15:58:58,407 : EventManager : Event: ======'player_score'====== Args={'value': 2000, 'prev_value': 1000, 'change': 1000, 'player_num': 1}
2022-10-23 15:58:59,359 : EventManager : Event: ======'machine_var_audits_switches_s_bottomlane3'====== Args={'value': 153, 'prev_value': 152, 'change': 1}
2022-10-23 15:58:59,359 : EventManager : Event: ======'player_shot_lane_bottom_3'====== Args={'value': 1, 'prev_value': 0, 'change': 1, 'player_num': 1}
2022-10-23 15:58:59,359 : EventManager : Event: ======'machine_var_audits_shots_lane_bottom_3'====== Args={'value': 4, 'prev_value': 3, 'change': 1}
2022-10-23 15:58:59,359 : EventManager : Event: ======'player_score'====== Args={'value': 3000, 'prev_value': 2000, 'change': 1000, 'player_num': 1}
2022-10-23 15:59:00,743 : EventManager : Event: ======'machine_var_audits_switches_s_bottomlane4'====== Args={'value': 37, 'prev_value': 36, 'change': 1}
2022-10-23 15:59:00,755 : EventManager : Event: ======'player_shot_lane_bottom_4'====== Args={'value': 1, 'prev_value': 0, 'change': 1, 'player_num': 1}
2022-10-23 15:59:00,755 : EventManager : Event: ======'machine_var_audits_shots_lane_bottom_4'====== Args={'value': 3, 'prev_value': 2, 'change': 1}
2022-10-23 15:59:00,755 : EventManager : Event: ======'player_score'====== Args={'value': 4000, 'prev_value': 3000, 'change': 1000, 'player_num': 1}
2022-10-23 15:59:02,321 : EventManager : Event: ======'machine_var_audits_switches_s_bottomlane5'====== Args={'value': 16, 'prev_value': 15, 'change': 1}
2022-10-23 15:59:02,333 : EventManager : Event: ======'player_shot_lane_bottom_5'====== Args={'value': 1, 'prev_value': 0, 'change': 1, 'player_num': 1}
2022-10-23 15:59:02,333 : EventManager : Event: ======'machine_var_audits_shots_lane_bottom_5'====== Args={'value': 3, 'prev_value': 2, 'change': 1}
2022-10-23 15:59:02,333 : EventManager : Event: ======'player_score'====== Args={'value': 5000, 'prev_value': 4000, 'change': 1000, 'player_num': 1}
2022-10-23 15:59:02,333 : EventManager : Event: ======'slides_play'====== Args={'settings': {'lanes_bottom_complete_slide': {'target': 'Disp_Message', 'expire': 3.0, 'background_color': [0.0, 0.0, 0.0, 1.0], 'priority': None, 'show': True, 'force': False, 'slide': None, 'tokens': {}, 'action': 'play'}}, 'context': 'lanes', 'calling_context': 'lanes_bottom_complete', 'priority': 110, 'state': 'lit'}
2022-10-23 15:59:02,334 : mpfmc : SlidePlayer: Play called with settings={'lanes_bottom_complete_slide': {'target': 'Disp_Message', 'expire': 3.0, 'background_color': [0.0, 0.0, 0.0, 1.0], 'priority': None, 'show': True, 'force': False, 'slide': None, 'tokens': {}, 'action': 'play'}}
2022-10-23 15:59:02,337 : EventManager : Event: ======'slide_lanes_bottom_complete_slide_created'====== Args={}
2022-10-23 15:59:02,341 : EventManager : Event: ======'slide_lanes_bottom_complete_slide_active'====== Args={}
2022-10-23 15:59:03,316 : EventManager : Event: ======'player_shot_lane_bottom_1'====== Args={'value': 0, 'prev_value': 1, 'change': -1, 'player_num': 1}
2022-10-23 15:59:03,329 : EventManager : Event: ======'player_shot_lane_bottom_2'====== Args={'value': 0, 'prev_value': 1, 'change': -1, 'player_num': 1}
2022-10-23 15:59:03,329 : EventManager : Event: ======'player_shot_lane_bottom_3'====== Args={'value': 0, 'prev_value': 1, 'change': -1, 'player_num': 1}
2022-10-23 15:59:03,329 : EventManager : Event: ======'player_shot_lane_bottom_4'====== Args={'value': 0, 'prev_value': 1, 'change': -1, 'player_num': 1}
2022-10-23 15:59:03,329 : EventManager : Event: ======'player_shot_lane_bottom_5'====== Args={'value': 0, 'prev_value': 1, 'change': -1, 'player_num': 1}
2022-10-23 15:59:05,336 : EventManager : Event: ======'slide_lanes_bottom_complete_slide_removed'====== Args={}
2022-10-23 15:59:05,337 : EventManager : Event: ======'slide_empty_slide_active'====== Args={}
2022-10-23 15:59:09,014 : EventManager : Event: ======'machine_var_audits_switches_s_bottomlane1'====== Args={'value': 20, 'prev_value': 19, 'change': 1}
2022-10-23 15:59:09,026 : EventManager : Event: ======'player_shot_lane_bottom_1'====== Args={'value': 1, 'prev_value': 0, 'change': 1, 'player_num': 1}
2022-10-23 15:59:09,026 : EventManager : Event: ======'machine_var_audits_shots_lane_bottom_1'====== Args={'value': 5, 'prev_value': 4, 'change': 1}
2022-10-23 15:59:09,026 : EventManager : Event: ======'player_score'====== Args={'value': 6000, 'prev_value': 5000, 'change': 1000, 'player_num': 1}
2022-10-23 15:59:09,902 : EventManager : Event: ======'machine_var_audits_switches_s_bottomlane2'====== Args={'value': 33, 'prev_value': 32, 'change': 1}
2022-10-23 15:59:09,902 : EventManager : Event: ======'player_shot_lane_bottom_2'====== Args={'value': 1, 'prev_value': 0, 'change': 1, 'player_num': 1}
2022-10-23 15:59:09,902 : EventManager : Event: ======'machine_var_audits_shots_lane_bottom_2'====== Args={'value': 5, 'prev_value': 4, 'change': 1}
2022-10-23 15:59:09,902 : EventManager : Event: ======'player_score'====== Args={'value': 7000, 'prev_value': 6000, 'change': 1000, 'player_num': 1}
2022-10-23 15:59:10,657 : EventManager : Event: ======'machine_var_audits_switches_s_bottomlane3'====== Args={'value': 154, 'prev_value': 153, 'change': 1}
2022-10-23 15:59:10,657 : EventManager : Event: ======'player_shot_lane_bottom_3'====== Args={'value': 1, 'prev_value': 0, 'change': 1, 'player_num': 1}
2022-10-23 15:59:10,657 : EventManager : Event: ======'machine_var_audits_shots_lane_bottom_3'====== Args={'value': 5, 'prev_value': 4, 'change': 1}
2022-10-23 15:59:10,657 : EventManager : Event: ======'player_score'====== Args={'value': 8000, 'prev_value': 7000, 'change': 1000, 'player_num': 1}
2022-10-23 15:59:11,759 : EventManager : Event: ======'machine_var_audits_switches_s_bottomlane4'====== Args={'value': 38, 'prev_value': 37, 'change': 1}
2022-10-23 15:59:11,771 : EventManager : Event: ======'player_shot_lane_bottom_4'====== Args={'value': 1, 'prev_value': 0, 'change': 1, 'player_num': 1}
2022-10-23 15:59:11,771 : EventManager : Event: ======'machine_var_audits_shots_lane_bottom_4'====== Args={'value': 4, 'prev_value': 3, 'change': 1}
2022-10-23 15:59:11,771 : EventManager : Event: ======'player_score'====== Args={'value': 9000, 'prev_value': 8000, 'change': 1000, 'player_num': 1}
2022-10-23 15:59:12,966 : EventManager : Event: ======'machine_var_audits_switches_s_bottomlane5'====== Args={'value': 17, 'prev_value': 16, 'change': 1}
2022-10-23 15:59:12,966 : EventManager : Event: ======'player_shot_lane_bottom_5'====== Args={'value': 1, 'prev_value': 0, 'change': 1, 'player_num': 1}
2022-10-23 15:59:12,966 : EventManager : Event: ======'machine_var_audits_shots_lane_bottom_5'====== Args={'value': 4, 'prev_value': 3, 'change': 1}
2022-10-23 15:59:12,966 : EventManager : Event: ======'player_score'====== Args={'value': 10000, 'prev_value': 9000, 'change': 1000, 'player_num': 1}
2022-10-23 15:59:12,966 : EventManager : Event: ======'slides_play'====== Args={'settings': {'lanes_bottom_complete_slide': {'target': 'Disp_Message', 'expire': 3.0, 'background_color': [0.0, 0.0, 0.0, 1.0], 'priority': None, 'show': True, 'force': False, 'slide': None, 'tokens': {}, 'action': 'play'}}, 'context': 'lanes', 'calling_context': 'lanes_bottom_complete', 'priority': 110, 'state': 'lit'}
2022-10-23 15:59:12,968 : mpfmc : SlidePlayer: Play called with settings={'lanes_bottom_complete_slide': {'target': 'Disp_Message', 'expire': 3.0, 'background_color': [0.0, 0.0, 0.0, 1.0], 'priority': None, 'show': True, 'force': False, 'slide': None, 'tokens': {}, 'action': 'play'}}
2022-10-23 15:59:12,968 : EventManager : Event: ======'slide_lanes_bottom_complete_slide_removed'====== Args={}
2022-10-23 15:59:12,970 : EventManager : Event: ======'slide_lanes_bottom_complete_slide_created'====== Args={}
2022-10-23 15:59:12,973 : EventManager : Event: ======'slide_lanes_bottom_complete_slide_active'====== Args={}
2022-10-23 15:59:13,956 : EventManager : Event: ======'player_shot_lane_bottom_1'====== Args={'value': 0, 'prev_value': 1, 'change': -1, 'player_num': 1}
2022-10-23 15:59:13,968 : EventManager : Event: ======'player_shot_lane_bottom_2'====== Args={'value': 0, 'prev_value': 1, 'change': -1, 'player_num': 1}
2022-10-23 15:59:13,968 : EventManager : Event: ======'player_shot_lane_bottom_3'====== Args={'value': 0, 'prev_value': 1, 'change': -1, 'player_num': 1}
2022-10-23 15:59:13,968 : EventManager : Event: ======'player_shot_lane_bottom_4'====== Args={'value': 0, 'prev_value': 1, 'change': -1, 'player_num': 1}
2022-10-23 15:59:13,968 : EventManager : Event: ======'player_shot_lane_bottom_5'====== Args={'value': 0, 'prev_value': 1, 'change': -1, 'player_num': 1}
2022-10-23 15:59:15,967 : EventManager : Event: ======'slide_lanes_bottom_complete_slide_removed'====== Args={}
2022-10-23 15:59:15,968 : EventManager : Event: ======'slide_empty_slide_active'====== Args={}
2022-10-23 16:00:33,048 : kivy : Base: Leaving application in progress...
2022-10-23 16:00:33,255 : mpfmc : Stopping...
2022-10-23 16:00:33,256 : EventManager : Event: ======'shutdown'====== Args={}
2022-10-23 16:00:33,256 : AudioInterface : Disabling audio playback
2022-10-23 16:00:33,256 : mpfmc : Loop rate 79.86 Hz
2022-10-23 16:00:33,256 : kivy : MC run loop ended.
2022-10-23 16:00:33,256 : kivy : Stopping child threads... (3 remaining)
2022-10-23 16:00:34,178 : mpfmc : Stopping...
2022-10-23 16:00:34,179 : EventManager : Event: ======'shutdown'====== Args={}
2022-10-23 16:00:34,179 : mpfmc : Loop rate 79.16 Hz
2022-10-23 16:00:34,225 : MPF-MC BCP Server : Stopping BCP sending thread
2022-10-23 16:00:34,334 : kivy : All child threads stopped.
