2022-09-17 09:44:07,884 : INFO : root : Loading config.
2022-09-17 09:44:07,887 : INFO : YamlMultifileConfigLoader : Machine config file #1: config.yaml
2022-09-17 09:44:07,888 : INFO : ConfigProcessor : Loading config from cache: C:\Users\dorus\AppData\Local\Temp\0aa359e6326ef14bcc36d32fc9dec35b.mpf_cache
2022-09-17 09:44:07,979 : INFO : ConfigProcessor : Loading config from cache: C:\Users\dorus\AppData\Local\Temp\5eb3439dbf16142704b5198a23e9a58c.mpf_cache
2022-09-17 09:44:07,979 : INFO : ConfigProcessor : Loading config from cache: C:\Users\dorus\AppData\Local\Temp\336e6d2601ccb63523c70814805acbf1.mpf_cache
2022-09-17 09:44:07,980 : INFO : ConfigProcessor : Loading config from cache: C:\Users\dorus\AppData\Local\Temp\d4952d0b9ea6ba2ec58a4f9adbee2d8a.mpf_cache
2022-09-17 09:44:07,981 : INFO : ConfigProcessor : Loading config from cache: C:\Users\dorus\AppData\Local\Temp\559f6283f098772e04564bccbb105016.mpf_cache
2022-09-17 09:44:07,981 : WARNING : ConfigProcessor : Config file in cache changed: C:\pinball\mpfv1\modes\lanes\config\lanes.yaml
2022-09-17 09:44:07,981 : INFO : ConfigProcessor : Loading config from file C:\pinball\mpfv1\modes\lanes\config\lanes.yaml.
2022-09-17 09:44:07,997 : INFO : ConfigProcessor : Loading config: C:\pinball\mpfv1\modes\lanes\config\lanes.yaml
2022-09-17 09:44:07,998 : INFO : ConfigProcessor : Config file cache created: C:\Users\dorus\AppData\Local\Temp\9d4ddc5b486987071715110e2b9dff2c.mpf_cache
2022-09-17 09:44:07,999 : INFO : ConfigProcessor : Loading config from cache: C:\Users\dorus\AppData\Local\Temp\f88a77831ebd1fc65525f08072013dbd.mpf_cache
2022-09-17 09:44:08,000 : INFO : Machine : Mission Pinball Framework Core Engine v0.55.0
2022-09-17 09:44:08,000 : INFO : Machine : Command line arguments: {'no_load_cache': False, 'create_config_cache': True, 'bcp': True, 'configfile': ['config.yaml'], 'force_assets_load': False, 'jsonlogging': False, 'logfile': 'logs\\2022-09-17-09-44-07-mpf-LAPTOP-AS8QDAQG.log', 'pause': False, 'production': False, 'text_ui': True, 'loglevel': 15, 'consoleloglevel': 20, 'force_platform': None, 'syslog_address': None, 'mc_file_name': None, 'no_sound': False}
2022-09-17 09:44:08,000 : INFO : Machine : MPF path: C:\Users\dorus\AppData\Local\Programs\Python\Python38\lib\site-packages\mpf
2022-09-17 09:44:08,000 : INFO : Machine : Machine path: C:\pinball\mpfv1
2022-09-17 09:44:08,000 : INFO : Machine : Platform: win32
2022-09-17 09:44:08,000 : INFO : Machine : Python executable location: C:\Users\dorus\AppData\Local\Programs\Python\Python38\python.exe
2022-09-17 09:44:08,000 : INFO : Machine : Python version: 3.8.10 (64-bit)
2022-09-17 09:44:08,002 : INFO : Machine : Initialise MPF.
2022-09-17 09:44:08,161 : INFO : OPP : Connecting to COM7 at 115200bps
2022-09-17 09:44:08,257 : INFO : OPP : Init of OPP board COM7 done
2022-09-17 09:44:08,257 : INFO : EventManager : Event: ======'machine_var_credits_string'====== Args={'value': 'FREE PLAY', 'prev_value': None, 'change': True}
2022-09-17 09:44:08,309 : INFO : EventManager : Event: ======'machine_var_master_volume'====== Args={'value': 0.5, 'prev_value': None, 'change': True}
2022-09-17 09:44:08,309 : INFO : EventManager : Event: ======'machine_var_player1_score'====== Args={'value': 17500, 'prev_value': None, 'change': True}
2022-09-17 09:44:08,310 : INFO : EventManager : Event: ======'machine_var_mpf_version'====== Args={'value': 'MPF v0.55.0', 'prev_value': None, 'change': True}
2022-09-17 09:44:08,310 : INFO : EventManager : Event: ======'machine_var_mpf_extended_version'====== Args={'value': 'MPF v0.55.0, Config version:5, Show version: 5, BCP version:1.1', 'prev_value': None, 'change': True}
2022-09-17 09:44:08,310 : INFO : EventManager : Event: ======'machine_var_python_version'====== Args={'value': '3.8.10', 'prev_value': None, 'change': True}
2022-09-17 09:44:08,319 : INFO : EventManager : Event: ======'machine_var_platform'====== Args={'value': 'Windows-10-10.0.19044-SP0', 'prev_value': None, 'change': True}
2022-09-17 09:44:08,319 : INFO : EventManager : Event: ======'machine_var_platform_system'====== Args={'value': 'Windows', 'prev_value': None, 'change': True}
2022-09-17 09:44:08,320 : INFO : EventManager : Event: ======'machine_var_platform_release'====== Args={'value': '10', 'prev_value': None, 'change': True}
2022-09-17 09:44:08,320 : INFO : EventManager : Event: ======'machine_var_platform_version'====== Args={'value': '10.0.19044', 'prev_value': None, 'change': True}
2022-09-17 09:44:08,320 : INFO : EventManager : Event: ======'machine_var_platform_machine'====== Args={'value': 'AMD64', 'prev_value': None, 'change': True}
2022-09-17 09:44:08,320 : INFO : EventManager : Event: ======'init_phase_1'====== Args={}
2022-09-17 09:44:08,338 : INFO : EventManager : Event: ======'drop_target_bank_db_dropbank_up'====== Args={}
2022-09-17 09:44:08,339 : INFO : EventManager : Event: ======'init_phase_2'====== Args={}
2022-09-17 09:44:08,339 : INFO : SwitchController : Found active switch: ('COM7-0-25', <Platform.OPP>) <switch.s_trough_jam>
2022-09-17 09:44:08,339 : INFO : SwitchController : Found active switch: ('COM7-1-25', <Platform.OPP>) <switch.s_drop1>
2022-09-17 09:44:08,339 : INFO : SwitchController : Found active switch: ('COM7-1-26', <Platform.OPP>) <switch.s_drop2>
2022-09-17 09:44:08,339 : INFO : SwitchController : Found active switch: ('COM7-1-27', <Platform.OPP>) <switch.s_drop3>
2022-09-17 09:44:08,343 : INFO : EventManager : Event: ======'bcp_connection_attempt'====== Args={'name': 'local_display', 'host': 'localhost', 'port': 5050}
2022-09-17 09:44:08,344 : INFO : BCPClientSocket : Connecting BCP to 'local_display' at localhost:5050...
2022-09-17 09:44:10,386 : INFO : BCPClientSocket : Connected BCP to 'local_display' localhost:5050
2022-09-17 09:44:10,387 : INFO : EventManager : Event: ======'bcp_clients_connected'====== Args={}
2022-09-17 09:44:10,397 : INFO : ball_device.bd_trough : BCH: Count is unstable. Trying to reorder balls.
2022-09-17 09:44:10,397 : WARNING : ball_device.bd_trough : Cannot reorder device because eject_coil_reorder_pulse is not configured
2022-09-17 09:44:10,397 : INFO : ball_device.bd_trough : BCH: Repulse done. Waiting for balls to settle.
2022-09-17 09:44:10,398 : INFO : ball_device.bd_trough : BCH: Initial count: 1
2022-09-17 09:44:10,399 : INFO : EventManager : Event: ======'machine_var_mc_version'====== Args={'value': 'MPF-MC v0.55.0', 'prev_value': None, 'change': True}
2022-09-17 09:44:10,400 : INFO : EventManager : Event: ======'machine_var_mc_extended_version'====== Args={'value': 'MPF-MC v0.55.0 (config_version=5, BCP v1.1, Requires MPF v0.55.0-dev.49)', 'prev_value': None, 'change': True}
2022-09-17 09:44:10,403 : INFO : ball_device.bd_trough : State: idle
2022-09-17 09:44:10,416 : INFO : ball_device.bd_plunger : BCH: Initial count: 0
2022-09-17 09:44:10,417 : INFO : ball_device.bd_plunger : State: idle
2022-09-17 09:44:10,418 : INFO : ball_device.bd_vukmid : BCH: Initial count: 0
2022-09-17 09:44:10,419 : INFO : ball_device.bd_vukmid : State: idle
2022-09-17 09:44:10,419 : INFO : ball_device.bd_vuktop : BCH: Initial count: 0
2022-09-17 09:44:10,419 : INFO : ball_device.bd_vuktop : State: idle
2022-09-17 09:44:10,522 : INFO : EventManager : Event: ======'init_phase_3'====== Args={}
2022-09-17 09:44:10,526 : INFO : EventManager : Event: ======'init_phase_4'====== Args={}
2022-09-17 09:44:10,526 : INFO : EventManager : Event: ======'playfield_active'====== Args={}
2022-09-17 09:44:10,526 : INFO : EventManager : Event: ======'unexpected_ball_on_playfield'====== Args={}
2022-09-17 09:44:10,526 : INFO : EventManager : Event: ======'drop_target_d_drop_target1_down'====== Args={'device': <drop_target.d_drop_target1>}
2022-09-17 09:44:10,526 : INFO : EventManager : Event: ======'drop_target_bank_db_dropbank_mixed'====== Args={'prev_value': <DropTargetBankState.UP: 'up'>, 'down': 1}
2022-09-17 09:44:10,526 : INFO : EventManager : Event: ======'playfield_active'====== Args={}
2022-09-17 09:44:10,526 : INFO : EventManager : Event: ======'unexpected_ball_on_playfield'====== Args={}
2022-09-17 09:44:10,526 : INFO : EventManager : Event: ======'drop_target_d_drop_target2_down'====== Args={'device': <drop_target.d_drop_target2>}
2022-09-17 09:44:10,526 : INFO : EventManager : Event: ======'drop_target_bank_db_dropbank_mixed'====== Args={'prev_value': <DropTargetBankState.MIXED: 'mixed'>, 'down': 2}
2022-09-17 09:44:10,526 : INFO : EventManager : Event: ======'playfield_active'====== Args={}
2022-09-17 09:44:10,527 : INFO : EventManager : Event: ======'unexpected_ball_on_playfield'====== Args={}
2022-09-17 09:44:10,527 : INFO : EventManager : Event: ======'drop_target_d_drop_target3_down'====== Args={'device': <drop_target.d_drop_target3>}
2022-09-17 09:44:10,527 : INFO : EventManager : Event: ======'drop_target_bank_db_dropbank_down'====== Args={}
2022-09-17 09:44:10,527 : INFO : BallController : Initial balls found: 1
2022-09-17 09:44:10,528 : INFO : EventManager : Event: ======'machine_var_audits_events_game_ended'====== Args={'value': 0, 'prev_value': None, 'change': True}
2022-09-17 09:44:10,529 : INFO : EventManager : Event: ======'machine_var_audits_events_game_started'====== Args={'value': 0, 'prev_value': None, 'change': True}
2022-09-17 09:44:10,529 : INFO : EventManager : Event: ======'machine_var_audits_player_score'====== Args={'value': {'average': 27625.0, 'top': [41000, 31800, 20200, 17500], 'total': 4}, 'prev_value': None, 'change': True}
2022-09-17 09:44:10,529 : INFO : EventManager : Event: ======'machine_var_audits_shots_lane_top_1'====== Args={'value': 68, 'prev_value': None, 'change': True}
2022-09-17 09:44:10,529 : INFO : EventManager : Event: ======'machine_var_audits_shots_lane_top_2'====== Args={'value': 66, 'prev_value': None, 'change': True}
2022-09-17 09:44:10,529 : INFO : EventManager : Event: ======'machine_var_audits_shots_lane_top_3'====== Args={'value': 58, 'prev_value': None, 'change': True}
2022-09-17 09:44:10,529 : INFO : EventManager : Event: ======'machine_var_audits_shots_orbit'====== Args={'value': 14, 'prev_value': None, 'change': True}
2022-09-17 09:44:10,529 : INFO : EventManager : Event: ======'machine_var_audits_shots_spinner'====== Args={'value': 144, 'prev_value': None, 'change': True}
2022-09-17 09:44:10,530 : INFO : EventManager : Event: ======'machine_var_audits_switches_s_bottomlane1'====== Args={'value': 6, 'prev_value': None, 'change': True}
2022-09-17 09:44:10,530 : INFO : EventManager : Event: ======'machine_var_audits_switches_s_bottomlane2'====== Args={'value': 8, 'prev_value': None, 'change': True}
2022-09-17 09:44:10,530 : INFO : EventManager : Event: ======'machine_var_audits_switches_s_bottomlane3'====== Args={'value': 5, 'prev_value': None, 'change': True}
2022-09-17 09:44:10,530 : INFO : EventManager : Event: ======'machine_var_audits_switches_s_bottomlane4'====== Args={'value': 16, 'prev_value': None, 'change': True}
2022-09-17 09:44:10,530 : INFO : EventManager : Event: ======'machine_var_audits_switches_s_bottomlane5'====== Args={'value': 2, 'prev_value': None, 'change': True}
2022-09-17 09:44:10,530 : INFO : EventManager : Event: ======'machine_var_audits_switches_s_drop1'====== Args={'value': 26, 'prev_value': None, 'change': True}
2022-09-17 09:44:10,530 : INFO : EventManager : Event: ======'machine_var_audits_switches_s_drop2'====== Args={'value': 10, 'prev_value': None, 'change': True}
2022-09-17 09:44:10,530 : INFO : EventManager : Event: ======'machine_var_audits_switches_s_drop3'====== Args={'value': 6, 'prev_value': None, 'change': True}
2022-09-17 09:44:10,531 : INFO : EventManager : Event: ======'machine_var_audits_switches_s_launch'====== Args={'value': 6, 'prev_value': None, 'change': True}
2022-09-17 09:44:10,531 : INFO : EventManager : Event: ======'machine_var_audits_switches_s_left01'====== Args={'value': 26, 'prev_value': None, 'change': True}
2022-09-17 09:44:10,531 : INFO : EventManager : Event: ======'machine_var_audits_switches_s_left02'====== Args={'value': 26, 'prev_value': None, 'change': True}
2022-09-17 09:44:10,531 : INFO : EventManager : Event: ======'machine_var_audits_switches_s_left03'====== Args={'value': 19, 'prev_value': None, 'change': True}
2022-09-17 09:44:10,531 : INFO : EventManager : Event: ======'machine_var_audits_switches_s_left_sling'====== Args={'value': 24, 'prev_value': None, 'change': True}
2022-09-17 09:44:10,531 : INFO : EventManager : Event: ======'machine_var_audits_switches_s_orbit1'====== Args={'value': 36, 'prev_value': None, 'change': True}
2022-09-17 09:44:10,532 : INFO : EventManager : Event: ======'machine_var_audits_switches_s_orbit2'====== Args={'value': 0, 'prev_value': None, 'change': True}
2022-09-17 09:44:10,532 : INFO : EventManager : Event: ======'machine_var_audits_switches_s_plunger_lane'====== Args={'value': 52, 'prev_value': None, 'change': True}
2022-09-17 09:44:10,532 : INFO : EventManager : Event: ======'machine_var_audits_switches_s_popbumber_1'====== Args={'value': 37, 'prev_value': None, 'change': True}
2022-09-17 09:44:10,532 : INFO : EventManager : Event: ======'machine_var_audits_switches_s_popbumber_2'====== Args={'value': 73, 'prev_value': None, 'change': True}
2022-09-17 09:44:10,532 : INFO : EventManager : Event: ======'machine_var_audits_switches_s_popbumber_3'====== Args={'value': 23, 'prev_value': None, 'change': True}
2022-09-17 09:44:10,532 : INFO : EventManager : Event: ======'machine_var_audits_switches_s_ramp'====== Args={'value': 31, 'prev_value': None, 'change': True}
2022-09-17 09:44:10,532 : INFO : EventManager : Event: ======'machine_var_audits_switches_s_right_sling'====== Args={'value': 58, 'prev_value': None, 'change': True}
2022-09-17 09:44:10,533 : INFO : EventManager : Event: ======'machine_var_audits_switches_s_rigth01'====== Args={'value': 53, 'prev_value': None, 'change': True}
2022-09-17 09:44:10,533 : INFO : EventManager : Event: ======'machine_var_audits_switches_s_rigth02'====== Args={'value': 23, 'prev_value': None, 'change': True}
2022-09-17 09:44:10,533 : INFO : EventManager : Event: ======'machine_var_audits_switches_s_rigth03'====== Args={'value': 12, 'prev_value': None, 'change': True}
2022-09-17 09:44:10,533 : INFO : EventManager : Event: ======'machine_var_audits_switches_s_spinner'====== Args={'value': 237, 'prev_value': None, 'change': True}
2022-09-17 09:44:10,533 : INFO : EventManager : Event: ======'machine_var_audits_switches_s_start'====== Args={'value': 0, 'prev_value': None, 'change': True}
2022-09-17 09:44:10,533 : INFO : EventManager : Event: ======'machine_var_audits_switches_s_top'====== Args={'value': 9, 'prev_value': None, 'change': True}
2022-09-17 09:44:10,533 : INFO : EventManager : Event: ======'machine_var_audits_switches_s_toplane1'====== Args={'value': 155, 'prev_value': None, 'change': True}
2022-09-17 09:44:10,534 : INFO : EventManager : Event: ======'machine_var_audits_switches_s_toplane2'====== Args={'value': 73, 'prev_value': None, 'change': True}
2022-09-17 09:44:10,534 : INFO : EventManager : Event: ======'machine_var_audits_switches_s_toplane3'====== Args={'value': 65, 'prev_value': None, 'change': True}
2022-09-17 09:44:10,534 : INFO : EventManager : Event: ======'machine_var_audits_switches_s_trough1'====== Args={'value': 15, 'prev_value': None, 'change': True}
2022-09-17 09:44:10,534 : INFO : EventManager : Event: ======'machine_var_audits_switches_s_trough2'====== Args={'value': 21, 'prev_value': None, 'change': True}
2022-09-17 09:44:10,534 : INFO : EventManager : Event: ======'machine_var_audits_switches_s_trough3'====== Args={'value': 13, 'prev_value': None, 'change': True}
2022-09-17 09:44:10,534 : INFO : EventManager : Event: ======'machine_var_audits_switches_s_trough4'====== Args={'value': 19, 'prev_value': None, 'change': True}
2022-09-17 09:44:10,535 : INFO : EventManager : Event: ======'machine_var_audits_switches_s_trough5'====== Args={'value': 13, 'prev_value': None, 'change': True}
2022-09-17 09:44:10,535 : INFO : EventManager : Event: ======'machine_var_audits_switches_s_trough6'====== Args={'value': 12, 'prev_value': None, 'change': True}
2022-09-17 09:44:10,535 : INFO : EventManager : Event: ======'machine_var_audits_switches_s_trough_jam'====== Args={'value': 14, 'prev_value': None, 'change': True}
2022-09-17 09:44:10,535 : INFO : EventManager : Event: ======'machine_var_audits_switches_s_vukmid'====== Args={'value': 23, 'prev_value': None, 'change': True}
2022-09-17 09:44:10,535 : INFO : EventManager : Event: ======'machine_var_audits_switches_s_vuktop'====== Args={'value': 9, 'prev_value': None, 'change': True}
2022-09-17 09:44:10,536 : INFO : EventManager : Event: ======'init_phase_5'====== Args={}
2022-09-17 09:44:10,552 : INFO : EventManager : Event: ======'init_done'====== Args={}
2022-09-17 09:44:10,553 : INFO : EventManager : Event: ======'machine_reset_phase_1'====== Args={}
2022-09-17 09:44:10,570 : INFO : EventManager : Event: ======'slide_welcome_slide_removed'====== Args={'_from_bcp': True}
2022-09-17 09:44:10,570 : INFO : EventManager : Event: ======'slide_welcome_slide_created'====== Args={'_from_bcp': True}
2022-09-17 09:44:10,571 : INFO : EventManager : Event: ======'slide_welcome_slide_active'====== Args={'_from_bcp': True}
2022-09-17 09:44:10,572 : INFO : EventManager : Event: ======'machine_reset_phase_2'====== Args={}
2022-09-17 09:44:10,574 : INFO : EventManager : Event: ======'machine_reset_phase_3'====== Args={}
2022-09-17 09:44:10,575 : INFO : drop_target_bank.db_dropbank : 3 targets are down. Will reset those.
2022-09-17 09:44:10,575 : INFO : coil.c_drop : Pulsing Driver for 16ms (1.0 pulse_power)
2022-09-17 09:44:10,576 : INFO : EventManager : Event: ======'reset_complete'====== Args={}
2022-09-17 09:44:10,577 : INFO : EventManager : Event: ======'mode_attract_will_start'====== Args={}
2022-09-17 09:44:10,578 : INFO : EventManager : Event: ======'mode_attract_starting'====== Args={}
2022-09-17 09:44:10,578 : INFO : Mode.attract : Started. Priority: 10
2022-09-17 09:44:10,578 : INFO : EventManager : Event: ======'modes_active_modes_changed'====== Args={}
2022-09-17 09:44:10,578 : INFO : EventManager : Event: ======'mode_attract_started'====== Args={}
2022-09-17 09:44:10,579 : INFO : EventManager : Event: ======'collecting_balls_complete'====== Args={}
2022-09-17 09:44:10,599 : INFO : EventManager : Event: ======'slide_awesome_slide_created'====== Args={'_from_bcp': True}
2022-09-17 09:44:10,600 : INFO : Machine : Starting the main run loop.
2022-09-17 09:44:10,611 : INFO : EventManager : Event: ======'slide_awesome_slide_active'====== Args={'_from_bcp': True}
2022-09-17 09:44:10,718 : INFO : SwitchController : <<<<<<< 's_trough1' active >>>>>>>
2022-09-17 09:44:11,030 : INFO : BcpServer : New client connected.
2022-09-17 09:44:11,052 : INFO : SwitchController : <<<<<<< 's_trough2' active >>>>>>>
2022-09-17 09:44:11,392 : INFO : SwitchController : <<<<<<< 's_trough3' active >>>>>>>
2022-09-17 09:44:11,513 : INFO : drop_target_bank.db_dropbank : 3 targets are down. Will reset those.
2022-09-17 09:44:11,513 : INFO : coil.c_drop : Pulsing Driver for 16ms (1.0 pulse_power)
2022-09-17 09:44:11,713 : INFO : SwitchController : <<<<<<< 's_trough4' active >>>>>>>
2022-09-17 09:44:12,210 : INFO : EventManager : Event: ======'balldevice_bd_trough_ball_count_changed'====== Args={'balls': 5}
2022-09-17 09:44:12,211 : INFO : ball_device.bd_trough : Received unexpected ball
2022-09-17 09:44:12,211 : INFO : EventManager : Event: ======'balldevice_captured_from_playfield'====== Args={'balls': 1}
2022-09-17 09:44:12,211 : INFO : EventManager : Event: ======'sw_playfield_active'====== Args={'balls': 1}
2022-09-17 09:44:12,211 : INFO : EventManager : Event: ======'playfield_active'====== Args={}
2022-09-17 09:44:12,213 : INFO : EventManager : Event: ======'unexpected_ball_on_playfield'====== Args={}
2022-09-17 09:44:12,213 : INFO : EventManager : Event: ======'playfield_ball_count_change'====== Args={'balls': -1, 'change': -1}
2022-09-17 09:44:12,215 : INFO : EventManager : Event: ======'balldevice_playfield_ball_enter'====== Args={'new_balls': 1, 'unclaimed_balls': 1, 'device': <playfield.playfield>}
2022-09-17 09:44:12,215 : INFO : EventManager : Event: ======'playfield_ball_count_change'====== Args={'balls': 0, 'change': 1}
2022-09-17 09:44:12,215 : INFO : BallController : Found a new ball which was captured from playfield. Known balls: 2
2022-09-17 09:44:12,216 : INFO : EventManager : Event: ======'found_new_ball'====== Args={}
2022-09-17 09:44:12,216 : INFO : EventManager : Event: ======'balldevice_bd_trough_ball_enter'====== Args={'new_balls': 1, 'unclaimed_balls': 1, 'new_available_balls': 1, 'device': <ball_device.bd_trough>}
2022-09-17 09:44:12,216 : INFO : EventManager : Event: ======'ball_drain'====== Args={'device': <ball_device.bd_trough>, 'balls': 1}
2022-09-17 09:44:12,218 : INFO : EventManager : Event: ======'balldevice_balls_available'====== Args={}
2022-09-17 09:44:12,219 : INFO : EventManager : Event: ======'balldevice_bd_trough_ball_entered'====== Args={'new_balls': 1, 'device': <ball_device.bd_trough>}
2022-09-17 09:44:12,219 : INFO : ball_device.bd_trough : Received unexpected ball
2022-09-17 09:44:12,219 : INFO : EventManager : Event: ======'balldevice_captured_from_playfield'====== Args={'balls': 1}
2022-09-17 09:44:12,220 : INFO : EventManager : Event: ======'sw_playfield_active'====== Args={'balls': 1}
2022-09-17 09:44:12,220 : INFO : EventManager : Event: ======'playfield_active'====== Args={}
2022-09-17 09:44:12,221 : INFO : EventManager : Event: ======'unexpected_ball_on_playfield'====== Args={}
2022-09-17 09:44:12,221 : INFO : EventManager : Event: ======'playfield_ball_count_change'====== Args={'balls': -1, 'change': -1}
2022-09-17 09:44:12,221 : INFO : EventManager : Event: ======'balldevice_playfield_ball_enter'====== Args={'new_balls': 1, 'unclaimed_balls': 1, 'device': <playfield.playfield>}
2022-09-17 09:44:12,221 : INFO : EventManager : Event: ======'playfield_ball_count_change'====== Args={'balls': 0, 'change': 1}
2022-09-17 09:44:12,223 : INFO : BallController : Found a new ball which was captured from playfield. Known balls: 3
2022-09-17 09:44:12,223 : INFO : EventManager : Event: ======'found_new_ball'====== Args={}
2022-09-17 09:44:12,223 : INFO : EventManager : Event: ======'balldevice_bd_trough_ball_enter'====== Args={'new_balls': 1, 'unclaimed_balls': 1, 'new_available_balls': 1, 'device': <ball_device.bd_trough>}
2022-09-17 09:44:12,224 : INFO : EventManager : Event: ======'ball_drain'====== Args={'device': <ball_device.bd_trough>, 'balls': 1}
2022-09-17 09:44:12,225 : INFO : EventManager : Event: ======'balldevice_balls_available'====== Args={}
2022-09-17 09:44:12,225 : INFO : EventManager : Event: ======'balldevice_bd_trough_ball_entered'====== Args={'new_balls': 1, 'device': <ball_device.bd_trough>}
2022-09-17 09:44:12,225 : INFO : ball_device.bd_trough : Received unexpected ball
2022-09-17 09:44:12,225 : INFO : EventManager : Event: ======'balldevice_captured_from_playfield'====== Args={'balls': 1}
2022-09-17 09:44:12,225 : INFO : EventManager : Event: ======'sw_playfield_active'====== Args={'balls': 1}
2022-09-17 09:44:12,225 : INFO : EventManager : Event: ======'playfield_active'====== Args={}
2022-09-17 09:44:12,225 : INFO : EventManager : Event: ======'unexpected_ball_on_playfield'====== Args={}
2022-09-17 09:44:12,225 : INFO : EventManager : Event: ======'playfield_ball_count_change'====== Args={'balls': -1, 'change': -1}
2022-09-17 09:44:12,226 : INFO : EventManager : Event: ======'balldevice_playfield_ball_enter'====== Args={'new_balls': 1, 'unclaimed_balls': 1, 'device': <playfield.playfield>}
2022-09-17 09:44:12,226 : INFO : EventManager : Event: ======'playfield_ball_count_change'====== Args={'balls': 0, 'change': 1}
2022-09-17 09:44:12,226 : INFO : BallController : Found a new ball which was captured from playfield. Known balls: 4
2022-09-17 09:44:12,226 : INFO : EventManager : Event: ======'found_new_ball'====== Args={}
2022-09-17 09:44:12,226 : INFO : EventManager : Event: ======'balldevice_bd_trough_ball_enter'====== Args={'new_balls': 1, 'unclaimed_balls': 1, 'new_available_balls': 1, 'device': <ball_device.bd_trough>}
2022-09-17 09:44:12,227 : INFO : EventManager : Event: ======'ball_drain'====== Args={'device': <ball_device.bd_trough>, 'balls': 1}
2022-09-17 09:44:12,228 : INFO : EventManager : Event: ======'balldevice_balls_available'====== Args={}
2022-09-17 09:44:12,228 : INFO : EventManager : Event: ======'balldevice_bd_trough_ball_entered'====== Args={'new_balls': 1, 'device': <ball_device.bd_trough>}
2022-09-17 09:44:12,228 : INFO : ball_device.bd_trough : Received unexpected ball
2022-09-17 09:44:12,228 : INFO : EventManager : Event: ======'balldevice_captured_from_playfield'====== Args={'balls': 1}
2022-09-17 09:44:12,228 : INFO : EventManager : Event: ======'sw_playfield_active'====== Args={'balls': 1}
2022-09-17 09:44:12,228 : INFO : EventManager : Event: ======'playfield_active'====== Args={}
2022-09-17 09:44:12,228 : INFO : EventManager : Event: ======'unexpected_ball_on_playfield'====== Args={}
2022-09-17 09:44:12,228 : INFO : EventManager : Event: ======'playfield_ball_count_change'====== Args={'balls': -1, 'change': -1}
2022-09-17 09:44:12,230 : INFO : EventManager : Event: ======'balldevice_playfield_ball_enter'====== Args={'new_balls': 1, 'unclaimed_balls': 1, 'device': <playfield.playfield>}
2022-09-17 09:44:12,230 : INFO : EventManager : Event: ======'playfield_ball_count_change'====== Args={'balls': 0, 'change': 1}
2022-09-17 09:44:12,230 : INFO : BallController : Found a new ball which was captured from playfield. Known balls: 5
2022-09-17 09:44:12,230 : INFO : EventManager : Event: ======'found_new_ball'====== Args={}
2022-09-17 09:44:12,231 : INFO : EventManager : Event: ======'balldevice_bd_trough_ball_enter'====== Args={'new_balls': 1, 'unclaimed_balls': 1, 'new_available_balls': 1, 'device': <ball_device.bd_trough>}
2022-09-17 09:44:12,231 : INFO : EventManager : Event: ======'ball_drain'====== Args={'device': <ball_device.bd_trough>, 'balls': 1}
2022-09-17 09:44:12,231 : INFO : EventManager : Event: ======'balldevice_balls_available'====== Args={}
2022-09-17 09:44:12,231 : INFO : EventManager : Event: ======'balldevice_bd_trough_ball_entered'====== Args={'new_balls': 1, 'device': <ball_device.bd_trough>}
2022-09-17 09:44:13,454 : INFO : SwitchController : <<<<<<< 's_start' active >>>>>>>
2022-09-17 09:44:13,577 : INFO : EventManager : Event: ======'slide_press_start_created'====== Args={'_from_bcp': True}
2022-09-17 09:44:13,577 : INFO : EventManager : Event: ======'slide_press_start_active'====== Args={'_from_bcp': True}
2022-09-17 09:44:13,630 : INFO : SwitchController : <<<<<<< 's_start' inactive >>>>>>>
2022-09-17 09:44:13,631 : INFO : EventManager : Event: ======'request_to_start_game'====== Args={}
2022-09-17 09:44:13,632 : INFO : EventManager : Event: ======'game_start'====== Args={'buttons': [], 'hold_time': 0.17200000000593718}
2022-09-17 09:44:13,633 : INFO : EventManager : Event: ======'mode_game_will_start'====== Args={'buttons': [], 'hold_time': 0.17200000000593718}
2022-09-17 09:44:13,634 : INFO : EventManager : Event: ======'mode_game_starting'====== Args={'buttons': [], 'hold_time': 0.17200000000593718}
2022-09-17 09:44:13,634 : INFO : EventManager : Event: ======'mode_attract_will_stop'====== Args={}
2022-09-17 09:44:13,635 : INFO : EventManager : Event: ======'mode_attract_stopping'====== Args={}
2022-09-17 09:44:13,635 : INFO : Mode.attract : Stopped.
2022-09-17 09:44:13,635 : INFO : EventManager : Event: ======'modes_active_modes_changed'====== Args={}
2022-09-17 09:44:13,635 : INFO : EventManager : Event: ======'mode_attract_stopped'====== Args={}
2022-09-17 09:44:13,636 : INFO : EventManager : Event: ======'clear'====== Args={'key': 'attract'}
2022-09-17 09:44:13,636 : INFO : Mode.game : Started. Priority: 20
2022-09-17 09:44:13,636 : INFO : EventManager : Event: ======'modes_active_modes_changed'====== Args={}
2022-09-17 09:44:13,637 : INFO : EventManager : Event: ======'mode_game_started'====== Args={'buttons': [], 'hold_time': 0.17200000000593718}
2022-09-17 09:44:13,649 : INFO : EventManager : Event: ======'game_will_start'====== Args={}
2022-09-17 09:44:13,652 : INFO : EventManager : Event: ======'game_starting'====== Args={'game': <Mode.game>}
2022-09-17 09:44:13,654 : INFO : EventManager : Event: ======'player_add_request'====== Args={}
2022-09-17 09:44:13,656 : INFO : EventManager : Event: ======'player_will_add'====== Args={'number': 1}
2022-09-17 09:44:13,656 : INFO : EventManager : Event: ======'player_adding'====== Args={'player': <Player 1>, 'number': 1}
2022-09-17 09:44:13,657 : INFO : EventManager : Event: ======'player_added'====== Args={'player': <Player 1>, 'num': 1}
2022-09-17 09:44:13,658 : INFO : Mode.game : Player added successfully. Total players: 1
2022-09-17 09:44:13,659 : INFO : EventManager : Event: ======'player_index'====== Args={'value': 0, 'prev_value': 0, 'change': 0, 'player_num': 1}
2022-09-17 09:44:13,660 : INFO : EventManager : Event: ======'player_number'====== Args={'value': 1, 'prev_value': 1, 'change': 0, 'player_num': 1}
2022-09-17 09:44:13,660 : INFO : EventManager : Event: ======'player_score'====== Args={'value': 0, 'prev_value': 0, 'change': 0, 'player_num': 1}
2022-09-17 09:44:13,661 : INFO : EventManager : Event: ======'game_started'====== Args={}
2022-09-17 09:44:13,677 : INFO : EventManager : Event: ======'player_turn_will_start'====== Args={'player': <Player 1>, 'number': 1}
2022-09-17 09:44:13,678 : INFO : EventManager : Event: ======'slide_awesome_slide_removed'====== Args={'_from_bcp': True}
2022-09-17 09:44:13,678 : INFO : EventManager : Event: ======'slide_press_start_removed'====== Args={'_from_bcp': True}
2022-09-17 09:44:13,679 : INFO : EventManager : Event: ======'slide_welcome_slide_active'====== Args={'_from_bcp': True}
2022-09-17 09:44:13,680 : INFO : EventManager : Event: ======'player_turn_starting'====== Args={'player': <Player 1>, 'number': 1}
2022-09-17 09:44:13,681 : INFO : EventManager : Event: ======'player_ball'====== Args={'value': 1, 'prev_value': 0, 'change': 1, 'player_num': 1}
2022-09-17 09:44:13,682 : INFO : EventManager : Event: ======'player_turn_started'====== Args={'player': <Player 1>, 'number': 1}
2022-09-17 09:44:13,683 : INFO : EventManager : Event: ======'ball_will_start'====== Args={'player': 1, 'ball': 1, 'balls_remaining': 2, 'is_extra_ball': False}
2022-09-17 09:44:13,686 : INFO : EventManager : Event: ======'ball_starting'====== Args={'player': 1, 'ball': 1, 'balls_remaining': 2, 'is_extra_ball': False}
2022-09-17 09:44:13,688 : INFO : EventManager : Event: ======'mode_orbit_will_start'====== Args={'queue': <QueuedEvent>, 'player': 1, 'ball': 1, 'balls_remaining': 2, 'is_extra_ball': False}
2022-09-17 09:44:13,688 : INFO : EventManager : Event: ======'player_shot_spinner_enabled'====== Args={'value': True, 'prev_value': 0, 'change': 1, 'player_num': 1}
2022-09-17 09:44:13,688 : INFO : EventManager : Event: ======'player_shot_orbit_enabled'====== Args={'value': True, 'prev_value': 0, 'change': 1, 'player_num': 1}
2022-09-17 09:44:13,689 : INFO : EventManager : Event: ======'mode_orbit_starting'====== Args={'queue': <QueuedEvent>, 'player': 1, 'ball': 1, 'balls_remaining': 2, 'is_extra_ball': False}
2022-09-17 09:44:13,689 : INFO : EventManager : Event: ======'mode_base_will_start'====== Args={'queue': <QueuedEvent>, 'player': 1, 'ball': 1, 'balls_remaining': 2, 'is_extra_ball': False}
2022-09-17 09:44:13,690 : INFO : EventManager : Event: ======'mode_base_starting'====== Args={'queue': <QueuedEvent>, 'player': 1, 'ball': 1, 'balls_remaining': 2, 'is_extra_ball': False}
2022-09-17 09:44:13,690 : INFO : drop_target_bank.db_dropbank : 3 targets are down. Will reset those.
2022-09-17 09:44:13,690 : INFO : coil.c_drop : Pulsing Driver for 16ms (1.0 pulse_power)
2022-09-17 09:44:13,691 : INFO : Mode.base : Started. Priority: 100
2022-09-17 09:44:13,691 : INFO : EventManager : Event: ======'modes_active_modes_changed'====== Args={}
2022-09-17 09:44:13,691 : INFO : EventManager : Event: ======'mode_base_started'====== Args={'queue': <QueuedEvent>, 'player': 1, 'ball': 1, 'balls_remaining': 2, 'is_extra_ball': False}
2022-09-17 09:44:13,692 : INFO : Mode.orbit : Started. Priority: 101
2022-09-17 09:44:13,692 : INFO : EventManager : Event: ======'modes_active_modes_changed'====== Args={}
2022-09-17 09:44:13,692 : INFO : EventManager : Event: ======'mode_orbit_started'====== Args={'queue': <QueuedEvent>, 'player': 1, 'ball': 1, 'balls_remaining': 2, 'is_extra_ball': False}
2022-09-17 09:44:13,693 : INFO : EventManager : Event: ======'balls_in_play'====== Args={'balls': 1}
2022-09-17 09:44:13,694 : INFO : EventManager : Event: ======'ball_started'====== Args={'player': 1, 'ball': 1, 'balls_remaining': 2, 'is_extra_ball': False}
2022-09-17 09:44:13,695 : INFO : EventManager : Event: ======'mode_lanes_will_start'====== Args={'player': 1, 'ball': 1, 'balls_remaining': 2, 'is_extra_ball': False}
2022-09-17 09:44:13,695 : INFO : EventManager : Event: ======'player_shot_lane_top_1_enabled'====== Args={'value': True, 'prev_value': 0, 'change': 1, 'player_num': 1}
2022-09-17 09:44:13,696 : INFO : EventManager : Event: ======'player_shot_lane_top_2_enabled'====== Args={'value': True, 'prev_value': 0, 'change': 1, 'player_num': 1}
2022-09-17 09:44:13,696 : INFO : EventManager : Event: ======'player_shot_lane_top_3_enabled'====== Args={'value': True, 'prev_value': 0, 'change': 1, 'player_num': 1}
2022-09-17 09:44:13,696 : INFO : EventManager : Event: ======'lanes_top_complete'====== Args={'state': 'unlit'}
2022-09-17 09:44:13,697 : INFO : EventManager : Event: ======'lanes_top_unlit_complete'====== Args={}
2022-09-17 09:44:13,698 : INFO : EventManager : Event: ======'mode_lanes_starting'====== Args={'player': 1, 'ball': 1, 'balls_remaining': 2, 'is_extra_ball': False}
2022-09-17 09:44:13,719 : INFO : EventManager : Event: ======'logicblock_lane_top_count_updated'====== Args={'value': 1, 'enabled': True}
2022-09-17 09:44:13,720 : INFO : EventManager : Event: ======'logicblock_lane_top_count_updated'====== Args={'value': 1, 'enabled': True}
2022-09-17 09:44:13,721 : INFO : Mode.lanes : Started. Priority: 110
2022-09-17 09:44:13,721 : INFO : EventManager : Event: ======'modes_active_modes_changed'====== Args={}
2022-09-17 09:44:13,721 : INFO : EventManager : Event: ======'mode_lanes_started'====== Args={'player': 1, 'ball': 1, 'balls_remaining': 2, 'is_extra_ball': False}
2022-09-17 09:44:13,721 : INFO : EventManager : Event: ======'single_player_ball_started'====== Args={}
2022-09-17 09:44:13,723 : INFO : EventManager : Event: ======'player_pf_multiplier'====== Args={'value': 1, 'prev_value': 0, 'change': 1, 'player_num': 1}
2022-09-17 09:44:13,724 : INFO : EventManager : Event: ======'slide_base.slide_player-mode_base_started_created'====== Args={'_from_bcp': True}
2022-09-17 09:44:13,724 : INFO : EventManager : Event: ======'slide_base.slide_player-mode_base_started_active'====== Args={'_from_bcp': True}
2022-09-17 09:44:13,726 : INFO : EventManager : Event: ======'ball_start_target'====== Args={'target': 'playfield'}
2022-09-17 09:44:13,742 : INFO : ball_device.bd_plunger : Setting up player-controlled eject. Balls: 1, Target: <playfield.playfield>, player_controlled_eject_event: s_launch_active
2022-09-17 09:44:13,743 : INFO : EventManager : Event: ======'balldevice_balls_available'====== Args={}
2022-09-17 09:44:13,744 : INFO : ball_device.bd_trough : State: waiting_for_target_ready
2022-09-17 09:44:13,745 : INFO : EventManager : Event: ======'balldevice_bd_trough_ball_eject_attempt'====== Args={'balls': 1, 'target': <ball_device.bd_plunger>, 'source': <ball_device.bd_trough>, 'mechanical_eject': True, 'num_attempts': 0}
2022-09-17 09:44:13,745 : INFO : ball_device.bd_plunger : State: waiting_for_ball
2022-09-17 09:44:13,746 : INFO : ball_device.bd_trough : State: ejecting
2022-09-17 09:44:13,746 : INFO : ball_device.bd_trough : Ejecting ball to <ball_device.bd_plunger>
2022-09-17 09:44:13,746 : INFO : EventManager : Event: ======'balldevice_bd_trough_ejecting_ball'====== Args={'balls': 1, 'target': <ball_device.bd_plunger>, 'source': <ball_device.bd_trough>, 'mechanical_eject': True, 'num_attempts': 0}
2022-09-17 09:44:13,747 : INFO : ball_device.bd_trough : Wait for ball to leave device
2022-09-17 09:44:13,748 : INFO : coil.c_trough_eject : Pulsing Driver for 25ms (1.0 pulse_power)
2022-09-17 09:44:17,147 : INFO : SwitchController : <<<<<<< 's_trough4' inactive >>>>>>>
2022-09-17 09:44:17,154 : INFO : ball_device.bd_trough : State: ball_left
2022-09-17 09:44:17,155 : INFO : ball_device.bd_trough : Ball left
2022-09-17 09:44:17,155 : INFO : ball_device.bd_trough : Wait for confirm with timeout 10.0
2022-09-17 09:44:18,359 : INFO : SwitchController : <<<<<<< 's_plunger_lane' active >>>>>>>
2022-09-17 09:44:18,359 : INFO : EventManager : Event: ======'machine_var_audits_switches_s_plunger_lane'====== Args={'value': 53, 'prev_value': 52, 'change': 1}
2022-09-17 09:44:18,868 : INFO : ball_device.bd_plunger : Received ball from <ball_device.bd_trough>
2022-09-17 09:44:18,868 : INFO : EventManager : Event: ======'balldevice_bd_plunger_ball_enter'====== Args={'new_balls': 1, 'unclaimed_balls': 0, 'new_available_balls': 0, 'device': <ball_device.bd_plunger>}
2022-09-17 09:44:18,870 : INFO : EventManager : Event: ======'balldevice_bd_plunger_ball_entered'====== Args={'new_balls': 0, 'device': <ball_device.bd_plunger>}
2022-09-17 09:44:18,871 : INFO : EventManager : Event: ======'balldevice_bd_plunger_ball_count_changed'====== Args={'balls': 1}
2022-09-17 09:44:18,872 : INFO : ball_device.bd_trough : Got eject confirm
2022-09-17 09:44:18,872 : INFO : ball_device.bd_trough : Eject successful
2022-09-17 09:44:18,872 : INFO : EventManager : Event: ======'balldevice_bd_trough_ball_eject_success'====== Args={'balls': 1, 'target': <ball_device.bd_plunger>}
2022-09-17 09:44:18,874 : INFO : EventManager : Event: ======'balldevice_bd_trough_ball_count_changed'====== Args={'balls': 4}
2022-09-17 09:44:18,875 : INFO : ball_device.bd_trough : State: idle
2022-09-17 09:44:18,875 : INFO : ball_device.bd_plunger : State: waiting_for_target_ready
2022-09-17 09:44:18,875 : INFO : EventManager : Event: ======'balldevice_bd_plunger_ball_eject_attempt'====== Args={'balls': 1, 'target': <playfield.playfield>, 'source': <ball_device.bd_plunger>, 'mechanical_eject': True, 'num_attempts': 0}
2022-09-17 09:44:18,877 : INFO : ball_device.bd_plunger : State: ejecting
2022-09-17 09:44:18,877 : INFO : ball_device.bd_plunger : Ejecting ball to <playfield.playfield>
2022-09-17 09:44:18,878 : INFO : EventManager : Event: ======'balldevice_bd_plunger_ejecting_ball'====== Args={'balls': 1, 'target': <playfield.playfield>, 'source': <ball_device.bd_plunger>, 'mechanical_eject': True, 'num_attempts': 0}
2022-09-17 09:44:18,880 : INFO : ball_device.bd_plunger : Wait for ball to leave device
2022-09-17 09:44:19,901 : INFO : SwitchController : <<<<<<< 's_plunger_lane' inactive >>>>>>>
2022-09-17 09:44:19,909 : INFO : ball_device.bd_plunger : State: ball_left
2022-09-17 09:44:19,909 : INFO : ball_device.bd_plunger : Ball left
2022-09-17 09:44:19,909 : INFO : ball_device.bd_plunger : Wait for confirm with timeout 10.0
2022-09-17 09:44:23,091 : INFO : SwitchController : <<<<<<< 's_toplane1' active >>>>>>>
2022-09-17 09:44:23,091 : INFO : EventManager : Event: ======'playfield_active'====== Args={}
2022-09-17 09:44:23,092 : INFO : EventManager : Event: ======'s_toplane1_active'====== Args={}
2022-09-17 09:44:23,092 : INFO : EventManager : Event: ======'machine_var_audits_switches_s_toplane1'====== Args={'value': 156, 'prev_value': 155, 'change': 1}
2022-09-17 09:44:23,102 : INFO : EventManager : Event: ======'player_shot_lane_top_1'====== Args={'value': 1, 'prev_value': 0, 'change': 1, 'player_num': 1}
2022-09-17 09:44:23,103 : INFO : EventManager : Event: ======'machine_var_audits_shots_lane_top_1'====== Args={'value': 69, 'prev_value': 68, 'change': 1}
2022-09-17 09:44:23,104 : INFO : EventManager : Event: ======'lane_top_1_hit'====== Args={'profile': 'default', 'state': 'unlit', 'advancing': True}
2022-09-17 09:44:23,104 : INFO : EventManager : Event: ======'lane_top_1_default_hit'====== Args={'profile': 'default', 'state': 'unlit', 'advancing': True}
2022-09-17 09:44:23,104 : INFO : EventManager : Event: ======'lane_top_1_default_unlit_hit'====== Args={'profile': 'default', 'state': 'unlit', 'advancing': True}
2022-09-17 09:44:23,105 : INFO : EventManager : Event: ======'lane_top_1_unlit_hit'====== Args={'profile': 'default', 'state': 'unlit', 'advancing': True}
2022-09-17 09:44:23,105 : INFO : EventManager : Event: ======'lanes_top_hit'====== Args={}
2022-09-17 09:44:23,105 : INFO : EventManager : Event: ======'lanes_top_unlit_hit'====== Args={}
2022-09-17 09:44:23,115 : INFO : ball_device.bd_plunger : Got eject confirm
2022-09-17 09:44:23,115 : INFO : ball_device.bd_plunger : Eject successful
2022-09-17 09:44:23,115 : INFO : EventManager : Event: ======'balldevice_bd_plunger_ball_eject_success'====== Args={'balls': 1, 'target': <playfield.playfield>}
2022-09-17 09:44:23,116 : INFO : EventManager : Event: ======'balldevice_playfield_ball_enter'====== Args={'new_balls': 1, 'unclaimed_balls': 1, 'device': <playfield.playfield>}
2022-09-17 09:44:23,116 : INFO : EventManager : Event: ======'playfield_ball_count_change'====== Args={'balls': 1, 'change': 1}
2022-09-17 09:44:23,117 : INFO : EventManager : Event: ======'balldevice_bd_plunger_ball_count_changed'====== Args={'balls': 0}
2022-09-17 09:44:23,117 : INFO : ball_device.bd_plunger : State: idle
2022-09-17 09:44:23,327 : INFO : SwitchController : <<<<<<< 's_toplane1' inactive >>>>>>>
2022-09-17 09:44:23,847 : INFO : SwitchController : <<<<<<< 's_toplane2' active >>>>>>>
2022-09-17 09:44:23,847 : INFO : EventManager : Event: ======'s_toplane2_active'====== Args={}
2022-09-17 09:44:23,848 : INFO : EventManager : Event: ======'machine_var_audits_switches_s_toplane2'====== Args={'value': 74, 'prev_value': 73, 'change': 1}
2022-09-17 09:44:23,850 : INFO : EventManager : Event: ======'player_shot_lane_top_2'====== Args={'value': 1, 'prev_value': 0, 'change': 1, 'player_num': 1}
2022-09-17 09:44:23,851 : INFO : EventManager : Event: ======'machine_var_audits_shots_lane_top_2'====== Args={'value': 67, 'prev_value': 66, 'change': 1}
2022-09-17 09:44:23,852 : INFO : EventManager : Event: ======'lane_top_2_hit'====== Args={'profile': 'default', 'state': 'unlit', 'advancing': True}
2022-09-17 09:44:23,852 : INFO : EventManager : Event: ======'lane_top_2_default_hit'====== Args={'profile': 'default', 'state': 'unlit', 'advancing': True}
2022-09-17 09:44:23,852 : INFO : EventManager : Event: ======'lane_top_2_default_unlit_hit'====== Args={'profile': 'default', 'state': 'unlit', 'advancing': True}
2022-09-17 09:44:23,852 : INFO : EventManager : Event: ======'lane_top_2_unlit_hit'====== Args={'profile': 'default', 'state': 'unlit', 'advancing': True}
2022-09-17 09:44:23,853 : INFO : EventManager : Event: ======'lanes_top_hit'====== Args={}
2022-09-17 09:44:23,853 : INFO : EventManager : Event: ======'lanes_top_unlit_hit'====== Args={}
2022-09-17 09:44:24,052 : INFO : SwitchController : <<<<<<< 's_toplane2' inactive >>>>>>>
2022-09-17 09:44:24,637 : INFO : SwitchController : <<<<<<< 's_toplane3' active >>>>>>>
2022-09-17 09:44:24,637 : INFO : EventManager : Event: ======'s_toplane3_active'====== Args={}
2022-09-17 09:44:24,638 : INFO : EventManager : Event: ======'machine_var_audits_switches_s_toplane3'====== Args={'value': 66, 'prev_value': 65, 'change': 1}
2022-09-17 09:44:24,640 : INFO : EventManager : Event: ======'player_shot_lane_top_3'====== Args={'value': 1, 'prev_value': 0, 'change': 1, 'player_num': 1}
2022-09-17 09:44:24,641 : INFO : EventManager : Event: ======'machine_var_audits_shots_lane_top_3'====== Args={'value': 59, 'prev_value': 58, 'change': 1}
2022-09-17 09:44:24,641 : INFO : EventManager : Event: ======'lane_top_3_hit'====== Args={'profile': 'default', 'state': 'unlit', 'advancing': True}
2022-09-17 09:44:24,642 : INFO : EventManager : Event: ======'lane_top_3_default_hit'====== Args={'profile': 'default', 'state': 'unlit', 'advancing': True}
2022-09-17 09:44:24,642 : INFO : EventManager : Event: ======'lane_top_3_default_unlit_hit'====== Args={'profile': 'default', 'state': 'unlit', 'advancing': True}
2022-09-17 09:44:24,642 : INFO : EventManager : Event: ======'lane_top_3_unlit_hit'====== Args={'profile': 'default', 'state': 'unlit', 'advancing': True}
2022-09-17 09:44:24,642 : INFO : EventManager : Event: ======'lanes_top_complete'====== Args={'state': 'lit'}
2022-09-17 09:44:24,643 : INFO : EventManager : Event: ======'lanes_top_lit_complete'====== Args={}
2022-09-17 09:44:24,643 : INFO : EventManager : Event: ======'lanes_top_hit'====== Args={}
2022-09-17 09:44:24,643 : INFO : EventManager : Event: ======'lanes_top_unlit_hit'====== Args={}
2022-09-17 09:44:24,644 : INFO : EventManager : Event: ======'player_score'====== Args={'value': 1000, 'prev_value': 0, 'change': 1000, 'player_num': 1}
2022-09-17 09:44:24,644 : INFO : EventManager : Event: ======'logicblock_lane_top_count_updated'====== Args={'value': 2, 'enabled': True}
2022-09-17 09:44:24,644 : INFO : EventManager : Event: ======'lanes_top_done'====== Args={'count': 2}
2022-09-17 09:44:24,645 : INFO : EventManager : Event: ======'player_pf_multiplier'====== Args={'value': 2, 'prev_value': 1, 'change': 1, 'player_num': 1}
2022-09-17 09:44:24,795 : INFO : SwitchController : <<<<<<< 's_toplane3' inactive >>>>>>>
2022-09-17 09:44:25,284 : INFO : SwitchController : <<<<<<< 's_toplane3' active >>>>>>>
2022-09-17 09:44:25,284 : INFO : EventManager : Event: ======'s_toplane3_active'====== Args={}
2022-09-17 09:44:25,284 : INFO : EventManager : Event: ======'machine_var_audits_switches_s_toplane3'====== Args={'value': 67, 'prev_value': 66, 'change': 1}
2022-09-17 09:44:25,286 : INFO : EventManager : Event: ======'machine_var_audits_shots_lane_top_3'====== Args={'value': 60, 'prev_value': 59, 'change': 1}
2022-09-17 09:44:25,286 : INFO : EventManager : Event: ======'lane_top_3_hit'====== Args={'profile': 'default', 'state': 'lit', 'advancing': False}
2022-09-17 09:44:25,287 : INFO : EventManager : Event: ======'lane_top_3_default_hit'====== Args={'profile': 'default', 'state': 'lit', 'advancing': False}
2022-09-17 09:44:25,287 : INFO : EventManager : Event: ======'lane_top_3_default_lit_hit'====== Args={'profile': 'default', 'state': 'lit', 'advancing': False}
2022-09-17 09:44:25,287 : INFO : EventManager : Event: ======'lane_top_3_lit_hit'====== Args={'profile': 'default', 'state': 'lit', 'advancing': False}
2022-09-17 09:44:25,288 : INFO : EventManager : Event: ======'lanes_top_hit'====== Args={}
2022-09-17 09:44:25,288 : INFO : EventManager : Event: ======'lanes_top_lit_hit'====== Args={}
2022-09-17 09:44:25,441 : INFO : SwitchController : <<<<<<< 's_toplane3' inactive >>>>>>>
2022-09-17 09:44:25,628 : INFO : SwitchController : <<<<<<< 's_toplane3' active >>>>>>>
2022-09-17 09:44:25,628 : INFO : EventManager : Event: ======'s_toplane3_active'====== Args={}
2022-09-17 09:44:25,628 : INFO : EventManager : Event: ======'machine_var_audits_switches_s_toplane3'====== Args={'value': 68, 'prev_value': 67, 'change': 1}
2022-09-17 09:44:25,630 : INFO : EventManager : Event: ======'machine_var_audits_shots_lane_top_3'====== Args={'value': 61, 'prev_value': 60, 'change': 1}
2022-09-17 09:44:25,631 : INFO : EventManager : Event: ======'lane_top_3_hit'====== Args={'profile': 'default', 'state': 'lit', 'advancing': False}
2022-09-17 09:44:25,631 : INFO : EventManager : Event: ======'lane_top_3_default_hit'====== Args={'profile': 'default', 'state': 'lit', 'advancing': False}
2022-09-17 09:44:25,631 : INFO : EventManager : Event: ======'lane_top_3_default_lit_hit'====== Args={'profile': 'default', 'state': 'lit', 'advancing': False}
2022-09-17 09:44:25,632 : INFO : EventManager : Event: ======'lane_top_3_lit_hit'====== Args={'profile': 'default', 'state': 'lit', 'advancing': False}
2022-09-17 09:44:25,632 : INFO : EventManager : Event: ======'lanes_top_hit'====== Args={}
2022-09-17 09:44:25,632 : INFO : EventManager : Event: ======'lanes_top_lit_hit'====== Args={}
2022-09-17 09:44:25,641 : INFO : EventManager : Event: ======'player_shot_lane_top_1'====== Args={'value': 0, 'prev_value': 1, 'change': -1, 'player_num': 1}
2022-09-17 09:44:25,642 : INFO : EventManager : Event: ======'player_shot_lane_top_2'====== Args={'value': 0, 'prev_value': 1, 'change': -1, 'player_num': 1}
2022-09-17 09:44:25,642 : INFO : EventManager : Event: ======'player_shot_lane_top_3'====== Args={'value': 0, 'prev_value': 1, 'change': -1, 'player_num': 1}
2022-09-17 09:44:25,865 : INFO : SwitchController : <<<<<<< 's_toplane3' inactive >>>>>>>
2022-09-17 09:44:25,880 : INFO : SwitchController : <<<<<<< 's_toplane2' active >>>>>>>
2022-09-17 09:44:25,880 : INFO : EventManager : Event: ======'s_toplane2_active'====== Args={}
2022-09-17 09:44:25,881 : INFO : EventManager : Event: ======'machine_var_audits_switches_s_toplane2'====== Args={'value': 75, 'prev_value': 74, 'change': 1}
2022-09-17 09:44:25,883 : INFO : EventManager : Event: ======'player_shot_lane_top_2'====== Args={'value': 1, 'prev_value': 0, 'change': 1, 'player_num': 1}
2022-09-17 09:44:25,883 : INFO : EventManager : Event: ======'machine_var_audits_shots_lane_top_2'====== Args={'value': 68, 'prev_value': 67, 'change': 1}
2022-09-17 09:44:25,884 : INFO : EventManager : Event: ======'lane_top_2_hit'====== Args={'profile': 'default', 'state': 'unlit', 'advancing': True}
2022-09-17 09:44:25,884 : INFO : EventManager : Event: ======'lane_top_2_default_hit'====== Args={'profile': 'default', 'state': 'unlit', 'advancing': True}
2022-09-17 09:44:25,885 : INFO : EventManager : Event: ======'lane_top_2_default_unlit_hit'====== Args={'profile': 'default', 'state': 'unlit', 'advancing': True}
2022-09-17 09:44:25,885 : INFO : EventManager : Event: ======'lane_top_2_unlit_hit'====== Args={'profile': 'default', 'state': 'unlit', 'advancing': True}
2022-09-17 09:44:25,885 : INFO : EventManager : Event: ======'lanes_top_hit'====== Args={}
2022-09-17 09:44:25,885 : INFO : EventManager : Event: ======'lanes_top_unlit_hit'====== Args={}
2022-09-17 09:44:26,037 : INFO : SwitchController : <<<<<<< 's_toplane2' inactive >>>>>>>
2022-09-17 09:44:26,196 : INFO : SwitchController : <<<<<<< 's_toplane2' active >>>>>>>
2022-09-17 09:44:26,196 : INFO : EventManager : Event: ======'s_toplane2_active'====== Args={}
2022-09-17 09:44:26,197 : INFO : EventManager : Event: ======'machine_var_audits_switches_s_toplane2'====== Args={'value': 76, 'prev_value': 75, 'change': 1}
2022-09-17 09:44:26,198 : INFO : SwitchController : <<<<<<< 's_toplane3' active >>>>>>>
2022-09-17 09:44:26,198 : INFO : EventManager : Event: ======'s_toplane3_active'====== Args={}
2022-09-17 09:44:26,198 : INFO : EventManager : Event: ======'machine_var_audits_switches_s_toplane3'====== Args={'value': 69, 'prev_value': 68, 'change': 1}
2022-09-17 09:44:26,200 : INFO : EventManager : Event: ======'machine_var_audits_shots_lane_top_2'====== Args={'value': 69, 'prev_value': 68, 'change': 1}
2022-09-17 09:44:26,201 : INFO : EventManager : Event: ======'lane_top_2_hit'====== Args={'profile': 'default', 'state': 'lit', 'advancing': False}
2022-09-17 09:44:26,201 : INFO : EventManager : Event: ======'lane_top_2_default_hit'====== Args={'profile': 'default', 'state': 'lit', 'advancing': False}
2022-09-17 09:44:26,202 : INFO : EventManager : Event: ======'lane_top_2_default_lit_hit'====== Args={'profile': 'default', 'state': 'lit', 'advancing': False}
2022-09-17 09:44:26,202 : INFO : EventManager : Event: ======'lane_top_2_lit_hit'====== Args={'profile': 'default', 'state': 'lit', 'advancing': False}
2022-09-17 09:44:26,202 : INFO : EventManager : Event: ======'lanes_top_hit'====== Args={}
2022-09-17 09:44:26,202 : INFO : EventManager : Event: ======'lanes_top_lit_hit'====== Args={}
2022-09-17 09:44:26,202 : INFO : EventManager : Event: ======'player_shot_lane_top_3'====== Args={'value': 1, 'prev_value': 0, 'change': 1, 'player_num': 1}
2022-09-17 09:44:26,203 : INFO : EventManager : Event: ======'machine_var_audits_shots_lane_top_3'====== Args={'value': 62, 'prev_value': 61, 'change': 1}
2022-09-17 09:44:26,204 : INFO : EventManager : Event: ======'lane_top_3_hit'====== Args={'profile': 'default', 'state': 'unlit', 'advancing': True}
2022-09-17 09:44:26,204 : INFO : EventManager : Event: ======'lane_top_3_default_hit'====== Args={'profile': 'default', 'state': 'unlit', 'advancing': True}
2022-09-17 09:44:26,205 : INFO : EventManager : Event: ======'lane_top_3_default_unlit_hit'====== Args={'profile': 'default', 'state': 'unlit', 'advancing': True}
2022-09-17 09:44:26,205 : INFO : EventManager : Event: ======'lane_top_3_unlit_hit'====== Args={'profile': 'default', 'state': 'unlit', 'advancing': True}
2022-09-17 09:44:26,205 : INFO : EventManager : Event: ======'lanes_top_hit'====== Args={}
2022-09-17 09:44:26,205 : INFO : EventManager : Event: ======'lanes_top_unlit_hit'====== Args={}
2022-09-17 09:44:26,434 : INFO : SwitchController : <<<<<<< 's_toplane3' inactive >>>>>>>
2022-09-17 09:44:26,449 : INFO : SwitchController : <<<<<<< 's_toplane2' inactive >>>>>>>
2022-09-17 09:44:27,366 : INFO : SwitchController : <<<<<<< 's_toplane1' active >>>>>>>
2022-09-17 09:44:27,366 : INFO : EventManager : Event: ======'s_toplane1_active'====== Args={}
2022-09-17 09:44:27,366 : INFO : EventManager : Event: ======'machine_var_audits_switches_s_toplane1'====== Args={'value': 157, 'prev_value': 156, 'change': 1}
2022-09-17 09:44:27,368 : INFO : EventManager : Event: ======'player_shot_lane_top_1'====== Args={'value': 1, 'prev_value': 0, 'change': 1, 'player_num': 1}
2022-09-17 09:44:27,368 : INFO : EventManager : Event: ======'machine_var_audits_shots_lane_top_1'====== Args={'value': 70, 'prev_value': 69, 'change': 1}
2022-09-17 09:44:27,370 : INFO : EventManager : Event: ======'lane_top_1_hit'====== Args={'profile': 'default', 'state': 'unlit', 'advancing': True}
2022-09-17 09:44:27,370 : INFO : EventManager : Event: ======'lane_top_1_default_hit'====== Args={'profile': 'default', 'state': 'unlit', 'advancing': True}
2022-09-17 09:44:27,370 : INFO : EventManager : Event: ======'lane_top_1_default_unlit_hit'====== Args={'profile': 'default', 'state': 'unlit', 'advancing': True}
2022-09-17 09:44:27,370 : INFO : EventManager : Event: ======'lane_top_1_unlit_hit'====== Args={'profile': 'default', 'state': 'unlit', 'advancing': True}
2022-09-17 09:44:27,370 : INFO : EventManager : Event: ======'lanes_top_complete'====== Args={'state': 'lit'}
2022-09-17 09:44:27,372 : INFO : EventManager : Event: ======'lanes_top_lit_complete'====== Args={}
2022-09-17 09:44:27,372 : INFO : EventManager : Event: ======'lanes_top_hit'====== Args={}
2022-09-17 09:44:27,372 : INFO : EventManager : Event: ======'lanes_top_unlit_hit'====== Args={}
2022-09-17 09:44:27,372 : INFO : EventManager : Event: ======'player_score'====== Args={'value': 3000, 'prev_value': 1000, 'change': 2000, 'player_num': 1}
2022-09-17 09:44:27,373 : INFO : EventManager : Event: ======'logicblock_lane_top_count_updated'====== Args={'value': 3, 'enabled': True}
2022-09-17 09:44:27,373 : INFO : EventManager : Event: ======'lanes_top_done'====== Args={'count': 3}
2022-09-17 09:44:27,374 : INFO : EventManager : Event: ======'player_pf_multiplier'====== Args={'value': 3, 'prev_value': 2, 'change': 1, 'player_num': 1}
2022-09-17 09:44:27,490 : INFO : SwitchController : <<<<<<< 's_toplane1' inactive >>>>>>>
2022-09-17 09:44:27,614 : INFO : SwitchController : <<<<<<< 's_toplane1' active >>>>>>>
2022-09-17 09:44:27,615 : INFO : EventManager : Event: ======'s_toplane1_active'====== Args={}
2022-09-17 09:44:27,615 : INFO : EventManager : Event: ======'machine_var_audits_switches_s_toplane1'====== Args={'value': 158, 'prev_value': 157, 'change': 1}
2022-09-17 09:44:27,617 : INFO : EventManager : Event: ======'machine_var_audits_shots_lane_top_1'====== Args={'value': 71, 'prev_value': 70, 'change': 1}
2022-09-17 09:44:27,618 : INFO : EventManager : Event: ======'lane_top_1_hit'====== Args={'profile': 'default', 'state': 'lit', 'advancing': False}
2022-09-17 09:44:27,618 : INFO : EventManager : Event: ======'lane_top_1_default_hit'====== Args={'profile': 'default', 'state': 'lit', 'advancing': False}
2022-09-17 09:44:27,618 : INFO : EventManager : Event: ======'lane_top_1_default_lit_hit'====== Args={'profile': 'default', 'state': 'lit', 'advancing': False}
2022-09-17 09:44:27,619 : INFO : EventManager : Event: ======'lane_top_1_lit_hit'====== Args={'profile': 'default', 'state': 'lit', 'advancing': False}
2022-09-17 09:44:27,619 : INFO : EventManager : Event: ======'lanes_top_hit'====== Args={}
2022-09-17 09:44:27,619 : INFO : EventManager : Event: ======'lanes_top_lit_hit'====== Args={}
2022-09-17 09:44:27,708 : INFO : SwitchController : <<<<<<< 's_toplane1' inactive >>>>>>>
2022-09-17 09:44:27,802 : INFO : SwitchController : <<<<<<< 's_toplane1' active >>>>>>>
2022-09-17 09:44:27,802 : INFO : EventManager : Event: ======'s_toplane1_active'====== Args={}
2022-09-17 09:44:27,803 : INFO : EventManager : Event: ======'machine_var_audits_switches_s_toplane1'====== Args={'value': 159, 'prev_value': 158, 'change': 1}
2022-09-17 09:44:27,805 : INFO : EventManager : Event: ======'machine_var_audits_shots_lane_top_1'====== Args={'value': 72, 'prev_value': 71, 'change': 1}
2022-09-17 09:44:27,805 : INFO : EventManager : Event: ======'lane_top_1_hit'====== Args={'profile': 'default', 'state': 'lit', 'advancing': False}
2022-09-17 09:44:27,806 : INFO : EventManager : Event: ======'lane_top_1_default_hit'====== Args={'profile': 'default', 'state': 'lit', 'advancing': False}
2022-09-17 09:44:27,806 : INFO : EventManager : Event: ======'lane_top_1_default_lit_hit'====== Args={'profile': 'default', 'state': 'lit', 'advancing': False}
2022-09-17 09:44:27,806 : INFO : EventManager : Event: ======'lane_top_1_lit_hit'====== Args={'profile': 'default', 'state': 'lit', 'advancing': False}
2022-09-17 09:44:27,806 : INFO : EventManager : Event: ======'lanes_top_hit'====== Args={}
2022-09-17 09:44:27,807 : INFO : EventManager : Event: ======'lanes_top_lit_hit'====== Args={}
2022-09-17 09:44:27,896 : INFO : SwitchController : <<<<<<< 's_toplane1' inactive >>>>>>>
2022-09-17 09:44:28,005 : INFO : SwitchController : <<<<<<< 's_toplane1' active >>>>>>>
2022-09-17 09:44:28,005 : INFO : EventManager : Event: ======'s_toplane1_active'====== Args={}
2022-09-17 09:44:28,006 : INFO : EventManager : Event: ======'machine_var_audits_switches_s_toplane1'====== Args={'value': 160, 'prev_value': 159, 'change': 1}
2022-09-17 09:44:28,007 : INFO : EventManager : Event: ======'machine_var_audits_shots_lane_top_1'====== Args={'value': 73, 'prev_value': 72, 'change': 1}
2022-09-17 09:44:28,008 : INFO : EventManager : Event: ======'lane_top_1_hit'====== Args={'profile': 'default', 'state': 'lit', 'advancing': False}
2022-09-17 09:44:28,008 : INFO : EventManager : Event: ======'lane_top_1_default_hit'====== Args={'profile': 'default', 'state': 'lit', 'advancing': False}
2022-09-17 09:44:28,008 : INFO : EventManager : Event: ======'lane_top_1_default_lit_hit'====== Args={'profile': 'default', 'state': 'lit', 'advancing': False}
2022-09-17 09:44:28,008 : INFO : EventManager : Event: ======'lane_top_1_lit_hit'====== Args={'profile': 'default', 'state': 'lit', 'advancing': False}
2022-09-17 09:44:28,010 : INFO : EventManager : Event: ======'lanes_top_hit'====== Args={}
2022-09-17 09:44:28,010 : INFO : EventManager : Event: ======'lanes_top_lit_hit'====== Args={}
2022-09-17 09:44:28,097 : INFO : SwitchController : <<<<<<< 's_toplane1' inactive >>>>>>>
2022-09-17 09:44:28,145 : INFO : SwitchController : <<<<<<< 's_toplane1' active >>>>>>>
2022-09-17 09:44:28,145 : INFO : EventManager : Event: ======'s_toplane1_active'====== Args={}
2022-09-17 09:44:28,146 : INFO : EventManager : Event: ======'machine_var_audits_switches_s_toplane1'====== Args={'value': 161, 'prev_value': 160, 'change': 1}
2022-09-17 09:44:28,148 : INFO : EventManager : Event: ======'machine_var_audits_shots_lane_top_1'====== Args={'value': 74, 'prev_value': 73, 'change': 1}
2022-09-17 09:44:28,148 : INFO : EventManager : Event: ======'lane_top_1_hit'====== Args={'profile': 'default', 'state': 'lit', 'advancing': False}
2022-09-17 09:44:28,149 : INFO : EventManager : Event: ======'lane_top_1_default_hit'====== Args={'profile': 'default', 'state': 'lit', 'advancing': False}
2022-09-17 09:44:28,149 : INFO : EventManager : Event: ======'lane_top_1_default_lit_hit'====== Args={'profile': 'default', 'state': 'lit', 'advancing': False}
2022-09-17 09:44:28,149 : INFO : EventManager : Event: ======'lane_top_1_lit_hit'====== Args={'profile': 'default', 'state': 'lit', 'advancing': False}
2022-09-17 09:44:28,149 : INFO : EventManager : Event: ======'lanes_top_hit'====== Args={}
2022-09-17 09:44:28,150 : INFO : EventManager : Event: ======'lanes_top_lit_hit'====== Args={}
2022-09-17 09:44:28,287 : INFO : SwitchController : <<<<<<< 's_toplane1' inactive >>>>>>>
2022-09-17 09:44:28,365 : INFO : EventManager : Event: ======'player_shot_lane_top_1'====== Args={'value': 0, 'prev_value': 1, 'change': -1, 'player_num': 1}
2022-09-17 09:44:28,367 : INFO : EventManager : Event: ======'player_shot_lane_top_2'====== Args={'value': 0, 'prev_value': 1, 'change': -1, 'player_num': 1}
2022-09-17 09:44:28,368 : INFO : EventManager : Event: ======'player_shot_lane_top_3'====== Args={'value': 0, 'prev_value': 1, 'change': -1, 'player_num': 1}
2022-09-17 09:44:53,071 : INFO : Machine : Shutting down...
2022-09-17 09:44:53,071 : INFO : EventManager : Event: ======'shutdown'====== Args={}
2022-09-17 09:44:53,075 : ERROR : OPP : Stop called on serial connection COM7
2022-09-17 09:44:53,078 : INFO : root : MPF run loop ended.
