2022-09-16 15:58:55,478 : kivy : Factory: 186 symbols loaded
2022-09-16 15:58:55,683 : kivy : ImageLoaderFFPy: Using ffpyplayer 4.3.2
2022-09-16 15:58:55,683 : kivy : Image: Providers: img_tex, img_dds, img_sdl2, img_pil, img_ffpyplayer 
2022-09-16 15:58:55,754 : kivy : VideoGstplayer: Using Gstreamer 1.18.0.0
2022-09-16 15:58:55,754 : kivy : Video: Provider: gstplayer
2022-09-16 15:58:56,202 : kivy : Loading MPF-MC controller
2022-09-16 15:58:56,209 : YamlMultifileConfigLoader : Machine config file #1: config
2022-09-16 15:58:56,210 : ConfigProcessor : Config file in cache changed: C:\pinball\mpfv1\config\config
2022-09-16 15:58:56,221 : ConfigProcessor : Loading config from file C:\Users\dorus\AppData\Local\Programs\Python\Python38\lib\site-packages\mpfmc\mcconfig.yaml.
2022-09-16 15:58:56,276 : ConfigProcessor : Loading config: C:\Users\dorus\AppData\Local\Programs\Python\Python38\lib\site-packages\mpfmc\mcconfig.yaml
2022-09-16 15:58:56,277 : ConfigProcessor : Loading config from file C:\pinball\mpfv1\config\config.
2022-09-16 15:58:56,279 : ConfigProcessor : Loading config: C:\pinball\mpfv1\config\config
2022-09-16 15:58:56,300 : ConfigProcessor : Loading config: C:\pinball\mpfv1\config\hardware.yaml
2022-09-16 15:58:56,307 : ConfigProcessor : Loading config: C:\pinball\mpfv1\config\sounds.yaml
2022-09-16 15:58:56,310 : ConfigProcessor : Loading config: C:\pinball\mpfv1\config\display.yaml
2022-09-16 15:58:56,317 : ConfigProcessor : Loading config: C:\pinball\mpfv1\config\keyboard.yaml
2022-09-16 15:58:56,318 : ConfigProcessor : Config file cache created: C:\Users\dorus\AppData\Local\Temp\54d4e1f26f77dfcbadc00e9606c45708.mpf_cache
2022-09-16 15:58:56,319 : ConfigProcessor : Loading config from cache: C:\Users\dorus\AppData\Local\Temp\5eb3439dbf16142704b5198a23e9a58c.mpf_cache
2022-09-16 15:58:56,319 : ConfigProcessor : Loading config from cache: C:\Users\dorus\AppData\Local\Temp\336e6d2601ccb63523c70814805acbf1.mpf_cache
2022-09-16 15:58:56,320 : ConfigProcessor : Loading config from cache: C:\Users\dorus\AppData\Local\Temp\d4952d0b9ea6ba2ec58a4f9adbee2d8a.mpf_cache
2022-09-16 15:58:56,320 : mpfmc : Mission Pinball Framework Media Controller v0.55.0
2022-09-16 15:58:56,320 : mpfmc : Mission Pinball Framework Game Engine v0.55.0
2022-09-16 15:58:56,320 : mpfmc : Machine path: C:\pinball\mpfv1
2022-09-16 15:58:56,321 : mpfmc : Starting clock at 60.0Hz
2022-09-16 15:58:56,335 : kivy : Text: Provider: sdl2
2022-09-16 15:58:56,415 : kivy : Window: Provider: sdl2
2022-09-16 15:58:56,566 : kivy : GL: Using the "OpenGL" graphics system
2022-09-16 15:58:56,567 : kivy : GL: GLEW initialization succeeded
2022-09-16 15:58:56,567 : kivy : GL: Backend used <glew>
2022-09-16 15:58:56,567 : kivy : GL: OpenGL version <b'4.6.0 - Build 26.20.100.7372'>
2022-09-16 15:58:56,567 : kivy : GL: OpenGL vendor <b'Intel'>
2022-09-16 15:58:56,567 : kivy : GL: OpenGL renderer <b'Intel(R) UHD Graphics'>
2022-09-16 15:58:56,567 : kivy : GL: OpenGL parsed version: 4, 6
2022-09-16 15:58:56,567 : kivy : GL: Shading version <b'4.60 - Build 26.20.100.7372'>
2022-09-16 15:58:56,567 : kivy : GL: Texture max size <16384>
2022-09-16 15:58:56,568 : kivy : GL: Texture max units <32>
2022-09-16 15:58:56,610 : kivy : Window: auto add sdl2 input provider
2022-09-16 15:58:56,610 : kivy : Window: virtual keyboard not allowed, single mode, not docked
2022-09-16 15:58:56,889 : AudioInterface : Initialized
2022-09-16 15:58:56,889 : AudioInterface : Loaded SDL 2.0.12
2022-09-16 15:58:56,889 : AudioInterface : Loaded SDL_Mixer 2.0.4
2022-09-16 15:58:56,889 : AudioInterface : Loaded GStreamer 1.18.0.0
2022-09-16 15:58:56,889 : AudioInterface : Loaded GLib 2.62.6
2022-09-16 15:58:56,889 : AudioInterface : Settings requested - rate: 44100, channels: 1, buffer: 2048 samples
2022-09-16 15:58:56,889 : AudioInterface : Settings in use - rate: 44100, channels: 1, buffer: 2048 samples (4096 bytes @ 2 bytes per sample)
2022-09-16 15:58:56,889 : SoundSystem : Setting master volume to 0.0
2022-09-16 15:58:56,889 : SoundSystem : master_volume in sound_system is deprecated and will be removed in the future.
2022-09-16 15:58:56,889 : AudioInterface : Enabling audio playback
2022-09-16 15:58:56,891 : kivy : Base: Start application main loop
2022-09-16 15:58:56,892 : EventManager : Event: ======'display_window_initialized'====== Args={}
2022-09-16 15:58:56,903 : mpfmc : Display: Setting 'window' as default display
2022-09-16 15:58:56,912 : EventManager : Event: ======'displays_initialized'====== Args={}
2022-09-16 15:58:56,913 : EventManager : Event: ======'slide_window_blank_created'====== Args={}
2022-09-16 15:58:56,913 : EventManager : Event: ======'display_window_ready'====== Args={}
2022-09-16 15:58:56,921 : EventManager : Event: ======'init_phase_1'====== Args={}
2022-09-16 15:58:56,924 : EventManager : Event: ======'mc_ready'====== Args={}
2022-09-16 15:58:56,924 : EventManager : Event: ======'init_phase_2'====== Args={}
2022-09-16 15:58:56,926 : EventManager : Event: ======'init_phase_3'====== Args={}
2022-09-16 15:58:56,928 : EventManager : Event: ======'init_phase_4'====== Args={}
2022-09-16 15:58:56,929 : EventManager : Event: ======'init_phase_5'====== Args={}
2022-09-16 15:58:56,929 : EventManager : Event: ======'init_done'====== Args={}
2022-09-16 15:58:56,929 : MPF-MC BCP Server : Starting up on localhost port 5050
2022-09-16 15:58:56,932 : MPF-MC BCP Server : Waiting for a connection...
2022-09-16 15:58:56,932 : mpfmc : SlidePlayer: Play called with settings={'slides': {welcome_slide-None-None: {'priority': None, 'target': None, 'background_color': [0.0, 0.0, 0.0, 1.0], 'show': True, 'force': False, 'expire': None, 'slide': None, 'tokens': {}, 'action': 'play', 'transition': None, 'transition_out': None}}}
2022-09-16 15:58:56,936 : kivy : GL: NPOT texture support is available
2022-09-16 15:58:56,937 : EventManager : Event: ======'slide_welcome_slide_created'====== Args={}
2022-09-16 15:58:56,939 : EventManager : Event: ======'slide_welcome_slide_active'====== Args={}
2022-09-16 15:58:56,944 : EventManager : Event: ======'client_disconnected'====== Args={'host': '127.0.0.1', 'port': 5050}
2022-09-16 15:59:01,027 : kivy : Base: Leaving application in progress...
2022-09-16 15:59:01,240 : mpfmc : Stopping...
2022-09-16 15:59:01,240 : EventManager : Event: ======'shutdown'====== Args={}
2022-09-16 15:59:01,240 : AudioInterface : Disabling audio playback
2022-09-16 15:59:01,240 : mpfmc : Loop rate 77.02 Hz
2022-09-16 15:59:01,240 : kivy : MC run loop ended.
2022-09-16 15:59:01,240 : kivy : Stopping child threads... (3 remaining)
2022-09-16 15:59:01,933 : MPF-MC BCP Server : Stopping BCP sending thread
2022-09-16 15:59:01,934 : MPF-MC BCP Server : Stopping BCP listener thread
2022-09-16 15:59:01,998 : kivy : All child threads stopped.
