2022-09-16 15:56:00,102 : INFO : root : Loading config.
2022-09-16 15:56:00,105 : INFO : YamlMultifileConfigLoader : Machine config file #1: config.yaml
2022-09-16 15:56:00,106 : INFO : ConfigProcessor : Loading config from cache: C:\Users\dorus\AppData\Local\Temp\0aa359e6326ef14bcc36d32fc9dec35b.mpf_cache
2022-09-16 15:56:00,115 : WARNING : ConfigProcessor : Config file in cache changed: C:\pinball\mpfv1\config\keyboard.yaml
2022-09-16 15:56:00,116 : INFO : ConfigProcessor : Loading config from file C:\Users\dorus\AppData\Local\Programs\Python\Python38\lib\site-packages\mpf\mpfconfig.yaml.
2022-09-16 15:56:00,171 : INFO : ConfigProcessor : Loading config: C:\Users\dorus\AppData\Local\Programs\Python\Python38\lib\site-packages\mpf\mpfconfig.yaml
2022-09-16 15:56:00,172 : INFO : ConfigProcessor : Loading config from file C:\pinball\mpfv1\config\config.yaml.
2022-09-16 15:56:00,174 : INFO : ConfigProcessor : Loading config: C:\pinball\mpfv1\config\config.yaml
2022-09-16 15:56:00,197 : INFO : ConfigProcessor : Loading config: C:\pinball\mpfv1\config\hardware.yaml
2022-09-16 15:56:00,205 : INFO : ConfigProcessor : Loading config: C:\pinball\mpfv1\config\sounds.yaml
2022-09-16 15:56:00,208 : INFO : ConfigProcessor : Loading config: C:\pinball\mpfv1\config\display.yaml
2022-09-16 15:56:00,221 : INFO : ConfigProcessor : Loading config: C:\pinball\mpfv1\config\keyboard.yaml
2022-09-16 15:56:00,223 : INFO : ConfigProcessor : Config file cache created: C:\Users\dorus\AppData\Local\Temp\0aa359e6326ef14bcc36d32fc9dec35b.mpf_cache
2022-09-16 15:56:00,298 : INFO : ConfigProcessor : Loading config from cache: C:\Users\dorus\AppData\Local\Temp\5eb3439dbf16142704b5198a23e9a58c.mpf_cache
2022-09-16 15:56:00,298 : INFO : ConfigProcessor : Loading config from cache: C:\Users\dorus\AppData\Local\Temp\336e6d2601ccb63523c70814805acbf1.mpf_cache
2022-09-16 15:56:00,299 : INFO : ConfigProcessor : Loading config from cache: C:\Users\dorus\AppData\Local\Temp\d4952d0b9ea6ba2ec58a4f9adbee2d8a.mpf_cache
2022-09-16 15:56:00,300 : INFO : ConfigProcessor : Loading config from cache: C:\Users\dorus\AppData\Local\Temp\f88a77831ebd1fc65525f08072013dbd.mpf_cache
2022-09-16 15:56:00,301 : INFO : Machine : Mission Pinball Framework Core Engine v0.55.0
2022-09-16 15:56:00,301 : INFO : Machine : Command line arguments: {'no_load_cache': False, 'create_config_cache': True, 'bcp': True, 'configfile': ['config.yaml'], 'force_assets_load': False, 'jsonlogging': False, 'logfile': 'logs\\2022-09-16-15-56-00-mpf-LAPTOP-AS8QDAQG.log', 'pause': False, 'production': False, 'text_ui': True, 'loglevel': 15, 'consoleloglevel': 20, 'force_platform': None, 'syslog_address': None, 'mc_file_name': None, 'no_sound': False}
2022-09-16 15:56:00,301 : INFO : Machine : MPF path: C:\Users\dorus\AppData\Local\Programs\Python\Python38\lib\site-packages\mpf
2022-09-16 15:56:00,301 : INFO : Machine : Machine path: C:\pinball\mpfv1
2022-09-16 15:56:00,301 : INFO : Machine : Platform: win32
2022-09-16 15:56:00,301 : INFO : Machine : Python executable location: C:\Users\dorus\AppData\Local\Programs\Python\Python38\python.exe
2022-09-16 15:56:00,301 : INFO : Machine : Python version: 3.8.10 (64-bit)
2022-09-16 15:56:00,304 : INFO : Machine : Initialise MPF.
2022-09-16 15:56:00,440 : INFO : OPP : Connecting to COM7 at 115200bps
2022-09-16 15:56:00,537 : INFO : OPP : Init of OPP board COM7 done
2022-09-16 15:56:00,538 : INFO : EventManager : Event: ======'machine_var_credits_string'====== Args={'value': 'FREE PLAY', 'prev_value': None, 'change': True}
2022-09-16 15:56:00,594 : INFO : EventManager : Event: ======'machine_var_master_volume'====== Args={'value': 0.5, 'prev_value': None, 'change': True}
2022-09-16 15:56:00,594 : INFO : EventManager : Event: ======'machine_var_player1_score'====== Args={'value': 41000, 'prev_value': None, 'change': True}
2022-09-16 15:56:00,594 : INFO : EventManager : Event: ======'machine_var_mpf_version'====== Args={'value': 'MPF v0.55.0', 'prev_value': None, 'change': True}
2022-09-16 15:56:00,594 : INFO : EventManager : Event: ======'machine_var_mpf_extended_version'====== Args={'value': 'MPF v0.55.0, Config version:5, Show version: 5, BCP version:1.1', 'prev_value': None, 'change': True}
2022-09-16 15:56:00,594 : INFO : EventManager : Event: ======'machine_var_python_version'====== Args={'value': '3.8.10', 'prev_value': None, 'change': True}
2022-09-16 15:56:00,604 : INFO : EventManager : Event: ======'machine_var_platform'====== Args={'value': 'Windows-10-10.0.19044-SP0', 'prev_value': None, 'change': True}
2022-09-16 15:56:00,604 : INFO : EventManager : Event: ======'machine_var_platform_system'====== Args={'value': 'Windows', 'prev_value': None, 'change': True}
2022-09-16 15:56:00,604 : INFO : EventManager : Event: ======'machine_var_platform_release'====== Args={'value': '10', 'prev_value': None, 'change': True}
2022-09-16 15:56:00,604 : INFO : EventManager : Event: ======'machine_var_platform_version'====== Args={'value': '10.0.19044', 'prev_value': None, 'change': True}
2022-09-16 15:56:00,604 : INFO : EventManager : Event: ======'machine_var_platform_machine'====== Args={'value': 'AMD64', 'prev_value': None, 'change': True}
2022-09-16 15:56:00,604 : INFO : EventManager : Event: ======'init_phase_1'====== Args={}
2022-09-16 15:56:00,622 : INFO : EventManager : Event: ======'drop_target_bank_db_dropbank_up'====== Args={}
2022-09-16 15:56:00,627 : INFO : EventManager : Event: ======'init_phase_2'====== Args={}
2022-09-16 15:56:00,628 : INFO : SwitchController : Found active switch: ('COM7-0-25', <Platform.OPP>) <switch.s_trough_jam>
2022-09-16 15:56:00,631 : INFO : EventManager : Event: ======'bcp_connection_attempt'====== Args={'name': 'local_display', 'host': 'localhost', 'port': 5050}
2022-09-16 15:56:00,633 : INFO : BCPClientSocket : Connecting BCP to 'local_display' at localhost:5050...
2022-09-16 15:56:02,664 : INFO : BCPClientSocket : Connected BCP to 'local_display' localhost:5050
2022-09-16 15:56:02,665 : INFO : EventManager : Event: ======'bcp_clients_connected'====== Args={}
2022-09-16 15:56:02,669 : INFO : ball_device.bd_trough : BCH: Count is unstable. Trying to reorder balls.
2022-09-16 15:56:02,669 : WARNING : ball_device.bd_trough : Cannot reorder device because eject_coil_reorder_pulse is not configured
2022-09-16 15:56:02,669 : INFO : ball_device.bd_trough : BCH: Repulse done. Waiting for balls to settle.
2022-09-16 15:56:02,670 : INFO : ball_device.bd_trough : BCH: Initial count: 1
2022-09-16 15:56:02,670 : INFO : ball_device.bd_trough : State: idle
2022-09-16 15:56:02,671 : INFO : EventManager : Event: ======'machine_var_mc_version'====== Args={'value': 'MPF-MC v0.55.0', 'prev_value': None, 'change': True}
2022-09-16 15:56:02,671 : INFO : EventManager : Event: ======'machine_var_mc_extended_version'====== Args={'value': 'MPF-MC v0.55.0 (config_version=5, BCP v1.1, Requires MPF v0.55.0-dev.49)', 'prev_value': None, 'change': True}
2022-09-16 15:56:02,689 : INFO : ball_device.bd_plunger : BCH: Initial count: 0
2022-09-16 15:56:02,689 : INFO : ball_device.bd_plunger : State: idle
2022-09-16 15:56:02,690 : INFO : ball_device.bd_vukmid : BCH: Initial count: 0
2022-09-16 15:56:02,691 : INFO : ball_device.bd_vukmid : State: idle
2022-09-16 15:56:02,691 : INFO : ball_device.bd_vuktop : BCH: Initial count: 0
2022-09-16 15:56:02,691 : INFO : ball_device.bd_vuktop : State: idle
2022-09-16 15:56:02,759 : INFO : EventManager : Event: ======'init_phase_3'====== Args={}
2022-09-16 15:56:02,765 : INFO : EventManager : Event: ======'init_phase_4'====== Args={}
2022-09-16 15:56:02,765 : INFO : EventManager : Event: ======'playfield_active'====== Args={}
2022-09-16 15:56:02,765 : INFO : EventManager : Event: ======'unexpected_ball_on_playfield'====== Args={}
2022-09-16 15:56:02,765 : INFO : EventManager : Event: ======'playfield_active'====== Args={}
2022-09-16 15:56:02,766 : INFO : EventManager : Event: ======'unexpected_ball_on_playfield'====== Args={}
2022-09-16 15:56:02,766 : INFO : EventManager : Event: ======'playfield_active'====== Args={}
2022-09-16 15:56:02,766 : INFO : EventManager : Event: ======'unexpected_ball_on_playfield'====== Args={}
2022-09-16 15:56:02,766 : INFO : BallController : Initial balls found: 1
2022-09-16 15:56:02,767 : INFO : EventManager : Event: ======'machine_var_audits_events_game_ended'====== Args={'value': 0, 'prev_value': None, 'change': True}
2022-09-16 15:56:02,767 : INFO : EventManager : Event: ======'machine_var_audits_events_game_started'====== Args={'value': 0, 'prev_value': None, 'change': True}
2022-09-16 15:56:02,768 : INFO : EventManager : Event: ======'machine_var_audits_player_score'====== Args={'value': {'average': 41000.0, 'top': [41000], 'total': 1}, 'prev_value': None, 'change': True}
2022-09-16 15:56:02,768 : INFO : EventManager : Event: ======'machine_var_audits_switches_s_bottomlane1'====== Args={'value': 0, 'prev_value': None, 'change': True}
2022-09-16 15:56:02,768 : INFO : EventManager : Event: ======'machine_var_audits_switches_s_bottomlane2'====== Args={'value': 0, 'prev_value': None, 'change': True}
2022-09-16 15:56:02,768 : INFO : EventManager : Event: ======'machine_var_audits_switches_s_bottomlane3'====== Args={'value': 0, 'prev_value': None, 'change': True}
2022-09-16 15:56:02,768 : INFO : EventManager : Event: ======'machine_var_audits_switches_s_bottomlane4'====== Args={'value': 1, 'prev_value': None, 'change': True}
2022-09-16 15:56:02,768 : INFO : EventManager : Event: ======'machine_var_audits_switches_s_bottomlane5'====== Args={'value': 0, 'prev_value': None, 'change': True}
2022-09-16 15:56:02,768 : INFO : EventManager : Event: ======'machine_var_audits_switches_s_drop1'====== Args={'value': 2, 'prev_value': None, 'change': True}
2022-09-16 15:56:02,769 : INFO : EventManager : Event: ======'machine_var_audits_switches_s_drop2'====== Args={'value': 1, 'prev_value': None, 'change': True}
2022-09-16 15:56:02,769 : INFO : EventManager : Event: ======'machine_var_audits_switches_s_drop3'====== Args={'value': 1, 'prev_value': None, 'change': True}
2022-09-16 15:56:02,769 : INFO : EventManager : Event: ======'machine_var_audits_switches_s_launch'====== Args={'value': 1, 'prev_value': None, 'change': True}
2022-09-16 15:56:02,769 : INFO : EventManager : Event: ======'machine_var_audits_switches_s_left01'====== Args={'value': 0, 'prev_value': None, 'change': True}
2022-09-16 15:56:02,769 : INFO : EventManager : Event: ======'machine_var_audits_switches_s_left02'====== Args={'value': 3, 'prev_value': None, 'change': True}
2022-09-16 15:56:02,769 : INFO : EventManager : Event: ======'machine_var_audits_switches_s_left03'====== Args={'value': 0, 'prev_value': None, 'change': True}
2022-09-16 15:56:02,769 : INFO : EventManager : Event: ======'machine_var_audits_switches_s_left_sling'====== Args={'value': 1, 'prev_value': None, 'change': True}
2022-09-16 15:56:02,769 : INFO : EventManager : Event: ======'machine_var_audits_switches_s_plunger_lane'====== Args={'value': 17, 'prev_value': None, 'change': True}
2022-09-16 15:56:02,769 : INFO : EventManager : Event: ======'machine_var_audits_switches_s_popbumber_1'====== Args={'value': 0, 'prev_value': None, 'change': True}
2022-09-16 15:56:02,770 : INFO : EventManager : Event: ======'machine_var_audits_switches_s_popbumber_2'====== Args={'value': 7, 'prev_value': None, 'change': True}
2022-09-16 15:56:02,770 : INFO : EventManager : Event: ======'machine_var_audits_switches_s_popbumber_3'====== Args={'value': 0, 'prev_value': None, 'change': True}
2022-09-16 15:56:02,770 : INFO : EventManager : Event: ======'machine_var_audits_switches_s_ramp'====== Args={'value': 6, 'prev_value': None, 'change': True}
2022-09-16 15:56:02,770 : INFO : EventManager : Event: ======'machine_var_audits_switches_s_right_sling'====== Args={'value': 7, 'prev_value': None, 'change': True}
2022-09-16 15:56:02,770 : INFO : EventManager : Event: ======'machine_var_audits_switches_s_rigth01'====== Args={'value': 6, 'prev_value': None, 'change': True}
2022-09-16 15:56:02,770 : INFO : EventManager : Event: ======'machine_var_audits_switches_s_rigth02'====== Args={'value': 5, 'prev_value': None, 'change': True}
2022-09-16 15:56:02,770 : INFO : EventManager : Event: ======'machine_var_audits_switches_s_rigth03'====== Args={'value': 0, 'prev_value': None, 'change': True}
2022-09-16 15:56:02,771 : INFO : EventManager : Event: ======'machine_var_audits_switches_s_spinner'====== Args={'value': 13, 'prev_value': None, 'change': True}
2022-09-16 15:56:02,771 : INFO : EventManager : Event: ======'machine_var_audits_switches_s_start'====== Args={'value': 0, 'prev_value': None, 'change': True}
2022-09-16 15:56:02,771 : INFO : EventManager : Event: ======'machine_var_audits_switches_s_top'====== Args={'value': 0, 'prev_value': None, 'change': True}
2022-09-16 15:56:02,771 : INFO : EventManager : Event: ======'machine_var_audits_switches_s_toplane1'====== Args={'value': 57, 'prev_value': None, 'change': True}
2022-09-16 15:56:02,771 : INFO : EventManager : Event: ======'machine_var_audits_switches_s_toplane2'====== Args={'value': 0, 'prev_value': None, 'change': True}
2022-09-16 15:56:02,771 : INFO : EventManager : Event: ======'machine_var_audits_switches_s_toplane3'====== Args={'value': 0, 'prev_value': None, 'change': True}
2022-09-16 15:56:02,772 : INFO : EventManager : Event: ======'machine_var_audits_switches_s_trough1'====== Args={'value': 2, 'prev_value': None, 'change': True}
2022-09-16 15:56:02,772 : INFO : EventManager : Event: ======'machine_var_audits_switches_s_trough2'====== Args={'value': 8, 'prev_value': None, 'change': True}
2022-09-16 15:56:02,772 : INFO : EventManager : Event: ======'machine_var_audits_switches_s_trough3'====== Args={'value': 1, 'prev_value': None, 'change': True}
2022-09-16 15:56:02,772 : INFO : EventManager : Event: ======'machine_var_audits_switches_s_trough4'====== Args={'value': 4, 'prev_value': None, 'change': True}
2022-09-16 15:56:02,772 : INFO : EventManager : Event: ======'machine_var_audits_switches_s_trough5'====== Args={'value': 0, 'prev_value': None, 'change': True}
2022-09-16 15:56:02,772 : INFO : EventManager : Event: ======'machine_var_audits_switches_s_trough6'====== Args={'value': 0, 'prev_value': None, 'change': True}
2022-09-16 15:56:02,773 : INFO : EventManager : Event: ======'machine_var_audits_switches_s_trough_jam'====== Args={'value': 1, 'prev_value': None, 'change': True}
2022-09-16 15:56:02,774 : INFO : EventManager : Event: ======'machine_var_audits_switches_s_vukmid'====== Args={'value': 0, 'prev_value': None, 'change': True}
2022-09-16 15:56:02,774 : INFO : EventManager : Event: ======'machine_var_audits_switches_s_vuktop'====== Args={'value': 6, 'prev_value': None, 'change': True}
2022-09-16 15:56:02,776 : INFO : EventManager : Event: ======'init_phase_5'====== Args={}
2022-09-16 15:56:02,788 : INFO : EventManager : Event: ======'init_done'====== Args={}
2022-09-16 15:56:02,789 : INFO : EventManager : Event: ======'machine_reset_phase_1'====== Args={}
2022-09-16 15:56:02,799 : INFO : EventManager : Event: ======'slide_welcome_slide_removed'====== Args={'_from_bcp': True}
2022-09-16 15:56:02,799 : INFO : EventManager : Event: ======'slide_welcome_slide_created'====== Args={'_from_bcp': True}
2022-09-16 15:56:02,799 : INFO : EventManager : Event: ======'slide_welcome_slide_active'====== Args={'_from_bcp': True}
2022-09-16 15:56:02,800 : INFO : EventManager : Event: ======'machine_reset_phase_2'====== Args={}
2022-09-16 15:56:02,801 : INFO : EventManager : Event: ======'machine_reset_phase_3'====== Args={}
2022-09-16 15:56:02,802 : INFO : drop_target_bank.db_dropbank : All targets are already up. Will not reset bank.
2022-09-16 15:56:02,802 : INFO : EventManager : Event: ======'reset_complete'====== Args={}
2022-09-16 15:56:02,803 : INFO : EventManager : Event: ======'mode_attract_will_start'====== Args={}
2022-09-16 15:56:02,803 : INFO : EventManager : Event: ======'mode_attract_starting'====== Args={}
2022-09-16 15:56:02,803 : INFO : Mode.attract : Started. Priority: 10
2022-09-16 15:56:02,804 : INFO : EventManager : Event: ======'modes_active_modes_changed'====== Args={}
2022-09-16 15:56:02,804 : INFO : EventManager : Event: ======'mode_attract_started'====== Args={}
2022-09-16 15:56:02,804 : INFO : EventManager : Event: ======'collecting_balls_complete'====== Args={}
2022-09-16 15:56:02,824 : INFO : EventManager : Event: ======'slide_awesome_slide_created'====== Args={'_from_bcp': True}
2022-09-16 15:56:02,824 : INFO : EventManager : Event: ======'slide_awesome_slide_active'====== Args={'_from_bcp': True}
2022-09-16 15:56:02,825 : INFO : Machine : Starting the main run loop.
2022-09-16 15:56:06,090 : INFO : EventManager : Event: ======'slide_press_start_created'====== Args={'_from_bcp': True}
2022-09-16 15:56:06,090 : INFO : EventManager : Event: ======'slide_press_start_active'====== Args={'_from_bcp': True}
2022-09-16 15:56:08,822 : INFO : EventManager : Event: ======'slide_mission_pinball_created'====== Args={'_from_bcp': True}
2022-09-16 15:56:08,824 : INFO : EventManager : Event: ======'slide_mission_pinball_active'====== Args={'_from_bcp': True}
2022-09-16 15:56:11,815 : INFO : EventManager : Event: ======'slide_awesome_slide_removed'====== Args={'_from_bcp': True}
2022-09-16 15:56:11,818 : INFO : EventManager : Event: ======'slide_awesome_slide_created'====== Args={'_from_bcp': True}
2022-09-16 15:56:11,818 : INFO : EventManager : Event: ======'slide_awesome_slide_active'====== Args={'_from_bcp': True}
2022-09-16 15:56:14,821 : INFO : EventManager : Event: ======'slide_press_start_removed'====== Args={'_from_bcp': True}
2022-09-16 15:56:14,821 : INFO : EventManager : Event: ======'slide_press_start_created'====== Args={'_from_bcp': True}
2022-09-16 15:56:14,822 : INFO : EventManager : Event: ======'slide_press_start_active'====== Args={'_from_bcp': True}
2022-09-16 15:56:17,801 : INFO : EventManager : Event: ======'slide_mission_pinball_removed'====== Args={'_from_bcp': True}
2022-09-16 15:56:17,805 : INFO : EventManager : Event: ======'slide_mission_pinball_created'====== Args={'_from_bcp': True}
2022-09-16 15:56:17,806 : INFO : EventManager : Event: ======'slide_mission_pinball_active'====== Args={'_from_bcp': True}
2022-09-16 15:56:20,806 : INFO : EventManager : Event: ======'slide_awesome_slide_removed'====== Args={'_from_bcp': True}
2022-09-16 15:56:20,813 : INFO : EventManager : Event: ======'slide_awesome_slide_created'====== Args={'_from_bcp': True}
2022-09-16 15:56:20,814 : INFO : EventManager : Event: ======'slide_awesome_slide_active'====== Args={'_from_bcp': True}
2022-09-16 15:56:23,815 : INFO : EventManager : Event: ======'slide_press_start_removed'====== Args={'_from_bcp': True}
2022-09-16 15:56:23,815 : INFO : EventManager : Event: ======'slide_press_start_created'====== Args={'_from_bcp': True}
2022-09-16 15:56:23,815 : INFO : EventManager : Event: ======'slide_press_start_active'====== Args={'_from_bcp': True}
2022-09-16 15:56:26,809 : INFO : EventManager : Event: ======'slide_mission_pinball_removed'====== Args={'_from_bcp': True}
2022-09-16 15:56:26,810 : INFO : EventManager : Event: ======'slide_mission_pinball_created'====== Args={'_from_bcp': True}
2022-09-16 15:56:26,810 : INFO : EventManager : Event: ======'slide_mission_pinball_active'====== Args={'_from_bcp': True}
2022-09-16 15:56:29,812 : INFO : EventManager : Event: ======'slide_awesome_slide_removed'====== Args={'_from_bcp': True}
2022-09-16 15:56:29,812 : INFO : EventManager : Event: ======'slide_awesome_slide_created'====== Args={'_from_bcp': True}
2022-09-16 15:56:29,813 : INFO : EventManager : Event: ======'slide_awesome_slide_active'====== Args={'_from_bcp': True}
2022-09-16 15:56:32,819 : INFO : EventManager : Event: ======'slide_press_start_removed'====== Args={'_from_bcp': True}
2022-09-16 15:56:32,821 : INFO : EventManager : Event: ======'slide_press_start_created'====== Args={'_from_bcp': True}
2022-09-16 15:56:32,823 : INFO : EventManager : Event: ======'slide_press_start_active'====== Args={'_from_bcp': True}
2022-09-16 15:56:34,973 : INFO : Machine : Shutting down...
2022-09-16 15:56:34,973 : INFO : EventManager : Event: ======'shutdown'====== Args={}
2022-09-16 15:56:34,980 : ERROR : OPP : Stop called on serial connection COM7
2022-09-16 15:56:34,983 : INFO : root : MPF run loop ended.
