2022-09-17 09:48:30,602 : kivy : Factory: 186 symbols loaded
2022-09-17 09:48:30,810 : kivy : ImageLoaderFFPy: Using ffpyplayer 4.3.2
2022-09-17 09:48:30,810 : kivy : Image: Providers: img_tex, img_dds, img_sdl2, img_pil, img_ffpyplayer 
2022-09-17 09:48:30,893 : kivy : VideoGstplayer: Using Gstreamer 1.18.0.0
2022-09-17 09:48:30,893 : kivy : Video: Provider: gstplayer
2022-09-17 09:48:31,365 : kivy : Loading MPF-MC controller
2022-09-17 09:48:31,370 : YamlMultifileConfigLoader : Machine config file #1: config
2022-09-17 09:48:31,371 : ConfigProcessor : Config file in cache changed: C:\pinball\mpfv1\config\config
2022-09-17 09:48:31,383 : ConfigProcessor : Loading config from file C:\Users\dorus\AppData\Local\Programs\Python\Python38\lib\site-packages\mpfmc\mcconfig.yaml.
2022-09-17 09:48:31,448 : ConfigProcessor : Loading config: C:\Users\dorus\AppData\Local\Programs\Python\Python38\lib\site-packages\mpfmc\mcconfig.yaml
2022-09-17 09:48:31,449 : ConfigProcessor : Loading config from file C:\pinball\mpfv1\config\config.
2022-09-17 09:48:31,454 : ConfigProcessor : Loading config: C:\pinball\mpfv1\config\config
2022-09-17 09:48:31,479 : ConfigProcessor : Loading config: C:\pinball\mpfv1\config\hardware.yaml
2022-09-17 09:48:31,494 : ConfigProcessor : Loading config: C:\pinball\mpfv1\config\sounds.yaml
2022-09-17 09:48:31,503 : ConfigProcessor : Loading config: C:\pinball\mpfv1\config\display.yaml
2022-09-17 09:48:31,520 : ConfigProcessor : Loading config: C:\pinball\mpfv1\config\keyboard.yaml
2022-09-17 09:48:31,522 : ConfigProcessor : Config file cache created: C:\Users\dorus\AppData\Local\Temp\54d4e1f26f77dfcbadc00e9606c45708.mpf_cache
2022-09-17 09:48:31,522 : ConfigProcessor : Loading config from cache: C:\Users\dorus\AppData\Local\Temp\5eb3439dbf16142704b5198a23e9a58c.mpf_cache
2022-09-17 09:48:31,523 : ConfigProcessor : Loading config from cache: C:\Users\dorus\AppData\Local\Temp\336e6d2601ccb63523c70814805acbf1.mpf_cache
2022-09-17 09:48:31,523 : ConfigProcessor : Loading config from cache: C:\Users\dorus\AppData\Local\Temp\d4952d0b9ea6ba2ec58a4f9adbee2d8a.mpf_cache
2022-09-17 09:48:31,524 : ConfigProcessor : Loading config from cache: C:\Users\dorus\AppData\Local\Temp\559f6283f098772e04564bccbb105016.mpf_cache
2022-09-17 09:48:31,524 : ConfigProcessor : Loading config from cache: C:\Users\dorus\AppData\Local\Temp\9d4ddc5b486987071715110e2b9dff2c.mpf_cache
2022-09-17 09:48:31,533 : mpfmc : Mission Pinball Framework Media Controller v0.55.0
2022-09-17 09:48:31,533 : mpfmc : Mission Pinball Framework Game Engine v0.55.0
2022-09-17 09:48:31,533 : mpfmc : Machine path: C:\pinball\mpfv1
2022-09-17 09:48:31,533 : mpfmc : Starting clock at 60.0Hz
2022-09-17 09:48:31,559 : kivy : Text: Provider: sdl2
2022-09-17 09:48:31,649 : kivy : Window: Provider: sdl2
2022-09-17 09:48:31,803 : kivy : GL: Using the "OpenGL" graphics system
2022-09-17 09:48:31,805 : kivy : GL: GLEW initialization succeeded
2022-09-17 09:48:31,805 : kivy : GL: Backend used <glew>
2022-09-17 09:48:31,805 : kivy : GL: OpenGL version <b'4.6.0 - Build 26.20.100.7372'>
2022-09-17 09:48:31,805 : kivy : GL: OpenGL vendor <b'Intel'>
2022-09-17 09:48:31,805 : kivy : GL: OpenGL renderer <b'Intel(R) UHD Graphics'>
2022-09-17 09:48:31,806 : kivy : GL: OpenGL parsed version: 4, 6
2022-09-17 09:48:31,806 : kivy : GL: Shading version <b'4.60 - Build 26.20.100.7372'>
2022-09-17 09:48:31,806 : kivy : GL: Texture max size <16384>
2022-09-17 09:48:31,806 : kivy : GL: Texture max units <32>
2022-09-17 09:48:31,849 : kivy : Window: auto add sdl2 input provider
2022-09-17 09:48:31,849 : kivy : Window: virtual keyboard not allowed, single mode, not docked
2022-09-17 09:48:32,119 : AudioInterface : Initialized
2022-09-17 09:48:32,119 : AudioInterface : Loaded SDL 2.0.12
2022-09-17 09:48:32,119 : AudioInterface : Loaded SDL_Mixer 2.0.4
2022-09-17 09:48:32,119 : AudioInterface : Loaded GStreamer 1.18.0.0
2022-09-17 09:48:32,119 : AudioInterface : Loaded GLib 2.62.6
2022-09-17 09:48:32,119 : AudioInterface : Settings requested - rate: 44100, channels: 1, buffer: 2048 samples
2022-09-17 09:48:32,119 : AudioInterface : Settings in use - rate: 44100, channels: 1, buffer: 2048 samples (4096 bytes @ 2 bytes per sample)
2022-09-17 09:48:32,120 : SoundSystem : Setting master volume to 0.0
2022-09-17 09:48:32,120 : SoundSystem : master_volume in sound_system is deprecated and will be removed in the future.
2022-09-17 09:48:32,120 : AudioInterface : Enabling audio playback
2022-09-17 09:48:32,121 : kivy : Base: Start application main loop
2022-09-17 09:48:32,122 : EventManager : Event: ======'display_window_initialized'====== Args={}
2022-09-17 09:48:32,134 : mpfmc : Display: Setting 'window' as default display
2022-09-17 09:48:32,141 : EventManager : Event: ======'displays_initialized'====== Args={}
2022-09-17 09:48:32,142 : EventManager : Event: ======'slide_window_blank_created'====== Args={}
2022-09-17 09:48:32,142 : EventManager : Event: ======'display_window_ready'====== Args={}
2022-09-17 09:48:32,153 : EventManager : Event: ======'init_phase_1'====== Args={}
2022-09-17 09:48:32,156 : EventManager : Event: ======'mc_ready'====== Args={}
2022-09-17 09:48:32,156 : EventManager : Event: ======'init_phase_2'====== Args={}
2022-09-17 09:48:32,158 : EventManager : Event: ======'init_phase_3'====== Args={}
2022-09-17 09:48:32,160 : EventManager : Event: ======'init_phase_4'====== Args={}
2022-09-17 09:48:32,160 : EventManager : Event: ======'init_phase_5'====== Args={}
2022-09-17 09:48:32,160 : EventManager : Event: ======'init_done'====== Args={}
2022-09-17 09:48:32,161 : MPF-MC BCP Server : Starting up on localhost port 5050
2022-09-17 09:48:32,166 : MPF-MC BCP Server : Waiting for a connection...
2022-09-17 09:48:32,166 : mpfmc : SlidePlayer: Play called with settings={'slides': {welcome_slide-None-None: {'priority': None, 'target': None, 'background_color': [0.0, 0.0, 0.0, 1.0], 'show': True, 'force': False, 'expire': None, 'slide': None, 'tokens': {}, 'action': 'play', 'transition': None, 'transition_out': None}}}
2022-09-17 09:48:32,170 : kivy : GL: NPOT texture support is available
2022-09-17 09:48:32,172 : EventManager : Event: ======'slide_welcome_slide_created'====== Args={}
2022-09-17 09:48:32,173 : EventManager : Event: ======'slide_welcome_slide_active'====== Args={}
2022-09-17 09:48:32,179 : EventManager : Event: ======'client_disconnected'====== Args={'host': '127.0.0.1', 'port': 5050}
2022-09-17 09:48:32,792 : MPF-MC BCP Server : Received connection from: 127.0.0.1:49456
2022-09-17 09:48:32,799 : EventManager : Event: ======'client_connected'====== Args={'host': '127.0.0.1', 'port': 49456}
2022-09-17 09:48:32,811 : EventManager : Event: ======'machine_var_credits_string'====== Args={'value': 'FREE PLAY', 'prev_value': None, 'change': True}
2022-09-17 09:48:32,811 : EventManager : Event: ======'machine_var_master_volume'====== Args={'value': 0.5, 'prev_value': None, 'change': True}
2022-09-17 09:48:32,811 : EventManager : Event: ======'machine_var_player1_score'====== Args={'value': 17500, 'prev_value': None, 'change': True}
2022-09-17 09:48:32,811 : EventManager : Event: ======'machine_var_mpf_version'====== Args={'value': 'MPF v0.55.0', 'prev_value': None, 'change': True}
2022-09-17 09:48:32,811 : EventManager : Event: ======'machine_var_mpf_extended_version'====== Args={'value': 'MPF v0.55.0, Config version:5, Show version: 5, BCP version:1.1', 'prev_value': None, 'change': True}
2022-09-17 09:48:32,811 : EventManager : Event: ======'machine_var_python_version'====== Args={'value': '3.8.10', 'prev_value': None, 'change': True}
2022-09-17 09:48:32,811 : EventManager : Event: ======'machine_var_platform'====== Args={'value': 'Windows-10-10.0.19044-SP0', 'prev_value': None, 'change': True}
2022-09-17 09:48:32,811 : EventManager : Event: ======'machine_var_platform_system'====== Args={'value': 'Windows', 'prev_value': None, 'change': True}
2022-09-17 09:48:32,811 : EventManager : Event: ======'machine_var_platform_release'====== Args={'value': '10', 'prev_value': None, 'change': True}
2022-09-17 09:48:32,811 : EventManager : Event: ======'machine_var_platform_version'====== Args={'value': '10.0.19044', 'prev_value': None, 'change': True}
2022-09-17 09:48:32,811 : EventManager : Event: ======'machine_var_platform_machine'====== Args={'value': 'AMD64', 'prev_value': None, 'change': True}
2022-09-17 09:48:32,811 : EventManager : Event: ======'machine_var_mc_version'====== Args={'value': 'MPF-MC v0.55.0', 'prev_value': None, 'change': True}
2022-09-17 09:48:32,811 : EventManager : Event: ======'machine_var_mc_extended_version'====== Args={'value': 'MPF-MC v0.55.0 (config_version=5, BCP v1.1, Requires MPF v0.55.0-dev.49)', 'prev_value': None, 'change': True}
2022-09-17 09:48:32,812 : SoundSystem : Setting master volume to 0.5
2022-09-17 09:48:32,912 : EventManager : Event: ======'machine_var_audits_events_game_ended'====== Args={'value': 0, 'prev_value': None, 'change': True}
2022-09-17 09:48:32,912 : EventManager : Event: ======'machine_var_audits_events_game_started'====== Args={'value': 0, 'prev_value': None, 'change': True}
2022-09-17 09:48:32,912 : EventManager : Event: ======'machine_var_audits_player_score'====== Args={'value': {'average': 27625.0, 'top': [41000, 31800, 20200, 17500], 'total': 4}, 'prev_value': None, 'change': True}
2022-09-17 09:48:32,912 : EventManager : Event: ======'machine_var_audits_shots_lane_top_1'====== Args={'value': 74, 'prev_value': None, 'change': True}
2022-09-17 09:48:32,912 : EventManager : Event: ======'machine_var_audits_shots_lane_top_2'====== Args={'value': 69, 'prev_value': None, 'change': True}
2022-09-17 09:48:32,913 : EventManager : Event: ======'machine_var_audits_shots_lane_top_3'====== Args={'value': 62, 'prev_value': None, 'change': True}
2022-09-17 09:48:32,913 : EventManager : Event: ======'machine_var_audits_shots_orbit'====== Args={'value': 14, 'prev_value': None, 'change': True}
2022-09-17 09:48:32,913 : EventManager : Event: ======'machine_var_audits_shots_spinner'====== Args={'value': 144, 'prev_value': None, 'change': True}
2022-09-17 09:48:32,913 : EventManager : Event: ======'machine_var_audits_switches_s_bottomlane1'====== Args={'value': 6, 'prev_value': None, 'change': True}
2022-09-17 09:48:32,913 : EventManager : Event: ======'machine_var_audits_switches_s_bottomlane2'====== Args={'value': 8, 'prev_value': None, 'change': True}
2022-09-17 09:48:32,913 : EventManager : Event: ======'machine_var_audits_switches_s_bottomlane3'====== Args={'value': 5, 'prev_value': None, 'change': True}
2022-09-17 09:48:32,913 : EventManager : Event: ======'machine_var_audits_switches_s_bottomlane4'====== Args={'value': 16, 'prev_value': None, 'change': True}
2022-09-17 09:48:32,913 : EventManager : Event: ======'machine_var_audits_switches_s_bottomlane5'====== Args={'value': 2, 'prev_value': None, 'change': True}
2022-09-17 09:48:32,914 : EventManager : Event: ======'machine_var_audits_switches_s_drop1'====== Args={'value': 26, 'prev_value': None, 'change': True}
2022-09-17 09:48:32,914 : EventManager : Event: ======'machine_var_audits_switches_s_drop2'====== Args={'value': 10, 'prev_value': None, 'change': True}
2022-09-17 09:48:32,914 : EventManager : Event: ======'machine_var_audits_switches_s_drop3'====== Args={'value': 6, 'prev_value': None, 'change': True}
2022-09-17 09:48:32,914 : EventManager : Event: ======'machine_var_audits_switches_s_launch'====== Args={'value': 6, 'prev_value': None, 'change': True}
2022-09-17 09:48:32,914 : EventManager : Event: ======'machine_var_audits_switches_s_left01'====== Args={'value': 26, 'prev_value': None, 'change': True}
2022-09-17 09:48:32,914 : EventManager : Event: ======'machine_var_audits_switches_s_left02'====== Args={'value': 26, 'prev_value': None, 'change': True}
2022-09-17 09:48:32,914 : EventManager : Event: ======'machine_var_audits_switches_s_left03'====== Args={'value': 19, 'prev_value': None, 'change': True}
2022-09-17 09:48:32,914 : EventManager : Event: ======'machine_var_audits_switches_s_left_sling'====== Args={'value': 24, 'prev_value': None, 'change': True}
2022-09-17 09:48:32,914 : EventManager : Event: ======'machine_var_audits_switches_s_orbit1'====== Args={'value': 36, 'prev_value': None, 'change': True}
2022-09-17 09:48:32,914 : EventManager : Event: ======'machine_var_audits_switches_s_orbit2'====== Args={'value': 0, 'prev_value': None, 'change': True}
2022-09-17 09:48:32,915 : EventManager : Event: ======'machine_var_audits_switches_s_plunger_lane'====== Args={'value': 53, 'prev_value': None, 'change': True}
2022-09-17 09:48:32,915 : EventManager : Event: ======'machine_var_audits_switches_s_popbumber_1'====== Args={'value': 37, 'prev_value': None, 'change': True}
2022-09-17 09:48:32,915 : EventManager : Event: ======'machine_var_audits_switches_s_popbumber_2'====== Args={'value': 73, 'prev_value': None, 'change': True}
2022-09-17 09:48:32,915 : EventManager : Event: ======'machine_var_audits_switches_s_popbumber_3'====== Args={'value': 23, 'prev_value': None, 'change': True}
2022-09-17 09:48:32,915 : EventManager : Event: ======'machine_var_audits_switches_s_ramp'====== Args={'value': 31, 'prev_value': None, 'change': True}
2022-09-17 09:48:32,915 : EventManager : Event: ======'machine_var_audits_switches_s_right_sling'====== Args={'value': 58, 'prev_value': None, 'change': True}
2022-09-17 09:48:32,915 : EventManager : Event: ======'machine_var_audits_switches_s_rigth01'====== Args={'value': 53, 'prev_value': None, 'change': True}
2022-09-17 09:48:32,915 : EventManager : Event: ======'machine_var_audits_switches_s_rigth02'====== Args={'value': 23, 'prev_value': None, 'change': True}
2022-09-17 09:48:32,915 : EventManager : Event: ======'machine_var_audits_switches_s_rigth03'====== Args={'value': 12, 'prev_value': None, 'change': True}
2022-09-17 09:48:32,915 : EventManager : Event: ======'machine_var_audits_switches_s_spinner'====== Args={'value': 237, 'prev_value': None, 'change': True}
2022-09-17 09:48:32,915 : EventManager : Event: ======'machine_var_audits_switches_s_start'====== Args={'value': 0, 'prev_value': None, 'change': True}
2022-09-17 09:48:32,915 : EventManager : Event: ======'machine_var_audits_switches_s_top'====== Args={'value': 9, 'prev_value': None, 'change': True}
2022-09-17 09:48:32,915 : EventManager : Event: ======'machine_var_audits_switches_s_toplane1'====== Args={'value': 161, 'prev_value': None, 'change': True}
2022-09-17 09:48:32,915 : EventManager : Event: ======'machine_var_audits_switches_s_toplane2'====== Args={'value': 76, 'prev_value': None, 'change': True}
2022-09-17 09:48:32,916 : EventManager : Event: ======'machine_var_audits_switches_s_toplane3'====== Args={'value': 69, 'prev_value': None, 'change': True}
2022-09-17 09:48:32,916 : EventManager : Event: ======'machine_var_audits_switches_s_trough1'====== Args={'value': 15, 'prev_value': None, 'change': True}
2022-09-17 09:48:32,916 : EventManager : Event: ======'machine_var_audits_switches_s_trough2'====== Args={'value': 21, 'prev_value': None, 'change': True}
2022-09-17 09:48:32,916 : EventManager : Event: ======'machine_var_audits_switches_s_trough3'====== Args={'value': 13, 'prev_value': None, 'change': True}
2022-09-17 09:48:32,916 : EventManager : Event: ======'machine_var_audits_switches_s_trough4'====== Args={'value': 19, 'prev_value': None, 'change': True}
2022-09-17 09:48:32,916 : EventManager : Event: ======'machine_var_audits_switches_s_trough5'====== Args={'value': 13, 'prev_value': None, 'change': True}
2022-09-17 09:48:32,916 : EventManager : Event: ======'machine_var_audits_switches_s_trough6'====== Args={'value': 12, 'prev_value': None, 'change': True}
2022-09-17 09:48:32,916 : EventManager : Event: ======'machine_var_audits_switches_s_trough_jam'====== Args={'value': 14, 'prev_value': None, 'change': True}
2022-09-17 09:48:32,916 : EventManager : Event: ======'machine_var_audits_switches_s_vukmid'====== Args={'value': 23, 'prev_value': None, 'change': True}
2022-09-17 09:48:32,916 : EventManager : Event: ======'machine_var_audits_switches_s_vuktop'====== Args={'value': 9, 'prev_value': None, 'change': True}
2022-09-17 09:48:32,924 : EventManager : Event: ======'slides_play'====== Args={'settings': {'welcome_slide': {'target': None, 'background_color': [0.0, 0.0, 0.0, 1.0], 'priority': None, 'show': True, 'force': False, 'expire': None, 'slide': None, 'tokens': {}, 'action': 'play'}}, 'context': '_global', 'calling_context': 'init_done', 'priority': 0}
2022-09-17 09:48:32,924 : EventManager : Event: ======'mc_reset_phase_1'====== Args={}
2022-09-17 09:48:32,924 : mpfmc : SlidePlayer: Play called with settings={'welcome_slide': {'target': None, 'background_color': [0.0, 0.0, 0.0, 1.0], 'priority': None, 'show': True, 'force': False, 'expire': None, 'slide': None, 'tokens': {}, 'action': 'play'}}
2022-09-17 09:48:32,924 : EventManager : Event: ======'slide_welcome_slide_removed'====== Args={}
2022-09-17 09:48:32,927 : EventManager : Event: ======'slide_welcome_slide_created'====== Args={}
2022-09-17 09:48:32,927 : EventManager : Event: ======'mc_reset_phase_2'====== Args={}
2022-09-17 09:48:32,927 : EventManager : Event: ======'mc_reset_phase_3'====== Args={}
2022-09-17 09:48:32,927 : EventManager : Event: ======'mc_reset_complete'====== Args={}
2022-09-17 09:48:32,927 : EventManager : Event: ======'slide_welcome_slide_active'====== Args={}
2022-09-17 09:48:32,946 : EventManager : Event: ======'slides_play'====== Args={'settings': {'awesome_slide': {'widgets': [{'type': 'text', 'text': 'YOU ARE AWESOME', 'font_size': 50, '_default_settings': ['type', 'text', 'font_size'], 'x': None, 'y': None, 'anchor_x': 'center', 'anchor_y': 'center', 'round_anchor_x': None, 'round_anchor_y': None, 'opacity': 1.0, 'z': 0, 'reset_animations_events': {}, 'color': [1.0, 1.0, 1.0, 1.0], 'style': [], 'adjust_top': 0, 'adjust_bottom': 0, 'adjust_left': 0, 'adjust_right': 0, 'expire': None, 'key': None, 'widget': None, 'events_when_added': [], 'events_when_removed': [], 'bitmap_font': False, 'font_kerning': True, 'bold': False, 'italic': False, 'number_grouping': False, 'min_digits': 0, 'halign': 'center', 'valign': 'middle', 'rotation': 0, 'scale': 1.0, 'casing': None, 'animations': None}], 'transition': {'type': 'push', 'duration': 1.0, 'direction': 'left', 'easing': 'out_quad'}, 'target': None, 'background_color': [0.0, 0.0, 0.0, 1.0], 'priority': None, 'show': True, 'force': False, 'expire': None, 'slide': None, 'tokens': {}, 'action': 'play'}}, 'context': 'show_1', 'calling_context': 0, 'priority': 10, 'show_tokens': {}, 'start_time': 76597.578}
2022-09-17 09:48:32,947 : EventManager : Event: ======'sounds_play'====== Args={'settings': {'musicslow': {'action': 'play', 'loops': -1, 'priority': None, 'block': False, 'delay': None, 'track': None, 'volume': None, 'pan': None, 'start_at': None, 'fade_in': None, 'fade_out': None, 'about_to_finish_time': -1.0, 'max_queue_time': -1.0, 'events_when_played': ['use_sound_setting'], 'events_when_stopped': ['use_sound_setting'], 'events_when_looping': ['use_sound_setting'], 'events_when_about_to_finish': ['use_sound_setting'], 'mode_end_action': 'use_sound_setting', 'key': 'use_sound_setting'}}, 'context': '_global', 'calling_context': 'mode_attract_started', 'priority': 0}
2022-09-17 09:48:32,947 : mpfmc : SlidePlayer: Play called with settings={'awesome_slide': {'widgets': [{'type': 'text', 'text': 'YOU ARE AWESOME', 'font_size': 50, '_default_settings': ['type', 'text', 'font_size'], 'x': None, 'y': None, 'anchor_x': 'center', 'anchor_y': 'center', 'round_anchor_x': None, 'round_anchor_y': None, 'opacity': 1.0, 'z': 0, 'reset_animations_events': {}, 'color': [1.0, 1.0, 1.0, 1.0], 'style': [], 'adjust_top': 0, 'adjust_bottom': 0, 'adjust_left': 0, 'adjust_right': 0, 'expire': None, 'key': None, 'widget': None, 'events_when_added': [], 'events_when_removed': [], 'bitmap_font': False, 'font_kerning': True, 'bold': False, 'italic': False, 'number_grouping': False, 'min_digits': 0, 'halign': 'center', 'valign': 'middle', 'rotation': 0, 'scale': 1.0, 'casing': None, 'animations': None}], 'transition': {'type': 'push', 'duration': 1.0, 'direction': 'left', 'easing': 'out_quad'}, 'target': None, 'background_color': [0.0, 0.0, 0.0, 1.0], 'priority': None, 'show': True, 'force': False, 'expire': None, 'slide': None, 'tokens': {}, 'action': 'play'}}
2022-09-17 09:48:32,951 : EventManager : Event: ======'slide_awesome_slide_created'====== Args={}
2022-09-17 09:48:32,952 : EventManager : Event: ======'slide_awesome_slide_active'====== Args={}
2022-09-17 09:48:32,975 : EventManager : Event: ======'loading_assets'====== Args={'total': 1, 'loaded': 1, 'remaining': 0, 'percent': 100}
2022-09-17 09:48:32,975 : AssetManager : Asset loading took: 0.854987382888794
2022-09-17 09:48:32,975 : EventManager : Event: ======'asset_loading_complete'====== Args={}
2022-09-17 09:48:32,975 : AssetManager : Loading assets: 1/1 (100%)
2022-09-17 09:48:35,833 : EventManager : Event: ======'game_started'====== Args={}
2022-09-17 09:48:35,845 : EventManager : Event: ======'slides_clear'====== Args={'context': 'show_1'}
2022-09-17 09:48:35,845 : EventManager : Event: ======'sounds_play'====== Args={'settings': {'musicslow': {'action': 'stop', 'priority': None, 'block': False, 'delay': None, 'track': None, 'volume': None, 'pan': None, 'loops': None, 'start_at': None, 'fade_in': None, 'fade_out': None, 'about_to_finish_time': -1.0, 'max_queue_time': -1.0, 'events_when_played': ['use_sound_setting'], 'events_when_stopped': ['use_sound_setting'], 'events_when_looping': ['use_sound_setting'], 'events_when_about_to_finish': ['use_sound_setting'], 'mode_end_action': 'use_sound_setting', 'key': 'use_sound_setting'}}, 'context': '_global', 'calling_context': 'mode_attract_stopped', 'priority': 0}
2022-09-17 09:48:35,845 : EventManager : Event: ======'player_added'====== Args={'player': <Player 1>, 'num': 1}
2022-09-17 09:48:35,845 : EventManager : Event: ======'player_index'====== Args={'value': 0, 'prev_value': 0, 'change': 0, 'player_num': 1}
2022-09-17 09:48:35,845 : EventManager : Event: ======'player_number'====== Args={'value': 1, 'prev_value': 1, 'change': 0, 'player_num': 1}
2022-09-17 09:48:35,845 : EventManager : Event: ======'player_score'====== Args={'value': 0, 'prev_value': 0, 'change': 0, 'player_num': 1}
2022-09-17 09:48:35,846 : EventManager : Event: ======'slide_awesome_slide_removed'====== Args={}
2022-09-17 09:48:35,846 : EventManager : Event: ======'slide_welcome_slide_active'====== Args={}
2022-09-17 09:48:35,870 : EventManager : Event: ======'player_ball'====== Args={'value': 1, 'prev_value': 0, 'change': 1, 'player_num': 1}
2022-09-17 09:48:35,870 : EventManager : Event: ======'player_turn_start'====== Args={'number': 1, 'player': <Player 1>}
2022-09-17 09:48:35,883 : EventManager : Event: ======'player_shot_spinner_enabled'====== Args={'value': True, 'prev_value': 0, 'change': 1, 'player_num': 1}
2022-09-17 09:48:35,883 : EventManager : Event: ======'player_shot_orbit_enabled'====== Args={'value': True, 'prev_value': 0, 'change': 1, 'player_num': 1}
2022-09-17 09:48:35,883 : EventManager : Event: ======'slides_play'====== Args={'settings': {'widgets': {'widgets': [{'type': 'text', 'text': '(score)', 'number_grouping': True, 'min_digits': 2, 'font_size': 100, '_default_settings': ['type', 'text', 'number_grouping', 'min_digits', 'font_size'], 'x': None, 'y': None, 'anchor_x': 'center', 'anchor_y': 'center', 'round_anchor_x': None, 'round_anchor_y': None, 'opacity': 1.0, 'z': 0, 'reset_animations_events': {}, 'color': [1.0, 1.0, 1.0, 1.0], 'style': [], 'adjust_top': 0, 'adjust_bottom': 0, 'adjust_left': 0, 'adjust_right': 0, 'expire': None, 'key': None, 'widget': None, 'events_when_added': [], 'events_when_removed': [], 'bitmap_font': False, 'font_kerning': True, 'bold': False, 'italic': False, 'halign': 'center', 'valign': 'middle', 'rotation': 0, 'scale': 1.0, 'casing': None, 'animations': None}, {'type': 'text', 'text': 'PLAYER (number)', 'y': '10', 'x': '10', 'font_size': 50, 'anchor_x': 'left', 'anchor_y': 'bottom', '_default_settings': ['type', 'text', 'y', 'x', 'font_size', 'anchor_x', 'anchor_y'], 'round_anchor_x': None, 'round_anchor_y': None, 'opacity': 1.0, 'z': 0, 'reset_animations_events': {}, 'color': [1.0, 1.0, 1.0, 1.0], 'style': [], 'adjust_top': 0, 'adjust_bottom': 0, 'adjust_left': 0, 'adjust_right': 0, 'expire': None, 'key': None, 'widget': None, 'events_when_added': [], 'events_when_removed': [], 'bitmap_font': False, 'font_kerning': True, 'bold': False, 'italic': False, 'number_grouping': False, 'min_digits': 0, 'halign': 'center', 'valign': 'middle', 'rotation': 0, 'scale': 1.0, 'casing': None, 'animations': None}, {'type': 'text', 'text': 'BALL (ball)', 'y': '10', 'x': 'right-10', 'anchor_x': 'right', 'anchor_y': 'bottom', 'font_size': 50, '_default_settings': ['type', 'text', 'y', 'x', 'anchor_x', 'anchor_y', 'font_size'], 'round_anchor_x': None, 'round_anchor_y': None, 'opacity': 1.0, 'z': 0, 'reset_animations_events': {}, 'color': [1.0, 1.0, 1.0, 1.0], 'style': [], 'adjust_top': 0, 'adjust_bottom': 0, 'adjust_left': 0, 'adjust_right': 0, 'expire': None, 'key': None, 'widget': None, 'events_when_added': [], 'events_when_removed': [], 'bitmap_font': False, 'font_kerning': True, 'bold': False, 'italic': False, 'number_grouping': False, 'min_digits': 0, 'halign': 'center', 'valign': 'middle', 'rotation': 0, 'scale': 1.0, 'casing': None, 'animations': None}], 'target': None, 'background_color': [0.0, 0.0, 0.0, 1.0], 'priority': None, 'show': True, 'force': False, 'expire': None, 'slide': None, 'tokens': {}, 'action': 'play'}}, 'context': 'base', 'calling_context': 'mode_base_started', 'priority': 100, 'queue': '<QueuedEvent>', 'player': 1, 'ball': 1, 'balls_remaining': 2, 'is_extra_ball': False}
2022-09-17 09:48:35,883 : EventManager : Event: ======'sounds_play'====== Args={'settings': {'musicfast': {'action': 'play', 'loops': -1, 'priority': None, 'block': False, 'delay': None, 'track': None, 'volume': None, 'pan': None, 'start_at': None, 'fade_in': None, 'fade_out': None, 'about_to_finish_time': -1.0, 'max_queue_time': -1.0, 'events_when_played': ['use_sound_setting'], 'events_when_stopped': ['use_sound_setting'], 'events_when_looping': ['use_sound_setting'], 'events_when_about_to_finish': ['use_sound_setting'], 'mode_end_action': 'use_sound_setting', 'key': 'use_sound_setting'}}, 'context': '_global', 'calling_context': 'mode_base_started', 'priority': 0, 'queue': '<QueuedEvent>', 'player': 1, 'ball': 1, 'balls_remaining': 2, 'is_extra_ball': False}
2022-09-17 09:48:35,884 : EventManager : Event: ======'player_shot_lane_top_1_enabled'====== Args={'value': True, 'prev_value': 0, 'change': 1, 'player_num': 1}
2022-09-17 09:48:35,884 : EventManager : Event: ======'player_shot_lane_top_2_enabled'====== Args={'value': True, 'prev_value': 0, 'change': 1, 'player_num': 1}
2022-09-17 09:48:35,884 : EventManager : Event: ======'player_shot_lane_top_3_enabled'====== Args={'value': True, 'prev_value': 0, 'change': 1, 'player_num': 1}
2022-09-17 09:48:35,884 : mpfmc : SlidePlayer: Play called with settings={'widgets': {'widgets': [{'type': 'text', 'text': '(score)', 'number_grouping': True, 'min_digits': 2, 'font_size': 100, '_default_settings': ['type', 'text', 'number_grouping', 'min_digits', 'font_size'], 'x': None, 'y': None, 'anchor_x': 'center', 'anchor_y': 'center', 'round_anchor_x': None, 'round_anchor_y': None, 'opacity': 1.0, 'z': 0, 'reset_animations_events': {}, 'color': [1.0, 1.0, 1.0, 1.0], 'style': [], 'adjust_top': 0, 'adjust_bottom': 0, 'adjust_left': 0, 'adjust_right': 0, 'expire': None, 'key': None, 'widget': None, 'events_when_added': [], 'events_when_removed': [], 'bitmap_font': False, 'font_kerning': True, 'bold': False, 'italic': False, 'halign': 'center', 'valign': 'middle', 'rotation': 0, 'scale': 1.0, 'casing': None, 'animations': None}, {'type': 'text', 'text': 'PLAYER (number)', 'y': '10', 'x': '10', 'font_size': 50, 'anchor_x': 'left', 'anchor_y': 'bottom', '_default_settings': ['type', 'text', 'y', 'x', 'font_size', 'anchor_x', 'anchor_y'], 'round_anchor_x': None, 'round_anchor_y': None, 'opacity': 1.0, 'z': 0, 'reset_animations_events': {}, 'color': [1.0, 1.0, 1.0, 1.0], 'style': [], 'adjust_top': 0, 'adjust_bottom': 0, 'adjust_left': 0, 'adjust_right': 0, 'expire': None, 'key': None, 'widget': None, 'events_when_added': [], 'events_when_removed': [], 'bitmap_font': False, 'font_kerning': True, 'bold': False, 'italic': False, 'number_grouping': False, 'min_digits': 0, 'halign': 'center', 'valign': 'middle', 'rotation': 0, 'scale': 1.0, 'casing': None, 'animations': None}, {'type': 'text', 'text': 'BALL (ball)', 'y': '10', 'x': 'right-10', 'anchor_x': 'right', 'anchor_y': 'bottom', 'font_size': 50, '_default_settings': ['type', 'text', 'y', 'x', 'anchor_x', 'anchor_y', 'font_size'], 'round_anchor_x': None, 'round_anchor_y': None, 'opacity': 1.0, 'z': 0, 'reset_animations_events': {}, 'color': [1.0, 1.0, 1.0, 1.0], 'style': [], 'adjust_top': 0, 'adjust_bottom': 0, 'adjust_left': 0, 'adjust_right': 0, 'expire': None, 'key': None, 'widget': None, 'events_when_added': [], 'events_when_removed': [], 'bitmap_font': False, 'font_kerning': True, 'bold': False, 'italic': False, 'number_grouping': False, 'min_digits': 0, 'halign': 'center', 'valign': 'middle', 'rotation': 0, 'scale': 1.0, 'casing': None, 'animations': None}], 'target': None, 'background_color': [0.0, 0.0, 0.0, 1.0], 'priority': None, 'show': True, 'force': False, 'expire': None, 'slide': None, 'tokens': {}, 'action': 'play'}}
2022-09-17 09:48:35,889 : EventManager : Event: ======'slide_base.slide_player-mode_base_started_created'====== Args={}
2022-09-17 09:48:35,891 : EventManager : Event: ======'slide_base.slide_player-mode_base_started_active'====== Args={}
2022-09-17 09:48:35,910 : EventManager : Event: ======'player_pf_multiplier'====== Args={'value': 1, 'prev_value': 0, 'change': 1, 'player_num': 1}
2022-09-17 09:48:35,910 : EventManager : Event: ======'loading_assets'====== Args={'total': 1, 'loaded': 1, 'remaining': 0, 'percent': 100}
2022-09-17 09:48:35,910 : AssetManager : Asset loading took: 3.7903759479522705
2022-09-17 09:48:35,910 : EventManager : Event: ======'asset_loading_complete'====== Args={}
2022-09-17 09:48:35,910 : AssetManager : Loading assets: 1/1 (100%)
2022-09-17 09:48:40,779 : EventManager : Event: ======'machine_var_audits_switches_s_plunger_lane'====== Args={'value': 54, 'prev_value': 53, 'change': 1}
2022-09-17 09:48:46,770 : EventManager : Event: ======'machine_var_audits_switches_s_toplane1'====== Args={'value': 162, 'prev_value': 161, 'change': 1}
2022-09-17 09:48:46,782 : EventManager : Event: ======'player_shot_lane_top_1'====== Args={'value': 1, 'prev_value': 0, 'change': 1, 'player_num': 1}
2022-09-17 09:48:46,782 : EventManager : Event: ======'machine_var_audits_shots_lane_top_1'====== Args={'value': 75, 'prev_value': 74, 'change': 1}
2022-09-17 09:48:47,702 : EventManager : Event: ======'machine_var_audits_switches_s_toplane2'====== Args={'value': 77, 'prev_value': 76, 'change': 1}
2022-09-17 09:48:47,702 : EventManager : Event: ======'player_shot_lane_top_2'====== Args={'value': 1, 'prev_value': 0, 'change': 1, 'player_num': 1}
2022-09-17 09:48:47,702 : EventManager : Event: ======'machine_var_audits_shots_lane_top_2'====== Args={'value': 70, 'prev_value': 69, 'change': 1}
2022-09-17 09:48:48,783 : EventManager : Event: ======'machine_var_audits_switches_s_toplane3'====== Args={'value': 70, 'prev_value': 69, 'change': 1}
2022-09-17 09:48:48,795 : EventManager : Event: ======'player_shot_lane_top_3'====== Args={'value': 1, 'prev_value': 0, 'change': 1, 'player_num': 1}
2022-09-17 09:48:48,795 : EventManager : Event: ======'machine_var_audits_shots_lane_top_3'====== Args={'value': 63, 'prev_value': 62, 'change': 1}
2022-09-17 09:48:48,795 : EventManager : Event: ======'player_score'====== Args={'value': 1000, 'prev_value': 0, 'change': 1000, 'player_num': 1}
2022-09-17 09:48:48,795 : EventManager : Event: ======'slides_play'====== Args={'settings': {'my_slide': {'widgets': [{'type': 'text', 'text': 'lane (score)', 'y': '100', 'x': '10', 'number_grouping': True, 'min_digits': 2, 'font_size': 10, '_default_settings': ['type', 'text', 'y', 'x', 'number_grouping', 'min_digits', 'font_size'], 'anchor_x': 'center', 'anchor_y': 'center', 'round_anchor_x': None, 'round_anchor_y': None, 'opacity': 1.0, 'z': 0, 'reset_animations_events': {}, 'color': [1.0, 1.0, 1.0, 1.0], 'style': [], 'adjust_top': 0, 'adjust_bottom': 0, 'adjust_left': 0, 'adjust_right': 0, 'expire': None, 'key': None, 'widget': None, 'events_when_added': [], 'events_when_removed': [], 'bitmap_font': False, 'font_kerning': True, 'bold': False, 'italic': False, 'halign': 'center', 'valign': 'middle', 'rotation': 0, 'scale': 1.0, 'casing': None, 'animations': None}], 'target': None, 'background_color': [0.0, 0.0, 0.0, 1.0], 'priority': None, 'show': True, 'force': False, 'expire': None, 'slide': None, 'tokens': {}, 'action': 'play'}}, 'context': 'lanes', 'calling_context': 'lanes_top_complete', 'priority': 110, 'state': 'lit'}
2022-09-17 09:48:48,795 : EventManager : Event: ======'player_pf_multiplier'====== Args={'value': 2, 'prev_value': 1, 'change': 1, 'player_num': 1}
2022-09-17 09:48:48,796 : mpfmc : SlidePlayer: Play called with settings={'my_slide': {'widgets': [{'type': 'text', 'text': 'lane (score)', 'y': '100', 'x': '10', 'number_grouping': True, 'min_digits': 2, 'font_size': 10, '_default_settings': ['type', 'text', 'y', 'x', 'number_grouping', 'min_digits', 'font_size'], 'anchor_x': 'center', 'anchor_y': 'center', 'round_anchor_x': None, 'round_anchor_y': None, 'opacity': 1.0, 'z': 0, 'reset_animations_events': {}, 'color': [1.0, 1.0, 1.0, 1.0], 'style': [], 'adjust_top': 0, 'adjust_bottom': 0, 'adjust_left': 0, 'adjust_right': 0, 'expire': None, 'key': None, 'widget': None, 'events_when_added': [], 'events_when_removed': [], 'bitmap_font': False, 'font_kerning': True, 'bold': False, 'italic': False, 'halign': 'center', 'valign': 'middle', 'rotation': 0, 'scale': 1.0, 'casing': None, 'animations': None}], 'target': None, 'background_color': [0.0, 0.0, 0.0, 1.0], 'priority': None, 'show': True, 'force': False, 'expire': None, 'slide': None, 'tokens': {}, 'action': 'play'}}
2022-09-17 09:48:48,799 : EventManager : Event: ======'slide_my_slide_created'====== Args={}
2022-09-17 09:48:48,800 : EventManager : Event: ======'slide_my_slide_active'====== Args={}
2022-09-17 09:48:49,776 : EventManager : Event: ======'player_shot_lane_top_1'====== Args={'value': 0, 'prev_value': 1, 'change': -1, 'player_num': 1}
2022-09-17 09:48:49,776 : EventManager : Event: ======'player_shot_lane_top_2'====== Args={'value': 0, 'prev_value': 1, 'change': -1, 'player_num': 1}
2022-09-17 09:48:49,776 : EventManager : Event: ======'player_shot_lane_top_3'====== Args={'value': 0, 'prev_value': 1, 'change': -1, 'player_num': 1}
2022-09-17 09:48:56,937 : kivy : Base: Leaving application in progress...
2022-09-17 09:48:57,148 : mpfmc : Stopping...
2022-09-17 09:48:57,148 : EventManager : Event: ======'shutdown'====== Args={}
2022-09-17 09:48:57,148 : AudioInterface : Disabling audio playback
2022-09-17 09:48:57,148 : mpfmc : Loop rate 81.15 Hz
2022-09-17 09:48:57,148 : kivy : MC run loop ended.
2022-09-17 09:48:57,149 : kivy : Stopping child threads... (3 remaining)
2022-09-17 09:48:57,464 : mpfmc : Stopping...
2022-09-17 09:48:57,464 : EventManager : Event: ======'shutdown'====== Args={}
2022-09-17 09:48:57,464 : mpfmc : Loop rate 80.14 Hz
2022-09-17 09:48:57,475 : MPF-MC BCP Server : Stopping BCP sending thread
2022-09-17 09:48:58,010 : kivy : All child threads stopped.
