2022-10-22 16:09:10,582 : INFO : root : Loading config.
2022-10-22 16:09:10,588 : INFO : YamlMultifileConfigLoader : Machine config file #1: config.yaml
2022-10-22 16:09:10,588 : INFO : ConfigProcessor : Loading config from cache: C:\Users\dorus\AppData\Local\Temp\e2a46ea082c19f5103dd0f83869ccd8e.mpf_cache
2022-10-22 16:09:10,715 : INFO : ConfigProcessor : Loading config from cache: C:\Users\dorus\AppData\Local\Temp\69e5e641cece6cfbb9f28306d01595e4.mpf_cache
2022-10-22 16:09:10,716 : INFO : ConfigProcessor : Loading config from cache: C:\Users\dorus\AppData\Local\Temp\336e6d2601ccb63523c70814805acbf1.mpf_cache
2022-10-22 16:09:10,716 : INFO : ConfigProcessor : Loading config from cache: C:\Users\dorus\AppData\Local\Temp\8f8558ef7eb783a34103d845cb15f27a.mpf_cache
2022-10-22 16:09:10,717 : INFO : ConfigProcessor : Loading config from cache: C:\Users\dorus\AppData\Local\Temp\3f4ec0fd6e14e835699e1ee64ae7815f.mpf_cache
2022-10-22 16:09:10,718 : INFO : ConfigProcessor : Loading config from cache: C:\Users\dorus\AppData\Local\Temp\07450fdcdb716b1c510f1f1f728b03da.mpf_cache
2022-10-22 16:09:10,719 : INFO : ConfigProcessor : Loading config from cache: C:\Users\dorus\AppData\Local\Temp\26dc7d91d16a8c3848757fce5df95f92.mpf_cache
2022-10-22 16:09:10,720 : INFO : Machine : Mission Pinball Framework Core Engine v0.55.0
2022-10-22 16:09:10,720 : INFO : Machine : Command line arguments: {'no_load_cache': False, 'create_config_cache': True, 'bcp': True, 'configfile': ['config.yaml'], 'force_assets_load': False, 'jsonlogging': False, 'logfile': 'logs\\2022-10-22-16-09-10-mpf-LAPTOP-AS8QDAQG.log', 'pause': False, 'production': False, 'text_ui': True, 'loglevel': 15, 'consoleloglevel': 20, 'force_platform': 'smart_virtual', 'syslog_address': None, 'mc_file_name': None, 'no_sound': False}
2022-10-22 16:09:10,720 : INFO : Machine : MPF path: C:\Users\dorus\AppData\Local\Programs\Python\Python38\lib\site-packages\mpf
2022-10-22 16:09:10,720 : INFO : Machine : Machine path: C:\Users\dorus\OneDrive\Documents\Pinball\Github\Pinball-MPF\mpfv1
2022-10-22 16:09:10,720 : INFO : Machine : Platform: win32
2022-10-22 16:09:10,720 : INFO : Machine : Python executable location: C:\Users\dorus\AppData\Local\Programs\Python\Python38\python.exe
2022-10-22 16:09:10,720 : INFO : Machine : Python version: 3.8.10 (64-bit)
2022-10-22 16:09:10,722 : INFO : Machine : Initialise MPF.
2022-10-22 16:09:10,993 : INFO : EventManager : Event: ======'machine_var_credits_string'====== Args={'value': 'FREE PLAY', 'prev_value': None, 'change': True}
2022-10-22 16:09:11,057 : INFO : EventManager : Event: ======'machine_var_master_volume'====== Args={'value': 0.5, 'prev_value': None, 'change': True}
2022-10-22 16:09:11,057 : INFO : EventManager : Event: ======'machine_var_player1_score'====== Args={'value': 0, 'prev_value': None, 'change': True}
2022-10-22 16:09:11,058 : INFO : EventManager : Event: ======'machine_var_mpf_version'====== Args={'value': 'MPF v0.55.0', 'prev_value': None, 'change': True}
2022-10-22 16:09:11,058 : INFO : EventManager : Event: ======'machine_var_mpf_extended_version'====== Args={'value': 'MPF v0.55.0, Config version:5, Show version: 5, BCP version:1.1', 'prev_value': None, 'change': True}
2022-10-22 16:09:11,058 : INFO : EventManager : Event: ======'machine_var_python_version'====== Args={'value': '3.8.10', 'prev_value': None, 'change': True}
2022-10-22 16:09:11,070 : INFO : EventManager : Event: ======'machine_var_platform'====== Args={'value': 'Windows-10-10.0.19044-SP0', 'prev_value': None, 'change': True}
2022-10-22 16:09:11,071 : INFO : EventManager : Event: ======'machine_var_platform_system'====== Args={'value': 'Windows', 'prev_value': None, 'change': True}
2022-10-22 16:09:11,071 : INFO : EventManager : Event: ======'machine_var_platform_release'====== Args={'value': '10', 'prev_value': None, 'change': True}
2022-10-22 16:09:11,071 : INFO : EventManager : Event: ======'machine_var_platform_version'====== Args={'value': '10.0.19044', 'prev_value': None, 'change': True}
2022-10-22 16:09:11,071 : INFO : EventManager : Event: ======'machine_var_platform_machine'====== Args={'value': 'AMD64', 'prev_value': None, 'change': True}
2022-10-22 16:09:11,071 : INFO : EventManager : Event: ======'init_phase_1'====== Args={}
2022-10-22 16:09:11,095 : INFO : EventManager : Event: ======'drop_target_bank_db_dropbank_up'====== Args={}
2022-10-22 16:09:11,098 : INFO : EventManager : Event: ======'init_phase_2'====== Args={}
2022-10-22 16:09:11,098 : INFO : SwitchController : Found active switch: ('2-0-19', <Platform.SmartVirtual>) <switch.s_trough1>
2022-10-22 16:09:11,098 : INFO : SwitchController : Found active switch: ('2-0-20', <Platform.SmartVirtual>) <switch.s_trough2>
2022-10-22 16:09:11,098 : INFO : SwitchController : Found active switch: ('2-0-21', <Platform.SmartVirtual>) <switch.s_trough3>
2022-10-22 16:09:11,098 : INFO : SwitchController : Found active switch: ('2-0-22', <Platform.SmartVirtual>) <switch.s_trough4>
2022-10-22 16:09:11,102 : INFO : EventManager : Event: ======'bcp_connection_attempt'====== Args={'name': 'local_display', 'host': 'localhost', 'port': 5050}
2022-10-22 16:09:11,104 : INFO : BCPClientSocket : Connecting BCP to 'local_display' at localhost:5050...
2022-10-22 16:09:13,136 : INFO : BCPClientSocket : Connected BCP to 'local_display' localhost:5050
2022-10-22 16:09:13,138 : INFO : EventManager : Event: ======'bcp_clients_connected'====== Args={}
2022-10-22 16:09:13,147 : INFO : ball_device.bd_trough : BCH: Initial count: 4
2022-10-22 16:09:13,149 : INFO : EventManager : Event: ======'machine_var_mc_version'====== Args={'value': 'MPF-MC v0.55.0', 'prev_value': None, 'change': True}
2022-10-22 16:09:13,151 : INFO : EventManager : Event: ======'machine_var_mc_extended_version'====== Args={'value': 'MPF-MC v0.55.0 (config_version=5, BCP v1.1, Requires MPF v0.55.0-dev.49)', 'prev_value': None, 'change': True}
2022-10-22 16:09:13,154 : INFO : ball_device.bd_trough : State: idle
2022-10-22 16:09:13,177 : INFO : ball_device.bd_plunger : BCH: Initial count: 0
2022-10-22 16:09:13,178 : INFO : ball_device.bd_plunger : State: idle
2022-10-22 16:09:13,179 : INFO : ball_device.bd_vukmid : BCH: Initial count: 0
2022-10-22 16:09:13,179 : INFO : ball_device.bd_vukmid : State: idle
2022-10-22 16:09:13,180 : INFO : ball_device.bd_vuktop : BCH: Initial count: 0
2022-10-22 16:09:13,181 : INFO : ball_device.bd_vuktop : State: idle
2022-10-22 16:09:13,276 : INFO : EventManager : Event: ======'init_phase_3'====== Args={}
2022-10-22 16:09:13,279 : INFO : EventManager : Event: ======'init_phase_4'====== Args={}
2022-10-22 16:09:13,280 : INFO : EventManager : Event: ======'playfield_active'====== Args={}
2022-10-22 16:09:13,280 : INFO : EventManager : Event: ======'unexpected_ball_on_playfield'====== Args={}
2022-10-22 16:09:13,280 : INFO : EventManager : Event: ======'playfield_active'====== Args={}
2022-10-22 16:09:13,280 : INFO : EventManager : Event: ======'unexpected_ball_on_playfield'====== Args={}
2022-10-22 16:09:13,280 : INFO : EventManager : Event: ======'playfield_active'====== Args={}
2022-10-22 16:09:13,280 : INFO : EventManager : Event: ======'unexpected_ball_on_playfield'====== Args={}
2022-10-22 16:09:13,280 : INFO : BallController : Initial balls found: 4
2022-10-22 16:09:13,281 : INFO : EventManager : Event: ======'machine_var_audits_events_game_ended'====== Args={'value': 0, 'prev_value': None, 'change': True}
2022-10-22 16:09:13,282 : INFO : EventManager : Event: ======'machine_var_audits_events_game_started'====== Args={'value': 0, 'prev_value': None, 'change': True}
2022-10-22 16:09:13,282 : INFO : EventManager : Event: ======'machine_var_audits_player_score'====== Args={'value': {'average': 23622.222222222223, 'top': [41000, 33100, 31800, 31200, 27600, 20200, 17500, 10200, 0], 'total': 9}, 'prev_value': None, 'change': True}
2022-10-22 16:09:13,282 : INFO : EventManager : Event: ======'machine_var_audits_shots_lane_top_1'====== Args={'value': 130, 'prev_value': None, 'change': True}
2022-10-22 16:09:13,283 : INFO : EventManager : Event: ======'machine_var_audits_shots_lane_top_2'====== Args={'value': 122, 'prev_value': None, 'change': True}
2022-10-22 16:09:13,283 : INFO : EventManager : Event: ======'machine_var_audits_shots_lane_top_3'====== Args={'value': 102, 'prev_value': None, 'change': True}
2022-10-22 16:09:13,283 : INFO : EventManager : Event: ======'machine_var_audits_shots_orbit'====== Args={'value': 23, 'prev_value': None, 'change': True}
2022-10-22 16:09:13,283 : INFO : EventManager : Event: ======'machine_var_audits_shots_spinner'====== Args={'value': 178, 'prev_value': None, 'change': True}
2022-10-22 16:09:13,283 : INFO : EventManager : Event: ======'machine_var_audits_switches_s_bottomlane1'====== Args={'value': 15, 'prev_value': None, 'change': True}
2022-10-22 16:09:13,284 : INFO : EventManager : Event: ======'machine_var_audits_switches_s_bottomlane2'====== Args={'value': 28, 'prev_value': None, 'change': True}
2022-10-22 16:09:13,284 : INFO : EventManager : Event: ======'machine_var_audits_switches_s_bottomlane3'====== Args={'value': 26, 'prev_value': None, 'change': True}
2022-10-22 16:09:13,284 : INFO : EventManager : Event: ======'machine_var_audits_switches_s_bottomlane4'====== Args={'value': 33, 'prev_value': None, 'change': True}
2022-10-22 16:09:13,284 : INFO : EventManager : Event: ======'machine_var_audits_switches_s_bottomlane5'====== Args={'value': 13, 'prev_value': None, 'change': True}
2022-10-22 16:09:13,284 : INFO : EventManager : Event: ======'machine_var_audits_switches_s_drop1'====== Args={'value': 35, 'prev_value': None, 'change': True}
2022-10-22 16:09:13,285 : INFO : EventManager : Event: ======'machine_var_audits_switches_s_drop2'====== Args={'value': 17, 'prev_value': None, 'change': True}
2022-10-22 16:09:13,285 : INFO : EventManager : Event: ======'machine_var_audits_switches_s_drop3'====== Args={'value': 15, 'prev_value': None, 'change': True}
2022-10-22 16:09:13,285 : INFO : EventManager : Event: ======'machine_var_audits_switches_s_launch'====== Args={'value': 11, 'prev_value': None, 'change': True}
2022-10-22 16:09:13,285 : INFO : EventManager : Event: ======'machine_var_audits_switches_s_left01'====== Args={'value': 26, 'prev_value': None, 'change': True}
2022-10-22 16:09:13,286 : INFO : EventManager : Event: ======'machine_var_audits_switches_s_left02'====== Args={'value': 27, 'prev_value': None, 'change': True}
2022-10-22 16:09:13,286 : INFO : EventManager : Event: ======'machine_var_audits_switches_s_left03'====== Args={'value': 20, 'prev_value': None, 'change': True}
2022-10-22 16:09:13,286 : INFO : EventManager : Event: ======'machine_var_audits_switches_s_left_sling'====== Args={'value': 55, 'prev_value': None, 'change': True}
2022-10-22 16:09:13,286 : INFO : EventManager : Event: ======'machine_var_audits_switches_s_orbit1'====== Args={'value': 45, 'prev_value': None, 'change': True}
2022-10-22 16:09:13,286 : INFO : EventManager : Event: ======'machine_var_audits_switches_s_orbit2'====== Args={'value': 0, 'prev_value': None, 'change': True}
2022-10-22 16:09:13,287 : INFO : EventManager : Event: ======'machine_var_audits_switches_s_plunger_lane'====== Args={'value': 96, 'prev_value': None, 'change': True}
2022-10-22 16:09:13,287 : INFO : EventManager : Event: ======'machine_var_audits_switches_s_popbumber_1'====== Args={'value': 58, 'prev_value': None, 'change': True}
2022-10-22 16:09:13,287 : INFO : EventManager : Event: ======'machine_var_audits_switches_s_popbumber_2'====== Args={'value': 94, 'prev_value': None, 'change': True}
2022-10-22 16:09:13,288 : INFO : EventManager : Event: ======'machine_var_audits_switches_s_popbumber_3'====== Args={'value': 35, 'prev_value': None, 'change': True}
2022-10-22 16:09:13,288 : INFO : EventManager : Event: ======'machine_var_audits_switches_s_ramp'====== Args={'value': 34, 'prev_value': None, 'change': True}
2022-10-22 16:09:13,288 : INFO : EventManager : Event: ======'machine_var_audits_switches_s_right_sling'====== Args={'value': 109, 'prev_value': None, 'change': True}
2022-10-22 16:09:13,288 : INFO : EventManager : Event: ======'machine_var_audits_switches_s_rigth01'====== Args={'value': 54, 'prev_value': None, 'change': True}
2022-10-22 16:09:13,289 : INFO : EventManager : Event: ======'machine_var_audits_switches_s_rigth02'====== Args={'value': 23, 'prev_value': None, 'change': True}
2022-10-22 16:09:13,289 : INFO : EventManager : Event: ======'machine_var_audits_switches_s_rigth03'====== Args={'value': 14, 'prev_value': None, 'change': True}
2022-10-22 16:09:13,289 : INFO : EventManager : Event: ======'machine_var_audits_switches_s_spinner'====== Args={'value': 271, 'prev_value': None, 'change': True}
2022-10-22 16:09:13,290 : INFO : EventManager : Event: ======'machine_var_audits_switches_s_start'====== Args={'value': 0, 'prev_value': None, 'change': True}
2022-10-22 16:09:13,290 : INFO : EventManager : Event: ======'machine_var_audits_switches_s_top'====== Args={'value': 11, 'prev_value': None, 'change': True}
2022-10-22 16:09:13,290 : INFO : EventManager : Event: ======'machine_var_audits_switches_s_toplane1'====== Args={'value': 217, 'prev_value': None, 'change': True}
2022-10-22 16:09:13,290 : INFO : EventManager : Event: ======'machine_var_audits_switches_s_toplane2'====== Args={'value': 129, 'prev_value': None, 'change': True}
2022-10-22 16:09:13,291 : INFO : EventManager : Event: ======'machine_var_audits_switches_s_toplane3'====== Args={'value': 109, 'prev_value': None, 'change': True}
2022-10-22 16:09:13,292 : INFO : EventManager : Event: ======'machine_var_audits_switches_s_trough1'====== Args={'value': 32, 'prev_value': None, 'change': True}
2022-10-22 16:09:13,292 : INFO : EventManager : Event: ======'machine_var_audits_switches_s_trough2'====== Args={'value': 35, 'prev_value': None, 'change': True}
2022-10-22 16:09:13,293 : INFO : EventManager : Event: ======'machine_var_audits_switches_s_trough3'====== Args={'value': 27, 'prev_value': None, 'change': True}
2022-10-22 16:09:13,293 : INFO : EventManager : Event: ======'machine_var_audits_switches_s_trough4'====== Args={'value': 40, 'prev_value': None, 'change': True}
2022-10-22 16:09:13,294 : INFO : EventManager : Event: ======'machine_var_audits_switches_s_trough5'====== Args={'value': 27, 'prev_value': None, 'change': True}
2022-10-22 16:09:13,295 : INFO : EventManager : Event: ======'machine_var_audits_switches_s_trough6'====== Args={'value': 24, 'prev_value': None, 'change': True}
2022-10-22 16:09:13,295 : INFO : EventManager : Event: ======'machine_var_audits_switches_s_trough_jam'====== Args={'value': 27, 'prev_value': None, 'change': True}
2022-10-22 16:09:13,295 : INFO : EventManager : Event: ======'machine_var_audits_switches_s_vukmid'====== Args={'value': 46, 'prev_value': None, 'change': True}
2022-10-22 16:09:13,296 : INFO : EventManager : Event: ======'machine_var_audits_switches_s_vuktop'====== Args={'value': 12, 'prev_value': None, 'change': True}
2022-10-22 16:09:13,297 : INFO : EventManager : Event: ======'init_phase_5'====== Args={}
2022-10-22 16:09:13,307 : INFO : EventManager : Event: ======'init_done'====== Args={}
2022-10-22 16:09:13,307 : INFO : EventManager : Event: ======'machine_reset_phase_1'====== Args={}
2022-10-22 16:09:13,313 : INFO : EventManager : Event: ======'slide_welcome_slide_removed'====== Args={'_from_bcp': True}
2022-10-22 16:09:13,316 : INFO : EventManager : Event: ======'slide_welcome_slide_created'====== Args={'_from_bcp': True}
2022-10-22 16:09:13,317 : INFO : EventManager : Event: ======'machine_reset_phase_2'====== Args={}
2022-10-22 16:09:13,317 : INFO : EventManager : Event: ======'machine_reset_phase_3'====== Args={}
2022-10-22 16:09:13,317 : INFO : drop_target_bank.db_dropbank : All targets are already up. Will not reset bank.
2022-10-22 16:09:13,317 : INFO : EventManager : Event: ======'reset_complete'====== Args={}
2022-10-22 16:09:13,318 : INFO : EventManager : Event: ======'mode_attract_will_start'====== Args={}
2022-10-22 16:09:13,319 : INFO : EventManager : Event: ======'mode_attract_starting'====== Args={}
2022-10-22 16:09:13,319 : INFO : Mode.attract : Started. Priority: 10
2022-10-22 16:09:13,319 : INFO : EventManager : Event: ======'modes_active_modes_changed'====== Args={}
2022-10-22 16:09:13,319 : INFO : EventManager : Event: ======'mode_attract_started'====== Args={}
2022-10-22 16:09:13,320 : INFO : EventManager : Event: ======'collecting_balls_complete'====== Args={}
2022-10-22 16:09:13,345 : INFO : EventManager : Event: ======'slide_welcome_slide_active'====== Args={'_from_bcp': True}
2022-10-22 16:09:13,346 : INFO : EventManager : Event: ======'slide_awesome_slide_created'====== Args={'_from_bcp': True}
2022-10-22 16:09:13,346 : INFO : Machine : Starting the main run loop.
2022-10-22 16:09:13,391 : INFO : EventManager : Event: ======'slide_awesome_slide_active'====== Args={'_from_bcp': True}
2022-10-22 16:09:16,325 : INFO : EventManager : Event: ======'slide_press_start_created'====== Args={'_from_bcp': True}
2022-10-22 16:09:16,325 : INFO : EventManager : Event: ======'slide_press_start_active'====== Args={'_from_bcp': True}
2022-10-22 16:09:19,338 : INFO : EventManager : Event: ======'slide_mission_pinball_created'====== Args={'_from_bcp': True}
2022-10-22 16:09:19,340 : INFO : EventManager : Event: ======'slide_mission_pinball_active'====== Args={'_from_bcp': True}
2022-10-22 16:09:22,335 : INFO : EventManager : Event: ======'slide_awesome_slide_removed'====== Args={'_from_bcp': True}
2022-10-22 16:09:22,336 : INFO : EventManager : Event: ======'slide_awesome_slide_created'====== Args={'_from_bcp': True}
2022-10-22 16:09:22,339 : INFO : EventManager : Event: ======'slide_awesome_slide_active'====== Args={'_from_bcp': True}
2022-10-22 16:09:25,321 : INFO : EventManager : Event: ======'slide_press_start_removed'====== Args={'_from_bcp': True}
2022-10-22 16:09:25,329 : INFO : EventManager : Event: ======'slide_press_start_created'====== Args={'_from_bcp': True}
2022-10-22 16:09:25,329 : INFO : EventManager : Event: ======'slide_press_start_active'====== Args={'_from_bcp': True}
2022-10-22 16:09:28,329 : INFO : EventManager : Event: ======'slide_mission_pinball_removed'====== Args={'_from_bcp': True}
2022-10-22 16:09:28,330 : INFO : EventManager : Event: ======'slide_mission_pinball_created'====== Args={'_from_bcp': True}
2022-10-22 16:09:28,330 : INFO : EventManager : Event: ======'slide_mission_pinball_active'====== Args={'_from_bcp': True}
2022-10-22 16:09:31,335 : INFO : EventManager : Event: ======'slide_awesome_slide_removed'====== Args={'_from_bcp': True}
2022-10-22 16:09:31,340 : INFO : EventManager : Event: ======'slide_awesome_slide_created'====== Args={'_from_bcp': True}
2022-10-22 16:09:31,344 : INFO : EventManager : Event: ======'slide_awesome_slide_active'====== Args={'_from_bcp': True}
2022-10-22 16:09:34,329 : INFO : EventManager : Event: ======'slide_press_start_removed'====== Args={'_from_bcp': True}
2022-10-22 16:09:34,334 : INFO : EventManager : Event: ======'slide_press_start_created'====== Args={'_from_bcp': True}
2022-10-22 16:09:34,337 : INFO : EventManager : Event: ======'slide_press_start_active'====== Args={'_from_bcp': True}
2022-10-22 16:09:37,324 : INFO : EventManager : Event: ======'slide_mission_pinball_removed'====== Args={'_from_bcp': True}
2022-10-22 16:09:37,327 : INFO : EventManager : Event: ======'slide_mission_pinball_created'====== Args={'_from_bcp': True}
2022-10-22 16:09:37,332 : INFO : EventManager : Event: ======'slide_mission_pinball_active'====== Args={'_from_bcp': True}
2022-10-22 16:09:40,323 : INFO : EventManager : Event: ======'slide_awesome_slide_removed'====== Args={'_from_bcp': True}
2022-10-22 16:09:40,325 : INFO : EventManager : Event: ======'slide_awesome_slide_created'====== Args={'_from_bcp': True}
2022-10-22 16:09:40,328 : INFO : EventManager : Event: ======'slide_awesome_slide_active'====== Args={'_from_bcp': True}
2022-10-22 16:09:43,326 : INFO : EventManager : Event: ======'slide_press_start_removed'====== Args={'_from_bcp': True}
2022-10-22 16:09:43,335 : INFO : EventManager : Event: ======'slide_press_start_created'====== Args={'_from_bcp': True}
2022-10-22 16:09:43,338 : INFO : EventManager : Event: ======'slide_press_start_active'====== Args={'_from_bcp': True}
2022-10-22 16:09:46,331 : INFO : EventManager : Event: ======'slide_mission_pinball_removed'====== Args={'_from_bcp': True}
2022-10-22 16:09:46,335 : INFO : EventManager : Event: ======'slide_mission_pinball_created'====== Args={'_from_bcp': True}
2022-10-22 16:09:46,337 : INFO : EventManager : Event: ======'slide_mission_pinball_active'====== Args={'_from_bcp': True}
2022-10-22 16:09:49,317 : INFO : EventManager : Event: ======'slide_awesome_slide_removed'====== Args={'_from_bcp': True}
2022-10-22 16:09:49,320 : INFO : EventManager : Event: ======'slide_awesome_slide_created'====== Args={'_from_bcp': True}
2022-10-22 16:09:49,324 : INFO : EventManager : Event: ======'slide_awesome_slide_active'====== Args={'_from_bcp': True}
2022-10-22 16:09:52,334 : INFO : EventManager : Event: ======'slide_press_start_removed'====== Args={'_from_bcp': True}
2022-10-22 16:09:52,338 : INFO : EventManager : Event: ======'slide_press_start_created'====== Args={'_from_bcp': True}
2022-10-22 16:09:52,340 : INFO : EventManager : Event: ======'slide_press_start_active'====== Args={'_from_bcp': True}
2022-10-22 16:09:55,348 : INFO : EventManager : Event: ======'slide_mission_pinball_removed'====== Args={'_from_bcp': True}
2022-10-22 16:09:55,351 : INFO : EventManager : Event: ======'slide_mission_pinball_created'====== Args={'_from_bcp': True}
2022-10-22 16:09:55,354 : INFO : EventManager : Event: ======'slide_mission_pinball_active'====== Args={'_from_bcp': True}
2022-10-22 16:09:58,343 : INFO : EventManager : Event: ======'slide_awesome_slide_removed'====== Args={'_from_bcp': True}
2022-10-22 16:09:58,346 : INFO : EventManager : Event: ======'slide_awesome_slide_created'====== Args={'_from_bcp': True}
2022-10-22 16:09:58,349 : INFO : EventManager : Event: ======'slide_awesome_slide_active'====== Args={'_from_bcp': True}
2022-10-22 16:10:01,339 : INFO : EventManager : Event: ======'slide_press_start_removed'====== Args={'_from_bcp': True}
2022-10-22 16:10:01,355 : INFO : EventManager : Event: ======'slide_press_start_created'====== Args={'_from_bcp': True}
2022-10-22 16:10:01,373 : INFO : EventManager : Event: ======'slide_press_start_active'====== Args={'_from_bcp': True}
2022-10-22 16:10:04,319 : INFO : EventManager : Event: ======'slide_mission_pinball_removed'====== Args={'_from_bcp': True}
2022-10-22 16:10:04,320 : INFO : EventManager : Event: ======'slide_mission_pinball_created'====== Args={'_from_bcp': True}
2022-10-22 16:10:04,321 : INFO : EventManager : Event: ======'slide_mission_pinball_active'====== Args={'_from_bcp': True}
2022-10-22 16:10:07,344 : INFO : EventManager : Event: ======'slide_awesome_slide_removed'====== Args={'_from_bcp': True}
2022-10-22 16:10:07,345 : INFO : EventManager : Event: ======'slide_awesome_slide_created'====== Args={'_from_bcp': True}
2022-10-22 16:10:07,349 : INFO : EventManager : Event: ======'slide_awesome_slide_active'====== Args={'_from_bcp': True}
2022-10-22 16:10:10,333 : INFO : EventManager : Event: ======'slide_press_start_removed'====== Args={'_from_bcp': True}
2022-10-22 16:10:10,334 : INFO : EventManager : Event: ======'slide_press_start_created'====== Args={'_from_bcp': True}
2022-10-22 16:10:10,337 : INFO : EventManager : Event: ======'slide_press_start_active'====== Args={'_from_bcp': True}
2022-10-22 16:10:13,326 : INFO : EventManager : Event: ======'slide_mission_pinball_removed'====== Args={'_from_bcp': True}
2022-10-22 16:10:13,333 : INFO : EventManager : Event: ======'slide_mission_pinball_created'====== Args={'_from_bcp': True}
2022-10-22 16:10:13,335 : INFO : EventManager : Event: ======'slide_mission_pinball_active'====== Args={'_from_bcp': True}
2022-10-22 16:10:16,336 : INFO : EventManager : Event: ======'slide_awesome_slide_removed'====== Args={'_from_bcp': True}
2022-10-22 16:10:16,340 : INFO : EventManager : Event: ======'slide_awesome_slide_created'====== Args={'_from_bcp': True}
2022-10-22 16:10:16,343 : INFO : EventManager : Event: ======'slide_awesome_slide_active'====== Args={'_from_bcp': True}
2022-10-22 16:10:19,320 : INFO : EventManager : Event: ======'slide_press_start_removed'====== Args={'_from_bcp': True}
2022-10-22 16:10:19,324 : INFO : EventManager : Event: ======'slide_press_start_created'====== Args={'_from_bcp': True}
2022-10-22 16:10:19,325 : INFO : EventManager : Event: ======'slide_press_start_active'====== Args={'_from_bcp': True}
2022-10-22 16:10:22,322 : INFO : EventManager : Event: ======'slide_mission_pinball_removed'====== Args={'_from_bcp': True}
2022-10-22 16:10:22,328 : INFO : EventManager : Event: ======'slide_mission_pinball_created'====== Args={'_from_bcp': True}
2022-10-22 16:10:22,330 : INFO : EventManager : Event: ======'slide_mission_pinball_active'====== Args={'_from_bcp': True}
2022-10-22 16:10:25,336 : INFO : EventManager : Event: ======'slide_awesome_slide_removed'====== Args={'_from_bcp': True}
2022-10-22 16:10:25,341 : INFO : EventManager : Event: ======'slide_awesome_slide_created'====== Args={'_from_bcp': True}
2022-10-22 16:10:25,344 : INFO : EventManager : Event: ======'slide_awesome_slide_active'====== Args={'_from_bcp': True}
2022-10-22 16:10:28,338 : INFO : EventManager : Event: ======'slide_press_start_removed'====== Args={'_from_bcp': True}
2022-10-22 16:10:28,339 : INFO : EventManager : Event: ======'slide_press_start_created'====== Args={'_from_bcp': True}
2022-10-22 16:10:28,339 : INFO : EventManager : Event: ======'slide_press_start_active'====== Args={'_from_bcp': True}
2022-10-22 16:10:31,330 : INFO : EventManager : Event: ======'slide_mission_pinball_removed'====== Args={'_from_bcp': True}
2022-10-22 16:10:31,332 : INFO : EventManager : Event: ======'slide_mission_pinball_created'====== Args={'_from_bcp': True}
2022-10-22 16:10:31,334 : INFO : EventManager : Event: ======'slide_mission_pinball_active'====== Args={'_from_bcp': True}
2022-10-22 16:10:34,332 : INFO : EventManager : Event: ======'slide_awesome_slide_removed'====== Args={'_from_bcp': True}
2022-10-22 16:10:34,338 : INFO : EventManager : Event: ======'slide_awesome_slide_created'====== Args={'_from_bcp': True}
2022-10-22 16:10:34,342 : INFO : EventManager : Event: ======'slide_awesome_slide_active'====== Args={'_from_bcp': True}
2022-10-22 16:10:37,326 : INFO : EventManager : Event: ======'slide_press_start_removed'====== Args={'_from_bcp': True}
2022-10-22 16:10:37,330 : INFO : EventManager : Event: ======'slide_press_start_created'====== Args={'_from_bcp': True}
2022-10-22 16:10:37,333 : INFO : EventManager : Event: ======'slide_press_start_active'====== Args={'_from_bcp': True}
2022-10-22 16:10:40,312 : INFO : EventManager : Event: ======'slide_mission_pinball_removed'====== Args={'_from_bcp': True}
2022-10-22 16:10:40,318 : INFO : EventManager : Event: ======'slide_mission_pinball_created'====== Args={'_from_bcp': True}
2022-10-22 16:10:40,320 : INFO : EventManager : Event: ======'slide_mission_pinball_active'====== Args={'_from_bcp': True}
2022-10-22 16:10:43,312 : INFO : EventManager : Event: ======'slide_awesome_slide_removed'====== Args={'_from_bcp': True}
2022-10-22 16:10:43,315 : INFO : EventManager : Event: ======'slide_awesome_slide_created'====== Args={'_from_bcp': True}
2022-10-22 16:10:43,317 : INFO : EventManager : Event: ======'slide_awesome_slide_active'====== Args={'_from_bcp': True}
2022-10-22 16:10:46,333 : INFO : EventManager : Event: ======'slide_press_start_removed'====== Args={'_from_bcp': True}
2022-10-22 16:10:46,337 : INFO : EventManager : Event: ======'slide_press_start_created'====== Args={'_from_bcp': True}
2022-10-22 16:10:46,338 : INFO : EventManager : Event: ======'slide_press_start_active'====== Args={'_from_bcp': True}
2022-10-22 16:10:48,816 : INFO : Machine : Shutting down...
2022-10-22 16:10:48,816 : INFO : EventManager : Event: ======'shutdown'====== Args={}
2022-10-22 16:10:48,817 : INFO : root : MPF run loop ended.
