2022-09-17 09:40:28,421 : INFO : root : Loading config.
2022-09-17 09:40:28,425 : INFO : YamlMultifileConfigLoader : Machine config file #1: config.yaml
2022-09-17 09:40:28,425 : INFO : ConfigProcessor : Loading config from cache: C:\Users\dorus\AppData\Local\Temp\0aa359e6326ef14bcc36d32fc9dec35b.mpf_cache
2022-09-17 09:40:28,507 : INFO : ConfigProcessor : Loading config from cache: C:\Users\dorus\AppData\Local\Temp\5eb3439dbf16142704b5198a23e9a58c.mpf_cache
2022-09-17 09:40:28,508 : INFO : ConfigProcessor : Loading config from cache: C:\Users\dorus\AppData\Local\Temp\336e6d2601ccb63523c70814805acbf1.mpf_cache
2022-09-17 09:40:28,509 : INFO : ConfigProcessor : Loading config from cache: C:\Users\dorus\AppData\Local\Temp\d4952d0b9ea6ba2ec58a4f9adbee2d8a.mpf_cache
2022-09-17 09:40:28,509 : INFO : ConfigProcessor : Loading config from cache: C:\Users\dorus\AppData\Local\Temp\559f6283f098772e04564bccbb105016.mpf_cache
2022-09-17 09:40:28,510 : INFO : ConfigProcessor : Loading config from cache: C:\Users\dorus\AppData\Local\Temp\9d4ddc5b486987071715110e2b9dff2c.mpf_cache
2022-09-17 09:40:28,510 : INFO : ConfigProcessor : Loading config from cache: C:\Users\dorus\AppData\Local\Temp\f88a77831ebd1fc65525f08072013dbd.mpf_cache
2022-09-17 09:40:28,511 : INFO : Machine : Mission Pinball Framework Core Engine v0.55.0
2022-09-17 09:40:28,511 : INFO : Machine : Command line arguments: {'no_load_cache': False, 'create_config_cache': True, 'bcp': True, 'configfile': ['config.yaml'], 'force_assets_load': False, 'jsonlogging': False, 'logfile': 'logs\\2022-09-17-09-40-28-mpf-LAPTOP-AS8QDAQG.log', 'pause': False, 'production': False, 'text_ui': True, 'loglevel': 15, 'consoleloglevel': 20, 'force_platform': None, 'syslog_address': None, 'mc_file_name': None, 'no_sound': False}
2022-09-17 09:40:28,511 : INFO : Machine : MPF path: C:\Users\dorus\AppData\Local\Programs\Python\Python38\lib\site-packages\mpf
2022-09-17 09:40:28,511 : INFO : Machine : Machine path: C:\pinball\mpfv1
2022-09-17 09:40:28,511 : INFO : Machine : Platform: win32
2022-09-17 09:40:28,511 : INFO : Machine : Python executable location: C:\Users\dorus\AppData\Local\Programs\Python\Python38\python.exe
2022-09-17 09:40:28,511 : INFO : Machine : Python version: 3.8.10 (64-bit)
2022-09-17 09:40:28,512 : INFO : Machine : Initialise MPF.
2022-09-17 09:40:28,665 : INFO : OPP : Connecting to COM7 at 115200bps
2022-09-17 09:40:28,750 : INFO : OPP : Init of OPP board COM7 done
2022-09-17 09:40:28,752 : INFO : EventManager : Event: ======'machine_var_credits_string'====== Args={'value': 'FREE PLAY', 'prev_value': None, 'change': True}
2022-09-17 09:40:28,797 : INFO : EventManager : Event: ======'machine_var_master_volume'====== Args={'value': 0.5, 'prev_value': None, 'change': True}
2022-09-17 09:40:28,798 : INFO : EventManager : Event: ======'machine_var_player1_score'====== Args={'value': 17500, 'prev_value': None, 'change': True}
2022-09-17 09:40:28,798 : INFO : EventManager : Event: ======'machine_var_mpf_version'====== Args={'value': 'MPF v0.55.0', 'prev_value': None, 'change': True}
2022-09-17 09:40:28,798 : INFO : EventManager : Event: ======'machine_var_mpf_extended_version'====== Args={'value': 'MPF v0.55.0, Config version:5, Show version: 5, BCP version:1.1', 'prev_value': None, 'change': True}
2022-09-17 09:40:28,798 : INFO : EventManager : Event: ======'machine_var_python_version'====== Args={'value': '3.8.10', 'prev_value': None, 'change': True}
2022-09-17 09:40:28,808 : INFO : EventManager : Event: ======'machine_var_platform'====== Args={'value': 'Windows-10-10.0.19044-SP0', 'prev_value': None, 'change': True}
2022-09-17 09:40:28,808 : INFO : EventManager : Event: ======'machine_var_platform_system'====== Args={'value': 'Windows', 'prev_value': None, 'change': True}
2022-09-17 09:40:28,809 : INFO : EventManager : Event: ======'machine_var_platform_release'====== Args={'value': '10', 'prev_value': None, 'change': True}
2022-09-17 09:40:28,809 : INFO : EventManager : Event: ======'machine_var_platform_version'====== Args={'value': '10.0.19044', 'prev_value': None, 'change': True}
2022-09-17 09:40:28,809 : INFO : EventManager : Event: ======'machine_var_platform_machine'====== Args={'value': 'AMD64', 'prev_value': None, 'change': True}
2022-09-17 09:40:28,809 : INFO : EventManager : Event: ======'init_phase_1'====== Args={}
2022-09-17 09:40:28,830 : INFO : EventManager : Event: ======'drop_target_bank_db_dropbank_up'====== Args={}
2022-09-17 09:40:28,831 : INFO : EventManager : Event: ======'init_phase_2'====== Args={}
2022-09-17 09:40:28,832 : INFO : SwitchController : Found active switch: ('COM7-0-25', <Platform.OPP>) <switch.s_trough_jam>
2022-09-17 09:40:28,832 : INFO : SwitchController : Found active switch: ('COM7-1-25', <Platform.OPP>) <switch.s_drop1>
2022-09-17 09:40:28,832 : INFO : SwitchController : Found active switch: ('COM7-1-26', <Platform.OPP>) <switch.s_drop2>
2022-09-17 09:40:28,832 : INFO : SwitchController : Found active switch: ('COM7-1-27', <Platform.OPP>) <switch.s_drop3>
2022-09-17 09:40:28,835 : INFO : EventManager : Event: ======'bcp_connection_attempt'====== Args={'name': 'local_display', 'host': 'localhost', 'port': 5050}
2022-09-17 09:40:28,837 : INFO : BCPClientSocket : Connecting BCP to 'local_display' at localhost:5050...
2022-09-17 09:40:30,863 : INFO : BCPClientSocket : Connected BCP to 'local_display' localhost:5050
2022-09-17 09:40:30,865 : INFO : EventManager : Event: ======'bcp_clients_connected'====== Args={}
2022-09-17 09:40:30,875 : INFO : ball_device.bd_trough : BCH: Count is unstable. Trying to reorder balls.
2022-09-17 09:40:30,875 : WARNING : ball_device.bd_trough : Cannot reorder device because eject_coil_reorder_pulse is not configured
2022-09-17 09:40:30,875 : INFO : ball_device.bd_trough : BCH: Repulse done. Waiting for balls to settle.
2022-09-17 09:40:30,875 : INFO : ball_device.bd_trough : BCH: Initial count: 1
2022-09-17 09:40:30,876 : INFO : EventManager : Event: ======'machine_var_mc_version'====== Args={'value': 'MPF-MC v0.55.0', 'prev_value': None, 'change': True}
2022-09-17 09:40:30,877 : INFO : EventManager : Event: ======'machine_var_mc_extended_version'====== Args={'value': 'MPF-MC v0.55.0 (config_version=5, BCP v1.1, Requires MPF v0.55.0-dev.49)', 'prev_value': None, 'change': True}
2022-09-17 09:40:30,880 : INFO : ball_device.bd_trough : State: idle
2022-09-17 09:40:30,897 : INFO : ball_device.bd_plunger : BCH: Initial count: 0
2022-09-17 09:40:30,898 : INFO : ball_device.bd_plunger : State: idle
2022-09-17 09:40:30,898 : INFO : ball_device.bd_vukmid : BCH: Initial count: 0
2022-09-17 09:40:30,898 : INFO : ball_device.bd_vukmid : State: idle
2022-09-17 09:40:30,899 : INFO : ball_device.bd_vuktop : BCH: Initial count: 0
2022-09-17 09:40:30,899 : INFO : ball_device.bd_vuktop : State: idle
2022-09-17 09:40:30,981 : INFO : EventManager : Event: ======'init_phase_3'====== Args={}
2022-09-17 09:40:30,984 : INFO : EventManager : Event: ======'init_phase_4'====== Args={}
2022-09-17 09:40:30,984 : INFO : EventManager : Event: ======'playfield_active'====== Args={}
2022-09-17 09:40:30,984 : INFO : EventManager : Event: ======'unexpected_ball_on_playfield'====== Args={}
2022-09-17 09:40:30,984 : INFO : EventManager : Event: ======'drop_target_d_drop_target1_down'====== Args={'device': <drop_target.d_drop_target1>}
2022-09-17 09:40:30,984 : INFO : EventManager : Event: ======'drop_target_bank_db_dropbank_mixed'====== Args={'prev_value': <DropTargetBankState.UP: 'up'>, 'down': 1}
2022-09-17 09:40:30,984 : INFO : EventManager : Event: ======'playfield_active'====== Args={}
2022-09-17 09:40:30,984 : INFO : EventManager : Event: ======'unexpected_ball_on_playfield'====== Args={}
2022-09-17 09:40:30,984 : INFO : EventManager : Event: ======'drop_target_d_drop_target2_down'====== Args={'device': <drop_target.d_drop_target2>}
2022-09-17 09:40:30,984 : INFO : EventManager : Event: ======'drop_target_bank_db_dropbank_mixed'====== Args={'prev_value': <DropTargetBankState.MIXED: 'mixed'>, 'down': 2}
2022-09-17 09:40:30,984 : INFO : EventManager : Event: ======'playfield_active'====== Args={}
2022-09-17 09:40:30,984 : INFO : EventManager : Event: ======'unexpected_ball_on_playfield'====== Args={}
2022-09-17 09:40:30,984 : INFO : EventManager : Event: ======'drop_target_d_drop_target3_down'====== Args={'device': <drop_target.d_drop_target3>}
2022-09-17 09:40:30,985 : INFO : EventManager : Event: ======'drop_target_bank_db_dropbank_down'====== Args={}
2022-09-17 09:40:30,985 : INFO : BallController : Initial balls found: 1
2022-09-17 09:40:30,987 : INFO : EventManager : Event: ======'machine_var_audits_events_game_ended'====== Args={'value': 0, 'prev_value': None, 'change': True}
2022-09-17 09:40:30,987 : INFO : EventManager : Event: ======'machine_var_audits_events_game_started'====== Args={'value': 0, 'prev_value': None, 'change': True}
2022-09-17 09:40:30,988 : INFO : EventManager : Event: ======'machine_var_audits_player_score'====== Args={'value': {'average': 27625.0, 'top': [41000, 31800, 20200, 17500], 'total': 4}, 'prev_value': None, 'change': True}
2022-09-17 09:40:30,988 : INFO : EventManager : Event: ======'machine_var_audits_shots_lane_top_1'====== Args={'value': 65, 'prev_value': None, 'change': True}
2022-09-17 09:40:30,989 : INFO : EventManager : Event: ======'machine_var_audits_shots_lane_top_2'====== Args={'value': 63, 'prev_value': None, 'change': True}
2022-09-17 09:40:30,990 : INFO : EventManager : Event: ======'machine_var_audits_shots_lane_top_3'====== Args={'value': 55, 'prev_value': None, 'change': True}
2022-09-17 09:40:30,990 : INFO : EventManager : Event: ======'machine_var_audits_shots_orbit'====== Args={'value': 14, 'prev_value': None, 'change': True}
2022-09-17 09:40:30,990 : INFO : EventManager : Event: ======'machine_var_audits_shots_spinner'====== Args={'value': 144, 'prev_value': None, 'change': True}
2022-09-17 09:40:30,990 : INFO : EventManager : Event: ======'machine_var_audits_switches_s_bottomlane1'====== Args={'value': 6, 'prev_value': None, 'change': True}
2022-09-17 09:40:30,990 : INFO : EventManager : Event: ======'machine_var_audits_switches_s_bottomlane2'====== Args={'value': 8, 'prev_value': None, 'change': True}
2022-09-17 09:40:30,991 : INFO : EventManager : Event: ======'machine_var_audits_switches_s_bottomlane3'====== Args={'value': 5, 'prev_value': None, 'change': True}
2022-09-17 09:40:30,991 : INFO : EventManager : Event: ======'machine_var_audits_switches_s_bottomlane4'====== Args={'value': 16, 'prev_value': None, 'change': True}
2022-09-17 09:40:30,991 : INFO : EventManager : Event: ======'machine_var_audits_switches_s_bottomlane5'====== Args={'value': 2, 'prev_value': None, 'change': True}
2022-09-17 09:40:30,992 : INFO : EventManager : Event: ======'machine_var_audits_switches_s_drop1'====== Args={'value': 26, 'prev_value': None, 'change': True}
2022-09-17 09:40:30,992 : INFO : EventManager : Event: ======'machine_var_audits_switches_s_drop2'====== Args={'value': 10, 'prev_value': None, 'change': True}
2022-09-17 09:40:30,992 : INFO : EventManager : Event: ======'machine_var_audits_switches_s_drop3'====== Args={'value': 6, 'prev_value': None, 'change': True}
2022-09-17 09:40:30,993 : INFO : EventManager : Event: ======'machine_var_audits_switches_s_launch'====== Args={'value': 6, 'prev_value': None, 'change': True}
2022-09-17 09:40:30,993 : INFO : EventManager : Event: ======'machine_var_audits_switches_s_left01'====== Args={'value': 26, 'prev_value': None, 'change': True}
2022-09-17 09:40:30,993 : INFO : EventManager : Event: ======'machine_var_audits_switches_s_left02'====== Args={'value': 26, 'prev_value': None, 'change': True}
2022-09-17 09:40:30,994 : INFO : EventManager : Event: ======'machine_var_audits_switches_s_left03'====== Args={'value': 19, 'prev_value': None, 'change': True}
2022-09-17 09:40:30,994 : INFO : EventManager : Event: ======'machine_var_audits_switches_s_left_sling'====== Args={'value': 24, 'prev_value': None, 'change': True}
2022-09-17 09:40:30,994 : INFO : EventManager : Event: ======'machine_var_audits_switches_s_orbit1'====== Args={'value': 36, 'prev_value': None, 'change': True}
2022-09-17 09:40:30,995 : INFO : EventManager : Event: ======'machine_var_audits_switches_s_orbit2'====== Args={'value': 0, 'prev_value': None, 'change': True}
2022-09-17 09:40:30,995 : INFO : EventManager : Event: ======'machine_var_audits_switches_s_plunger_lane'====== Args={'value': 50, 'prev_value': None, 'change': True}
2022-09-17 09:40:30,995 : INFO : EventManager : Event: ======'machine_var_audits_switches_s_popbumber_1'====== Args={'value': 37, 'prev_value': None, 'change': True}
2022-09-17 09:40:30,996 : INFO : EventManager : Event: ======'machine_var_audits_switches_s_popbumber_2'====== Args={'value': 73, 'prev_value': None, 'change': True}
2022-09-17 09:40:30,996 : INFO : EventManager : Event: ======'machine_var_audits_switches_s_popbumber_3'====== Args={'value': 23, 'prev_value': None, 'change': True}
2022-09-17 09:40:30,997 : INFO : EventManager : Event: ======'machine_var_audits_switches_s_ramp'====== Args={'value': 31, 'prev_value': None, 'change': True}
2022-09-17 09:40:30,997 : INFO : EventManager : Event: ======'machine_var_audits_switches_s_right_sling'====== Args={'value': 58, 'prev_value': None, 'change': True}
2022-09-17 09:40:30,998 : INFO : EventManager : Event: ======'machine_var_audits_switches_s_rigth01'====== Args={'value': 53, 'prev_value': None, 'change': True}
2022-09-17 09:40:30,998 : INFO : EventManager : Event: ======'machine_var_audits_switches_s_rigth02'====== Args={'value': 23, 'prev_value': None, 'change': True}
2022-09-17 09:40:30,998 : INFO : EventManager : Event: ======'machine_var_audits_switches_s_rigth03'====== Args={'value': 12, 'prev_value': None, 'change': True}
2022-09-17 09:40:30,999 : INFO : EventManager : Event: ======'machine_var_audits_switches_s_spinner'====== Args={'value': 237, 'prev_value': None, 'change': True}
2022-09-17 09:40:30,999 : INFO : EventManager : Event: ======'machine_var_audits_switches_s_start'====== Args={'value': 0, 'prev_value': None, 'change': True}
2022-09-17 09:40:31,000 : INFO : EventManager : Event: ======'machine_var_audits_switches_s_top'====== Args={'value': 9, 'prev_value': None, 'change': True}
2022-09-17 09:40:31,000 : INFO : EventManager : Event: ======'machine_var_audits_switches_s_toplane1'====== Args={'value': 152, 'prev_value': None, 'change': True}
2022-09-17 09:40:31,000 : INFO : EventManager : Event: ======'machine_var_audits_switches_s_toplane2'====== Args={'value': 70, 'prev_value': None, 'change': True}
2022-09-17 09:40:31,001 : INFO : EventManager : Event: ======'machine_var_audits_switches_s_toplane3'====== Args={'value': 62, 'prev_value': None, 'change': True}
2022-09-17 09:40:31,001 : INFO : EventManager : Event: ======'machine_var_audits_switches_s_trough1'====== Args={'value': 15, 'prev_value': None, 'change': True}
2022-09-17 09:40:31,002 : INFO : EventManager : Event: ======'machine_var_audits_switches_s_trough2'====== Args={'value': 21, 'prev_value': None, 'change': True}
2022-09-17 09:40:31,002 : INFO : EventManager : Event: ======'machine_var_audits_switches_s_trough3'====== Args={'value': 13, 'prev_value': None, 'change': True}
2022-09-17 09:40:31,003 : INFO : EventManager : Event: ======'machine_var_audits_switches_s_trough4'====== Args={'value': 18, 'prev_value': None, 'change': True}
2022-09-17 09:40:31,003 : INFO : EventManager : Event: ======'machine_var_audits_switches_s_trough5'====== Args={'value': 13, 'prev_value': None, 'change': True}
2022-09-17 09:40:31,003 : INFO : EventManager : Event: ======'machine_var_audits_switches_s_trough6'====== Args={'value': 12, 'prev_value': None, 'change': True}
2022-09-17 09:40:31,004 : INFO : EventManager : Event: ======'machine_var_audits_switches_s_trough_jam'====== Args={'value': 14, 'prev_value': None, 'change': True}
2022-09-17 09:40:31,004 : INFO : EventManager : Event: ======'machine_var_audits_switches_s_vukmid'====== Args={'value': 23, 'prev_value': None, 'change': True}
2022-09-17 09:40:31,004 : INFO : EventManager : Event: ======'machine_var_audits_switches_s_vuktop'====== Args={'value': 9, 'prev_value': None, 'change': True}
2022-09-17 09:40:31,007 : INFO : EventManager : Event: ======'init_phase_5'====== Args={}
2022-09-17 09:40:31,023 : INFO : EventManager : Event: ======'init_done'====== Args={}
2022-09-17 09:40:31,023 : INFO : EventManager : Event: ======'machine_reset_phase_1'====== Args={}
2022-09-17 09:40:31,037 : INFO : BcpServer : New client connected.
2022-09-17 09:40:31,042 : INFO : EventManager : Event: ======'slide_welcome_slide_removed'====== Args={'_from_bcp': True}
2022-09-17 09:40:31,043 : INFO : EventManager : Event: ======'slide_welcome_slide_created'====== Args={'_from_bcp': True}
2022-09-17 09:40:31,043 : INFO : EventManager : Event: ======'slide_welcome_slide_active'====== Args={'_from_bcp': True}
2022-09-17 09:40:31,044 : INFO : EventManager : Event: ======'machine_reset_phase_2'====== Args={}
2022-09-17 09:40:31,046 : INFO : EventManager : Event: ======'machine_reset_phase_3'====== Args={}
2022-09-17 09:40:31,048 : INFO : drop_target_bank.db_dropbank : 3 targets are down. Will reset those.
2022-09-17 09:40:31,048 : INFO : coil.c_drop : Pulsing Driver for 16ms (1.0 pulse_power)
2022-09-17 09:40:31,049 : INFO : EventManager : Event: ======'reset_complete'====== Args={}
2022-09-17 09:40:31,050 : INFO : EventManager : Event: ======'mode_attract_will_start'====== Args={}
2022-09-17 09:40:31,050 : INFO : EventManager : Event: ======'mode_attract_starting'====== Args={}
2022-09-17 09:40:31,050 : INFO : Mode.attract : Started. Priority: 10
2022-09-17 09:40:31,050 : INFO : EventManager : Event: ======'modes_active_modes_changed'====== Args={}
2022-09-17 09:40:31,050 : INFO : EventManager : Event: ======'mode_attract_started'====== Args={}
2022-09-17 09:40:31,051 : INFO : EventManager : Event: ======'collecting_balls_complete'====== Args={}
2022-09-17 09:40:31,071 : INFO : EventManager : Event: ======'slide_awesome_slide_created'====== Args={'_from_bcp': True}
2022-09-17 09:40:31,072 : INFO : EventManager : Event: ======'slide_awesome_slide_active'====== Args={'_from_bcp': True}
2022-09-17 09:40:31,074 : INFO : Machine : Starting the main run loop.
2022-09-17 09:40:31,711 : INFO : SwitchController : <<<<<<< 's_trough1' active >>>>>>>
2022-09-17 09:40:31,992 : INFO : drop_target_bank.db_dropbank : 3 targets are down. Will reset those.
2022-09-17 09:40:31,992 : INFO : coil.c_drop : Pulsing Driver for 16ms (1.0 pulse_power)
2022-09-17 09:40:32,121 : INFO : SwitchController : <<<<<<< 's_trough2' active >>>>>>>
2022-09-17 09:40:32,487 : INFO : SwitchController : <<<<<<< 's_trough3' active >>>>>>>
2022-09-17 09:40:32,815 : INFO : SwitchController : <<<<<<< 's_trough4' active >>>>>>>
2022-09-17 09:40:33,309 : INFO : EventManager : Event: ======'balldevice_bd_trough_ball_count_changed'====== Args={'balls': 5}
2022-09-17 09:40:33,310 : INFO : ball_device.bd_trough : Received unexpected ball
2022-09-17 09:40:33,310 : INFO : EventManager : Event: ======'balldevice_captured_from_playfield'====== Args={'balls': 1}
2022-09-17 09:40:33,312 : INFO : EventManager : Event: ======'sw_playfield_active'====== Args={'balls': 1}
2022-09-17 09:40:33,312 : INFO : EventManager : Event: ======'playfield_active'====== Args={}
2022-09-17 09:40:33,312 : INFO : EventManager : Event: ======'unexpected_ball_on_playfield'====== Args={}
2022-09-17 09:40:33,313 : INFO : EventManager : Event: ======'playfield_ball_count_change'====== Args={'balls': -1, 'change': -1}
2022-09-17 09:40:33,315 : INFO : EventManager : Event: ======'balldevice_playfield_ball_enter'====== Args={'new_balls': 1, 'unclaimed_balls': 1, 'device': <playfield.playfield>}
2022-09-17 09:40:33,316 : INFO : EventManager : Event: ======'playfield_ball_count_change'====== Args={'balls': 0, 'change': 1}
2022-09-17 09:40:33,316 : INFO : BallController : Found a new ball which was captured from playfield. Known balls: 2
2022-09-17 09:40:33,316 : INFO : EventManager : Event: ======'found_new_ball'====== Args={}
2022-09-17 09:40:33,316 : INFO : EventManager : Event: ======'balldevice_bd_trough_ball_enter'====== Args={'new_balls': 1, 'unclaimed_balls': 1, 'new_available_balls': 1, 'device': <ball_device.bd_trough>}
2022-09-17 09:40:33,318 : INFO : EventManager : Event: ======'ball_drain'====== Args={'device': <ball_device.bd_trough>, 'balls': 1}
2022-09-17 09:40:33,320 : INFO : EventManager : Event: ======'balldevice_balls_available'====== Args={}
2022-09-17 09:40:33,320 : INFO : EventManager : Event: ======'balldevice_bd_trough_ball_entered'====== Args={'new_balls': 1, 'device': <ball_device.bd_trough>}
2022-09-17 09:40:33,320 : INFO : ball_device.bd_trough : Received unexpected ball
2022-09-17 09:40:33,320 : INFO : EventManager : Event: ======'balldevice_captured_from_playfield'====== Args={'balls': 1}
2022-09-17 09:40:33,321 : INFO : EventManager : Event: ======'sw_playfield_active'====== Args={'balls': 1}
2022-09-17 09:40:33,322 : INFO : EventManager : Event: ======'playfield_active'====== Args={}
2022-09-17 09:40:33,322 : INFO : EventManager : Event: ======'unexpected_ball_on_playfield'====== Args={}
2022-09-17 09:40:33,322 : INFO : EventManager : Event: ======'playfield_ball_count_change'====== Args={'balls': -1, 'change': -1}
2022-09-17 09:40:33,324 : INFO : EventManager : Event: ======'balldevice_playfield_ball_enter'====== Args={'new_balls': 1, 'unclaimed_balls': 1, 'device': <playfield.playfield>}
2022-09-17 09:40:33,324 : INFO : EventManager : Event: ======'playfield_ball_count_change'====== Args={'balls': 0, 'change': 1}
2022-09-17 09:40:33,324 : INFO : BallController : Found a new ball which was captured from playfield. Known balls: 3
2022-09-17 09:40:33,325 : INFO : EventManager : Event: ======'found_new_ball'====== Args={}
2022-09-17 09:40:33,325 : INFO : EventManager : Event: ======'balldevice_bd_trough_ball_enter'====== Args={'new_balls': 1, 'unclaimed_balls': 1, 'new_available_balls': 1, 'device': <ball_device.bd_trough>}
2022-09-17 09:40:33,326 : INFO : EventManager : Event: ======'ball_drain'====== Args={'device': <ball_device.bd_trough>, 'balls': 1}
2022-09-17 09:40:33,328 : INFO : EventManager : Event: ======'balldevice_balls_available'====== Args={}
2022-09-17 09:40:33,328 : INFO : EventManager : Event: ======'balldevice_bd_trough_ball_entered'====== Args={'new_balls': 1, 'device': <ball_device.bd_trough>}
2022-09-17 09:40:33,328 : INFO : ball_device.bd_trough : Received unexpected ball
2022-09-17 09:40:33,328 : INFO : EventManager : Event: ======'balldevice_captured_from_playfield'====== Args={'balls': 1}
2022-09-17 09:40:33,329 : INFO : EventManager : Event: ======'sw_playfield_active'====== Args={'balls': 1}
2022-09-17 09:40:33,329 : INFO : EventManager : Event: ======'playfield_active'====== Args={}
2022-09-17 09:40:33,330 : INFO : EventManager : Event: ======'unexpected_ball_on_playfield'====== Args={}
2022-09-17 09:40:33,330 : INFO : EventManager : Event: ======'playfield_ball_count_change'====== Args={'balls': -1, 'change': -1}
2022-09-17 09:40:33,331 : INFO : EventManager : Event: ======'balldevice_playfield_ball_enter'====== Args={'new_balls': 1, 'unclaimed_balls': 1, 'device': <playfield.playfield>}
2022-09-17 09:40:33,331 : INFO : EventManager : Event: ======'playfield_ball_count_change'====== Args={'balls': 0, 'change': 1}
2022-09-17 09:40:33,331 : INFO : BallController : Found a new ball which was captured from playfield. Known balls: 4
2022-09-17 09:40:33,331 : INFO : EventManager : Event: ======'found_new_ball'====== Args={}
2022-09-17 09:40:33,331 : INFO : EventManager : Event: ======'balldevice_bd_trough_ball_enter'====== Args={'new_balls': 1, 'unclaimed_balls': 1, 'new_available_balls': 1, 'device': <ball_device.bd_trough>}
2022-09-17 09:40:33,332 : INFO : EventManager : Event: ======'ball_drain'====== Args={'device': <ball_device.bd_trough>, 'balls': 1}
2022-09-17 09:40:33,332 : INFO : EventManager : Event: ======'balldevice_balls_available'====== Args={}
2022-09-17 09:40:33,333 : INFO : EventManager : Event: ======'balldevice_bd_trough_ball_entered'====== Args={'new_balls': 1, 'device': <ball_device.bd_trough>}
2022-09-17 09:40:33,333 : INFO : ball_device.bd_trough : Received unexpected ball
2022-09-17 09:40:33,333 : INFO : EventManager : Event: ======'balldevice_captured_from_playfield'====== Args={'balls': 1}
2022-09-17 09:40:33,333 : INFO : EventManager : Event: ======'sw_playfield_active'====== Args={'balls': 1}
2022-09-17 09:40:33,334 : INFO : EventManager : Event: ======'playfield_active'====== Args={}
2022-09-17 09:40:33,334 : INFO : EventManager : Event: ======'unexpected_ball_on_playfield'====== Args={}
2022-09-17 09:40:33,334 : INFO : EventManager : Event: ======'playfield_ball_count_change'====== Args={'balls': -1, 'change': -1}
2022-09-17 09:40:33,335 : INFO : EventManager : Event: ======'balldevice_playfield_ball_enter'====== Args={'new_balls': 1, 'unclaimed_balls': 1, 'device': <playfield.playfield>}
2022-09-17 09:40:33,335 : INFO : EventManager : Event: ======'playfield_ball_count_change'====== Args={'balls': 0, 'change': 1}
2022-09-17 09:40:33,335 : INFO : BallController : Found a new ball which was captured from playfield. Known balls: 5
2022-09-17 09:40:33,335 : INFO : EventManager : Event: ======'found_new_ball'====== Args={}
2022-09-17 09:40:33,335 : INFO : EventManager : Event: ======'balldevice_bd_trough_ball_enter'====== Args={'new_balls': 1, 'unclaimed_balls': 1, 'new_available_balls': 1, 'device': <ball_device.bd_trough>}
2022-09-17 09:40:33,336 : INFO : EventManager : Event: ======'ball_drain'====== Args={'device': <ball_device.bd_trough>, 'balls': 1}
2022-09-17 09:40:33,336 : INFO : EventManager : Event: ======'balldevice_balls_available'====== Args={}
2022-09-17 09:40:33,337 : INFO : EventManager : Event: ======'balldevice_bd_trough_ball_entered'====== Args={'new_balls': 1, 'device': <ball_device.bd_trough>}
2022-09-17 09:40:34,061 : INFO : EventManager : Event: ======'slide_press_start_created'====== Args={'_from_bcp': True}
2022-09-17 09:40:34,062 : INFO : EventManager : Event: ======'slide_press_start_active'====== Args={'_from_bcp': True}
2022-09-17 09:40:35,510 : INFO : SwitchController : <<<<<<< 's_start' active >>>>>>>
2022-09-17 09:40:35,620 : INFO : SwitchController : <<<<<<< 's_start' inactive >>>>>>>
2022-09-17 09:40:35,620 : INFO : EventManager : Event: ======'request_to_start_game'====== Args={}
2022-09-17 09:40:35,622 : INFO : EventManager : Event: ======'game_start'====== Args={'buttons': [], 'hold_time': 0.125}
2022-09-17 09:40:35,622 : INFO : EventManager : Event: ======'mode_game_will_start'====== Args={'buttons': [], 'hold_time': 0.125}
2022-09-17 09:40:35,624 : INFO : EventManager : Event: ======'mode_game_starting'====== Args={'buttons': [], 'hold_time': 0.125}
2022-09-17 09:40:35,624 : INFO : EventManager : Event: ======'mode_attract_will_stop'====== Args={}
2022-09-17 09:40:35,625 : INFO : EventManager : Event: ======'mode_attract_stopping'====== Args={}
2022-09-17 09:40:35,625 : INFO : Mode.attract : Stopped.
2022-09-17 09:40:35,625 : INFO : EventManager : Event: ======'modes_active_modes_changed'====== Args={}
2022-09-17 09:40:35,625 : INFO : EventManager : Event: ======'mode_attract_stopped'====== Args={}
2022-09-17 09:40:35,626 : INFO : EventManager : Event: ======'clear'====== Args={'key': 'attract'}
2022-09-17 09:40:35,626 : INFO : Mode.game : Started. Priority: 20
2022-09-17 09:40:35,626 : INFO : EventManager : Event: ======'modes_active_modes_changed'====== Args={}
2022-09-17 09:40:35,627 : INFO : EventManager : Event: ======'mode_game_started'====== Args={'buttons': [], 'hold_time': 0.125}
2022-09-17 09:40:35,634 : INFO : EventManager : Event: ======'game_will_start'====== Args={}
2022-09-17 09:40:35,636 : INFO : EventManager : Event: ======'game_starting'====== Args={'game': <Mode.game>}
2022-09-17 09:40:35,637 : INFO : EventManager : Event: ======'player_add_request'====== Args={}
2022-09-17 09:40:35,637 : INFO : EventManager : Event: ======'player_will_add'====== Args={'number': 1}
2022-09-17 09:40:35,637 : INFO : EventManager : Event: ======'player_adding'====== Args={'player': <Player 1>, 'number': 1}
2022-09-17 09:40:35,638 : INFO : EventManager : Event: ======'player_added'====== Args={'player': <Player 1>, 'num': 1}
2022-09-17 09:40:35,638 : INFO : Mode.game : Player added successfully. Total players: 1
2022-09-17 09:40:35,638 : INFO : EventManager : Event: ======'player_index'====== Args={'value': 0, 'prev_value': 0, 'change': 0, 'player_num': 1}
2022-09-17 09:40:35,639 : INFO : EventManager : Event: ======'player_number'====== Args={'value': 1, 'prev_value': 1, 'change': 0, 'player_num': 1}
2022-09-17 09:40:35,639 : INFO : EventManager : Event: ======'player_score'====== Args={'value': 0, 'prev_value': 0, 'change': 0, 'player_num': 1}
2022-09-17 09:40:35,640 : INFO : EventManager : Event: ======'game_started'====== Args={}
2022-09-17 09:40:35,649 : INFO : EventManager : Event: ======'player_turn_will_start'====== Args={'player': <Player 1>, 'number': 1}
2022-09-17 09:40:35,651 : INFO : EventManager : Event: ======'slide_awesome_slide_removed'====== Args={'_from_bcp': True}
2022-09-17 09:40:35,653 : INFO : EventManager : Event: ======'slide_press_start_removed'====== Args={'_from_bcp': True}
2022-09-17 09:40:35,653 : INFO : EventManager : Event: ======'slide_welcome_slide_active'====== Args={'_from_bcp': True}
2022-09-17 09:40:35,655 : INFO : EventManager : Event: ======'player_turn_starting'====== Args={'player': <Player 1>, 'number': 1}
2022-09-17 09:40:35,656 : INFO : EventManager : Event: ======'player_ball'====== Args={'value': 1, 'prev_value': 0, 'change': 1, 'player_num': 1}
2022-09-17 09:40:35,657 : INFO : EventManager : Event: ======'player_turn_started'====== Args={'player': <Player 1>, 'number': 1}
2022-09-17 09:40:35,658 : INFO : EventManager : Event: ======'ball_will_start'====== Args={'player': 1, 'ball': 1, 'balls_remaining': 2, 'is_extra_ball': False}
2022-09-17 09:40:35,662 : INFO : EventManager : Event: ======'ball_starting'====== Args={'player': 1, 'ball': 1, 'balls_remaining': 2, 'is_extra_ball': False}
2022-09-17 09:40:35,663 : INFO : EventManager : Event: ======'mode_orbit_will_start'====== Args={'queue': <QueuedEvent>, 'player': 1, 'ball': 1, 'balls_remaining': 2, 'is_extra_ball': False}
2022-09-17 09:40:35,663 : INFO : EventManager : Event: ======'player_shot_spinner_enabled'====== Args={'value': True, 'prev_value': 0, 'change': 1, 'player_num': 1}
2022-09-17 09:40:35,664 : INFO : EventManager : Event: ======'player_shot_orbit_enabled'====== Args={'value': True, 'prev_value': 0, 'change': 1, 'player_num': 1}
2022-09-17 09:40:35,665 : INFO : EventManager : Event: ======'mode_orbit_starting'====== Args={'queue': <QueuedEvent>, 'player': 1, 'ball': 1, 'balls_remaining': 2, 'is_extra_ball': False}
2022-09-17 09:40:35,665 : INFO : EventManager : Event: ======'mode_base_will_start'====== Args={'queue': <QueuedEvent>, 'player': 1, 'ball': 1, 'balls_remaining': 2, 'is_extra_ball': False}
2022-09-17 09:40:35,666 : INFO : EventManager : Event: ======'mode_base_starting'====== Args={'queue': <QueuedEvent>, 'player': 1, 'ball': 1, 'balls_remaining': 2, 'is_extra_ball': False}
2022-09-17 09:40:35,666 : INFO : drop_target_bank.db_dropbank : 3 targets are down. Will reset those.
2022-09-17 09:40:35,666 : INFO : coil.c_drop : Pulsing Driver for 16ms (1.0 pulse_power)
2022-09-17 09:40:35,667 : INFO : Mode.base : Started. Priority: 100
2022-09-17 09:40:35,667 : INFO : EventManager : Event: ======'modes_active_modes_changed'====== Args={}
2022-09-17 09:40:35,668 : INFO : EventManager : Event: ======'mode_base_started'====== Args={'queue': <QueuedEvent>, 'player': 1, 'ball': 1, 'balls_remaining': 2, 'is_extra_ball': False}
2022-09-17 09:40:35,668 : INFO : Mode.orbit : Started. Priority: 101
2022-09-17 09:40:35,669 : INFO : EventManager : Event: ======'modes_active_modes_changed'====== Args={}
2022-09-17 09:40:35,669 : INFO : EventManager : Event: ======'mode_orbit_started'====== Args={'queue': <QueuedEvent>, 'player': 1, 'ball': 1, 'balls_remaining': 2, 'is_extra_ball': False}
2022-09-17 09:40:35,669 : INFO : EventManager : Event: ======'balls_in_play'====== Args={'balls': 1}
2022-09-17 09:40:35,670 : INFO : EventManager : Event: ======'ball_started'====== Args={'player': 1, 'ball': 1, 'balls_remaining': 2, 'is_extra_ball': False}
2022-09-17 09:40:35,670 : INFO : EventManager : Event: ======'mode_lanes_will_start'====== Args={'player': 1, 'ball': 1, 'balls_remaining': 2, 'is_extra_ball': False}
2022-09-17 09:40:35,671 : INFO : EventManager : Event: ======'player_shot_lane_top_1_enabled'====== Args={'value': True, 'prev_value': 0, 'change': 1, 'player_num': 1}
2022-09-17 09:40:35,671 : INFO : EventManager : Event: ======'player_shot_lane_top_2_enabled'====== Args={'value': True, 'prev_value': 0, 'change': 1, 'player_num': 1}
2022-09-17 09:40:35,672 : INFO : EventManager : Event: ======'player_shot_lane_top_3_enabled'====== Args={'value': True, 'prev_value': 0, 'change': 1, 'player_num': 1}
2022-09-17 09:40:35,672 : INFO : EventManager : Event: ======'lanes_top_complete'====== Args={'state': 'unlit'}
2022-09-17 09:40:35,672 : INFO : EventManager : Event: ======'lanes_top_unlit_complete'====== Args={}
2022-09-17 09:40:35,674 : INFO : EventManager : Event: ======'mode_lanes_starting'====== Args={'player': 1, 'ball': 1, 'balls_remaining': 2, 'is_extra_ball': False}
2022-09-17 09:40:35,701 : INFO : EventManager : Event: ======'logicblock_lane_top_count_updated'====== Args={'value': 1, 'enabled': True}
2022-09-17 09:40:35,701 : INFO : EventManager : Event: ======'logicblock_lane_top_count_updated'====== Args={'value': 1, 'enabled': True}
2022-09-17 09:40:35,701 : INFO : Mode.lanes : Started. Priority: 110
2022-09-17 09:40:35,701 : INFO : EventManager : Event: ======'modes_active_modes_changed'====== Args={}
2022-09-17 09:40:35,701 : INFO : EventManager : Event: ======'mode_lanes_started'====== Args={'player': 1, 'ball': 1, 'balls_remaining': 2, 'is_extra_ball': False}
2022-09-17 09:40:35,702 : INFO : EventManager : Event: ======'single_player_ball_started'====== Args={}
2022-09-17 09:40:35,703 : INFO : EventManager : Event: ======'player_pf_multiplier'====== Args={'value': 1, 'prev_value': 0, 'change': 1, 'player_num': 1}
2022-09-17 09:40:35,703 : INFO : EventManager : Event: ======'slide_base.slide_player-mode_base_started_created'====== Args={'_from_bcp': True}
2022-09-17 09:40:35,704 : INFO : EventManager : Event: ======'slide_base.slide_player-mode_base_started_active'====== Args={'_from_bcp': True}
2022-09-17 09:40:35,704 : INFO : EventManager : Event: ======'ball_start_target'====== Args={'target': 'playfield'}
2022-09-17 09:40:35,719 : INFO : ball_device.bd_plunger : Setting up player-controlled eject. Balls: 1, Target: <playfield.playfield>, player_controlled_eject_event: s_launch_active
2022-09-17 09:40:35,720 : INFO : EventManager : Event: ======'balldevice_balls_available'====== Args={}
2022-09-17 09:40:35,722 : INFO : ball_device.bd_trough : State: waiting_for_target_ready
2022-09-17 09:40:35,722 : INFO : EventManager : Event: ======'balldevice_bd_trough_ball_eject_attempt'====== Args={'balls': 1, 'target': <ball_device.bd_plunger>, 'source': <ball_device.bd_trough>, 'mechanical_eject': True, 'num_attempts': 0}
2022-09-17 09:40:35,723 : INFO : ball_device.bd_plunger : State: waiting_for_ball
2022-09-17 09:40:35,724 : INFO : ball_device.bd_trough : State: ejecting
2022-09-17 09:40:35,724 : INFO : ball_device.bd_trough : Ejecting ball to <ball_device.bd_plunger>
2022-09-17 09:40:35,724 : INFO : EventManager : Event: ======'balldevice_bd_trough_ejecting_ball'====== Args={'balls': 1, 'target': <ball_device.bd_plunger>, 'source': <ball_device.bd_trough>, 'mechanical_eject': True, 'num_attempts': 0}
2022-09-17 09:40:35,725 : INFO : ball_device.bd_trough : Wait for ball to leave device
2022-09-17 09:40:35,725 : INFO : coil.c_trough_eject : Pulsing Driver for 25ms (1.0 pulse_power)
2022-09-17 09:40:38,377 : INFO : SwitchController : <<<<<<< 's_trough4' inactive >>>>>>>
2022-09-17 09:40:38,384 : INFO : ball_device.bd_trough : State: ball_left
2022-09-17 09:40:38,385 : INFO : ball_device.bd_trough : Ball left
2022-09-17 09:40:38,385 : INFO : ball_device.bd_trough : Wait for confirm with timeout 10.0
2022-09-17 09:40:39,693 : INFO : SwitchController : <<<<<<< 's_plunger_lane' active >>>>>>>
2022-09-17 09:40:39,694 : INFO : EventManager : Event: ======'machine_var_audits_switches_s_plunger_lane'====== Args={'value': 51, 'prev_value': 50, 'change': 1}
2022-09-17 09:40:40,197 : INFO : ball_device.bd_plunger : Received ball from <ball_device.bd_trough>
2022-09-17 09:40:40,197 : INFO : EventManager : Event: ======'balldevice_bd_plunger_ball_enter'====== Args={'new_balls': 1, 'unclaimed_balls': 0, 'new_available_balls': 0, 'device': <ball_device.bd_plunger>}
2022-09-17 09:40:40,199 : INFO : EventManager : Event: ======'balldevice_bd_plunger_ball_entered'====== Args={'new_balls': 0, 'device': <ball_device.bd_plunger>}
2022-09-17 09:40:40,200 : INFO : EventManager : Event: ======'balldevice_bd_plunger_ball_count_changed'====== Args={'balls': 1}
2022-09-17 09:40:40,201 : INFO : ball_device.bd_trough : Got eject confirm
2022-09-17 09:40:40,201 : INFO : ball_device.bd_trough : Eject successful
2022-09-17 09:40:40,201 : INFO : EventManager : Event: ======'balldevice_bd_trough_ball_eject_success'====== Args={'balls': 1, 'target': <ball_device.bd_plunger>}
2022-09-17 09:40:40,203 : INFO : EventManager : Event: ======'balldevice_bd_trough_ball_count_changed'====== Args={'balls': 4}
2022-09-17 09:40:40,204 : INFO : ball_device.bd_trough : State: idle
2022-09-17 09:40:40,205 : INFO : ball_device.bd_plunger : State: waiting_for_target_ready
2022-09-17 09:40:40,205 : INFO : EventManager : Event: ======'balldevice_bd_plunger_ball_eject_attempt'====== Args={'balls': 1, 'target': <playfield.playfield>, 'source': <ball_device.bd_plunger>, 'mechanical_eject': True, 'num_attempts': 0}
2022-09-17 09:40:40,208 : INFO : ball_device.bd_plunger : State: ejecting
2022-09-17 09:40:40,208 : INFO : ball_device.bd_plunger : Ejecting ball to <playfield.playfield>
2022-09-17 09:40:40,208 : INFO : EventManager : Event: ======'balldevice_bd_plunger_ejecting_ball'====== Args={'balls': 1, 'target': <playfield.playfield>, 'source': <ball_device.bd_plunger>, 'mechanical_eject': True, 'num_attempts': 0}
2022-09-17 09:40:40,211 : INFO : ball_device.bd_plunger : Wait for ball to leave device
2022-09-17 09:40:42,279 : INFO : SwitchController : <<<<<<< 's_plunger_lane' inactive >>>>>>>
2022-09-17 09:40:42,285 : INFO : ball_device.bd_plunger : State: ball_left
2022-09-17 09:40:42,286 : INFO : ball_device.bd_plunger : Ball left
2022-09-17 09:40:42,287 : INFO : ball_device.bd_plunger : Wait for confirm with timeout 10.0
2022-09-17 09:40:46,010 : INFO : SwitchController : <<<<<<< 's_toplane1' active >>>>>>>
2022-09-17 09:40:46,010 : INFO : EventManager : Event: ======'playfield_active'====== Args={}
2022-09-17 09:40:46,011 : INFO : EventManager : Event: ======'s_toplane1_active'====== Args={}
2022-09-17 09:40:46,011 : INFO : EventManager : Event: ======'machine_var_audits_switches_s_toplane1'====== Args={'value': 153, 'prev_value': 152, 'change': 1}
2022-09-17 09:40:46,021 : INFO : EventManager : Event: ======'player_shot_lane_top_1'====== Args={'value': 1, 'prev_value': 0, 'change': 1, 'player_num': 1}
2022-09-17 09:40:46,022 : INFO : EventManager : Event: ======'machine_var_audits_shots_lane_top_1'====== Args={'value': 66, 'prev_value': 65, 'change': 1}
2022-09-17 09:40:46,023 : INFO : EventManager : Event: ======'lane_top_1_hit'====== Args={'profile': 'default', 'state': 'unlit', 'advancing': True}
2022-09-17 09:40:46,023 : INFO : EventManager : Event: ======'lane_top_1_default_hit'====== Args={'profile': 'default', 'state': 'unlit', 'advancing': True}
2022-09-17 09:40:46,023 : INFO : EventManager : Event: ======'lane_top_1_default_unlit_hit'====== Args={'profile': 'default', 'state': 'unlit', 'advancing': True}
2022-09-17 09:40:46,023 : INFO : EventManager : Event: ======'lane_top_1_unlit_hit'====== Args={'profile': 'default', 'state': 'unlit', 'advancing': True}
2022-09-17 09:40:46,024 : INFO : EventManager : Event: ======'lanes_top_hit'====== Args={}
2022-09-17 09:40:46,024 : INFO : EventManager : Event: ======'lanes_top_unlit_hit'====== Args={}
2022-09-17 09:40:46,030 : INFO : ball_device.bd_plunger : Got eject confirm
2022-09-17 09:40:46,030 : INFO : ball_device.bd_plunger : Eject successful
2022-09-17 09:40:46,030 : INFO : EventManager : Event: ======'balldevice_bd_plunger_ball_eject_success'====== Args={'balls': 1, 'target': <playfield.playfield>}
2022-09-17 09:40:46,032 : INFO : EventManager : Event: ======'balldevice_playfield_ball_enter'====== Args={'new_balls': 1, 'unclaimed_balls': 1, 'device': <playfield.playfield>}
2022-09-17 09:40:46,032 : INFO : EventManager : Event: ======'playfield_ball_count_change'====== Args={'balls': 1, 'change': 1}
2022-09-17 09:40:46,034 : INFO : EventManager : Event: ======'balldevice_bd_plunger_ball_count_changed'====== Args={'balls': 0}
2022-09-17 09:40:46,035 : INFO : ball_device.bd_plunger : State: idle
2022-09-17 09:40:46,233 : INFO : SwitchController : <<<<<<< 's_toplane1' inactive >>>>>>>
2022-09-17 09:40:46,734 : INFO : SwitchController : <<<<<<< 's_toplane2' active >>>>>>>
2022-09-17 09:40:46,734 : INFO : EventManager : Event: ======'s_toplane2_active'====== Args={}
2022-09-17 09:40:46,734 : INFO : EventManager : Event: ======'machine_var_audits_switches_s_toplane2'====== Args={'value': 71, 'prev_value': 70, 'change': 1}
2022-09-17 09:40:46,736 : INFO : EventManager : Event: ======'player_shot_lane_top_2'====== Args={'value': 1, 'prev_value': 0, 'change': 1, 'player_num': 1}
2022-09-17 09:40:46,737 : INFO : EventManager : Event: ======'machine_var_audits_shots_lane_top_2'====== Args={'value': 64, 'prev_value': 63, 'change': 1}
2022-09-17 09:40:46,739 : INFO : EventManager : Event: ======'lane_top_2_hit'====== Args={'profile': 'default', 'state': 'unlit', 'advancing': True}
2022-09-17 09:40:46,740 : INFO : EventManager : Event: ======'lane_top_2_default_hit'====== Args={'profile': 'default', 'state': 'unlit', 'advancing': True}
2022-09-17 09:40:46,740 : INFO : EventManager : Event: ======'lane_top_2_default_unlit_hit'====== Args={'profile': 'default', 'state': 'unlit', 'advancing': True}
2022-09-17 09:40:46,740 : INFO : EventManager : Event: ======'lane_top_2_unlit_hit'====== Args={'profile': 'default', 'state': 'unlit', 'advancing': True}
2022-09-17 09:40:46,741 : INFO : EventManager : Event: ======'lanes_top_hit'====== Args={}
2022-09-17 09:40:46,741 : INFO : EventManager : Event: ======'lanes_top_unlit_hit'====== Args={}
2022-09-17 09:40:47,051 : INFO : SwitchController : <<<<<<< 's_toplane2' inactive >>>>>>>
2022-09-17 09:40:47,565 : INFO : SwitchController : <<<<<<< 's_toplane3' active >>>>>>>
2022-09-17 09:40:47,565 : INFO : EventManager : Event: ======'s_toplane3_active'====== Args={}
2022-09-17 09:40:47,566 : INFO : EventManager : Event: ======'machine_var_audits_switches_s_toplane3'====== Args={'value': 63, 'prev_value': 62, 'change': 1}
2022-09-17 09:40:47,566 : INFO : EventManager : Event: ======'player_shot_lane_top_3'====== Args={'value': 1, 'prev_value': 0, 'change': 1, 'player_num': 1}
2022-09-17 09:40:47,567 : INFO : EventManager : Event: ======'machine_var_audits_shots_lane_top_3'====== Args={'value': 56, 'prev_value': 55, 'change': 1}
2022-09-17 09:40:47,568 : INFO : EventManager : Event: ======'lane_top_3_hit'====== Args={'profile': 'default', 'state': 'unlit', 'advancing': True}
2022-09-17 09:40:47,568 : INFO : EventManager : Event: ======'lane_top_3_default_hit'====== Args={'profile': 'default', 'state': 'unlit', 'advancing': True}
2022-09-17 09:40:47,568 : INFO : EventManager : Event: ======'lane_top_3_default_unlit_hit'====== Args={'profile': 'default', 'state': 'unlit', 'advancing': True}
2022-09-17 09:40:47,568 : INFO : EventManager : Event: ======'lane_top_3_unlit_hit'====== Args={'profile': 'default', 'state': 'unlit', 'advancing': True}
2022-09-17 09:40:47,568 : INFO : EventManager : Event: ======'lanes_top_complete'====== Args={'state': 'lit'}
2022-09-17 09:40:47,569 : INFO : EventManager : Event: ======'lanes_top_lit_complete'====== Args={}
2022-09-17 09:40:47,569 : INFO : EventManager : Event: ======'lanes_top_hit'====== Args={}
2022-09-17 09:40:47,569 : INFO : EventManager : Event: ======'lanes_top_unlit_hit'====== Args={}
2022-09-17 09:40:47,569 : INFO : EventManager : Event: ======'player_score'====== Args={'value': 1000, 'prev_value': 0, 'change': 1000, 'player_num': 1}
2022-09-17 09:40:47,569 : INFO : EventManager : Event: ======'logicblock_lane_top_count_updated'====== Args={'value': 2, 'enabled': True}
2022-09-17 09:40:47,570 : INFO : EventManager : Event: ======'lanes_top_done'====== Args={'count': 2}
2022-09-17 09:40:47,570 : INFO : EventManager : Event: ======'player_pf_multiplier'====== Args={'value': 2, 'prev_value': 1, 'change': 1, 'player_num': 1}
2022-09-17 09:40:47,845 : INFO : SwitchController : <<<<<<< 's_toplane3' inactive >>>>>>>
2022-09-17 09:40:48,566 : INFO : EventManager : Event: ======'player_shot_lane_top_1'====== Args={'value': 0, 'prev_value': 1, 'change': -1, 'player_num': 1}
2022-09-17 09:40:48,567 : INFO : EventManager : Event: ======'player_shot_lane_top_2'====== Args={'value': 0, 'prev_value': 1, 'change': -1, 'player_num': 1}
2022-09-17 09:40:48,568 : INFO : EventManager : Event: ======'player_shot_lane_top_3'====== Args={'value': 0, 'prev_value': 1, 'change': -1, 'player_num': 1}
2022-09-17 09:40:55,629 : INFO : SwitchController : <<<<<<< 's_trough4' active >>>>>>>
2022-09-17 09:40:55,630 : INFO : EventManager : Event: ======'machine_var_audits_switches_s_trough4'====== Args={'value': 19, 'prev_value': 18, 'change': 1}
2022-09-17 09:40:56,133 : INFO : EventManager : Event: ======'balldevice_bd_trough_ball_count_changed'====== Args={'balls': 5}
2022-09-17 09:40:56,134 : INFO : ball_device.bd_trough : Received unexpected ball
2022-09-17 09:40:56,134 : INFO : EventManager : Event: ======'balldevice_captured_from_playfield'====== Args={'balls': 1}
2022-09-17 09:40:56,135 : INFO : EventManager : Event: ======'sw_playfield_active'====== Args={'balls': 1}
2022-09-17 09:40:56,135 : INFO : EventManager : Event: ======'playfield_ball_count_change'====== Args={'balls': 0, 'change': -1}
2022-09-17 09:40:56,137 : INFO : EventManager : Event: ======'balldevice_bd_trough_ball_enter'====== Args={'new_balls': 1, 'unclaimed_balls': 1, 'new_available_balls': 1, 'device': <ball_device.bd_trough>}
2022-09-17 09:40:56,138 : INFO : EventManager : Event: ======'ball_drain'====== Args={'device': <ball_device.bd_trough>, 'balls': 1}
2022-09-17 09:40:56,139 : INFO : EventManager : Event: ======'ball_will_end'====== Args={}
2022-09-17 09:40:56,140 : INFO : EventManager : Event: ======'balldevice_balls_available'====== Args={}
2022-09-17 09:40:56,140 : INFO : EventManager : Event: ======'balldevice_bd_trough_ball_entered'====== Args={'new_balls': 1, 'device': <ball_device.bd_trough>}
2022-09-17 09:40:56,143 : INFO : EventManager : Event: ======'ball_ending'====== Args={}
2022-09-17 09:40:56,144 : INFO : EventManager : Event: ======'mode_lanes_will_stop'====== Args={}
2022-09-17 09:40:56,145 : INFO : EventManager : Event: ======'mode_lanes_stopping'====== Args={}
2022-09-17 09:40:56,145 : INFO : EventManager : Event: ======'mode_orbit_will_stop'====== Args={}
2022-09-17 09:40:56,145 : INFO : EventManager : Event: ======'mode_orbit_stopping'====== Args={}
2022-09-17 09:40:56,145 : INFO : EventManager : Event: ======'mode_base_will_stop'====== Args={}
2022-09-17 09:40:56,146 : INFO : EventManager : Event: ======'mode_base_stopping'====== Args={}
2022-09-17 09:40:56,146 : INFO : Mode.base : Stopped.
2022-09-17 09:40:56,147 : INFO : EventManager : Event: ======'modes_active_modes_changed'====== Args={}
2022-09-17 09:40:56,147 : INFO : EventManager : Event: ======'mode_base_stopped'====== Args={}
2022-09-17 09:40:56,148 : INFO : EventManager : Event: ======'clear'====== Args={'key': 'base'}
2022-09-17 09:40:56,148 : INFO : Mode.orbit : Stopped.
2022-09-17 09:40:56,148 : INFO : EventManager : Event: ======'modes_active_modes_changed'====== Args={}
2022-09-17 09:40:56,149 : INFO : EventManager : Event: ======'mode_orbit_stopped'====== Args={}
2022-09-17 09:40:56,149 : INFO : EventManager : Event: ======'clear'====== Args={'key': 'orbit'}
2022-09-17 09:40:56,149 : INFO : Mode.lanes : Stopped.
2022-09-17 09:40:56,150 : INFO : EventManager : Event: ======'modes_active_modes_changed'====== Args={}
2022-09-17 09:40:56,150 : INFO : EventManager : Event: ======'mode_lanes_stopped'====== Args={}
2022-09-17 09:40:56,150 : INFO : EventManager : Event: ======'clear'====== Args={'key': 'lanes'}
2022-09-17 09:40:56,175 : INFO : EventManager : Event: ======'ball_ended'====== Args={}
2022-09-17 09:40:56,176 : INFO : EventManager : Event: ======'slide_base.slide_player-mode_base_started_removed'====== Args={'_from_bcp': True}
2022-09-17 09:40:56,176 : INFO : EventManager : Event: ======'slide_welcome_slide_active'====== Args={'_from_bcp': True}
2022-09-17 09:40:56,177 : INFO : EventManager : Event: ======'player_turn_will_end'====== Args={'player': <Player 1>, 'number': 1}
2022-09-17 09:40:56,206 : INFO : EventManager : Event: ======'player_turn_ending'====== Args={'player': <Player 1>, 'number': 1}
2022-09-17 09:40:56,208 : INFO : EventManager : Event: ======'player_turn_ended'====== Args={'player': <Player 1>, 'number': 1}
2022-09-17 09:40:56,209 : INFO : EventManager : Event: ======'player_turn_will_start'====== Args={'player': <Player 1>, 'number': 1}
2022-09-17 09:40:56,210 : INFO : EventManager : Event: ======'player_turn_starting'====== Args={'player': <Player 1>, 'number': 1}
2022-09-17 09:40:56,210 : INFO : EventManager : Event: ======'player_ball'====== Args={'value': 2, 'prev_value': 1, 'change': 1, 'player_num': 1}
2022-09-17 09:40:56,211 : INFO : EventManager : Event: ======'player_turn_started'====== Args={'player': <Player 1>, 'number': 1}
2022-09-17 09:40:56,212 : INFO : EventManager : Event: ======'ball_will_start'====== Args={'player': 1, 'ball': 2, 'balls_remaining': 1, 'is_extra_ball': False}
2022-09-17 09:40:56,220 : INFO : EventManager : Event: ======'ball_starting'====== Args={'player': 1, 'ball': 2, 'balls_remaining': 1, 'is_extra_ball': False}
2022-09-17 09:40:56,221 : INFO : EventManager : Event: ======'mode_orbit_will_start'====== Args={'queue': <QueuedEvent>, 'player': 1, 'ball': 2, 'balls_remaining': 1, 'is_extra_ball': False}
2022-09-17 09:40:56,223 : INFO : EventManager : Event: ======'mode_orbit_starting'====== Args={'queue': <QueuedEvent>, 'player': 1, 'ball': 2, 'balls_remaining': 1, 'is_extra_ball': False}
2022-09-17 09:40:56,223 : INFO : EventManager : Event: ======'mode_base_will_start'====== Args={'queue': <QueuedEvent>, 'player': 1, 'ball': 2, 'balls_remaining': 1, 'is_extra_ball': False}
2022-09-17 09:40:56,225 : INFO : EventManager : Event: ======'mode_base_starting'====== Args={'queue': <QueuedEvent>, 'player': 1, 'ball': 2, 'balls_remaining': 1, 'is_extra_ball': False}
2022-09-17 09:40:56,225 : INFO : drop_target_bank.db_dropbank : 3 targets are down. Will reset those.
2022-09-17 09:40:56,225 : INFO : coil.c_drop : Pulsing Driver for 16ms (1.0 pulse_power)
2022-09-17 09:40:56,226 : INFO : Mode.base : Started. Priority: 100
2022-09-17 09:40:56,226 : INFO : EventManager : Event: ======'modes_active_modes_changed'====== Args={}
2022-09-17 09:40:56,226 : INFO : EventManager : Event: ======'mode_base_started'====== Args={'queue': <QueuedEvent>, 'player': 1, 'ball': 2, 'balls_remaining': 1, 'is_extra_ball': False}
2022-09-17 09:40:56,227 : INFO : Mode.orbit : Started. Priority: 101
2022-09-17 09:40:56,227 : INFO : EventManager : Event: ======'modes_active_modes_changed'====== Args={}
2022-09-17 09:40:56,228 : INFO : EventManager : Event: ======'mode_orbit_started'====== Args={'queue': <QueuedEvent>, 'player': 1, 'ball': 2, 'balls_remaining': 1, 'is_extra_ball': False}
2022-09-17 09:40:56,229 : INFO : EventManager : Event: ======'balls_in_play'====== Args={'balls': 1}
2022-09-17 09:40:56,229 : INFO : EventManager : Event: ======'ball_started'====== Args={'player': 1, 'ball': 2, 'balls_remaining': 1, 'is_extra_ball': False}
2022-09-17 09:40:56,230 : INFO : EventManager : Event: ======'mode_lanes_will_start'====== Args={'player': 1, 'ball': 2, 'balls_remaining': 1, 'is_extra_ball': False}
2022-09-17 09:40:56,230 : INFO : EventManager : Event: ======'lanes_top_complete'====== Args={'state': 'unlit'}
2022-09-17 09:40:56,231 : INFO : EventManager : Event: ======'lanes_top_unlit_complete'====== Args={}
2022-09-17 09:40:56,232 : INFO : EventManager : Event: ======'mode_lanes_starting'====== Args={'player': 1, 'ball': 2, 'balls_remaining': 1, 'is_extra_ball': False}
2022-09-17 09:40:56,235 : INFO : EventManager : Event: ======'logicblock_lane_top_count_updated'====== Args={'value': 3, 'enabled': True}
2022-09-17 09:40:56,236 : INFO : EventManager : Event: ======'lanes_top_done'====== Args={'count': 3}
2022-09-17 09:40:56,254 : INFO : EventManager : Event: ======'logicblock_lane_top_count_updated'====== Args={'value': 3, 'enabled': True}
2022-09-17 09:40:56,254 : INFO : Mode.lanes : Started. Priority: 110
2022-09-17 09:40:56,254 : INFO : EventManager : Event: ======'modes_active_modes_changed'====== Args={}
2022-09-17 09:40:56,254 : INFO : EventManager : Event: ======'mode_lanes_started'====== Args={'player': 1, 'ball': 2, 'balls_remaining': 1, 'is_extra_ball': False}
2022-09-17 09:40:56,254 : INFO : EventManager : Event: ======'single_player_ball_started'====== Args={}
2022-09-17 09:40:56,256 : INFO : EventManager : Event: ======'player_pf_multiplier'====== Args={'value': 1, 'prev_value': 2, 'change': -1, 'player_num': 1}
2022-09-17 09:40:56,256 : INFO : EventManager : Event: ======'slide_base.slide_player-mode_base_started_created'====== Args={'_from_bcp': True}
2022-09-17 09:40:56,257 : INFO : EventManager : Event: ======'slide_base.slide_player-mode_base_started_active'====== Args={'_from_bcp': True}
2022-09-17 09:40:56,257 : INFO : EventManager : Event: ======'ball_start_target'====== Args={'target': 'playfield'}
2022-09-17 09:40:56,274 : INFO : ball_device.bd_plunger : Setting up player-controlled eject. Balls: 1, Target: <playfield.playfield>, player_controlled_eject_event: s_launch_active
2022-09-17 09:40:56,274 : INFO : EventManager : Event: ======'balldevice_balls_available'====== Args={}
2022-09-17 09:40:56,276 : INFO : ball_device.bd_trough : State: waiting_for_target_ready
2022-09-17 09:40:56,276 : INFO : EventManager : Event: ======'balldevice_bd_trough_ball_eject_attempt'====== Args={'balls': 1, 'target': <ball_device.bd_plunger>, 'source': <ball_device.bd_trough>, 'mechanical_eject': True, 'num_attempts': 0}
2022-09-17 09:40:56,276 : INFO : ball_device.bd_plunger : State: waiting_for_ball
2022-09-17 09:40:56,277 : INFO : ball_device.bd_trough : State: ejecting
2022-09-17 09:40:56,277 : INFO : ball_device.bd_trough : Ejecting ball to <ball_device.bd_plunger>
2022-09-17 09:40:56,277 : INFO : EventManager : Event: ======'balldevice_bd_trough_ejecting_ball'====== Args={'balls': 1, 'target': <ball_device.bd_plunger>, 'source': <ball_device.bd_trough>, 'mechanical_eject': True, 'num_attempts': 0}
2022-09-17 09:40:56,278 : INFO : ball_device.bd_trough : Wait for ball to leave device
2022-09-17 09:40:56,278 : INFO : coil.c_trough_eject : Pulsing Driver for 25ms (1.0 pulse_power)
2022-09-17 09:40:57,466 : INFO : SwitchController : <<<<<<< 's_trough4' inactive >>>>>>>
2022-09-17 09:40:57,474 : INFO : ball_device.bd_trough : State: ball_left
2022-09-17 09:40:57,474 : INFO : ball_device.bd_trough : Ball left
2022-09-17 09:40:57,474 : INFO : ball_device.bd_trough : Wait for confirm with timeout 10.0
2022-09-17 09:40:59,061 : INFO : SwitchController : <<<<<<< 's_plunger_lane' active >>>>>>>
2022-09-17 09:40:59,061 : INFO : EventManager : Event: ======'machine_var_audits_switches_s_plunger_lane'====== Args={'value': 52, 'prev_value': 51, 'change': 1}
2022-09-17 09:40:59,570 : INFO : ball_device.bd_plunger : Received ball from <ball_device.bd_trough>
2022-09-17 09:40:59,570 : INFO : EventManager : Event: ======'balldevice_bd_plunger_ball_enter'====== Args={'new_balls': 1, 'unclaimed_balls': 0, 'new_available_balls': 0, 'device': <ball_device.bd_plunger>}
2022-09-17 09:40:59,572 : INFO : EventManager : Event: ======'balldevice_bd_plunger_ball_entered'====== Args={'new_balls': 0, 'device': <ball_device.bd_plunger>}
2022-09-17 09:40:59,573 : INFO : EventManager : Event: ======'balldevice_bd_plunger_ball_count_changed'====== Args={'balls': 1}
2022-09-17 09:40:59,574 : INFO : ball_device.bd_trough : Got eject confirm
2022-09-17 09:40:59,574 : INFO : ball_device.bd_trough : Eject successful
2022-09-17 09:40:59,574 : INFO : EventManager : Event: ======'balldevice_bd_trough_ball_eject_success'====== Args={'balls': 1, 'target': <ball_device.bd_plunger>}
2022-09-17 09:40:59,576 : INFO : EventManager : Event: ======'balldevice_bd_trough_ball_count_changed'====== Args={'balls': 4}
2022-09-17 09:40:59,576 : INFO : ball_device.bd_trough : State: idle
2022-09-17 09:40:59,577 : INFO : ball_device.bd_plunger : State: waiting_for_target_ready
2022-09-17 09:40:59,577 : INFO : EventManager : Event: ======'balldevice_bd_plunger_ball_eject_attempt'====== Args={'balls': 1, 'target': <playfield.playfield>, 'source': <ball_device.bd_plunger>, 'mechanical_eject': True, 'num_attempts': 0}
2022-09-17 09:40:59,579 : INFO : ball_device.bd_plunger : State: ejecting
2022-09-17 09:40:59,579 : INFO : ball_device.bd_plunger : Ejecting ball to <playfield.playfield>
2022-09-17 09:40:59,580 : INFO : EventManager : Event: ======'balldevice_bd_plunger_ejecting_ball'====== Args={'balls': 1, 'target': <playfield.playfield>, 'source': <ball_device.bd_plunger>, 'mechanical_eject': True, 'num_attempts': 0}
2022-09-17 09:40:59,582 : INFO : ball_device.bd_plunger : Wait for ball to leave device
2022-09-17 09:41:01,726 : INFO : SwitchController : <<<<<<< 's_plunger_lane' inactive >>>>>>>
2022-09-17 09:41:01,733 : INFO : ball_device.bd_plunger : State: ball_left
2022-09-17 09:41:01,734 : INFO : ball_device.bd_plunger : Ball left
2022-09-17 09:41:01,735 : INFO : ball_device.bd_plunger : Wait for confirm with timeout 10.0
2022-09-17 09:41:06,322 : INFO : SwitchController : <<<<<<< 's_toplane1' active >>>>>>>
2022-09-17 09:41:06,322 : INFO : EventManager : Event: ======'playfield_active'====== Args={}
2022-09-17 09:41:06,323 : INFO : EventManager : Event: ======'s_toplane1_active'====== Args={}
2022-09-17 09:41:06,323 : INFO : EventManager : Event: ======'machine_var_audits_switches_s_toplane1'====== Args={'value': 154, 'prev_value': 153, 'change': 1}
2022-09-17 09:41:06,334 : INFO : EventManager : Event: ======'player_shot_lane_top_1'====== Args={'value': 1, 'prev_value': 0, 'change': 1, 'player_num': 1}
2022-09-17 09:41:06,336 : INFO : EventManager : Event: ======'machine_var_audits_shots_lane_top_1'====== Args={'value': 67, 'prev_value': 66, 'change': 1}
2022-09-17 09:41:06,336 : INFO : EventManager : Event: ======'lane_top_1_hit'====== Args={'profile': 'default', 'state': 'unlit', 'advancing': True}
2022-09-17 09:41:06,336 : INFO : EventManager : Event: ======'lane_top_1_default_hit'====== Args={'profile': 'default', 'state': 'unlit', 'advancing': True}
2022-09-17 09:41:06,337 : INFO : EventManager : Event: ======'lane_top_1_default_unlit_hit'====== Args={'profile': 'default', 'state': 'unlit', 'advancing': True}
2022-09-17 09:41:06,337 : INFO : EventManager : Event: ======'lane_top_1_unlit_hit'====== Args={'profile': 'default', 'state': 'unlit', 'advancing': True}
2022-09-17 09:41:06,337 : INFO : EventManager : Event: ======'lanes_top_hit'====== Args={}
2022-09-17 09:41:06,337 : INFO : EventManager : Event: ======'lanes_top_unlit_hit'====== Args={}
2022-09-17 09:41:06,343 : INFO : ball_device.bd_plunger : Got eject confirm
2022-09-17 09:41:06,343 : INFO : ball_device.bd_plunger : Eject successful
2022-09-17 09:41:06,344 : INFO : EventManager : Event: ======'balldevice_bd_plunger_ball_eject_success'====== Args={'balls': 1, 'target': <playfield.playfield>}
2022-09-17 09:41:06,345 : INFO : EventManager : Event: ======'balldevice_playfield_ball_enter'====== Args={'new_balls': 1, 'unclaimed_balls': 1, 'device': <playfield.playfield>}
2022-09-17 09:41:06,345 : INFO : EventManager : Event: ======'playfield_ball_count_change'====== Args={'balls': 1, 'change': 1}
2022-09-17 09:41:06,348 : INFO : EventManager : Event: ======'balldevice_bd_plunger_ball_count_changed'====== Args={'balls': 0}
2022-09-17 09:41:06,348 : INFO : ball_device.bd_plunger : State: idle
2022-09-17 09:41:06,636 : INFO : SwitchController : <<<<<<< 's_toplane1' inactive >>>>>>>
2022-09-17 09:41:07,453 : INFO : SwitchController : <<<<<<< 's_toplane2' active >>>>>>>
2022-09-17 09:41:07,453 : INFO : EventManager : Event: ======'s_toplane2_active'====== Args={}
2022-09-17 09:41:07,454 : INFO : EventManager : Event: ======'machine_var_audits_switches_s_toplane2'====== Args={'value': 72, 'prev_value': 71, 'change': 1}
2022-09-17 09:41:07,456 : INFO : EventManager : Event: ======'player_shot_lane_top_2'====== Args={'value': 1, 'prev_value': 0, 'change': 1, 'player_num': 1}
2022-09-17 09:41:07,456 : INFO : EventManager : Event: ======'machine_var_audits_shots_lane_top_2'====== Args={'value': 65, 'prev_value': 64, 'change': 1}
2022-09-17 09:41:07,457 : INFO : EventManager : Event: ======'lane_top_2_hit'====== Args={'profile': 'default', 'state': 'unlit', 'advancing': True}
2022-09-17 09:41:07,458 : INFO : EventManager : Event: ======'lane_top_2_default_hit'====== Args={'profile': 'default', 'state': 'unlit', 'advancing': True}
2022-09-17 09:41:07,458 : INFO : EventManager : Event: ======'lane_top_2_default_unlit_hit'====== Args={'profile': 'default', 'state': 'unlit', 'advancing': True}
2022-09-17 09:41:07,458 : INFO : EventManager : Event: ======'lane_top_2_unlit_hit'====== Args={'profile': 'default', 'state': 'unlit', 'advancing': True}
2022-09-17 09:41:07,458 : INFO : EventManager : Event: ======'lanes_top_hit'====== Args={}
2022-09-17 09:41:07,459 : INFO : EventManager : Event: ======'lanes_top_unlit_hit'====== Args={}
2022-09-17 09:41:07,764 : INFO : SwitchController : <<<<<<< 's_toplane2' inactive >>>>>>>
2022-09-17 09:41:08,685 : INFO : SwitchController : <<<<<<< 's_toplane3' active >>>>>>>
2022-09-17 09:41:08,685 : INFO : EventManager : Event: ======'s_toplane3_active'====== Args={}
2022-09-17 09:41:08,685 : INFO : EventManager : Event: ======'machine_var_audits_switches_s_toplane3'====== Args={'value': 64, 'prev_value': 63, 'change': 1}
2022-09-17 09:41:08,688 : INFO : EventManager : Event: ======'player_shot_lane_top_3'====== Args={'value': 1, 'prev_value': 0, 'change': 1, 'player_num': 1}
2022-09-17 09:41:08,688 : INFO : EventManager : Event: ======'machine_var_audits_shots_lane_top_3'====== Args={'value': 57, 'prev_value': 56, 'change': 1}
2022-09-17 09:41:08,690 : INFO : EventManager : Event: ======'lane_top_3_hit'====== Args={'profile': 'default', 'state': 'unlit', 'advancing': True}
2022-09-17 09:41:08,690 : INFO : EventManager : Event: ======'lane_top_3_default_hit'====== Args={'profile': 'default', 'state': 'unlit', 'advancing': True}
2022-09-17 09:41:08,690 : INFO : EventManager : Event: ======'lane_top_3_default_unlit_hit'====== Args={'profile': 'default', 'state': 'unlit', 'advancing': True}
2022-09-17 09:41:08,690 : INFO : EventManager : Event: ======'lane_top_3_unlit_hit'====== Args={'profile': 'default', 'state': 'unlit', 'advancing': True}
2022-09-17 09:41:08,691 : INFO : EventManager : Event: ======'lanes_top_complete'====== Args={'state': 'lit'}
2022-09-17 09:41:08,691 : INFO : EventManager : Event: ======'lanes_top_lit_complete'====== Args={}
2022-09-17 09:41:08,691 : INFO : EventManager : Event: ======'lanes_top_hit'====== Args={}
2022-09-17 09:41:08,691 : INFO : EventManager : Event: ======'lanes_top_unlit_hit'====== Args={}
2022-09-17 09:41:08,692 : INFO : EventManager : Event: ======'player_score'====== Args={'value': 2000, 'prev_value': 1000, 'change': 1000, 'player_num': 1}
2022-09-17 09:41:08,692 : INFO : EventManager : Event: ======'logicblock_lane_top_count_updated'====== Args={'value': 4, 'enabled': True}
2022-09-17 09:41:08,693 : INFO : EventManager : Event: ======'lanes_top_done'====== Args={'count': 4}
2022-09-17 09:41:08,693 : INFO : EventManager : Event: ======'player_pf_multiplier'====== Args={'value': 4, 'prev_value': 1, 'change': 3, 'player_num': 1}
2022-09-17 09:41:08,918 : INFO : SwitchController : <<<<<<< 's_toplane3' inactive >>>>>>>
2022-09-17 09:41:09,688 : INFO : EventManager : Event: ======'player_shot_lane_top_1'====== Args={'value': 0, 'prev_value': 1, 'change': -1, 'player_num': 1}
2022-09-17 09:41:09,690 : INFO : EventManager : Event: ======'player_shot_lane_top_2'====== Args={'value': 0, 'prev_value': 1, 'change': -1, 'player_num': 1}
2022-09-17 09:41:09,691 : INFO : EventManager : Event: ======'player_shot_lane_top_3'====== Args={'value': 0, 'prev_value': 1, 'change': -1, 'player_num': 1}
2022-09-17 09:41:15,143 : INFO : SwitchController : <<<<<<< 's_toplane1' active >>>>>>>
2022-09-17 09:41:15,143 : INFO : EventManager : Event: ======'s_toplane1_active'====== Args={}
2022-09-17 09:41:15,144 : INFO : EventManager : Event: ======'machine_var_audits_switches_s_toplane1'====== Args={'value': 155, 'prev_value': 154, 'change': 1}
2022-09-17 09:41:15,155 : INFO : EventManager : Event: ======'player_shot_lane_top_1'====== Args={'value': 1, 'prev_value': 0, 'change': 1, 'player_num': 1}
2022-09-17 09:41:15,156 : INFO : EventManager : Event: ======'machine_var_audits_shots_lane_top_1'====== Args={'value': 68, 'prev_value': 67, 'change': 1}
2022-09-17 09:41:15,157 : INFO : EventManager : Event: ======'lane_top_1_hit'====== Args={'profile': 'default', 'state': 'unlit', 'advancing': True}
2022-09-17 09:41:15,157 : INFO : EventManager : Event: ======'lane_top_1_default_hit'====== Args={'profile': 'default', 'state': 'unlit', 'advancing': True}
2022-09-17 09:41:15,157 : INFO : EventManager : Event: ======'lane_top_1_default_unlit_hit'====== Args={'profile': 'default', 'state': 'unlit', 'advancing': True}
2022-09-17 09:41:15,158 : INFO : EventManager : Event: ======'lane_top_1_unlit_hit'====== Args={'profile': 'default', 'state': 'unlit', 'advancing': True}
2022-09-17 09:41:15,158 : INFO : EventManager : Event: ======'lanes_top_hit'====== Args={}
2022-09-17 09:41:15,158 : INFO : EventManager : Event: ======'lanes_top_unlit_hit'====== Args={}
2022-09-17 09:41:15,427 : INFO : SwitchController : <<<<<<< 's_toplane1' inactive >>>>>>>
2022-09-17 09:41:16,086 : INFO : SwitchController : <<<<<<< 's_toplane2' active >>>>>>>
2022-09-17 09:41:16,086 : INFO : EventManager : Event: ======'s_toplane2_active'====== Args={}
2022-09-17 09:41:16,087 : INFO : EventManager : Event: ======'machine_var_audits_switches_s_toplane2'====== Args={'value': 73, 'prev_value': 72, 'change': 1}
2022-09-17 09:41:16,088 : INFO : EventManager : Event: ======'player_shot_lane_top_2'====== Args={'value': 1, 'prev_value': 0, 'change': 1, 'player_num': 1}
2022-09-17 09:41:16,089 : INFO : EventManager : Event: ======'machine_var_audits_shots_lane_top_2'====== Args={'value': 66, 'prev_value': 65, 'change': 1}
2022-09-17 09:41:16,090 : INFO : EventManager : Event: ======'lane_top_2_hit'====== Args={'profile': 'default', 'state': 'unlit', 'advancing': True}
2022-09-17 09:41:16,090 : INFO : EventManager : Event: ======'lane_top_2_default_hit'====== Args={'profile': 'default', 'state': 'unlit', 'advancing': True}
2022-09-17 09:41:16,090 : INFO : EventManager : Event: ======'lane_top_2_default_unlit_hit'====== Args={'profile': 'default', 'state': 'unlit', 'advancing': True}
2022-09-17 09:41:16,090 : INFO : EventManager : Event: ======'lane_top_2_unlit_hit'====== Args={'profile': 'default', 'state': 'unlit', 'advancing': True}
2022-09-17 09:41:16,091 : INFO : EventManager : Event: ======'lanes_top_hit'====== Args={}
2022-09-17 09:41:16,091 : INFO : EventManager : Event: ======'lanes_top_unlit_hit'====== Args={}
2022-09-17 09:41:16,342 : INFO : SwitchController : <<<<<<< 's_toplane2' inactive >>>>>>>
2022-09-17 09:41:17,211 : INFO : SwitchController : <<<<<<< 's_toplane3' active >>>>>>>
2022-09-17 09:41:17,211 : INFO : EventManager : Event: ======'s_toplane3_active'====== Args={}
2022-09-17 09:41:17,212 : INFO : EventManager : Event: ======'machine_var_audits_switches_s_toplane3'====== Args={'value': 65, 'prev_value': 64, 'change': 1}
2022-09-17 09:41:17,223 : INFO : EventManager : Event: ======'player_shot_lane_top_3'====== Args={'value': 1, 'prev_value': 0, 'change': 1, 'player_num': 1}
2022-09-17 09:41:17,223 : INFO : EventManager : Event: ======'machine_var_audits_shots_lane_top_3'====== Args={'value': 58, 'prev_value': 57, 'change': 1}
2022-09-17 09:41:17,224 : INFO : EventManager : Event: ======'lane_top_3_hit'====== Args={'profile': 'default', 'state': 'unlit', 'advancing': True}
2022-09-17 09:41:17,224 : INFO : EventManager : Event: ======'lane_top_3_default_hit'====== Args={'profile': 'default', 'state': 'unlit', 'advancing': True}
2022-09-17 09:41:17,224 : INFO : EventManager : Event: ======'lane_top_3_default_unlit_hit'====== Args={'profile': 'default', 'state': 'unlit', 'advancing': True}
2022-09-17 09:41:17,224 : INFO : EventManager : Event: ======'lane_top_3_unlit_hit'====== Args={'profile': 'default', 'state': 'unlit', 'advancing': True}
2022-09-17 09:41:17,225 : INFO : EventManager : Event: ======'lanes_top_complete'====== Args={'state': 'lit'}
2022-09-17 09:41:17,225 : INFO : EventManager : Event: ======'lanes_top_lit_complete'====== Args={}
2022-09-17 09:41:17,225 : INFO : EventManager : Event: ======'lanes_top_hit'====== Args={}
2022-09-17 09:41:17,225 : INFO : EventManager : Event: ======'lanes_top_unlit_hit'====== Args={}
2022-09-17 09:41:17,225 : INFO : EventManager : Event: ======'player_score'====== Args={'value': 6000, 'prev_value': 2000, 'change': 4000, 'player_num': 1}
2022-09-17 09:41:17,226 : INFO : EventManager : Event: ======'logicblock_lane_top_count_updated'====== Args={'value': 5, 'enabled': True}
2022-09-17 09:41:17,226 : INFO : EventManager : Event: ======'lanes_top_done'====== Args={'count': 5}
2022-09-17 09:41:17,226 : INFO : EventManager : Event: ======'player_pf_multiplier'====== Args={'value': 5, 'prev_value': 4, 'change': 1, 'player_num': 1}
2022-09-17 09:41:17,480 : INFO : SwitchController : <<<<<<< 's_toplane3' inactive >>>>>>>
2022-09-17 09:41:18,224 : INFO : EventManager : Event: ======'player_shot_lane_top_1'====== Args={'value': 0, 'prev_value': 1, 'change': -1, 'player_num': 1}
2022-09-17 09:41:18,226 : INFO : EventManager : Event: ======'player_shot_lane_top_2'====== Args={'value': 0, 'prev_value': 1, 'change': -1, 'player_num': 1}
2022-09-17 09:41:18,227 : INFO : EventManager : Event: ======'player_shot_lane_top_3'====== Args={'value': 0, 'prev_value': 1, 'change': -1, 'player_num': 1}
2022-09-17 09:42:04,566 : INFO : Machine : Shutting down...
2022-09-17 09:42:04,566 : INFO : EventManager : Event: ======'shutdown'====== Args={}
2022-09-17 09:42:04,573 : ERROR : OPP : Stop called on serial connection COM7
2022-09-17 09:42:04,579 : INFO : root : MPF run loop ended.
