2022-10-22 16:11:03,310 : INFO : root : Loading config.
2022-10-22 16:11:03,316 : INFO : YamlMultifileConfigLoader : Machine config file #1: config.yaml
2022-10-22 16:11:03,317 : INFO : ConfigProcessor : Loading config from cache: C:\Users\dorus\AppData\Local\Temp\e2a46ea082c19f5103dd0f83869ccd8e.mpf_cache
2022-10-22 16:11:03,436 : INFO : ConfigProcessor : Loading config from cache: C:\Users\dorus\AppData\Local\Temp\69e5e641cece6cfbb9f28306d01595e4.mpf_cache
2022-10-22 16:11:03,437 : INFO : ConfigProcessor : Loading config from cache: C:\Users\dorus\AppData\Local\Temp\336e6d2601ccb63523c70814805acbf1.mpf_cache
2022-10-22 16:11:03,438 : INFO : ConfigProcessor : Loading config from cache: C:\Users\dorus\AppData\Local\Temp\8f8558ef7eb783a34103d845cb15f27a.mpf_cache
2022-10-22 16:11:03,439 : INFO : ConfigProcessor : Loading config from cache: C:\Users\dorus\AppData\Local\Temp\3f4ec0fd6e14e835699e1ee64ae7815f.mpf_cache
2022-10-22 16:11:03,440 : INFO : ConfigProcessor : Loading config from cache: C:\Users\dorus\AppData\Local\Temp\07450fdcdb716b1c510f1f1f728b03da.mpf_cache
2022-10-22 16:11:03,441 : INFO : ConfigProcessor : Loading config from cache: C:\Users\dorus\AppData\Local\Temp\26dc7d91d16a8c3848757fce5df95f92.mpf_cache
2022-10-22 16:11:03,441 : INFO : Machine : Mission Pinball Framework Core Engine v0.55.0
2022-10-22 16:11:03,442 : INFO : Machine : Command line arguments: {'no_load_cache': False, 'create_config_cache': True, 'bcp': True, 'configfile': ['config.yaml'], 'force_assets_load': False, 'jsonlogging': False, 'logfile': 'logs\\2022-10-22-16-11-03-mpf-LAPTOP-AS8QDAQG.log', 'pause': False, 'production': False, 'text_ui': True, 'loglevel': 15, 'consoleloglevel': 20, 'force_platform': 'smart_virtual', 'syslog_address': None, 'mc_file_name': None, 'no_sound': False}
2022-10-22 16:11:03,442 : INFO : Machine : MPF path: C:\Users\dorus\AppData\Local\Programs\Python\Python38\lib\site-packages\mpf
2022-10-22 16:11:03,442 : INFO : Machine : Machine path: C:\Users\dorus\OneDrive\Documents\Pinball\Github\Pinball-MPF\mpfv1
2022-10-22 16:11:03,442 : INFO : Machine : Platform: win32
2022-10-22 16:11:03,442 : INFO : Machine : Python executable location: C:\Users\dorus\AppData\Local\Programs\Python\Python38\python.exe
2022-10-22 16:11:03,442 : INFO : Machine : Python version: 3.8.10 (64-bit)
2022-10-22 16:11:03,444 : INFO : Machine : Initialise MPF.
2022-10-22 16:11:03,650 : INFO : EventManager : Event: ======'machine_var_credits_string'====== Args={'value': 'FREE PLAY', 'prev_value': None, 'change': True}
2022-10-22 16:11:03,712 : INFO : EventManager : Event: ======'machine_var_master_volume'====== Args={'value': 0.5, 'prev_value': None, 'change': True}
2022-10-22 16:11:03,712 : INFO : EventManager : Event: ======'machine_var_player1_score'====== Args={'value': 0, 'prev_value': None, 'change': True}
2022-10-22 16:11:03,712 : INFO : EventManager : Event: ======'machine_var_mpf_version'====== Args={'value': 'MPF v0.55.0', 'prev_value': None, 'change': True}
2022-10-22 16:11:03,712 : INFO : EventManager : Event: ======'machine_var_mpf_extended_version'====== Args={'value': 'MPF v0.55.0, Config version:5, Show version: 5, BCP version:1.1', 'prev_value': None, 'change': True}
2022-10-22 16:11:03,712 : INFO : EventManager : Event: ======'machine_var_python_version'====== Args={'value': '3.8.10', 'prev_value': None, 'change': True}
2022-10-22 16:11:03,727 : INFO : EventManager : Event: ======'machine_var_platform'====== Args={'value': 'Windows-10-10.0.19044-SP0', 'prev_value': None, 'change': True}
2022-10-22 16:11:03,727 : INFO : EventManager : Event: ======'machine_var_platform_system'====== Args={'value': 'Windows', 'prev_value': None, 'change': True}
2022-10-22 16:11:03,727 : INFO : EventManager : Event: ======'machine_var_platform_release'====== Args={'value': '10', 'prev_value': None, 'change': True}
2022-10-22 16:11:03,728 : INFO : EventManager : Event: ======'machine_var_platform_version'====== Args={'value': '10.0.19044', 'prev_value': None, 'change': True}
2022-10-22 16:11:03,728 : INFO : EventManager : Event: ======'machine_var_platform_machine'====== Args={'value': 'AMD64', 'prev_value': None, 'change': True}
2022-10-22 16:11:03,728 : INFO : EventManager : Event: ======'init_phase_1'====== Args={}
2022-10-22 16:11:03,761 : INFO : EventManager : Event: ======'drop_target_bank_db_dropbank_up'====== Args={}
2022-10-22 16:11:03,764 : INFO : EventManager : Event: ======'init_phase_2'====== Args={}
2022-10-22 16:11:03,764 : INFO : SwitchController : Found active switch: ('2-0-19', <Platform.SmartVirtual>) <switch.s_trough1>
2022-10-22 16:11:03,764 : INFO : SwitchController : Found active switch: ('2-0-20', <Platform.SmartVirtual>) <switch.s_trough2>
2022-10-22 16:11:03,764 : INFO : SwitchController : Found active switch: ('2-0-21', <Platform.SmartVirtual>) <switch.s_trough3>
2022-10-22 16:11:03,764 : INFO : SwitchController : Found active switch: ('2-0-22', <Platform.SmartVirtual>) <switch.s_trough4>
2022-10-22 16:11:03,770 : INFO : EventManager : Event: ======'bcp_connection_attempt'====== Args={'name': 'local_display', 'host': 'localhost', 'port': 5050}
2022-10-22 16:11:03,774 : INFO : BCPClientSocket : Connecting BCP to 'local_display' at localhost:5050...
2022-10-22 16:11:06,328 : INFO : BCPClientSocket : Connected BCP to 'local_display' localhost:5050
2022-10-22 16:11:06,330 : INFO : EventManager : Event: ======'bcp_clients_connected'====== Args={}
2022-10-22 16:11:06,338 : INFO : Machine : Starting the main run loop.
2022-10-22 16:11:06,339 : INFO : ball_device.bd_trough : BCH: Initial count: 4
2022-10-22 16:11:06,339 : INFO : Machine : Shutting down...
2022-10-22 16:11:06,341 : INFO : EventManager : Event: ======'shutdown'====== Args={}
2022-10-22 16:11:06,342 : INFO : ball_device.bd_trough : State: idle
2022-10-22 16:11:06,343 : INFO : ball_device.bd_plunger : BCH: Initial count: 0
2022-10-22 16:11:06,343 : INFO : ball_device.bd_plunger : State: idle
2022-10-22 16:11:06,345 : INFO : ball_device.bd_vukmid : BCH: Initial count: 0
2022-10-22 16:11:06,346 : INFO : ball_device.bd_vukmid : State: idle
2022-10-22 16:11:06,347 : INFO : ball_device.bd_vuktop : BCH: Initial count: 0
2022-10-22 16:11:06,347 : INFO : ball_device.bd_vuktop : State: idle
2022-10-22 16:11:06,435 : INFO : EventManager : Event: ======'init_phase_3'====== Args={}
2022-10-22 16:11:06,440 : ERROR : asyncio : Exception in callback EventManager._queue_task_done(<Task finishe...y not found')>)
handle: <Handle EventManager._queue_task_done(<Task finishe...y not found')>)>
Traceback (most recent call last):
  File "C:\Users\dorus\AppData\Local\Programs\Python\Python38\lib\asyncio\events.py", line 81, in _run
    self._context.run(self._callback, *self._args)
  File "C:\Users\dorus\AppData\Local\Programs\Python\Python38\lib\site-packages\mpf\core\events.py", line 728, in _queue_task_done
    future.result()
  File "C:\Users\dorus\AppData\Local\Programs\Python\Python38\lib\site-packages\mpf\core\events.py", line 645, in _run_handlers_sequential
    handler.callback(queue=queue, **merged_kwargs)
  File "C:\Users\dorus\AppData\Local\Programs\Python\Python38\lib\site-packages\mpf\core\config_player.py", line 83, in _initialise_system_wide
    self.register_player_events(
  File "C:\Users\dorus\AppData\Local\Programs\Python\Python38\lib\site-packages\mpf\config_players\plugin_player.py", line 55, in register_player_events
    self.bcp_client = self._get_bcp_client(config)
  File "C:\Users\dorus\AppData\Local\Programs\Python\Python38\lib\site-packages\mpf\config_players\plugin_player.py", line 33, in _get_bcp_client
    raise AssertionError(
AssertionError: bcp connection local_display not found
2022-10-22 16:11:06,444 : INFO : root : MPF run loop ended.
