2022-09-17 08:28:55,013 : INFO : root : Loading config.
2022-09-17 08:28:55,016 : INFO : YamlMultifileConfigLoader : Machine config file #1: config.yaml
2022-09-17 08:28:55,016 : INFO : ConfigProcessor : Loading config from cache: C:\Users\dorus\AppData\Local\Temp\0aa359e6326ef14bcc36d32fc9dec35b.mpf_cache
2022-09-17 08:28:55,102 : INFO : ConfigProcessor : Loading config from cache: C:\Users\dorus\AppData\Local\Temp\5eb3439dbf16142704b5198a23e9a58c.mpf_cache
2022-09-17 08:28:55,103 : INFO : ConfigProcessor : Loading config from cache: C:\Users\dorus\AppData\Local\Temp\336e6d2601ccb63523c70814805acbf1.mpf_cache
2022-09-17 08:28:55,104 : INFO : ConfigProcessor : Loading config from cache: C:\Users\dorus\AppData\Local\Temp\d4952d0b9ea6ba2ec58a4f9adbee2d8a.mpf_cache
2022-09-17 08:28:55,104 : INFO : ConfigProcessor : Loading config from cache: C:\Users\dorus\AppData\Local\Temp\559f6283f098772e04564bccbb105016.mpf_cache
2022-09-17 08:28:55,105 : INFO : ConfigProcessor : Loading config from cache: C:\Users\dorus\AppData\Local\Temp\f88a77831ebd1fc65525f08072013dbd.mpf_cache
2022-09-17 08:28:55,105 : INFO : Machine : Mission Pinball Framework Core Engine v0.55.0
2022-09-17 08:28:55,106 : INFO : Machine : Command line arguments: {'no_load_cache': False, 'create_config_cache': True, 'bcp': True, 'configfile': ['config.yaml'], 'force_assets_load': False, 'jsonlogging': False, 'logfile': 'logs\\2022-09-17-08-28-55-mpf-LAPTOP-AS8QDAQG.log', 'pause': False, 'production': False, 'text_ui': True, 'loglevel': 15, 'consoleloglevel': 20, 'force_platform': None, 'syslog_address': None, 'mc_file_name': None, 'no_sound': False}
2022-09-17 08:28:55,106 : INFO : Machine : MPF path: C:\Users\dorus\AppData\Local\Programs\Python\Python38\lib\site-packages\mpf
2022-09-17 08:28:55,106 : INFO : Machine : Machine path: C:\pinball\mpfv1
2022-09-17 08:28:55,106 : INFO : Machine : Platform: win32
2022-09-17 08:28:55,106 : INFO : Machine : Python executable location: C:\Users\dorus\AppData\Local\Programs\Python\Python38\python.exe
2022-09-17 08:28:55,106 : INFO : Machine : Python version: 3.8.10 (64-bit)
2022-09-17 08:28:55,107 : INFO : Machine : Initialise MPF.
2022-09-17 08:28:55,256 : INFO : OPP : Connecting to COM7 at 115200bps
2022-09-17 08:28:55,347 : INFO : OPP : Init of OPP board COM7 done
2022-09-17 08:28:55,347 : INFO : EventManager : Event: ======'machine_var_credits_string'====== Args={'value': 'FREE PLAY', 'prev_value': None, 'change': True}
2022-09-17 08:28:55,393 : INFO : EventManager : Event: ======'machine_var_master_volume'====== Args={'value': 0.5, 'prev_value': None, 'change': True}
2022-09-17 08:28:55,393 : INFO : EventManager : Event: ======'machine_var_player1_score'====== Args={'value': 17500, 'prev_value': None, 'change': True}
2022-09-17 08:28:55,393 : INFO : EventManager : Event: ======'machine_var_mpf_version'====== Args={'value': 'MPF v0.55.0', 'prev_value': None, 'change': True}
2022-09-17 08:28:55,393 : INFO : EventManager : Event: ======'machine_var_mpf_extended_version'====== Args={'value': 'MPF v0.55.0, Config version:5, Show version: 5, BCP version:1.1', 'prev_value': None, 'change': True}
2022-09-17 08:28:55,393 : INFO : EventManager : Event: ======'machine_var_python_version'====== Args={'value': '3.8.10', 'prev_value': None, 'change': True}
2022-09-17 08:28:55,403 : INFO : EventManager : Event: ======'machine_var_platform'====== Args={'value': 'Windows-10-10.0.19044-SP0', 'prev_value': None, 'change': True}
2022-09-17 08:28:55,403 : INFO : EventManager : Event: ======'machine_var_platform_system'====== Args={'value': 'Windows', 'prev_value': None, 'change': True}
2022-09-17 08:28:55,403 : INFO : EventManager : Event: ======'machine_var_platform_release'====== Args={'value': '10', 'prev_value': None, 'change': True}
2022-09-17 08:28:55,403 : INFO : EventManager : Event: ======'machine_var_platform_version'====== Args={'value': '10.0.19044', 'prev_value': None, 'change': True}
2022-09-17 08:28:55,403 : INFO : EventManager : Event: ======'machine_var_platform_machine'====== Args={'value': 'AMD64', 'prev_value': None, 'change': True}
2022-09-17 08:28:55,403 : INFO : EventManager : Event: ======'init_phase_1'====== Args={}
2022-09-17 08:28:55,422 : INFO : EventManager : Event: ======'drop_target_bank_db_dropbank_up'====== Args={}
2022-09-17 08:28:55,424 : INFO : EventManager : Event: ======'init_phase_2'====== Args={}
2022-09-17 08:28:55,424 : INFO : SwitchController : Found active switch: ('COM7-0-25', <Platform.OPP>) <switch.s_trough_jam>
2022-09-17 08:28:55,424 : INFO : SwitchController : Found active switch: ('COM7-1-25', <Platform.OPP>) <switch.s_drop1>
2022-09-17 08:28:55,427 : INFO : EventManager : Event: ======'bcp_connection_attempt'====== Args={'name': 'local_display', 'host': 'localhost', 'port': 5050}
2022-09-17 08:28:55,429 : INFO : BCPClientSocket : Connecting BCP to 'local_display' at localhost:5050...
2022-09-17 08:28:57,472 : INFO : BCPClientSocket : Connected BCP to 'local_display' localhost:5050
2022-09-17 08:28:57,474 : INFO : EventManager : Event: ======'bcp_clients_connected'====== Args={}
2022-09-17 08:28:57,483 : INFO : ball_device.bd_trough : BCH: Count is unstable. Trying to reorder balls.
2022-09-17 08:28:57,483 : WARNING : ball_device.bd_trough : Cannot reorder device because eject_coil_reorder_pulse is not configured
2022-09-17 08:28:57,483 : INFO : ball_device.bd_trough : BCH: Repulse done. Waiting for balls to settle.
2022-09-17 08:28:57,483 : INFO : ball_device.bd_trough : BCH: Initial count: 1
2022-09-17 08:28:57,484 : INFO : ball_device.bd_trough : State: idle
2022-09-17 08:28:57,485 : INFO : EventManager : Event: ======'machine_var_mc_version'====== Args={'value': 'MPF-MC v0.55.0', 'prev_value': None, 'change': True}
2022-09-17 08:28:57,486 : INFO : EventManager : Event: ======'machine_var_mc_extended_version'====== Args={'value': 'MPF-MC v0.55.0 (config_version=5, BCP v1.1, Requires MPF v0.55.0-dev.49)', 'prev_value': None, 'change': True}
2022-09-17 08:28:57,487 : INFO : ball_device.bd_plunger : BCH: Initial count: 0
2022-09-17 08:28:57,497 : INFO : ball_device.bd_plunger : State: idle
2022-09-17 08:28:57,497 : INFO : ball_device.bd_vukmid : BCH: Initial count: 0
2022-09-17 08:28:57,498 : INFO : ball_device.bd_vukmid : State: idle
2022-09-17 08:28:57,498 : INFO : ball_device.bd_vuktop : BCH: Initial count: 0
2022-09-17 08:28:57,498 : INFO : ball_device.bd_vuktop : State: idle
2022-09-17 08:28:57,573 : INFO : EventManager : Event: ======'init_phase_3'====== Args={}
2022-09-17 08:28:57,576 : INFO : EventManager : Event: ======'init_phase_4'====== Args={}
2022-09-17 08:28:57,577 : INFO : EventManager : Event: ======'playfield_active'====== Args={}
2022-09-17 08:28:57,577 : INFO : EventManager : Event: ======'unexpected_ball_on_playfield'====== Args={}
2022-09-17 08:28:57,577 : INFO : EventManager : Event: ======'drop_target_d_drop_target1_down'====== Args={'device': <drop_target.d_drop_target1>}
2022-09-17 08:28:57,577 : INFO : EventManager : Event: ======'drop_target_bank_db_dropbank_mixed'====== Args={'prev_value': <DropTargetBankState.UP: 'up'>, 'down': 1}
2022-09-17 08:28:57,577 : INFO : EventManager : Event: ======'playfield_active'====== Args={}
2022-09-17 08:28:57,577 : INFO : EventManager : Event: ======'unexpected_ball_on_playfield'====== Args={}
2022-09-17 08:28:57,577 : INFO : EventManager : Event: ======'playfield_active'====== Args={}
2022-09-17 08:28:57,577 : INFO : EventManager : Event: ======'unexpected_ball_on_playfield'====== Args={}
2022-09-17 08:28:57,577 : INFO : BallController : Initial balls found: 1
2022-09-17 08:28:57,578 : INFO : EventManager : Event: ======'machine_var_audits_events_game_ended'====== Args={'value': 0, 'prev_value': None, 'change': True}
2022-09-17 08:28:57,578 : INFO : EventManager : Event: ======'machine_var_audits_events_game_started'====== Args={'value': 0, 'prev_value': None, 'change': True}
2022-09-17 08:28:57,579 : INFO : EventManager : Event: ======'machine_var_audits_player_score'====== Args={'value': {'average': 27625.0, 'top': [41000, 31800, 20200, 17500], 'total': 4}, 'prev_value': None, 'change': True}
2022-09-17 08:28:57,579 : INFO : EventManager : Event: ======'machine_var_audits_shots_orbit'====== Args={'value': 10, 'prev_value': None, 'change': True}
2022-09-17 08:28:57,579 : INFO : EventManager : Event: ======'machine_var_audits_shots_spinner'====== Args={'value': 40, 'prev_value': None, 'change': True}
2022-09-17 08:28:57,579 : INFO : EventManager : Event: ======'machine_var_audits_switches_s_bottomlane1'====== Args={'value': 4, 'prev_value': None, 'change': True}
2022-09-17 08:28:57,579 : INFO : EventManager : Event: ======'machine_var_audits_switches_s_bottomlane2'====== Args={'value': 5, 'prev_value': None, 'change': True}
2022-09-17 08:28:57,579 : INFO : EventManager : Event: ======'machine_var_audits_switches_s_bottomlane3'====== Args={'value': 5, 'prev_value': None, 'change': True}
2022-09-17 08:28:57,579 : INFO : EventManager : Event: ======'machine_var_audits_switches_s_bottomlane4'====== Args={'value': 15, 'prev_value': None, 'change': True}
2022-09-17 08:28:57,579 : INFO : EventManager : Event: ======'machine_var_audits_switches_s_bottomlane5'====== Args={'value': 1, 'prev_value': None, 'change': True}
2022-09-17 08:28:57,580 : INFO : EventManager : Event: ======'machine_var_audits_switches_s_drop1'====== Args={'value': 26, 'prev_value': None, 'change': True}
2022-09-17 08:28:57,580 : INFO : EventManager : Event: ======'machine_var_audits_switches_s_drop2'====== Args={'value': 9, 'prev_value': None, 'change': True}
2022-09-17 08:28:57,580 : INFO : EventManager : Event: ======'machine_var_audits_switches_s_drop3'====== Args={'value': 5, 'prev_value': None, 'change': True}
2022-09-17 08:28:57,580 : INFO : EventManager : Event: ======'machine_var_audits_switches_s_launch'====== Args={'value': 6, 'prev_value': None, 'change': True}
2022-09-17 08:28:57,580 : INFO : EventManager : Event: ======'machine_var_audits_switches_s_left01'====== Args={'value': 19, 'prev_value': None, 'change': True}
2022-09-17 08:28:57,580 : INFO : EventManager : Event: ======'machine_var_audits_switches_s_left02'====== Args={'value': 20, 'prev_value': None, 'change': True}
2022-09-17 08:28:57,580 : INFO : EventManager : Event: ======'machine_var_audits_switches_s_left03'====== Args={'value': 10, 'prev_value': None, 'change': True}
2022-09-17 08:28:57,580 : INFO : EventManager : Event: ======'machine_var_audits_switches_s_left_sling'====== Args={'value': 24, 'prev_value': None, 'change': True}
2022-09-17 08:28:57,581 : INFO : EventManager : Event: ======'machine_var_audits_switches_s_orbit1'====== Args={'value': 32, 'prev_value': None, 'change': True}
2022-09-17 08:28:57,581 : INFO : EventManager : Event: ======'machine_var_audits_switches_s_orbit2'====== Args={'value': 0, 'prev_value': None, 'change': True}
2022-09-17 08:28:57,581 : INFO : EventManager : Event: ======'machine_var_audits_switches_s_plunger_lane'====== Args={'value': 40, 'prev_value': None, 'change': True}
2022-09-17 08:28:57,581 : INFO : EventManager : Event: ======'machine_var_audits_switches_s_popbumber_1'====== Args={'value': 37, 'prev_value': None, 'change': True}
2022-09-17 08:28:57,581 : INFO : EventManager : Event: ======'machine_var_audits_switches_s_popbumber_2'====== Args={'value': 39, 'prev_value': None, 'change': True}
2022-09-17 08:28:57,581 : INFO : EventManager : Event: ======'machine_var_audits_switches_s_popbumber_3'====== Args={'value': 23, 'prev_value': None, 'change': True}
2022-09-17 08:28:57,582 : INFO : EventManager : Event: ======'machine_var_audits_switches_s_ramp'====== Args={'value': 17, 'prev_value': None, 'change': True}
2022-09-17 08:28:57,582 : INFO : EventManager : Event: ======'machine_var_audits_switches_s_right_sling'====== Args={'value': 24, 'prev_value': None, 'change': True}
2022-09-17 08:28:57,582 : INFO : EventManager : Event: ======'machine_var_audits_switches_s_rigth01'====== Args={'value': 9, 'prev_value': None, 'change': True}
2022-09-17 08:28:57,582 : INFO : EventManager : Event: ======'machine_var_audits_switches_s_rigth02'====== Args={'value': 6, 'prev_value': None, 'change': True}
2022-09-17 08:28:57,582 : INFO : EventManager : Event: ======'machine_var_audits_switches_s_rigth03'====== Args={'value': 1, 'prev_value': None, 'change': True}
2022-09-17 08:28:57,582 : INFO : EventManager : Event: ======'machine_var_audits_switches_s_spinner'====== Args={'value': 133, 'prev_value': None, 'change': True}
2022-09-17 08:28:57,582 : INFO : EventManager : Event: ======'machine_var_audits_switches_s_start'====== Args={'value': 0, 'prev_value': None, 'change': True}
2022-09-17 08:28:57,583 : INFO : EventManager : Event: ======'machine_var_audits_switches_s_top'====== Args={'value': 9, 'prev_value': None, 'change': True}
2022-09-17 08:28:57,583 : INFO : EventManager : Event: ======'machine_var_audits_switches_s_toplane1'====== Args={'value': 87, 'prev_value': None, 'change': True}
2022-09-17 08:28:57,583 : INFO : EventManager : Event: ======'machine_var_audits_switches_s_toplane2'====== Args={'value': 5, 'prev_value': None, 'change': True}
2022-09-17 08:28:57,583 : INFO : EventManager : Event: ======'machine_var_audits_switches_s_toplane3'====== Args={'value': 5, 'prev_value': None, 'change': True}
2022-09-17 08:28:57,583 : INFO : EventManager : Event: ======'machine_var_audits_switches_s_trough1'====== Args={'value': 14, 'prev_value': None, 'change': True}
2022-09-17 08:28:57,583 : INFO : EventManager : Event: ======'machine_var_audits_switches_s_trough2'====== Args={'value': 20, 'prev_value': None, 'change': True}
2022-09-17 08:28:57,583 : INFO : EventManager : Event: ======'machine_var_audits_switches_s_trough3'====== Args={'value': 12, 'prev_value': None, 'change': True}
2022-09-17 08:28:57,584 : INFO : EventManager : Event: ======'machine_var_audits_switches_s_trough4'====== Args={'value': 17, 'prev_value': None, 'change': True}
2022-09-17 08:28:57,584 : INFO : EventManager : Event: ======'machine_var_audits_switches_s_trough5'====== Args={'value': 12, 'prev_value': None, 'change': True}
2022-09-17 08:28:57,584 : INFO : EventManager : Event: ======'machine_var_audits_switches_s_trough6'====== Args={'value': 12, 'prev_value': None, 'change': True}
2022-09-17 08:28:57,584 : INFO : EventManager : Event: ======'machine_var_audits_switches_s_trough_jam'====== Args={'value': 13, 'prev_value': None, 'change': True}
2022-09-17 08:28:57,584 : INFO : EventManager : Event: ======'machine_var_audits_switches_s_vukmid'====== Args={'value': 15, 'prev_value': None, 'change': True}
2022-09-17 08:28:57,584 : INFO : EventManager : Event: ======'machine_var_audits_switches_s_vuktop'====== Args={'value': 6, 'prev_value': None, 'change': True}
2022-09-17 08:28:57,586 : INFO : EventManager : Event: ======'init_phase_5'====== Args={}
2022-09-17 08:28:57,600 : INFO : EventManager : Event: ======'init_done'====== Args={}
2022-09-17 08:28:57,602 : INFO : EventManager : Event: ======'machine_reset_phase_1'====== Args={}
2022-09-17 08:28:57,613 : INFO : EventManager : Event: ======'slide_welcome_slide_removed'====== Args={'_from_bcp': True}
2022-09-17 08:28:57,614 : INFO : EventManager : Event: ======'slide_welcome_slide_created'====== Args={'_from_bcp': True}
2022-09-17 08:28:57,615 : INFO : EventManager : Event: ======'slide_welcome_slide_active'====== Args={'_from_bcp': True}
2022-09-17 08:28:57,616 : INFO : EventManager : Event: ======'machine_reset_phase_2'====== Args={}
2022-09-17 08:28:57,617 : INFO : EventManager : Event: ======'machine_reset_phase_3'====== Args={}
2022-09-17 08:28:57,618 : INFO : drop_target_bank.db_dropbank : 1 targets are down. Will reset those.
2022-09-17 08:28:57,619 : INFO : coil.c_drop : Pulsing Driver for 16ms (1.0 pulse_power)
2022-09-17 08:28:57,619 : INFO : EventManager : Event: ======'reset_complete'====== Args={}
2022-09-17 08:28:57,620 : INFO : EventManager : Event: ======'mode_attract_will_start'====== Args={}
2022-09-17 08:28:57,621 : INFO : EventManager : Event: ======'mode_attract_starting'====== Args={}
2022-09-17 08:28:57,621 : INFO : Mode.attract : Started. Priority: 10
2022-09-17 08:28:57,621 : INFO : EventManager : Event: ======'modes_active_modes_changed'====== Args={}
2022-09-17 08:28:57,621 : INFO : EventManager : Event: ======'mode_attract_started'====== Args={}
2022-09-17 08:28:57,622 : INFO : EventManager : Event: ======'collecting_balls_complete'====== Args={}
2022-09-17 08:28:57,638 : INFO : EventManager : Event: ======'slide_awesome_slide_created'====== Args={'_from_bcp': True}
2022-09-17 08:28:57,638 : INFO : EventManager : Event: ======'slide_awesome_slide_active'====== Args={'_from_bcp': True}
2022-09-17 08:28:57,639 : INFO : Machine : Starting the main run loop.
2022-09-17 08:28:58,110 : INFO : EventManager : Event: ======'drop_target_bank_db_dropbank_mixed'====== Args={'prev_value': <DropTargetBankState.MIXED: 'mixed'>, 'down': 1}
2022-09-17 08:29:00,623 : INFO : EventManager : Event: ======'slide_press_start_created'====== Args={'_from_bcp': True}
2022-09-17 08:29:00,627 : INFO : EventManager : Event: ======'slide_press_start_active'====== Args={'_from_bcp': True}
2022-09-17 08:29:03,631 : INFO : EventManager : Event: ======'slide_mission_pinball_created'====== Args={'_from_bcp': True}
2022-09-17 08:29:03,632 : INFO : EventManager : Event: ======'slide_mission_pinball_active'====== Args={'_from_bcp': True}
2022-09-17 08:29:06,621 : INFO : EventManager : Event: ======'slide_awesome_slide_removed'====== Args={'_from_bcp': True}
2022-09-17 08:29:06,621 : INFO : EventManager : Event: ======'slide_awesome_slide_created'====== Args={'_from_bcp': True}
2022-09-17 08:29:06,621 : INFO : EventManager : Event: ======'slide_awesome_slide_active'====== Args={'_from_bcp': True}
2022-09-17 08:29:09,626 : INFO : EventManager : Event: ======'slide_press_start_removed'====== Args={'_from_bcp': True}
2022-09-17 08:29:09,631 : INFO : EventManager : Event: ======'slide_press_start_created'====== Args={'_from_bcp': True}
2022-09-17 08:29:09,633 : INFO : EventManager : Event: ======'slide_press_start_active'====== Args={'_from_bcp': True}
2022-09-17 08:29:11,154 : INFO : Machine : Shutting down...
2022-09-17 08:29:11,154 : INFO : EventManager : Event: ======'shutdown'====== Args={}
2022-09-17 08:29:11,160 : ERROR : OPP : Stop called on serial connection COM7
2022-09-17 08:29:11,163 : ERROR : asyncio : Task exception was never retrieved
future: <Task finished name='Task-132' coro=<OppHardwarePlatform._poll_sender() done, defined at C:\Users\dorus\AppData\Local\Programs\Python\Python38\lib\site-packages\mpf\platforms\opp\opp.py:918> exception=AttributeError("'NoneType' object has no attribute 'write'")>
Traceback (most recent call last):
  File "C:\Users\dorus\AppData\Local\Programs\Python\Python38\lib\site-packages\mpf\platforms\opp\opp.py", line 934, in _poll_sender
    self.send_to_processor(chain_serial, self.read_input_msg[chain_serial])
  File "C:\Users\dorus\AppData\Local\Programs\Python\Python38\lib\site-packages\mpf\platforms\opp\opp.py", line 315, in send_to_processor
    self.opp_connection[chain_serial].send(msg)
  File "C:\Users\dorus\AppData\Local\Programs\Python\Python38\lib\site-packages\mpf\platforms\base_serial_communicator.py", line 155, in send
    self.writer.write(msg)
AttributeError: 'NoneType' object has no attribute 'write'
2022-09-17 08:29:11,164 : INFO : root : MPF run loop ended.
