2022-10-23 18:20:01,622 : kivy : Factory: 186 symbols loaded
2022-10-23 18:20:01,873 : kivy : ImageLoaderFFPy: Using ffpyplayer 4.3.2
2022-10-23 18:20:01,874 : kivy : Image: Providers: img_tex, img_dds, img_sdl2, img_pil, img_ffpyplayer 
2022-10-23 18:20:01,941 : kivy : VideoGstplayer: Using Gstreamer 1.18.0.0
2022-10-23 18:20:01,942 : kivy : Video: Provider: gstplayer
2022-10-23 18:20:02,422 : kivy : Loading MPF-MC controller
2022-10-23 18:20:02,428 : YamlMultifileConfigLoader : Machine config file #1: config
2022-10-23 18:20:02,429 : ConfigProcessor : Config file in cache changed: C:\Users\dorus\OneDrive\Documents\Pinball\Github\Pinball-MPF\mpfv1\config\config
2022-10-23 18:20:02,440 : ConfigProcessor : Loading config from file C:\Users\dorus\AppData\Local\Programs\Python\Python38\lib\site-packages\mpfmc\mcconfig.yaml.
2022-10-23 18:20:02,500 : ConfigProcessor : Loading config: C:\Users\dorus\AppData\Local\Programs\Python\Python38\lib\site-packages\mpfmc\mcconfig.yaml
2022-10-23 18:20:02,500 : ConfigProcessor : Loading config from file C:\Users\dorus\OneDrive\Documents\Pinball\Github\Pinball-MPF\mpfv1\config\config.
2022-10-23 18:20:02,504 : ConfigProcessor : Loading config: C:\Users\dorus\OneDrive\Documents\Pinball\Github\Pinball-MPF\mpfv1\config\config
2022-10-23 18:20:02,550 : ConfigProcessor : Loading config: C:\Users\dorus\OneDrive\Documents\Pinball\Github\Pinball-MPF\mpfv1\config\hardware.yaml
2022-10-23 18:20:02,570 : ConfigProcessor : Loading config: C:\Users\dorus\OneDrive\Documents\Pinball\Github\Pinball-MPF\mpfv1\config\sounds.yaml
2022-10-23 18:20:02,581 : ConfigProcessor : Loading config: C:\Users\dorus\OneDrive\Documents\Pinball\Github\Pinball-MPF\mpfv1\config\display.yaml
2022-10-23 18:20:02,590 : ConfigProcessor : Loading config: C:\Users\dorus\OneDrive\Documents\Pinball\Github\Pinball-MPF\mpfv1\config\keyboard.yaml
2022-10-23 18:20:02,636 : ConfigProcessor : Loading config: C:\Users\dorus\OneDrive\Documents\Pinball\Github\Pinball-MPF\mpfv1\config\slides.yaml
2022-10-23 18:20:02,641 : ConfigProcessor : Loading config: C:\Users\dorus\OneDrive\Documents\Pinball\Github\Pinball-MPF\mpfv1\config\light_shows.yaml
2022-10-23 18:20:02,645 : ConfigProcessor : Config file cache created: C:\Users\dorus\AppData\Local\Temp\7e51f468519621fe47191f26eea0f791.mpf_cache
2022-10-23 18:20:02,645 : ConfigProcessor : Loading config from cache: C:\Users\dorus\AppData\Local\Temp\69e5e641cece6cfbb9f28306d01595e4.mpf_cache
2022-10-23 18:20:02,647 : ConfigProcessor : Loading config from cache: C:\Users\dorus\AppData\Local\Temp\336e6d2601ccb63523c70814805acbf1.mpf_cache
2022-10-23 18:20:02,648 : ConfigProcessor : Loading config from cache: C:\Users\dorus\AppData\Local\Temp\8f8558ef7eb783a34103d845cb15f27a.mpf_cache
2022-10-23 18:20:02,648 : ConfigProcessor : Loading config from cache: C:\Users\dorus\AppData\Local\Temp\3f4ec0fd6e14e835699e1ee64ae7815f.mpf_cache
2022-10-23 18:20:02,649 : ConfigProcessor : Loading config from cache: C:\Users\dorus\AppData\Local\Temp\07450fdcdb716b1c510f1f1f728b03da.mpf_cache
2022-10-23 18:20:02,649 : mpfmc : Mission Pinball Framework Media Controller v0.55.0
2022-10-23 18:20:02,649 : mpfmc : Mission Pinball Framework Game Engine v0.55.0
2022-10-23 18:20:02,650 : mpfmc : Machine path: C:\Users\dorus\OneDrive\Documents\Pinball\Github\Pinball-MPF\mpfv1
2022-10-23 18:20:02,650 : mpfmc : Starting clock at 60.0Hz
2022-10-23 18:20:02,665 : kivy : Text: Provider: sdl2
2022-10-23 18:20:02,764 : kivy : Window: Provider: sdl2
2022-10-23 18:20:02,959 : kivy : GL: Using the "OpenGL" graphics system
2022-10-23 18:20:02,960 : kivy : GL: GLEW initialization succeeded
2022-10-23 18:20:02,961 : kivy : GL: Backend used <glew>
2022-10-23 18:20:02,961 : kivy : GL: OpenGL version <b'4.6.0 - Build 26.20.100.7372'>
2022-10-23 18:20:02,961 : kivy : GL: OpenGL vendor <b'Intel'>
2022-10-23 18:20:02,961 : kivy : GL: OpenGL renderer <b'Intel(R) UHD Graphics'>
2022-10-23 18:20:02,961 : kivy : GL: OpenGL parsed version: 4, 6
2022-10-23 18:20:02,961 : kivy : GL: Shading version <b'4.60 - Build 26.20.100.7372'>
2022-10-23 18:20:02,961 : kivy : GL: Texture max size <16384>
2022-10-23 18:20:02,961 : kivy : GL: Texture max units <32>
2022-10-23 18:20:03,019 : kivy : Window: auto add sdl2 input provider
2022-10-23 18:20:03,021 : kivy : Window: virtual keyboard not allowed, single mode, not docked
2022-10-23 18:20:03,318 : AudioInterface : Initialized
2022-10-23 18:20:03,318 : AudioInterface : Loaded SDL 2.0.12
2022-10-23 18:20:03,318 : AudioInterface : Loaded SDL_Mixer 2.0.4
2022-10-23 18:20:03,319 : AudioInterface : Loaded GStreamer 1.18.0.0
2022-10-23 18:20:03,319 : AudioInterface : Loaded GLib 2.62.6
2022-10-23 18:20:03,319 : AudioInterface : Settings requested - rate: 44100, channels: 1, buffer: 2048 samples
2022-10-23 18:20:03,319 : AudioInterface : Settings in use - rate: 44100, channels: 1, buffer: 2048 samples (4096 bytes @ 2 bytes per sample)
2022-10-23 18:20:03,319 : SoundSystem : Setting master volume to 0.0
2022-10-23 18:20:03,319 : SoundSystem : master_volume in sound_system is deprecated and will be removed in the future.
2022-10-23 18:20:03,319 : AudioInterface : Enabling audio playback
2022-10-23 18:20:03,321 : kivy : Base: Start application main loop
2022-10-23 18:20:03,322 : EventManager : Event: ======'display_window_initialized'====== Args={}
2022-10-23 18:20:03,322 : EventManager : Event: ======'display_Disp_Player_initialized'====== Args={}
2022-10-23 18:20:03,322 : EventManager : Event: ======'display_Disp_Menu_initialized'====== Args={}
2022-10-23 18:20:03,322 : EventManager : Event: ======'display_Disp_Ball_initialized'====== Args={}
2022-10-23 18:20:03,322 : EventManager : Event: ======'display_Disp_Message_initialized'====== Args={}
2022-10-23 18:20:03,322 : EventManager : Event: ======'display_Disp_Counter_initialized'====== Args={}
2022-10-23 18:20:03,323 : EventManager : Event: ======'display_Disp_Score_initialized'====== Args={}
2022-10-23 18:20:03,324 : EventManager : Event: ======'display_Disp_Icons_initialized'====== Args={}
2022-10-23 18:20:03,339 : mpfmc : Display: Setting 'window' as default display
2022-10-23 18:20:03,347 : EventManager : Event: ======'displays_initialized'====== Args={}
2022-10-23 18:20:03,350 : EventManager : Event: ======'slide_window_blank_created'====== Args={}
2022-10-23 18:20:03,351 : EventManager : Event: ======'display_window_ready'====== Args={}
2022-10-23 18:20:03,352 : EventManager : Event: ======'slide_Disp_Player_blank_created'====== Args={}
2022-10-23 18:20:03,352 : EventManager : Event: ======'display_Disp_Player_ready'====== Args={}
2022-10-23 18:20:03,352 : EventManager : Event: ======'slide_Disp_Menu_blank_created'====== Args={}
2022-10-23 18:20:03,352 : EventManager : Event: ======'display_Disp_Menu_ready'====== Args={}
2022-10-23 18:20:03,353 : EventManager : Event: ======'slide_Disp_Ball_blank_created'====== Args={}
2022-10-23 18:20:03,353 : EventManager : Event: ======'display_Disp_Ball_ready'====== Args={}
2022-10-23 18:20:03,353 : EventManager : Event: ======'slide_Disp_Message_blank_created'====== Args={}
2022-10-23 18:20:03,353 : EventManager : Event: ======'display_Disp_Message_ready'====== Args={}
2022-10-23 18:20:03,354 : EventManager : Event: ======'slide_Disp_Counter_blank_created'====== Args={}
2022-10-23 18:20:03,354 : EventManager : Event: ======'display_Disp_Counter_ready'====== Args={}
2022-10-23 18:20:03,354 : EventManager : Event: ======'slide_Disp_Score_blank_created'====== Args={}
2022-10-23 18:20:03,354 : EventManager : Event: ======'display_Disp_Score_ready'====== Args={}
2022-10-23 18:20:03,355 : EventManager : Event: ======'slide_Disp_Icons_blank_created'====== Args={}
2022-10-23 18:20:03,355 : EventManager : Event: ======'display_Disp_Icons_ready'====== Args={}
2022-10-23 18:20:03,368 : EventManager : Event: ======'init_phase_1'====== Args={}
2022-10-23 18:20:03,373 : EventManager : Event: ======'mc_ready'====== Args={}
2022-10-23 18:20:03,373 : EventManager : Event: ======'init_phase_2'====== Args={}
2022-10-23 18:20:03,376 : EventManager : Event: ======'init_phase_3'====== Args={}
2022-10-23 18:20:03,378 : EventManager : Event: ======'init_phase_4'====== Args={}
2022-10-23 18:20:03,379 : EventManager : Event: ======'init_phase_5'====== Args={}
2022-10-23 18:20:03,419 : kivy : GL: NPOT texture support is available
2022-10-23 18:20:03,463 : EventManager : Event: ======'loading_assets'====== Args={'total': 2, 'loaded': 1, 'remaining': 1, 'percent': 50}
2022-10-23 18:20:03,463 : AssetManager : Loading assets: 1/2 (50%)
2022-10-23 18:20:03,489 : EventManager : Event: ======'loading_assets'====== Args={'total': 2, 'loaded': 2, 'remaining': 0, 'percent': 100}
2022-10-23 18:20:03,489 : AssetManager : Asset loading took: 0.168107271194458
2022-10-23 18:20:03,490 : EventManager : Event: ======'asset_loading_complete'====== Args={}
2022-10-23 18:20:03,490 : AssetManager : Loading assets: 2/2 (100%)
2022-10-23 18:20:03,490 : EventManager : Event: ======'init_done'====== Args={}
2022-10-23 18:20:03,490 : MPF-MC BCP Server : Starting up on localhost port 5050
2022-10-23 18:20:03,494 : MPF-MC BCP Server : Waiting for a connection...
2022-10-23 18:20:03,496 : EventManager : Event: ======'client_disconnected'====== Args={'host': '127.0.0.1', 'port': 5050}
2022-10-23 18:20:03,684 : MPF-MC BCP Server : Received connection from: 127.0.0.1:56383
2022-10-23 18:20:03,691 : EventManager : Event: ======'client_connected'====== Args={'host': '127.0.0.1', 'port': 56383}
2022-10-23 18:20:03,703 : EventManager : Event: ======'machine_var_credits_string'====== Args={'value': 'FREE PLAY', 'prev_value': None, 'change': True}
2022-10-23 18:20:03,703 : EventManager : Event: ======'machine_var_master_volume'====== Args={'value': 0.5, 'prev_value': None, 'change': True}
2022-10-23 18:20:03,703 : EventManager : Event: ======'machine_var_player1_score'====== Args={'value': 3000, 'prev_value': None, 'change': True}
2022-10-23 18:20:03,703 : EventManager : Event: ======'machine_var_mpf_version'====== Args={'value': 'MPF v0.55.0', 'prev_value': None, 'change': True}
2022-10-23 18:20:03,703 : EventManager : Event: ======'machine_var_mpf_extended_version'====== Args={'value': 'MPF v0.55.0, Config version:5, Show version: 5, BCP version:1.1', 'prev_value': None, 'change': True}
2022-10-23 18:20:03,703 : EventManager : Event: ======'machine_var_python_version'====== Args={'value': '3.8.10', 'prev_value': None, 'change': True}
2022-10-23 18:20:03,703 : EventManager : Event: ======'machine_var_platform'====== Args={'value': 'Windows-10-10.0.19044-SP0', 'prev_value': None, 'change': True}
2022-10-23 18:20:03,703 : EventManager : Event: ======'machine_var_platform_system'====== Args={'value': 'Windows', 'prev_value': None, 'change': True}
2022-10-23 18:20:03,703 : EventManager : Event: ======'machine_var_platform_release'====== Args={'value': '10', 'prev_value': None, 'change': True}
2022-10-23 18:20:03,703 : EventManager : Event: ======'machine_var_platform_version'====== Args={'value': '10.0.19044', 'prev_value': None, 'change': True}
2022-10-23 18:20:03,703 : EventManager : Event: ======'machine_var_platform_machine'====== Args={'value': 'AMD64', 'prev_value': None, 'change': True}
2022-10-23 18:20:03,703 : EventManager : Event: ======'machine_var_mc_version'====== Args={'value': 'MPF-MC v0.55.0', 'prev_value': None, 'change': True}
2022-10-23 18:20:03,703 : EventManager : Event: ======'machine_var_mc_extended_version'====== Args={'value': 'MPF-MC v0.55.0 (config_version=5, BCP v1.1, Requires MPF v0.55.0-dev.49)', 'prev_value': None, 'change': True}
2022-10-23 18:20:03,703 : SoundSystem : Setting master volume to 0.5
2022-10-23 18:20:03,817 : EventManager : Event: ======'machine_var_audits_events_game_ended'====== Args={'value': 0, 'prev_value': None, 'change': True}
2022-10-23 18:20:03,829 : EventManager : Event: ======'machine_var_audits_events_game_started'====== Args={'value': 0, 'prev_value': None, 'change': True}
2022-10-23 18:20:03,829 : EventManager : Event: ======'machine_var_audits_player_score'====== Args={'value': {'average': 29309.090909090908, 'top': [106800, 41000, 33100, 31800, 31200, 27600, 20200, 17500, 10200, 3000], 'total': 11}, 'prev_value': None, 'change': True}
2022-10-23 18:20:03,829 : EventManager : Event: ======'machine_var_audits_shots_lane_bottom_1'====== Args={'value': 15, 'prev_value': None, 'change': True}
2022-10-23 18:20:03,829 : EventManager : Event: ======'machine_var_audits_shots_lane_bottom_2'====== Args={'value': 15, 'prev_value': None, 'change': True}
2022-10-23 18:20:03,829 : EventManager : Event: ======'machine_var_audits_shots_lane_bottom_3'====== Args={'value': 16, 'prev_value': None, 'change': True}
2022-10-23 18:20:03,829 : EventManager : Event: ======'machine_var_audits_shots_lane_bottom_4'====== Args={'value': 15, 'prev_value': None, 'change': True}
2022-10-23 18:20:03,829 : EventManager : Event: ======'machine_var_audits_shots_lane_bottom_5'====== Args={'value': 14, 'prev_value': None, 'change': True}
2022-10-23 18:20:03,829 : EventManager : Event: ======'machine_var_audits_shots_lane_top_1'====== Args={'value': 164, 'prev_value': None, 'change': True}
2022-10-23 18:20:03,829 : EventManager : Event: ======'machine_var_audits_shots_lane_top_2'====== Args={'value': 150, 'prev_value': None, 'change': True}
2022-10-23 18:20:03,829 : EventManager : Event: ======'machine_var_audits_shots_lane_top_3'====== Args={'value': 129, 'prev_value': None, 'change': True}
2022-10-23 18:20:03,829 : EventManager : Event: ======'machine_var_audits_shots_orbit'====== Args={'value': 23, 'prev_value': None, 'change': True}
2022-10-23 18:20:03,829 : EventManager : Event: ======'machine_var_audits_shots_spinner'====== Args={'value': 178, 'prev_value': None, 'change': True}
2022-10-23 18:20:03,829 : EventManager : Event: ======'machine_var_audits_switches_s_bottomlane1'====== Args={'value': 30, 'prev_value': None, 'change': True}
2022-10-23 18:20:03,830 : EventManager : Event: ======'machine_var_audits_switches_s_bottomlane2'====== Args={'value': 43, 'prev_value': None, 'change': True}
2022-10-23 18:20:03,830 : EventManager : Event: ======'machine_var_audits_switches_s_bottomlane3'====== Args={'value': 165, 'prev_value': None, 'change': True}
2022-10-23 18:20:03,830 : EventManager : Event: ======'machine_var_audits_switches_s_bottomlane4'====== Args={'value': 49, 'prev_value': None, 'change': True}
2022-10-23 18:20:03,830 : EventManager : Event: ======'machine_var_audits_switches_s_bottomlane5'====== Args={'value': 27, 'prev_value': None, 'change': True}
2022-10-23 18:20:03,830 : EventManager : Event: ======'machine_var_audits_switches_s_drop1'====== Args={'value': 35, 'prev_value': None, 'change': True}
2022-10-23 18:20:03,830 : EventManager : Event: ======'machine_var_audits_switches_s_drop2'====== Args={'value': 17, 'prev_value': None, 'change': True}
2022-10-23 18:20:03,830 : EventManager : Event: ======'machine_var_audits_switches_s_drop3'====== Args={'value': 15, 'prev_value': None, 'change': True}
2022-10-23 18:20:03,830 : EventManager : Event: ======'machine_var_audits_switches_s_launch'====== Args={'value': 11, 'prev_value': None, 'change': True}
2022-10-23 18:20:03,830 : EventManager : Event: ======'machine_var_audits_switches_s_left01'====== Args={'value': 27, 'prev_value': None, 'change': True}
2022-10-23 18:20:03,830 : EventManager : Event: ======'machine_var_audits_switches_s_left02'====== Args={'value': 28, 'prev_value': None, 'change': True}
2022-10-23 18:20:03,830 : EventManager : Event: ======'machine_var_audits_switches_s_left03'====== Args={'value': 21, 'prev_value': None, 'change': True}
2022-10-23 18:20:03,830 : EventManager : Event: ======'machine_var_audits_switches_s_left_sling'====== Args={'value': 62, 'prev_value': None, 'change': True}
2022-10-23 18:20:03,830 : EventManager : Event: ======'machine_var_audits_switches_s_orbit1'====== Args={'value': 45, 'prev_value': None, 'change': True}
2022-10-23 18:20:03,830 : EventManager : Event: ======'machine_var_audits_switches_s_orbit2'====== Args={'value': 0, 'prev_value': None, 'change': True}
2022-10-23 18:20:03,830 : EventManager : Event: ======'machine_var_audits_switches_s_plunger_lane'====== Args={'value': 138, 'prev_value': None, 'change': True}
2022-10-23 18:20:03,830 : EventManager : Event: ======'machine_var_audits_switches_s_popbumber_1'====== Args={'value': 68, 'prev_value': None, 'change': True}
2022-10-23 18:20:03,830 : EventManager : Event: ======'machine_var_audits_switches_s_popbumber_2'====== Args={'value': 110, 'prev_value': None, 'change': True}
2022-10-23 18:20:03,830 : EventManager : Event: ======'machine_var_audits_switches_s_popbumber_3'====== Args={'value': 60, 'prev_value': None, 'change': True}
2022-10-23 18:20:03,830 : EventManager : Event: ======'machine_var_audits_switches_s_ramp'====== Args={'value': 38, 'prev_value': None, 'change': True}
2022-10-23 18:20:03,830 : EventManager : Event: ======'machine_var_audits_switches_s_right_sling'====== Args={'value': 120, 'prev_value': None, 'change': True}
2022-10-23 18:20:03,831 : EventManager : Event: ======'machine_var_audits_switches_s_rigth01'====== Args={'value': 59, 'prev_value': None, 'change': True}
2022-10-23 18:20:03,831 : EventManager : Event: ======'machine_var_audits_switches_s_rigth02'====== Args={'value': 24, 'prev_value': None, 'change': True}
2022-10-23 18:20:03,831 : EventManager : Event: ======'machine_var_audits_switches_s_rigth03'====== Args={'value': 15, 'prev_value': None, 'change': True}
2022-10-23 18:20:03,831 : EventManager : Event: ======'machine_var_audits_switches_s_spinner'====== Args={'value': 271, 'prev_value': None, 'change': True}
2022-10-23 18:20:03,831 : EventManager : Event: ======'machine_var_audits_switches_s_start'====== Args={'value': 4, 'prev_value': None, 'change': True}
2022-10-23 18:20:03,831 : EventManager : Event: ======'machine_var_audits_switches_s_top'====== Args={'value': 11, 'prev_value': None, 'change': True}
2022-10-23 18:20:03,831 : EventManager : Event: ======'machine_var_audits_switches_s_toplane1'====== Args={'value': 251, 'prev_value': None, 'change': True}
2022-10-23 18:20:03,831 : EventManager : Event: ======'machine_var_audits_switches_s_toplane2'====== Args={'value': 157, 'prev_value': None, 'change': True}
2022-10-23 18:20:03,831 : EventManager : Event: ======'machine_var_audits_switches_s_toplane3'====== Args={'value': 136, 'prev_value': None, 'change': True}
2022-10-23 18:20:03,831 : EventManager : Event: ======'machine_var_audits_switches_s_trough1'====== Args={'value': 38, 'prev_value': None, 'change': True}
2022-10-23 18:20:03,831 : EventManager : Event: ======'machine_var_audits_switches_s_trough2'====== Args={'value': 37, 'prev_value': None, 'change': True}
2022-10-23 18:20:03,831 : EventManager : Event: ======'machine_var_audits_switches_s_trough3'====== Args={'value': 27, 'prev_value': None, 'change': True}
2022-10-23 18:20:03,831 : EventManager : Event: ======'machine_var_audits_switches_s_trough4'====== Args={'value': 40, 'prev_value': None, 'change': True}
2022-10-23 18:20:03,831 : EventManager : Event: ======'machine_var_audits_switches_s_trough5'====== Args={'value': 29, 'prev_value': None, 'change': True}
2022-10-23 18:20:03,831 : EventManager : Event: ======'machine_var_audits_switches_s_trough6'====== Args={'value': 24, 'prev_value': None, 'change': True}
2022-10-23 18:20:03,831 : EventManager : Event: ======'machine_var_audits_switches_s_trough_jam'====== Args={'value': 27, 'prev_value': None, 'change': True}
2022-10-23 18:20:03,831 : EventManager : Event: ======'machine_var_audits_switches_s_vukmid'====== Args={'value': 47, 'prev_value': None, 'change': True}
2022-10-23 18:20:03,831 : EventManager : Event: ======'machine_var_audits_switches_s_vuktop'====== Args={'value': 15, 'prev_value': None, 'change': True}
2022-10-23 18:20:03,842 : EventManager : Event: ======'mc_reset_phase_1'====== Args={}
2022-10-23 18:20:03,842 : EventManager : Event: ======'mc_reset_phase_2'====== Args={}
2022-10-23 18:20:03,842 : EventManager : Event: ======'mc_reset_phase_3'====== Args={}
2022-10-23 18:20:03,842 : EventManager : Event: ======'mc_reset_complete'====== Args={}
2022-10-23 18:20:03,854 : EventManager : Event: ======'slides_play'====== Args={'settings': {'layout_main': {'target': 'window', 'background_color': [0.0, 0.0, 0.0, 1.0], 'priority': None, 'show': True, 'force': False, 'expire': None, 'slide': None, 'tokens': {}, 'action': 'play'}, 'empty_slide_1': {'slide': 'empty_slide', 'target': 'Disp_Player', 'background_color': [0.0, 0.0, 0.0, 1.0], 'priority': None, 'show': True, 'force': False, 'expire': None, 'tokens': {}, 'action': 'play'}, 'empty_slide_2': {'slide': 'empty_slide', 'target': 'Disp_Menu', 'background_color': [0.0, 0.0, 0.0, 1.0], 'priority': None, 'show': True, 'force': False, 'expire': None, 'tokens': {}, 'action': 'play'}, 'empty_slide_3': {'slide': 'empty_slide', 'target': 'Disp_Ball', 'background_color': [0.0, 0.0, 0.0, 1.0], 'priority': None, 'show': True, 'force': False, 'expire': None, 'tokens': {}, 'action': 'play'}, 'press_start': {'target': 'Disp_Message', 'background_color': [0.0, 0.0, 0.0, 1.0], 'priority': None, 'show': True, 'force': False, 'expire': None, 'slide': None, 'tokens': {}, 'action': 'play'}, 'empty_slide_5': {'slide': 'empty_slide', 'target': 'Disp_Counter', 'background_color': [0.0, 0.0, 0.0, 1.0], 'priority': None, 'show': True, 'force': False, 'expire': None, 'tokens': {}, 'action': 'play'}, 'Title_slide': {'target': 'Disp_Score', 'background_color': [0.0, 0.0, 0.0, 1.0], 'priority': None, 'show': True, 'force': False, 'expire': None, 'slide': None, 'tokens': {}, 'action': 'play'}, 'empty_slide_6': {'slide': 'empty_slide', 'target': 'Disp_Icons', 'background_color': [0.0, 0.0, 0.0, 1.0], 'priority': None, 'show': True, 'force': False, 'expire': None, 'tokens': {}, 'action': 'play'}}, 'context': 'show_2', 'calling_context': 0, 'priority': 10, 'show_tokens': {}, 'start_time': 19437.375}
2022-10-23 18:20:03,854 : EventManager : Event: ======'sounds_play'====== Args={'settings': {'musicslow': {'action': 'play', 'loops': -1, 'priority': None, 'block': False, 'delay': None, 'track': None, 'volume': None, 'pan': None, 'start_at': None, 'fade_in': None, 'fade_out': None, 'about_to_finish_time': -1.0, 'max_queue_time': -1.0, 'events_when_played': ['use_sound_setting'], 'events_when_stopped': ['use_sound_setting'], 'events_when_looping': ['use_sound_setting'], 'events_when_about_to_finish': ['use_sound_setting'], 'mode_end_action': 'use_sound_setting', 'key': 'use_sound_setting'}}, 'context': '_global', 'calling_context': 'mode_attract_started', 'priority': 0}
2022-10-23 18:20:03,854 : mpfmc : SlidePlayer: Play called with settings={'layout_main': {'target': 'window', 'background_color': [0.0, 0.0, 0.0, 1.0], 'priority': None, 'show': True, 'force': False, 'expire': None, 'slide': None, 'tokens': {}, 'action': 'play'}, 'empty_slide_1': {'slide': 'empty_slide', 'target': 'Disp_Player', 'background_color': [0.0, 0.0, 0.0, 1.0], 'priority': None, 'show': True, 'force': False, 'expire': None, 'tokens': {}, 'action': 'play'}, 'empty_slide_2': {'slide': 'empty_slide', 'target': 'Disp_Menu', 'background_color': [0.0, 0.0, 0.0, 1.0], 'priority': None, 'show': True, 'force': False, 'expire': None, 'tokens': {}, 'action': 'play'}, 'empty_slide_3': {'slide': 'empty_slide', 'target': 'Disp_Ball', 'background_color': [0.0, 0.0, 0.0, 1.0], 'priority': None, 'show': True, 'force': False, 'expire': None, 'tokens': {}, 'action': 'play'}, 'press_start': {'target': 'Disp_Message', 'background_color': [0.0, 0.0, 0.0, 1.0], 'priority': None, 'show': True, 'force': False, 'expire': None, 'slide': None, 'tokens': {}, 'action': 'play'}, 'empty_slide_5': {'slide': 'empty_slide', 'target': 'Disp_Counter', 'background_color': [0.0, 0.0, 0.0, 1.0], 'priority': None, 'show': True, 'force': False, 'expire': None, 'tokens': {}, 'action': 'play'}, 'Title_slide': {'target': 'Disp_Score', 'background_color': [0.0, 0.0, 0.0, 1.0], 'priority': None, 'show': True, 'force': False, 'expire': None, 'slide': None, 'tokens': {}, 'action': 'play'}, 'empty_slide_6': {'slide': 'empty_slide', 'target': 'Disp_Icons', 'background_color': [0.0, 0.0, 0.0, 1.0], 'priority': None, 'show': True, 'force': False, 'expire': None, 'tokens': {}, 'action': 'play'}}
2022-10-23 18:20:03,861 : EventManager : Event: ======'slide_layout_main_created'====== Args={}
2022-10-23 18:20:03,867 : EventManager : Event: ======'slide_empty_slide_created'====== Args={}
2022-10-23 18:20:03,870 : EventManager : Event: ======'slide_empty_slide_created'====== Args={}
2022-10-23 18:20:03,873 : EventManager : Event: ======'slide_empty_slide_created'====== Args={}
2022-10-23 18:20:03,876 : EventManager : Event: ======'slide_press_start_created'====== Args={}
2022-10-23 18:20:03,880 : EventManager : Event: ======'slide_empty_slide_created'====== Args={}
2022-10-23 18:20:03,884 : EventManager : Event: ======'slide_Title_slide_created'====== Args={}
2022-10-23 18:20:03,887 : EventManager : Event: ======'slide_empty_slide_created'====== Args={}
2022-10-23 18:20:03,897 : EventManager : Event: ======'slide_layout_main_active'====== Args={}
2022-10-23 18:20:03,919 : EventManager : Event: ======'slide_empty_slide_active'====== Args={}
2022-10-23 18:20:03,920 : EventManager : Event: ======'slide_empty_slide_active'====== Args={}
2022-10-23 18:20:03,921 : EventManager : Event: ======'slide_empty_slide_active'====== Args={}
2022-10-23 18:20:03,922 : EventManager : Event: ======'slide_press_start_active'====== Args={}
2022-10-23 18:20:03,924 : EventManager : Event: ======'slide_empty_slide_active'====== Args={}
2022-10-23 18:20:03,925 : EventManager : Event: ======'slide_Title_slide_active'====== Args={}
2022-10-23 18:20:03,926 : EventManager : Event: ======'slide_empty_slide_active'====== Args={}
2022-10-23 18:20:03,949 : EventManager : Event: ======'loading_assets'====== Args={'total': 1, 'loaded': 1, 'remaining': 0, 'percent': 100}
2022-10-23 18:20:03,950 : AssetManager : Asset loading took: 0.6299331188201904
2022-10-23 18:20:03,950 : EventManager : Event: ======'asset_loading_complete'====== Args={}
2022-10-23 18:20:03,950 : AssetManager : Loading assets: 1/1 (100%)
2022-10-23 18:20:35,192 : EventManager : Event: ======'game_started'====== Args={}
2022-10-23 18:20:35,204 : EventManager : Event: ======'slides_clear'====== Args={'context': 'show_2'}
2022-10-23 18:20:35,205 : EventManager : Event: ======'sounds_play'====== Args={'settings': {'musicslow': {'action': 'stop', 'priority': None, 'block': False, 'delay': None, 'track': None, 'volume': None, 'pan': None, 'loops': None, 'start_at': None, 'fade_in': None, 'fade_out': None, 'about_to_finish_time': -1.0, 'max_queue_time': -1.0, 'events_when_played': ['use_sound_setting'], 'events_when_stopped': ['use_sound_setting'], 'events_when_looping': ['use_sound_setting'], 'events_when_about_to_finish': ['use_sound_setting'], 'mode_end_action': 'use_sound_setting', 'key': 'use_sound_setting'}}, 'context': '_global', 'calling_context': 'mode_attract_stopped', 'priority': 0}
2022-10-23 18:20:35,205 : EventManager : Event: ======'player_added'====== Args={'player': <Player 1>, 'num': 1}
2022-10-23 18:20:35,205 : EventManager : Event: ======'player_index'====== Args={'value': 0, 'prev_value': 0, 'change': 0, 'player_num': 1}
2022-10-23 18:20:35,206 : EventManager : Event: ======'player_number'====== Args={'value': 1, 'prev_value': 1, 'change': 0, 'player_num': 1}
2022-10-23 18:20:35,206 : EventManager : Event: ======'player_score'====== Args={'value': 0, 'prev_value': 0, 'change': 0, 'player_num': 1}
2022-10-23 18:20:35,206 : EventManager : Event: ======'slide_layout_main_removed'====== Args={}
2022-10-23 18:20:35,207 : EventManager : Event: ======'slide_empty_slide_removed'====== Args={}
2022-10-23 18:20:35,207 : EventManager : Event: ======'slide_empty_slide_removed'====== Args={}
2022-10-23 18:20:35,207 : EventManager : Event: ======'slide_empty_slide_removed'====== Args={}
2022-10-23 18:20:35,208 : EventManager : Event: ======'slide_press_start_removed'====== Args={}
2022-10-23 18:20:35,208 : EventManager : Event: ======'slide_empty_slide_removed'====== Args={}
2022-10-23 18:20:35,208 : EventManager : Event: ======'slide_Title_slide_removed'====== Args={}
2022-10-23 18:20:35,209 : EventManager : Event: ======'slide_empty_slide_removed'====== Args={}
2022-10-23 18:20:35,209 : EventManager : Event: ======'slide_window_blank_active'====== Args={}
2022-10-23 18:20:35,210 : EventManager : Event: ======'slide_Disp_Player_blank_active'====== Args={}
2022-10-23 18:20:35,210 : EventManager : Event: ======'slide_Disp_Menu_blank_active'====== Args={}
2022-10-23 18:20:35,210 : EventManager : Event: ======'slide_Disp_Ball_blank_active'====== Args={}
2022-10-23 18:20:35,210 : EventManager : Event: ======'slide_Disp_Message_blank_active'====== Args={}
2022-10-23 18:20:35,210 : EventManager : Event: ======'slide_Disp_Counter_blank_active'====== Args={}
2022-10-23 18:20:35,210 : EventManager : Event: ======'slide_Disp_Score_blank_active'====== Args={}
2022-10-23 18:20:35,211 : EventManager : Event: ======'slide_Disp_Icons_blank_active'====== Args={}
2022-10-23 18:20:35,225 : EventManager : Event: ======'player_top_lane_hits'====== Args={'value': 0, 'prev_value': 0, 'change': 0, 'player_num': 1}
2022-10-23 18:20:35,225 : EventManager : Event: ======'player_bottom_lane_hits'====== Args={'value': 0, 'prev_value': 0, 'change': 0, 'player_num': 1}
2022-10-23 18:20:35,237 : EventManager : Event: ======'player_ball'====== Args={'value': 1, 'prev_value': 0, 'change': 1, 'player_num': 1}
2022-10-23 18:20:35,238 : EventManager : Event: ======'player_turn_start'====== Args={'number': 1, 'player': <Player 1>}
2022-10-23 18:20:35,250 : EventManager : Event: ======'player_shot_spinner_enabled'====== Args={'value': True, 'prev_value': 0, 'change': 1, 'player_num': 1}
2022-10-23 18:20:35,250 : EventManager : Event: ======'player_shot_orbit_enabled'====== Args={'value': True, 'prev_value': 0, 'change': 1, 'player_num': 1}
2022-10-23 18:20:35,250 : EventManager : Event: ======'slides_play'====== Args={'settings': {'layout_main': {'target': 'window', 'background_color': [0.0, 0.0, 0.0, 1.0], 'priority': None, 'show': True, 'force': False, 'expire': None, 'slide': None, 'tokens': {}, 'action': 'play'}, 'player_slide': {'target': 'Disp_Player', 'background_color': [0.0, 0.0, 0.0, 1.0], 'priority': None, 'show': True, 'force': False, 'expire': None, 'slide': None, 'tokens': {}, 'action': 'play'}, 'empty_slide_2': {'slide': 'empty_slide', 'target': 'Disp_Menu', 'background_color': [0.0, 0.0, 0.0, 1.0], 'priority': None, 'show': True, 'force': False, 'expire': None, 'tokens': {}, 'action': 'play'}, 'ball_slide': {'target': 'Disp_Ball', 'background_color': [0.0, 0.0, 0.0, 1.0], 'priority': None, 'show': True, 'force': False, 'expire': None, 'slide': None, 'tokens': {}, 'action': 'play'}, 'empty_slide_3': {'slide': 'empty_slide', 'target': 'Disp_Message', 'background_color': [0.0, 0.0, 0.0, 1.0], 'priority': None, 'show': True, 'force': False, 'expire': None, 'tokens': {}, 'action': 'play'}, 'empty_slide_5': {'slide': 'empty_slide', 'target': 'Disp_Counter', 'background_color': [0.0, 0.0, 0.0, 1.0], 'priority': None, 'show': True, 'force': False, 'expire': None, 'tokens': {}, 'action': 'play'}, 'score_slide': {'target': 'Disp_Score', 'background_color': [0.0, 0.0, 0.0, 1.0], 'priority': None, 'show': True, 'force': False, 'expire': None, 'slide': None, 'tokens': {}, 'action': 'play'}, 'empty_slide_6': {'slide': 'empty_slide', 'target': 'Disp_Icons', 'background_color': [0.0, 0.0, 0.0, 1.0], 'priority': None, 'show': True, 'force': False, 'expire': None, 'tokens': {}, 'action': 'play'}}, 'context': 'show_5', 'calling_context': 0, 'priority': 100, 'show_tokens': {}, 'start_time': 19468.765}
2022-10-23 18:20:35,250 : EventManager : Event: ======'sounds_play'====== Args={'settings': {'musicfast': {'action': 'play', 'loops': -1, 'priority': None, 'block': False, 'delay': None, 'track': None, 'volume': None, 'pan': None, 'start_at': None, 'fade_in': None, 'fade_out': None, 'about_to_finish_time': -1.0, 'max_queue_time': -1.0, 'events_when_played': ['use_sound_setting'], 'events_when_stopped': ['use_sound_setting'], 'events_when_looping': ['use_sound_setting'], 'events_when_about_to_finish': ['use_sound_setting'], 'mode_end_action': 'use_sound_setting', 'key': 'use_sound_setting'}}, 'context': '_global', 'calling_context': 'mode_base_started', 'priority': 0, 'queue': '<QueuedEvent>', 'player': 1, 'ball': 1, 'balls_remaining': 2, 'is_extra_ball': False}
2022-10-23 18:20:35,250 : mpfmc : SlidePlayer: Play called with settings={'layout_main': {'target': 'window', 'background_color': [0.0, 0.0, 0.0, 1.0], 'priority': None, 'show': True, 'force': False, 'expire': None, 'slide': None, 'tokens': {}, 'action': 'play'}, 'player_slide': {'target': 'Disp_Player', 'background_color': [0.0, 0.0, 0.0, 1.0], 'priority': None, 'show': True, 'force': False, 'expire': None, 'slide': None, 'tokens': {}, 'action': 'play'}, 'empty_slide_2': {'slide': 'empty_slide', 'target': 'Disp_Menu', 'background_color': [0.0, 0.0, 0.0, 1.0], 'priority': None, 'show': True, 'force': False, 'expire': None, 'tokens': {}, 'action': 'play'}, 'ball_slide': {'target': 'Disp_Ball', 'background_color': [0.0, 0.0, 0.0, 1.0], 'priority': None, 'show': True, 'force': False, 'expire': None, 'slide': None, 'tokens': {}, 'action': 'play'}, 'empty_slide_3': {'slide': 'empty_slide', 'target': 'Disp_Message', 'background_color': [0.0, 0.0, 0.0, 1.0], 'priority': None, 'show': True, 'force': False, 'expire': None, 'tokens': {}, 'action': 'play'}, 'empty_slide_5': {'slide': 'empty_slide', 'target': 'Disp_Counter', 'background_color': [0.0, 0.0, 0.0, 1.0], 'priority': None, 'show': True, 'force': False, 'expire': None, 'tokens': {}, 'action': 'play'}, 'score_slide': {'target': 'Disp_Score', 'background_color': [0.0, 0.0, 0.0, 1.0], 'priority': None, 'show': True, 'force': False, 'expire': None, 'slide': None, 'tokens': {}, 'action': 'play'}, 'empty_slide_6': {'slide': 'empty_slide', 'target': 'Disp_Icons', 'background_color': [0.0, 0.0, 0.0, 1.0], 'priority': None, 'show': True, 'force': False, 'expire': None, 'tokens': {}, 'action': 'play'}}
2022-10-23 18:20:35,261 : EventManager : Event: ======'slide_layout_main_created'====== Args={}
2022-10-23 18:20:35,266 : EventManager : Event: ======'slide_player_slide_created'====== Args={}
2022-10-23 18:20:35,269 : EventManager : Event: ======'slide_empty_slide_created'====== Args={}
2022-10-23 18:20:35,275 : EventManager : Event: ======'slide_ball_slide_created'====== Args={}
2022-10-23 18:20:35,280 : EventManager : Event: ======'slide_empty_slide_created'====== Args={}
2022-10-23 18:20:35,284 : EventManager : Event: ======'slide_empty_slide_created'====== Args={}
2022-10-23 18:20:35,288 : EventManager : Event: ======'slide_score_slide_created'====== Args={}
2022-10-23 18:20:35,292 : EventManager : Event: ======'slide_empty_slide_created'====== Args={}
2022-10-23 18:20:35,324 : EventManager : Event: ======'slide_layout_main_active'====== Args={}
2022-10-23 18:20:35,325 : EventManager : Event: ======'slide_player_slide_active'====== Args={}
2022-10-23 18:20:35,327 : EventManager : Event: ======'slide_empty_slide_active'====== Args={}
2022-10-23 18:20:35,329 : EventManager : Event: ======'slide_ball_slide_active'====== Args={}
2022-10-23 18:20:35,330 : EventManager : Event: ======'slide_empty_slide_active'====== Args={}
2022-10-23 18:20:35,331 : EventManager : Event: ======'slide_empty_slide_active'====== Args={}
2022-10-23 18:20:35,332 : EventManager : Event: ======'slide_score_slide_active'====== Args={}
2022-10-23 18:20:35,333 : EventManager : Event: ======'slide_empty_slide_active'====== Args={}
2022-10-23 18:20:35,340 : EventManager : Event: ======'player_shot_lane_top_1_enabled'====== Args={'value': True, 'prev_value': 0, 'change': 1, 'player_num': 1}
2022-10-23 18:20:35,340 : EventManager : Event: ======'player_shot_lane_top_2_enabled'====== Args={'value': True, 'prev_value': 0, 'change': 1, 'player_num': 1}
2022-10-23 18:20:35,340 : EventManager : Event: ======'player_shot_lane_top_3_enabled'====== Args={'value': True, 'prev_value': 0, 'change': 1, 'player_num': 1}
2022-10-23 18:20:35,341 : EventManager : Event: ======'player_shot_lane_bottom_1_enabled'====== Args={'value': True, 'prev_value': 0, 'change': 1, 'player_num': 1}
2022-10-23 18:20:35,341 : EventManager : Event: ======'player_shot_lane_bottom_2_enabled'====== Args={'value': True, 'prev_value': 0, 'change': 1, 'player_num': 1}
2022-10-23 18:20:35,341 : EventManager : Event: ======'player_shot_lane_bottom_3_enabled'====== Args={'value': True, 'prev_value': 0, 'change': 1, 'player_num': 1}
2022-10-23 18:20:35,341 : EventManager : Event: ======'player_shot_lane_bottom_4_enabled'====== Args={'value': True, 'prev_value': 0, 'change': 1, 'player_num': 1}
2022-10-23 18:20:35,341 : EventManager : Event: ======'player_shot_lane_bottom_5_enabled'====== Args={'value': True, 'prev_value': 0, 'change': 1, 'player_num': 1}
2022-10-23 18:20:35,341 : EventManager : Event: ======'player_pf_multiplier'====== Args={'value': 1, 'prev_value': 0, 'change': 1, 'player_num': 1}
2022-10-23 18:20:35,342 : EventManager : Event: ======'player_pf_multiplier2'====== Args={'value': 1, 'prev_value': 0, 'change': 1, 'player_num': 1}
2022-10-23 18:20:35,343 : EventManager : Event: ======'loading_assets'====== Args={'total': 1, 'loaded': 1, 'remaining': 0, 'percent': 100}
2022-10-23 18:20:35,343 : AssetManager : Asset loading took: 32.02255129814148
2022-10-23 18:20:35,343 : EventManager : Event: ======'asset_loading_complete'====== Args={}
2022-10-23 18:20:35,343 : AssetManager : Loading assets: 1/1 (100%)
2022-10-23 18:20:35,428 : EventManager : Event: ======'machine_var_audits_switches_s_plunger_lane'====== Args={'value': 139, 'prev_value': 138, 'change': 1}
2022-10-23 18:20:40,578 : EventManager : Event: ======'machine_var_audits_switches_s_toplane1'====== Args={'value': 252, 'prev_value': 251, 'change': 1}
2022-10-23 18:20:40,590 : EventManager : Event: ======'player_shot_lane_top_1'====== Args={'value': 1, 'prev_value': 0, 'change': 1, 'player_num': 1}
2022-10-23 18:20:40,590 : EventManager : Event: ======'machine_var_audits_shots_lane_top_1'====== Args={'value': 165, 'prev_value': 164, 'change': 1}
2022-10-23 18:20:40,590 : EventManager : Event: ======'player_score'====== Args={'value': 100, 'prev_value': 0, 'change': 100, 'player_num': 1}
2022-10-23 18:20:41,904 : EventManager : Event: ======'machine_var_audits_switches_s_toplane2'====== Args={'value': 158, 'prev_value': 157, 'change': 1}
2022-10-23 18:20:41,904 : EventManager : Event: ======'player_shot_lane_top_2'====== Args={'value': 1, 'prev_value': 0, 'change': 1, 'player_num': 1}
2022-10-23 18:20:41,904 : EventManager : Event: ======'machine_var_audits_shots_lane_top_2'====== Args={'value': 151, 'prev_value': 150, 'change': 1}
2022-10-23 18:20:41,904 : EventManager : Event: ======'player_score'====== Args={'value': 200, 'prev_value': 100, 'change': 100, 'player_num': 1}
2022-10-23 18:20:44,655 : EventManager : Event: ======'machine_var_audits_switches_s_toplane3'====== Args={'value': 137, 'prev_value': 136, 'change': 1}
2022-10-23 18:20:44,668 : EventManager : Event: ======'player_shot_lane_top_3'====== Args={'value': 1, 'prev_value': 0, 'change': 1, 'player_num': 1}
2022-10-23 18:20:44,668 : EventManager : Event: ======'machine_var_audits_shots_lane_top_3'====== Args={'value': 130, 'prev_value': 129, 'change': 1}
2022-10-23 18:20:44,668 : EventManager : Event: ======'player_score'====== Args={'value': 300, 'prev_value': 200, 'change': 100, 'player_num': 1}
2022-10-23 18:20:44,674 : mpfmc : Stopping...
2022-10-23 18:20:44,675 : EventManager : Event: ======'shutdown'====== Args={}
2022-10-23 18:20:44,676 : AudioInterface : Disabling audio playback
2022-10-23 18:20:44,830 : mpfmc : Loop rate 79.43 Hz
2022-10-23 18:20:44,830 : kivy : Base: Leaving application in progress...
2022-10-23 18:20:44,830 : kivy : Base: Leaving application in progress...
2022-10-23 18:20:44,831 : mpfmc : Stopping...
2022-10-23 18:20:44,831 : EventManager : Event: ======'shutdown'====== Args={}
2022-10-23 18:20:44,831 : mpfmc : Loop rate 79.43 Hz
2022-10-23 18:20:44,831 : kivy : MC run loop ended.
2022-10-23 18:20:44,831 : kivy : Stopping child threads... (2 remaining)
2022-10-23 18:20:45,494 : MPF-MC BCP Server : Stopping BCP sending thread
2022-10-23 18:20:45,535 : kivy : All child threads stopped.
