2022-09-25 09:09:34,373 : kivy : Factory: 186 symbols loaded
2022-09-25 09:09:34,630 : kivy : ImageLoaderFFPy: Using ffpyplayer 4.3.2
2022-09-25 09:09:34,631 : kivy : Image: Providers: img_tex, img_dds, img_sdl2, img_pil, img_ffpyplayer 
2022-09-25 09:09:34,711 : kivy : VideoGstplayer: Using Gstreamer 1.18.0.0
2022-09-25 09:09:34,711 : kivy : Video: Provider: gstplayer
2022-09-25 09:09:35,137 : kivy : Loading MPF-MC controller
2022-09-25 09:09:35,143 : YamlMultifileConfigLoader : Machine config file #1: config
2022-09-25 09:09:35,144 : ConfigProcessor : Config file in cache changed: C:\pinball\Pinball-MPF\mpfv1\config\config
2022-09-25 09:09:35,156 : ConfigProcessor : Loading config from file c:\Users\dorus\AppData\Local\Programs\Python\Python38\lib\site-packages\mpfmc\mcconfig.yaml.
2022-09-25 09:09:35,223 : ConfigProcessor : Loading config: c:\Users\dorus\AppData\Local\Programs\Python\Python38\lib\site-packages\mpfmc\mcconfig.yaml
2022-09-25 09:09:35,224 : ConfigProcessor : Loading config from file C:\pinball\Pinball-MPF\mpfv1\config\config.
2022-09-25 09:09:35,229 : ConfigProcessor : Loading config: C:\pinball\Pinball-MPF\mpfv1\config\config
2022-09-25 09:09:35,284 : ConfigProcessor : Loading config: C:\pinball\Pinball-MPF\mpfv1\config\hardware.yaml
2022-09-25 09:09:35,296 : ConfigProcessor : Loading config: C:\pinball\Pinball-MPF\mpfv1\config\sounds.yaml
2022-09-25 09:09:35,299 : ConfigProcessor : Loading config: C:\pinball\Pinball-MPF\mpfv1\config\display.yaml
2022-09-25 09:09:35,307 : ConfigProcessor : Loading config: C:\pinball\Pinball-MPF\mpfv1\config\keyboard.yaml
2022-09-25 09:09:35,311 : ConfigProcessor : Config file cache created: C:\Users\dorus\AppData\Local\Temp\f32a185fe7c15e1ddb52a61c9269bc7a.mpf_cache
2022-09-25 09:09:35,313 : ConfigProcessor : Loading config from cache: C:\Users\dorus\AppData\Local\Temp\553e7233ea46a134f7d567bdaac0e3b0.mpf_cache
2022-09-25 09:09:35,314 : ConfigProcessor : Loading config from cache: C:\Users\dorus\AppData\Local\Temp\07260a180478ebbc8de8f5df7d20f47d.mpf_cache
2022-09-25 09:09:35,315 : ConfigProcessor : Loading config from cache: C:\Users\dorus\AppData\Local\Temp\997bf01789d16ed996f231036966dd64.mpf_cache
2022-09-25 09:09:35,316 : ConfigProcessor : Loading config from cache: C:\Users\dorus\AppData\Local\Temp\99703a5eb7b45595525b767565d37410.mpf_cache
2022-09-25 09:09:35,317 : ConfigProcessor : Loading config from cache: C:\Users\dorus\AppData\Local\Temp\3bda3283678547d211760e16eb23b4da.mpf_cache
2022-09-25 09:09:35,329 : mpfmc : Mission Pinball Framework Media Controller v0.55.0
2022-09-25 09:09:35,329 : mpfmc : Mission Pinball Framework Game Engine v0.55.0
2022-09-25 09:09:35,329 : mpfmc : Machine path: C:\pinball\Pinball-MPF\mpfv1
2022-09-25 09:09:35,329 : mpfmc : Starting clock at 60.0Hz
2022-09-25 09:09:35,354 : kivy : Text: Provider: sdl2
2022-09-25 09:09:35,427 : kivy : Window: Provider: sdl2
2022-09-25 09:09:35,535 : kivy : GL: Using the "OpenGL" graphics system
2022-09-25 09:09:35,537 : kivy : GL: GLEW initialization succeeded
2022-09-25 09:09:35,537 : kivy : GL: Backend used <glew>
2022-09-25 09:09:35,538 : kivy : GL: OpenGL version <b'4.6.0 - Build 26.20.100.7372'>
2022-09-25 09:09:35,538 : kivy : GL: OpenGL vendor <b'Intel'>
2022-09-25 09:09:35,538 : kivy : GL: OpenGL renderer <b'Intel(R) UHD Graphics'>
2022-09-25 09:09:35,538 : kivy : GL: OpenGL parsed version: 4, 6
2022-09-25 09:09:35,538 : kivy : GL: Shading version <b'4.60 - Build 26.20.100.7372'>
2022-09-25 09:09:35,538 : kivy : GL: Texture max size <16384>
2022-09-25 09:09:35,538 : kivy : GL: Texture max units <32>
2022-09-25 09:09:35,577 : kivy : Window: auto add sdl2 input provider
2022-09-25 09:09:35,577 : kivy : Window: virtual keyboard not allowed, single mode, not docked
2022-09-25 09:09:35,871 : AudioInterface : Initialized
2022-09-25 09:09:35,872 : AudioInterface : Loaded SDL 2.0.12
2022-09-25 09:09:35,872 : AudioInterface : Loaded SDL_Mixer 2.0.4
2022-09-25 09:09:35,872 : AudioInterface : Loaded GStreamer 1.18.0.0
2022-09-25 09:09:35,872 : AudioInterface : Loaded GLib 2.62.6
2022-09-25 09:09:35,872 : AudioInterface : Settings requested - rate: 44100, channels: 1, buffer: 2048 samples
2022-09-25 09:09:35,872 : AudioInterface : Settings in use - rate: 44100, channels: 1, buffer: 2048 samples (4096 bytes @ 2 bytes per sample)
2022-09-25 09:09:35,872 : SoundSystem : Setting master volume to 0.0
2022-09-25 09:09:35,872 : SoundSystem : master_volume in sound_system is deprecated and will be removed in the future.
2022-09-25 09:09:35,872 : AudioInterface : Enabling audio playback
2022-09-25 09:09:35,874 : kivy : Base: Start application main loop
2022-09-25 09:09:35,874 : EventManager : Event: ======'display_window_initialized'====== Args={}
2022-09-25 09:09:35,887 : mpfmc : Display: Setting 'window' as default display
2022-09-25 09:09:35,894 : EventManager : Event: ======'displays_initialized'====== Args={}
2022-09-25 09:09:35,896 : EventManager : Event: ======'slide_window_blank_created'====== Args={}
2022-09-25 09:09:35,896 : EventManager : Event: ======'display_window_ready'====== Args={}
2022-09-25 09:09:35,905 : EventManager : Event: ======'init_phase_1'====== Args={}
2022-09-25 09:09:35,908 : EventManager : Event: ======'mc_ready'====== Args={}
2022-09-25 09:09:35,908 : EventManager : Event: ======'init_phase_2'====== Args={}
2022-09-25 09:09:35,910 : EventManager : Event: ======'init_phase_3'====== Args={}
2022-09-25 09:09:35,915 : EventManager : Event: ======'init_phase_4'====== Args={}
2022-09-25 09:09:35,915 : EventManager : Event: ======'init_phase_5'====== Args={}
2022-09-25 09:09:35,915 : EventManager : Event: ======'init_done'====== Args={}
2022-09-25 09:09:35,915 : MPF-MC BCP Server : Starting up on localhost port 5050
2022-09-25 09:09:35,919 : MPF-MC BCP Server : Waiting for a connection...
2022-09-25 09:09:35,919 : mpfmc : SlidePlayer: Play called with settings={'slides': {welcome_slide-None-None: {'priority': None, 'target': None, 'background_color': [0.0, 0.0, 0.0, 1.0], 'show': True, 'force': False, 'expire': None, 'slide': None, 'tokens': {}, 'action': 'play', 'transition': None, 'transition_out': None}}}
2022-09-25 09:09:35,923 : kivy : GL: NPOT texture support is available
2022-09-25 09:09:35,924 : EventManager : Event: ======'slide_welcome_slide_created'====== Args={}
2022-09-25 09:09:35,926 : EventManager : Event: ======'slide_welcome_slide_active'====== Args={}
2022-09-25 09:09:35,931 : EventManager : Event: ======'client_disconnected'====== Args={'host': '127.0.0.1', 'port': 5050}
2022-09-25 09:09:36,820 : MPF-MC BCP Server : Received connection from: 127.0.0.1:65333
2022-09-25 09:09:36,826 : EventManager : Event: ======'client_connected'====== Args={'host': '127.0.0.1', 'port': 65333}
2022-09-25 09:09:36,852 : EventManager : Event: ======'machine_var_credits_string'====== Args={'value': 'FREE PLAY', 'prev_value': None, 'change': True}
2022-09-25 09:09:36,852 : EventManager : Event: ======'machine_var_master_volume'====== Args={'value': 0.5, 'prev_value': None, 'change': True}
2022-09-25 09:09:36,852 : EventManager : Event: ======'machine_var_player1_score'====== Args={'value': 33100, 'prev_value': None, 'change': True}
2022-09-25 09:09:36,852 : EventManager : Event: ======'machine_var_mpf_version'====== Args={'value': 'MPF v0.55.0', 'prev_value': None, 'change': True}
2022-09-25 09:09:36,853 : EventManager : Event: ======'machine_var_mpf_extended_version'====== Args={'value': 'MPF v0.55.0, Config version:5, Show version: 5, BCP version:1.1', 'prev_value': None, 'change': True}
2022-09-25 09:09:36,853 : EventManager : Event: ======'machine_var_python_version'====== Args={'value': '3.8.10', 'prev_value': None, 'change': True}
2022-09-25 09:09:36,853 : EventManager : Event: ======'machine_var_platform'====== Args={'value': 'Windows-10-10.0.19044-SP0', 'prev_value': None, 'change': True}
2022-09-25 09:09:36,853 : EventManager : Event: ======'machine_var_platform_system'====== Args={'value': 'Windows', 'prev_value': None, 'change': True}
2022-09-25 09:09:36,853 : EventManager : Event: ======'machine_var_platform_release'====== Args={'value': '10', 'prev_value': None, 'change': True}
2022-09-25 09:09:36,853 : EventManager : Event: ======'machine_var_platform_version'====== Args={'value': '10.0.19044', 'prev_value': None, 'change': True}
2022-09-25 09:09:36,853 : EventManager : Event: ======'machine_var_platform_machine'====== Args={'value': 'AMD64', 'prev_value': None, 'change': True}
2022-09-25 09:09:36,854 : EventManager : Event: ======'machine_var_mc_version'====== Args={'value': 'MPF-MC v0.55.0', 'prev_value': None, 'change': True}
2022-09-25 09:09:36,854 : EventManager : Event: ======'machine_var_mc_extended_version'====== Args={'value': 'MPF-MC v0.55.0 (config_version=5, BCP v1.1, Requires MPF v0.55.0-dev.49)', 'prev_value': None, 'change': True}
2022-09-25 09:09:36,854 : SoundSystem : Setting master volume to 0.5
2022-09-25 09:09:36,956 : mpfmc : Stopping...
2022-09-25 09:09:36,956 : EventManager : Event: ======'shutdown'====== Args={}
2022-09-25 09:09:36,957 : AudioInterface : Disabling audio playback
2022-09-25 09:09:37,119 : mpfmc : Loop rate 70.65 Hz
2022-09-25 09:09:37,119 : kivy : Base: Leaving application in progress...
2022-09-25 09:09:37,119 : kivy : Base: Leaving application in progress...
2022-09-25 09:09:37,119 : mpfmc : Stopping...
2022-09-25 09:09:37,119 : EventManager : Event: ======'shutdown'====== Args={}
2022-09-25 09:09:37,120 : mpfmc : Loop rate 70.59 Hz
2022-09-25 09:09:37,120 : kivy : MC run loop ended.
2022-09-25 09:09:37,120 : kivy : Stopping child threads... (2 remaining)
2022-09-25 09:09:37,828 : MPF-MC BCP Server : Stopping BCP sending thread
2022-09-25 09:09:37,922 : kivy : All child threads stopped.
