2022-10-22 15:27:09,191 : kivy : Factory: 186 symbols loaded
2022-10-22 15:27:09,384 : kivy : ImageLoaderFFPy: Using ffpyplayer 4.3.2
2022-10-22 15:27:09,385 : kivy : Image: Providers: img_tex, img_dds, img_sdl2, img_pil, img_ffpyplayer 
2022-10-22 15:27:09,468 : kivy : VideoGstplayer: Using Gstreamer 1.18.0.0
2022-10-22 15:27:09,468 : kivy : Video: Provider: gstplayer
2022-10-22 15:27:09,911 : kivy : Loading MPF-MC controller
2022-10-22 15:27:09,915 : YamlMultifileConfigLoader : Machine config file #1: config
2022-10-22 15:27:09,915 : ConfigProcessor : Config file in cache changed: C:\Users\dorus\OneDrive\Documents\Pinball\Github\Pinball-MPF\mpfv1\config\config
2022-10-22 15:27:09,926 : ConfigProcessor : Loading config from file C:\Users\dorus\AppData\Local\Programs\Python\Python38\lib\site-packages\mpfmc\mcconfig.yaml.
2022-10-22 15:27:09,969 : ConfigProcessor : Loading config: C:\Users\dorus\AppData\Local\Programs\Python\Python38\lib\site-packages\mpfmc\mcconfig.yaml
2022-10-22 15:27:09,969 : ConfigProcessor : Loading config from file C:\Users\dorus\OneDrive\Documents\Pinball\Github\Pinball-MPF\mpfv1\config\config.
2022-10-22 15:27:09,973 : ConfigProcessor : Loading config: C:\Users\dorus\OneDrive\Documents\Pinball\Github\Pinball-MPF\mpfv1\config\config
2022-10-22 15:27:10,024 : ConfigProcessor : Loading config: C:\Users\dorus\OneDrive\Documents\Pinball\Github\Pinball-MPF\mpfv1\config\hardware.yaml
2022-10-22 15:27:10,050 : ConfigProcessor : Loading config: C:\Users\dorus\OneDrive\Documents\Pinball\Github\Pinball-MPF\mpfv1\config\sounds.yaml
2022-10-22 15:27:10,057 : ConfigProcessor : Loading config: C:\Users\dorus\OneDrive\Documents\Pinball\Github\Pinball-MPF\mpfv1\config\display.yaml
2022-10-22 15:27:10,073 : ConfigProcessor : Loading config: C:\Users\dorus\OneDrive\Documents\Pinball\Github\Pinball-MPF\mpfv1\config\keyboard.yaml
2022-10-22 15:27:10,097 : ConfigProcessor : Loading config: C:\Users\dorus\OneDrive\Documents\Pinball\Github\Pinball-MPF\mpfv1\config\slides.yaml
2022-10-22 15:27:10,104 : ConfigProcessor : Loading config: C:\Users\dorus\OneDrive\Documents\Pinball\Github\Pinball-MPF\mpfv1\config\light_shows.yaml
2022-10-22 15:27:10,108 : ConfigProcessor : Config file cache created: C:\Users\dorus\AppData\Local\Temp\7e51f468519621fe47191f26eea0f791.mpf_cache
2022-10-22 15:27:10,109 : ConfigProcessor : Loading config from cache: C:\Users\dorus\AppData\Local\Temp\69e5e641cece6cfbb9f28306d01595e4.mpf_cache
2022-10-22 15:27:10,110 : ConfigProcessor : Loading config from cache: C:\Users\dorus\AppData\Local\Temp\336e6d2601ccb63523c70814805acbf1.mpf_cache
2022-10-22 15:27:10,111 : ConfigProcessor : Loading config from cache: C:\Users\dorus\AppData\Local\Temp\8f8558ef7eb783a34103d845cb15f27a.mpf_cache
2022-10-22 15:27:10,112 : ConfigProcessor : Loading config from cache: C:\Users\dorus\AppData\Local\Temp\3f4ec0fd6e14e835699e1ee64ae7815f.mpf_cache
2022-10-22 15:27:10,113 : ConfigProcessor : Loading config from cache: C:\Users\dorus\AppData\Local\Temp\07450fdcdb716b1c510f1f1f728b03da.mpf_cache
2022-10-22 15:27:10,114 : mpfmc : Mission Pinball Framework Media Controller v0.55.0
2022-10-22 15:27:10,114 : mpfmc : Mission Pinball Framework Game Engine v0.55.0
2022-10-22 15:27:10,115 : mpfmc : Machine path: C:\Users\dorus\OneDrive\Documents\Pinball\Github\Pinball-MPF\mpfv1
2022-10-22 15:27:10,115 : mpfmc : Starting clock at 60.0Hz
2022-10-22 15:27:10,146 : kivy : Text: Provider: sdl2
2022-10-22 15:27:10,223 : kivy : Window: Provider: sdl2
2022-10-22 15:27:10,395 : kivy : GL: Using the "OpenGL" graphics system
2022-10-22 15:27:10,396 : kivy : GL: GLEW initialization succeeded
2022-10-22 15:27:10,397 : kivy : GL: Backend used <glew>
2022-10-22 15:27:10,397 : kivy : GL: OpenGL version <b'4.6.0 - Build 26.20.100.7372'>
2022-10-22 15:27:10,397 : kivy : GL: OpenGL vendor <b'Intel'>
2022-10-22 15:27:10,397 : kivy : GL: OpenGL renderer <b'Intel(R) UHD Graphics'>
2022-10-22 15:27:10,397 : kivy : GL: OpenGL parsed version: 4, 6
2022-10-22 15:27:10,397 : kivy : GL: Shading version <b'4.60 - Build 26.20.100.7372'>
2022-10-22 15:27:10,397 : kivy : GL: Texture max size <16384>
2022-10-22 15:27:10,397 : kivy : GL: Texture max units <32>
2022-10-22 15:27:10,447 : kivy : Window: auto add sdl2 input provider
2022-10-22 15:27:10,448 : kivy : Window: virtual keyboard not allowed, single mode, not docked
2022-10-22 15:27:10,777 : AudioInterface : Initialized
2022-10-22 15:27:10,777 : AudioInterface : Loaded SDL 2.0.12
2022-10-22 15:27:10,777 : AudioInterface : Loaded SDL_Mixer 2.0.4
2022-10-22 15:27:10,777 : AudioInterface : Loaded GStreamer 1.18.0.0
2022-10-22 15:27:10,777 : AudioInterface : Loaded GLib 2.62.6
2022-10-22 15:27:10,777 : AudioInterface : Settings requested - rate: 44100, channels: 1, buffer: 2048 samples
2022-10-22 15:27:10,777 : AudioInterface : Settings in use - rate: 44100, channels: 1, buffer: 2048 samples (4096 bytes @ 2 bytes per sample)
2022-10-22 15:27:10,778 : SoundSystem : Setting master volume to 0.0
2022-10-22 15:27:10,778 : SoundSystem : master_volume in sound_system is deprecated and will be removed in the future.
2022-10-22 15:27:10,778 : AudioInterface : Enabling audio playback
2022-10-22 15:27:10,779 : kivy : Base: Start application main loop
2022-10-22 15:27:10,780 : EventManager : Event: ======'display_default_initialized'====== Args={}
2022-10-22 15:27:10,795 : mpfmc : Display: Setting 'default' as default display
2022-10-22 15:27:10,802 : mpfmc : ASPECT RATIO MISMATCH: The on-screen window is not the same aspect ratio as the display called 'default'. The logical display will be scaled from 800x600 to the window size 1000x800, and a black bar will make up the difference
2022-10-22 15:27:10,805 : EventManager : Event: ======'displays_initialized'====== Args={}
2022-10-22 15:27:10,807 : EventManager : Event: ======'slide_default_blank_created'====== Args={}
2022-10-22 15:27:10,807 : EventManager : Event: ======'display_default_ready'====== Args={}
2022-10-22 15:27:10,822 : EventManager : Event: ======'init_phase_1'====== Args={}
2022-10-22 15:27:10,826 : EventManager : Event: ======'mc_ready'====== Args={}
2022-10-22 15:27:10,826 : EventManager : Event: ======'init_phase_2'====== Args={}
2022-10-22 15:27:10,827 : EventManager : Event: ======'init_phase_3'====== Args={}
2022-10-22 15:27:10,829 : EventManager : Event: ======'init_phase_4'====== Args={}
2022-10-22 15:27:10,829 : EventManager : Event: ======'init_phase_5'====== Args={}
2022-10-22 15:27:10,829 : EventManager : Event: ======'init_done'====== Args={}
2022-10-22 15:27:10,830 : MPF-MC BCP Server : Starting up on localhost port 5050
2022-10-22 15:27:10,836 : MPF-MC BCP Server : Waiting for a connection...
2022-10-22 15:27:10,836 : mpfmc : SlidePlayer: Play called with settings={'slides': {welcome_slide-None-None: {'priority': None, 'target': None, 'background_color': [0.0, 0.0, 0.0, 1.0], 'show': True, 'force': False, 'expire': None, 'slide': None, 'tokens': {}, 'action': 'play', 'transition': None, 'transition_out': None}}}
2022-10-22 15:27:10,841 : kivy : GL: NPOT texture support is available
2022-10-22 15:27:10,842 : EventManager : Event: ======'slide_welcome_slide_created'====== Args={}
2022-10-22 15:27:10,845 : EventManager : Event: ======'slide_welcome_slide_active'====== Args={}
2022-10-22 15:27:10,855 : EventManager : Event: ======'client_disconnected'====== Args={'host': '127.0.0.1', 'port': 5050}
2022-10-22 15:27:11,380 : MPF-MC BCP Server : Received connection from: 127.0.0.1:50194
2022-10-22 15:27:11,388 : EventManager : Event: ======'client_connected'====== Args={'host': '127.0.0.1', 'port': 50194}
2022-10-22 15:27:11,400 : EventManager : Event: ======'machine_var_credits_string'====== Args={'value': 'FREE PLAY', 'prev_value': None, 'change': True}
2022-10-22 15:27:11,400 : EventManager : Event: ======'machine_var_master_volume'====== Args={'value': 0.5, 'prev_value': None, 'change': True}
2022-10-22 15:27:11,400 : EventManager : Event: ======'machine_var_player1_score'====== Args={'value': 33100, 'prev_value': None, 'change': True}
2022-10-22 15:27:11,400 : EventManager : Event: ======'machine_var_mpf_version'====== Args={'value': 'MPF v0.55.0', 'prev_value': None, 'change': True}
2022-10-22 15:27:11,400 : EventManager : Event: ======'machine_var_mpf_extended_version'====== Args={'value': 'MPF v0.55.0, Config version:5, Show version: 5, BCP version:1.1', 'prev_value': None, 'change': True}
2022-10-22 15:27:11,400 : EventManager : Event: ======'machine_var_python_version'====== Args={'value': '3.8.10', 'prev_value': None, 'change': True}
2022-10-22 15:27:11,401 : EventManager : Event: ======'machine_var_platform'====== Args={'value': 'Windows-10-10.0.19044-SP0', 'prev_value': None, 'change': True}
2022-10-22 15:27:11,401 : EventManager : Event: ======'machine_var_platform_system'====== Args={'value': 'Windows', 'prev_value': None, 'change': True}
2022-10-22 15:27:11,401 : EventManager : Event: ======'machine_var_platform_release'====== Args={'value': '10', 'prev_value': None, 'change': True}
2022-10-22 15:27:11,401 : EventManager : Event: ======'machine_var_platform_version'====== Args={'value': '10.0.19044', 'prev_value': None, 'change': True}
2022-10-22 15:27:11,401 : EventManager : Event: ======'machine_var_platform_machine'====== Args={'value': 'AMD64', 'prev_value': None, 'change': True}
2022-10-22 15:27:11,401 : EventManager : Event: ======'machine_var_mc_version'====== Args={'value': 'MPF-MC v0.55.0', 'prev_value': None, 'change': True}
2022-10-22 15:27:11,401 : EventManager : Event: ======'machine_var_mc_extended_version'====== Args={'value': 'MPF-MC v0.55.0 (config_version=5, BCP v1.1, Requires MPF v0.55.0-dev.49)', 'prev_value': None, 'change': True}
2022-10-22 15:27:11,401 : SoundSystem : Setting master volume to 0.5
2022-10-22 15:27:11,499 : EventManager : Event: ======'machine_var_audits_events_game_ended'====== Args={'value': 0, 'prev_value': None, 'change': True}
2022-10-22 15:27:11,511 : EventManager : Event: ======'machine_var_audits_events_game_started'====== Args={'value': 0, 'prev_value': None, 'change': True}
2022-10-22 15:27:11,511 : EventManager : Event: ======'machine_var_audits_player_score'====== Args={'value': {'average': 26575.0, 'top': [41000, 33100, 31800, 31200, 27600, 20200, 17500, 10200], 'total': 8}, 'prev_value': None, 'change': True}
2022-10-22 15:27:11,511 : EventManager : Event: ======'machine_var_audits_shots_lane_top_1'====== Args={'value': 130, 'prev_value': None, 'change': True}
2022-10-22 15:27:11,511 : EventManager : Event: ======'machine_var_audits_shots_lane_top_2'====== Args={'value': 122, 'prev_value': None, 'change': True}
2022-10-22 15:27:11,511 : EventManager : Event: ======'machine_var_audits_shots_lane_top_3'====== Args={'value': 102, 'prev_value': None, 'change': True}
2022-10-22 15:27:11,511 : EventManager : Event: ======'machine_var_audits_shots_orbit'====== Args={'value': 23, 'prev_value': None, 'change': True}
2022-10-22 15:27:11,511 : EventManager : Event: ======'machine_var_audits_shots_spinner'====== Args={'value': 178, 'prev_value': None, 'change': True}
2022-10-22 15:27:11,511 : EventManager : Event: ======'machine_var_audits_switches_s_bottomlane1'====== Args={'value': 15, 'prev_value': None, 'change': True}
2022-10-22 15:27:11,511 : EventManager : Event: ======'machine_var_audits_switches_s_bottomlane2'====== Args={'value': 28, 'prev_value': None, 'change': True}
2022-10-22 15:27:11,511 : EventManager : Event: ======'machine_var_audits_switches_s_bottomlane3'====== Args={'value': 26, 'prev_value': None, 'change': True}
2022-10-22 15:27:11,511 : EventManager : Event: ======'machine_var_audits_switches_s_bottomlane4'====== Args={'value': 33, 'prev_value': None, 'change': True}
2022-10-22 15:27:11,511 : EventManager : Event: ======'machine_var_audits_switches_s_bottomlane5'====== Args={'value': 13, 'prev_value': None, 'change': True}
2022-10-22 15:27:11,511 : EventManager : Event: ======'machine_var_audits_switches_s_drop1'====== Args={'value': 35, 'prev_value': None, 'change': True}
2022-10-22 15:27:11,512 : EventManager : Event: ======'machine_var_audits_switches_s_drop2'====== Args={'value': 17, 'prev_value': None, 'change': True}
2022-10-22 15:27:11,512 : EventManager : Event: ======'machine_var_audits_switches_s_drop3'====== Args={'value': 15, 'prev_value': None, 'change': True}
2022-10-22 15:27:11,512 : EventManager : Event: ======'machine_var_audits_switches_s_launch'====== Args={'value': 11, 'prev_value': None, 'change': True}
2022-10-22 15:27:11,512 : EventManager : Event: ======'machine_var_audits_switches_s_left01'====== Args={'value': 26, 'prev_value': None, 'change': True}
2022-10-22 15:27:11,512 : EventManager : Event: ======'machine_var_audits_switches_s_left02'====== Args={'value': 27, 'prev_value': None, 'change': True}
2022-10-22 15:27:11,512 : EventManager : Event: ======'machine_var_audits_switches_s_left03'====== Args={'value': 20, 'prev_value': None, 'change': True}
2022-10-22 15:27:11,512 : EventManager : Event: ======'machine_var_audits_switches_s_left_sling'====== Args={'value': 55, 'prev_value': None, 'change': True}
2022-10-22 15:27:11,512 : EventManager : Event: ======'machine_var_audits_switches_s_orbit1'====== Args={'value': 45, 'prev_value': None, 'change': True}
2022-10-22 15:27:11,512 : EventManager : Event: ======'machine_var_audits_switches_s_orbit2'====== Args={'value': 0, 'prev_value': None, 'change': True}
2022-10-22 15:27:11,512 : EventManager : Event: ======'machine_var_audits_switches_s_plunger_lane'====== Args={'value': 93, 'prev_value': None, 'change': True}
2022-10-22 15:27:11,512 : EventManager : Event: ======'machine_var_audits_switches_s_popbumber_1'====== Args={'value': 58, 'prev_value': None, 'change': True}
2022-10-22 15:27:11,512 : EventManager : Event: ======'machine_var_audits_switches_s_popbumber_2'====== Args={'value': 94, 'prev_value': None, 'change': True}
2022-10-22 15:27:11,512 : EventManager : Event: ======'machine_var_audits_switches_s_popbumber_3'====== Args={'value': 35, 'prev_value': None, 'change': True}
2022-10-22 15:27:11,512 : EventManager : Event: ======'machine_var_audits_switches_s_ramp'====== Args={'value': 34, 'prev_value': None, 'change': True}
2022-10-22 15:27:11,512 : EventManager : Event: ======'machine_var_audits_switches_s_right_sling'====== Args={'value': 109, 'prev_value': None, 'change': True}
2022-10-22 15:27:11,512 : EventManager : Event: ======'machine_var_audits_switches_s_rigth01'====== Args={'value': 54, 'prev_value': None, 'change': True}
2022-10-22 15:27:11,512 : EventManager : Event: ======'machine_var_audits_switches_s_rigth02'====== Args={'value': 23, 'prev_value': None, 'change': True}
2022-10-22 15:27:11,512 : EventManager : Event: ======'machine_var_audits_switches_s_rigth03'====== Args={'value': 14, 'prev_value': None, 'change': True}
2022-10-22 15:27:11,513 : EventManager : Event: ======'machine_var_audits_switches_s_spinner'====== Args={'value': 271, 'prev_value': None, 'change': True}
2022-10-22 15:27:11,513 : EventManager : Event: ======'machine_var_audits_switches_s_start'====== Args={'value': 0, 'prev_value': None, 'change': True}
2022-10-22 15:27:11,513 : EventManager : Event: ======'machine_var_audits_switches_s_top'====== Args={'value': 11, 'prev_value': None, 'change': True}
2022-10-22 15:27:11,513 : EventManager : Event: ======'machine_var_audits_switches_s_toplane1'====== Args={'value': 217, 'prev_value': None, 'change': True}
2022-10-22 15:27:11,513 : EventManager : Event: ======'machine_var_audits_switches_s_toplane2'====== Args={'value': 129, 'prev_value': None, 'change': True}
2022-10-22 15:27:11,513 : EventManager : Event: ======'machine_var_audits_switches_s_toplane3'====== Args={'value': 109, 'prev_value': None, 'change': True}
2022-10-22 15:27:11,513 : EventManager : Event: ======'machine_var_audits_switches_s_trough1'====== Args={'value': 31, 'prev_value': None, 'change': True}
2022-10-22 15:27:11,513 : EventManager : Event: ======'machine_var_audits_switches_s_trough2'====== Args={'value': 34, 'prev_value': None, 'change': True}
2022-10-22 15:27:11,513 : EventManager : Event: ======'machine_var_audits_switches_s_trough3'====== Args={'value': 26, 'prev_value': None, 'change': True}
2022-10-22 15:27:11,513 : EventManager : Event: ======'machine_var_audits_switches_s_trough4'====== Args={'value': 39, 'prev_value': None, 'change': True}
2022-10-22 15:27:11,513 : EventManager : Event: ======'machine_var_audits_switches_s_trough5'====== Args={'value': 25, 'prev_value': None, 'change': True}
2022-10-22 15:27:11,513 : EventManager : Event: ======'machine_var_audits_switches_s_trough6'====== Args={'value': 24, 'prev_value': None, 'change': True}
2022-10-22 15:27:11,513 : EventManager : Event: ======'machine_var_audits_switches_s_trough_jam'====== Args={'value': 26, 'prev_value': None, 'change': True}
2022-10-22 15:27:11,513 : EventManager : Event: ======'machine_var_audits_switches_s_vukmid'====== Args={'value': 46, 'prev_value': None, 'change': True}
2022-10-22 15:27:11,513 : EventManager : Event: ======'machine_var_audits_switches_s_vuktop'====== Args={'value': 12, 'prev_value': None, 'change': True}
2022-10-22 15:27:11,523 : EventManager : Event: ======'slides_play'====== Args={'settings': {'welcome_slide': {'target': None, 'background_color': [0.0, 0.0, 0.0, 1.0], 'priority': None, 'show': True, 'force': False, 'expire': None, 'slide': None, 'tokens': {}, 'action': 'play'}}, 'context': '_global', 'calling_context': 'init_done', 'priority': 0}
2022-10-22 15:27:11,523 : EventManager : Event: ======'mc_reset_phase_1'====== Args={}
2022-10-22 15:27:11,523 : mpfmc : SlidePlayer: Play called with settings={'welcome_slide': {'target': None, 'background_color': [0.0, 0.0, 0.0, 1.0], 'priority': None, 'show': True, 'force': False, 'expire': None, 'slide': None, 'tokens': {}, 'action': 'play'}}
2022-10-22 15:27:11,523 : EventManager : Event: ======'slide_welcome_slide_removed'====== Args={}
2022-10-22 15:27:11,525 : EventManager : Event: ======'slide_welcome_slide_created'====== Args={}
2022-10-22 15:27:11,526 : EventManager : Event: ======'mc_reset_phase_2'====== Args={}
2022-10-22 15:27:11,526 : EventManager : Event: ======'mc_reset_phase_3'====== Args={}
2022-10-22 15:27:11,526 : EventManager : Event: ======'mc_reset_complete'====== Args={}
2022-10-22 15:27:11,526 : EventManager : Event: ======'slide_welcome_slide_active'====== Args={}
2022-10-22 15:27:11,542 : EventManager : Event: ======'slides_play'====== Args={'settings': {'awesome_slide': {'transition': {'type': 'push', 'duration': 1.0, 'direction': 'left', 'easing': 'out_quad'}, 'target': None, 'background_color': [0.0, 0.0, 0.0, 1.0], 'priority': None, 'show': True, 'force': False, 'expire': None, 'slide': None, 'tokens': {}, 'action': 'play'}}, 'context': 'show_2', 'calling_context': 0, 'priority': 10, 'show_tokens': {}, 'start_time': 1507.218}
2022-10-22 15:27:11,542 : EventManager : Event: ======'sounds_play'====== Args={'settings': {'musicslow': {'action': 'play', 'loops': -1, 'priority': None, 'block': False, 'delay': None, 'track': None, 'volume': None, 'pan': None, 'start_at': None, 'fade_in': None, 'fade_out': None, 'about_to_finish_time': -1.0, 'max_queue_time': -1.0, 'events_when_played': ['use_sound_setting'], 'events_when_stopped': ['use_sound_setting'], 'events_when_looping': ['use_sound_setting'], 'events_when_about_to_finish': ['use_sound_setting'], 'mode_end_action': 'use_sound_setting', 'key': 'use_sound_setting'}}, 'context': 'attract', 'calling_context': 'mode_attract_started', 'priority': 10}
2022-10-22 15:27:11,542 : EventManager : Event: ======'sounds_play'====== Args={'settings': {'musicslow': {'action': 'play', 'loops': -1, 'priority': None, 'block': False, 'delay': None, 'track': None, 'volume': None, 'pan': None, 'start_at': None, 'fade_in': None, 'fade_out': None, 'about_to_finish_time': -1.0, 'max_queue_time': -1.0, 'events_when_played': ['use_sound_setting'], 'events_when_stopped': ['use_sound_setting'], 'events_when_looping': ['use_sound_setting'], 'events_when_about_to_finish': ['use_sound_setting'], 'mode_end_action': 'use_sound_setting', 'key': 'use_sound_setting'}}, 'context': '_global', 'calling_context': 'mode_attract_started', 'priority': 0}
2022-10-22 15:27:11,542 : mpfmc : SlidePlayer: Play called with settings={'awesome_slide': {'transition': {'type': 'push', 'duration': 1.0, 'direction': 'left', 'easing': 'out_quad'}, 'target': None, 'background_color': [0.0, 0.0, 0.0, 1.0], 'priority': None, 'show': True, 'force': False, 'expire': None, 'slide': None, 'tokens': {}, 'action': 'play'}}
2022-10-22 15:27:11,546 : EventManager : Event: ======'slide_awesome_slide_created'====== Args={}
2022-10-22 15:27:11,547 : EventManager : Event: ======'slide_awesome_slide_active'====== Args={}
2022-10-22 15:27:11,671 : EventManager : Event: ======'loading_assets'====== Args={'total': 2, 'loaded': 1, 'remaining': 1, 'percent': 50}
2022-10-22 15:27:11,672 : AssetManager : Loading assets: 1/2 (50%)
2022-10-22 15:27:11,672 : EventManager : Event: ======'loading_assets'====== Args={'total': 2, 'loaded': 2, 'remaining': 0, 'percent': 100}
2022-10-22 15:27:11,672 : AssetManager : Asset loading took: 0.8941690921783447
2022-10-22 15:27:11,672 : EventManager : Event: ======'asset_loading_complete'====== Args={}
2022-10-22 15:27:11,672 : AssetManager : Loading assets: 2/2 (100%)
2022-10-22 15:27:14,516 : EventManager : Event: ======'slides_play'====== Args={'settings': {'press_start': {'transition': {'type': 'move_in', 'duration': 1.0, 'direction': 'right', 'easing': 'out_quad'}, 'target': None, 'background_color': [0.0, 0.0, 0.0, 1.0], 'priority': None, 'show': True, 'force': False, 'expire': None, 'slide': None, 'tokens': {}, 'action': 'play'}}, 'context': 'show_2', 'calling_context': 1, 'priority': 10, 'show_tokens': {}, 'start_time': 1510.218}
2022-10-22 15:27:14,516 : mpfmc : SlidePlayer: Play called with settings={'press_start': {'transition': {'type': 'move_in', 'duration': 1.0, 'direction': 'right', 'easing': 'out_quad'}, 'target': None, 'background_color': [0.0, 0.0, 0.0, 1.0], 'priority': None, 'show': True, 'force': False, 'expire': None, 'slide': None, 'tokens': {}, 'action': 'play'}}
2022-10-22 15:27:14,522 : EventManager : Event: ======'slide_press_start_created'====== Args={}
2022-10-22 15:27:14,523 : EventManager : Event: ======'slide_press_start_active'====== Args={}
2022-10-22 15:27:17,546 : EventManager : Event: ======'slides_play'====== Args={'settings': {'mission_pinball': {'transition': {'type': 'move_in', 'duration': 1.0, 'direction': 'top', 'easing': 'out_quad'}, 'target': None, 'background_color': [0.0, 0.0, 0.0, 1.0], 'priority': None, 'show': True, 'force': False, 'expire': None, 'slide': None, 'tokens': {}, 'action': 'play'}}, 'context': 'show_2', 'calling_context': 2, 'priority': 10, 'show_tokens': {}, 'start_time': 1513.218}
2022-10-22 15:27:17,546 : mpfmc : SlidePlayer: Play called with settings={'mission_pinball': {'transition': {'type': 'move_in', 'duration': 1.0, 'direction': 'top', 'easing': 'out_quad'}, 'target': None, 'background_color': [0.0, 0.0, 0.0, 1.0], 'priority': None, 'show': True, 'force': False, 'expire': None, 'slide': None, 'tokens': {}, 'action': 'play'}}
2022-10-22 15:27:17,551 : EventManager : Event: ======'slide_mission_pinball_created'====== Args={}
2022-10-22 15:27:17,552 : EventManager : Event: ======'slide_mission_pinball_active'====== Args={}
2022-10-22 15:27:20,538 : EventManager : Event: ======'slides_play'====== Args={'settings': {'awesome_slide': {'transition': {'type': 'push', 'duration': 1.0, 'direction': 'left', 'easing': 'out_quad'}, 'target': None, 'background_color': [0.0, 0.0, 0.0, 1.0], 'priority': None, 'show': True, 'force': False, 'expire': None, 'slide': None, 'tokens': {}, 'action': 'play'}}, 'context': 'show_2', 'calling_context': 0, 'priority': 10, 'show_tokens': {}, 'start_time': 1516.218}
2022-10-22 15:27:20,538 : mpfmc : SlidePlayer: Play called with settings={'awesome_slide': {'transition': {'type': 'push', 'duration': 1.0, 'direction': 'left', 'easing': 'out_quad'}, 'target': None, 'background_color': [0.0, 0.0, 0.0, 1.0], 'priority': None, 'show': True, 'force': False, 'expire': None, 'slide': None, 'tokens': {}, 'action': 'play'}}
2022-10-22 15:27:20,539 : EventManager : Event: ======'slide_awesome_slide_removed'====== Args={}
2022-10-22 15:27:20,542 : EventManager : Event: ======'slide_awesome_slide_created'====== Args={}
2022-10-22 15:27:20,543 : EventManager : Event: ======'slide_awesome_slide_active'====== Args={}
2022-10-22 15:27:21,780 : EventManager : Event: ======'game_started'====== Args={}
2022-10-22 15:27:21,792 : EventManager : Event: ======'slides_clear'====== Args={'context': 'show_2'}
2022-10-22 15:27:21,792 : EventManager : Event: ======'sounds_clear'====== Args={'context': 'attract'}
2022-10-22 15:27:21,792 : EventManager : Event: ======'sounds_play'====== Args={'settings': {'musicslow': {'action': 'stop', 'priority': None, 'block': False, 'delay': None, 'track': None, 'volume': None, 'pan': None, 'loops': None, 'start_at': None, 'fade_in': None, 'fade_out': None, 'about_to_finish_time': -1.0, 'max_queue_time': -1.0, 'events_when_played': ['use_sound_setting'], 'events_when_stopped': ['use_sound_setting'], 'events_when_looping': ['use_sound_setting'], 'events_when_about_to_finish': ['use_sound_setting'], 'mode_end_action': 'use_sound_setting', 'key': 'use_sound_setting'}}, 'context': '_global', 'calling_context': 'mode_attract_stopped', 'priority': 0}
2022-10-22 15:27:21,793 : EventManager : Event: ======'slide_press_start_removed'====== Args={}
2022-10-22 15:27:21,793 : EventManager : Event: ======'slide_mission_pinball_removed'====== Args={}
2022-10-22 15:27:21,793 : EventManager : Event: ======'slide_awesome_slide_removed'====== Args={}
2022-10-22 15:27:21,794 : EventManager : Event: ======'slide_welcome_slide_active'====== Args={}
2022-10-22 15:27:21,804 : EventManager : Event: ======'player_added'====== Args={'player': <Player 1>, 'num': 1}
2022-10-22 15:27:21,804 : EventManager : Event: ======'player_index'====== Args={'value': 0, 'prev_value': 0, 'change': 0, 'player_num': 1}
2022-10-22 15:27:21,804 : EventManager : Event: ======'player_number'====== Args={'value': 1, 'prev_value': 1, 'change': 0, 'player_num': 1}
2022-10-22 15:27:21,804 : EventManager : Event: ======'player_score'====== Args={'value': 0, 'prev_value': 0, 'change': 0, 'player_num': 1}
2022-10-22 15:27:21,828 : EventManager : Event: ======'player_ball'====== Args={'value': 1, 'prev_value': 0, 'change': 1, 'player_num': 1}
2022-10-22 15:27:21,828 : EventManager : Event: ======'player_turn_start'====== Args={'number': 1, 'player': <Player 1>}
2022-10-22 15:27:21,828 : EventManager : Event: ======'player_shot_spinner_enabled'====== Args={'value': True, 'prev_value': 0, 'change': 1, 'player_num': 1}
2022-10-22 15:27:21,841 : EventManager : Event: ======'player_shot_orbit_enabled'====== Args={'value': True, 'prev_value': 0, 'change': 1, 'player_num': 1}
2022-10-22 15:27:21,841 : EventManager : Event: ======'slides_play'====== Args={'settings': {'mode_base_started_slide': {'target': None, 'background_color': [0.0, 0.0, 0.0, 1.0], 'priority': None, 'show': True, 'force': False, 'expire': None, 'slide': None, 'tokens': {}, 'action': 'play'}}, 'context': 'base', 'calling_context': 'mode_base_started', 'priority': 100, 'queue': '<QueuedEvent>', 'player': 1, 'ball': 1, 'balls_remaining': 2, 'is_extra_ball': False}
2022-10-22 15:27:21,841 : EventManager : Event: ======'sounds_play'====== Args={'settings': {'musicfast': {'action': 'play', 'loops': -1, 'priority': None, 'block': False, 'delay': None, 'track': None, 'volume': None, 'pan': None, 'start_at': None, 'fade_in': None, 'fade_out': None, 'about_to_finish_time': -1.0, 'max_queue_time': -1.0, 'events_when_played': ['use_sound_setting'], 'events_when_stopped': ['use_sound_setting'], 'events_when_looping': ['use_sound_setting'], 'events_when_about_to_finish': ['use_sound_setting'], 'mode_end_action': 'use_sound_setting', 'key': 'use_sound_setting'}}, 'context': '_global', 'calling_context': 'mode_base_started', 'priority': 0, 'queue': '<QueuedEvent>', 'player': 1, 'ball': 1, 'balls_remaining': 2, 'is_extra_ball': False}
2022-10-22 15:27:21,841 : EventManager : Event: ======'player_shot_lane_top_1_enabled'====== Args={'value': True, 'prev_value': 0, 'change': 1, 'player_num': 1}
2022-10-22 15:27:21,841 : EventManager : Event: ======'player_shot_lane_top_2_enabled'====== Args={'value': True, 'prev_value': 0, 'change': 1, 'player_num': 1}
2022-10-22 15:27:21,842 : EventManager : Event: ======'player_shot_lane_top_3_enabled'====== Args={'value': True, 'prev_value': 0, 'change': 1, 'player_num': 1}
2022-10-22 15:27:21,842 : mpfmc : SlidePlayer: Play called with settings={'mode_base_started_slide': {'target': None, 'background_color': [0.0, 0.0, 0.0, 1.0], 'priority': None, 'show': True, 'force': False, 'expire': None, 'slide': None, 'tokens': {}, 'action': 'play'}}
2022-10-22 15:27:21,847 : EventManager : Event: ======'slide_mode_base_started_slide_created'====== Args={}
2022-10-22 15:27:21,850 : EventManager : Event: ======'slide_mode_base_started_slide_active'====== Args={}
2022-10-22 15:27:21,863 : EventManager : Event: ======'loading_assets'====== Args={'total': 1, 'loaded': 1, 'remaining': 0, 'percent': 100}
2022-10-22 15:27:21,863 : AssetManager : Asset loading took: 11.085300922393799
2022-10-22 15:27:21,863 : EventManager : Event: ======'asset_loading_complete'====== Args={}
2022-10-22 15:27:21,863 : AssetManager : Loading assets: 1/1 (100%)
2022-10-22 15:27:21,876 : EventManager : Event: ======'player_pf_multiplier'====== Args={'value': 1, 'prev_value': 0, 'change': 1, 'player_num': 1}
2022-10-22 15:27:21,988 : EventManager : Event: ======'machine_var_audits_switches_s_plunger_lane'====== Args={'value': 94, 'prev_value': 93, 'change': 1}
2022-10-22 15:27:27,336 : kivy : Base: Leaving application in progress...
2022-10-22 15:27:27,562 : mpfmc : Stopping...
2022-10-22 15:27:27,563 : EventManager : Event: ======'shutdown'====== Args={}
2022-10-22 15:27:27,563 : AudioInterface : Disabling audio playback
2022-10-22 15:27:27,563 : mpfmc : Loop rate 79.12 Hz
2022-10-22 15:27:27,563 : kivy : MC run loop ended.
2022-10-22 15:27:27,563 : kivy : Stopping child threads... (3 remaining)
2022-10-22 15:27:28,138 : mpfmc : Stopping...
2022-10-22 15:27:28,138 : EventManager : Event: ======'shutdown'====== Args={}
2022-10-22 15:27:28,138 : mpfmc : Loop rate 76.5 Hz
2022-10-22 15:27:28,148 : MPF-MC BCP Server : Stopping BCP sending thread
2022-10-22 15:27:28,234 : kivy : All child threads stopped.
