2022-09-16 15:58:30,366 : INFO : root : Loading config.
2022-09-16 15:58:30,370 : INFO : YamlMultifileConfigLoader : Machine config file #1: config.yaml
2022-09-16 15:58:30,371 : INFO : ConfigProcessor : Loading config from cache: C:\Users\dorus\AppData\Local\Temp\0aa359e6326ef14bcc36d32fc9dec35b.mpf_cache
2022-09-16 15:58:30,377 : WARNING : ConfigProcessor : Config file in cache changed: C:\pinball\mpfv1\config\keyboard.yaml
2022-09-16 15:58:30,377 : INFO : ConfigProcessor : Loading config from file C:\Users\dorus\AppData\Local\Programs\Python\Python38\lib\site-packages\mpf\mpfconfig.yaml.
2022-09-16 15:58:30,433 : INFO : ConfigProcessor : Loading config: C:\Users\dorus\AppData\Local\Programs\Python\Python38\lib\site-packages\mpf\mpfconfig.yaml
2022-09-16 15:58:30,433 : INFO : ConfigProcessor : Loading config from file C:\pinball\mpfv1\config\config.yaml.
2022-09-16 15:58:30,436 : INFO : ConfigProcessor : Loading config: C:\pinball\mpfv1\config\config.yaml
2022-09-16 15:58:30,459 : INFO : ConfigProcessor : Loading config: C:\pinball\mpfv1\config\hardware.yaml
2022-09-16 15:58:30,467 : INFO : ConfigProcessor : Loading config: C:\pinball\mpfv1\config\sounds.yaml
2022-09-16 15:58:30,470 : INFO : ConfigProcessor : Loading config: C:\pinball\mpfv1\config\display.yaml
2022-09-16 15:58:30,480 : INFO : ConfigProcessor : Loading config: C:\pinball\mpfv1\config\keyboard.yaml
2022-09-16 15:58:30,482 : INFO : ConfigProcessor : Config file cache created: C:\Users\dorus\AppData\Local\Temp\0aa359e6326ef14bcc36d32fc9dec35b.mpf_cache
2022-09-16 15:58:30,572 : INFO : ConfigProcessor : Loading config from cache: C:\Users\dorus\AppData\Local\Temp\5eb3439dbf16142704b5198a23e9a58c.mpf_cache
2022-09-16 15:58:30,573 : INFO : ConfigProcessor : Loading config from cache: C:\Users\dorus\AppData\Local\Temp\336e6d2601ccb63523c70814805acbf1.mpf_cache
2022-09-16 15:58:30,574 : INFO : ConfigProcessor : Loading config from cache: C:\Users\dorus\AppData\Local\Temp\d4952d0b9ea6ba2ec58a4f9adbee2d8a.mpf_cache
2022-09-16 15:58:30,575 : INFO : ConfigProcessor : Loading config from cache: C:\Users\dorus\AppData\Local\Temp\f88a77831ebd1fc65525f08072013dbd.mpf_cache
2022-09-16 15:58:30,576 : INFO : Machine : Mission Pinball Framework Core Engine v0.55.0
2022-09-16 15:58:30,576 : INFO : Machine : Command line arguments: {'no_load_cache': False, 'create_config_cache': True, 'bcp': True, 'configfile': ['config.yaml'], 'force_assets_load': False, 'jsonlogging': False, 'logfile': 'logs\\2022-09-16-15-58-30-mpf-LAPTOP-AS8QDAQG.log', 'pause': False, 'production': False, 'text_ui': True, 'loglevel': 15, 'consoleloglevel': 20, 'force_platform': None, 'syslog_address': None, 'mc_file_name': None, 'no_sound': False}
2022-09-16 15:58:30,576 : INFO : Machine : MPF path: C:\Users\dorus\AppData\Local\Programs\Python\Python38\lib\site-packages\mpf
2022-09-16 15:58:30,576 : INFO : Machine : Machine path: C:\pinball\mpfv1
2022-09-16 15:58:30,576 : INFO : Machine : Platform: win32
2022-09-16 15:58:30,576 : INFO : Machine : Python executable location: C:\Users\dorus\AppData\Local\Programs\Python\Python38\python.exe
2022-09-16 15:58:30,576 : INFO : Machine : Python version: 3.8.10 (64-bit)
2022-09-16 15:58:30,578 : INFO : Machine : Initialise MPF.
2022-09-16 15:58:30,717 : INFO : OPP : Connecting to COM7 at 115200bps
2022-09-16 15:58:49,376 : INFO : Machine : Starting the main run loop.
2022-09-16 15:58:49,377 : INFO : Machine : Shutting down...
2022-09-16 15:58:49,377 : INFO : EventManager : Event: ======'shutdown'====== Args={}
2022-09-16 15:58:49,385 : INFO : root : MPF run loop ended.
