2022-10-23 14:30:11,387 : INFO : root : Loading config.
2022-10-23 14:30:11,401 : INFO : YamlMultifileConfigLoader : Machine config file #1: config.yaml
2022-10-23 14:30:11,401 : INFO : ConfigProcessor : Loading config from cache: C:\Users\dorus\AppData\Local\Temp\e2a46ea082c19f5103dd0f83869ccd8e.mpf_cache
2022-10-23 14:30:11,412 : WARNING : ConfigProcessor : Config file in cache changed: C:\Users\dorus\OneDrive\Documents\Pinball\Github\Pinball-MPF\mpfv1\config\slides.yaml
2022-10-23 14:30:11,412 : INFO : ConfigProcessor : Loading config from file C:\Users\dorus\AppData\Local\Programs\Python\Python38\lib\site-packages\mpf\mpfconfig.yaml.
2022-10-23 14:30:11,469 : INFO : ConfigProcessor : Loading config: C:\Users\dorus\AppData\Local\Programs\Python\Python38\lib\site-packages\mpf\mpfconfig.yaml
2022-10-23 14:30:11,470 : INFO : ConfigProcessor : Loading config from file C:\Users\dorus\OneDrive\Documents\Pinball\Github\Pinball-MPF\mpfv1\config\config.yaml.
2022-10-23 14:30:11,473 : INFO : ConfigProcessor : Loading config: C:\Users\dorus\OneDrive\Documents\Pinball\Github\Pinball-MPF\mpfv1\config\config.yaml
2022-10-23 14:30:11,497 : INFO : ConfigProcessor : Loading config: C:\Users\dorus\OneDrive\Documents\Pinball\Github\Pinball-MPF\mpfv1\config\hardware.yaml
2022-10-23 14:30:11,506 : INFO : ConfigProcessor : Loading config: C:\Users\dorus\OneDrive\Documents\Pinball\Github\Pinball-MPF\mpfv1\config\sounds.yaml
2022-10-23 14:30:11,512 : INFO : ConfigProcessor : Loading config: C:\Users\dorus\OneDrive\Documents\Pinball\Github\Pinball-MPF\mpfv1\config\display.yaml
2022-10-23 14:30:11,519 : INFO : ConfigProcessor : Loading config: C:\Users\dorus\OneDrive\Documents\Pinball\Github\Pinball-MPF\mpfv1\config\keyboard.yaml
2022-10-23 14:30:11,540 : INFO : ConfigProcessor : Loading config: C:\Users\dorus\OneDrive\Documents\Pinball\Github\Pinball-MPF\mpfv1\config\slides.yaml
2022-10-23 14:30:11,543 : INFO : ConfigProcessor : Loading config: C:\Users\dorus\OneDrive\Documents\Pinball\Github\Pinball-MPF\mpfv1\config\light_shows.yaml
2022-10-23 14:30:11,546 : INFO : ConfigProcessor : Config file cache created: C:\Users\dorus\AppData\Local\Temp\e2a46ea082c19f5103dd0f83869ccd8e.mpf_cache
2022-10-23 14:30:11,626 : INFO : ConfigProcessor : Loading config from cache: C:\Users\dorus\AppData\Local\Temp\69e5e641cece6cfbb9f28306d01595e4.mpf_cache
2022-10-23 14:30:11,627 : INFO : ConfigProcessor : Loading config from cache: C:\Users\dorus\AppData\Local\Temp\336e6d2601ccb63523c70814805acbf1.mpf_cache
2022-10-23 14:30:11,628 : INFO : ConfigProcessor : Loading config from cache: C:\Users\dorus\AppData\Local\Temp\8f8558ef7eb783a34103d845cb15f27a.mpf_cache
2022-10-23 14:30:11,629 : INFO : ConfigProcessor : Loading config from cache: C:\Users\dorus\AppData\Local\Temp\3f4ec0fd6e14e835699e1ee64ae7815f.mpf_cache
2022-10-23 14:30:11,630 : INFO : ConfigProcessor : Loading config from cache: C:\Users\dorus\AppData\Local\Temp\07450fdcdb716b1c510f1f1f728b03da.mpf_cache
2022-10-23 14:30:11,631 : WARNING : ConfigProcessor : Config file in cache changed: C:\Users\dorus\OneDrive\Documents\Pinball\Github\Pinball-MPF\mpfv1\modes\attract\shows\.\attract_display_loop.yaml
2022-10-23 14:30:11,631 : INFO : ConfigProcessor : Loading config from file C:\Users\dorus\OneDrive\Documents\Pinball\Github\Pinball-MPF\mpfv1\modes\attract\shows\.\attract_display_loop.yaml.
2022-10-23 14:30:11,636 : INFO : ConfigProcessor : Loading config: C:\Users\dorus\OneDrive\Documents\Pinball\Github\Pinball-MPF\mpfv1\modes\attract\shows\.\attract_display_loop.yaml
2022-10-23 14:30:11,637 : INFO : ConfigProcessor : Config file cache created: C:\Users\dorus\AppData\Local\Temp\26dc7d91d16a8c3848757fce5df95f92.mpf_cache
2022-10-23 14:30:11,637 : INFO : Machine : Mission Pinball Framework Core Engine v0.55.0
2022-10-23 14:30:11,637 : INFO : Machine : Command line arguments: {'no_load_cache': False, 'create_config_cache': True, 'bcp': True, 'configfile': ['config.yaml'], 'force_assets_load': False, 'jsonlogging': False, 'logfile': 'logs\\2022-10-23-14-30-11-mpf-LAPTOP-AS8QDAQG.log', 'pause': False, 'production': False, 'text_ui': True, 'loglevel': 15, 'consoleloglevel': 20, 'force_platform': 'smart_virtual', 'syslog_address': None, 'mc_file_name': None, 'no_sound': False}
2022-10-23 14:30:11,637 : INFO : Machine : MPF path: C:\Users\dorus\AppData\Local\Programs\Python\Python38\lib\site-packages\mpf
2022-10-23 14:30:11,638 : INFO : Machine : Machine path: C:\Users\dorus\OneDrive\Documents\Pinball\Github\Pinball-MPF\mpfv1
2022-10-23 14:30:11,638 : INFO : Machine : Platform: win32
2022-10-23 14:30:11,638 : INFO : Machine : Python executable location: C:\Users\dorus\AppData\Local\Programs\Python\Python38\python.exe
2022-10-23 14:30:11,638 : INFO : Machine : Python version: 3.8.10 (64-bit)
2022-10-23 14:30:11,640 : INFO : Machine : Initialise MPF.
2022-10-23 14:30:11,777 : INFO : EventManager : Event: ======'machine_var_credits_string'====== Args={'value': 'FREE PLAY', 'prev_value': None, 'change': True}
2022-10-23 14:30:11,826 : INFO : EventManager : Event: ======'machine_var_master_volume'====== Args={'value': 0.5, 'prev_value': None, 'change': True}
2022-10-23 14:30:11,826 : INFO : EventManager : Event: ======'machine_var_player1_score'====== Args={'value': 0, 'prev_value': None, 'change': True}
2022-10-23 14:30:11,827 : INFO : EventManager : Event: ======'machine_var_mpf_version'====== Args={'value': 'MPF v0.55.0', 'prev_value': None, 'change': True}
2022-10-23 14:30:11,827 : INFO : EventManager : Event: ======'machine_var_mpf_extended_version'====== Args={'value': 'MPF v0.55.0, Config version:5, Show version: 5, BCP version:1.1', 'prev_value': None, 'change': True}
2022-10-23 14:30:11,827 : INFO : EventManager : Event: ======'machine_var_python_version'====== Args={'value': '3.8.10', 'prev_value': None, 'change': True}
2022-10-23 14:30:11,837 : INFO : EventManager : Event: ======'machine_var_platform'====== Args={'value': 'Windows-10-10.0.19044-SP0', 'prev_value': None, 'change': True}
2022-10-23 14:30:11,837 : INFO : EventManager : Event: ======'machine_var_platform_system'====== Args={'value': 'Windows', 'prev_value': None, 'change': True}
2022-10-23 14:30:11,837 : INFO : EventManager : Event: ======'machine_var_platform_release'====== Args={'value': '10', 'prev_value': None, 'change': True}
2022-10-23 14:30:11,837 : INFO : EventManager : Event: ======'machine_var_platform_version'====== Args={'value': '10.0.19044', 'prev_value': None, 'change': True}
2022-10-23 14:30:11,837 : INFO : EventManager : Event: ======'machine_var_platform_machine'====== Args={'value': 'AMD64', 'prev_value': None, 'change': True}
2022-10-23 14:30:11,837 : INFO : EventManager : Event: ======'init_phase_1'====== Args={}
2022-10-23 14:30:11,855 : INFO : EventManager : Event: ======'drop_target_bank_db_dropbank_up'====== Args={}
2022-10-23 14:30:11,857 : INFO : EventManager : Event: ======'init_phase_2'====== Args={}
2022-10-23 14:30:11,857 : INFO : SwitchController : Found active switch: ('2-0-19', <Platform.SmartVirtual>) <switch.s_trough1>
2022-10-23 14:30:11,857 : INFO : SwitchController : Found active switch: ('2-0-20', <Platform.SmartVirtual>) <switch.s_trough2>
2022-10-23 14:30:11,857 : INFO : SwitchController : Found active switch: ('2-0-21', <Platform.SmartVirtual>) <switch.s_trough3>
2022-10-23 14:30:11,857 : INFO : SwitchController : Found active switch: ('2-0-22', <Platform.SmartVirtual>) <switch.s_trough4>
2022-10-23 14:30:11,860 : INFO : EventManager : Event: ======'bcp_connection_attempt'====== Args={'name': 'local_display', 'host': 'localhost', 'port': 5050}
2022-10-23 14:30:11,862 : INFO : BCPClientSocket : Connecting BCP to 'local_display' at localhost:5050...
2022-10-23 14:30:13,898 : INFO : BCPClientSocket : Connected BCP to 'local_display' localhost:5050
2022-10-23 14:30:13,899 : INFO : EventManager : Event: ======'bcp_clients_connected'====== Args={}
2022-10-23 14:30:13,909 : INFO : ball_device.bd_trough : BCH: Initial count: 4
2022-10-23 14:30:13,909 : INFO : EventManager : Event: ======'machine_var_mc_version'====== Args={'value': 'MPF-MC v0.55.0', 'prev_value': None, 'change': True}
2022-10-23 14:30:13,910 : INFO : EventManager : Event: ======'machine_var_mc_extended_version'====== Args={'value': 'MPF-MC v0.55.0 (config_version=5, BCP v1.1, Requires MPF v0.55.0-dev.49)', 'prev_value': None, 'change': True}
2022-10-23 14:30:13,911 : INFO : ball_device.bd_trough : State: idle
2022-10-23 14:30:13,919 : INFO : ball_device.bd_plunger : BCH: Initial count: 0
2022-10-23 14:30:13,919 : INFO : ball_device.bd_plunger : State: idle
2022-10-23 14:30:13,920 : INFO : ball_device.bd_vukmid : BCH: Initial count: 0
2022-10-23 14:30:13,920 : INFO : ball_device.bd_vukmid : State: idle
2022-10-23 14:30:13,920 : INFO : ball_device.bd_vuktop : BCH: Initial count: 0
2022-10-23 14:30:13,921 : INFO : ball_device.bd_vuktop : State: idle
2022-10-23 14:30:14,010 : INFO : EventManager : Event: ======'init_phase_3'====== Args={}
2022-10-23 14:30:14,012 : INFO : EventManager : Event: ======'init_phase_4'====== Args={}
2022-10-23 14:30:14,013 : INFO : EventManager : Event: ======'playfield_active'====== Args={}
2022-10-23 14:30:14,013 : INFO : EventManager : Event: ======'unexpected_ball_on_playfield'====== Args={}
2022-10-23 14:30:14,013 : INFO : EventManager : Event: ======'playfield_active'====== Args={}
2022-10-23 14:30:14,013 : INFO : EventManager : Event: ======'unexpected_ball_on_playfield'====== Args={}
2022-10-23 14:30:14,013 : INFO : EventManager : Event: ======'playfield_active'====== Args={}
2022-10-23 14:30:14,013 : INFO : EventManager : Event: ======'unexpected_ball_on_playfield'====== Args={}
2022-10-23 14:30:14,013 : INFO : BallController : Initial balls found: 4
2022-10-23 14:30:14,014 : INFO : EventManager : Event: ======'machine_var_audits_events_game_ended'====== Args={'value': 0, 'prev_value': None, 'change': True}
2022-10-23 14:30:14,014 : INFO : EventManager : Event: ======'machine_var_audits_events_game_started'====== Args={'value': 0, 'prev_value': None, 'change': True}
2022-10-23 14:30:14,014 : INFO : EventManager : Event: ======'machine_var_audits_player_score'====== Args={'value': {'average': 23622.222222222223, 'top': [41000, 33100, 31800, 31200, 27600, 20200, 17500, 10200, 0], 'total': 9}, 'prev_value': None, 'change': True}
2022-10-23 14:30:14,014 : INFO : EventManager : Event: ======'machine_var_audits_shots_lane_top_1'====== Args={'value': 130, 'prev_value': None, 'change': True}
2022-10-23 14:30:14,015 : INFO : EventManager : Event: ======'machine_var_audits_shots_lane_top_2'====== Args={'value': 122, 'prev_value': None, 'change': True}
2022-10-23 14:30:14,015 : INFO : EventManager : Event: ======'machine_var_audits_shots_lane_top_3'====== Args={'value': 102, 'prev_value': None, 'change': True}
2022-10-23 14:30:14,015 : INFO : EventManager : Event: ======'machine_var_audits_shots_orbit'====== Args={'value': 23, 'prev_value': None, 'change': True}
2022-10-23 14:30:14,015 : INFO : EventManager : Event: ======'machine_var_audits_shots_spinner'====== Args={'value': 178, 'prev_value': None, 'change': True}
2022-10-23 14:30:14,015 : INFO : EventManager : Event: ======'machine_var_audits_switches_s_bottomlane1'====== Args={'value': 15, 'prev_value': None, 'change': True}
2022-10-23 14:30:14,015 : INFO : EventManager : Event: ======'machine_var_audits_switches_s_bottomlane2'====== Args={'value': 28, 'prev_value': None, 'change': True}
2022-10-23 14:30:14,015 : INFO : EventManager : Event: ======'machine_var_audits_switches_s_bottomlane3'====== Args={'value': 26, 'prev_value': None, 'change': True}
2022-10-23 14:30:14,015 : INFO : EventManager : Event: ======'machine_var_audits_switches_s_bottomlane4'====== Args={'value': 33, 'prev_value': None, 'change': True}
2022-10-23 14:30:14,015 : INFO : EventManager : Event: ======'machine_var_audits_switches_s_bottomlane5'====== Args={'value': 13, 'prev_value': None, 'change': True}
2022-10-23 14:30:14,016 : INFO : EventManager : Event: ======'machine_var_audits_switches_s_drop1'====== Args={'value': 35, 'prev_value': None, 'change': True}
2022-10-23 14:30:14,016 : INFO : EventManager : Event: ======'machine_var_audits_switches_s_drop2'====== Args={'value': 17, 'prev_value': None, 'change': True}
2022-10-23 14:30:14,016 : INFO : EventManager : Event: ======'machine_var_audits_switches_s_drop3'====== Args={'value': 15, 'prev_value': None, 'change': True}
2022-10-23 14:30:14,016 : INFO : EventManager : Event: ======'machine_var_audits_switches_s_launch'====== Args={'value': 11, 'prev_value': None, 'change': True}
2022-10-23 14:30:14,016 : INFO : EventManager : Event: ======'machine_var_audits_switches_s_left01'====== Args={'value': 26, 'prev_value': None, 'change': True}
2022-10-23 14:30:14,016 : INFO : EventManager : Event: ======'machine_var_audits_switches_s_left02'====== Args={'value': 27, 'prev_value': None, 'change': True}
2022-10-23 14:30:14,016 : INFO : EventManager : Event: ======'machine_var_audits_switches_s_left03'====== Args={'value': 20, 'prev_value': None, 'change': True}
2022-10-23 14:30:14,017 : INFO : EventManager : Event: ======'machine_var_audits_switches_s_left_sling'====== Args={'value': 55, 'prev_value': None, 'change': True}
2022-10-23 14:30:14,017 : INFO : EventManager : Event: ======'machine_var_audits_switches_s_orbit1'====== Args={'value': 45, 'prev_value': None, 'change': True}
2022-10-23 14:30:14,017 : INFO : EventManager : Event: ======'machine_var_audits_switches_s_orbit2'====== Args={'value': 0, 'prev_value': None, 'change': True}
2022-10-23 14:30:14,017 : INFO : EventManager : Event: ======'machine_var_audits_switches_s_plunger_lane'====== Args={'value': 100, 'prev_value': None, 'change': True}
2022-10-23 14:30:14,017 : INFO : EventManager : Event: ======'machine_var_audits_switches_s_popbumber_1'====== Args={'value': 58, 'prev_value': None, 'change': True}
2022-10-23 14:30:14,017 : INFO : EventManager : Event: ======'machine_var_audits_switches_s_popbumber_2'====== Args={'value': 94, 'prev_value': None, 'change': True}
2022-10-23 14:30:14,017 : INFO : EventManager : Event: ======'machine_var_audits_switches_s_popbumber_3'====== Args={'value': 35, 'prev_value': None, 'change': True}
2022-10-23 14:30:14,017 : INFO : EventManager : Event: ======'machine_var_audits_switches_s_ramp'====== Args={'value': 34, 'prev_value': None, 'change': True}
2022-10-23 14:30:14,018 : INFO : EventManager : Event: ======'machine_var_audits_switches_s_right_sling'====== Args={'value': 109, 'prev_value': None, 'change': True}
2022-10-23 14:30:14,018 : INFO : EventManager : Event: ======'machine_var_audits_switches_s_rigth01'====== Args={'value': 54, 'prev_value': None, 'change': True}
2022-10-23 14:30:14,018 : INFO : EventManager : Event: ======'machine_var_audits_switches_s_rigth02'====== Args={'value': 23, 'prev_value': None, 'change': True}
2022-10-23 14:30:14,018 : INFO : EventManager : Event: ======'machine_var_audits_switches_s_rigth03'====== Args={'value': 14, 'prev_value': None, 'change': True}
2022-10-23 14:30:14,018 : INFO : EventManager : Event: ======'machine_var_audits_switches_s_spinner'====== Args={'value': 271, 'prev_value': None, 'change': True}
2022-10-23 14:30:14,018 : INFO : EventManager : Event: ======'machine_var_audits_switches_s_start'====== Args={'value': 0, 'prev_value': None, 'change': True}
2022-10-23 14:30:14,018 : INFO : EventManager : Event: ======'machine_var_audits_switches_s_top'====== Args={'value': 11, 'prev_value': None, 'change': True}
2022-10-23 14:30:14,019 : INFO : EventManager : Event: ======'machine_var_audits_switches_s_toplane1'====== Args={'value': 217, 'prev_value': None, 'change': True}
2022-10-23 14:30:14,019 : INFO : EventManager : Event: ======'machine_var_audits_switches_s_toplane2'====== Args={'value': 129, 'prev_value': None, 'change': True}
2022-10-23 14:30:14,019 : INFO : EventManager : Event: ======'machine_var_audits_switches_s_toplane3'====== Args={'value': 109, 'prev_value': None, 'change': True}
2022-10-23 14:30:14,019 : INFO : EventManager : Event: ======'machine_var_audits_switches_s_trough1'====== Args={'value': 32, 'prev_value': None, 'change': True}
2022-10-23 14:30:14,019 : INFO : EventManager : Event: ======'machine_var_audits_switches_s_trough2'====== Args={'value': 35, 'prev_value': None, 'change': True}
2022-10-23 14:30:14,019 : INFO : EventManager : Event: ======'machine_var_audits_switches_s_trough3'====== Args={'value': 27, 'prev_value': None, 'change': True}
2022-10-23 14:30:14,020 : INFO : EventManager : Event: ======'machine_var_audits_switches_s_trough4'====== Args={'value': 40, 'prev_value': None, 'change': True}
2022-10-23 14:30:14,020 : INFO : EventManager : Event: ======'machine_var_audits_switches_s_trough5'====== Args={'value': 27, 'prev_value': None, 'change': True}
2022-10-23 14:30:14,020 : INFO : EventManager : Event: ======'machine_var_audits_switches_s_trough6'====== Args={'value': 24, 'prev_value': None, 'change': True}
2022-10-23 14:30:14,020 : INFO : EventManager : Event: ======'machine_var_audits_switches_s_trough_jam'====== Args={'value': 27, 'prev_value': None, 'change': True}
2022-10-23 14:30:14,020 : INFO : EventManager : Event: ======'machine_var_audits_switches_s_vukmid'====== Args={'value': 46, 'prev_value': None, 'change': True}
2022-10-23 14:30:14,020 : INFO : EventManager : Event: ======'machine_var_audits_switches_s_vuktop'====== Args={'value': 12, 'prev_value': None, 'change': True}
2022-10-23 14:30:14,021 : INFO : EventManager : Event: ======'init_phase_5'====== Args={}
2022-10-23 14:30:14,036 : INFO : EventManager : Event: ======'init_done'====== Args={}
2022-10-23 14:30:14,036 : INFO : EventManager : Event: ======'machine_reset_phase_1'====== Args={}
2022-10-23 14:30:14,041 : INFO : EventManager : Event: ======'slide_welcome_slide_removed'====== Args={'_from_bcp': True}
2022-10-23 14:30:14,044 : INFO : EventManager : Event: ======'slide_welcome_slide_created'====== Args={'_from_bcp': True}
2022-10-23 14:30:14,045 : INFO : EventManager : Event: ======'slide_welcome_slide_active'====== Args={'_from_bcp': True}
2022-10-23 14:30:14,046 : INFO : EventManager : Event: ======'machine_reset_phase_2'====== Args={}
2022-10-23 14:30:14,046 : INFO : EventManager : Event: ======'machine_reset_phase_3'====== Args={}
2022-10-23 14:30:14,047 : INFO : drop_target_bank.db_dropbank : All targets are already up. Will not reset bank.
2022-10-23 14:30:14,047 : INFO : EventManager : Event: ======'reset_complete'====== Args={}
2022-10-23 14:30:14,047 : INFO : EventManager : Event: ======'mode_attract_will_start'====== Args={}
2022-10-23 14:30:14,050 : INFO : EventManager : Event: ======'mode_attract_starting'====== Args={}
2022-10-23 14:30:14,051 : INFO : Mode.attract : Started. Priority: 10
2022-10-23 14:30:14,051 : INFO : EventManager : Event: ======'modes_active_modes_changed'====== Args={}
2022-10-23 14:30:14,051 : INFO : EventManager : Event: ======'mode_attract_started'====== Args={}
2022-10-23 14:30:14,054 : INFO : EventManager : Event: ======'collecting_balls_complete'====== Args={}
2022-10-23 14:30:14,081 : INFO : EventManager : Event: ======'slide_layout_main_created'====== Args={'_from_bcp': True}
2022-10-23 14:30:14,081 : INFO : EventManager : Event: ======'slide_empty_slide_created'====== Args={'_from_bcp': True}
2022-10-23 14:30:14,081 : INFO : EventManager : Event: ======'slide_empty_slide_created'====== Args={'_from_bcp': True}
2022-10-23 14:30:14,081 : INFO : EventManager : Event: ======'slide_empty_slide_created'====== Args={'_from_bcp': True}
2022-10-23 14:30:14,081 : INFO : Machine : Starting the main run loop.
2022-10-23 14:30:14,083 : INFO : EventManager : Event: ======'slide_slide_4_created'====== Args={'_from_bcp': True}
2022-10-23 14:30:14,085 : INFO : EventManager : Event: ======'slide_slide_2_created'====== Args={'_from_bcp': True}
2022-10-23 14:30:14,089 : INFO : EventManager : Event: ======'slide_Title_slide_created'====== Args={'_from_bcp': True}
2022-10-23 14:30:14,116 : INFO : EventManager : Event: ======'slide_layout_main_active'====== Args={'_from_bcp': True}
2022-10-23 14:30:14,117 : INFO : EventManager : Event: ======'slide_empty_slide_active'====== Args={'_from_bcp': True}
2022-10-23 14:30:14,118 : INFO : EventManager : Event: ======'slide_empty_slide_active'====== Args={'_from_bcp': True}
2022-10-23 14:30:14,118 : INFO : EventManager : Event: ======'slide_empty_slide_active'====== Args={'_from_bcp': True}
2022-10-23 14:30:14,119 : INFO : EventManager : Event: ======'slide_slide_4_active'====== Args={'_from_bcp': True}
2022-10-23 14:30:14,120 : INFO : EventManager : Event: ======'slide_slide_2_active'====== Args={'_from_bcp': True}
2022-10-23 14:30:14,120 : INFO : EventManager : Event: ======'slide_Title_slide_active'====== Args={'_from_bcp': True}
2022-10-23 14:30:14,609 : INFO : BcpServer : New client connected.
2022-10-23 14:30:24,052 : INFO : EventManager : Event: ======'slide_awesome_slide_created'====== Args={'_from_bcp': True}
2022-10-23 14:30:24,057 : INFO : EventManager : Event: ======'slide_awesome_slide_active'====== Args={'_from_bcp': True}
2022-10-23 14:30:27,077 : INFO : EventManager : Event: ======'slide_press_start_created'====== Args={'_from_bcp': True}
2022-10-23 14:30:27,081 : INFO : EventManager : Event: ======'slide_press_start_active'====== Args={'_from_bcp': True}
2022-10-23 14:30:30,068 : INFO : EventManager : Event: ======'slide_mission_pinball_created'====== Args={'_from_bcp': True}
2022-10-23 14:30:30,072 : INFO : EventManager : Event: ======'slide_mission_pinball_active'====== Args={'_from_bcp': True}
2022-10-23 14:30:33,057 : INFO : EventManager : Event: ======'slide_layout_main_removed'====== Args={'_from_bcp': True}
2022-10-23 14:30:33,057 : INFO : EventManager : Event: ======'slide_layout_main_created'====== Args={'_from_bcp': True}
2022-10-23 14:30:33,057 : INFO : EventManager : Event: ======'slide_empty_slide_removed'====== Args={'_from_bcp': True}
2022-10-23 14:30:33,060 : INFO : EventManager : Event: ======'slide_empty_slide_created'====== Args={'_from_bcp': True}
2022-10-23 14:30:33,060 : INFO : EventManager : Event: ======'slide_empty_slide_removed'====== Args={'_from_bcp': True}
2022-10-23 14:30:33,063 : INFO : EventManager : Event: ======'slide_empty_slide_created'====== Args={'_from_bcp': True}
2022-10-23 14:30:33,065 : INFO : EventManager : Event: ======'slide_empty_slide_removed'====== Args={'_from_bcp': True}
2022-10-23 14:30:33,067 : INFO : EventManager : Event: ======'slide_empty_slide_created'====== Args={'_from_bcp': True}
2022-10-23 14:30:33,069 : INFO : EventManager : Event: ======'slide_slide_4_removed'====== Args={'_from_bcp': True}
2022-10-23 14:30:33,070 : INFO : EventManager : Event: ======'slide_slide_4_created'====== Args={'_from_bcp': True}
2022-10-23 14:30:33,075 : INFO : EventManager : Event: ======'slide_slide_2_removed'====== Args={'_from_bcp': True}
2022-10-23 14:30:33,075 : INFO : EventManager : Event: ======'slide_slide_2_created'====== Args={'_from_bcp': True}
2022-10-23 14:30:33,076 : INFO : EventManager : Event: ======'slide_Title_slide_removed'====== Args={'_from_bcp': True}
2022-10-23 14:30:33,076 : INFO : EventManager : Event: ======'slide_Title_slide_created'====== Args={'_from_bcp': True}
2022-10-23 14:30:33,086 : INFO : EventManager : Event: ======'slide_layout_main_active'====== Args={'_from_bcp': True}
2022-10-23 14:30:33,086 : INFO : EventManager : Event: ======'slide_empty_slide_active'====== Args={'_from_bcp': True}
2022-10-23 14:30:33,087 : INFO : EventManager : Event: ======'slide_empty_slide_active'====== Args={'_from_bcp': True}
2022-10-23 14:30:33,088 : INFO : EventManager : Event: ======'slide_empty_slide_active'====== Args={'_from_bcp': True}
2022-10-23 14:30:33,090 : INFO : EventManager : Event: ======'slide_slide_4_active'====== Args={'_from_bcp': True}
2022-10-23 14:30:33,091 : INFO : EventManager : Event: ======'slide_slide_2_active'====== Args={'_from_bcp': True}
2022-10-23 14:30:33,091 : INFO : EventManager : Event: ======'slide_Title_slide_active'====== Args={'_from_bcp': True}
2022-10-23 14:30:43,058 : INFO : EventManager : Event: ======'slide_awesome_slide_removed'====== Args={'_from_bcp': True}
2022-10-23 14:30:43,059 : INFO : EventManager : Event: ======'slide_awesome_slide_created'====== Args={'_from_bcp': True}
2022-10-23 14:30:43,063 : INFO : EventManager : Event: ======'slide_awesome_slide_active'====== Args={'_from_bcp': True}
2022-10-23 14:30:46,083 : INFO : EventManager : Event: ======'slide_press_start_removed'====== Args={'_from_bcp': True}
2022-10-23 14:30:46,086 : INFO : EventManager : Event: ======'slide_press_start_created'====== Args={'_from_bcp': True}
2022-10-23 14:30:46,090 : INFO : EventManager : Event: ======'slide_press_start_active'====== Args={'_from_bcp': True}
2022-10-23 14:30:49,059 : INFO : EventManager : Event: ======'slide_mission_pinball_removed'====== Args={'_from_bcp': True}
2022-10-23 14:30:49,060 : INFO : EventManager : Event: ======'slide_mission_pinball_created'====== Args={'_from_bcp': True}
2022-10-23 14:30:49,064 : INFO : EventManager : Event: ======'slide_mission_pinball_active'====== Args={'_from_bcp': True}
2022-10-23 14:30:52,065 : INFO : EventManager : Event: ======'slide_layout_main_removed'====== Args={'_from_bcp': True}
2022-10-23 14:30:52,074 : INFO : EventManager : Event: ======'slide_layout_main_created'====== Args={'_from_bcp': True}
2022-10-23 14:30:52,074 : INFO : EventManager : Event: ======'slide_empty_slide_removed'====== Args={'_from_bcp': True}
2022-10-23 14:30:52,076 : INFO : EventManager : Event: ======'slide_empty_slide_created'====== Args={'_from_bcp': True}
2022-10-23 14:30:52,078 : INFO : EventManager : Event: ======'slide_empty_slide_removed'====== Args={'_from_bcp': True}
2022-10-23 14:30:52,079 : INFO : EventManager : Event: ======'slide_empty_slide_created'====== Args={'_from_bcp': True}
2022-10-23 14:30:52,082 : INFO : EventManager : Event: ======'slide_empty_slide_removed'====== Args={'_from_bcp': True}
2022-10-23 14:30:52,083 : INFO : EventManager : Event: ======'slide_empty_slide_created'====== Args={'_from_bcp': True}
2022-10-23 14:30:52,086 : INFO : EventManager : Event: ======'slide_slide_4_removed'====== Args={'_from_bcp': True}
2022-10-23 14:30:52,088 : INFO : EventManager : Event: ======'slide_slide_4_created'====== Args={'_from_bcp': True}
2022-10-23 14:30:52,093 : INFO : EventManager : Event: ======'slide_slide_2_removed'====== Args={'_from_bcp': True}
2022-10-23 14:30:52,094 : INFO : EventManager : Event: ======'slide_slide_2_created'====== Args={'_from_bcp': True}
2022-10-23 14:30:52,095 : INFO : EventManager : Event: ======'slide_Title_slide_removed'====== Args={'_from_bcp': True}
2022-10-23 14:30:52,095 : INFO : EventManager : Event: ======'slide_Title_slide_created'====== Args={'_from_bcp': True}
2022-10-23 14:30:52,105 : INFO : EventManager : Event: ======'slide_layout_main_active'====== Args={'_from_bcp': True}
2022-10-23 14:30:52,105 : INFO : EventManager : Event: ======'slide_empty_slide_active'====== Args={'_from_bcp': True}
2022-10-23 14:30:52,106 : INFO : EventManager : Event: ======'slide_empty_slide_active'====== Args={'_from_bcp': True}
2022-10-23 14:30:52,107 : INFO : EventManager : Event: ======'slide_empty_slide_active'====== Args={'_from_bcp': True}
2022-10-23 14:30:52,108 : INFO : EventManager : Event: ======'slide_slide_4_active'====== Args={'_from_bcp': True}
2022-10-23 14:30:52,110 : INFO : EventManager : Event: ======'slide_slide_2_active'====== Args={'_from_bcp': True}
2022-10-23 14:30:52,111 : INFO : EventManager : Event: ======'slide_Title_slide_active'====== Args={'_from_bcp': True}
2022-10-23 14:31:02,066 : INFO : EventManager : Event: ======'slide_awesome_slide_removed'====== Args={'_from_bcp': True}
2022-10-23 14:31:02,068 : INFO : EventManager : Event: ======'slide_awesome_slide_created'====== Args={'_from_bcp': True}
2022-10-23 14:31:02,071 : INFO : EventManager : Event: ======'slide_awesome_slide_active'====== Args={'_from_bcp': True}
2022-10-23 14:31:05,047 : INFO : EventManager : Event: ======'slide_press_start_removed'====== Args={'_from_bcp': True}
2022-10-23 14:31:05,052 : INFO : EventManager : Event: ======'slide_press_start_created'====== Args={'_from_bcp': True}
2022-10-23 14:31:05,057 : INFO : EventManager : Event: ======'slide_press_start_active'====== Args={'_from_bcp': True}
2022-10-23 14:31:08,059 : INFO : EventManager : Event: ======'slide_mission_pinball_removed'====== Args={'_from_bcp': True}
2022-10-23 14:31:08,061 : INFO : EventManager : Event: ======'slide_mission_pinball_created'====== Args={'_from_bcp': True}
2022-10-23 14:31:08,064 : INFO : EventManager : Event: ======'slide_mission_pinball_active'====== Args={'_from_bcp': True}
2022-10-23 14:31:11,069 : INFO : EventManager : Event: ======'slide_layout_main_removed'====== Args={'_from_bcp': True}
2022-10-23 14:31:11,070 : INFO : EventManager : Event: ======'slide_layout_main_created'====== Args={'_from_bcp': True}
2022-10-23 14:31:11,071 : INFO : EventManager : Event: ======'slide_empty_slide_removed'====== Args={'_from_bcp': True}
2022-10-23 14:31:11,072 : INFO : EventManager : Event: ======'slide_empty_slide_created'====== Args={'_from_bcp': True}
2022-10-23 14:31:11,075 : INFO : EventManager : Event: ======'slide_empty_slide_removed'====== Args={'_from_bcp': True}
2022-10-23 14:31:11,076 : INFO : EventManager : Event: ======'slide_empty_slide_created'====== Args={'_from_bcp': True}
2022-10-23 14:31:11,079 : INFO : EventManager : Event: ======'slide_empty_slide_removed'====== Args={'_from_bcp': True}
2022-10-23 14:31:11,080 : INFO : EventManager : Event: ======'slide_empty_slide_created'====== Args={'_from_bcp': True}
2022-10-23 14:31:11,083 : INFO : EventManager : Event: ======'slide_slide_4_removed'====== Args={'_from_bcp': True}
2022-10-23 14:31:11,085 : INFO : EventManager : Event: ======'slide_slide_4_created'====== Args={'_from_bcp': True}
2022-10-23 14:31:11,087 : INFO : EventManager : Event: ======'slide_slide_2_removed'====== Args={'_from_bcp': True}
2022-10-23 14:31:11,089 : INFO : EventManager : Event: ======'slide_slide_2_created'====== Args={'_from_bcp': True}
2022-10-23 14:31:11,090 : INFO : EventManager : Event: ======'slide_Title_slide_removed'====== Args={'_from_bcp': True}
2022-10-23 14:31:11,091 : INFO : EventManager : Event: ======'slide_Title_slide_created'====== Args={'_from_bcp': True}
2022-10-23 14:31:11,101 : INFO : EventManager : Event: ======'slide_layout_main_active'====== Args={'_from_bcp': True}
2022-10-23 14:31:11,102 : INFO : EventManager : Event: ======'slide_empty_slide_active'====== Args={'_from_bcp': True}
2022-10-23 14:31:11,102 : INFO : EventManager : Event: ======'slide_empty_slide_active'====== Args={'_from_bcp': True}
2022-10-23 14:31:11,103 : INFO : EventManager : Event: ======'slide_empty_slide_active'====== Args={'_from_bcp': True}
2022-10-23 14:31:11,106 : INFO : EventManager : Event: ======'slide_slide_4_active'====== Args={'_from_bcp': True}
2022-10-23 14:31:11,106 : INFO : EventManager : Event: ======'slide_slide_2_active'====== Args={'_from_bcp': True}
2022-10-23 14:31:11,107 : INFO : EventManager : Event: ======'slide_Title_slide_active'====== Args={'_from_bcp': True}
2022-10-23 14:31:21,069 : INFO : EventManager : Event: ======'slide_awesome_slide_removed'====== Args={'_from_bcp': True}
2022-10-23 14:31:21,071 : INFO : EventManager : Event: ======'slide_awesome_slide_created'====== Args={'_from_bcp': True}
2022-10-23 14:31:21,075 : INFO : EventManager : Event: ======'slide_awesome_slide_active'====== Args={'_from_bcp': True}
2022-10-23 14:31:24,050 : INFO : EventManager : Event: ======'slide_press_start_removed'====== Args={'_from_bcp': True}
2022-10-23 14:31:24,054 : INFO : EventManager : Event: ======'slide_press_start_created'====== Args={'_from_bcp': True}
2022-10-23 14:31:24,065 : INFO : EventManager : Event: ======'slide_press_start_active'====== Args={'_from_bcp': True}
2022-10-23 14:31:27,073 : INFO : EventManager : Event: ======'slide_mission_pinball_removed'====== Args={'_from_bcp': True}
2022-10-23 14:31:27,081 : INFO : EventManager : Event: ======'slide_mission_pinball_created'====== Args={'_from_bcp': True}
2022-10-23 14:31:27,089 : INFO : EventManager : Event: ======'slide_mission_pinball_active'====== Args={'_from_bcp': True}
2022-10-23 14:31:30,056 : INFO : EventManager : Event: ======'slide_layout_main_removed'====== Args={'_from_bcp': True}
2022-10-23 14:31:30,064 : INFO : EventManager : Event: ======'slide_layout_main_created'====== Args={'_from_bcp': True}
2022-10-23 14:31:30,069 : INFO : EventManager : Event: ======'slide_empty_slide_removed'====== Args={'_from_bcp': True}
2022-10-23 14:31:30,071 : INFO : EventManager : Event: ======'slide_empty_slide_created'====== Args={'_from_bcp': True}
2022-10-23 14:31:30,073 : INFO : EventManager : Event: ======'slide_empty_slide_removed'====== Args={'_from_bcp': True}
2022-10-23 14:31:30,075 : INFO : EventManager : Event: ======'slide_empty_slide_created'====== Args={'_from_bcp': True}
2022-10-23 14:31:30,078 : INFO : EventManager : Event: ======'slide_empty_slide_removed'====== Args={'_from_bcp': True}
2022-10-23 14:31:30,079 : INFO : EventManager : Event: ======'slide_empty_slide_created'====== Args={'_from_bcp': True}
2022-10-23 14:31:30,080 : INFO : EventManager : Event: ======'slide_slide_4_removed'====== Args={'_from_bcp': True}
2022-10-23 14:31:30,083 : INFO : EventManager : Event: ======'slide_slide_4_created'====== Args={'_from_bcp': True}
2022-10-23 14:31:30,086 : INFO : EventManager : Event: ======'slide_slide_2_removed'====== Args={'_from_bcp': True}
2022-10-23 14:31:30,123 : INFO : EventManager : Event: ======'slide_slide_2_created'====== Args={'_from_bcp': True}
2022-10-23 14:31:30,124 : INFO : EventManager : Event: ======'slide_Title_slide_removed'====== Args={'_from_bcp': True}
2022-10-23 14:31:30,126 : INFO : EventManager : Event: ======'slide_Title_slide_created'====== Args={'_from_bcp': True}
2022-10-23 14:31:30,136 : INFO : EventManager : Event: ======'slide_layout_main_active'====== Args={'_from_bcp': True}
2022-10-23 14:31:30,137 : INFO : EventManager : Event: ======'slide_empty_slide_active'====== Args={'_from_bcp': True}
2022-10-23 14:31:30,137 : INFO : EventManager : Event: ======'slide_empty_slide_active'====== Args={'_from_bcp': True}
2022-10-23 14:31:30,138 : INFO : EventManager : Event: ======'slide_empty_slide_active'====== Args={'_from_bcp': True}
2022-10-23 14:31:30,139 : INFO : EventManager : Event: ======'slide_slide_4_active'====== Args={'_from_bcp': True}
2022-10-23 14:31:30,140 : INFO : EventManager : Event: ======'slide_slide_2_active'====== Args={'_from_bcp': True}
2022-10-23 14:31:30,140 : INFO : EventManager : Event: ======'slide_Title_slide_active'====== Args={'_from_bcp': True}
2022-10-23 14:31:40,071 : INFO : EventManager : Event: ======'slide_awesome_slide_removed'====== Args={'_from_bcp': True}
2022-10-23 14:31:40,074 : INFO : EventManager : Event: ======'slide_awesome_slide_created'====== Args={'_from_bcp': True}
2022-10-23 14:31:40,076 : INFO : EventManager : Event: ======'slide_awesome_slide_active'====== Args={'_from_bcp': True}
2022-10-23 14:31:43,065 : INFO : EventManager : Event: ======'slide_press_start_removed'====== Args={'_from_bcp': True}
2022-10-23 14:31:43,070 : INFO : EventManager : Event: ======'slide_press_start_created'====== Args={'_from_bcp': True}
2022-10-23 14:31:43,074 : INFO : EventManager : Event: ======'slide_press_start_active'====== Args={'_from_bcp': True}
2022-10-23 14:31:46,065 : INFO : EventManager : Event: ======'slide_mission_pinball_removed'====== Args={'_from_bcp': True}
2022-10-23 14:31:46,067 : INFO : EventManager : Event: ======'slide_mission_pinball_created'====== Args={'_from_bcp': True}
2022-10-23 14:31:46,070 : INFO : EventManager : Event: ======'slide_mission_pinball_active'====== Args={'_from_bcp': True}
2022-10-23 14:31:49,061 : INFO : EventManager : Event: ======'slide_layout_main_removed'====== Args={'_from_bcp': True}
2022-10-23 14:31:49,062 : INFO : EventManager : Event: ======'slide_layout_main_created'====== Args={'_from_bcp': True}
2022-10-23 14:31:49,063 : INFO : EventManager : Event: ======'slide_empty_slide_removed'====== Args={'_from_bcp': True}
2022-10-23 14:31:49,064 : INFO : EventManager : Event: ======'slide_empty_slide_created'====== Args={'_from_bcp': True}
2022-10-23 14:31:49,066 : INFO : EventManager : Event: ======'slide_empty_slide_removed'====== Args={'_from_bcp': True}
2022-10-23 14:31:49,068 : INFO : EventManager : Event: ======'slide_empty_slide_created'====== Args={'_from_bcp': True}
2022-10-23 14:31:49,070 : INFO : EventManager : Event: ======'slide_empty_slide_removed'====== Args={'_from_bcp': True}
2022-10-23 14:31:49,072 : INFO : EventManager : Event: ======'slide_empty_slide_created'====== Args={'_from_bcp': True}
2022-10-23 14:31:49,075 : INFO : EventManager : Event: ======'slide_slide_4_removed'====== Args={'_from_bcp': True}
2022-10-23 14:31:49,076 : INFO : EventManager : Event: ======'slide_slide_4_created'====== Args={'_from_bcp': True}
2022-10-23 14:31:49,081 : INFO : EventManager : Event: ======'slide_slide_2_removed'====== Args={'_from_bcp': True}
2022-10-23 14:31:49,082 : INFO : EventManager : Event: ======'slide_slide_2_created'====== Args={'_from_bcp': True}
2022-10-23 14:31:49,083 : INFO : EventManager : Event: ======'slide_Title_slide_removed'====== Args={'_from_bcp': True}
2022-10-23 14:31:49,085 : INFO : EventManager : Event: ======'slide_Title_slide_created'====== Args={'_from_bcp': True}
2022-10-23 14:31:49,095 : INFO : EventManager : Event: ======'slide_layout_main_active'====== Args={'_from_bcp': True}
2022-10-23 14:31:49,096 : INFO : EventManager : Event: ======'slide_empty_slide_active'====== Args={'_from_bcp': True}
2022-10-23 14:31:49,098 : INFO : EventManager : Event: ======'slide_empty_slide_active'====== Args={'_from_bcp': True}
2022-10-23 14:31:49,099 : INFO : EventManager : Event: ======'slide_empty_slide_active'====== Args={'_from_bcp': True}
2022-10-23 14:31:49,100 : INFO : EventManager : Event: ======'slide_slide_4_active'====== Args={'_from_bcp': True}
2022-10-23 14:31:49,102 : INFO : EventManager : Event: ======'slide_slide_2_active'====== Args={'_from_bcp': True}
2022-10-23 14:31:49,102 : INFO : EventManager : Event: ======'slide_Title_slide_active'====== Args={'_from_bcp': True}
2022-10-23 14:31:59,049 : INFO : EventManager : Event: ======'slide_awesome_slide_removed'====== Args={'_from_bcp': True}
2022-10-23 14:31:59,051 : INFO : EventManager : Event: ======'slide_awesome_slide_created'====== Args={'_from_bcp': True}
2022-10-23 14:31:59,055 : INFO : EventManager : Event: ======'slide_awesome_slide_active'====== Args={'_from_bcp': True}
2022-10-23 14:32:02,070 : INFO : EventManager : Event: ======'slide_press_start_removed'====== Args={'_from_bcp': True}
2022-10-23 14:32:02,073 : INFO : EventManager : Event: ======'slide_press_start_created'====== Args={'_from_bcp': True}
2022-10-23 14:32:02,081 : INFO : EventManager : Event: ======'slide_press_start_active'====== Args={'_from_bcp': True}
2022-10-23 14:32:05,061 : INFO : EventManager : Event: ======'slide_mission_pinball_removed'====== Args={'_from_bcp': True}
2022-10-23 14:32:05,064 : INFO : EventManager : Event: ======'slide_mission_pinball_created'====== Args={'_from_bcp': True}
2022-10-23 14:32:05,067 : INFO : EventManager : Event: ======'slide_mission_pinball_active'====== Args={'_from_bcp': True}
2022-10-23 14:32:08,085 : INFO : EventManager : Event: ======'slide_layout_main_removed'====== Args={'_from_bcp': True}
2022-10-23 14:32:08,086 : INFO : EventManager : Event: ======'slide_layout_main_created'====== Args={'_from_bcp': True}
2022-10-23 14:32:08,087 : INFO : EventManager : Event: ======'slide_empty_slide_removed'====== Args={'_from_bcp': True}
2022-10-23 14:32:08,089 : INFO : EventManager : Event: ======'slide_empty_slide_created'====== Args={'_from_bcp': True}
2022-10-23 14:32:08,090 : INFO : EventManager : Event: ======'slide_empty_slide_removed'====== Args={'_from_bcp': True}
2022-10-23 14:32:08,092 : INFO : EventManager : Event: ======'slide_empty_slide_created'====== Args={'_from_bcp': True}
2022-10-23 14:32:08,094 : INFO : EventManager : Event: ======'slide_empty_slide_removed'====== Args={'_from_bcp': True}
2022-10-23 14:32:08,096 : INFO : EventManager : Event: ======'slide_empty_slide_created'====== Args={'_from_bcp': True}
2022-10-23 14:32:08,099 : INFO : EventManager : Event: ======'slide_slide_4_removed'====== Args={'_from_bcp': True}
2022-10-23 14:32:08,100 : INFO : EventManager : Event: ======'slide_slide_4_created'====== Args={'_from_bcp': True}
2022-10-23 14:32:08,103 : INFO : EventManager : Event: ======'slide_slide_2_removed'====== Args={'_from_bcp': True}
2022-10-23 14:32:08,105 : INFO : EventManager : Event: ======'slide_slide_2_created'====== Args={'_from_bcp': True}
2022-10-23 14:32:08,105 : INFO : EventManager : Event: ======'slide_Title_slide_removed'====== Args={'_from_bcp': True}
2022-10-23 14:32:08,106 : INFO : EventManager : Event: ======'slide_Title_slide_created'====== Args={'_from_bcp': True}
2022-10-23 14:32:08,117 : INFO : EventManager : Event: ======'slide_layout_main_active'====== Args={'_from_bcp': True}
2022-10-23 14:32:08,117 : INFO : EventManager : Event: ======'slide_empty_slide_active'====== Args={'_from_bcp': True}
2022-10-23 14:32:08,118 : INFO : EventManager : Event: ======'slide_empty_slide_active'====== Args={'_from_bcp': True}
2022-10-23 14:32:08,119 : INFO : EventManager : Event: ======'slide_empty_slide_active'====== Args={'_from_bcp': True}
2022-10-23 14:32:08,120 : INFO : EventManager : Event: ======'slide_slide_4_active'====== Args={'_from_bcp': True}
2022-10-23 14:32:08,121 : INFO : EventManager : Event: ======'slide_slide_2_active'====== Args={'_from_bcp': True}
2022-10-23 14:32:08,121 : INFO : EventManager : Event: ======'slide_Title_slide_active'====== Args={'_from_bcp': True}
2022-10-23 14:32:18,068 : INFO : EventManager : Event: ======'slide_awesome_slide_removed'====== Args={'_from_bcp': True}
2022-10-23 14:32:18,073 : INFO : EventManager : Event: ======'slide_awesome_slide_created'====== Args={'_from_bcp': True}
2022-10-23 14:32:18,078 : INFO : EventManager : Event: ======'slide_awesome_slide_active'====== Args={'_from_bcp': True}
2022-10-23 14:32:21,056 : INFO : EventManager : Event: ======'slide_press_start_removed'====== Args={'_from_bcp': True}
2022-10-23 14:32:21,059 : INFO : EventManager : Event: ======'slide_press_start_created'====== Args={'_from_bcp': True}
2022-10-23 14:32:21,064 : INFO : EventManager : Event: ======'slide_press_start_active'====== Args={'_from_bcp': True}
2022-10-23 14:32:24,047 : INFO : EventManager : Event: ======'slide_mission_pinball_removed'====== Args={'_from_bcp': True}
2022-10-23 14:32:24,049 : INFO : EventManager : Event: ======'slide_mission_pinball_created'====== Args={'_from_bcp': True}
2022-10-23 14:32:24,057 : INFO : EventManager : Event: ======'slide_mission_pinball_active'====== Args={'_from_bcp': True}
2022-10-23 14:32:27,081 : INFO : EventManager : Event: ======'slide_layout_main_removed'====== Args={'_from_bcp': True}
2022-10-23 14:32:27,082 : INFO : EventManager : Event: ======'slide_layout_main_created'====== Args={'_from_bcp': True}
2022-10-23 14:32:27,082 : INFO : EventManager : Event: ======'slide_empty_slide_removed'====== Args={'_from_bcp': True}
2022-10-23 14:32:27,083 : INFO : EventManager : Event: ======'slide_empty_slide_created'====== Args={'_from_bcp': True}
2022-10-23 14:32:27,087 : INFO : EventManager : Event: ======'slide_empty_slide_removed'====== Args={'_from_bcp': True}
2022-10-23 14:32:27,089 : INFO : EventManager : Event: ======'slide_empty_slide_created'====== Args={'_from_bcp': True}
2022-10-23 14:32:27,092 : INFO : EventManager : Event: ======'slide_empty_slide_removed'====== Args={'_from_bcp': True}
2022-10-23 14:32:27,093 : INFO : EventManager : Event: ======'slide_empty_slide_created'====== Args={'_from_bcp': True}
2022-10-23 14:32:27,096 : INFO : EventManager : Event: ======'slide_slide_4_removed'====== Args={'_from_bcp': True}
2022-10-23 14:32:27,097 : INFO : EventManager : Event: ======'slide_slide_4_created'====== Args={'_from_bcp': True}
2022-10-23 14:32:27,101 : INFO : EventManager : Event: ======'slide_slide_2_removed'====== Args={'_from_bcp': True}
2022-10-23 14:32:27,103 : INFO : EventManager : Event: ======'slide_slide_2_created'====== Args={'_from_bcp': True}
2022-10-23 14:32:27,105 : INFO : EventManager : Event: ======'slide_Title_slide_removed'====== Args={'_from_bcp': True}
2022-10-23 14:32:27,106 : INFO : EventManager : Event: ======'slide_Title_slide_created'====== Args={'_from_bcp': True}
2022-10-23 14:32:27,116 : INFO : EventManager : Event: ======'slide_layout_main_active'====== Args={'_from_bcp': True}
2022-10-23 14:32:27,117 : INFO : EventManager : Event: ======'slide_empty_slide_active'====== Args={'_from_bcp': True}
2022-10-23 14:32:27,117 : INFO : EventManager : Event: ======'slide_empty_slide_active'====== Args={'_from_bcp': True}
2022-10-23 14:32:27,119 : INFO : EventManager : Event: ======'slide_empty_slide_active'====== Args={'_from_bcp': True}
2022-10-23 14:32:27,121 : INFO : EventManager : Event: ======'slide_slide_4_active'====== Args={'_from_bcp': True}
2022-10-23 14:32:27,123 : INFO : EventManager : Event: ======'slide_slide_2_active'====== Args={'_from_bcp': True}
2022-10-23 14:32:27,123 : INFO : EventManager : Event: ======'slide_Title_slide_active'====== Args={'_from_bcp': True}
2022-10-23 14:32:37,047 : INFO : EventManager : Event: ======'slide_awesome_slide_removed'====== Args={'_from_bcp': True}
2022-10-23 14:32:37,050 : INFO : EventManager : Event: ======'slide_awesome_slide_created'====== Args={'_from_bcp': True}
2022-10-23 14:32:37,055 : INFO : EventManager : Event: ======'slide_awesome_slide_active'====== Args={'_from_bcp': True}
2022-10-23 14:32:40,071 : INFO : EventManager : Event: ======'slide_press_start_removed'====== Args={'_from_bcp': True}
2022-10-23 14:32:40,074 : INFO : EventManager : Event: ======'slide_press_start_created'====== Args={'_from_bcp': True}
2022-10-23 14:32:40,080 : INFO : EventManager : Event: ======'slide_press_start_active'====== Args={'_from_bcp': True}
2022-10-23 14:32:43,076 : INFO : EventManager : Event: ======'slide_mission_pinball_removed'====== Args={'_from_bcp': True}
2022-10-23 14:32:43,078 : INFO : EventManager : Event: ======'slide_mission_pinball_created'====== Args={'_from_bcp': True}
2022-10-23 14:32:43,082 : INFO : EventManager : Event: ======'slide_mission_pinball_active'====== Args={'_from_bcp': True}
2022-10-23 14:32:46,072 : INFO : EventManager : Event: ======'slide_layout_main_removed'====== Args={'_from_bcp': True}
2022-10-23 14:32:46,074 : INFO : EventManager : Event: ======'slide_layout_main_created'====== Args={'_from_bcp': True}
2022-10-23 14:32:46,075 : INFO : EventManager : Event: ======'slide_empty_slide_removed'====== Args={'_from_bcp': True}
2022-10-23 14:32:46,076 : INFO : EventManager : Event: ======'slide_empty_slide_created'====== Args={'_from_bcp': True}
2022-10-23 14:32:46,077 : INFO : EventManager : Event: ======'slide_empty_slide_removed'====== Args={'_from_bcp': True}
2022-10-23 14:32:46,081 : INFO : EventManager : Event: ======'slide_empty_slide_created'====== Args={'_from_bcp': True}
2022-10-23 14:32:46,084 : INFO : EventManager : Event: ======'slide_empty_slide_removed'====== Args={'_from_bcp': True}
2022-10-23 14:32:46,087 : INFO : EventManager : Event: ======'slide_empty_slide_created'====== Args={'_from_bcp': True}
2022-10-23 14:32:46,091 : INFO : EventManager : Event: ======'slide_slide_4_removed'====== Args={'_from_bcp': True}
2022-10-23 14:32:46,092 : INFO : EventManager : Event: ======'slide_slide_4_created'====== Args={'_from_bcp': True}
2022-10-23 14:32:46,096 : INFO : EventManager : Event: ======'slide_slide_2_removed'====== Args={'_from_bcp': True}
2022-10-23 14:32:46,097 : INFO : EventManager : Event: ======'slide_slide_2_created'====== Args={'_from_bcp': True}
2022-10-23 14:32:46,099 : INFO : EventManager : Event: ======'slide_Title_slide_removed'====== Args={'_from_bcp': True}
2022-10-23 14:32:46,100 : INFO : EventManager : Event: ======'slide_Title_slide_created'====== Args={'_from_bcp': True}
2022-10-23 14:32:46,110 : INFO : EventManager : Event: ======'slide_layout_main_active'====== Args={'_from_bcp': True}
2022-10-23 14:32:46,110 : INFO : EventManager : Event: ======'slide_empty_slide_active'====== Args={'_from_bcp': True}
2022-10-23 14:32:46,111 : INFO : EventManager : Event: ======'slide_empty_slide_active'====== Args={'_from_bcp': True}
2022-10-23 14:32:46,113 : INFO : EventManager : Event: ======'slide_empty_slide_active'====== Args={'_from_bcp': True}
2022-10-23 14:32:46,114 : INFO : EventManager : Event: ======'slide_slide_4_active'====== Args={'_from_bcp': True}
2022-10-23 14:32:46,115 : INFO : EventManager : Event: ======'slide_slide_2_active'====== Args={'_from_bcp': True}
2022-10-23 14:32:46,116 : INFO : EventManager : Event: ======'slide_Title_slide_active'====== Args={'_from_bcp': True}
2022-10-23 14:32:56,061 : INFO : EventManager : Event: ======'slide_awesome_slide_removed'====== Args={'_from_bcp': True}
2022-10-23 14:32:56,063 : INFO : EventManager : Event: ======'slide_awesome_slide_created'====== Args={'_from_bcp': True}
2022-10-23 14:32:56,066 : INFO : EventManager : Event: ======'slide_awesome_slide_active'====== Args={'_from_bcp': True}
2022-10-23 14:32:59,050 : INFO : EventManager : Event: ======'slide_press_start_removed'====== Args={'_from_bcp': True}
2022-10-23 14:32:59,054 : INFO : EventManager : Event: ======'slide_press_start_created'====== Args={'_from_bcp': True}
2022-10-23 14:32:59,059 : INFO : EventManager : Event: ======'slide_press_start_active'====== Args={'_from_bcp': True}
2022-10-23 14:33:02,083 : INFO : EventManager : Event: ======'slide_mission_pinball_removed'====== Args={'_from_bcp': True}
2022-10-23 14:33:02,084 : INFO : EventManager : Event: ======'slide_mission_pinball_created'====== Args={'_from_bcp': True}
2022-10-23 14:33:02,089 : INFO : EventManager : Event: ======'slide_mission_pinball_active'====== Args={'_from_bcp': True}
2022-10-23 14:33:05,077 : INFO : EventManager : Event: ======'slide_layout_main_removed'====== Args={'_from_bcp': True}
2022-10-23 14:33:05,080 : INFO : EventManager : Event: ======'slide_layout_main_created'====== Args={'_from_bcp': True}
2022-10-23 14:33:05,081 : INFO : EventManager : Event: ======'slide_empty_slide_removed'====== Args={'_from_bcp': True}
2022-10-23 14:33:05,082 : INFO : EventManager : Event: ======'slide_empty_slide_created'====== Args={'_from_bcp': True}
2022-10-23 14:33:05,085 : INFO : EventManager : Event: ======'slide_empty_slide_removed'====== Args={'_from_bcp': True}
2022-10-23 14:33:05,086 : INFO : EventManager : Event: ======'slide_empty_slide_created'====== Args={'_from_bcp': True}
2022-10-23 14:33:05,089 : INFO : EventManager : Event: ======'slide_empty_slide_removed'====== Args={'_from_bcp': True}
2022-10-23 14:33:05,090 : INFO : EventManager : Event: ======'slide_empty_slide_created'====== Args={'_from_bcp': True}
2022-10-23 14:33:05,094 : INFO : EventManager : Event: ======'slide_slide_4_removed'====== Args={'_from_bcp': True}
2022-10-23 14:33:05,095 : INFO : EventManager : Event: ======'slide_slide_4_created'====== Args={'_from_bcp': True}
2022-10-23 14:33:05,100 : INFO : EventManager : Event: ======'slide_slide_2_removed'====== Args={'_from_bcp': True}
2022-10-23 14:33:05,101 : INFO : EventManager : Event: ======'slide_slide_2_created'====== Args={'_from_bcp': True}
2022-10-23 14:33:05,102 : INFO : EventManager : Event: ======'slide_Title_slide_removed'====== Args={'_from_bcp': True}
2022-10-23 14:33:05,103 : INFO : EventManager : Event: ======'slide_Title_slide_created'====== Args={'_from_bcp': True}
2022-10-23 14:33:05,112 : INFO : EventManager : Event: ======'slide_layout_main_active'====== Args={'_from_bcp': True}
2022-10-23 14:33:05,112 : INFO : EventManager : Event: ======'slide_empty_slide_active'====== Args={'_from_bcp': True}
2022-10-23 14:33:05,113 : INFO : EventManager : Event: ======'slide_empty_slide_active'====== Args={'_from_bcp': True}
2022-10-23 14:33:05,114 : INFO : EventManager : Event: ======'slide_empty_slide_active'====== Args={'_from_bcp': True}
2022-10-23 14:33:05,115 : INFO : EventManager : Event: ======'slide_slide_4_active'====== Args={'_from_bcp': True}
2022-10-23 14:33:05,117 : INFO : EventManager : Event: ======'slide_slide_2_active'====== Args={'_from_bcp': True}
2022-10-23 14:33:05,118 : INFO : EventManager : Event: ======'slide_Title_slide_active'====== Args={'_from_bcp': True}
2022-10-23 14:33:15,049 : INFO : EventManager : Event: ======'slide_awesome_slide_removed'====== Args={'_from_bcp': True}
2022-10-23 14:33:15,055 : INFO : EventManager : Event: ======'slide_awesome_slide_created'====== Args={'_from_bcp': True}
2022-10-23 14:33:15,059 : INFO : EventManager : Event: ======'slide_awesome_slide_active'====== Args={'_from_bcp': True}
2022-10-23 14:33:18,051 : INFO : EventManager : Event: ======'slide_press_start_removed'====== Args={'_from_bcp': True}
2022-10-23 14:33:18,054 : INFO : EventManager : Event: ======'slide_press_start_created'====== Args={'_from_bcp': True}
2022-10-23 14:33:18,062 : INFO : EventManager : Event: ======'slide_press_start_active'====== Args={'_from_bcp': True}
2022-10-23 14:33:21,058 : INFO : EventManager : Event: ======'slide_mission_pinball_removed'====== Args={'_from_bcp': True}
2022-10-23 14:33:21,060 : INFO : EventManager : Event: ======'slide_mission_pinball_created'====== Args={'_from_bcp': True}
2022-10-23 14:33:21,064 : INFO : EventManager : Event: ======'slide_mission_pinball_active'====== Args={'_from_bcp': True}
2022-10-23 14:33:24,091 : INFO : EventManager : Event: ======'slide_layout_main_removed'====== Args={'_from_bcp': True}
2022-10-23 14:33:24,113 : INFO : EventManager : Event: ======'slide_layout_main_created'====== Args={'_from_bcp': True}
2022-10-23 14:33:24,116 : INFO : EventManager : Event: ======'slide_empty_slide_removed'====== Args={'_from_bcp': True}
2022-10-23 14:33:24,119 : INFO : EventManager : Event: ======'slide_empty_slide_created'====== Args={'_from_bcp': True}
2022-10-23 14:33:24,122 : INFO : EventManager : Event: ======'slide_empty_slide_removed'====== Args={'_from_bcp': True}
2022-10-23 14:33:24,123 : INFO : EventManager : Event: ======'slide_empty_slide_created'====== Args={'_from_bcp': True}
2022-10-23 14:33:24,127 : INFO : EventManager : Event: ======'slide_empty_slide_removed'====== Args={'_from_bcp': True}
2022-10-23 14:33:24,128 : INFO : EventManager : Event: ======'slide_empty_slide_created'====== Args={'_from_bcp': True}
2022-10-23 14:33:24,131 : INFO : EventManager : Event: ======'slide_slide_4_removed'====== Args={'_from_bcp': True}
2022-10-23 14:33:24,132 : INFO : EventManager : Event: ======'slide_slide_4_created'====== Args={'_from_bcp': True}
2022-10-23 14:33:24,134 : INFO : EventManager : Event: ======'slide_slide_2_removed'====== Args={'_from_bcp': True}
2022-10-23 14:33:24,138 : INFO : EventManager : Event: ======'slide_slide_2_created'====== Args={'_from_bcp': True}
2022-10-23 14:33:24,138 : INFO : EventManager : Event: ======'slide_Title_slide_removed'====== Args={'_from_bcp': True}
2022-10-23 14:33:24,139 : INFO : EventManager : Event: ======'slide_Title_slide_created'====== Args={'_from_bcp': True}
2022-10-23 14:33:24,157 : INFO : EventManager : Event: ======'slide_layout_main_active'====== Args={'_from_bcp': True}
2022-10-23 14:33:24,158 : INFO : EventManager : Event: ======'slide_empty_slide_active'====== Args={'_from_bcp': True}
2022-10-23 14:33:24,158 : INFO : EventManager : Event: ======'slide_empty_slide_active'====== Args={'_from_bcp': True}
2022-10-23 14:33:24,160 : INFO : EventManager : Event: ======'slide_empty_slide_active'====== Args={'_from_bcp': True}
2022-10-23 14:33:24,161 : INFO : EventManager : Event: ======'slide_slide_4_active'====== Args={'_from_bcp': True}
2022-10-23 14:33:24,162 : INFO : EventManager : Event: ======'slide_slide_2_active'====== Args={'_from_bcp': True}
2022-10-23 14:33:24,163 : INFO : EventManager : Event: ======'slide_Title_slide_active'====== Args={'_from_bcp': True}
2022-10-23 14:33:30,712 : INFO : Machine : Shutting down...
2022-10-23 14:33:30,713 : INFO : EventManager : Event: ======'shutdown'====== Args={}
2022-10-23 14:33:30,723 : INFO : root : MPF run loop ended.
