2022-10-01 20:18:18,477 : kivy : Factory: 186 symbols loaded
2022-10-01 20:18:18,657 : kivy : ImageLoaderFFPy: Using ffpyplayer 4.3.2
2022-10-01 20:18:18,657 : kivy : Image: Providers: img_tex, img_dds, img_sdl2, img_pil, img_ffpyplayer 
2022-10-01 20:18:18,696 : kivy : VideoGstplayer: Using Gstreamer 1.18.0.0
2022-10-01 20:18:18,696 : kivy : Video: Provider: gstplayer
2022-10-01 20:18:19,121 : kivy : Loading MPF-MC controller
2022-10-01 20:18:19,127 : YamlMultifileConfigLoader : Machine config file #1: config
2022-10-01 20:18:19,127 : ConfigProcessor : Config file in cache changed: C:\pinball\Pinball-MPF\mpfv1\config\config
2022-10-01 20:18:19,139 : ConfigProcessor : Loading config from file C:\Users\dorus\AppData\Local\Programs\Python\Python38\lib\site-packages\mpfmc\mcconfig.yaml.
2022-10-01 20:18:19,206 : ConfigProcessor : Loading config: C:\Users\dorus\AppData\Local\Programs\Python\Python38\lib\site-packages\mpfmc\mcconfig.yaml
2022-10-01 20:18:19,207 : ConfigProcessor : Loading config from file C:\pinball\Pinball-MPF\mpfv1\config\config.
2022-10-01 20:18:19,213 : ConfigProcessor : Loading config: C:\pinball\Pinball-MPF\mpfv1\config\config
2022-10-01 20:18:19,242 : ConfigProcessor : Loading config: C:\pinball\Pinball-MPF\mpfv1\config\hardware.yaml
2022-10-01 20:18:19,252 : ConfigProcessor : Loading config: C:\pinball\Pinball-MPF\mpfv1\config\sounds.yaml
2022-10-01 20:18:19,257 : ConfigProcessor : Loading config: C:\pinball\Pinball-MPF\mpfv1\config\display.yaml
2022-10-01 20:18:19,275 : ConfigProcessor : Loading config: C:\pinball\Pinball-MPF\mpfv1\config\keyboard.yaml
2022-10-01 20:18:19,290 : ConfigProcessor : Loading config: C:\pinball\Pinball-MPF\mpfv1\config\slides.yaml
2022-10-01 20:18:19,295 : ConfigProcessor : Loading config: C:\pinball\Pinball-MPF\mpfv1\config\light_shows.yaml
2022-10-01 20:18:19,298 : ConfigProcessor : Config file cache created: C:\Users\dorus\AppData\Local\Temp\2c72eb340730b16858938bc1db8d4d2b.mpf_cache
2022-10-01 20:18:19,298 : ConfigProcessor : Loading config from cache: C:\Users\dorus\AppData\Local\Temp\444cf03b543d197e203cfa23af3f8fc0.mpf_cache
2022-10-01 20:18:19,299 : ConfigProcessor : Loading config from cache: C:\Users\dorus\AppData\Local\Temp\336e6d2601ccb63523c70814805acbf1.mpf_cache
2022-10-01 20:18:19,300 : ConfigProcessor : Loading config from cache: C:\Users\dorus\AppData\Local\Temp\997bf01789d16ed996f231036966dd64.mpf_cache
2022-10-01 20:18:19,300 : ConfigProcessor : Loading config from cache: C:\Users\dorus\AppData\Local\Temp\99703a5eb7b45595525b767565d37410.mpf_cache
2022-10-01 20:18:19,301 : ConfigProcessor : Loading config from cache: C:\Users\dorus\AppData\Local\Temp\3bda3283678547d211760e16eb23b4da.mpf_cache
2022-10-01 20:18:19,301 : mpfmc : Mission Pinball Framework Media Controller v0.55.0
2022-10-01 20:18:19,301 : mpfmc : Mission Pinball Framework Game Engine v0.55.0
2022-10-01 20:18:19,301 : mpfmc : Machine path: C:\pinball\Pinball-MPF\mpfv1
2022-10-01 20:18:19,302 : mpfmc : Starting clock at 60.0Hz
2022-10-01 20:18:19,326 : kivy : Text: Provider: sdl2
2022-10-01 20:18:19,425 : kivy : Window: Provider: sdl2
2022-10-01 20:18:19,580 : kivy : GL: Using the "OpenGL" graphics system
2022-10-01 20:18:19,581 : kivy : GL: GLEW initialization succeeded
2022-10-01 20:18:19,582 : kivy : GL: Backend used <glew>
2022-10-01 20:18:19,582 : kivy : GL: OpenGL version <b'4.6.0 - Build 26.20.100.7372'>
2022-10-01 20:18:19,582 : kivy : GL: OpenGL vendor <b'Intel'>
2022-10-01 20:18:19,582 : kivy : GL: OpenGL renderer <b'Intel(R) UHD Graphics'>
2022-10-01 20:18:19,582 : kivy : GL: OpenGL parsed version: 4, 6
2022-10-01 20:18:19,582 : kivy : GL: Shading version <b'4.60 - Build 26.20.100.7372'>
2022-10-01 20:18:19,582 : kivy : GL: Texture max size <16384>
2022-10-01 20:18:19,582 : kivy : GL: Texture max units <32>
2022-10-01 20:18:19,631 : kivy : Window: auto add sdl2 input provider
2022-10-01 20:18:19,631 : kivy : Window: virtual keyboard not allowed, single mode, not docked
2022-10-01 20:18:19,885 : AudioInterface : Initialized
2022-10-01 20:18:19,886 : AudioInterface : Loaded SDL 2.0.12
2022-10-01 20:18:19,886 : AudioInterface : Loaded SDL_Mixer 2.0.4
2022-10-01 20:18:19,886 : AudioInterface : Loaded GStreamer 1.18.0.0
2022-10-01 20:18:19,886 : AudioInterface : Loaded GLib 2.62.6
2022-10-01 20:18:19,886 : AudioInterface : Settings requested - rate: 44100, channels: 1, buffer: 2048 samples
2022-10-01 20:18:19,886 : AudioInterface : Settings in use - rate: 44100, channels: 1, buffer: 2048 samples (4096 bytes @ 2 bytes per sample)
2022-10-01 20:18:19,886 : SoundSystem : Setting master volume to 0.0
2022-10-01 20:18:19,886 : SoundSystem : master_volume in sound_system is deprecated and will be removed in the future.
2022-10-01 20:18:19,886 : AudioInterface : Enabling audio playback
2022-10-01 20:18:19,888 : kivy : Base: Start application main loop
2022-10-01 20:18:19,888 : EventManager : Event: ======'display_default_initialized'====== Args={}
2022-10-01 20:18:19,902 : mpfmc : Display: Setting 'default' as default display
2022-10-01 20:18:19,906 : mpfmc : ASPECT RATIO MISMATCH: The on-screen window is not the same aspect ratio as the display called 'default'. The logical display will be scaled from 800x600 to the window size 1000x800, and a black bar will make up the difference
2022-10-01 20:18:19,908 : EventManager : Event: ======'displays_initialized'====== Args={}
2022-10-01 20:18:19,909 : EventManager : Event: ======'slide_default_blank_created'====== Args={}
2022-10-01 20:18:19,909 : EventManager : Event: ======'display_default_ready'====== Args={}
2022-10-01 20:18:19,921 : EventManager : Event: ======'init_phase_1'====== Args={}
2022-10-01 20:18:19,924 : EventManager : Event: ======'mc_ready'====== Args={}
2022-10-01 20:18:19,924 : EventManager : Event: ======'init_phase_2'====== Args={}
2022-10-01 20:18:19,926 : EventManager : Event: ======'init_phase_3'====== Args={}
2022-10-01 20:18:19,928 : EventManager : Event: ======'init_phase_4'====== Args={}
2022-10-01 20:18:19,928 : EventManager : Event: ======'init_phase_5'====== Args={}
2022-10-01 20:18:19,928 : EventManager : Event: ======'init_done'====== Args={}
2022-10-01 20:18:19,928 : MPF-MC BCP Server : Starting up on localhost port 5050
2022-10-01 20:18:19,934 : MPF-MC BCP Server : Waiting for a connection...
2022-10-01 20:18:19,934 : mpfmc : SlidePlayer: Play called with settings={'slides': {welcome_slide-None-None: {'priority': None, 'target': None, 'background_color': [0.0, 0.0, 0.0, 1.0], 'show': True, 'force': False, 'expire': None, 'slide': None, 'tokens': {}, 'action': 'play', 'transition': None, 'transition_out': None}}}
2022-10-01 20:18:19,937 : kivy : GL: NPOT texture support is available
2022-10-01 20:18:19,938 : EventManager : Event: ======'slide_welcome_slide_created'====== Args={}
2022-10-01 20:18:19,941 : EventManager : Event: ======'slide_welcome_slide_active'====== Args={}
2022-10-01 20:18:19,946 : EventManager : Event: ======'client_disconnected'====== Args={'host': '127.0.0.1', 'port': 5050}
2022-10-01 20:18:20,685 : MPF-MC BCP Server : Received connection from: 127.0.0.1:52940
2022-10-01 20:18:20,697 : EventManager : Event: ======'client_connected'====== Args={'host': '127.0.0.1', 'port': 52940}
2022-10-01 20:18:20,709 : EventManager : Event: ======'machine_var_credits_string'====== Args={'value': 'FREE PLAY', 'prev_value': None, 'change': True}
2022-10-01 20:18:20,710 : EventManager : Event: ======'machine_var_master_volume'====== Args={'value': 0.5, 'prev_value': None, 'change': True}
2022-10-01 20:18:20,710 : EventManager : Event: ======'machine_var_player1_score'====== Args={'value': 33100, 'prev_value': None, 'change': True}
2022-10-01 20:18:20,710 : EventManager : Event: ======'machine_var_mpf_version'====== Args={'value': 'MPF v0.55.0', 'prev_value': None, 'change': True}
2022-10-01 20:18:20,710 : EventManager : Event: ======'machine_var_mpf_extended_version'====== Args={'value': 'MPF v0.55.0, Config version:5, Show version: 5, BCP version:1.1', 'prev_value': None, 'change': True}
2022-10-01 20:18:20,710 : EventManager : Event: ======'machine_var_python_version'====== Args={'value': '3.8.10', 'prev_value': None, 'change': True}
2022-10-01 20:18:20,710 : EventManager : Event: ======'machine_var_platform'====== Args={'value': 'Windows-10-10.0.19044-SP0', 'prev_value': None, 'change': True}
2022-10-01 20:18:20,710 : EventManager : Event: ======'machine_var_platform_system'====== Args={'value': 'Windows', 'prev_value': None, 'change': True}
2022-10-01 20:18:20,710 : EventManager : Event: ======'machine_var_platform_release'====== Args={'value': '10', 'prev_value': None, 'change': True}
2022-10-01 20:18:20,710 : EventManager : Event: ======'machine_var_platform_version'====== Args={'value': '10.0.19044', 'prev_value': None, 'change': True}
2022-10-01 20:18:20,710 : EventManager : Event: ======'machine_var_platform_machine'====== Args={'value': 'AMD64', 'prev_value': None, 'change': True}
2022-10-01 20:18:20,710 : EventManager : Event: ======'machine_var_mc_version'====== Args={'value': 'MPF-MC v0.55.0', 'prev_value': None, 'change': True}
2022-10-01 20:18:20,710 : EventManager : Event: ======'machine_var_mc_extended_version'====== Args={'value': 'MPF-MC v0.55.0 (config_version=5, BCP v1.1, Requires MPF v0.55.0-dev.49)', 'prev_value': None, 'change': True}
2022-10-01 20:18:20,710 : SoundSystem : Setting master volume to 0.5
2022-10-01 20:18:20,811 : EventManager : Event: ======'machine_var_audits_events_game_ended'====== Args={'value': 0, 'prev_value': None, 'change': True}
2022-10-01 20:18:20,823 : EventManager : Event: ======'machine_var_audits_events_game_started'====== Args={'value': 0, 'prev_value': None, 'change': True}
2022-10-01 20:18:20,823 : EventManager : Event: ======'machine_var_audits_player_score'====== Args={'value': {'average': 26575.0, 'top': [41000, 33100, 31800, 31200, 27600, 20200, 17500, 10200], 'total': 8}, 'prev_value': None, 'change': True}
2022-10-01 20:18:20,823 : EventManager : Event: ======'machine_var_audits_shots_lane_top_1'====== Args={'value': 124, 'prev_value': None, 'change': True}
2022-10-01 20:18:20,823 : EventManager : Event: ======'machine_var_audits_shots_lane_top_2'====== Args={'value': 119, 'prev_value': None, 'change': True}
2022-10-01 20:18:20,823 : EventManager : Event: ======'machine_var_audits_shots_lane_top_3'====== Args={'value': 99, 'prev_value': None, 'change': True}
2022-10-01 20:18:20,823 : EventManager : Event: ======'machine_var_audits_shots_orbit'====== Args={'value': 23, 'prev_value': None, 'change': True}
2022-10-01 20:18:20,823 : EventManager : Event: ======'machine_var_audits_shots_spinner'====== Args={'value': 178, 'prev_value': None, 'change': True}
2022-10-01 20:18:20,823 : EventManager : Event: ======'machine_var_audits_switches_s_bottomlane1'====== Args={'value': 12, 'prev_value': None, 'change': True}
2022-10-01 20:18:20,823 : EventManager : Event: ======'machine_var_audits_switches_s_bottomlane2'====== Args={'value': 26, 'prev_value': None, 'change': True}
2022-10-01 20:18:20,823 : EventManager : Event: ======'machine_var_audits_switches_s_bottomlane3'====== Args={'value': 24, 'prev_value': None, 'change': True}
2022-10-01 20:18:20,823 : EventManager : Event: ======'machine_var_audits_switches_s_bottomlane4'====== Args={'value': 32, 'prev_value': None, 'change': True}
2022-10-01 20:18:20,823 : EventManager : Event: ======'machine_var_audits_switches_s_bottomlane5'====== Args={'value': 10, 'prev_value': None, 'change': True}
2022-10-01 20:18:20,823 : EventManager : Event: ======'machine_var_audits_switches_s_drop1'====== Args={'value': 35, 'prev_value': None, 'change': True}
2022-10-01 20:18:20,823 : EventManager : Event: ======'machine_var_audits_switches_s_drop2'====== Args={'value': 17, 'prev_value': None, 'change': True}
2022-10-01 20:18:20,823 : EventManager : Event: ======'machine_var_audits_switches_s_drop3'====== Args={'value': 15, 'prev_value': None, 'change': True}
2022-10-01 20:18:20,824 : EventManager : Event: ======'machine_var_audits_switches_s_launch'====== Args={'value': 11, 'prev_value': None, 'change': True}
2022-10-01 20:18:20,824 : EventManager : Event: ======'machine_var_audits_switches_s_left01'====== Args={'value': 26, 'prev_value': None, 'change': True}
2022-10-01 20:18:20,824 : EventManager : Event: ======'machine_var_audits_switches_s_left02'====== Args={'value': 27, 'prev_value': None, 'change': True}
2022-10-01 20:18:20,824 : EventManager : Event: ======'machine_var_audits_switches_s_left03'====== Args={'value': 20, 'prev_value': None, 'change': True}
2022-10-01 20:18:20,824 : EventManager : Event: ======'machine_var_audits_switches_s_left_sling'====== Args={'value': 51, 'prev_value': None, 'change': True}
2022-10-01 20:18:20,824 : EventManager : Event: ======'machine_var_audits_switches_s_orbit1'====== Args={'value': 45, 'prev_value': None, 'change': True}
2022-10-01 20:18:20,824 : EventManager : Event: ======'machine_var_audits_switches_s_orbit2'====== Args={'value': 0, 'prev_value': None, 'change': True}
2022-10-01 20:18:20,824 : EventManager : Event: ======'machine_var_audits_switches_s_plunger_lane'====== Args={'value': 87, 'prev_value': None, 'change': True}
2022-10-01 20:18:20,824 : EventManager : Event: ======'machine_var_audits_switches_s_popbumber_1'====== Args={'value': 52, 'prev_value': None, 'change': True}
2022-10-01 20:18:20,824 : EventManager : Event: ======'machine_var_audits_switches_s_popbumber_2'====== Args={'value': 82, 'prev_value': None, 'change': True}
2022-10-01 20:18:20,824 : EventManager : Event: ======'machine_var_audits_switches_s_popbumber_3'====== Args={'value': 31, 'prev_value': None, 'change': True}
2022-10-01 20:18:20,824 : EventManager : Event: ======'machine_var_audits_switches_s_ramp'====== Args={'value': 34, 'prev_value': None, 'change': True}
2022-10-01 20:18:20,824 : EventManager : Event: ======'machine_var_audits_switches_s_right_sling'====== Args={'value': 103, 'prev_value': None, 'change': True}
2022-10-01 20:18:20,824 : EventManager : Event: ======'machine_var_audits_switches_s_rigth01'====== Args={'value': 54, 'prev_value': None, 'change': True}
2022-10-01 20:18:20,824 : EventManager : Event: ======'machine_var_audits_switches_s_rigth02'====== Args={'value': 23, 'prev_value': None, 'change': True}
2022-10-01 20:18:20,824 : EventManager : Event: ======'machine_var_audits_switches_s_rigth03'====== Args={'value': 14, 'prev_value': None, 'change': True}
2022-10-01 20:18:20,824 : EventManager : Event: ======'machine_var_audits_switches_s_spinner'====== Args={'value': 271, 'prev_value': None, 'change': True}
2022-10-01 20:18:20,824 : EventManager : Event: ======'machine_var_audits_switches_s_start'====== Args={'value': 0, 'prev_value': None, 'change': True}
2022-10-01 20:18:20,824 : EventManager : Event: ======'machine_var_audits_switches_s_top'====== Args={'value': 11, 'prev_value': None, 'change': True}
2022-10-01 20:18:20,825 : EventManager : Event: ======'machine_var_audits_switches_s_toplane1'====== Args={'value': 211, 'prev_value': None, 'change': True}
2022-10-01 20:18:20,825 : EventManager : Event: ======'machine_var_audits_switches_s_toplane2'====== Args={'value': 126, 'prev_value': None, 'change': True}
2022-10-01 20:18:20,825 : EventManager : Event: ======'machine_var_audits_switches_s_toplane3'====== Args={'value': 106, 'prev_value': None, 'change': True}
2022-10-01 20:18:20,825 : EventManager : Event: ======'machine_var_audits_switches_s_trough1'====== Args={'value': 31, 'prev_value': None, 'change': True}
2022-10-01 20:18:20,825 : EventManager : Event: ======'machine_var_audits_switches_s_trough2'====== Args={'value': 34, 'prev_value': None, 'change': True}
2022-10-01 20:18:20,825 : EventManager : Event: ======'machine_var_audits_switches_s_trough3'====== Args={'value': 26, 'prev_value': None, 'change': True}
2022-10-01 20:18:20,825 : EventManager : Event: ======'machine_var_audits_switches_s_trough4'====== Args={'value': 39, 'prev_value': None, 'change': True}
2022-10-01 20:18:20,825 : EventManager : Event: ======'machine_var_audits_switches_s_trough5'====== Args={'value': 25, 'prev_value': None, 'change': True}
2022-10-01 20:18:20,825 : EventManager : Event: ======'machine_var_audits_switches_s_trough6'====== Args={'value': 24, 'prev_value': None, 'change': True}
2022-10-01 20:18:20,826 : EventManager : Event: ======'machine_var_audits_switches_s_trough_jam'====== Args={'value': 26, 'prev_value': None, 'change': True}
2022-10-01 20:18:20,826 : EventManager : Event: ======'machine_var_audits_switches_s_vukmid'====== Args={'value': 43, 'prev_value': None, 'change': True}
2022-10-01 20:18:20,826 : EventManager : Event: ======'machine_var_audits_switches_s_vuktop'====== Args={'value': 9, 'prev_value': None, 'change': True}
2022-10-01 20:18:20,847 : EventManager : Event: ======'slides_play'====== Args={'settings': {'welcome_slide': {'target': None, 'background_color': [0.0, 0.0, 0.0, 1.0], 'priority': None, 'show': True, 'force': False, 'expire': None, 'slide': None, 'tokens': {}, 'action': 'play'}}, 'context': '_global', 'calling_context': 'init_done', 'priority': 0}
2022-10-01 20:18:20,847 : EventManager : Event: ======'mc_reset_phase_1'====== Args={}
2022-10-01 20:18:20,847 : mpfmc : SlidePlayer: Play called with settings={'welcome_slide': {'target': None, 'background_color': [0.0, 0.0, 0.0, 1.0], 'priority': None, 'show': True, 'force': False, 'expire': None, 'slide': None, 'tokens': {}, 'action': 'play'}}
2022-10-01 20:18:20,847 : EventManager : Event: ======'slide_welcome_slide_removed'====== Args={}
2022-10-01 20:18:20,850 : EventManager : Event: ======'slide_welcome_slide_created'====== Args={}
2022-10-01 20:18:20,850 : EventManager : Event: ======'mc_reset_phase_2'====== Args={}
2022-10-01 20:18:20,850 : EventManager : Event: ======'mc_reset_phase_3'====== Args={}
2022-10-01 20:18:20,850 : EventManager : Event: ======'mc_reset_complete'====== Args={}
2022-10-01 20:18:20,850 : EventManager : Event: ======'slide_welcome_slide_active'====== Args={}
2022-10-01 20:18:20,867 : EventManager : Event: ======'slides_play'====== Args={'settings': {'awesome_slide': {'transition': {'type': 'push', 'duration': 1.0, 'direction': 'left', 'easing': 'out_quad'}, 'target': None, 'background_color': [0.0, 0.0, 0.0, 1.0], 'priority': None, 'show': True, 'force': False, 'expire': None, 'slide': None, 'tokens': {}, 'action': 'play'}}, 'context': 'show_2', 'calling_context': 0, 'priority': 10, 'show_tokens': {}, 'start_time': 1323976.343}
2022-10-01 20:18:20,867 : EventManager : Event: ======'sounds_play'====== Args={'settings': {'musicslow': {'action': 'play', 'loops': -1, 'priority': None, 'block': False, 'delay': None, 'track': None, 'volume': None, 'pan': None, 'start_at': None, 'fade_in': None, 'fade_out': None, 'about_to_finish_time': -1.0, 'max_queue_time': -1.0, 'events_when_played': ['use_sound_setting'], 'events_when_stopped': ['use_sound_setting'], 'events_when_looping': ['use_sound_setting'], 'events_when_about_to_finish': ['use_sound_setting'], 'mode_end_action': 'use_sound_setting', 'key': 'use_sound_setting'}}, 'context': '_global', 'calling_context': 'mode_attract_started', 'priority': 0}
2022-10-01 20:18:20,867 : mpfmc : SlidePlayer: Play called with settings={'awesome_slide': {'transition': {'type': 'push', 'duration': 1.0, 'direction': 'left', 'easing': 'out_quad'}, 'target': None, 'background_color': [0.0, 0.0, 0.0, 1.0], 'priority': None, 'show': True, 'force': False, 'expire': None, 'slide': None, 'tokens': {}, 'action': 'play'}}
2022-10-01 20:18:20,870 : EventManager : Event: ======'slide_awesome_slide_created'====== Args={}
2022-10-01 20:18:20,871 : EventManager : Event: ======'slide_awesome_slide_active'====== Args={}
2022-10-01 20:18:20,894 : EventManager : Event: ======'loading_assets'====== Args={'total': 1, 'loaded': 1, 'remaining': 0, 'percent': 100}
2022-10-01 20:18:20,894 : AssetManager : Asset loading took: 1.0084824562072754
2022-10-01 20:18:20,894 : EventManager : Event: ======'asset_loading_complete'====== Args={}
2022-10-01 20:18:20,894 : AssetManager : Loading assets: 1/1 (100%)
2022-10-01 20:18:23,876 : EventManager : Event: ======'slides_play'====== Args={'settings': {'press_start': {'transition': {'type': 'move_in', 'duration': 1.0, 'direction': 'right', 'easing': 'out_quad'}, 'target': None, 'background_color': [0.0, 0.0, 0.0, 1.0], 'priority': None, 'show': True, 'force': False, 'expire': None, 'slide': None, 'tokens': {}, 'action': 'play'}}, 'context': 'show_2', 'calling_context': 1, 'priority': 10, 'show_tokens': {}, 'start_time': 1323979.343}
2022-10-01 20:18:23,876 : mpfmc : SlidePlayer: Play called with settings={'press_start': {'transition': {'type': 'move_in', 'duration': 1.0, 'direction': 'right', 'easing': 'out_quad'}, 'target': None, 'background_color': [0.0, 0.0, 0.0, 1.0], 'priority': None, 'show': True, 'force': False, 'expire': None, 'slide': None, 'tokens': {}, 'action': 'play'}}
2022-10-01 20:18:23,882 : EventManager : Event: ======'slide_press_start_created'====== Args={}
2022-10-01 20:18:23,883 : EventManager : Event: ======'slide_press_start_active'====== Args={}
2022-10-01 20:18:26,869 : EventManager : Event: ======'slides_play'====== Args={'settings': {'mission_pinball': {'transition': {'type': 'move_in', 'duration': 1.0, 'direction': 'top', 'easing': 'out_quad'}, 'target': None, 'background_color': [0.0, 0.0, 0.0, 1.0], 'priority': None, 'show': True, 'force': False, 'expire': None, 'slide': None, 'tokens': {}, 'action': 'play'}}, 'context': 'show_2', 'calling_context': 2, 'priority': 10, 'show_tokens': {}, 'start_time': 1323982.343}
2022-10-01 20:18:26,869 : mpfmc : SlidePlayer: Play called with settings={'mission_pinball': {'transition': {'type': 'move_in', 'duration': 1.0, 'direction': 'top', 'easing': 'out_quad'}, 'target': None, 'background_color': [0.0, 0.0, 0.0, 1.0], 'priority': None, 'show': True, 'force': False, 'expire': None, 'slide': None, 'tokens': {}, 'action': 'play'}}
2022-10-01 20:18:26,873 : EventManager : Event: ======'slide_mission_pinball_created'====== Args={}
2022-10-01 20:18:26,874 : EventManager : Event: ======'slide_mission_pinball_active'====== Args={}
2022-10-01 20:18:29,875 : EventManager : Event: ======'slides_play'====== Args={'settings': {'awesome_slide': {'transition': {'type': 'push', 'duration': 1.0, 'direction': 'left', 'easing': 'out_quad'}, 'target': None, 'background_color': [0.0, 0.0, 0.0, 1.0], 'priority': None, 'show': True, 'force': False, 'expire': None, 'slide': None, 'tokens': {}, 'action': 'play'}}, 'context': 'show_2', 'calling_context': 0, 'priority': 10, 'show_tokens': {}, 'start_time': 1323985.343}
2022-10-01 20:18:29,875 : mpfmc : SlidePlayer: Play called with settings={'awesome_slide': {'transition': {'type': 'push', 'duration': 1.0, 'direction': 'left', 'easing': 'out_quad'}, 'target': None, 'background_color': [0.0, 0.0, 0.0, 1.0], 'priority': None, 'show': True, 'force': False, 'expire': None, 'slide': None, 'tokens': {}, 'action': 'play'}}
2022-10-01 20:18:29,876 : EventManager : Event: ======'slide_awesome_slide_removed'====== Args={}
2022-10-01 20:18:29,879 : EventManager : Event: ======'slide_awesome_slide_created'====== Args={}
2022-10-01 20:18:29,880 : EventManager : Event: ======'slide_awesome_slide_active'====== Args={}
2022-10-01 20:18:32,861 : EventManager : Event: ======'slides_play'====== Args={'settings': {'press_start': {'transition': {'type': 'move_in', 'duration': 1.0, 'direction': 'right', 'easing': 'out_quad'}, 'target': None, 'background_color': [0.0, 0.0, 0.0, 1.0], 'priority': None, 'show': True, 'force': False, 'expire': None, 'slide': None, 'tokens': {}, 'action': 'play'}}, 'context': 'show_2', 'calling_context': 1, 'priority': 10, 'show_tokens': {}, 'start_time': 1323988.343}
2022-10-01 20:18:32,861 : mpfmc : SlidePlayer: Play called with settings={'press_start': {'transition': {'type': 'move_in', 'duration': 1.0, 'direction': 'right', 'easing': 'out_quad'}, 'target': None, 'background_color': [0.0, 0.0, 0.0, 1.0], 'priority': None, 'show': True, 'force': False, 'expire': None, 'slide': None, 'tokens': {}, 'action': 'play'}}
2022-10-01 20:18:32,862 : EventManager : Event: ======'slide_press_start_removed'====== Args={}
2022-10-01 20:18:32,867 : EventManager : Event: ======'slide_press_start_created'====== Args={}
2022-10-01 20:18:32,868 : EventManager : Event: ======'slide_press_start_active'====== Args={}
2022-10-01 20:18:35,850 : EventManager : Event: ======'slides_play'====== Args={'settings': {'mission_pinball': {'transition': {'type': 'move_in', 'duration': 1.0, 'direction': 'top', 'easing': 'out_quad'}, 'target': None, 'background_color': [0.0, 0.0, 0.0, 1.0], 'priority': None, 'show': True, 'force': False, 'expire': None, 'slide': None, 'tokens': {}, 'action': 'play'}}, 'context': 'show_2', 'calling_context': 2, 'priority': 10, 'show_tokens': {}, 'start_time': 1323991.343}
2022-10-01 20:18:35,850 : mpfmc : SlidePlayer: Play called with settings={'mission_pinball': {'transition': {'type': 'move_in', 'duration': 1.0, 'direction': 'top', 'easing': 'out_quad'}, 'target': None, 'background_color': [0.0, 0.0, 0.0, 1.0], 'priority': None, 'show': True, 'force': False, 'expire': None, 'slide': None, 'tokens': {}, 'action': 'play'}}
2022-10-01 20:18:35,851 : EventManager : Event: ======'slide_mission_pinball_removed'====== Args={}
2022-10-01 20:18:35,854 : EventManager : Event: ======'slide_mission_pinball_created'====== Args={}
2022-10-01 20:18:35,855 : EventManager : Event: ======'slide_mission_pinball_active'====== Args={}
2022-10-01 20:18:38,874 : EventManager : Event: ======'slides_play'====== Args={'settings': {'awesome_slide': {'transition': {'type': 'push', 'duration': 1.0, 'direction': 'left', 'easing': 'out_quad'}, 'target': None, 'background_color': [0.0, 0.0, 0.0, 1.0], 'priority': None, 'show': True, 'force': False, 'expire': None, 'slide': None, 'tokens': {}, 'action': 'play'}}, 'context': 'show_2', 'calling_context': 0, 'priority': 10, 'show_tokens': {}, 'start_time': 1323994.343}
2022-10-01 20:18:38,874 : mpfmc : SlidePlayer: Play called with settings={'awesome_slide': {'transition': {'type': 'push', 'duration': 1.0, 'direction': 'left', 'easing': 'out_quad'}, 'target': None, 'background_color': [0.0, 0.0, 0.0, 1.0], 'priority': None, 'show': True, 'force': False, 'expire': None, 'slide': None, 'tokens': {}, 'action': 'play'}}
2022-10-01 20:18:38,875 : EventManager : Event: ======'slide_awesome_slide_removed'====== Args={}
2022-10-01 20:18:38,880 : EventManager : Event: ======'slide_awesome_slide_created'====== Args={}
2022-10-01 20:18:38,882 : EventManager : Event: ======'slide_awesome_slide_active'====== Args={}
2022-10-01 20:18:41,874 : EventManager : Event: ======'slides_play'====== Args={'settings': {'press_start': {'transition': {'type': 'move_in', 'duration': 1.0, 'direction': 'right', 'easing': 'out_quad'}, 'target': None, 'background_color': [0.0, 0.0, 0.0, 1.0], 'priority': None, 'show': True, 'force': False, 'expire': None, 'slide': None, 'tokens': {}, 'action': 'play'}}, 'context': 'show_2', 'calling_context': 1, 'priority': 10, 'show_tokens': {}, 'start_time': 1323997.343}
2022-10-01 20:18:41,874 : mpfmc : SlidePlayer: Play called with settings={'press_start': {'transition': {'type': 'move_in', 'duration': 1.0, 'direction': 'right', 'easing': 'out_quad'}, 'target': None, 'background_color': [0.0, 0.0, 0.0, 1.0], 'priority': None, 'show': True, 'force': False, 'expire': None, 'slide': None, 'tokens': {}, 'action': 'play'}}
2022-10-01 20:18:41,875 : EventManager : Event: ======'slide_press_start_removed'====== Args={}
2022-10-01 20:18:41,881 : EventManager : Event: ======'slide_press_start_created'====== Args={}
2022-10-01 20:18:41,883 : EventManager : Event: ======'slide_press_start_active'====== Args={}
2022-10-01 20:18:44,865 : EventManager : Event: ======'slides_play'====== Args={'settings': {'mission_pinball': {'transition': {'type': 'move_in', 'duration': 1.0, 'direction': 'top', 'easing': 'out_quad'}, 'target': None, 'background_color': [0.0, 0.0, 0.0, 1.0], 'priority': None, 'show': True, 'force': False, 'expire': None, 'slide': None, 'tokens': {}, 'action': 'play'}}, 'context': 'show_2', 'calling_context': 2, 'priority': 10, 'show_tokens': {}, 'start_time': 1324000.343}
2022-10-01 20:18:44,865 : mpfmc : SlidePlayer: Play called with settings={'mission_pinball': {'transition': {'type': 'move_in', 'duration': 1.0, 'direction': 'top', 'easing': 'out_quad'}, 'target': None, 'background_color': [0.0, 0.0, 0.0, 1.0], 'priority': None, 'show': True, 'force': False, 'expire': None, 'slide': None, 'tokens': {}, 'action': 'play'}}
2022-10-01 20:18:44,866 : EventManager : Event: ======'slide_mission_pinball_removed'====== Args={}
2022-10-01 20:18:44,868 : EventManager : Event: ======'slide_mission_pinball_created'====== Args={}
2022-10-01 20:18:44,869 : EventManager : Event: ======'slide_mission_pinball_active'====== Args={}
2022-10-01 20:18:47,862 : EventManager : Event: ======'slides_play'====== Args={'settings': {'awesome_slide': {'transition': {'type': 'push', 'duration': 1.0, 'direction': 'left', 'easing': 'out_quad'}, 'target': None, 'background_color': [0.0, 0.0, 0.0, 1.0], 'priority': None, 'show': True, 'force': False, 'expire': None, 'slide': None, 'tokens': {}, 'action': 'play'}}, 'context': 'show_2', 'calling_context': 0, 'priority': 10, 'show_tokens': {}, 'start_time': 1324003.343}
2022-10-01 20:18:47,862 : mpfmc : SlidePlayer: Play called with settings={'awesome_slide': {'transition': {'type': 'push', 'duration': 1.0, 'direction': 'left', 'easing': 'out_quad'}, 'target': None, 'background_color': [0.0, 0.0, 0.0, 1.0], 'priority': None, 'show': True, 'force': False, 'expire': None, 'slide': None, 'tokens': {}, 'action': 'play'}}
2022-10-01 20:18:47,863 : EventManager : Event: ======'slide_awesome_slide_removed'====== Args={}
2022-10-01 20:18:47,866 : EventManager : Event: ======'slide_awesome_slide_created'====== Args={}
2022-10-01 20:18:47,867 : EventManager : Event: ======'slide_awesome_slide_active'====== Args={}
2022-10-01 20:18:50,870 : EventManager : Event: ======'slides_play'====== Args={'settings': {'press_start': {'transition': {'type': 'move_in', 'duration': 1.0, 'direction': 'right', 'easing': 'out_quad'}, 'target': None, 'background_color': [0.0, 0.0, 0.0, 1.0], 'priority': None, 'show': True, 'force': False, 'expire': None, 'slide': None, 'tokens': {}, 'action': 'play'}}, 'context': 'show_2', 'calling_context': 1, 'priority': 10, 'show_tokens': {}, 'start_time': 1324006.343}
2022-10-01 20:18:50,870 : mpfmc : SlidePlayer: Play called with settings={'press_start': {'transition': {'type': 'move_in', 'duration': 1.0, 'direction': 'right', 'easing': 'out_quad'}, 'target': None, 'background_color': [0.0, 0.0, 0.0, 1.0], 'priority': None, 'show': True, 'force': False, 'expire': None, 'slide': None, 'tokens': {}, 'action': 'play'}}
2022-10-01 20:18:50,871 : EventManager : Event: ======'slide_press_start_removed'====== Args={}
2022-10-01 20:18:50,876 : EventManager : Event: ======'slide_press_start_created'====== Args={}
2022-10-01 20:18:50,878 : EventManager : Event: ======'slide_press_start_active'====== Args={}
2022-10-01 20:18:53,849 : EventManager : Event: ======'slides_play'====== Args={'settings': {'mission_pinball': {'transition': {'type': 'move_in', 'duration': 1.0, 'direction': 'top', 'easing': 'out_quad'}, 'target': None, 'background_color': [0.0, 0.0, 0.0, 1.0], 'priority': None, 'show': True, 'force': False, 'expire': None, 'slide': None, 'tokens': {}, 'action': 'play'}}, 'context': 'show_2', 'calling_context': 2, 'priority': 10, 'show_tokens': {}, 'start_time': 1324009.343}
2022-10-01 20:18:53,849 : mpfmc : SlidePlayer: Play called with settings={'mission_pinball': {'transition': {'type': 'move_in', 'duration': 1.0, 'direction': 'top', 'easing': 'out_quad'}, 'target': None, 'background_color': [0.0, 0.0, 0.0, 1.0], 'priority': None, 'show': True, 'force': False, 'expire': None, 'slide': None, 'tokens': {}, 'action': 'play'}}
2022-10-01 20:18:53,849 : EventManager : Event: ======'slide_mission_pinball_removed'====== Args={}
2022-10-01 20:18:53,853 : EventManager : Event: ======'slide_mission_pinball_created'====== Args={}
2022-10-01 20:18:53,854 : EventManager : Event: ======'slide_mission_pinball_active'====== Args={}
2022-10-01 20:18:56,872 : EventManager : Event: ======'slides_play'====== Args={'settings': {'awesome_slide': {'transition': {'type': 'push', 'duration': 1.0, 'direction': 'left', 'easing': 'out_quad'}, 'target': None, 'background_color': [0.0, 0.0, 0.0, 1.0], 'priority': None, 'show': True, 'force': False, 'expire': None, 'slide': None, 'tokens': {}, 'action': 'play'}}, 'context': 'show_2', 'calling_context': 0, 'priority': 10, 'show_tokens': {}, 'start_time': 1324012.343}
2022-10-01 20:18:56,873 : mpfmc : SlidePlayer: Play called with settings={'awesome_slide': {'transition': {'type': 'push', 'duration': 1.0, 'direction': 'left', 'easing': 'out_quad'}, 'target': None, 'background_color': [0.0, 0.0, 0.0, 1.0], 'priority': None, 'show': True, 'force': False, 'expire': None, 'slide': None, 'tokens': {}, 'action': 'play'}}
2022-10-01 20:18:56,873 : EventManager : Event: ======'slide_awesome_slide_removed'====== Args={}
2022-10-01 20:18:56,876 : EventManager : Event: ======'slide_awesome_slide_created'====== Args={}
2022-10-01 20:18:56,877 : EventManager : Event: ======'slide_awesome_slide_active'====== Args={}
2022-10-01 20:18:58,439 : kivy : Base: Leaving application in progress...
2022-10-01 20:18:58,609 : mpfmc : Stopping...
2022-10-01 20:18:58,610 : EventManager : Event: ======'shutdown'====== Args={}
2022-10-01 20:18:58,610 : AudioInterface : Disabling audio playback
2022-10-01 20:18:58,610 : mpfmc : Loop rate 81.17 Hz
2022-10-01 20:18:58,610 : kivy : MC run loop ended.
2022-10-01 20:18:58,610 : kivy : Stopping child threads... (3 remaining)
2022-10-01 20:18:59,481 : mpfmc : Stopping...
2022-10-01 20:18:59,481 : EventManager : Event: ======'shutdown'====== Args={}
2022-10-01 20:18:59,481 : mpfmc : Loop rate 79.38 Hz
2022-10-01 20:18:59,589 : MPF-MC BCP Server : Stopping BCP sending thread
2022-10-01 20:18:59,698 : kivy : All child threads stopped.
