2022-10-24 19:38:49,604 : kivy : Factory: 186 symbols loaded
2022-10-24 19:38:50,092 : kivy : ImageLoaderFFPy: Using ffpyplayer 4.3.2
2022-10-24 19:38:50,093 : kivy : Image: Providers: img_tex, img_dds, img_sdl2, img_pil, img_ffpyplayer 
2022-10-24 19:38:50,225 : kivy : VideoGstplayer: Using Gstreamer 1.18.0.0
2022-10-24 19:38:50,225 : kivy : Video: Provider: gstplayer
2022-10-24 19:38:50,949 : kivy : Loading MPF-MC controller
2022-10-24 19:38:50,956 : YamlMultifileConfigLoader : Machine config file #1: config
2022-10-24 19:38:50,957 : ConfigProcessor : Config file in cache changed: C:\Users\dorus\OneDrive\Documents\Pinball\Github\Pinball-MPF\mpfv1\config\config
2022-10-24 19:38:50,968 : ConfigProcessor : Loading config from file C:\Users\dorus\AppData\Local\Programs\Python\Python38\lib\site-packages\mpfmc\mcconfig.yaml.
2022-10-24 19:38:51,035 : ConfigProcessor : Loading config: C:\Users\dorus\AppData\Local\Programs\Python\Python38\lib\site-packages\mpfmc\mcconfig.yaml
2022-10-24 19:38:51,036 : ConfigProcessor : Loading config from file C:\Users\dorus\OneDrive\Documents\Pinball\Github\Pinball-MPF\mpfv1\config\config.
2022-10-24 19:38:51,043 : ConfigProcessor : Loading config: C:\Users\dorus\OneDrive\Documents\Pinball\Github\Pinball-MPF\mpfv1\config\config
2022-10-24 19:38:51,101 : ConfigProcessor : Loading config: C:\Users\dorus\OneDrive\Documents\Pinball\Github\Pinball-MPF\mpfv1\config\hardware.yaml
2022-10-24 19:38:51,119 : ConfigProcessor : Loading config: C:\Users\dorus\OneDrive\Documents\Pinball\Github\Pinball-MPF\mpfv1\config\sounds.yaml
2022-10-24 19:38:51,129 : ConfigProcessor : Loading config: C:\Users\dorus\OneDrive\Documents\Pinball\Github\Pinball-MPF\mpfv1\config\display.yaml
2022-10-24 19:38:51,144 : ConfigProcessor : Loading config: C:\Users\dorus\OneDrive\Documents\Pinball\Github\Pinball-MPF\mpfv1\config\keyboard.yaml
2022-10-24 19:38:51,193 : ConfigProcessor : Loading config: C:\Users\dorus\OneDrive\Documents\Pinball\Github\Pinball-MPF\mpfv1\config\slides.yaml
2022-10-24 19:38:51,199 : ConfigProcessor : Loading config: C:\Users\dorus\OneDrive\Documents\Pinball\Github\Pinball-MPF\mpfv1\config\light_shows.yaml
2022-10-24 19:38:51,204 : ConfigProcessor : Config file cache created: C:\Users\dorus\AppData\Local\Temp\7e51f468519621fe47191f26eea0f791.mpf_cache
2022-10-24 19:38:51,205 : ConfigProcessor : Loading config from cache: C:\Users\dorus\AppData\Local\Temp\69e5e641cece6cfbb9f28306d01595e4.mpf_cache
2022-10-24 19:38:51,206 : ConfigProcessor : Loading config from cache: C:\Users\dorus\AppData\Local\Temp\336e6d2601ccb63523c70814805acbf1.mpf_cache
2022-10-24 19:38:51,207 : ConfigProcessor : Loading config from cache: C:\Users\dorus\AppData\Local\Temp\8f8558ef7eb783a34103d845cb15f27a.mpf_cache
2022-10-24 19:38:51,208 : ConfigProcessor : Loading config from cache: C:\Users\dorus\AppData\Local\Temp\3f4ec0fd6e14e835699e1ee64ae7815f.mpf_cache
2022-10-24 19:38:51,209 : ConfigProcessor : Loading config from cache: C:\Users\dorus\AppData\Local\Temp\07450fdcdb716b1c510f1f1f728b03da.mpf_cache
2022-10-24 19:38:51,210 : mpfmc : Mission Pinball Framework Media Controller v0.55.0
2022-10-24 19:38:51,210 : mpfmc : Mission Pinball Framework Game Engine v0.55.0
2022-10-24 19:38:51,210 : mpfmc : Machine path: C:\Users\dorus\OneDrive\Documents\Pinball\Github\Pinball-MPF\mpfv1
2022-10-24 19:38:51,210 : mpfmc : Starting clock at 60.0Hz
2022-10-24 19:38:51,246 : kivy : Text: Provider: sdl2
2022-10-24 19:38:51,437 : kivy : Window: Provider: sdl2
2022-10-24 19:38:51,762 : kivy : GL: Using the "OpenGL" graphics system
2022-10-24 19:38:51,764 : kivy : GL: GLEW initialization succeeded
2022-10-24 19:38:51,765 : kivy : GL: Backend used <glew>
2022-10-24 19:38:51,765 : kivy : GL: OpenGL version <b'4.6.0 - Build 26.20.100.7372'>
2022-10-24 19:38:51,765 : kivy : GL: OpenGL vendor <b'Intel'>
2022-10-24 19:38:51,765 : kivy : GL: OpenGL renderer <b'Intel(R) UHD Graphics'>
2022-10-24 19:38:51,766 : kivy : GL: OpenGL parsed version: 4, 6
2022-10-24 19:38:51,766 : kivy : GL: Shading version <b'4.60 - Build 26.20.100.7372'>
2022-10-24 19:38:51,766 : kivy : GL: Texture max size <16384>
2022-10-24 19:38:51,766 : kivy : GL: Texture max units <32>
2022-10-24 19:38:51,880 : kivy : Window: auto add sdl2 input provider
2022-10-24 19:38:51,881 : kivy : Window: virtual keyboard not allowed, single mode, not docked
2022-10-24 19:38:52,491 : AudioInterface : Initialized
2022-10-24 19:38:52,491 : AudioInterface : Loaded SDL 2.0.12
2022-10-24 19:38:52,492 : AudioInterface : Loaded SDL_Mixer 2.0.4
2022-10-24 19:38:52,492 : AudioInterface : Loaded GStreamer 1.18.0.0
2022-10-24 19:38:52,492 : AudioInterface : Loaded GLib 2.62.6
2022-10-24 19:38:52,492 : AudioInterface : Settings requested - rate: 44100, channels: 1, buffer: 2048 samples
2022-10-24 19:38:52,492 : AudioInterface : Settings in use - rate: 44100, channels: 1, buffer: 2048 samples (4096 bytes @ 2 bytes per sample)
2022-10-24 19:38:52,493 : SoundSystem : Setting master volume to 0.0
2022-10-24 19:38:52,493 : SoundSystem : master_volume in sound_system is deprecated and will be removed in the future.
2022-10-24 19:38:52,493 : AudioInterface : Enabling audio playback
2022-10-24 19:38:52,498 : kivy : Base: Start application main loop
2022-10-24 19:38:52,498 : EventManager : Event: ======'display_window_initialized'====== Args={}
2022-10-24 19:38:52,499 : EventManager : Event: ======'display_Disp_Player_initialized'====== Args={}
2022-10-24 19:38:52,500 : EventManager : Event: ======'display_Disp_Menu_initialized'====== Args={}
2022-10-24 19:38:52,500 : EventManager : Event: ======'display_Disp_Ball_initialized'====== Args={}
2022-10-24 19:38:52,501 : EventManager : Event: ======'display_Disp_Message_initialized'====== Args={}
2022-10-24 19:38:52,501 : EventManager : Event: ======'display_Disp_Counter_initialized'====== Args={}
2022-10-24 19:38:52,502 : EventManager : Event: ======'display_Disp_Score_initialized'====== Args={}
2022-10-24 19:38:52,502 : EventManager : Event: ======'display_Disp_Icons_initialized'====== Args={}
2022-10-24 19:38:52,533 : mpfmc : Display: Setting 'window' as default display
2022-10-24 19:38:52,549 : EventManager : Event: ======'displays_initialized'====== Args={}
2022-10-24 19:38:52,552 : EventManager : Event: ======'slide_window_blank_created'====== Args={}
2022-10-24 19:38:52,553 : EventManager : Event: ======'display_window_ready'====== Args={}
2022-10-24 19:38:52,555 : EventManager : Event: ======'slide_Disp_Player_blank_created'====== Args={}
2022-10-24 19:38:52,555 : EventManager : Event: ======'display_Disp_Player_ready'====== Args={}
2022-10-24 19:38:52,556 : EventManager : Event: ======'slide_Disp_Menu_blank_created'====== Args={}
2022-10-24 19:38:52,557 : EventManager : Event: ======'display_Disp_Menu_ready'====== Args={}
2022-10-24 19:38:52,558 : EventManager : Event: ======'slide_Disp_Ball_blank_created'====== Args={}
2022-10-24 19:38:52,558 : EventManager : Event: ======'display_Disp_Ball_ready'====== Args={}
2022-10-24 19:38:52,560 : EventManager : Event: ======'slide_Disp_Message_blank_created'====== Args={}
2022-10-24 19:38:52,560 : EventManager : Event: ======'display_Disp_Message_ready'====== Args={}
2022-10-24 19:38:52,561 : EventManager : Event: ======'slide_Disp_Counter_blank_created'====== Args={}
2022-10-24 19:38:52,562 : EventManager : Event: ======'display_Disp_Counter_ready'====== Args={}
2022-10-24 19:38:52,563 : EventManager : Event: ======'slide_Disp_Score_blank_created'====== Args={}
2022-10-24 19:38:52,563 : EventManager : Event: ======'display_Disp_Score_ready'====== Args={}
2022-10-24 19:38:52,565 : EventManager : Event: ======'slide_Disp_Icons_blank_created'====== Args={}
2022-10-24 19:38:52,565 : EventManager : Event: ======'display_Disp_Icons_ready'====== Args={}
2022-10-24 19:38:52,592 : EventManager : Event: ======'init_phase_1'====== Args={}
2022-10-24 19:38:52,607 : EventManager : Event: ======'mc_ready'====== Args={}
2022-10-24 19:38:52,607 : EventManager : Event: ======'init_phase_2'====== Args={}
2022-10-24 19:38:52,611 : EventManager : Event: ======'init_phase_3'====== Args={}
2022-10-24 19:38:52,616 : EventManager : Event: ======'init_phase_4'====== Args={}
2022-10-24 19:38:52,617 : EventManager : Event: ======'init_phase_5'====== Args={}
2022-10-24 19:38:52,697 : kivy : GL: NPOT texture support is available
2022-10-24 19:38:52,761 : EventManager : Event: ======'loading_assets'====== Args={'total': 2, 'loaded': 1, 'remaining': 1, 'percent': 50}
2022-10-24 19:38:52,762 : AssetManager : Loading assets: 1/2 (50%)
2022-10-24 19:38:52,806 : EventManager : Event: ======'loading_assets'====== Args={'total': 2, 'loaded': 2, 'remaining': 0, 'percent': 100}
2022-10-24 19:38:52,807 : AssetManager : Asset loading took: 0.3130345344543457
2022-10-24 19:38:52,807 : EventManager : Event: ======'asset_loading_complete'====== Args={}
2022-10-24 19:38:52,807 : AssetManager : Loading assets: 2/2 (100%)
2022-10-24 19:38:52,807 : EventManager : Event: ======'init_done'====== Args={}
2022-10-24 19:38:52,807 : MPF-MC BCP Server : Starting up on localhost port 5050
2022-10-24 19:38:52,812 : MPF-MC BCP Server : Waiting for a connection...
2022-10-24 19:38:52,813 : EventManager : Event: ======'client_disconnected'====== Args={'host': '127.0.0.1', 'port': 5050}
2022-10-24 19:38:53,213 : MPF-MC BCP Server : Received connection from: 127.0.0.1:59276
2022-10-24 19:38:53,224 : EventManager : Event: ======'client_connected'====== Args={'host': '127.0.0.1', 'port': 59276}
2022-10-24 19:38:53,248 : EventManager : Event: ======'machine_var_credits_string'====== Args={'value': 'FREE PLAY', 'prev_value': None, 'change': True}
2022-10-24 19:38:53,249 : EventManager : Event: ======'machine_var_master_volume'====== Args={'value': 0.5, 'prev_value': None, 'change': True}
2022-10-24 19:38:53,249 : EventManager : Event: ======'machine_var_player1_score'====== Args={'value': 3000, 'prev_value': None, 'change': True}
2022-10-24 19:38:53,249 : EventManager : Event: ======'machine_var_mpf_version'====== Args={'value': 'MPF v0.55.0', 'prev_value': None, 'change': True}
2022-10-24 19:38:53,249 : EventManager : Event: ======'machine_var_mpf_extended_version'====== Args={'value': 'MPF v0.55.0, Config version:5, Show version: 5, BCP version:1.1', 'prev_value': None, 'change': True}
2022-10-24 19:38:53,249 : EventManager : Event: ======'machine_var_python_version'====== Args={'value': '3.8.10', 'prev_value': None, 'change': True}
2022-10-24 19:38:53,250 : EventManager : Event: ======'machine_var_platform'====== Args={'value': 'Windows-10-10.0.19044-SP0', 'prev_value': None, 'change': True}
2022-10-24 19:38:53,250 : EventManager : Event: ======'machine_var_platform_system'====== Args={'value': 'Windows', 'prev_value': None, 'change': True}
2022-10-24 19:38:53,250 : EventManager : Event: ======'machine_var_platform_release'====== Args={'value': '10', 'prev_value': None, 'change': True}
2022-10-24 19:38:53,250 : EventManager : Event: ======'machine_var_platform_version'====== Args={'value': '10.0.19044', 'prev_value': None, 'change': True}
2022-10-24 19:38:53,250 : EventManager : Event: ======'machine_var_platform_machine'====== Args={'value': 'AMD64', 'prev_value': None, 'change': True}
2022-10-24 19:38:53,250 : EventManager : Event: ======'machine_var_mc_version'====== Args={'value': 'MPF-MC v0.55.0', 'prev_value': None, 'change': True}
2022-10-24 19:38:53,251 : EventManager : Event: ======'machine_var_mc_extended_version'====== Args={'value': 'MPF-MC v0.55.0 (config_version=5, BCP v1.1, Requires MPF v0.55.0-dev.49)', 'prev_value': None, 'change': True}
2022-10-24 19:38:53,251 : SoundSystem : Setting master volume to 0.5
2022-10-24 19:38:53,374 : EventManager : Event: ======'machine_var_audits_events_game_ended'====== Args={'value': 0, 'prev_value': None, 'change': True}
2022-10-24 19:38:53,374 : EventManager : Event: ======'machine_var_audits_events_game_started'====== Args={'value': 0, 'prev_value': None, 'change': True}
2022-10-24 19:38:53,374 : EventManager : Event: ======'machine_var_audits_player_score'====== Args={'value': {'average': 29309.090909090908, 'top': [106800, 41000, 33100, 31800, 31200, 27600, 20200, 17500, 10200, 3000], 'total': 11}, 'prev_value': None, 'change': True}
2022-10-24 19:38:53,374 : EventManager : Event: ======'machine_var_audits_shots_lane_bottom_1'====== Args={'value': 15, 'prev_value': None, 'change': True}
2022-10-24 19:38:53,374 : EventManager : Event: ======'machine_var_audits_shots_lane_bottom_2'====== Args={'value': 15, 'prev_value': None, 'change': True}
2022-10-24 19:38:53,374 : EventManager : Event: ======'machine_var_audits_shots_lane_bottom_3'====== Args={'value': 16, 'prev_value': None, 'change': True}
2022-10-24 19:38:53,374 : EventManager : Event: ======'machine_var_audits_shots_lane_bottom_4'====== Args={'value': 15, 'prev_value': None, 'change': True}
2022-10-24 19:38:53,375 : EventManager : Event: ======'machine_var_audits_shots_lane_bottom_5'====== Args={'value': 14, 'prev_value': None, 'change': True}
2022-10-24 19:38:53,375 : EventManager : Event: ======'machine_var_audits_shots_lane_top_1'====== Args={'value': 166, 'prev_value': None, 'change': True}
2022-10-24 19:38:53,375 : EventManager : Event: ======'machine_var_audits_shots_lane_top_2'====== Args={'value': 152, 'prev_value': None, 'change': True}
2022-10-24 19:38:53,375 : EventManager : Event: ======'machine_var_audits_shots_lane_top_3'====== Args={'value': 130, 'prev_value': None, 'change': True}
2022-10-24 19:38:53,375 : EventManager : Event: ======'machine_var_audits_shots_orbit'====== Args={'value': 23, 'prev_value': None, 'change': True}
2022-10-24 19:38:53,375 : EventManager : Event: ======'machine_var_audits_shots_spinner'====== Args={'value': 178, 'prev_value': None, 'change': True}
2022-10-24 19:38:53,375 : EventManager : Event: ======'machine_var_audits_switches_s_bottomlane1'====== Args={'value': 30, 'prev_value': None, 'change': True}
2022-10-24 19:38:53,375 : EventManager : Event: ======'machine_var_audits_switches_s_bottomlane2'====== Args={'value': 43, 'prev_value': None, 'change': True}
2022-10-24 19:38:53,375 : EventManager : Event: ======'machine_var_audits_switches_s_bottomlane3'====== Args={'value': 165, 'prev_value': None, 'change': True}
2022-10-24 19:38:53,375 : EventManager : Event: ======'machine_var_audits_switches_s_bottomlane4'====== Args={'value': 49, 'prev_value': None, 'change': True}
2022-10-24 19:38:53,375 : EventManager : Event: ======'machine_var_audits_switches_s_bottomlane5'====== Args={'value': 27, 'prev_value': None, 'change': True}
2022-10-24 19:38:53,375 : EventManager : Event: ======'machine_var_audits_switches_s_drop1'====== Args={'value': 35, 'prev_value': None, 'change': True}
2022-10-24 19:38:53,375 : EventManager : Event: ======'machine_var_audits_switches_s_drop2'====== Args={'value': 17, 'prev_value': None, 'change': True}
2022-10-24 19:38:53,376 : EventManager : Event: ======'machine_var_audits_switches_s_drop3'====== Args={'value': 15, 'prev_value': None, 'change': True}
2022-10-24 19:38:53,376 : EventManager : Event: ======'machine_var_audits_switches_s_launch'====== Args={'value': 11, 'prev_value': None, 'change': True}
2022-10-24 19:38:53,376 : EventManager : Event: ======'machine_var_audits_switches_s_left01'====== Args={'value': 27, 'prev_value': None, 'change': True}
2022-10-24 19:38:53,376 : EventManager : Event: ======'machine_var_audits_switches_s_left02'====== Args={'value': 28, 'prev_value': None, 'change': True}
2022-10-24 19:38:53,376 : EventManager : Event: ======'machine_var_audits_switches_s_left03'====== Args={'value': 21, 'prev_value': None, 'change': True}
2022-10-24 19:38:53,376 : EventManager : Event: ======'machine_var_audits_switches_s_left_sling'====== Args={'value': 62, 'prev_value': None, 'change': True}
2022-10-24 19:38:53,376 : EventManager : Event: ======'machine_var_audits_switches_s_orbit1'====== Args={'value': 45, 'prev_value': None, 'change': True}
2022-10-24 19:38:53,376 : EventManager : Event: ======'machine_var_audits_switches_s_orbit2'====== Args={'value': 0, 'prev_value': None, 'change': True}
2022-10-24 19:38:53,376 : EventManager : Event: ======'machine_var_audits_switches_s_plunger_lane'====== Args={'value': 140, 'prev_value': None, 'change': True}
2022-10-24 19:38:53,376 : EventManager : Event: ======'machine_var_audits_switches_s_popbumber_1'====== Args={'value': 68, 'prev_value': None, 'change': True}
2022-10-24 19:38:53,376 : EventManager : Event: ======'machine_var_audits_switches_s_popbumber_2'====== Args={'value': 110, 'prev_value': None, 'change': True}
2022-10-24 19:38:53,376 : EventManager : Event: ======'machine_var_audits_switches_s_popbumber_3'====== Args={'value': 60, 'prev_value': None, 'change': True}
2022-10-24 19:38:53,377 : EventManager : Event: ======'machine_var_audits_switches_s_ramp'====== Args={'value': 38, 'prev_value': None, 'change': True}
2022-10-24 19:38:53,377 : EventManager : Event: ======'machine_var_audits_switches_s_right_sling'====== Args={'value': 120, 'prev_value': None, 'change': True}
2022-10-24 19:38:53,377 : EventManager : Event: ======'machine_var_audits_switches_s_rigth01'====== Args={'value': 59, 'prev_value': None, 'change': True}
2022-10-24 19:38:53,377 : EventManager : Event: ======'machine_var_audits_switches_s_rigth02'====== Args={'value': 24, 'prev_value': None, 'change': True}
2022-10-24 19:38:53,377 : EventManager : Event: ======'machine_var_audits_switches_s_rigth03'====== Args={'value': 15, 'prev_value': None, 'change': True}
2022-10-24 19:38:53,377 : EventManager : Event: ======'machine_var_audits_switches_s_spinner'====== Args={'value': 271, 'prev_value': None, 'change': True}
2022-10-24 19:38:53,377 : EventManager : Event: ======'machine_var_audits_switches_s_start'====== Args={'value': 4, 'prev_value': None, 'change': True}
2022-10-24 19:38:53,377 : EventManager : Event: ======'machine_var_audits_switches_s_top'====== Args={'value': 11, 'prev_value': None, 'change': True}
2022-10-24 19:38:53,377 : EventManager : Event: ======'machine_var_audits_switches_s_toplane1'====== Args={'value': 253, 'prev_value': None, 'change': True}
2022-10-24 19:38:53,377 : EventManager : Event: ======'machine_var_audits_switches_s_toplane2'====== Args={'value': 159, 'prev_value': None, 'change': True}
2022-10-24 19:38:53,377 : EventManager : Event: ======'machine_var_audits_switches_s_toplane3'====== Args={'value': 138, 'prev_value': None, 'change': True}
2022-10-24 19:38:53,377 : EventManager : Event: ======'machine_var_audits_switches_s_trough1'====== Args={'value': 38, 'prev_value': None, 'change': True}
2022-10-24 19:38:53,377 : EventManager : Event: ======'machine_var_audits_switches_s_trough2'====== Args={'value': 37, 'prev_value': None, 'change': True}
2022-10-24 19:38:53,378 : EventManager : Event: ======'machine_var_audits_switches_s_trough3'====== Args={'value': 27, 'prev_value': None, 'change': True}
2022-10-24 19:38:53,378 : EventManager : Event: ======'machine_var_audits_switches_s_trough4'====== Args={'value': 40, 'prev_value': None, 'change': True}
2022-10-24 19:38:53,378 : EventManager : Event: ======'machine_var_audits_switches_s_trough5'====== Args={'value': 29, 'prev_value': None, 'change': True}
2022-10-24 19:38:53,378 : EventManager : Event: ======'machine_var_audits_switches_s_trough6'====== Args={'value': 24, 'prev_value': None, 'change': True}
2022-10-24 19:38:53,379 : EventManager : Event: ======'machine_var_audits_switches_s_trough_jam'====== Args={'value': 27, 'prev_value': None, 'change': True}
2022-10-24 19:38:53,379 : EventManager : Event: ======'machine_var_audits_switches_s_vukmid'====== Args={'value': 47, 'prev_value': None, 'change': True}
2022-10-24 19:38:53,379 : EventManager : Event: ======'machine_var_audits_switches_s_vuktop'====== Args={'value': 15, 'prev_value': None, 'change': True}
2022-10-24 19:38:53,399 : EventManager : Event: ======'mc_reset_phase_1'====== Args={}
2022-10-24 19:38:53,399 : EventManager : Event: ======'mc_reset_phase_2'====== Args={}
2022-10-24 19:38:53,399 : EventManager : Event: ======'mc_reset_phase_3'====== Args={}
2022-10-24 19:38:53,399 : EventManager : Event: ======'mc_reset_complete'====== Args={}
2022-10-24 19:38:53,411 : EventManager : Event: ======'slides_play'====== Args={'settings': {'layout_main': {'target': 'window', 'background_color': [0.0, 0.0, 0.0, 1.0], 'priority': None, 'show': True, 'force': False, 'expire': None, 'slide': None, 'tokens': {}, 'action': 'play'}, 'empty_slide_1': {'slide': 'empty_slide', 'target': 'Disp_Player', 'background_color': [0.0, 0.0, 0.0, 1.0], 'priority': None, 'show': True, 'force': False, 'expire': None, 'tokens': {}, 'action': 'play'}, 'empty_slide_2': {'slide': 'empty_slide', 'target': 'Disp_Menu', 'background_color': [0.0, 0.0, 0.0, 1.0], 'priority': None, 'show': True, 'force': False, 'expire': None, 'tokens': {}, 'action': 'play'}, 'empty_slide_3': {'slide': 'empty_slide', 'target': 'Disp_Ball', 'background_color': [0.0, 0.0, 0.0, 1.0], 'priority': None, 'show': True, 'force': False, 'expire': None, 'tokens': {}, 'action': 'play'}, 'press_start': {'target': 'Disp_Message', 'background_color': [0.0, 0.0, 0.0, 1.0], 'priority': None, 'show': True, 'force': False, 'expire': None, 'slide': None, 'tokens': {}, 'action': 'play'}, 'empty_slide_5': {'slide': 'empty_slide', 'target': 'Disp_Counter', 'background_color': [0.0, 0.0, 0.0, 1.0], 'priority': None, 'show': True, 'force': False, 'expire': None, 'tokens': {}, 'action': 'play'}, 'Title_slide': {'target': 'Disp_Score', 'background_color': [0.0, 0.0, 0.0, 1.0], 'priority': None, 'show': True, 'force': False, 'expire': None, 'slide': None, 'tokens': {}, 'action': 'play'}, 'empty_slide_6': {'slide': 'empty_slide', 'target': 'Disp_Icons', 'background_color': [0.0, 0.0, 0.0, 1.0], 'priority': None, 'show': True, 'force': False, 'expire': None, 'tokens': {}, 'action': 'play'}}, 'context': 'show_2', 'calling_context': 0, 'priority': 10, 'show_tokens': {}, 'start_time': 110566.921}
2022-10-24 19:38:53,411 : EventManager : Event: ======'sounds_play'====== Args={'settings': {'musicslow': {'action': 'play', 'loops': -1, 'priority': None, 'block': False, 'delay': None, 'track': None, 'volume': None, 'pan': None, 'start_at': None, 'fade_in': None, 'fade_out': None, 'about_to_finish_time': -1.0, 'max_queue_time': -1.0, 'events_when_played': ['use_sound_setting'], 'events_when_stopped': ['use_sound_setting'], 'events_when_looping': ['use_sound_setting'], 'events_when_about_to_finish': ['use_sound_setting'], 'mode_end_action': 'use_sound_setting', 'key': 'use_sound_setting'}}, 'context': '_global', 'calling_context': 'mode_attract_started', 'priority': 0}
2022-10-24 19:38:53,411 : mpfmc : SlidePlayer: Play called with settings={'layout_main': {'target': 'window', 'background_color': [0.0, 0.0, 0.0, 1.0], 'priority': None, 'show': True, 'force': False, 'expire': None, 'slide': None, 'tokens': {}, 'action': 'play'}, 'empty_slide_1': {'slide': 'empty_slide', 'target': 'Disp_Player', 'background_color': [0.0, 0.0, 0.0, 1.0], 'priority': None, 'show': True, 'force': False, 'expire': None, 'tokens': {}, 'action': 'play'}, 'empty_slide_2': {'slide': 'empty_slide', 'target': 'Disp_Menu', 'background_color': [0.0, 0.0, 0.0, 1.0], 'priority': None, 'show': True, 'force': False, 'expire': None, 'tokens': {}, 'action': 'play'}, 'empty_slide_3': {'slide': 'empty_slide', 'target': 'Disp_Ball', 'background_color': [0.0, 0.0, 0.0, 1.0], 'priority': None, 'show': True, 'force': False, 'expire': None, 'tokens': {}, 'action': 'play'}, 'press_start': {'target': 'Disp_Message', 'background_color': [0.0, 0.0, 0.0, 1.0], 'priority': None, 'show': True, 'force': False, 'expire': None, 'slide': None, 'tokens': {}, 'action': 'play'}, 'empty_slide_5': {'slide': 'empty_slide', 'target': 'Disp_Counter', 'background_color': [0.0, 0.0, 0.0, 1.0], 'priority': None, 'show': True, 'force': False, 'expire': None, 'tokens': {}, 'action': 'play'}, 'Title_slide': {'target': 'Disp_Score', 'background_color': [0.0, 0.0, 0.0, 1.0], 'priority': None, 'show': True, 'force': False, 'expire': None, 'slide': None, 'tokens': {}, 'action': 'play'}, 'empty_slide_6': {'slide': 'empty_slide', 'target': 'Disp_Icons', 'background_color': [0.0, 0.0, 0.0, 1.0], 'priority': None, 'show': True, 'force': False, 'expire': None, 'tokens': {}, 'action': 'play'}}
2022-10-24 19:38:53,424 : EventManager : Event: ======'slide_layout_main_created'====== Args={}
2022-10-24 19:38:53,430 : EventManager : Event: ======'slide_empty_slide_created'====== Args={}
2022-10-24 19:38:53,434 : EventManager : Event: ======'slide_empty_slide_created'====== Args={}
2022-10-24 19:38:53,439 : EventManager : Event: ======'slide_empty_slide_created'====== Args={}
2022-10-24 19:38:53,442 : EventManager : Event: ======'slide_press_start_created'====== Args={}
2022-10-24 19:38:53,446 : EventManager : Event: ======'slide_empty_slide_created'====== Args={}
2022-10-24 19:38:53,450 : EventManager : Event: ======'slide_Title_slide_created'====== Args={}
2022-10-24 19:38:53,454 : EventManager : Event: ======'slide_empty_slide_created'====== Args={}
2022-10-24 19:38:53,486 : EventManager : Event: ======'slide_layout_main_active'====== Args={}
2022-10-24 19:38:53,488 : EventManager : Event: ======'slide_empty_slide_active'====== Args={}
2022-10-24 19:38:53,490 : EventManager : Event: ======'slide_empty_slide_active'====== Args={}
2022-10-24 19:38:53,491 : EventManager : Event: ======'slide_empty_slide_active'====== Args={}
2022-10-24 19:38:53,493 : EventManager : Event: ======'slide_press_start_active'====== Args={}
2022-10-24 19:38:53,495 : EventManager : Event: ======'slide_empty_slide_active'====== Args={}
2022-10-24 19:38:53,496 : EventManager : Event: ======'slide_Title_slide_active'====== Args={}
2022-10-24 19:38:53,498 : EventManager : Event: ======'slide_empty_slide_active'====== Args={}
2022-10-24 19:38:53,522 : EventManager : Event: ======'loading_assets'====== Args={'total': 1, 'loaded': 1, 'remaining': 0, 'percent': 100}
2022-10-24 19:38:53,523 : AssetManager : Asset loading took: 1.0289080142974854
2022-10-24 19:38:53,523 : EventManager : Event: ======'asset_loading_complete'====== Args={}
2022-10-24 19:38:53,523 : AssetManager : Loading assets: 1/1 (100%)
2022-10-24 19:39:14,386 : EventManager : Event: ======'game_started'====== Args={}
2022-10-24 19:39:14,399 : EventManager : Event: ======'slides_clear'====== Args={'context': 'show_2'}
2022-10-24 19:39:14,400 : EventManager : Event: ======'sounds_play'====== Args={'settings': {'musicslow': {'action': 'stop', 'priority': None, 'block': False, 'delay': None, 'track': None, 'volume': None, 'pan': None, 'loops': None, 'start_at': None, 'fade_in': None, 'fade_out': None, 'about_to_finish_time': -1.0, 'max_queue_time': -1.0, 'events_when_played': ['use_sound_setting'], 'events_when_stopped': ['use_sound_setting'], 'events_when_looping': ['use_sound_setting'], 'events_when_about_to_finish': ['use_sound_setting'], 'mode_end_action': 'use_sound_setting', 'key': 'use_sound_setting'}}, 'context': '_global', 'calling_context': 'mode_attract_stopped', 'priority': 0}
2022-10-24 19:39:14,401 : EventManager : Event: ======'slide_layout_main_removed'====== Args={}
2022-10-24 19:39:14,402 : EventManager : Event: ======'slide_empty_slide_removed'====== Args={}
2022-10-24 19:39:14,403 : EventManager : Event: ======'slide_empty_slide_removed'====== Args={}
2022-10-24 19:39:14,404 : EventManager : Event: ======'slide_empty_slide_removed'====== Args={}
2022-10-24 19:39:14,404 : EventManager : Event: ======'slide_press_start_removed'====== Args={}
2022-10-24 19:39:14,406 : EventManager : Event: ======'slide_empty_slide_removed'====== Args={}
2022-10-24 19:39:14,406 : EventManager : Event: ======'slide_Title_slide_removed'====== Args={}
2022-10-24 19:39:14,407 : EventManager : Event: ======'slide_empty_slide_removed'====== Args={}
2022-10-24 19:39:14,409 : EventManager : Event: ======'slide_window_blank_active'====== Args={}
2022-10-24 19:39:14,409 : EventManager : Event: ======'slide_Disp_Player_blank_active'====== Args={}
2022-10-24 19:39:14,410 : EventManager : Event: ======'slide_Disp_Menu_blank_active'====== Args={}
2022-10-24 19:39:14,412 : EventManager : Event: ======'slide_Disp_Ball_blank_active'====== Args={}
2022-10-24 19:39:14,413 : EventManager : Event: ======'slide_Disp_Message_blank_active'====== Args={}
2022-10-24 19:39:14,413 : EventManager : Event: ======'slide_Disp_Counter_blank_active'====== Args={}
2022-10-24 19:39:14,413 : EventManager : Event: ======'slide_Disp_Score_blank_active'====== Args={}
2022-10-24 19:39:14,413 : EventManager : Event: ======'slide_Disp_Icons_blank_active'====== Args={}
2022-10-24 19:39:14,415 : EventManager : Event: ======'player_added'====== Args={'player': <Player 1>, 'num': 1}
2022-10-24 19:39:14,416 : EventManager : Event: ======'player_index'====== Args={'value': 0, 'prev_value': 0, 'change': 0, 'player_num': 1}
2022-10-24 19:39:14,416 : EventManager : Event: ======'player_number'====== Args={'value': 1, 'prev_value': 1, 'change': 0, 'player_num': 1}
2022-10-24 19:39:14,416 : EventManager : Event: ======'player_score'====== Args={'value': 0, 'prev_value': 0, 'change': 0, 'player_num': 1}
2022-10-24 19:39:14,417 : EventManager : Event: ======'player_top_lane_hits'====== Args={'value': 0, 'prev_value': 0, 'change': 0, 'player_num': 1}
2022-10-24 19:39:14,418 : EventManager : Event: ======'player_bottom_lane_hits'====== Args={'value': 0, 'prev_value': 0, 'change': 0, 'player_num': 1}
2022-10-24 19:39:14,448 : EventManager : Event: ======'player_ball'====== Args={'value': 1, 'prev_value': 0, 'change': 1, 'player_num': 1}
2022-10-24 19:39:14,448 : EventManager : Event: ======'player_turn_start'====== Args={'number': 1, 'player': <Player 1>}
2022-10-24 19:39:14,460 : EventManager : Event: ======'player_shot_spinner_enabled'====== Args={'value': True, 'prev_value': 0, 'change': 1, 'player_num': 1}
2022-10-24 19:39:14,460 : EventManager : Event: ======'player_shot_orbit_enabled'====== Args={'value': True, 'prev_value': 0, 'change': 1, 'player_num': 1}
2022-10-24 19:39:14,460 : EventManager : Event: ======'slides_play'====== Args={'settings': {'layout_main': {'target': 'window', 'background_color': [0.0, 0.0, 0.0, 1.0], 'priority': None, 'show': True, 'force': False, 'expire': None, 'slide': None, 'tokens': {}, 'action': 'play'}, 'player_slide': {'target': 'Disp_Player', 'background_color': [0.0, 0.0, 0.0, 1.0], 'priority': None, 'show': True, 'force': False, 'expire': None, 'slide': None, 'tokens': {}, 'action': 'play'}, 'empty_slide_2': {'slide': 'empty_slide', 'target': 'Disp_Menu', 'background_color': [0.0, 0.0, 0.0, 1.0], 'priority': None, 'show': True, 'force': False, 'expire': None, 'tokens': {}, 'action': 'play'}, 'ball_slide': {'target': 'Disp_Ball', 'background_color': [0.0, 0.0, 0.0, 1.0], 'priority': None, 'show': True, 'force': False, 'expire': None, 'slide': None, 'tokens': {}, 'action': 'play'}, 'empty_slide_3': {'slide': 'empty_slide', 'target': 'Disp_Message', 'background_color': [0.0, 0.0, 0.0, 1.0], 'priority': None, 'show': True, 'force': False, 'expire': None, 'tokens': {}, 'action': 'play'}, 'empty_slide_5': {'slide': 'empty_slide', 'target': 'Disp_Counter', 'background_color': [0.0, 0.0, 0.0, 1.0], 'priority': None, 'show': True, 'force': False, 'expire': None, 'tokens': {}, 'action': 'play'}, 'score_slide': {'target': 'Disp_Score', 'background_color': [0.0, 0.0, 0.0, 1.0], 'priority': None, 'show': True, 'force': False, 'expire': None, 'slide': None, 'tokens': {}, 'action': 'play'}, 'empty_slide_6': {'slide': 'empty_slide', 'target': 'Disp_Icons', 'background_color': [0.0, 0.0, 0.0, 1.0], 'priority': None, 'show': True, 'force': False, 'expire': None, 'tokens': {}, 'action': 'play'}}, 'context': 'show_5', 'calling_context': 0, 'priority': 100, 'show_tokens': {}, 'start_time': 110587.968}
2022-10-24 19:39:14,461 : EventManager : Event: ======'sounds_play'====== Args={'settings': {'musicfast': {'action': 'play', 'loops': -1, 'priority': None, 'block': False, 'delay': None, 'track': None, 'volume': None, 'pan': None, 'start_at': None, 'fade_in': None, 'fade_out': None, 'about_to_finish_time': -1.0, 'max_queue_time': -1.0, 'events_when_played': ['use_sound_setting'], 'events_when_stopped': ['use_sound_setting'], 'events_when_looping': ['use_sound_setting'], 'events_when_about_to_finish': ['use_sound_setting'], 'mode_end_action': 'use_sound_setting', 'key': 'use_sound_setting'}}, 'context': '_global', 'calling_context': 'mode_base_started', 'priority': 0, 'queue': '<QueuedEvent>', 'player': 1, 'ball': 1, 'balls_remaining': 2, 'is_extra_ball': False}
2022-10-24 19:39:14,461 : EventManager : Event: ======'player_shot_lane_top_1_enabled'====== Args={'value': True, 'prev_value': 0, 'change': 1, 'player_num': 1}
2022-10-24 19:39:14,462 : EventManager : Event: ======'player_shot_lane_top_2_enabled'====== Args={'value': True, 'prev_value': 0, 'change': 1, 'player_num': 1}
2022-10-24 19:39:14,462 : EventManager : Event: ======'player_shot_lane_top_3_enabled'====== Args={'value': True, 'prev_value': 0, 'change': 1, 'player_num': 1}
2022-10-24 19:39:14,462 : EventManager : Event: ======'player_shot_lane_bottom_1_enabled'====== Args={'value': True, 'prev_value': 0, 'change': 1, 'player_num': 1}
2022-10-24 19:39:14,462 : EventManager : Event: ======'player_shot_lane_bottom_2_enabled'====== Args={'value': True, 'prev_value': 0, 'change': 1, 'player_num': 1}
2022-10-24 19:39:14,462 : EventManager : Event: ======'player_shot_lane_bottom_3_enabled'====== Args={'value': True, 'prev_value': 0, 'change': 1, 'player_num': 1}
2022-10-24 19:39:14,462 : EventManager : Event: ======'player_shot_lane_bottom_4_enabled'====== Args={'value': True, 'prev_value': 0, 'change': 1, 'player_num': 1}
2022-10-24 19:39:14,462 : EventManager : Event: ======'player_shot_lane_bottom_5_enabled'====== Args={'value': True, 'prev_value': 0, 'change': 1, 'player_num': 1}
2022-10-24 19:39:14,463 : mpfmc : SlidePlayer: Play called with settings={'layout_main': {'target': 'window', 'background_color': [0.0, 0.0, 0.0, 1.0], 'priority': None, 'show': True, 'force': False, 'expire': None, 'slide': None, 'tokens': {}, 'action': 'play'}, 'player_slide': {'target': 'Disp_Player', 'background_color': [0.0, 0.0, 0.0, 1.0], 'priority': None, 'show': True, 'force': False, 'expire': None, 'slide': None, 'tokens': {}, 'action': 'play'}, 'empty_slide_2': {'slide': 'empty_slide', 'target': 'Disp_Menu', 'background_color': [0.0, 0.0, 0.0, 1.0], 'priority': None, 'show': True, 'force': False, 'expire': None, 'tokens': {}, 'action': 'play'}, 'ball_slide': {'target': 'Disp_Ball', 'background_color': [0.0, 0.0, 0.0, 1.0], 'priority': None, 'show': True, 'force': False, 'expire': None, 'slide': None, 'tokens': {}, 'action': 'play'}, 'empty_slide_3': {'slide': 'empty_slide', 'target': 'Disp_Message', 'background_color': [0.0, 0.0, 0.0, 1.0], 'priority': None, 'show': True, 'force': False, 'expire': None, 'tokens': {}, 'action': 'play'}, 'empty_slide_5': {'slide': 'empty_slide', 'target': 'Disp_Counter', 'background_color': [0.0, 0.0, 0.0, 1.0], 'priority': None, 'show': True, 'force': False, 'expire': None, 'tokens': {}, 'action': 'play'}, 'score_slide': {'target': 'Disp_Score', 'background_color': [0.0, 0.0, 0.0, 1.0], 'priority': None, 'show': True, 'force': False, 'expire': None, 'slide': None, 'tokens': {}, 'action': 'play'}, 'empty_slide_6': {'slide': 'empty_slide', 'target': 'Disp_Icons', 'background_color': [0.0, 0.0, 0.0, 1.0], 'priority': None, 'show': True, 'force': False, 'expire': None, 'tokens': {}, 'action': 'play'}}
2022-10-24 19:39:14,487 : EventManager : Event: ======'slide_layout_main_created'====== Args={}
2022-10-24 19:39:14,491 : EventManager : Event: ======'slide_player_slide_created'====== Args={}
2022-10-24 19:39:14,496 : EventManager : Event: ======'slide_empty_slide_created'====== Args={}
2022-10-24 19:39:14,502 : EventManager : Event: ======'slide_ball_slide_created'====== Args={}
2022-10-24 19:39:14,509 : EventManager : Event: ======'slide_empty_slide_created'====== Args={}
2022-10-24 19:39:14,514 : EventManager : Event: ======'slide_empty_slide_created'====== Args={}
2022-10-24 19:39:14,519 : EventManager : Event: ======'slide_score_slide_created'====== Args={}
2022-10-24 19:39:14,523 : EventManager : Event: ======'slide_empty_slide_created'====== Args={}
2022-10-24 19:39:14,534 : EventManager : Event: ======'slide_layout_main_active'====== Args={}
2022-10-24 19:39:14,564 : EventManager : Event: ======'slide_player_slide_active'====== Args={}
2022-10-24 19:39:14,566 : EventManager : Event: ======'slide_empty_slide_active'====== Args={}
2022-10-24 19:39:14,567 : EventManager : Event: ======'slide_ball_slide_active'====== Args={}
2022-10-24 19:39:14,569 : EventManager : Event: ======'slide_empty_slide_active'====== Args={}
2022-10-24 19:39:14,570 : EventManager : Event: ======'slide_empty_slide_active'====== Args={}
2022-10-24 19:39:14,572 : EventManager : Event: ======'slide_score_slide_active'====== Args={}
2022-10-24 19:39:14,573 : EventManager : Event: ======'slide_empty_slide_active'====== Args={}
2022-10-24 19:39:14,586 : EventManager : Event: ======'player_pf_multiplier'====== Args={'value': 1, 'prev_value': 0, 'change': 1, 'player_num': 1}
2022-10-24 19:39:14,586 : EventManager : Event: ======'player_pf_multiplier2'====== Args={'value': 1, 'prev_value': 0, 'change': 1, 'player_num': 1}
2022-10-24 19:39:14,587 : EventManager : Event: ======'loading_assets'====== Args={'total': 1, 'loaded': 1, 'remaining': 0, 'percent': 100}
2022-10-24 19:39:14,587 : AssetManager : Asset loading took: 22.093167066574097
2022-10-24 19:39:14,587 : EventManager : Event: ======'asset_loading_complete'====== Args={}
2022-10-24 19:39:14,587 : AssetManager : Loading assets: 1/1 (100%)
2022-10-24 19:39:14,610 : EventManager : Event: ======'machine_var_audits_switches_s_plunger_lane'====== Args={'value': 141, 'prev_value': 140, 'change': 1}
2022-10-24 19:39:23,735 : EventManager : Event: ======'machine_var_audits_switches_s_toplane1'====== Args={'value': 254, 'prev_value': 253, 'change': 1}
2022-10-24 19:39:23,759 : EventManager : Event: ======'player_shot_lane_top_1'====== Args={'value': 1, 'prev_value': 0, 'change': 1, 'player_num': 1}
2022-10-24 19:39:23,760 : EventManager : Event: ======'machine_var_audits_shots_lane_top_1'====== Args={'value': 167, 'prev_value': 166, 'change': 1}
2022-10-24 19:39:23,760 : EventManager : Event: ======'player_score'====== Args={'value': 100, 'prev_value': 0, 'change': 100, 'player_num': 1}
2022-10-24 19:39:24,944 : EventManager : Event: ======'machine_var_audits_switches_s_toplane2'====== Args={'value': 160, 'prev_value': 159, 'change': 1}
2022-10-24 19:39:24,957 : EventManager : Event: ======'player_shot_lane_top_2'====== Args={'value': 1, 'prev_value': 0, 'change': 1, 'player_num': 1}
2022-10-24 19:39:24,957 : EventManager : Event: ======'machine_var_audits_shots_lane_top_2'====== Args={'value': 153, 'prev_value': 152, 'change': 1}
2022-10-24 19:39:24,958 : EventManager : Event: ======'player_score'====== Args={'value': 200, 'prev_value': 100, 'change': 100, 'player_num': 1}
2022-10-24 19:39:29,911 : EventManager : Event: ======'machine_var_audits_switches_s_toplane3'====== Args={'value': 139, 'prev_value': 138, 'change': 1}
2022-10-24 19:39:29,923 : EventManager : Event: ======'player_shot_lane_top_3'====== Args={'value': 1, 'prev_value': 0, 'change': 1, 'player_num': 1}
2022-10-24 19:39:29,924 : EventManager : Event: ======'machine_var_audits_shots_lane_top_3'====== Args={'value': 131, 'prev_value': 130, 'change': 1}
2022-10-24 19:39:29,924 : EventManager : Event: ======'player_score'====== Args={'value': 300, 'prev_value': 200, 'change': 100, 'player_num': 1}
2022-10-24 19:39:29,925 : EventManager : Event: ======'player_score'====== Args={'value': 1300, 'prev_value': 300, 'change': 1000, 'player_num': 1}
2022-10-24 19:39:29,925 : EventManager : Event: ======'slides_play'====== Args={'settings': {'lanes_top_complete_slide': {'target': 'Disp_Message', 'expire': 3.0, 'background_color': [0.0, 0.0, 0.0, 1.0], 'priority': None, 'show': True, 'force': False, 'slide': None, 'tokens': {}, 'action': 'play'}}, 'context': 'lanes', 'calling_context': 'lanes_top_complete', 'priority': 110, 'state': 'lit'}
2022-10-24 19:39:29,925 : EventManager : Event: ======'player_top_lane_hits'====== Args={'value': 1, 'prev_value': 0, 'change': 1, 'player_num': 1}
2022-10-24 19:39:29,925 : EventManager : Event: ======'player_pf_multiplier'====== Args={'value': 2, 'prev_value': 1, 'change': 1, 'player_num': 1}
2022-10-24 19:39:29,928 : mpfmc : SlidePlayer: Play called with settings={'lanes_top_complete_slide': {'target': 'Disp_Message', 'expire': 3.0, 'background_color': [0.0, 0.0, 0.0, 1.0], 'priority': None, 'show': True, 'force': False, 'slide': None, 'tokens': {}, 'action': 'play'}}
2022-10-24 19:39:29,933 : EventManager : Event: ======'slide_lanes_top_complete_slide_created'====== Args={}
2022-10-24 19:39:29,939 : EventManager : Event: ======'slide_lanes_top_complete_slide_active'====== Args={}
2022-10-24 19:39:30,927 : EventManager : Event: ======'player_shot_lane_top_1'====== Args={'value': 0, 'prev_value': 1, 'change': -1, 'player_num': 1}
2022-10-24 19:39:30,927 : EventManager : Event: ======'player_shot_lane_top_2'====== Args={'value': 0, 'prev_value': 1, 'change': -1, 'player_num': 1}
2022-10-24 19:39:30,927 : EventManager : Event: ======'player_shot_lane_top_3'====== Args={'value': 0, 'prev_value': 1, 'change': -1, 'player_num': 1}
2022-10-24 19:39:32,920 : EventManager : Event: ======'slide_lanes_top_complete_slide_removed'====== Args={}
2022-10-24 19:39:32,920 : EventManager : Event: ======'slide_empty_slide_active'====== Args={}
2022-10-24 19:39:56,624 : EventManager : Event: ======'machine_var_audits_switches_s_drop3'====== Args={'value': 16, 'prev_value': 15, 'change': 1}
2022-10-24 19:39:57,263 : EventManager : Event: ======'machine_var_audits_switches_s_drop3'====== Args={'value': 17, 'prev_value': 16, 'change': 1}
2022-10-24 19:39:58,814 : EventManager : Event: ======'machine_var_audits_switches_s_drop2'====== Args={'value': 18, 'prev_value': 17, 'change': 1}
2022-10-24 19:40:00,184 : EventManager : Event: ======'machine_var_audits_switches_s_drop1'====== Args={'value': 36, 'prev_value': 35, 'change': 1}
2022-10-24 19:40:04,495 : EventManager : Event: ======'machine_var_audits_switches_s_drop3'====== Args={'value': 18, 'prev_value': 17, 'change': 1}
2022-10-24 19:40:07,270 : EventManager : Event: ======'machine_var_audits_switches_s_vuktop'====== Args={'value': 16, 'prev_value': 15, 'change': 1}
2022-10-24 19:40:12,502 : EventManager : Event: ======'machine_var_audits_switches_s_vukmid'====== Args={'value': 48, 'prev_value': 47, 'change': 1}
2022-10-24 19:40:16,059 : EventManager : Event: ======'machine_var_audits_switches_s_ramp'====== Args={'value': 39, 'prev_value': 38, 'change': 1}
2022-10-24 19:40:17,180 : EventManager : Event: ======'machine_var_audits_switches_s_ramp'====== Args={'value': 40, 'prev_value': 39, 'change': 1}
2022-10-24 19:40:20,764 : EventManager : Event: ======'machine_var_audits_switches_s_ramp'====== Args={'value': 41, 'prev_value': 40, 'change': 1}
2022-10-24 19:40:34,014 : EventManager : Event: ======'machine_var_audits_switches_s_trough1'====== Args={'value': 39, 'prev_value': 38, 'change': 1}
2022-10-24 19:40:34,519 : EventManager : Event: ======'slides_clear'====== Args={'context': 'show_5'}
2022-10-24 19:40:34,519 : EventManager : Event: ======'slide_layout_main_removed'====== Args={}
2022-10-24 19:40:34,520 : EventManager : Event: ======'slide_player_slide_removed'====== Args={}
2022-10-24 19:40:34,520 : EventManager : Event: ======'slide_empty_slide_removed'====== Args={}
2022-10-24 19:40:34,520 : EventManager : Event: ======'slide_ball_slide_removed'====== Args={}
2022-10-24 19:40:34,521 : EventManager : Event: ======'slide_empty_slide_removed'====== Args={}
2022-10-24 19:40:34,521 : EventManager : Event: ======'slide_empty_slide_removed'====== Args={}
2022-10-24 19:40:34,522 : EventManager : Event: ======'slide_score_slide_removed'====== Args={}
2022-10-24 19:40:34,523 : EventManager : Event: ======'slide_empty_slide_removed'====== Args={}
2022-10-24 19:40:34,523 : EventManager : Event: ======'slide_window_blank_active'====== Args={}
2022-10-24 19:40:34,524 : EventManager : Event: ======'slide_Disp_Player_blank_active'====== Args={}
2022-10-24 19:40:34,524 : EventManager : Event: ======'slide_Disp_Menu_blank_active'====== Args={}
2022-10-24 19:40:34,524 : EventManager : Event: ======'slide_Disp_Ball_blank_active'====== Args={}
2022-10-24 19:40:34,524 : EventManager : Event: ======'slide_Disp_Message_blank_active'====== Args={}
2022-10-24 19:40:34,524 : EventManager : Event: ======'slide_Disp_Counter_blank_active'====== Args={}
2022-10-24 19:40:34,525 : EventManager : Event: ======'slide_Disp_Score_blank_active'====== Args={}
2022-10-24 19:40:34,526 : EventManager : Event: ======'slide_Disp_Icons_blank_active'====== Args={}
2022-10-24 19:40:34,529 : EventManager : Event: ======'sounds_play'====== Args={'settings': {'musicfast': {'action': 'stop', 'priority': None, 'block': False, 'delay': None, 'track': None, 'volume': None, 'pan': None, 'loops': None, 'start_at': None, 'fade_in': None, 'fade_out': None, 'about_to_finish_time': -1.0, 'max_queue_time': -1.0, 'events_when_played': ['use_sound_setting'], 'events_when_stopped': ['use_sound_setting'], 'events_when_looping': ['use_sound_setting'], 'events_when_about_to_finish': ['use_sound_setting'], 'mode_end_action': 'use_sound_setting', 'key': 'use_sound_setting'}}, 'context': '_global', 'calling_context': 'mode_base_stopped', 'priority': 0}
2022-10-24 19:40:34,530 : EventManager : Event: ======'slides_clear'====== Args={'context': 'lanes'}
2022-10-24 19:40:34,530 : EventManager : Event: ======'slide_lanes_top_complete_slide_removed'====== Args={}
2022-10-24 19:40:34,572 : EventManager : Event: ======'player_ball'====== Args={'value': 2, 'prev_value': 1, 'change': 1, 'player_num': 1}
2022-10-24 19:40:34,584 : EventManager : Event: ======'slides_play'====== Args={'settings': {'layout_main': {'target': 'window', 'background_color': [0.0, 0.0, 0.0, 1.0], 'priority': None, 'show': True, 'force': False, 'expire': None, 'slide': None, 'tokens': {}, 'action': 'play'}, 'player_slide': {'target': 'Disp_Player', 'background_color': [0.0, 0.0, 0.0, 1.0], 'priority': None, 'show': True, 'force': False, 'expire': None, 'slide': None, 'tokens': {}, 'action': 'play'}, 'empty_slide_2': {'slide': 'empty_slide', 'target': 'Disp_Menu', 'background_color': [0.0, 0.0, 0.0, 1.0], 'priority': None, 'show': True, 'force': False, 'expire': None, 'tokens': {}, 'action': 'play'}, 'ball_slide': {'target': 'Disp_Ball', 'background_color': [0.0, 0.0, 0.0, 1.0], 'priority': None, 'show': True, 'force': False, 'expire': None, 'slide': None, 'tokens': {}, 'action': 'play'}, 'empty_slide_3': {'slide': 'empty_slide', 'target': 'Disp_Message', 'background_color': [0.0, 0.0, 0.0, 1.0], 'priority': None, 'show': True, 'force': False, 'expire': None, 'tokens': {}, 'action': 'play'}, 'empty_slide_5': {'slide': 'empty_slide', 'target': 'Disp_Counter', 'background_color': [0.0, 0.0, 0.0, 1.0], 'priority': None, 'show': True, 'force': False, 'expire': None, 'tokens': {}, 'action': 'play'}, 'score_slide': {'target': 'Disp_Score', 'background_color': [0.0, 0.0, 0.0, 1.0], 'priority': None, 'show': True, 'force': False, 'expire': None, 'slide': None, 'tokens': {}, 'action': 'play'}, 'empty_slide_6': {'slide': 'empty_slide', 'target': 'Disp_Icons', 'background_color': [0.0, 0.0, 0.0, 1.0], 'priority': None, 'show': True, 'force': False, 'expire': None, 'tokens': {}, 'action': 'play'}}, 'context': 'show_33', 'calling_context': 0, 'priority': 100, 'show_tokens': {}, 'start_time': 110668.093}
2022-10-24 19:40:34,585 : EventManager : Event: ======'sounds_play'====== Args={'settings': {'musicfast': {'action': 'play', 'loops': -1, 'priority': None, 'block': False, 'delay': None, 'track': None, 'volume': None, 'pan': None, 'start_at': None, 'fade_in': None, 'fade_out': None, 'about_to_finish_time': -1.0, 'max_queue_time': -1.0, 'events_when_played': ['use_sound_setting'], 'events_when_stopped': ['use_sound_setting'], 'events_when_looping': ['use_sound_setting'], 'events_when_about_to_finish': ['use_sound_setting'], 'mode_end_action': 'use_sound_setting', 'key': 'use_sound_setting'}}, 'context': '_global', 'calling_context': 'mode_base_started', 'priority': 0, 'queue': '<QueuedEvent>', 'player': 1, 'ball': 2, 'balls_remaining': 1, 'is_extra_ball': False}
2022-10-24 19:40:34,586 : mpfmc : SlidePlayer: Play called with settings={'layout_main': {'target': 'window', 'background_color': [0.0, 0.0, 0.0, 1.0], 'priority': None, 'show': True, 'force': False, 'expire': None, 'slide': None, 'tokens': {}, 'action': 'play'}, 'player_slide': {'target': 'Disp_Player', 'background_color': [0.0, 0.0, 0.0, 1.0], 'priority': None, 'show': True, 'force': False, 'expire': None, 'slide': None, 'tokens': {}, 'action': 'play'}, 'empty_slide_2': {'slide': 'empty_slide', 'target': 'Disp_Menu', 'background_color': [0.0, 0.0, 0.0, 1.0], 'priority': None, 'show': True, 'force': False, 'expire': None, 'tokens': {}, 'action': 'play'}, 'ball_slide': {'target': 'Disp_Ball', 'background_color': [0.0, 0.0, 0.0, 1.0], 'priority': None, 'show': True, 'force': False, 'expire': None, 'slide': None, 'tokens': {}, 'action': 'play'}, 'empty_slide_3': {'slide': 'empty_slide', 'target': 'Disp_Message', 'background_color': [0.0, 0.0, 0.0, 1.0], 'priority': None, 'show': True, 'force': False, 'expire': None, 'tokens': {}, 'action': 'play'}, 'empty_slide_5': {'slide': 'empty_slide', 'target': 'Disp_Counter', 'background_color': [0.0, 0.0, 0.0, 1.0], 'priority': None, 'show': True, 'force': False, 'expire': None, 'tokens': {}, 'action': 'play'}, 'score_slide': {'target': 'Disp_Score', 'background_color': [0.0, 0.0, 0.0, 1.0], 'priority': None, 'show': True, 'force': False, 'expire': None, 'slide': None, 'tokens': {}, 'action': 'play'}, 'empty_slide_6': {'slide': 'empty_slide', 'target': 'Disp_Icons', 'background_color': [0.0, 0.0, 0.0, 1.0], 'priority': None, 'show': True, 'force': False, 'expire': None, 'tokens': {}, 'action': 'play'}}
2022-10-24 19:40:34,599 : EventManager : Event: ======'slide_layout_main_created'====== Args={}
2022-10-24 19:40:34,603 : EventManager : Event: ======'slide_player_slide_created'====== Args={}
2022-10-24 19:40:34,609 : EventManager : Event: ======'slide_empty_slide_created'====== Args={}
2022-10-24 19:40:34,613 : EventManager : Event: ======'slide_ball_slide_created'====== Args={}
2022-10-24 19:40:34,618 : EventManager : Event: ======'slide_empty_slide_created'====== Args={}
2022-10-24 19:40:34,627 : EventManager : Event: ======'slide_empty_slide_created'====== Args={}
2022-10-24 19:40:34,634 : EventManager : Event: ======'slide_score_slide_created'====== Args={}
2022-10-24 19:40:34,641 : EventManager : Event: ======'slide_empty_slide_created'====== Args={}
2022-10-24 19:40:34,658 : EventManager : Event: ======'slide_layout_main_active'====== Args={}
2022-10-24 19:40:34,691 : EventManager : Event: ======'slide_player_slide_active'====== Args={}
2022-10-24 19:40:34,692 : EventManager : Event: ======'slide_empty_slide_active'====== Args={}
2022-10-24 19:40:34,693 : EventManager : Event: ======'slide_ball_slide_active'====== Args={}
2022-10-24 19:40:34,695 : EventManager : Event: ======'slide_empty_slide_active'====== Args={}
2022-10-24 19:40:34,697 : EventManager : Event: ======'slide_empty_slide_active'====== Args={}
2022-10-24 19:40:34,699 : EventManager : Event: ======'slide_score_slide_active'====== Args={}
2022-10-24 19:40:34,700 : EventManager : Event: ======'slide_empty_slide_active'====== Args={}
2022-10-24 19:40:34,715 : EventManager : Event: ======'player_pf_multiplier'====== Args={'value': 1, 'prev_value': 2, 'change': -1, 'player_num': 1}
2022-10-24 19:40:34,717 : EventManager : Event: ======'loading_assets'====== Args={'total': 1, 'loaded': 1, 'remaining': 0, 'percent': 100}
2022-10-24 19:40:34,717 : AssetManager : Asset loading took: 102.22294902801514
2022-10-24 19:40:34,717 : EventManager : Event: ======'asset_loading_complete'====== Args={}
2022-10-24 19:40:34,717 : AssetManager : Loading assets: 1/1 (100%)
2022-10-24 19:40:34,739 : EventManager : Event: ======'machine_var_audits_switches_s_plunger_lane'====== Args={'value': 142, 'prev_value': 141, 'change': 1}
2022-10-24 19:40:40,888 : EventManager : Event: ======'machine_var_audits_switches_s_rigth03'====== Args={'value': 16, 'prev_value': 15, 'change': 1}
2022-10-24 19:40:44,529 : EventManager : Event: ======'machine_var_audits_switches_s_bottomlane1'====== Args={'value': 31, 'prev_value': 30, 'change': 1}
2022-10-24 19:40:44,530 : EventManager : Event: ======'player_shot_lane_bottom_1'====== Args={'value': 1, 'prev_value': 0, 'change': 1, 'player_num': 1}
2022-10-24 19:40:44,530 : EventManager : Event: ======'machine_var_audits_shots_lane_bottom_1'====== Args={'value': 16, 'prev_value': 15, 'change': 1}
2022-10-24 19:40:44,530 : EventManager : Event: ======'player_score'====== Args={'value': 1400, 'prev_value': 1300, 'change': 100, 'player_num': 1}
2022-10-24 19:40:45,356 : EventManager : Event: ======'machine_var_audits_switches_s_bottomlane2'====== Args={'value': 44, 'prev_value': 43, 'change': 1}
2022-10-24 19:40:45,356 : EventManager : Event: ======'player_shot_lane_bottom_2'====== Args={'value': 1, 'prev_value': 0, 'change': 1, 'player_num': 1}
2022-10-24 19:40:45,356 : EventManager : Event: ======'machine_var_audits_shots_lane_bottom_2'====== Args={'value': 16, 'prev_value': 15, 'change': 1}
2022-10-24 19:40:45,356 : EventManager : Event: ======'player_score'====== Args={'value': 1500, 'prev_value': 1400, 'change': 100, 'player_num': 1}
2022-10-24 19:40:47,992 : EventManager : Event: ======'machine_var_audits_switches_s_bottomlane3'====== Args={'value': 166, 'prev_value': 165, 'change': 1}
2022-10-24 19:40:48,017 : EventManager : Event: ======'player_shot_lane_bottom_3'====== Args={'value': 1, 'prev_value': 0, 'change': 1, 'player_num': 1}
2022-10-24 19:40:48,017 : EventManager : Event: ======'machine_var_audits_shots_lane_bottom_3'====== Args={'value': 17, 'prev_value': 16, 'change': 1}
2022-10-24 19:40:48,017 : EventManager : Event: ======'player_score'====== Args={'value': 1600, 'prev_value': 1500, 'change': 100, 'player_num': 1}
2022-10-24 19:40:49,646 : EventManager : Event: ======'machine_var_audits_switches_s_bottomlane5'====== Args={'value': 28, 'prev_value': 27, 'change': 1}
2022-10-24 19:40:49,658 : EventManager : Event: ======'player_shot_lane_bottom_5'====== Args={'value': 1, 'prev_value': 0, 'change': 1, 'player_num': 1}
2022-10-24 19:40:49,658 : EventManager : Event: ======'machine_var_audits_shots_lane_bottom_5'====== Args={'value': 15, 'prev_value': 14, 'change': 1}
2022-10-24 19:40:49,658 : EventManager : Event: ======'player_score'====== Args={'value': 1700, 'prev_value': 1600, 'change': 100, 'player_num': 1}
2022-10-24 19:40:50,627 : EventManager : Event: ======'machine_var_audits_switches_s_bottomlane4'====== Args={'value': 50, 'prev_value': 49, 'change': 1}
2022-10-24 19:40:50,639 : EventManager : Event: ======'player_shot_lane_bottom_4'====== Args={'value': 1, 'prev_value': 0, 'change': 1, 'player_num': 1}
2022-10-24 19:40:50,640 : EventManager : Event: ======'machine_var_audits_shots_lane_bottom_4'====== Args={'value': 16, 'prev_value': 15, 'change': 1}
2022-10-24 19:40:50,640 : EventManager : Event: ======'player_score'====== Args={'value': 1800, 'prev_value': 1700, 'change': 100, 'player_num': 1}
2022-10-24 19:40:50,640 : EventManager : Event: ======'player_score'====== Args={'value': 2800, 'prev_value': 1800, 'change': 1000, 'player_num': 1}
2022-10-24 19:40:50,640 : EventManager : Event: ======'slides_play'====== Args={'settings': {'lanes_bottom_complete_slide': {'target': 'Disp_Message', 'expire': 3.0, 'background_color': [0.0, 0.0, 0.0, 1.0], 'priority': None, 'show': True, 'force': False, 'slide': None, 'tokens': {}, 'action': 'play'}}, 'context': 'lanes', 'calling_context': 'lanes_bottom_complete', 'priority': 110, 'state': 'lit'}
2022-10-24 19:40:50,641 : EventManager : Event: ======'player_bottom_lane_hits'====== Args={'value': 1, 'prev_value': 0, 'change': 1, 'player_num': 1}
2022-10-24 19:40:50,641 : EventManager : Event: ======'player_pf_multiplier2'====== Args={'value': 2, 'prev_value': 1, 'change': 1, 'player_num': 1}
2022-10-24 19:40:50,645 : mpfmc : SlidePlayer: Play called with settings={'lanes_bottom_complete_slide': {'target': 'Disp_Message', 'expire': 3.0, 'background_color': [0.0, 0.0, 0.0, 1.0], 'priority': None, 'show': True, 'force': False, 'slide': None, 'tokens': {}, 'action': 'play'}}
2022-10-24 19:40:50,649 : EventManager : Event: ======'slide_lanes_bottom_complete_slide_created'====== Args={}
2022-10-24 19:40:50,656 : EventManager : Event: ======'slide_lanes_bottom_complete_slide_active'====== Args={}
2022-10-24 19:40:51,652 : EventManager : Event: ======'player_shot_lane_bottom_1'====== Args={'value': 0, 'prev_value': 1, 'change': -1, 'player_num': 1}
2022-10-24 19:40:51,654 : EventManager : Event: ======'player_shot_lane_bottom_2'====== Args={'value': 0, 'prev_value': 1, 'change': -1, 'player_num': 1}
2022-10-24 19:40:51,654 : EventManager : Event: ======'player_shot_lane_bottom_3'====== Args={'value': 0, 'prev_value': 1, 'change': -1, 'player_num': 1}
2022-10-24 19:40:51,655 : EventManager : Event: ======'player_shot_lane_bottom_4'====== Args={'value': 0, 'prev_value': 1, 'change': -1, 'player_num': 1}
2022-10-24 19:40:51,655 : EventManager : Event: ======'player_shot_lane_bottom_5'====== Args={'value': 0, 'prev_value': 1, 'change': -1, 'player_num': 1}
2022-10-24 19:40:53,174 : EventManager : Event: ======'machine_var_audits_switches_s_toplane3'====== Args={'value': 140, 'prev_value': 139, 'change': 1}
2022-10-24 19:40:53,198 : EventManager : Event: ======'player_shot_lane_top_3'====== Args={'value': 1, 'prev_value': 0, 'change': 1, 'player_num': 1}
2022-10-24 19:40:53,198 : EventManager : Event: ======'machine_var_audits_shots_lane_top_3'====== Args={'value': 132, 'prev_value': 131, 'change': 1}
2022-10-24 19:40:53,198 : EventManager : Event: ======'player_score'====== Args={'value': 2900, 'prev_value': 2800, 'change': 100, 'player_num': 1}
2022-10-24 19:40:53,642 : EventManager : Event: ======'slide_lanes_bottom_complete_slide_removed'====== Args={}
2022-10-24 19:40:53,644 : EventManager : Event: ======'slide_empty_slide_active'====== Args={}
2022-10-24 19:40:54,878 : EventManager : Event: ======'machine_var_audits_switches_s_toplane2'====== Args={'value': 161, 'prev_value': 160, 'change': 1}
2022-10-24 19:40:54,878 : EventManager : Event: ======'player_shot_lane_top_2'====== Args={'value': 1, 'prev_value': 0, 'change': 1, 'player_num': 1}
2022-10-24 19:40:54,879 : EventManager : Event: ======'machine_var_audits_shots_lane_top_2'====== Args={'value': 154, 'prev_value': 153, 'change': 1}
2022-10-24 19:40:54,879 : EventManager : Event: ======'player_score'====== Args={'value': 3000, 'prev_value': 2900, 'change': 100, 'player_num': 1}
2022-10-24 19:40:55,745 : EventManager : Event: ======'machine_var_audits_switches_s_toplane1'====== Args={'value': 255, 'prev_value': 254, 'change': 1}
2022-10-24 19:40:55,745 : EventManager : Event: ======'player_shot_lane_top_1'====== Args={'value': 1, 'prev_value': 0, 'change': 1, 'player_num': 1}
2022-10-24 19:40:55,745 : EventManager : Event: ======'machine_var_audits_shots_lane_top_1'====== Args={'value': 168, 'prev_value': 167, 'change': 1}
2022-10-24 19:40:55,745 : EventManager : Event: ======'player_score'====== Args={'value': 3100, 'prev_value': 3000, 'change': 100, 'player_num': 1}
2022-10-24 19:40:55,745 : EventManager : Event: ======'player_score'====== Args={'value': 4100, 'prev_value': 3100, 'change': 1000, 'player_num': 1}
2022-10-24 19:40:55,746 : EventManager : Event: ======'slides_play'====== Args={'settings': {'lanes_top_complete_slide': {'target': 'Disp_Message', 'expire': 3.0, 'background_color': [0.0, 0.0, 0.0, 1.0], 'priority': None, 'show': True, 'force': False, 'slide': None, 'tokens': {}, 'action': 'play'}}, 'context': 'lanes', 'calling_context': 'lanes_top_complete', 'priority': 110, 'state': 'lit'}
2022-10-24 19:40:55,746 : EventManager : Event: ======'player_top_lane_hits'====== Args={'value': 2, 'prev_value': 1, 'change': 1, 'player_num': 1}
2022-10-24 19:40:55,746 : EventManager : Event: ======'player_pf_multiplier'====== Args={'value': 2, 'prev_value': 1, 'change': 1, 'player_num': 1}
2022-10-24 19:40:55,749 : mpfmc : SlidePlayer: Play called with settings={'lanes_top_complete_slide': {'target': 'Disp_Message', 'expire': 3.0, 'background_color': [0.0, 0.0, 0.0, 1.0], 'priority': None, 'show': True, 'force': False, 'slide': None, 'tokens': {}, 'action': 'play'}}
2022-10-24 19:40:55,754 : EventManager : Event: ======'slide_lanes_top_complete_slide_created'====== Args={}
2022-10-24 19:40:55,759 : EventManager : Event: ======'slide_lanes_top_complete_slide_active'====== Args={}
2022-10-24 19:40:56,750 : EventManager : Event: ======'player_shot_lane_top_1'====== Args={'value': 0, 'prev_value': 1, 'change': -1, 'player_num': 1}
2022-10-24 19:40:56,762 : EventManager : Event: ======'player_shot_lane_top_2'====== Args={'value': 0, 'prev_value': 1, 'change': -1, 'player_num': 1}
2022-10-24 19:40:56,762 : EventManager : Event: ======'player_shot_lane_top_3'====== Args={'value': 0, 'prev_value': 1, 'change': -1, 'player_num': 1}
2022-10-24 19:40:58,748 : EventManager : Event: ======'slide_lanes_top_complete_slide_removed'====== Args={}
2022-10-24 19:40:58,749 : EventManager : Event: ======'slide_empty_slide_active'====== Args={}
2022-10-24 19:41:00,164 : EventManager : Event: ======'machine_var_audits_switches_s_toplane3'====== Args={'value': 141, 'prev_value': 140, 'change': 1}
2022-10-24 19:41:00,189 : EventManager : Event: ======'player_shot_lane_top_3'====== Args={'value': 1, 'prev_value': 0, 'change': 1, 'player_num': 1}
2022-10-24 19:41:00,189 : EventManager : Event: ======'machine_var_audits_shots_lane_top_3'====== Args={'value': 133, 'prev_value': 132, 'change': 1}
2022-10-24 19:41:00,189 : EventManager : Event: ======'player_score'====== Args={'value': 4200, 'prev_value': 4100, 'change': 100, 'player_num': 1}
2022-10-24 19:41:01,101 : EventManager : Event: ======'machine_var_audits_switches_s_toplane2'====== Args={'value': 162, 'prev_value': 161, 'change': 1}
2022-10-24 19:41:01,113 : EventManager : Event: ======'player_shot_lane_top_2'====== Args={'value': 1, 'prev_value': 0, 'change': 1, 'player_num': 1}
2022-10-24 19:41:01,113 : EventManager : Event: ======'machine_var_audits_shots_lane_top_2'====== Args={'value': 155, 'prev_value': 154, 'change': 1}
2022-10-24 19:41:01,113 : EventManager : Event: ======'player_score'====== Args={'value': 4300, 'prev_value': 4200, 'change': 100, 'player_num': 1}
2022-10-24 19:41:02,269 : EventManager : Event: ======'machine_var_audits_switches_s_toplane1'====== Args={'value': 256, 'prev_value': 255, 'change': 1}
2022-10-24 19:41:02,296 : EventManager : Event: ======'player_shot_lane_top_1'====== Args={'value': 1, 'prev_value': 0, 'change': 1, 'player_num': 1}
2022-10-24 19:41:02,296 : EventManager : Event: ======'machine_var_audits_shots_lane_top_1'====== Args={'value': 169, 'prev_value': 168, 'change': 1}
2022-10-24 19:41:02,296 : EventManager : Event: ======'player_score'====== Args={'value': 4400, 'prev_value': 4300, 'change': 100, 'player_num': 1}
2022-10-24 19:41:02,296 : EventManager : Event: ======'player_score'====== Args={'value': 6400, 'prev_value': 4400, 'change': 2000, 'player_num': 1}
2022-10-24 19:41:02,296 : EventManager : Event: ======'slides_play'====== Args={'settings': {'lanes_top_complete_slide': {'target': 'Disp_Message', 'expire': 3.0, 'background_color': [0.0, 0.0, 0.0, 1.0], 'priority': None, 'show': True, 'force': False, 'slide': None, 'tokens': {}, 'action': 'play'}}, 'context': 'lanes', 'calling_context': 'lanes_top_complete', 'priority': 110, 'state': 'lit'}
2022-10-24 19:41:02,297 : EventManager : Event: ======'player_top_lane_hits'====== Args={'value': 3, 'prev_value': 2, 'change': 1, 'player_num': 1}
2022-10-24 19:41:02,297 : EventManager : Event: ======'player_pf_multiplier'====== Args={'value': 3, 'prev_value': 2, 'change': 1, 'player_num': 1}
2022-10-24 19:41:02,301 : mpfmc : SlidePlayer: Play called with settings={'lanes_top_complete_slide': {'target': 'Disp_Message', 'expire': 3.0, 'background_color': [0.0, 0.0, 0.0, 1.0], 'priority': None, 'show': True, 'force': False, 'slide': None, 'tokens': {}, 'action': 'play'}}
2022-10-24 19:41:02,301 : EventManager : Event: ======'slide_lanes_top_complete_slide_removed'====== Args={}
2022-10-24 19:41:02,306 : EventManager : Event: ======'slide_lanes_top_complete_slide_created'====== Args={}
2022-10-24 19:41:02,310 : EventManager : Event: ======'slide_lanes_top_complete_slide_active'====== Args={}
2022-10-24 19:41:03,306 : EventManager : Event: ======'player_shot_lane_top_1'====== Args={'value': 0, 'prev_value': 1, 'change': -1, 'player_num': 1}
2022-10-24 19:41:03,306 : EventManager : Event: ======'player_shot_lane_top_2'====== Args={'value': 0, 'prev_value': 1, 'change': -1, 'player_num': 1}
2022-10-24 19:41:03,306 : EventManager : Event: ======'player_shot_lane_top_3'====== Args={'value': 0, 'prev_value': 1, 'change': -1, 'player_num': 1}
2022-10-24 19:41:04,568 : EventManager : Event: ======'machine_var_audits_switches_s_toplane3'====== Args={'value': 142, 'prev_value': 141, 'change': 1}
2022-10-24 19:41:04,581 : EventManager : Event: ======'player_shot_lane_top_3'====== Args={'value': 1, 'prev_value': 0, 'change': 1, 'player_num': 1}
2022-10-24 19:41:04,581 : EventManager : Event: ======'machine_var_audits_shots_lane_top_3'====== Args={'value': 134, 'prev_value': 133, 'change': 1}
2022-10-24 19:41:04,581 : EventManager : Event: ======'player_score'====== Args={'value': 6500, 'prev_value': 6400, 'change': 100, 'player_num': 1}
2022-10-24 19:41:05,302 : EventManager : Event: ======'slide_lanes_top_complete_slide_removed'====== Args={}
2022-10-24 19:41:05,303 : EventManager : Event: ======'slide_empty_slide_active'====== Args={}
2022-10-24 19:41:05,828 : EventManager : Event: ======'machine_var_audits_switches_s_toplane2'====== Args={'value': 163, 'prev_value': 162, 'change': 1}
2022-10-24 19:41:05,829 : EventManager : Event: ======'player_shot_lane_top_2'====== Args={'value': 1, 'prev_value': 0, 'change': 1, 'player_num': 1}
2022-10-24 19:41:05,829 : EventManager : Event: ======'machine_var_audits_shots_lane_top_2'====== Args={'value': 156, 'prev_value': 155, 'change': 1}
2022-10-24 19:41:05,829 : EventManager : Event: ======'player_score'====== Args={'value': 6600, 'prev_value': 6500, 'change': 100, 'player_num': 1}
2022-10-24 19:41:07,113 : EventManager : Event: ======'machine_var_audits_switches_s_toplane1'====== Args={'value': 257, 'prev_value': 256, 'change': 1}
2022-10-24 19:41:07,127 : EventManager : Event: ======'player_shot_lane_top_1'====== Args={'value': 1, 'prev_value': 0, 'change': 1, 'player_num': 1}
2022-10-24 19:41:07,127 : EventManager : Event: ======'machine_var_audits_shots_lane_top_1'====== Args={'value': 170, 'prev_value': 169, 'change': 1}
2022-10-24 19:41:07,127 : EventManager : Event: ======'player_score'====== Args={'value': 6700, 'prev_value': 6600, 'change': 100, 'player_num': 1}
2022-10-24 19:41:07,127 : EventManager : Event: ======'player_score'====== Args={'value': 9700, 'prev_value': 6700, 'change': 3000, 'player_num': 1}
2022-10-24 19:41:07,128 : EventManager : Event: ======'slides_play'====== Args={'settings': {'lanes_top_complete_slide': {'target': 'Disp_Message', 'expire': 3.0, 'background_color': [0.0, 0.0, 0.0, 1.0], 'priority': None, 'show': True, 'force': False, 'slide': None, 'tokens': {}, 'action': 'play'}}, 'context': 'lanes', 'calling_context': 'lanes_top_complete', 'priority': 110, 'state': 'lit'}
2022-10-24 19:41:07,128 : EventManager : Event: ======'player_top_lane_hits'====== Args={'value': 4, 'prev_value': 3, 'change': 1, 'player_num': 1}
2022-10-24 19:41:07,128 : EventManager : Event: ======'player_pf_multiplier'====== Args={'value': 4, 'prev_value': 3, 'change': 1, 'player_num': 1}
2022-10-24 19:41:07,133 : mpfmc : SlidePlayer: Play called with settings={'lanes_top_complete_slide': {'target': 'Disp_Message', 'expire': 3.0, 'background_color': [0.0, 0.0, 0.0, 1.0], 'priority': None, 'show': True, 'force': False, 'slide': None, 'tokens': {}, 'action': 'play'}}
2022-10-24 19:41:07,134 : EventManager : Event: ======'slide_lanes_top_complete_slide_removed'====== Args={}
2022-10-24 19:41:07,139 : EventManager : Event: ======'slide_lanes_top_complete_slide_created'====== Args={}
2022-10-24 19:41:07,146 : EventManager : Event: ======'slide_lanes_top_complete_slide_active'====== Args={}
2022-10-24 19:41:08,131 : EventManager : Event: ======'player_shot_lane_top_1'====== Args={'value': 0, 'prev_value': 1, 'change': -1, 'player_num': 1}
2022-10-24 19:41:08,132 : EventManager : Event: ======'player_shot_lane_top_2'====== Args={'value': 0, 'prev_value': 1, 'change': -1, 'player_num': 1}
2022-10-24 19:41:08,132 : EventManager : Event: ======'player_shot_lane_top_3'====== Args={'value': 0, 'prev_value': 1, 'change': -1, 'player_num': 1}
2022-10-24 19:41:10,037 : EventManager : Event: ======'machine_var_audits_switches_s_toplane1'====== Args={'value': 258, 'prev_value': 257, 'change': 1}
2022-10-24 19:41:10,051 : EventManager : Event: ======'player_shot_lane_top_1'====== Args={'value': 1, 'prev_value': 0, 'change': 1, 'player_num': 1}
2022-10-24 19:41:10,051 : EventManager : Event: ======'machine_var_audits_shots_lane_top_1'====== Args={'value': 171, 'prev_value': 170, 'change': 1}
2022-10-24 19:41:10,051 : EventManager : Event: ======'player_score'====== Args={'value': 9800, 'prev_value': 9700, 'change': 100, 'player_num': 1}
2022-10-24 19:41:10,126 : EventManager : Event: ======'slide_lanes_top_complete_slide_removed'====== Args={}
2022-10-24 19:41:10,127 : EventManager : Event: ======'slide_empty_slide_active'====== Args={}
2022-10-24 19:41:11,046 : EventManager : Event: ======'machine_var_audits_switches_s_toplane2'====== Args={'value': 164, 'prev_value': 163, 'change': 1}
2022-10-24 19:41:11,059 : EventManager : Event: ======'player_shot_lane_top_2'====== Args={'value': 1, 'prev_value': 0, 'change': 1, 'player_num': 1}
2022-10-24 19:41:11,059 : EventManager : Event: ======'machine_var_audits_shots_lane_top_2'====== Args={'value': 157, 'prev_value': 156, 'change': 1}
2022-10-24 19:41:11,059 : EventManager : Event: ======'player_score'====== Args={'value': 9900, 'prev_value': 9800, 'change': 100, 'player_num': 1}
2022-10-24 19:41:12,289 : EventManager : Event: ======'machine_var_audits_switches_s_toplane3'====== Args={'value': 143, 'prev_value': 142, 'change': 1}
2022-10-24 19:41:12,289 : EventManager : Event: ======'player_shot_lane_top_3'====== Args={'value': 1, 'prev_value': 0, 'change': 1, 'player_num': 1}
2022-10-24 19:41:12,289 : EventManager : Event: ======'machine_var_audits_shots_lane_top_3'====== Args={'value': 135, 'prev_value': 134, 'change': 1}
2022-10-24 19:41:12,290 : EventManager : Event: ======'player_score'====== Args={'value': 10000, 'prev_value': 9900, 'change': 100, 'player_num': 1}
2022-10-24 19:41:12,290 : EventManager : Event: ======'player_score'====== Args={'value': 14000, 'prev_value': 10000, 'change': 4000, 'player_num': 1}
2022-10-24 19:41:12,290 : EventManager : Event: ======'slides_play'====== Args={'settings': {'lanes_top_complete_slide': {'target': 'Disp_Message', 'expire': 3.0, 'background_color': [0.0, 0.0, 0.0, 1.0], 'priority': None, 'show': True, 'force': False, 'slide': None, 'tokens': {}, 'action': 'play'}}, 'context': 'lanes', 'calling_context': 'lanes_top_complete', 'priority': 110, 'state': 'lit'}
2022-10-24 19:41:12,291 : EventManager : Event: ======'player_top_lane_hits'====== Args={'value': 5, 'prev_value': 4, 'change': 1, 'player_num': 1}
2022-10-24 19:41:12,291 : EventManager : Event: ======'player_pf_multiplier'====== Args={'value': 5, 'prev_value': 4, 'change': 1, 'player_num': 1}
2022-10-24 19:41:12,295 : mpfmc : SlidePlayer: Play called with settings={'lanes_top_complete_slide': {'target': 'Disp_Message', 'expire': 3.0, 'background_color': [0.0, 0.0, 0.0, 1.0], 'priority': None, 'show': True, 'force': False, 'slide': None, 'tokens': {}, 'action': 'play'}}
2022-10-24 19:41:12,296 : EventManager : Event: ======'slide_lanes_top_complete_slide_removed'====== Args={}
2022-10-24 19:41:12,302 : EventManager : Event: ======'slide_lanes_top_complete_slide_created'====== Args={}
2022-10-24 19:41:12,306 : EventManager : Event: ======'slide_lanes_top_complete_slide_active'====== Args={}
2022-10-24 19:41:13,297 : EventManager : Event: ======'player_shot_lane_top_1'====== Args={'value': 0, 'prev_value': 1, 'change': -1, 'player_num': 1}
2022-10-24 19:41:13,298 : EventManager : Event: ======'player_shot_lane_top_2'====== Args={'value': 0, 'prev_value': 1, 'change': -1, 'player_num': 1}
2022-10-24 19:41:13,299 : EventManager : Event: ======'player_shot_lane_top_3'====== Args={'value': 0, 'prev_value': 1, 'change': -1, 'player_num': 1}
2022-10-24 19:41:15,247 : EventManager : Event: ======'machine_var_audits_switches_s_toplane3'====== Args={'value': 144, 'prev_value': 143, 'change': 1}
2022-10-24 19:41:15,260 : EventManager : Event: ======'player_shot_lane_top_3'====== Args={'value': 1, 'prev_value': 0, 'change': 1, 'player_num': 1}
2022-10-24 19:41:15,260 : EventManager : Event: ======'machine_var_audits_shots_lane_top_3'====== Args={'value': 136, 'prev_value': 135, 'change': 1}
2022-10-24 19:41:15,261 : EventManager : Event: ======'player_score'====== Args={'value': 14100, 'prev_value': 14000, 'change': 100, 'player_num': 1}
2022-10-24 19:41:15,294 : EventManager : Event: ======'slide_lanes_top_complete_slide_removed'====== Args={}
2022-10-24 19:41:15,297 : EventManager : Event: ======'slide_empty_slide_active'====== Args={}
2022-10-24 19:41:16,127 : EventManager : Event: ======'machine_var_audits_switches_s_toplane2'====== Args={'value': 165, 'prev_value': 164, 'change': 1}
2022-10-24 19:41:16,127 : EventManager : Event: ======'player_shot_lane_top_2'====== Args={'value': 1, 'prev_value': 0, 'change': 1, 'player_num': 1}
2022-10-24 19:41:16,127 : EventManager : Event: ======'machine_var_audits_shots_lane_top_2'====== Args={'value': 158, 'prev_value': 157, 'change': 1}
2022-10-24 19:41:16,127 : EventManager : Event: ======'player_score'====== Args={'value': 14200, 'prev_value': 14100, 'change': 100, 'player_num': 1}
2022-10-24 19:41:18,146 : EventManager : Event: ======'machine_var_audits_switches_s_toplane1'====== Args={'value': 259, 'prev_value': 258, 'change': 1}
2022-10-24 19:41:18,159 : EventManager : Event: ======'player_shot_lane_top_1'====== Args={'value': 1, 'prev_value': 0, 'change': 1, 'player_num': 1}
2022-10-24 19:41:18,159 : EventManager : Event: ======'machine_var_audits_shots_lane_top_1'====== Args={'value': 172, 'prev_value': 171, 'change': 1}
2022-10-24 19:41:18,159 : EventManager : Event: ======'player_score'====== Args={'value': 14300, 'prev_value': 14200, 'change': 100, 'player_num': 1}
2022-10-24 19:41:18,160 : EventManager : Event: ======'player_score'====== Args={'value': 19300, 'prev_value': 14300, 'change': 5000, 'player_num': 1}
2022-10-24 19:41:18,160 : EventManager : Event: ======'slides_play'====== Args={'settings': {'lanes_top_complete_slide': {'target': 'Disp_Message', 'expire': 3.0, 'background_color': [0.0, 0.0, 0.0, 1.0], 'priority': None, 'show': True, 'force': False, 'slide': None, 'tokens': {}, 'action': 'play'}}, 'context': 'lanes', 'calling_context': 'lanes_top_complete', 'priority': 110, 'state': 'lit'}
2022-10-24 19:41:18,160 : EventManager : Event: ======'player_top_lane_hits'====== Args={'value': 6, 'prev_value': 5, 'change': 1, 'player_num': 1}
2022-10-24 19:41:18,160 : EventManager : Event: ======'player_pf_multiplier'====== Args={'value': 10, 'prev_value': 5, 'change': 5, 'player_num': 1}
2022-10-24 19:41:18,163 : mpfmc : SlidePlayer: Play called with settings={'lanes_top_complete_slide': {'target': 'Disp_Message', 'expire': 3.0, 'background_color': [0.0, 0.0, 0.0, 1.0], 'priority': None, 'show': True, 'force': False, 'slide': None, 'tokens': {}, 'action': 'play'}}
2022-10-24 19:41:18,164 : EventManager : Event: ======'slide_lanes_top_complete_slide_removed'====== Args={}
2022-10-24 19:41:18,171 : EventManager : Event: ======'slide_lanes_top_complete_slide_created'====== Args={}
2022-10-24 19:41:18,175 : EventManager : Event: ======'slide_lanes_top_complete_slide_active'====== Args={}
2022-10-24 19:41:19,164 : EventManager : Event: ======'player_shot_lane_top_1'====== Args={'value': 0, 'prev_value': 1, 'change': -1, 'player_num': 1}
2022-10-24 19:41:19,164 : EventManager : Event: ======'player_shot_lane_top_2'====== Args={'value': 0, 'prev_value': 1, 'change': -1, 'player_num': 1}
2022-10-24 19:41:19,164 : EventManager : Event: ======'player_shot_lane_top_3'====== Args={'value': 0, 'prev_value': 1, 'change': -1, 'player_num': 1}
2022-10-24 19:41:21,166 : EventManager : Event: ======'slide_lanes_top_complete_slide_removed'====== Args={}
2022-10-24 19:41:21,167 : EventManager : Event: ======'slide_empty_slide_active'====== Args={}
2022-10-24 19:41:22,079 : EventManager : Event: ======'machine_var_audits_switches_s_toplane1'====== Args={'value': 260, 'prev_value': 259, 'change': 1}
2022-10-24 19:41:22,091 : EventManager : Event: ======'player_shot_lane_top_1'====== Args={'value': 1, 'prev_value': 0, 'change': 1, 'player_num': 1}
2022-10-24 19:41:22,092 : EventManager : Event: ======'machine_var_audits_shots_lane_top_1'====== Args={'value': 173, 'prev_value': 172, 'change': 1}
2022-10-24 19:41:22,092 : EventManager : Event: ======'player_score'====== Args={'value': 19400, 'prev_value': 19300, 'change': 100, 'player_num': 1}
2022-10-24 19:41:23,332 : EventManager : Event: ======'machine_var_audits_switches_s_toplane2'====== Args={'value': 166, 'prev_value': 165, 'change': 1}
2022-10-24 19:41:23,332 : EventManager : Event: ======'player_shot_lane_top_2'====== Args={'value': 1, 'prev_value': 0, 'change': 1, 'player_num': 1}
2022-10-24 19:41:23,332 : EventManager : Event: ======'machine_var_audits_shots_lane_top_2'====== Args={'value': 159, 'prev_value': 158, 'change': 1}
2022-10-24 19:41:23,333 : EventManager : Event: ======'player_score'====== Args={'value': 19500, 'prev_value': 19400, 'change': 100, 'player_num': 1}
2022-10-24 19:41:24,663 : EventManager : Event: ======'machine_var_audits_switches_s_toplane3'====== Args={'value': 145, 'prev_value': 144, 'change': 1}
2022-10-24 19:41:24,675 : EventManager : Event: ======'player_shot_lane_top_3'====== Args={'value': 1, 'prev_value': 0, 'change': 1, 'player_num': 1}
2022-10-24 19:41:24,675 : EventManager : Event: ======'machine_var_audits_shots_lane_top_3'====== Args={'value': 137, 'prev_value': 136, 'change': 1}
2022-10-24 19:41:24,675 : EventManager : Event: ======'player_score'====== Args={'value': 19600, 'prev_value': 19500, 'change': 100, 'player_num': 1}
2022-10-24 19:41:24,675 : EventManager : Event: ======'player_score'====== Args={'value': 29600, 'prev_value': 19600, 'change': 10000, 'player_num': 1}
2022-10-24 19:41:24,675 : EventManager : Event: ======'slides_play'====== Args={'settings': {'lanes_top_complete_slide': {'target': 'Disp_Message', 'expire': 3.0, 'background_color': [0.0, 0.0, 0.0, 1.0], 'priority': None, 'show': True, 'force': False, 'slide': None, 'tokens': {}, 'action': 'play'}}, 'context': 'lanes', 'calling_context': 'lanes_top_complete', 'priority': 110, 'state': 'lit'}
2022-10-24 19:41:24,675 : EventManager : Event: ======'player_top_lane_hits'====== Args={'value': 7, 'prev_value': 6, 'change': 1, 'player_num': 1}
2022-10-24 19:41:24,677 : mpfmc : SlidePlayer: Play called with settings={'lanes_top_complete_slide': {'target': 'Disp_Message', 'expire': 3.0, 'background_color': [0.0, 0.0, 0.0, 1.0], 'priority': None, 'show': True, 'force': False, 'slide': None, 'tokens': {}, 'action': 'play'}}
2022-10-24 19:41:24,677 : EventManager : Event: ======'slide_lanes_top_complete_slide_removed'====== Args={}
2022-10-24 19:41:24,681 : EventManager : Event: ======'slide_lanes_top_complete_slide_created'====== Args={}
2022-10-24 19:41:24,687 : EventManager : Event: ======'slide_lanes_top_complete_slide_active'====== Args={}
2022-10-24 19:41:25,683 : EventManager : Event: ======'player_shot_lane_top_1'====== Args={'value': 0, 'prev_value': 1, 'change': -1, 'player_num': 1}
2022-10-24 19:41:25,683 : EventManager : Event: ======'player_shot_lane_top_2'====== Args={'value': 0, 'prev_value': 1, 'change': -1, 'player_num': 1}
2022-10-24 19:41:25,683 : EventManager : Event: ======'player_shot_lane_top_3'====== Args={'value': 0, 'prev_value': 1, 'change': -1, 'player_num': 1}
2022-10-24 19:41:27,001 : EventManager : Event: ======'machine_var_audits_switches_s_toplane3'====== Args={'value': 146, 'prev_value': 145, 'change': 1}
2022-10-24 19:41:27,013 : EventManager : Event: ======'player_shot_lane_top_3'====== Args={'value': 1, 'prev_value': 0, 'change': 1, 'player_num': 1}
2022-10-24 19:41:27,015 : EventManager : Event: ======'machine_var_audits_shots_lane_top_3'====== Args={'value': 138, 'prev_value': 137, 'change': 1}
2022-10-24 19:41:27,015 : EventManager : Event: ======'player_score'====== Args={'value': 29700, 'prev_value': 29600, 'change': 100, 'player_num': 1}
2022-10-24 19:41:27,676 : EventManager : Event: ======'slide_lanes_top_complete_slide_removed'====== Args={}
2022-10-24 19:41:27,679 : EventManager : Event: ======'slide_empty_slide_active'====== Args={}
2022-10-24 19:41:28,317 : EventManager : Event: ======'machine_var_audits_switches_s_toplane2'====== Args={'value': 167, 'prev_value': 166, 'change': 1}
2022-10-24 19:41:28,317 : EventManager : Event: ======'player_shot_lane_top_2'====== Args={'value': 1, 'prev_value': 0, 'change': 1, 'player_num': 1}
2022-10-24 19:41:28,318 : EventManager : Event: ======'machine_var_audits_shots_lane_top_2'====== Args={'value': 160, 'prev_value': 159, 'change': 1}
2022-10-24 19:41:28,318 : EventManager : Event: ======'player_score'====== Args={'value': 29800, 'prev_value': 29700, 'change': 100, 'player_num': 1}
2022-10-24 19:41:29,722 : EventManager : Event: ======'machine_var_audits_switches_s_toplane2'====== Args={'value': 168, 'prev_value': 167, 'change': 1}
2022-10-24 19:41:29,722 : EventManager : Event: ======'machine_var_audits_shots_lane_top_2'====== Args={'value': 161, 'prev_value': 160, 'change': 1}
2022-10-24 19:41:29,723 : EventManager : Event: ======'player_score'====== Args={'value': 29900, 'prev_value': 29800, 'change': 100, 'player_num': 1}
2022-10-24 19:41:30,060 : EventManager : Event: ======'machine_var_audits_switches_s_toplane2'====== Args={'value': 169, 'prev_value': 168, 'change': 1}
2022-10-24 19:41:30,060 : EventManager : Event: ======'machine_var_audits_shots_lane_top_2'====== Args={'value': 162, 'prev_value': 161, 'change': 1}
2022-10-24 19:41:30,061 : EventManager : Event: ======'player_score'====== Args={'value': 30000, 'prev_value': 29900, 'change': 100, 'player_num': 1}
2022-10-24 19:41:30,281 : EventManager : Event: ======'machine_var_audits_switches_s_toplane2'====== Args={'value': 170, 'prev_value': 169, 'change': 1}
2022-10-24 19:41:30,281 : EventManager : Event: ======'machine_var_audits_shots_lane_top_2'====== Args={'value': 163, 'prev_value': 162, 'change': 1}
2022-10-24 19:41:30,282 : EventManager : Event: ======'player_score'====== Args={'value': 30100, 'prev_value': 30000, 'change': 100, 'player_num': 1}
2022-10-24 19:41:30,490 : EventManager : Event: ======'machine_var_audits_switches_s_toplane2'====== Args={'value': 171, 'prev_value': 170, 'change': 1}
2022-10-24 19:41:30,502 : EventManager : Event: ======'machine_var_audits_shots_lane_top_2'====== Args={'value': 164, 'prev_value': 163, 'change': 1}
2022-10-24 19:41:30,503 : EventManager : Event: ======'player_score'====== Args={'value': 30200, 'prev_value': 30100, 'change': 100, 'player_num': 1}
2022-10-24 19:41:30,712 : EventManager : Event: ======'machine_var_audits_switches_s_toplane2'====== Args={'value': 172, 'prev_value': 171, 'change': 1}
2022-10-24 19:41:30,712 : EventManager : Event: ======'machine_var_audits_shots_lane_top_2'====== Args={'value': 165, 'prev_value': 164, 'change': 1}
2022-10-24 19:41:30,712 : EventManager : Event: ======'player_score'====== Args={'value': 30300, 'prev_value': 30200, 'change': 100, 'player_num': 1}
2022-10-24 19:41:30,946 : EventManager : Event: ======'machine_var_audits_switches_s_toplane2'====== Args={'value': 173, 'prev_value': 172, 'change': 1}
2022-10-24 19:41:30,946 : EventManager : Event: ======'machine_var_audits_shots_lane_top_2'====== Args={'value': 166, 'prev_value': 165, 'change': 1}
2022-10-24 19:41:30,946 : EventManager : Event: ======'player_score'====== Args={'value': 30400, 'prev_value': 30300, 'change': 100, 'player_num': 1}
2022-10-24 19:41:31,135 : EventManager : Event: ======'machine_var_audits_switches_s_toplane2'====== Args={'value': 174, 'prev_value': 173, 'change': 1}
2022-10-24 19:41:31,147 : EventManager : Event: ======'machine_var_audits_shots_lane_top_2'====== Args={'value': 167, 'prev_value': 166, 'change': 1}
2022-10-24 19:41:31,147 : EventManager : Event: ======'player_score'====== Args={'value': 30500, 'prev_value': 30400, 'change': 100, 'player_num': 1}
2022-10-24 19:41:31,706 : EventManager : Event: ======'machine_var_audits_switches_s_toplane2'====== Args={'value': 175, 'prev_value': 174, 'change': 1}
2022-10-24 19:41:31,706 : EventManager : Event: ======'machine_var_audits_shots_lane_top_2'====== Args={'value': 168, 'prev_value': 167, 'change': 1}
2022-10-24 19:41:31,707 : EventManager : Event: ======'player_score'====== Args={'value': 30600, 'prev_value': 30500, 'change': 100, 'player_num': 1}
2022-10-24 19:41:31,903 : EventManager : Event: ======'machine_var_audits_switches_s_toplane2'====== Args={'value': 176, 'prev_value': 175, 'change': 1}
2022-10-24 19:41:31,903 : EventManager : Event: ======'machine_var_audits_shots_lane_top_2'====== Args={'value': 169, 'prev_value': 168, 'change': 1}
2022-10-24 19:41:31,904 : EventManager : Event: ======'player_score'====== Args={'value': 30700, 'prev_value': 30600, 'change': 100, 'player_num': 1}
2022-10-24 19:41:32,274 : EventManager : Event: ======'machine_var_audits_switches_s_toplane2'====== Args={'value': 177, 'prev_value': 176, 'change': 1}
2022-10-24 19:41:32,274 : EventManager : Event: ======'machine_var_audits_shots_lane_top_2'====== Args={'value': 170, 'prev_value': 169, 'change': 1}
2022-10-24 19:41:32,274 : EventManager : Event: ======'player_score'====== Args={'value': 30800, 'prev_value': 30700, 'change': 100, 'player_num': 1}
2022-10-24 19:41:32,498 : EventManager : Event: ======'machine_var_audits_switches_s_toplane2'====== Args={'value': 178, 'prev_value': 177, 'change': 1}
2022-10-24 19:41:32,498 : EventManager : Event: ======'machine_var_audits_shots_lane_top_2'====== Args={'value': 171, 'prev_value': 170, 'change': 1}
2022-10-24 19:41:32,498 : EventManager : Event: ======'player_score'====== Args={'value': 30900, 'prev_value': 30800, 'change': 100, 'player_num': 1}
2022-10-24 19:41:33,973 : EventManager : Event: ======'machine_var_audits_switches_s_toplane1'====== Args={'value': 261, 'prev_value': 260, 'change': 1}
2022-10-24 19:41:33,973 : EventManager : Event: ======'player_shot_lane_top_1'====== Args={'value': 1, 'prev_value': 0, 'change': 1, 'player_num': 1}
2022-10-24 19:41:33,973 : EventManager : Event: ======'machine_var_audits_shots_lane_top_1'====== Args={'value': 174, 'prev_value': 173, 'change': 1}
2022-10-24 19:41:33,973 : EventManager : Event: ======'player_score'====== Args={'value': 31000, 'prev_value': 30900, 'change': 100, 'player_num': 1}
2022-10-24 19:41:33,973 : EventManager : Event: ======'player_score'====== Args={'value': 41000, 'prev_value': 31000, 'change': 10000, 'player_num': 1}
2022-10-24 19:41:33,973 : EventManager : Event: ======'slides_play'====== Args={'settings': {'lanes_top_complete_slide': {'target': 'Disp_Message', 'expire': 3.0, 'background_color': [0.0, 0.0, 0.0, 1.0], 'priority': None, 'show': True, 'force': False, 'slide': None, 'tokens': {}, 'action': 'play'}}, 'context': 'lanes', 'calling_context': 'lanes_top_complete', 'priority': 110, 'state': 'lit'}
2022-10-24 19:41:33,973 : EventManager : Event: ======'player_top_lane_hits'====== Args={'value': 8, 'prev_value': 7, 'change': 1, 'player_num': 1}
2022-10-24 19:41:33,976 : mpfmc : SlidePlayer: Play called with settings={'lanes_top_complete_slide': {'target': 'Disp_Message', 'expire': 3.0, 'background_color': [0.0, 0.0, 0.0, 1.0], 'priority': None, 'show': True, 'force': False, 'slide': None, 'tokens': {}, 'action': 'play'}}
2022-10-24 19:41:33,976 : EventManager : Event: ======'slide_lanes_top_complete_slide_removed'====== Args={}
2022-10-24 19:41:33,980 : EventManager : Event: ======'slide_lanes_top_complete_slide_created'====== Args={}
2022-10-24 19:41:33,983 : EventManager : Event: ======'slide_lanes_top_complete_slide_active'====== Args={}
2022-10-24 19:41:34,982 : EventManager : Event: ======'player_shot_lane_top_1'====== Args={'value': 0, 'prev_value': 1, 'change': -1, 'player_num': 1}
2022-10-24 19:41:34,982 : EventManager : Event: ======'player_shot_lane_top_2'====== Args={'value': 0, 'prev_value': 1, 'change': -1, 'player_num': 1}
2022-10-24 19:41:34,982 : EventManager : Event: ======'player_shot_lane_top_3'====== Args={'value': 0, 'prev_value': 1, 'change': -1, 'player_num': 1}
2022-10-24 19:41:36,327 : EventManager : Event: ======'machine_var_audits_switches_s_popbumber_1'====== Args={'value': 69, 'prev_value': 68, 'change': 1}
2022-10-24 19:41:36,327 : EventManager : Event: ======'player_score'====== Args={'value': 41100, 'prev_value': 41000, 'change': 100, 'player_num': 1}
2022-10-24 19:41:36,822 : EventManager : Event: ======'machine_var_audits_switches_s_popbumber_1'====== Args={'value': 70, 'prev_value': 69, 'change': 1}
2022-10-24 19:41:36,823 : EventManager : Event: ======'player_score'====== Args={'value': 41200, 'prev_value': 41100, 'change': 100, 'player_num': 1}
2022-10-24 19:41:36,978 : EventManager : Event: ======'slide_lanes_top_complete_slide_removed'====== Args={}
2022-10-24 19:41:36,978 : EventManager : Event: ======'slide_empty_slide_active'====== Args={}
2022-10-24 19:41:37,102 : EventManager : Event: ======'machine_var_audits_switches_s_popbumber_1'====== Args={'value': 71, 'prev_value': 70, 'change': 1}
2022-10-24 19:41:37,102 : EventManager : Event: ======'player_score'====== Args={'value': 41300, 'prev_value': 41200, 'change': 100, 'player_num': 1}
2022-10-24 19:41:37,350 : EventManager : Event: ======'machine_var_audits_switches_s_popbumber_1'====== Args={'value': 72, 'prev_value': 71, 'change': 1}
2022-10-24 19:41:37,363 : EventManager : Event: ======'player_score'====== Args={'value': 41400, 'prev_value': 41300, 'change': 100, 'player_num': 1}
2022-10-24 19:41:37,564 : EventManager : Event: ======'machine_var_audits_switches_s_popbumber_1'====== Args={'value': 73, 'prev_value': 72, 'change': 1}
2022-10-24 19:41:37,564 : EventManager : Event: ======'player_score'====== Args={'value': 41500, 'prev_value': 41400, 'change': 100, 'player_num': 1}
2022-10-24 19:41:37,779 : EventManager : Event: ======'machine_var_audits_switches_s_popbumber_1'====== Args={'value': 74, 'prev_value': 73, 'change': 1}
2022-10-24 19:41:37,792 : EventManager : Event: ======'player_score'====== Args={'value': 41600, 'prev_value': 41500, 'change': 100, 'player_num': 1}
2022-10-24 19:41:37,998 : EventManager : Event: ======'machine_var_audits_switches_s_popbumber_1'====== Args={'value': 75, 'prev_value': 74, 'change': 1}
2022-10-24 19:41:37,998 : EventManager : Event: ======'player_score'====== Args={'value': 41700, 'prev_value': 41600, 'change': 100, 'player_num': 1}
2022-10-24 19:41:39,401 : EventManager : Event: ======'machine_var_audits_switches_s_popbumber_3'====== Args={'value': 61, 'prev_value': 60, 'change': 1}
2022-10-24 19:41:39,413 : EventManager : Event: ======'player_score'====== Args={'value': 41800, 'prev_value': 41700, 'change': 100, 'player_num': 1}
2022-10-24 19:41:39,624 : EventManager : Event: ======'machine_var_audits_switches_s_popbumber_3'====== Args={'value': 62, 'prev_value': 61, 'change': 1}
2022-10-24 19:41:39,624 : EventManager : Event: ======'player_score'====== Args={'value': 41900, 'prev_value': 41800, 'change': 100, 'player_num': 1}
2022-10-24 19:41:39,859 : EventManager : Event: ======'machine_var_audits_switches_s_popbumber_3'====== Args={'value': 63, 'prev_value': 62, 'change': 1}
2022-10-24 19:41:39,859 : EventManager : Event: ======'player_score'====== Args={'value': 42000, 'prev_value': 41900, 'change': 100, 'player_num': 1}
2022-10-24 19:41:40,080 : EventManager : Event: ======'machine_var_audits_switches_s_popbumber_3'====== Args={'value': 64, 'prev_value': 63, 'change': 1}
2022-10-24 19:41:40,081 : EventManager : Event: ======'player_score'====== Args={'value': 42100, 'prev_value': 42000, 'change': 100, 'player_num': 1}
2022-10-24 19:41:40,304 : EventManager : Event: ======'machine_var_audits_switches_s_popbumber_3'====== Args={'value': 65, 'prev_value': 64, 'change': 1}
2022-10-24 19:41:40,316 : EventManager : Event: ======'player_score'====== Args={'value': 42200, 'prev_value': 42100, 'change': 100, 'player_num': 1}
2022-10-24 19:41:42,790 : EventManager : Event: ======'machine_var_audits_switches_s_spinner'====== Args={'value': 272, 'prev_value': 271, 'change': 1}
2022-10-24 19:41:42,802 : EventManager : Event: ======'player_shot_spinner'====== Args={'value': 1, 'prev_value': 0, 'change': 1, 'player_num': 1}
2022-10-24 19:41:42,802 : EventManager : Event: ======'machine_var_audits_shots_spinner'====== Args={'value': 179, 'prev_value': 178, 'change': 1}
2022-10-24 19:41:43,042 : EventManager : Event: ======'machine_var_audits_switches_s_spinner'====== Args={'value': 273, 'prev_value': 272, 'change': 1}
2022-10-24 19:41:43,042 : EventManager : Event: ======'machine_var_audits_shots_spinner'====== Args={'value': 180, 'prev_value': 179, 'change': 1}
2022-10-24 19:41:43,302 : EventManager : Event: ======'machine_var_audits_switches_s_spinner'====== Args={'value': 274, 'prev_value': 273, 'change': 1}
2022-10-24 19:41:43,314 : EventManager : Event: ======'machine_var_audits_shots_spinner'====== Args={'value': 181, 'prev_value': 180, 'change': 1}
2022-10-24 19:41:43,541 : EventManager : Event: ======'machine_var_audits_switches_s_spinner'====== Args={'value': 275, 'prev_value': 274, 'change': 1}
2022-10-24 19:41:43,541 : EventManager : Event: ======'machine_var_audits_shots_spinner'====== Args={'value': 182, 'prev_value': 181, 'change': 1}
2022-10-24 19:41:43,777 : EventManager : Event: ======'machine_var_audits_switches_s_spinner'====== Args={'value': 276, 'prev_value': 275, 'change': 1}
2022-10-24 19:41:43,777 : EventManager : Event: ======'machine_var_audits_shots_spinner'====== Args={'value': 183, 'prev_value': 182, 'change': 1}
2022-10-24 19:41:43,991 : EventManager : Event: ======'machine_var_audits_switches_s_spinner'====== Args={'value': 277, 'prev_value': 276, 'change': 1}
2022-10-24 19:41:44,003 : EventManager : Event: ======'machine_var_audits_shots_spinner'====== Args={'value': 184, 'prev_value': 183, 'change': 1}
2022-10-24 19:41:44,213 : EventManager : Event: ======'machine_var_audits_switches_s_spinner'====== Args={'value': 278, 'prev_value': 277, 'change': 1}
2022-10-24 19:41:44,213 : EventManager : Event: ======'machine_var_audits_shots_spinner'====== Args={'value': 185, 'prev_value': 184, 'change': 1}
2022-10-24 19:41:44,463 : EventManager : Event: ======'machine_var_audits_switches_s_spinner'====== Args={'value': 279, 'prev_value': 278, 'change': 1}
2022-10-24 19:41:44,463 : EventManager : Event: ======'machine_var_audits_shots_spinner'====== Args={'value': 186, 'prev_value': 185, 'change': 1}
2022-10-24 20:58:56,371 : kivy : Base: Leaving application in progress...
2022-10-24 20:58:56,870 : mpfmc : Stopping...
2022-10-24 20:58:56,870 : EventManager : Event: ======'shutdown'====== Args={}
2022-10-24 20:58:56,871 : AudioInterface : Disabling audio playback
2022-10-24 20:58:56,873 : mpfmc : Loop rate 78.51 Hz
2022-10-24 20:58:56,873 : kivy : MC run loop ended.
2022-10-24 20:58:56,873 : kivy : Stopping child threads... (3 remaining)
2022-10-24 20:58:57,305 : mpfmc : Stopping...
2022-10-24 20:58:57,306 : EventManager : Event: ======'shutdown'====== Args={}
2022-10-24 20:58:57,306 : mpfmc : Loop rate 78.5 Hz
2022-10-24 20:58:57,315 : MPF-MC BCP Server : Stopping BCP sending thread
2022-10-24 20:58:57,417 : kivy : All child threads stopped.
