2022-09-17 09:44:58,960 : INFO : root : Loading config.
2022-09-17 09:44:58,964 : INFO : YamlMultifileConfigLoader : Machine config file #1: config.yaml
2022-09-17 09:44:58,964 : INFO : ConfigProcessor : Loading config from cache: C:\Users\dorus\AppData\Local\Temp\0aa359e6326ef14bcc36d32fc9dec35b.mpf_cache
2022-09-17 09:44:59,059 : INFO : ConfigProcessor : Loading config from cache: C:\Users\dorus\AppData\Local\Temp\5eb3439dbf16142704b5198a23e9a58c.mpf_cache
2022-09-17 09:44:59,060 : INFO : ConfigProcessor : Loading config from cache: C:\Users\dorus\AppData\Local\Temp\336e6d2601ccb63523c70814805acbf1.mpf_cache
2022-09-17 09:44:59,061 : INFO : ConfigProcessor : Loading config from cache: C:\Users\dorus\AppData\Local\Temp\d4952d0b9ea6ba2ec58a4f9adbee2d8a.mpf_cache
2022-09-17 09:44:59,061 : INFO : ConfigProcessor : Loading config from cache: C:\Users\dorus\AppData\Local\Temp\559f6283f098772e04564bccbb105016.mpf_cache
2022-09-17 09:44:59,062 : WARNING : ConfigProcessor : Config file in cache changed: C:\pinball\mpfv1\modes\lanes\config\lanes.yaml
2022-09-17 09:44:59,062 : INFO : ConfigProcessor : Loading config from file C:\pinball\mpfv1\modes\lanes\config\lanes.yaml.
2022-09-17 09:44:59,079 : INFO : ConfigProcessor : Loading config: C:\pinball\mpfv1\modes\lanes\config\lanes.yaml
2022-09-17 09:44:59,080 : INFO : ConfigProcessor : Config file cache created: C:\Users\dorus\AppData\Local\Temp\9d4ddc5b486987071715110e2b9dff2c.mpf_cache
2022-09-17 09:44:59,080 : INFO : ConfigProcessor : Loading config from cache: C:\Users\dorus\AppData\Local\Temp\f88a77831ebd1fc65525f08072013dbd.mpf_cache
2022-09-17 09:44:59,081 : INFO : Machine : Mission Pinball Framework Core Engine v0.55.0
2022-09-17 09:44:59,081 : INFO : Machine : Command line arguments: {'no_load_cache': False, 'create_config_cache': True, 'bcp': True, 'configfile': ['config.yaml'], 'force_assets_load': False, 'jsonlogging': False, 'logfile': 'logs\\2022-09-17-09-44-58-mpf-LAPTOP-AS8QDAQG.log', 'pause': False, 'production': False, 'text_ui': True, 'loglevel': 15, 'consoleloglevel': 20, 'force_platform': None, 'syslog_address': None, 'mc_file_name': None, 'no_sound': False}
2022-09-17 09:44:59,081 : INFO : Machine : MPF path: C:\Users\dorus\AppData\Local\Programs\Python\Python38\lib\site-packages\mpf
2022-09-17 09:44:59,081 : INFO : Machine : Machine path: C:\pinball\mpfv1
2022-09-17 09:44:59,081 : INFO : Machine : Platform: win32
2022-09-17 09:44:59,081 : INFO : Machine : Python executable location: C:\Users\dorus\AppData\Local\Programs\Python\Python38\python.exe
2022-09-17 09:44:59,081 : INFO : Machine : Python version: 3.8.10 (64-bit)
2022-09-17 09:44:59,083 : INFO : Machine : Initialise MPF.
2022-09-17 09:44:59,236 : INFO : OPP : Connecting to COM7 at 115200bps
2022-09-17 09:44:59,335 : INFO : OPP : Init of OPP board COM7 done
2022-09-17 09:44:59,335 : INFO : EventManager : Event: ======'machine_var_credits_string'====== Args={'value': 'FREE PLAY', 'prev_value': None, 'change': True}
2022-09-17 09:44:59,376 : INFO : EventManager : Event: ======'machine_var_master_volume'====== Args={'value': 0.5, 'prev_value': None, 'change': True}
2022-09-17 09:44:59,377 : INFO : EventManager : Event: ======'machine_var_player1_score'====== Args={'value': 17500, 'prev_value': None, 'change': True}
2022-09-17 09:44:59,377 : INFO : EventManager : Event: ======'machine_var_mpf_version'====== Args={'value': 'MPF v0.55.0', 'prev_value': None, 'change': True}
2022-09-17 09:44:59,377 : INFO : EventManager : Event: ======'machine_var_mpf_extended_version'====== Args={'value': 'MPF v0.55.0, Config version:5, Show version: 5, BCP version:1.1', 'prev_value': None, 'change': True}
2022-09-17 09:44:59,377 : INFO : EventManager : Event: ======'machine_var_python_version'====== Args={'value': '3.8.10', 'prev_value': None, 'change': True}
2022-09-17 09:44:59,387 : INFO : EventManager : Event: ======'machine_var_platform'====== Args={'value': 'Windows-10-10.0.19044-SP0', 'prev_value': None, 'change': True}
2022-09-17 09:44:59,387 : INFO : EventManager : Event: ======'machine_var_platform_system'====== Args={'value': 'Windows', 'prev_value': None, 'change': True}
2022-09-17 09:44:59,387 : INFO : EventManager : Event: ======'machine_var_platform_release'====== Args={'value': '10', 'prev_value': None, 'change': True}
2022-09-17 09:44:59,387 : INFO : EventManager : Event: ======'machine_var_platform_version'====== Args={'value': '10.0.19044', 'prev_value': None, 'change': True}
2022-09-17 09:44:59,387 : INFO : EventManager : Event: ======'machine_var_platform_machine'====== Args={'value': 'AMD64', 'prev_value': None, 'change': True}
2022-09-17 09:44:59,387 : INFO : EventManager : Event: ======'init_phase_1'====== Args={}
2022-09-17 09:44:59,403 : INFO : EventManager : Event: ======'drop_target_bank_db_dropbank_up'====== Args={}
2022-09-17 09:44:59,408 : INFO : EventManager : Event: ======'init_phase_2'====== Args={}
2022-09-17 09:44:59,408 : INFO : SwitchController : Found active switch: ('COM7-0-25', <Platform.OPP>) <switch.s_trough_jam>
2022-09-17 09:44:59,408 : INFO : SwitchController : Found active switch: ('COM7-1-25', <Platform.OPP>) <switch.s_drop1>
2022-09-17 09:44:59,408 : INFO : SwitchController : Found active switch: ('COM7-1-26', <Platform.OPP>) <switch.s_drop2>
2022-09-17 09:44:59,408 : INFO : SwitchController : Found active switch: ('COM7-1-27', <Platform.OPP>) <switch.s_drop3>
2022-09-17 09:44:59,413 : INFO : EventManager : Event: ======'bcp_connection_attempt'====== Args={'name': 'local_display', 'host': 'localhost', 'port': 5050}
2022-09-17 09:44:59,414 : INFO : BCPClientSocket : Connecting BCP to 'local_display' at localhost:5050...
2022-09-17 09:45:01,474 : INFO : BCPClientSocket : Connected BCP to 'local_display' localhost:5050
2022-09-17 09:45:01,476 : INFO : EventManager : Event: ======'bcp_clients_connected'====== Args={}
2022-09-17 09:45:01,485 : INFO : ball_device.bd_trough : BCH: Count is unstable. Trying to reorder balls.
2022-09-17 09:45:01,485 : WARNING : ball_device.bd_trough : Cannot reorder device because eject_coil_reorder_pulse is not configured
2022-09-17 09:45:01,485 : INFO : ball_device.bd_trough : BCH: Repulse done. Waiting for balls to settle.
2022-09-17 09:45:01,486 : INFO : ball_device.bd_trough : BCH: Initial count: 1
2022-09-17 09:45:01,486 : INFO : EventManager : Event: ======'machine_var_mc_version'====== Args={'value': 'MPF-MC v0.55.0', 'prev_value': None, 'change': True}
2022-09-17 09:45:01,486 : INFO : EventManager : Event: ======'machine_var_mc_extended_version'====== Args={'value': 'MPF-MC v0.55.0 (config_version=5, BCP v1.1, Requires MPF v0.55.0-dev.49)', 'prev_value': None, 'change': True}
2022-09-17 09:45:01,488 : INFO : ball_device.bd_trough : State: idle
2022-09-17 09:45:01,499 : INFO : ball_device.bd_plunger : BCH: Initial count: 0
2022-09-17 09:45:01,499 : INFO : ball_device.bd_plunger : State: idle
2022-09-17 09:45:01,499 : INFO : ball_device.bd_vukmid : BCH: Initial count: 0
2022-09-17 09:45:01,500 : INFO : ball_device.bd_vukmid : State: idle
2022-09-17 09:45:01,500 : INFO : ball_device.bd_vuktop : BCH: Initial count: 0
2022-09-17 09:45:01,501 : INFO : ball_device.bd_vuktop : State: idle
2022-09-17 09:45:01,588 : INFO : EventManager : Event: ======'init_phase_3'====== Args={}
2022-09-17 09:45:01,591 : INFO : EventManager : Event: ======'init_phase_4'====== Args={}
2022-09-17 09:45:01,592 : INFO : EventManager : Event: ======'playfield_active'====== Args={}
2022-09-17 09:45:01,592 : INFO : EventManager : Event: ======'unexpected_ball_on_playfield'====== Args={}
2022-09-17 09:45:01,592 : INFO : EventManager : Event: ======'drop_target_d_drop_target1_down'====== Args={'device': <drop_target.d_drop_target1>}
2022-09-17 09:45:01,592 : INFO : EventManager : Event: ======'drop_target_bank_db_dropbank_mixed'====== Args={'prev_value': <DropTargetBankState.UP: 'up'>, 'down': 1}
2022-09-17 09:45:01,592 : INFO : EventManager : Event: ======'playfield_active'====== Args={}
2022-09-17 09:45:01,592 : INFO : EventManager : Event: ======'unexpected_ball_on_playfield'====== Args={}
2022-09-17 09:45:01,592 : INFO : EventManager : Event: ======'drop_target_d_drop_target2_down'====== Args={'device': <drop_target.d_drop_target2>}
2022-09-17 09:45:01,592 : INFO : EventManager : Event: ======'drop_target_bank_db_dropbank_mixed'====== Args={'prev_value': <DropTargetBankState.MIXED: 'mixed'>, 'down': 2}
2022-09-17 09:45:01,592 : INFO : EventManager : Event: ======'playfield_active'====== Args={}
2022-09-17 09:45:01,592 : INFO : EventManager : Event: ======'unexpected_ball_on_playfield'====== Args={}
2022-09-17 09:45:01,592 : INFO : EventManager : Event: ======'drop_target_d_drop_target3_down'====== Args={'device': <drop_target.d_drop_target3>}
2022-09-17 09:45:01,592 : INFO : EventManager : Event: ======'drop_target_bank_db_dropbank_down'====== Args={}
2022-09-17 09:45:01,593 : INFO : BallController : Initial balls found: 1
2022-09-17 09:45:01,594 : INFO : EventManager : Event: ======'machine_var_audits_events_game_ended'====== Args={'value': 0, 'prev_value': None, 'change': True}
2022-09-17 09:45:01,595 : INFO : EventManager : Event: ======'machine_var_audits_events_game_started'====== Args={'value': 0, 'prev_value': None, 'change': True}
2022-09-17 09:45:01,595 : INFO : EventManager : Event: ======'machine_var_audits_player_score'====== Args={'value': {'average': 27625.0, 'top': [41000, 31800, 20200, 17500], 'total': 4}, 'prev_value': None, 'change': True}
2022-09-17 09:45:01,595 : INFO : EventManager : Event: ======'machine_var_audits_shots_lane_top_1'====== Args={'value': 74, 'prev_value': None, 'change': True}
2022-09-17 09:45:01,595 : INFO : EventManager : Event: ======'machine_var_audits_shots_lane_top_2'====== Args={'value': 69, 'prev_value': None, 'change': True}
2022-09-17 09:45:01,595 : INFO : EventManager : Event: ======'machine_var_audits_shots_lane_top_3'====== Args={'value': 62, 'prev_value': None, 'change': True}
2022-09-17 09:45:01,595 : INFO : EventManager : Event: ======'machine_var_audits_shots_orbit'====== Args={'value': 14, 'prev_value': None, 'change': True}
2022-09-17 09:45:01,595 : INFO : EventManager : Event: ======'machine_var_audits_shots_spinner'====== Args={'value': 144, 'prev_value': None, 'change': True}
2022-09-17 09:45:01,596 : INFO : EventManager : Event: ======'machine_var_audits_switches_s_bottomlane1'====== Args={'value': 6, 'prev_value': None, 'change': True}
2022-09-17 09:45:01,596 : INFO : EventManager : Event: ======'machine_var_audits_switches_s_bottomlane2'====== Args={'value': 8, 'prev_value': None, 'change': True}
2022-09-17 09:45:01,596 : INFO : EventManager : Event: ======'machine_var_audits_switches_s_bottomlane3'====== Args={'value': 5, 'prev_value': None, 'change': True}
2022-09-17 09:45:01,596 : INFO : EventManager : Event: ======'machine_var_audits_switches_s_bottomlane4'====== Args={'value': 16, 'prev_value': None, 'change': True}
2022-09-17 09:45:01,596 : INFO : EventManager : Event: ======'machine_var_audits_switches_s_bottomlane5'====== Args={'value': 2, 'prev_value': None, 'change': True}
2022-09-17 09:45:01,596 : INFO : EventManager : Event: ======'machine_var_audits_switches_s_drop1'====== Args={'value': 26, 'prev_value': None, 'change': True}
2022-09-17 09:45:01,596 : INFO : EventManager : Event: ======'machine_var_audits_switches_s_drop2'====== Args={'value': 10, 'prev_value': None, 'change': True}
2022-09-17 09:45:01,596 : INFO : EventManager : Event: ======'machine_var_audits_switches_s_drop3'====== Args={'value': 6, 'prev_value': None, 'change': True}
2022-09-17 09:45:01,596 : INFO : EventManager : Event: ======'machine_var_audits_switches_s_launch'====== Args={'value': 6, 'prev_value': None, 'change': True}
2022-09-17 09:45:01,597 : INFO : EventManager : Event: ======'machine_var_audits_switches_s_left01'====== Args={'value': 26, 'prev_value': None, 'change': True}
2022-09-17 09:45:01,597 : INFO : EventManager : Event: ======'machine_var_audits_switches_s_left02'====== Args={'value': 26, 'prev_value': None, 'change': True}
2022-09-17 09:45:01,597 : INFO : EventManager : Event: ======'machine_var_audits_switches_s_left03'====== Args={'value': 19, 'prev_value': None, 'change': True}
2022-09-17 09:45:01,597 : INFO : EventManager : Event: ======'machine_var_audits_switches_s_left_sling'====== Args={'value': 24, 'prev_value': None, 'change': True}
2022-09-17 09:45:01,597 : INFO : EventManager : Event: ======'machine_var_audits_switches_s_orbit1'====== Args={'value': 36, 'prev_value': None, 'change': True}
2022-09-17 09:45:01,597 : INFO : EventManager : Event: ======'machine_var_audits_switches_s_orbit2'====== Args={'value': 0, 'prev_value': None, 'change': True}
2022-09-17 09:45:01,597 : INFO : EventManager : Event: ======'machine_var_audits_switches_s_plunger_lane'====== Args={'value': 53, 'prev_value': None, 'change': True}
2022-09-17 09:45:01,597 : INFO : EventManager : Event: ======'machine_var_audits_switches_s_popbumber_1'====== Args={'value': 37, 'prev_value': None, 'change': True}
2022-09-17 09:45:01,598 : INFO : EventManager : Event: ======'machine_var_audits_switches_s_popbumber_2'====== Args={'value': 73, 'prev_value': None, 'change': True}
2022-09-17 09:45:01,598 : INFO : EventManager : Event: ======'machine_var_audits_switches_s_popbumber_3'====== Args={'value': 23, 'prev_value': None, 'change': True}
2022-09-17 09:45:01,598 : INFO : EventManager : Event: ======'machine_var_audits_switches_s_ramp'====== Args={'value': 31, 'prev_value': None, 'change': True}
2022-09-17 09:45:01,598 : INFO : EventManager : Event: ======'machine_var_audits_switches_s_right_sling'====== Args={'value': 58, 'prev_value': None, 'change': True}
2022-09-17 09:45:01,598 : INFO : EventManager : Event: ======'machine_var_audits_switches_s_rigth01'====== Args={'value': 53, 'prev_value': None, 'change': True}
2022-09-17 09:45:01,598 : INFO : EventManager : Event: ======'machine_var_audits_switches_s_rigth02'====== Args={'value': 23, 'prev_value': None, 'change': True}
2022-09-17 09:45:01,598 : INFO : EventManager : Event: ======'machine_var_audits_switches_s_rigth03'====== Args={'value': 12, 'prev_value': None, 'change': True}
2022-09-17 09:45:01,599 : INFO : EventManager : Event: ======'machine_var_audits_switches_s_spinner'====== Args={'value': 237, 'prev_value': None, 'change': True}
2022-09-17 09:45:01,599 : INFO : EventManager : Event: ======'machine_var_audits_switches_s_start'====== Args={'value': 0, 'prev_value': None, 'change': True}
2022-09-17 09:45:01,599 : INFO : EventManager : Event: ======'machine_var_audits_switches_s_top'====== Args={'value': 9, 'prev_value': None, 'change': True}
2022-09-17 09:45:01,599 : INFO : EventManager : Event: ======'machine_var_audits_switches_s_toplane1'====== Args={'value': 161, 'prev_value': None, 'change': True}
2022-09-17 09:45:01,599 : INFO : EventManager : Event: ======'machine_var_audits_switches_s_toplane2'====== Args={'value': 76, 'prev_value': None, 'change': True}
2022-09-17 09:45:01,599 : INFO : EventManager : Event: ======'machine_var_audits_switches_s_toplane3'====== Args={'value': 69, 'prev_value': None, 'change': True}
2022-09-17 09:45:01,600 : INFO : EventManager : Event: ======'machine_var_audits_switches_s_trough1'====== Args={'value': 15, 'prev_value': None, 'change': True}
2022-09-17 09:45:01,600 : INFO : EventManager : Event: ======'machine_var_audits_switches_s_trough2'====== Args={'value': 21, 'prev_value': None, 'change': True}
2022-09-17 09:45:01,600 : INFO : EventManager : Event: ======'machine_var_audits_switches_s_trough3'====== Args={'value': 13, 'prev_value': None, 'change': True}
2022-09-17 09:45:01,600 : INFO : EventManager : Event: ======'machine_var_audits_switches_s_trough4'====== Args={'value': 19, 'prev_value': None, 'change': True}
2022-09-17 09:45:01,601 : INFO : EventManager : Event: ======'machine_var_audits_switches_s_trough5'====== Args={'value': 13, 'prev_value': None, 'change': True}
2022-09-17 09:45:01,601 : INFO : EventManager : Event: ======'machine_var_audits_switches_s_trough6'====== Args={'value': 12, 'prev_value': None, 'change': True}
2022-09-17 09:45:01,601 : INFO : EventManager : Event: ======'machine_var_audits_switches_s_trough_jam'====== Args={'value': 14, 'prev_value': None, 'change': True}
2022-09-17 09:45:01,601 : INFO : EventManager : Event: ======'machine_var_audits_switches_s_vukmid'====== Args={'value': 23, 'prev_value': None, 'change': True}
2022-09-17 09:45:01,601 : INFO : EventManager : Event: ======'machine_var_audits_switches_s_vuktop'====== Args={'value': 9, 'prev_value': None, 'change': True}
2022-09-17 09:45:01,602 : INFO : EventManager : Event: ======'init_phase_5'====== Args={}
2022-09-17 09:45:01,609 : INFO : EventManager : Event: ======'init_done'====== Args={}
2022-09-17 09:45:01,611 : INFO : EventManager : Event: ======'machine_reset_phase_1'====== Args={}
2022-09-17 09:45:01,618 : INFO : EventManager : Event: ======'slide_welcome_slide_removed'====== Args={'_from_bcp': True}
2022-09-17 09:45:01,624 : INFO : EventManager : Event: ======'slide_welcome_slide_created'====== Args={'_from_bcp': True}
2022-09-17 09:45:01,624 : INFO : EventManager : Event: ======'slide_welcome_slide_active'====== Args={'_from_bcp': True}
2022-09-17 09:45:01,625 : INFO : EventManager : Event: ======'machine_reset_phase_2'====== Args={}
2022-09-17 09:45:01,626 : INFO : EventManager : Event: ======'machine_reset_phase_3'====== Args={}
2022-09-17 09:45:01,627 : INFO : drop_target_bank.db_dropbank : 3 targets are down. Will reset those.
2022-09-17 09:45:01,627 : INFO : coil.c_drop : Pulsing Driver for 16ms (1.0 pulse_power)
2022-09-17 09:45:01,628 : INFO : EventManager : Event: ======'reset_complete'====== Args={}
2022-09-17 09:45:01,629 : INFO : EventManager : Event: ======'mode_attract_will_start'====== Args={}
2022-09-17 09:45:01,630 : INFO : EventManager : Event: ======'mode_attract_starting'====== Args={}
2022-09-17 09:45:01,630 : INFO : Mode.attract : Started. Priority: 10
2022-09-17 09:45:01,630 : INFO : EventManager : Event: ======'modes_active_modes_changed'====== Args={}
2022-09-17 09:45:01,630 : INFO : EventManager : Event: ======'mode_attract_started'====== Args={}
2022-09-17 09:45:01,631 : INFO : EventManager : Event: ======'collecting_balls_complete'====== Args={}
2022-09-17 09:45:01,651 : INFO : EventManager : Event: ======'slide_awesome_slide_created'====== Args={'_from_bcp': True}
2022-09-17 09:45:01,651 : INFO : EventManager : Event: ======'slide_awesome_slide_active'====== Args={'_from_bcp': True}
2022-09-17 09:45:01,651 : INFO : Machine : Starting the main run loop.
2022-09-17 09:45:02,083 : INFO : BcpServer : New client connected.
2022-09-17 09:45:02,314 : INFO : SwitchController : <<<<<<< 's_trough1' active >>>>>>>
2022-09-17 09:45:02,596 : INFO : drop_target_bank.db_dropbank : 3 targets are down. Will reset those.
2022-09-17 09:45:02,596 : INFO : coil.c_drop : Pulsing Driver for 16ms (1.0 pulse_power)
2022-09-17 09:45:02,618 : INFO : SwitchController : <<<<<<< 's_trough2' active >>>>>>>
2022-09-17 09:45:02,938 : INFO : SwitchController : <<<<<<< 's_trough3' active >>>>>>>
2022-09-17 09:45:03,271 : INFO : SwitchController : <<<<<<< 's_trough4' active >>>>>>>
2022-09-17 09:45:03,774 : INFO : EventManager : Event: ======'balldevice_bd_trough_ball_count_changed'====== Args={'balls': 5}
2022-09-17 09:45:03,775 : INFO : ball_device.bd_trough : Received unexpected ball
2022-09-17 09:45:03,775 : INFO : EventManager : Event: ======'balldevice_captured_from_playfield'====== Args={'balls': 1}
2022-09-17 09:45:03,775 : INFO : EventManager : Event: ======'sw_playfield_active'====== Args={'balls': 1}
2022-09-17 09:45:03,776 : INFO : EventManager : Event: ======'playfield_active'====== Args={}
2022-09-17 09:45:03,776 : INFO : EventManager : Event: ======'unexpected_ball_on_playfield'====== Args={}
2022-09-17 09:45:03,776 : INFO : EventManager : Event: ======'playfield_ball_count_change'====== Args={'balls': -1, 'change': -1}
2022-09-17 09:45:03,778 : INFO : EventManager : Event: ======'balldevice_playfield_ball_enter'====== Args={'new_balls': 1, 'unclaimed_balls': 1, 'device': <playfield.playfield>}
2022-09-17 09:45:03,778 : INFO : EventManager : Event: ======'playfield_ball_count_change'====== Args={'balls': 0, 'change': 1}
2022-09-17 09:45:03,778 : INFO : BallController : Found a new ball which was captured from playfield. Known balls: 2
2022-09-17 09:45:03,778 : INFO : EventManager : Event: ======'found_new_ball'====== Args={}
2022-09-17 09:45:03,778 : INFO : EventManager : Event: ======'balldevice_bd_trough_ball_enter'====== Args={'new_balls': 1, 'unclaimed_balls': 1, 'new_available_balls': 1, 'device': <ball_device.bd_trough>}
2022-09-17 09:45:03,780 : INFO : EventManager : Event: ======'ball_drain'====== Args={'device': <ball_device.bd_trough>, 'balls': 1}
2022-09-17 09:45:03,781 : INFO : EventManager : Event: ======'balldevice_balls_available'====== Args={}
2022-09-17 09:45:03,781 : INFO : EventManager : Event: ======'balldevice_bd_trough_ball_entered'====== Args={'new_balls': 1, 'device': <ball_device.bd_trough>}
2022-09-17 09:45:03,781 : INFO : ball_device.bd_trough : Received unexpected ball
2022-09-17 09:45:03,781 : INFO : EventManager : Event: ======'balldevice_captured_from_playfield'====== Args={'balls': 1}
2022-09-17 09:45:03,782 : INFO : EventManager : Event: ======'sw_playfield_active'====== Args={'balls': 1}
2022-09-17 09:45:03,782 : INFO : EventManager : Event: ======'playfield_active'====== Args={}
2022-09-17 09:45:03,782 : INFO : EventManager : Event: ======'unexpected_ball_on_playfield'====== Args={}
2022-09-17 09:45:03,782 : INFO : EventManager : Event: ======'playfield_ball_count_change'====== Args={'balls': -1, 'change': -1}
2022-09-17 09:45:03,783 : INFO : EventManager : Event: ======'balldevice_playfield_ball_enter'====== Args={'new_balls': 1, 'unclaimed_balls': 1, 'device': <playfield.playfield>}
2022-09-17 09:45:03,783 : INFO : EventManager : Event: ======'playfield_ball_count_change'====== Args={'balls': 0, 'change': 1}
2022-09-17 09:45:03,783 : INFO : BallController : Found a new ball which was captured from playfield. Known balls: 3
2022-09-17 09:45:03,783 : INFO : EventManager : Event: ======'found_new_ball'====== Args={}
2022-09-17 09:45:03,784 : INFO : EventManager : Event: ======'balldevice_bd_trough_ball_enter'====== Args={'new_balls': 1, 'unclaimed_balls': 1, 'new_available_balls': 1, 'device': <ball_device.bd_trough>}
2022-09-17 09:45:03,784 : INFO : EventManager : Event: ======'ball_drain'====== Args={'device': <ball_device.bd_trough>, 'balls': 1}
2022-09-17 09:45:03,786 : INFO : EventManager : Event: ======'balldevice_balls_available'====== Args={}
2022-09-17 09:45:03,786 : INFO : EventManager : Event: ======'balldevice_bd_trough_ball_entered'====== Args={'new_balls': 1, 'device': <ball_device.bd_trough>}
2022-09-17 09:45:03,787 : INFO : ball_device.bd_trough : Received unexpected ball
2022-09-17 09:45:03,787 : INFO : EventManager : Event: ======'balldevice_captured_from_playfield'====== Args={'balls': 1}
2022-09-17 09:45:03,788 : INFO : EventManager : Event: ======'sw_playfield_active'====== Args={'balls': 1}
2022-09-17 09:45:03,788 : INFO : EventManager : Event: ======'playfield_active'====== Args={}
2022-09-17 09:45:03,788 : INFO : EventManager : Event: ======'unexpected_ball_on_playfield'====== Args={}
2022-09-17 09:45:03,789 : INFO : EventManager : Event: ======'playfield_ball_count_change'====== Args={'balls': -1, 'change': -1}
2022-09-17 09:45:03,791 : INFO : EventManager : Event: ======'balldevice_playfield_ball_enter'====== Args={'new_balls': 1, 'unclaimed_balls': 1, 'device': <playfield.playfield>}
2022-09-17 09:45:03,791 : INFO : EventManager : Event: ======'playfield_ball_count_change'====== Args={'balls': 0, 'change': 1}
2022-09-17 09:45:03,792 : INFO : BallController : Found a new ball which was captured from playfield. Known balls: 4
2022-09-17 09:45:03,792 : INFO : EventManager : Event: ======'found_new_ball'====== Args={}
2022-09-17 09:45:03,792 : INFO : EventManager : Event: ======'balldevice_bd_trough_ball_enter'====== Args={'new_balls': 1, 'unclaimed_balls': 1, 'new_available_balls': 1, 'device': <ball_device.bd_trough>}
2022-09-17 09:45:03,793 : INFO : EventManager : Event: ======'ball_drain'====== Args={'device': <ball_device.bd_trough>, 'balls': 1}
2022-09-17 09:45:03,794 : INFO : EventManager : Event: ======'balldevice_balls_available'====== Args={}
2022-09-17 09:45:03,794 : INFO : EventManager : Event: ======'balldevice_bd_trough_ball_entered'====== Args={'new_balls': 1, 'device': <ball_device.bd_trough>}
2022-09-17 09:45:03,795 : INFO : ball_device.bd_trough : Received unexpected ball
2022-09-17 09:45:03,795 : INFO : EventManager : Event: ======'balldevice_captured_from_playfield'====== Args={'balls': 1}
2022-09-17 09:45:03,796 : INFO : EventManager : Event: ======'sw_playfield_active'====== Args={'balls': 1}
2022-09-17 09:45:03,796 : INFO : EventManager : Event: ======'playfield_active'====== Args={}
2022-09-17 09:45:03,796 : INFO : EventManager : Event: ======'unexpected_ball_on_playfield'====== Args={}
2022-09-17 09:45:03,796 : INFO : EventManager : Event: ======'playfield_ball_count_change'====== Args={'balls': -1, 'change': -1}
2022-09-17 09:45:03,797 : INFO : EventManager : Event: ======'balldevice_playfield_ball_enter'====== Args={'new_balls': 1, 'unclaimed_balls': 1, 'device': <playfield.playfield>}
2022-09-17 09:45:03,797 : INFO : EventManager : Event: ======'playfield_ball_count_change'====== Args={'balls': 0, 'change': 1}
2022-09-17 09:45:03,797 : INFO : BallController : Found a new ball which was captured from playfield. Known balls: 5
2022-09-17 09:45:03,798 : INFO : EventManager : Event: ======'found_new_ball'====== Args={}
2022-09-17 09:45:03,798 : INFO : EventManager : Event: ======'balldevice_bd_trough_ball_enter'====== Args={'new_balls': 1, 'unclaimed_balls': 1, 'new_available_balls': 1, 'device': <ball_device.bd_trough>}
2022-09-17 09:45:03,798 : INFO : EventManager : Event: ======'ball_drain'====== Args={'device': <ball_device.bd_trough>, 'balls': 1}
2022-09-17 09:45:03,799 : INFO : EventManager : Event: ======'balldevice_balls_available'====== Args={}
2022-09-17 09:45:03,799 : INFO : EventManager : Event: ======'balldevice_bd_trough_ball_entered'====== Args={'new_balls': 1, 'device': <ball_device.bd_trough>}
2022-09-17 09:45:04,625 : INFO : EventManager : Event: ======'slide_press_start_created'====== Args={'_from_bcp': True}
2022-09-17 09:45:04,625 : INFO : EventManager : Event: ======'slide_press_start_active'====== Args={'_from_bcp': True}
2022-09-17 09:45:05,154 : INFO : SwitchController : <<<<<<< 's_start' active >>>>>>>
2022-09-17 09:45:05,362 : INFO : SwitchController : <<<<<<< 's_start' inactive >>>>>>>
2022-09-17 09:45:05,362 : INFO : EventManager : Event: ======'request_to_start_game'====== Args={}
2022-09-17 09:45:05,363 : INFO : EventManager : Event: ======'game_start'====== Args={'buttons': [], 'hold_time': 0.20399999999790452}
2022-09-17 09:45:05,364 : INFO : EventManager : Event: ======'mode_game_will_start'====== Args={'buttons': [], 'hold_time': 0.20399999999790452}
2022-09-17 09:45:05,365 : INFO : EventManager : Event: ======'mode_game_starting'====== Args={'buttons': [], 'hold_time': 0.20399999999790452}
2022-09-17 09:45:05,365 : INFO : EventManager : Event: ======'mode_attract_will_stop'====== Args={}
2022-09-17 09:45:05,366 : INFO : EventManager : Event: ======'mode_attract_stopping'====== Args={}
2022-09-17 09:45:05,366 : INFO : Mode.attract : Stopped.
2022-09-17 09:45:05,366 : INFO : EventManager : Event: ======'modes_active_modes_changed'====== Args={}
2022-09-17 09:45:05,367 : INFO : EventManager : Event: ======'mode_attract_stopped'====== Args={}
2022-09-17 09:45:05,367 : INFO : EventManager : Event: ======'clear'====== Args={'key': 'attract'}
2022-09-17 09:45:05,367 : INFO : Mode.game : Started. Priority: 20
2022-09-17 09:45:05,368 : INFO : EventManager : Event: ======'modes_active_modes_changed'====== Args={}
2022-09-17 09:45:05,368 : INFO : EventManager : Event: ======'mode_game_started'====== Args={'buttons': [], 'hold_time': 0.20399999999790452}
2022-09-17 09:45:05,378 : INFO : EventManager : Event: ======'game_will_start'====== Args={}
2022-09-17 09:45:05,380 : INFO : EventManager : Event: ======'game_starting'====== Args={'game': <Mode.game>}
2022-09-17 09:45:05,382 : INFO : EventManager : Event: ======'player_add_request'====== Args={}
2022-09-17 09:45:05,383 : INFO : EventManager : Event: ======'player_will_add'====== Args={'number': 1}
2022-09-17 09:45:05,383 : INFO : EventManager : Event: ======'player_adding'====== Args={'player': <Player 1>, 'number': 1}
2022-09-17 09:45:05,383 : INFO : EventManager : Event: ======'player_added'====== Args={'player': <Player 1>, 'num': 1}
2022-09-17 09:45:05,384 : INFO : Mode.game : Player added successfully. Total players: 1
2022-09-17 09:45:05,384 : INFO : EventManager : Event: ======'player_index'====== Args={'value': 0, 'prev_value': 0, 'change': 0, 'player_num': 1}
2022-09-17 09:45:05,385 : INFO : EventManager : Event: ======'player_number'====== Args={'value': 1, 'prev_value': 1, 'change': 0, 'player_num': 1}
2022-09-17 09:45:05,385 : INFO : EventManager : Event: ======'player_score'====== Args={'value': 0, 'prev_value': 0, 'change': 0, 'player_num': 1}
2022-09-17 09:45:05,386 : INFO : EventManager : Event: ======'game_started'====== Args={}
2022-09-17 09:45:05,405 : INFO : EventManager : Event: ======'player_turn_will_start'====== Args={'player': <Player 1>, 'number': 1}
2022-09-17 09:45:05,406 : INFO : EventManager : Event: ======'slide_awesome_slide_removed'====== Args={'_from_bcp': True}
2022-09-17 09:45:05,407 : INFO : EventManager : Event: ======'slide_press_start_removed'====== Args={'_from_bcp': True}
2022-09-17 09:45:05,407 : INFO : EventManager : Event: ======'slide_welcome_slide_active'====== Args={'_from_bcp': True}
2022-09-17 09:45:05,408 : INFO : EventManager : Event: ======'player_turn_starting'====== Args={'player': <Player 1>, 'number': 1}
2022-09-17 09:45:05,408 : INFO : EventManager : Event: ======'player_ball'====== Args={'value': 1, 'prev_value': 0, 'change': 1, 'player_num': 1}
2022-09-17 09:45:05,410 : INFO : EventManager : Event: ======'player_turn_started'====== Args={'player': <Player 1>, 'number': 1}
2022-09-17 09:45:05,411 : INFO : EventManager : Event: ======'ball_will_start'====== Args={'player': 1, 'ball': 1, 'balls_remaining': 2, 'is_extra_ball': False}
2022-09-17 09:45:05,415 : INFO : EventManager : Event: ======'ball_starting'====== Args={'player': 1, 'ball': 1, 'balls_remaining': 2, 'is_extra_ball': False}
2022-09-17 09:45:05,416 : INFO : EventManager : Event: ======'mode_orbit_will_start'====== Args={'queue': <QueuedEvent>, 'player': 1, 'ball': 1, 'balls_remaining': 2, 'is_extra_ball': False}
2022-09-17 09:45:05,417 : INFO : EventManager : Event: ======'player_shot_spinner_enabled'====== Args={'value': True, 'prev_value': 0, 'change': 1, 'player_num': 1}
2022-09-17 09:45:05,418 : INFO : EventManager : Event: ======'player_shot_orbit_enabled'====== Args={'value': True, 'prev_value': 0, 'change': 1, 'player_num': 1}
2022-09-17 09:45:05,418 : INFO : EventManager : Event: ======'mode_orbit_starting'====== Args={'queue': <QueuedEvent>, 'player': 1, 'ball': 1, 'balls_remaining': 2, 'is_extra_ball': False}
2022-09-17 09:45:05,419 : INFO : EventManager : Event: ======'mode_base_will_start'====== Args={'queue': <QueuedEvent>, 'player': 1, 'ball': 1, 'balls_remaining': 2, 'is_extra_ball': False}
2022-09-17 09:45:05,419 : INFO : EventManager : Event: ======'mode_base_starting'====== Args={'queue': <QueuedEvent>, 'player': 1, 'ball': 1, 'balls_remaining': 2, 'is_extra_ball': False}
2022-09-17 09:45:05,419 : INFO : drop_target_bank.db_dropbank : 3 targets are down. Will reset those.
2022-09-17 09:45:05,420 : INFO : coil.c_drop : Pulsing Driver for 16ms (1.0 pulse_power)
2022-09-17 09:45:05,420 : INFO : Mode.base : Started. Priority: 100
2022-09-17 09:45:05,420 : INFO : EventManager : Event: ======'modes_active_modes_changed'====== Args={}
2022-09-17 09:45:05,421 : INFO : EventManager : Event: ======'mode_base_started'====== Args={'queue': <QueuedEvent>, 'player': 1, 'ball': 1, 'balls_remaining': 2, 'is_extra_ball': False}
2022-09-17 09:45:05,422 : INFO : Mode.orbit : Started. Priority: 101
2022-09-17 09:45:05,423 : INFO : EventManager : Event: ======'modes_active_modes_changed'====== Args={}
2022-09-17 09:45:05,423 : INFO : EventManager : Event: ======'mode_orbit_started'====== Args={'queue': <QueuedEvent>, 'player': 1, 'ball': 1, 'balls_remaining': 2, 'is_extra_ball': False}
2022-09-17 09:45:05,424 : INFO : EventManager : Event: ======'balls_in_play'====== Args={'balls': 1}
2022-09-17 09:45:05,425 : INFO : EventManager : Event: ======'ball_started'====== Args={'player': 1, 'ball': 1, 'balls_remaining': 2, 'is_extra_ball': False}
2022-09-17 09:45:05,426 : INFO : EventManager : Event: ======'mode_lanes_will_start'====== Args={'player': 1, 'ball': 1, 'balls_remaining': 2, 'is_extra_ball': False}
2022-09-17 09:45:05,426 : INFO : EventManager : Event: ======'player_shot_lane_top_1_enabled'====== Args={'value': True, 'prev_value': 0, 'change': 1, 'player_num': 1}
2022-09-17 09:45:05,427 : INFO : EventManager : Event: ======'player_shot_lane_top_2_enabled'====== Args={'value': True, 'prev_value': 0, 'change': 1, 'player_num': 1}
2022-09-17 09:45:05,427 : INFO : EventManager : Event: ======'player_shot_lane_top_3_enabled'====== Args={'value': True, 'prev_value': 0, 'change': 1, 'player_num': 1}
2022-09-17 09:45:05,427 : INFO : EventManager : Event: ======'lanes_top_complete'====== Args={'state': 'unlit'}
2022-09-17 09:45:05,427 : INFO : EventManager : Event: ======'lanes_top_unlit_complete'====== Args={}
2022-09-17 09:45:05,428 : INFO : EventManager : Event: ======'mode_lanes_starting'====== Args={'player': 1, 'ball': 1, 'balls_remaining': 2, 'is_extra_ball': False}
2022-09-17 09:45:05,449 : INFO : EventManager : Event: ======'logicblock_lane_top_count_updated'====== Args={'value': 1, 'enabled': True}
2022-09-17 09:45:05,449 : INFO : EventManager : Event: ======'logicblock_lane_top_count_updated'====== Args={'value': 1, 'enabled': True}
2022-09-17 09:45:05,449 : INFO : Mode.lanes : Started. Priority: 110
2022-09-17 09:45:05,449 : INFO : EventManager : Event: ======'modes_active_modes_changed'====== Args={}
2022-09-17 09:45:05,449 : INFO : EventManager : Event: ======'mode_lanes_started'====== Args={'player': 1, 'ball': 1, 'balls_remaining': 2, 'is_extra_ball': False}
2022-09-17 09:45:05,450 : INFO : EventManager : Event: ======'single_player_ball_started'====== Args={}
2022-09-17 09:45:05,452 : INFO : EventManager : Event: ======'player_pf_multiplier'====== Args={'value': 1, 'prev_value': 0, 'change': 1, 'player_num': 1}
2022-09-17 09:45:05,453 : INFO : EventManager : Event: ======'slide_base.slide_player-mode_base_started_created'====== Args={'_from_bcp': True}
2022-09-17 09:45:05,454 : INFO : EventManager : Event: ======'slide_base.slide_player-mode_base_started_active'====== Args={'_from_bcp': True}
2022-09-17 09:45:05,456 : INFO : EventManager : Event: ======'ball_start_target'====== Args={'target': 'playfield'}
2022-09-17 09:45:05,468 : INFO : ball_device.bd_plunger : Setting up player-controlled eject. Balls: 1, Target: <playfield.playfield>, player_controlled_eject_event: s_launch_active
2022-09-17 09:45:05,468 : INFO : EventManager : Event: ======'balldevice_balls_available'====== Args={}
2022-09-17 09:45:05,470 : INFO : ball_device.bd_trough : State: waiting_for_target_ready
2022-09-17 09:45:05,470 : INFO : EventManager : Event: ======'balldevice_bd_trough_ball_eject_attempt'====== Args={'balls': 1, 'target': <ball_device.bd_plunger>, 'source': <ball_device.bd_trough>, 'mechanical_eject': True, 'num_attempts': 0}
2022-09-17 09:45:05,470 : INFO : ball_device.bd_plunger : State: waiting_for_ball
2022-09-17 09:45:05,471 : INFO : ball_device.bd_trough : State: ejecting
2022-09-17 09:45:05,471 : INFO : ball_device.bd_trough : Ejecting ball to <ball_device.bd_plunger>
2022-09-17 09:45:05,472 : INFO : EventManager : Event: ======'balldevice_bd_trough_ejecting_ball'====== Args={'balls': 1, 'target': <ball_device.bd_plunger>, 'source': <ball_device.bd_trough>, 'mechanical_eject': True, 'num_attempts': 0}
2022-09-17 09:45:05,472 : INFO : ball_device.bd_trough : Wait for ball to leave device
2022-09-17 09:45:05,473 : INFO : coil.c_trough_eject : Pulsing Driver for 25ms (1.0 pulse_power)
2022-09-17 09:45:05,478 : INFO : EventManager : Event: ======'slide_lanes.slide_player-mode_lanes_started_created'====== Args={'_from_bcp': True}
2022-09-17 09:45:05,480 : INFO : EventManager : Event: ======'slide_lanes.slide_player-mode_lanes_started_active'====== Args={'_from_bcp': True}
2022-09-17 09:45:15,468 : INFO : EventManager : Event: ======'balldevice_bd_trough_ball_eject_failed'====== Args={'target': <ball_device.bd_plunger>, 'balls': 1, 'retry': True, 'num_attempts': 1}
2022-09-17 09:45:15,471 : INFO : ball_device.bd_trough : State: waiting_for_target_ready
2022-09-17 09:45:15,472 : INFO : EventManager : Event: ======'balldevice_bd_trough_ball_eject_attempt'====== Args={'balls': 1, 'target': <ball_device.bd_plunger>, 'source': <ball_device.bd_trough>, 'mechanical_eject': True, 'num_attempts': 1}
2022-09-17 09:45:15,473 : INFO : ball_device.bd_trough : State: ejecting
2022-09-17 09:45:15,474 : INFO : ball_device.bd_trough : Ejecting ball to <ball_device.bd_plunger>
2022-09-17 09:45:15,474 : INFO : EventManager : Event: ======'balldevice_bd_trough_ejecting_ball'====== Args={'balls': 1, 'target': <ball_device.bd_plunger>, 'source': <ball_device.bd_trough>, 'mechanical_eject': True, 'num_attempts': 1}
2022-09-17 09:45:15,477 : INFO : ball_device.bd_trough : Wait for ball to leave device
2022-09-17 09:45:15,477 : INFO : coil.c_trough_eject : Pulsing Driver for 25ms (1.0 pulse_power)
2022-09-17 09:45:17,142 : INFO : Machine : Shutting down...
2022-09-17 09:45:17,142 : INFO : EventManager : Event: ======'shutdown'====== Args={}
2022-09-17 09:45:17,146 : ERROR : OPP : Stop called on serial connection COM7
2022-09-17 09:45:17,148 : ERROR : asyncio : Task exception was never retrieved
future: <Task finished name='Task-132' coro=<OppHardwarePlatform._poll_sender() done, defined at C:\Users\dorus\AppData\Local\Programs\Python\Python38\lib\site-packages\mpf\platforms\opp\opp.py:918> exception=AttributeError("'NoneType' object has no attribute 'write'")>
Traceback (most recent call last):
  File "C:\Users\dorus\AppData\Local\Programs\Python\Python38\lib\site-packages\mpf\platforms\opp\opp.py", line 934, in _poll_sender
    self.send_to_processor(chain_serial, self.read_input_msg[chain_serial])
  File "C:\Users\dorus\AppData\Local\Programs\Python\Python38\lib\site-packages\mpf\platforms\opp\opp.py", line 315, in send_to_processor
    self.opp_connection[chain_serial].send(msg)
  File "C:\Users\dorus\AppData\Local\Programs\Python\Python38\lib\site-packages\mpf\platforms\base_serial_communicator.py", line 155, in send
    self.writer.write(msg)
AttributeError: 'NoneType' object has no attribute 'write'
2022-09-17 09:45:17,149 : INFO : root : MPF run loop ended.
