2022-11-11 18:47:45,564 : kivy : Factory: 186 symbols loaded
2022-11-11 18:47:46,668 : kivy : ImageLoaderFFPy: Using ffpyplayer 4.3.2
2022-11-11 18:47:46,668 : kivy : Image: Providers: img_tex, img_dds, img_sdl2, img_pil, img_ffpyplayer 
2022-11-11 18:47:47,098 : kivy : VideoGstplayer: Using Gstreamer 1.18.0.0
2022-11-11 18:47:47,099 : kivy : Video: Provider: gstplayer
2022-11-11 18:47:47,885 : kivy : Loading MPF-MC controller
2022-11-11 18:47:47,888 : YamlMultifileConfigLoader : Machine config file #1: config
2022-11-11 18:47:47,888 : ConfigProcessor : Loading config from file C:\Users\dorus\AppData\Local\Programs\Python\Python38\lib\site-packages\mpfmc\mcconfig.yaml.
2022-11-11 18:47:47,952 : ConfigProcessor : Loading config: C:\Users\dorus\AppData\Local\Programs\Python\Python38\lib\site-packages\mpfmc\mcconfig.yaml
2022-11-11 18:47:47,953 : ConfigProcessor : Loading config from file C:\Users\dorus\OneDrive\Documents\Pinball\Github\Pinball-MPF\mpfv1\config\config.
2022-11-11 18:47:47,961 : ConfigProcessor : Loading config: C:\Users\dorus\OneDrive\Documents\Pinball\Github\Pinball-MPF\mpfv1\config\config
2022-11-11 18:47:47,992 : ConfigProcessor : Loading config: C:\Users\dorus\OneDrive\Documents\Pinball\Github\Pinball-MPF\mpfv1\config\hardware.yaml
2022-11-11 18:47:48,000 : ConfigProcessor : Loading config: C:\Users\dorus\OneDrive\Documents\Pinball\Github\Pinball-MPF\mpfv1\config\sounds.yaml
2022-11-11 18:47:48,004 : ConfigProcessor : Loading config: C:\Users\dorus\OneDrive\Documents\Pinball\Github\Pinball-MPF\mpfv1\config\display.yaml
2022-11-11 18:47:48,011 : ConfigProcessor : Loading config: C:\Users\dorus\OneDrive\Documents\Pinball\Github\Pinball-MPF\mpfv1\config\keyboard.yaml
2022-11-11 18:47:48,032 : ConfigProcessor : Loading config: C:\Users\dorus\OneDrive\Documents\Pinball\Github\Pinball-MPF\mpfv1\config\slides.yaml
2022-11-11 18:47:48,035 : ConfigProcessor : Loading config: C:\Users\dorus\OneDrive\Documents\Pinball\Github\Pinball-MPF\mpfv1\config\light_shows.yaml
2022-11-11 18:47:48,037 : ConfigProcessor : Config file cache created: C:\Users\dorus\AppData\Local\Temp\7e51f468519621fe47191f26eea0f791.mpf_cache
2022-11-11 18:47:48,038 : ConfigProcessor : Loading config from cache: C:\Users\dorus\AppData\Local\Temp\69e5e641cece6cfbb9f28306d01595e4.mpf_cache
2022-11-11 18:47:48,046 : ConfigProcessor : Loading config from cache: C:\Users\dorus\AppData\Local\Temp\336e6d2601ccb63523c70814805acbf1.mpf_cache
2022-11-11 18:47:48,050 : ConfigProcessor : Loading config from cache: C:\Users\dorus\AppData\Local\Temp\8f8558ef7eb783a34103d845cb15f27a.mpf_cache
2022-11-11 18:47:48,057 : ConfigProcessor : Loading config from cache: C:\Users\dorus\AppData\Local\Temp\3f4ec0fd6e14e835699e1ee64ae7815f.mpf_cache
2022-11-11 18:47:48,067 : ConfigProcessor : Loading config from cache: C:\Users\dorus\AppData\Local\Temp\07450fdcdb716b1c510f1f1f728b03da.mpf_cache
2022-11-11 18:47:48,075 : mpfmc : Mission Pinball Framework Media Controller v0.55.0
2022-11-11 18:47:48,075 : mpfmc : Mission Pinball Framework Game Engine v0.55.0
2022-11-11 18:47:48,075 : mpfmc : Machine path: C:\Users\dorus\OneDrive\Documents\Pinball\Github\Pinball-MPF\mpfv1
2022-11-11 18:47:48,075 : mpfmc : Starting clock at 60.0Hz
2022-11-11 18:47:48,234 : kivy : Text: Provider: sdl2
2022-11-11 18:47:48,469 : kivy : Window: Provider: sdl2
2022-11-11 18:47:48,816 : kivy : GL: Using the "OpenGL" graphics system
2022-11-11 18:47:48,824 : kivy : GL: GLEW initialization succeeded
2022-11-11 18:47:48,825 : kivy : GL: Backend used <glew>
2022-11-11 18:47:48,826 : kivy : GL: OpenGL version <b'4.6.0 - Build 26.20.100.7372'>
2022-11-11 18:47:48,826 : kivy : GL: OpenGL vendor <b'Intel'>
2022-11-11 18:47:48,826 : kivy : GL: OpenGL renderer <b'Intel(R) UHD Graphics'>
2022-11-11 18:47:48,826 : kivy : GL: OpenGL parsed version: 4, 6
2022-11-11 18:47:48,826 : kivy : GL: Shading version <b'4.60 - Build 26.20.100.7372'>
2022-11-11 18:47:48,826 : kivy : GL: Texture max size <16384>
2022-11-11 18:47:48,826 : kivy : GL: Texture max units <32>
2022-11-11 18:47:49,019 : kivy : Window: auto add sdl2 input provider
2022-11-11 18:47:49,019 : kivy : Window: virtual keyboard not allowed, single mode, not docked
2022-11-11 18:47:51,999 : AudioInterface : Initialized
2022-11-11 18:47:51,999 : AudioInterface : Loaded SDL 2.0.12
2022-11-11 18:47:51,999 : AudioInterface : Loaded SDL_Mixer 2.0.4
2022-11-11 18:47:51,999 : AudioInterface : Loaded GStreamer 1.18.0.0
2022-11-11 18:47:51,999 : AudioInterface : Loaded GLib 2.62.6
2022-11-11 18:47:51,999 : AudioInterface : Settings requested - rate: 44100, channels: 1, buffer: 2048 samples
2022-11-11 18:47:51,999 : AudioInterface : Settings in use - rate: 44100, channels: 1, buffer: 2048 samples (4096 bytes @ 2 bytes per sample)
2022-11-11 18:47:52,000 : SoundSystem : Setting master volume to 0.0
2022-11-11 18:47:52,000 : SoundSystem : master_volume in sound_system is deprecated and will be removed in the future.
2022-11-11 18:47:52,002 : AudioInterface : Enabling audio playback
2022-11-11 18:47:52,004 : kivy : Base: Start application main loop
2022-11-11 18:47:52,004 : EventManager : Event: ======'display_window_initialized'====== Args={}
2022-11-11 18:47:52,005 : EventManager : Event: ======'display_Disp_Player_initialized'====== Args={}
2022-11-11 18:47:52,005 : EventManager : Event: ======'display_Disp_Menu_initialized'====== Args={}
2022-11-11 18:47:52,005 : EventManager : Event: ======'display_Disp_Ball_initialized'====== Args={}
2022-11-11 18:47:52,005 : EventManager : Event: ======'display_Disp_Message_initialized'====== Args={}
2022-11-11 18:47:52,005 : EventManager : Event: ======'display_Disp_Counter_initialized'====== Args={}
2022-11-11 18:47:52,005 : EventManager : Event: ======'display_Disp_Score_initialized'====== Args={}
2022-11-11 18:47:52,005 : EventManager : Event: ======'display_Disp_Icons_initialized'====== Args={}
2022-11-11 18:47:52,022 : mpfmc : Display: Setting 'window' as default display
2022-11-11 18:47:52,029 : EventManager : Event: ======'displays_initialized'====== Args={}
2022-11-11 18:47:52,029 : EventManager : Event: ======'slide_window_blank_created'====== Args={}
2022-11-11 18:47:52,030 : EventManager : Event: ======'display_window_ready'====== Args={}
2022-11-11 18:47:52,030 : EventManager : Event: ======'slide_Disp_Player_blank_created'====== Args={}
2022-11-11 18:47:52,030 : EventManager : Event: ======'display_Disp_Player_ready'====== Args={}
2022-11-11 18:47:52,030 : EventManager : Event: ======'slide_Disp_Menu_blank_created'====== Args={}
2022-11-11 18:47:52,031 : EventManager : Event: ======'display_Disp_Menu_ready'====== Args={}
2022-11-11 18:47:52,031 : EventManager : Event: ======'slide_Disp_Ball_blank_created'====== Args={}
2022-11-11 18:47:52,031 : EventManager : Event: ======'display_Disp_Ball_ready'====== Args={}
2022-11-11 18:47:52,031 : EventManager : Event: ======'slide_Disp_Message_blank_created'====== Args={}
2022-11-11 18:47:52,031 : EventManager : Event: ======'display_Disp_Message_ready'====== Args={}
2022-11-11 18:47:52,032 : EventManager : Event: ======'slide_Disp_Counter_blank_created'====== Args={}
2022-11-11 18:47:52,032 : EventManager : Event: ======'display_Disp_Counter_ready'====== Args={}
2022-11-11 18:47:52,032 : EventManager : Event: ======'slide_Disp_Score_blank_created'====== Args={}
2022-11-11 18:47:52,032 : EventManager : Event: ======'display_Disp_Score_ready'====== Args={}
2022-11-11 18:47:52,033 : EventManager : Event: ======'slide_Disp_Icons_blank_created'====== Args={}
2022-11-11 18:47:52,033 : EventManager : Event: ======'display_Disp_Icons_ready'====== Args={}
2022-11-11 18:47:52,048 : EventManager : Event: ======'init_phase_1'====== Args={}
2022-11-11 18:47:52,052 : EventManager : Event: ======'mc_ready'====== Args={}
2022-11-11 18:47:52,052 : EventManager : Event: ======'init_phase_2'====== Args={}
2022-11-11 18:47:52,055 : EventManager : Event: ======'init_phase_3'====== Args={}
2022-11-11 18:47:52,057 : EventManager : Event: ======'init_phase_4'====== Args={}
2022-11-11 18:47:52,057 : EventManager : Event: ======'init_phase_5'====== Args={}
2022-11-11 18:47:52,123 : kivy : GL: NPOT texture support is available
2022-11-11 18:47:52,155 : EventManager : Event: ======'loading_assets'====== Args={'total': 2, 'loaded': 1, 'remaining': 1, 'percent': 50}
2022-11-11 18:47:52,156 : AssetManager : Loading assets: 1/2 (50%)
2022-11-11 18:47:52,179 : EventManager : Event: ======'loading_assets'====== Args={'total': 2, 'loaded': 2, 'remaining': 0, 'percent': 100}
2022-11-11 18:47:52,179 : AssetManager : Asset loading took: 0.17718720436096191
2022-11-11 18:47:52,179 : EventManager : Event: ======'asset_loading_complete'====== Args={}
2022-11-11 18:47:52,179 : AssetManager : Loading assets: 2/2 (100%)
2022-11-11 18:47:52,180 : EventManager : Event: ======'init_done'====== Args={}
2022-11-11 18:47:52,180 : MPF-MC BCP Server : Starting up on localhost port 5050
2022-11-11 18:47:52,184 : MPF-MC BCP Server : Waiting for a connection...
2022-11-11 18:47:52,184 : EventManager : Event: ======'client_disconnected'====== Args={'host': '127.0.0.1', 'port': 5050}
2022-11-11 18:47:52,475 : MPF-MC BCP Server : Received connection from: 127.0.0.1:55014
2022-11-11 18:47:52,480 : EventManager : Event: ======'client_connected'====== Args={'host': '127.0.0.1', 'port': 55014}
2022-11-11 18:47:52,493 : EventManager : Event: ======'machine_var_credits_string'====== Args={'value': 'FREE PLAY', 'prev_value': None, 'change': True}
2022-11-11 18:47:52,493 : EventManager : Event: ======'machine_var_master_volume'====== Args={'value': 0.5, 'prev_value': None, 'change': True}
2022-11-11 18:47:52,493 : EventManager : Event: ======'machine_var_player1_score'====== Args={'value': 3000, 'prev_value': None, 'change': True}
2022-11-11 18:47:52,493 : EventManager : Event: ======'machine_var_mpf_version'====== Args={'value': 'MPF v0.55.0', 'prev_value': None, 'change': True}
2022-11-11 18:47:52,493 : EventManager : Event: ======'machine_var_mpf_extended_version'====== Args={'value': 'MPF v0.55.0, Config version:5, Show version: 5, BCP version:1.1', 'prev_value': None, 'change': True}
2022-11-11 18:47:52,493 : EventManager : Event: ======'machine_var_python_version'====== Args={'value': '3.8.10', 'prev_value': None, 'change': True}
2022-11-11 18:47:52,493 : EventManager : Event: ======'machine_var_platform'====== Args={'value': 'Windows-10-10.0.19044-SP0', 'prev_value': None, 'change': True}
2022-11-11 18:47:52,493 : EventManager : Event: ======'machine_var_platform_system'====== Args={'value': 'Windows', 'prev_value': None, 'change': True}
2022-11-11 18:47:52,493 : EventManager : Event: ======'machine_var_platform_release'====== Args={'value': '10', 'prev_value': None, 'change': True}
2022-11-11 18:47:52,493 : EventManager : Event: ======'machine_var_platform_version'====== Args={'value': '10.0.19044', 'prev_value': None, 'change': True}
2022-11-11 18:47:52,493 : EventManager : Event: ======'machine_var_platform_machine'====== Args={'value': 'AMD64', 'prev_value': None, 'change': True}
2022-11-11 18:47:52,493 : EventManager : Event: ======'machine_var_mc_version'====== Args={'value': 'MPF-MC v0.55.0', 'prev_value': None, 'change': True}
2022-11-11 18:47:52,493 : EventManager : Event: ======'machine_var_mc_extended_version'====== Args={'value': 'MPF-MC v0.55.0 (config_version=5, BCP v1.1, Requires MPF v0.55.0-dev.49)', 'prev_value': None, 'change': True}
2022-11-11 18:47:52,493 : SoundSystem : Setting master volume to 0.5
2022-11-11 18:47:52,672 : EventManager : Event: ======'machine_var_audits_events_game_ended'====== Args={'value': 0, 'prev_value': None, 'change': True}
2022-11-11 18:47:52,684 : EventManager : Event: ======'machine_var_audits_events_game_started'====== Args={'value': 0, 'prev_value': None, 'change': True}
2022-11-11 18:47:52,684 : EventManager : Event: ======'machine_var_audits_player_score'====== Args={'value': {'average': 29309.090909090908, 'top': [106800, 41000, 33100, 31800, 31200, 27600, 20200, 17500, 10200, 3000], 'total': 11}, 'prev_value': None, 'change': True}
2022-11-11 18:47:52,684 : EventManager : Event: ======'machine_var_audits_shots_lane_bottom_1'====== Args={'value': 16, 'prev_value': None, 'change': True}
2022-11-11 18:47:52,684 : EventManager : Event: ======'machine_var_audits_shots_lane_bottom_2'====== Args={'value': 16, 'prev_value': None, 'change': True}
2022-11-11 18:47:52,684 : EventManager : Event: ======'machine_var_audits_shots_lane_bottom_3'====== Args={'value': 17, 'prev_value': None, 'change': True}
2022-11-11 18:47:52,684 : EventManager : Event: ======'machine_var_audits_shots_lane_bottom_4'====== Args={'value': 16, 'prev_value': None, 'change': True}
2022-11-11 18:47:52,684 : EventManager : Event: ======'machine_var_audits_shots_lane_bottom_5'====== Args={'value': 15, 'prev_value': None, 'change': True}
2022-11-11 18:47:52,684 : EventManager : Event: ======'machine_var_audits_shots_lane_top_1'====== Args={'value': 174, 'prev_value': None, 'change': True}
2022-11-11 18:47:52,684 : EventManager : Event: ======'machine_var_audits_shots_lane_top_2'====== Args={'value': 171, 'prev_value': None, 'change': True}
2022-11-11 18:47:52,684 : EventManager : Event: ======'machine_var_audits_shots_lane_top_3'====== Args={'value': 138, 'prev_value': None, 'change': True}
2022-11-11 18:47:52,684 : EventManager : Event: ======'machine_var_audits_shots_orbit'====== Args={'value': 23, 'prev_value': None, 'change': True}
2022-11-11 18:47:52,685 : EventManager : Event: ======'machine_var_audits_shots_spinner'====== Args={'value': 186, 'prev_value': None, 'change': True}
2022-11-11 18:47:52,685 : EventManager : Event: ======'machine_var_audits_switches_s_bottomlane1'====== Args={'value': 31, 'prev_value': None, 'change': True}
2022-11-11 18:47:52,685 : EventManager : Event: ======'machine_var_audits_switches_s_bottomlane2'====== Args={'value': 44, 'prev_value': None, 'change': True}
2022-11-11 18:47:52,685 : EventManager : Event: ======'machine_var_audits_switches_s_bottomlane3'====== Args={'value': 166, 'prev_value': None, 'change': True}
2022-11-11 18:47:52,685 : EventManager : Event: ======'machine_var_audits_switches_s_bottomlane4'====== Args={'value': 50, 'prev_value': None, 'change': True}
2022-11-11 18:47:52,685 : EventManager : Event: ======'machine_var_audits_switches_s_bottomlane5'====== Args={'value': 28, 'prev_value': None, 'change': True}
2022-11-11 18:47:52,685 : EventManager : Event: ======'machine_var_audits_switches_s_drop1'====== Args={'value': 36, 'prev_value': None, 'change': True}
2022-11-11 18:47:52,685 : EventManager : Event: ======'machine_var_audits_switches_s_drop2'====== Args={'value': 18, 'prev_value': None, 'change': True}
2022-11-11 18:47:52,685 : EventManager : Event: ======'machine_var_audits_switches_s_drop3'====== Args={'value': 18, 'prev_value': None, 'change': True}
2022-11-11 18:47:52,685 : EventManager : Event: ======'machine_var_audits_switches_s_launch'====== Args={'value': 11, 'prev_value': None, 'change': True}
2022-11-11 18:47:52,685 : EventManager : Event: ======'machine_var_audits_switches_s_left01'====== Args={'value': 27, 'prev_value': None, 'change': True}
2022-11-11 18:47:52,685 : EventManager : Event: ======'machine_var_audits_switches_s_left02'====== Args={'value': 28, 'prev_value': None, 'change': True}
2022-11-11 18:47:52,685 : EventManager : Event: ======'machine_var_audits_switches_s_left03'====== Args={'value': 21, 'prev_value': None, 'change': True}
2022-11-11 18:47:52,685 : EventManager : Event: ======'machine_var_audits_switches_s_left_sling'====== Args={'value': 62, 'prev_value': None, 'change': True}
2022-11-11 18:47:52,685 : EventManager : Event: ======'machine_var_audits_switches_s_orbit1'====== Args={'value': 45, 'prev_value': None, 'change': True}
2022-11-11 18:47:52,685 : EventManager : Event: ======'machine_var_audits_switches_s_orbit2'====== Args={'value': 0, 'prev_value': None, 'change': True}
2022-11-11 18:47:52,685 : EventManager : Event: ======'machine_var_audits_switches_s_plunger_lane'====== Args={'value': 142, 'prev_value': None, 'change': True}
2022-11-11 18:47:52,685 : EventManager : Event: ======'machine_var_audits_switches_s_popbumber_1'====== Args={'value': 75, 'prev_value': None, 'change': True}
2022-11-11 18:47:52,686 : EventManager : Event: ======'machine_var_audits_switches_s_popbumber_2'====== Args={'value': 110, 'prev_value': None, 'change': True}
2022-11-11 18:47:52,686 : EventManager : Event: ======'machine_var_audits_switches_s_popbumber_3'====== Args={'value': 65, 'prev_value': None, 'change': True}
2022-11-11 18:47:52,686 : EventManager : Event: ======'machine_var_audits_switches_s_ramp'====== Args={'value': 41, 'prev_value': None, 'change': True}
2022-11-11 18:47:52,686 : EventManager : Event: ======'machine_var_audits_switches_s_right_sling'====== Args={'value': 120, 'prev_value': None, 'change': True}
2022-11-11 18:47:52,686 : EventManager : Event: ======'machine_var_audits_switches_s_rigth01'====== Args={'value': 59, 'prev_value': None, 'change': True}
2022-11-11 18:47:52,686 : EventManager : Event: ======'machine_var_audits_switches_s_rigth02'====== Args={'value': 24, 'prev_value': None, 'change': True}
2022-11-11 18:47:52,686 : EventManager : Event: ======'machine_var_audits_switches_s_rigth03'====== Args={'value': 16, 'prev_value': None, 'change': True}
2022-11-11 18:47:52,686 : EventManager : Event: ======'machine_var_audits_switches_s_spinner'====== Args={'value': 279, 'prev_value': None, 'change': True}
2022-11-11 18:47:52,686 : EventManager : Event: ======'machine_var_audits_switches_s_start'====== Args={'value': 4, 'prev_value': None, 'change': True}
2022-11-11 18:47:52,686 : EventManager : Event: ======'machine_var_audits_switches_s_top'====== Args={'value': 11, 'prev_value': None, 'change': True}
2022-11-11 18:47:52,686 : EventManager : Event: ======'machine_var_audits_switches_s_toplane1'====== Args={'value': 261, 'prev_value': None, 'change': True}
2022-11-11 18:47:52,686 : EventManager : Event: ======'machine_var_audits_switches_s_toplane2'====== Args={'value': 178, 'prev_value': None, 'change': True}
2022-11-11 18:47:52,686 : EventManager : Event: ======'machine_var_audits_switches_s_toplane3'====== Args={'value': 146, 'prev_value': None, 'change': True}
2022-11-11 18:47:52,686 : EventManager : Event: ======'machine_var_audits_switches_s_trough1'====== Args={'value': 39, 'prev_value': None, 'change': True}
2022-11-11 18:47:52,686 : EventManager : Event: ======'machine_var_audits_switches_s_trough2'====== Args={'value': 37, 'prev_value': None, 'change': True}
2022-11-11 18:47:52,686 : EventManager : Event: ======'machine_var_audits_switches_s_trough3'====== Args={'value': 27, 'prev_value': None, 'change': True}
2022-11-11 18:47:52,686 : EventManager : Event: ======'machine_var_audits_switches_s_trough4'====== Args={'value': 40, 'prev_value': None, 'change': True}
2022-11-11 18:47:52,686 : EventManager : Event: ======'machine_var_audits_switches_s_trough5'====== Args={'value': 29, 'prev_value': None, 'change': True}
2022-11-11 18:47:52,686 : EventManager : Event: ======'machine_var_audits_switches_s_trough6'====== Args={'value': 24, 'prev_value': None, 'change': True}
2022-11-11 18:47:52,686 : EventManager : Event: ======'machine_var_audits_switches_s_trough_jam'====== Args={'value': 27, 'prev_value': None, 'change': True}
2022-11-11 18:47:52,686 : EventManager : Event: ======'machine_var_audits_switches_s_vukmid'====== Args={'value': 48, 'prev_value': None, 'change': True}
2022-11-11 18:47:52,687 : EventManager : Event: ======'machine_var_audits_switches_s_vuktop'====== Args={'value': 16, 'prev_value': None, 'change': True}
2022-11-11 18:47:52,696 : EventManager : Event: ======'mc_reset_phase_1'====== Args={}
2022-11-11 18:47:52,696 : EventManager : Event: ======'mc_reset_phase_2'====== Args={}
2022-11-11 18:47:52,696 : EventManager : Event: ======'mc_reset_phase_3'====== Args={}
2022-11-11 18:47:52,696 : EventManager : Event: ======'mc_reset_complete'====== Args={}
2022-11-11 18:47:52,708 : EventManager : Event: ======'slides_play'====== Args={'settings': {'layout_main': {'target': 'window', 'background_color': [0.0, 0.0, 0.0, 1.0], 'priority': None, 'show': True, 'force': False, 'expire': None, 'slide': None, 'tokens': {}, 'action': 'play'}, 'empty_slide_1': {'slide': 'empty_slide', 'target': 'Disp_Player', 'background_color': [0.0, 0.0, 0.0, 1.0], 'priority': None, 'show': True, 'force': False, 'expire': None, 'tokens': {}, 'action': 'play'}, 'empty_slide_2': {'slide': 'empty_slide', 'target': 'Disp_Menu', 'background_color': [0.0, 0.0, 0.0, 1.0], 'priority': None, 'show': True, 'force': False, 'expire': None, 'tokens': {}, 'action': 'play'}, 'empty_slide_3': {'slide': 'empty_slide', 'target': 'Disp_Ball', 'background_color': [0.0, 0.0, 0.0, 1.0], 'priority': None, 'show': True, 'force': False, 'expire': None, 'tokens': {}, 'action': 'play'}, 'press_start': {'target': 'Disp_Message', 'background_color': [0.0, 0.0, 0.0, 1.0], 'priority': None, 'show': True, 'force': False, 'expire': None, 'slide': None, 'tokens': {}, 'action': 'play'}, 'empty_slide_5': {'slide': 'empty_slide', 'target': 'Disp_Counter', 'background_color': [0.0, 0.0, 0.0, 1.0], 'priority': None, 'show': True, 'force': False, 'expire': None, 'tokens': {}, 'action': 'play'}, 'Title_slide': {'target': 'Disp_Score', 'background_color': [0.0, 0.0, 0.0, 1.0], 'priority': None, 'show': True, 'force': False, 'expire': None, 'slide': None, 'tokens': {}, 'action': 'play'}, 'empty_slide_6': {'slide': 'empty_slide', 'target': 'Disp_Icons', 'background_color': [0.0, 0.0, 0.0, 1.0], 'priority': None, 'show': True, 'force': False, 'expire': None, 'tokens': {}, 'action': 'play'}}, 'context': 'show_2', 'calling_context': 0, 'priority': 10, 'show_tokens': {}, 'start_time': 470634.078}
2022-11-11 18:47:52,708 : EventManager : Event: ======'sounds_play'====== Args={'settings': {'musicslow': {'action': 'play', 'loops': -1, 'priority': None, 'block': False, 'delay': None, 'track': None, 'volume': None, 'pan': None, 'start_at': None, 'fade_in': None, 'fade_out': None, 'about_to_finish_time': -1.0, 'max_queue_time': -1.0, 'events_when_played': ['use_sound_setting'], 'events_when_stopped': ['use_sound_setting'], 'events_when_looping': ['use_sound_setting'], 'events_when_about_to_finish': ['use_sound_setting'], 'mode_end_action': 'use_sound_setting', 'key': 'use_sound_setting'}}, 'context': '_global', 'calling_context': 'mode_attract_started', 'priority': 0}
2022-11-11 18:47:52,708 : mpfmc : SlidePlayer: Play called with settings={'layout_main': {'target': 'window', 'background_color': [0.0, 0.0, 0.0, 1.0], 'priority': None, 'show': True, 'force': False, 'expire': None, 'slide': None, 'tokens': {}, 'action': 'play'}, 'empty_slide_1': {'slide': 'empty_slide', 'target': 'Disp_Player', 'background_color': [0.0, 0.0, 0.0, 1.0], 'priority': None, 'show': True, 'force': False, 'expire': None, 'tokens': {}, 'action': 'play'}, 'empty_slide_2': {'slide': 'empty_slide', 'target': 'Disp_Menu', 'background_color': [0.0, 0.0, 0.0, 1.0], 'priority': None, 'show': True, 'force': False, 'expire': None, 'tokens': {}, 'action': 'play'}, 'empty_slide_3': {'slide': 'empty_slide', 'target': 'Disp_Ball', 'background_color': [0.0, 0.0, 0.0, 1.0], 'priority': None, 'show': True, 'force': False, 'expire': None, 'tokens': {}, 'action': 'play'}, 'press_start': {'target': 'Disp_Message', 'background_color': [0.0, 0.0, 0.0, 1.0], 'priority': None, 'show': True, 'force': False, 'expire': None, 'slide': None, 'tokens': {}, 'action': 'play'}, 'empty_slide_5': {'slide': 'empty_slide', 'target': 'Disp_Counter', 'background_color': [0.0, 0.0, 0.0, 1.0], 'priority': None, 'show': True, 'force': False, 'expire': None, 'tokens': {}, 'action': 'play'}, 'Title_slide': {'target': 'Disp_Score', 'background_color': [0.0, 0.0, 0.0, 1.0], 'priority': None, 'show': True, 'force': False, 'expire': None, 'slide': None, 'tokens': {}, 'action': 'play'}, 'empty_slide_6': {'slide': 'empty_slide', 'target': 'Disp_Icons', 'background_color': [0.0, 0.0, 0.0, 1.0], 'priority': None, 'show': True, 'force': False, 'expire': None, 'tokens': {}, 'action': 'play'}}
2022-11-11 18:47:52,718 : EventManager : Event: ======'slide_layout_main_created'====== Args={}
2022-11-11 18:47:52,741 : EventManager : Event: ======'slide_empty_slide_created'====== Args={}
2022-11-11 18:47:52,746 : EventManager : Event: ======'slide_empty_slide_created'====== Args={}
2022-11-11 18:47:52,750 : EventManager : Event: ======'slide_empty_slide_created'====== Args={}
2022-11-11 18:47:52,756 : EventManager : Event: ======'slide_press_start_created'====== Args={}
2022-11-11 18:47:52,761 : EventManager : Event: ======'slide_empty_slide_created'====== Args={}
2022-11-11 18:47:52,774 : EventManager : Event: ======'slide_Title_slide_created'====== Args={}
2022-11-11 18:47:52,777 : EventManager : Event: ======'slide_empty_slide_created'====== Args={}
2022-11-11 18:47:52,825 : EventManager : Event: ======'slide_layout_main_active'====== Args={}
2022-11-11 18:47:52,826 : EventManager : Event: ======'slide_empty_slide_active'====== Args={}
2022-11-11 18:47:52,827 : EventManager : Event: ======'slide_empty_slide_active'====== Args={}
2022-11-11 18:47:52,828 : EventManager : Event: ======'slide_empty_slide_active'====== Args={}
2022-11-11 18:47:52,829 : EventManager : Event: ======'slide_press_start_active'====== Args={}
2022-11-11 18:47:52,830 : EventManager : Event: ======'slide_empty_slide_active'====== Args={}
2022-11-11 18:47:52,831 : EventManager : Event: ======'slide_Title_slide_active'====== Args={}
2022-11-11 18:47:52,832 : EventManager : Event: ======'slide_empty_slide_active'====== Args={}
2022-11-11 18:47:52,853 : EventManager : Event: ======'loading_assets'====== Args={'total': 1, 'loaded': 1, 'remaining': 0, 'percent': 100}
2022-11-11 18:47:52,853 : AssetManager : Asset loading took: 0.8511710166931152
2022-11-11 18:47:52,853 : EventManager : Event: ======'asset_loading_complete'====== Args={}
2022-11-11 18:47:52,854 : AssetManager : Loading assets: 1/1 (100%)
2022-11-11 18:48:00,158 : EventManager : Event: ======'game_started'====== Args={}
2022-11-11 18:48:00,169 : EventManager : Event: ======'slides_clear'====== Args={'context': 'show_2'}
2022-11-11 18:48:00,170 : EventManager : Event: ======'sounds_play'====== Args={'settings': {'musicslow': {'action': 'stop', 'priority': None, 'block': False, 'delay': None, 'track': None, 'volume': None, 'pan': None, 'loops': None, 'start_at': None, 'fade_in': None, 'fade_out': None, 'about_to_finish_time': -1.0, 'max_queue_time': -1.0, 'events_when_played': ['use_sound_setting'], 'events_when_stopped': ['use_sound_setting'], 'events_when_looping': ['use_sound_setting'], 'events_when_about_to_finish': ['use_sound_setting'], 'mode_end_action': 'use_sound_setting', 'key': 'use_sound_setting'}}, 'context': '_global', 'calling_context': 'mode_attract_stopped', 'priority': 0}
2022-11-11 18:48:00,171 : EventManager : Event: ======'player_added'====== Args={'player': <Player 1>, 'num': 1}
2022-11-11 18:48:00,171 : EventManager : Event: ======'player_index'====== Args={'value': 0, 'prev_value': 0, 'change': 0, 'player_num': 1}
2022-11-11 18:48:00,171 : EventManager : Event: ======'player_number'====== Args={'value': 1, 'prev_value': 1, 'change': 0, 'player_num': 1}
2022-11-11 18:48:00,171 : EventManager : Event: ======'player_score'====== Args={'value': 0, 'prev_value': 0, 'change': 0, 'player_num': 1}
2022-11-11 18:48:00,171 : EventManager : Event: ======'player_top_lane_hits'====== Args={'value': 0, 'prev_value': 0, 'change': 0, 'player_num': 1}
2022-11-11 18:48:00,172 : EventManager : Event: ======'player_bottom_lane_hits'====== Args={'value': 0, 'prev_value': 0, 'change': 0, 'player_num': 1}
2022-11-11 18:48:00,172 : EventManager : Event: ======'slide_layout_main_removed'====== Args={}
2022-11-11 18:48:00,172 : EventManager : Event: ======'slide_empty_slide_removed'====== Args={}
2022-11-11 18:48:00,172 : EventManager : Event: ======'slide_empty_slide_removed'====== Args={}
2022-11-11 18:48:00,172 : EventManager : Event: ======'slide_empty_slide_removed'====== Args={}
2022-11-11 18:48:00,174 : EventManager : Event: ======'slide_press_start_removed'====== Args={}
2022-11-11 18:48:00,175 : EventManager : Event: ======'slide_empty_slide_removed'====== Args={}
2022-11-11 18:48:00,175 : EventManager : Event: ======'slide_Title_slide_removed'====== Args={}
2022-11-11 18:48:00,175 : EventManager : Event: ======'slide_empty_slide_removed'====== Args={}
2022-11-11 18:48:00,176 : EventManager : Event: ======'slide_window_blank_active'====== Args={}
2022-11-11 18:48:00,176 : EventManager : Event: ======'slide_Disp_Player_blank_active'====== Args={}
2022-11-11 18:48:00,176 : EventManager : Event: ======'slide_Disp_Menu_blank_active'====== Args={}
2022-11-11 18:48:00,176 : EventManager : Event: ======'slide_Disp_Ball_blank_active'====== Args={}
2022-11-11 18:48:00,177 : EventManager : Event: ======'slide_Disp_Message_blank_active'====== Args={}
2022-11-11 18:48:00,177 : EventManager : Event: ======'slide_Disp_Counter_blank_active'====== Args={}
2022-11-11 18:48:00,177 : EventManager : Event: ======'slide_Disp_Score_blank_active'====== Args={}
2022-11-11 18:48:00,177 : EventManager : Event: ======'slide_Disp_Icons_blank_active'====== Args={}
2022-11-11 18:48:00,206 : EventManager : Event: ======'player_ball'====== Args={'value': 1, 'prev_value': 0, 'change': 1, 'player_num': 1}
2022-11-11 18:48:00,218 : EventManager : Event: ======'player_turn_start'====== Args={'number': 1, 'player': <Player 1>}
2022-11-11 18:48:00,218 : EventManager : Event: ======'player_shot_spinner_enabled'====== Args={'value': True, 'prev_value': 0, 'change': 1, 'player_num': 1}
2022-11-11 18:48:00,230 : EventManager : Event: ======'player_shot_orbit_enabled'====== Args={'value': True, 'prev_value': 0, 'change': 1, 'player_num': 1}
2022-11-11 18:48:00,230 : EventManager : Event: ======'slides_play'====== Args={'settings': {'layout_main': {'target': 'window', 'background_color': [0.0, 0.0, 0.0, 1.0], 'priority': None, 'show': True, 'force': False, 'expire': None, 'slide': None, 'tokens': {}, 'action': 'play'}, 'player_slide': {'target': 'Disp_Player', 'background_color': [0.0, 0.0, 0.0, 1.0], 'priority': None, 'show': True, 'force': False, 'expire': None, 'slide': None, 'tokens': {}, 'action': 'play'}, 'empty_slide_2': {'slide': 'empty_slide', 'target': 'Disp_Menu', 'background_color': [0.0, 0.0, 0.0, 1.0], 'priority': None, 'show': True, 'force': False, 'expire': None, 'tokens': {}, 'action': 'play'}, 'ball_slide': {'target': 'Disp_Ball', 'background_color': [0.0, 0.0, 0.0, 1.0], 'priority': None, 'show': True, 'force': False, 'expire': None, 'slide': None, 'tokens': {}, 'action': 'play'}, 'empty_slide_3': {'slide': 'empty_slide', 'target': 'Disp_Message', 'background_color': [0.0, 0.0, 0.0, 1.0], 'priority': None, 'show': True, 'force': False, 'expire': None, 'tokens': {}, 'action': 'play'}, 'empty_slide_5': {'slide': 'empty_slide', 'target': 'Disp_Counter', 'background_color': [0.0, 0.0, 0.0, 1.0], 'priority': None, 'show': True, 'force': False, 'expire': None, 'tokens': {}, 'action': 'play'}, 'score_slide': {'target': 'Disp_Score', 'background_color': [0.0, 0.0, 0.0, 1.0], 'priority': None, 'show': True, 'force': False, 'expire': None, 'slide': None, 'tokens': {}, 'action': 'play'}, 'empty_slide_6': {'slide': 'empty_slide', 'target': 'Disp_Icons', 'background_color': [0.0, 0.0, 0.0, 1.0], 'priority': None, 'show': True, 'force': False, 'expire': None, 'tokens': {}, 'action': 'play'}}, 'context': 'show_5', 'calling_context': 0, 'priority': 100, 'show_tokens': {}, 'start_time': 470641.593}
2022-11-11 18:48:00,230 : EventManager : Event: ======'sounds_play'====== Args={'settings': {'musicfast': {'action': 'play', 'loops': -1, 'priority': None, 'block': False, 'delay': None, 'track': None, 'volume': None, 'pan': None, 'start_at': None, 'fade_in': None, 'fade_out': None, 'about_to_finish_time': -1.0, 'max_queue_time': -1.0, 'events_when_played': ['use_sound_setting'], 'events_when_stopped': ['use_sound_setting'], 'events_when_looping': ['use_sound_setting'], 'events_when_about_to_finish': ['use_sound_setting'], 'mode_end_action': 'use_sound_setting', 'key': 'use_sound_setting'}}, 'context': '_global', 'calling_context': 'mode_base_started', 'priority': 0, 'queue': '<QueuedEvent>', 'player': 1, 'ball': 1, 'balls_remaining': 2, 'is_extra_ball': False}
2022-11-11 18:48:00,231 : EventManager : Event: ======'player_shot_lane_top_1_enabled'====== Args={'value': True, 'prev_value': 0, 'change': 1, 'player_num': 1}
2022-11-11 18:48:00,231 : EventManager : Event: ======'player_shot_lane_top_2_enabled'====== Args={'value': True, 'prev_value': 0, 'change': 1, 'player_num': 1}
2022-11-11 18:48:00,231 : EventManager : Event: ======'player_shot_lane_top_3_enabled'====== Args={'value': True, 'prev_value': 0, 'change': 1, 'player_num': 1}
2022-11-11 18:48:00,231 : EventManager : Event: ======'player_shot_lane_bottom_1_enabled'====== Args={'value': True, 'prev_value': 0, 'change': 1, 'player_num': 1}
2022-11-11 18:48:00,231 : EventManager : Event: ======'player_shot_lane_bottom_2_enabled'====== Args={'value': True, 'prev_value': 0, 'change': 1, 'player_num': 1}
2022-11-11 18:48:00,231 : EventManager : Event: ======'player_shot_lane_bottom_3_enabled'====== Args={'value': True, 'prev_value': 0, 'change': 1, 'player_num': 1}
2022-11-11 18:48:00,231 : EventManager : Event: ======'player_shot_lane_bottom_4_enabled'====== Args={'value': True, 'prev_value': 0, 'change': 1, 'player_num': 1}
2022-11-11 18:48:00,231 : EventManager : Event: ======'player_shot_lane_bottom_5_enabled'====== Args={'value': True, 'prev_value': 0, 'change': 1, 'player_num': 1}
2022-11-11 18:48:00,232 : mpfmc : SlidePlayer: Play called with settings={'layout_main': {'target': 'window', 'background_color': [0.0, 0.0, 0.0, 1.0], 'priority': None, 'show': True, 'force': False, 'expire': None, 'slide': None, 'tokens': {}, 'action': 'play'}, 'player_slide': {'target': 'Disp_Player', 'background_color': [0.0, 0.0, 0.0, 1.0], 'priority': None, 'show': True, 'force': False, 'expire': None, 'slide': None, 'tokens': {}, 'action': 'play'}, 'empty_slide_2': {'slide': 'empty_slide', 'target': 'Disp_Menu', 'background_color': [0.0, 0.0, 0.0, 1.0], 'priority': None, 'show': True, 'force': False, 'expire': None, 'tokens': {}, 'action': 'play'}, 'ball_slide': {'target': 'Disp_Ball', 'background_color': [0.0, 0.0, 0.0, 1.0], 'priority': None, 'show': True, 'force': False, 'expire': None, 'slide': None, 'tokens': {}, 'action': 'play'}, 'empty_slide_3': {'slide': 'empty_slide', 'target': 'Disp_Message', 'background_color': [0.0, 0.0, 0.0, 1.0], 'priority': None, 'show': True, 'force': False, 'expire': None, 'tokens': {}, 'action': 'play'}, 'empty_slide_5': {'slide': 'empty_slide', 'target': 'Disp_Counter', 'background_color': [0.0, 0.0, 0.0, 1.0], 'priority': None, 'show': True, 'force': False, 'expire': None, 'tokens': {}, 'action': 'play'}, 'score_slide': {'target': 'Disp_Score', 'background_color': [0.0, 0.0, 0.0, 1.0], 'priority': None, 'show': True, 'force': False, 'expire': None, 'slide': None, 'tokens': {}, 'action': 'play'}, 'empty_slide_6': {'slide': 'empty_slide', 'target': 'Disp_Icons', 'background_color': [0.0, 0.0, 0.0, 1.0], 'priority': None, 'show': True, 'force': False, 'expire': None, 'tokens': {}, 'action': 'play'}}
2022-11-11 18:48:00,248 : EventManager : Event: ======'slide_layout_main_created'====== Args={}
2022-11-11 18:48:00,255 : EventManager : Event: ======'slide_player_slide_created'====== Args={}
2022-11-11 18:48:00,260 : EventManager : Event: ======'slide_empty_slide_created'====== Args={}
2022-11-11 18:48:00,265 : EventManager : Event: ======'slide_ball_slide_created'====== Args={}
2022-11-11 18:48:00,273 : EventManager : Event: ======'slide_empty_slide_created'====== Args={}
2022-11-11 18:48:00,279 : EventManager : Event: ======'slide_empty_slide_created'====== Args={}
2022-11-11 18:48:00,287 : EventManager : Event: ======'slide_score_slide_created'====== Args={}
2022-11-11 18:48:00,293 : EventManager : Event: ======'slide_empty_slide_created'====== Args={}
2022-11-11 18:48:00,308 : EventManager : Event: ======'slide_layout_main_active'====== Args={}
2022-11-11 18:48:00,341 : EventManager : Event: ======'slide_player_slide_active'====== Args={}
2022-11-11 18:48:00,343 : EventManager : Event: ======'slide_empty_slide_active'====== Args={}
2022-11-11 18:48:00,344 : EventManager : Event: ======'slide_ball_slide_active'====== Args={}
2022-11-11 18:48:00,345 : EventManager : Event: ======'slide_empty_slide_active'====== Args={}
2022-11-11 18:48:00,347 : EventManager : Event: ======'slide_empty_slide_active'====== Args={}
2022-11-11 18:48:00,348 : EventManager : Event: ======'slide_score_slide_active'====== Args={}
2022-11-11 18:48:00,350 : EventManager : Event: ======'slide_empty_slide_active'====== Args={}
2022-11-11 18:48:00,357 : EventManager : Event: ======'player_pf_multiplier'====== Args={'value': 1, 'prev_value': 0, 'change': 1, 'player_num': 1}
2022-11-11 18:48:00,357 : EventManager : Event: ======'player_top_lane_hits'====== Args={'value': 1, 'prev_value': 0, 'change': 1, 'player_num': 1}
2022-11-11 18:48:00,357 : EventManager : Event: ======'player_pf_multiplier2'====== Args={'value': 1, 'prev_value': 0, 'change': 1, 'player_num': 1}
2022-11-11 18:48:00,357 : EventManager : Event: ======'player_bottom_lane_hits'====== Args={'value': 1, 'prev_value': 0, 'change': 1, 'player_num': 1}
2022-11-11 18:48:00,358 : EventManager : Event: ======'loading_assets'====== Args={'total': 1, 'loaded': 1, 'remaining': 0, 'percent': 100}
2022-11-11 18:48:00,358 : AssetManager : Asset loading took: 8.355965375900269
2022-11-11 18:48:00,359 : EventManager : Event: ======'asset_loading_complete'====== Args={}
2022-11-11 18:48:00,359 : AssetManager : Loading assets: 1/1 (100%)
2022-11-11 18:48:00,382 : EventManager : Event: ======'machine_var_audits_switches_s_plunger_lane'====== Args={'value': 143, 'prev_value': 142, 'change': 1}
2022-11-11 18:48:07,686 : EventManager : Event: ======'machine_var_audits_switches_s_toplane1'====== Args={'value': 262, 'prev_value': 261, 'change': 1}
2022-11-11 18:48:07,710 : EventManager : Event: ======'player_shot_lane_top_1'====== Args={'value': 1, 'prev_value': 0, 'change': 1, 'player_num': 1}
2022-11-11 18:48:07,710 : EventManager : Event: ======'machine_var_audits_shots_lane_top_1'====== Args={'value': 175, 'prev_value': 174, 'change': 1}
2022-11-11 18:48:07,710 : EventManager : Event: ======'player_score'====== Args={'value': 100, 'prev_value': 0, 'change': 100, 'player_num': 1}
2022-11-11 18:48:10,497 : EventManager : Event: ======'machine_var_audits_switches_s_toplane2'====== Args={'value': 179, 'prev_value': 178, 'change': 1}
2022-11-11 18:48:10,497 : EventManager : Event: ======'player_shot_lane_top_2'====== Args={'value': 1, 'prev_value': 0, 'change': 1, 'player_num': 1}
2022-11-11 18:48:10,497 : EventManager : Event: ======'machine_var_audits_shots_lane_top_2'====== Args={'value': 172, 'prev_value': 171, 'change': 1}
2022-11-11 18:48:10,497 : EventManager : Event: ======'player_score'====== Args={'value': 200, 'prev_value': 100, 'change': 100, 'player_num': 1}
2022-11-11 18:48:14,136 : EventManager : Event: ======'machine_var_audits_switches_s_toplane3'====== Args={'value': 147, 'prev_value': 146, 'change': 1}
2022-11-11 18:48:14,148 : EventManager : Event: ======'player_shot_lane_top_3'====== Args={'value': 1, 'prev_value': 0, 'change': 1, 'player_num': 1}
2022-11-11 18:48:14,149 : EventManager : Event: ======'machine_var_audits_shots_lane_top_3'====== Args={'value': 139, 'prev_value': 138, 'change': 1}
2022-11-11 18:48:14,149 : EventManager : Event: ======'player_score'====== Args={'value': 300, 'prev_value': 200, 'change': 100, 'player_num': 1}
2022-11-11 18:48:14,150 : EventManager : Event: ======'player_score'====== Args={'value': 1300, 'prev_value': 300, 'change': 1000, 'player_num': 1}
2022-11-11 18:48:14,150 : EventManager : Event: ======'slides_play'====== Args={'settings': {'lanes_top_complete_slide': {'target': 'Disp_Message', 'expire': 3.0, 'background_color': [0.0, 0.0, 0.0, 1.0], 'priority': None, 'show': True, 'force': False, 'slide': None, 'tokens': {}, 'action': 'play'}}, 'context': 'lanes', 'calling_context': 'lanes_top_complete', 'priority': 110, 'state': 'lit'}
2022-11-11 18:48:14,150 : EventManager : Event: ======'player_top_lane_hits'====== Args={'value': 2, 'prev_value': 1, 'change': 1, 'player_num': 1}
2022-11-11 18:48:14,150 : EventManager : Event: ======'player_pf_multiplier'====== Args={'value': 2, 'prev_value': 1, 'change': 1, 'player_num': 1}
2022-11-11 18:48:14,154 : mpfmc : SlidePlayer: Play called with settings={'lanes_top_complete_slide': {'target': 'Disp_Message', 'expire': 3.0, 'background_color': [0.0, 0.0, 0.0, 1.0], 'priority': None, 'show': True, 'force': False, 'slide': None, 'tokens': {}, 'action': 'play'}}
2022-11-11 18:48:14,157 : EventManager : Event: ======'slide_lanes_top_complete_slide_created'====== Args={}
2022-11-11 18:48:14,161 : EventManager : Event: ======'slide_lanes_top_complete_slide_active'====== Args={}
2022-11-11 18:48:15,128 : EventManager : Event: ======'player_shot_lane_top_1'====== Args={'value': 0, 'prev_value': 1, 'change': -1, 'player_num': 1}
2022-11-11 18:48:15,128 : EventManager : Event: ======'player_shot_lane_top_2'====== Args={'value': 0, 'prev_value': 1, 'change': -1, 'player_num': 1}
2022-11-11 18:48:15,128 : EventManager : Event: ======'player_shot_lane_top_3'====== Args={'value': 0, 'prev_value': 1, 'change': -1, 'player_num': 1}
2022-11-11 18:48:17,145 : EventManager : Event: ======'slide_lanes_top_complete_slide_removed'====== Args={}
2022-11-11 18:48:17,146 : EventManager : Event: ======'slide_empty_slide_active'====== Args={}
2022-11-11 18:48:20,265 : EventManager : Event: ======'machine_var_audits_switches_s_toplane1'====== Args={'value': 263, 'prev_value': 262, 'change': 1}
2022-11-11 18:48:20,278 : EventManager : Event: ======'player_shot_lane_top_1'====== Args={'value': 1, 'prev_value': 0, 'change': 1, 'player_num': 1}
2022-11-11 18:48:20,278 : EventManager : Event: ======'machine_var_audits_shots_lane_top_1'====== Args={'value': 176, 'prev_value': 175, 'change': 1}
2022-11-11 18:48:20,279 : EventManager : Event: ======'player_score'====== Args={'value': 1400, 'prev_value': 1300, 'change': 100, 'player_num': 1}
2022-11-11 18:48:21,150 : EventManager : Event: ======'machine_var_audits_switches_s_toplane2'====== Args={'value': 180, 'prev_value': 179, 'change': 1}
2022-11-11 18:48:21,163 : EventManager : Event: ======'player_shot_lane_top_2'====== Args={'value': 1, 'prev_value': 0, 'change': 1, 'player_num': 1}
2022-11-11 18:48:21,163 : EventManager : Event: ======'machine_var_audits_shots_lane_top_2'====== Args={'value': 173, 'prev_value': 172, 'change': 1}
2022-11-11 18:48:21,163 : EventManager : Event: ======'player_score'====== Args={'value': 1500, 'prev_value': 1400, 'change': 100, 'player_num': 1}
2022-11-11 18:48:22,192 : EventManager : Event: ======'machine_var_audits_switches_s_toplane3'====== Args={'value': 148, 'prev_value': 147, 'change': 1}
2022-11-11 18:48:22,204 : EventManager : Event: ======'player_shot_lane_top_3'====== Args={'value': 1, 'prev_value': 0, 'change': 1, 'player_num': 1}
2022-11-11 18:48:22,204 : EventManager : Event: ======'machine_var_audits_shots_lane_top_3'====== Args={'value': 140, 'prev_value': 139, 'change': 1}
2022-11-11 18:48:22,204 : EventManager : Event: ======'player_score'====== Args={'value': 1600, 'prev_value': 1500, 'change': 100, 'player_num': 1}
2022-11-11 18:48:22,204 : EventManager : Event: ======'player_score'====== Args={'value': 3600, 'prev_value': 1600, 'change': 2000, 'player_num': 1}
2022-11-11 18:48:22,204 : EventManager : Event: ======'slides_play'====== Args={'settings': {'lanes_top_complete_slide': {'target': 'Disp_Message', 'expire': 3.0, 'background_color': [0.0, 0.0, 0.0, 1.0], 'priority': None, 'show': True, 'force': False, 'slide': None, 'tokens': {}, 'action': 'play'}}, 'context': 'lanes', 'calling_context': 'lanes_top_complete', 'priority': 110, 'state': 'lit'}
2022-11-11 18:48:22,204 : EventManager : Event: ======'player_top_lane_hits'====== Args={'value': 3, 'prev_value': 2, 'change': 1, 'player_num': 1}
2022-11-11 18:48:22,204 : EventManager : Event: ======'player_pf_multiplier'====== Args={'value': 3, 'prev_value': 2, 'change': 1, 'player_num': 1}
2022-11-11 18:48:22,206 : mpfmc : SlidePlayer: Play called with settings={'lanes_top_complete_slide': {'target': 'Disp_Message', 'expire': 3.0, 'background_color': [0.0, 0.0, 0.0, 1.0], 'priority': None, 'show': True, 'force': False, 'slide': None, 'tokens': {}, 'action': 'play'}}
2022-11-11 18:48:22,206 : EventManager : Event: ======'slide_lanes_top_complete_slide_removed'====== Args={}
2022-11-11 18:48:22,209 : EventManager : Event: ======'slide_lanes_top_complete_slide_created'====== Args={}
2022-11-11 18:48:22,213 : EventManager : Event: ======'slide_lanes_top_complete_slide_active'====== Args={}
2022-11-11 18:48:23,200 : EventManager : Event: ======'player_shot_lane_top_1'====== Args={'value': 0, 'prev_value': 1, 'change': -1, 'player_num': 1}
2022-11-11 18:48:23,200 : EventManager : Event: ======'player_shot_lane_top_2'====== Args={'value': 0, 'prev_value': 1, 'change': -1, 'player_num': 1}
2022-11-11 18:48:23,200 : EventManager : Event: ======'player_shot_lane_top_3'====== Args={'value': 0, 'prev_value': 1, 'change': -1, 'player_num': 1}
2022-11-11 18:48:24,126 : EventManager : Event: ======'machine_var_audits_switches_s_toplane1'====== Args={'value': 264, 'prev_value': 263, 'change': 1}
2022-11-11 18:48:24,126 : EventManager : Event: ======'player_shot_lane_top_1'====== Args={'value': 1, 'prev_value': 0, 'change': 1, 'player_num': 1}
2022-11-11 18:48:24,126 : EventManager : Event: ======'machine_var_audits_shots_lane_top_1'====== Args={'value': 177, 'prev_value': 176, 'change': 1}
2022-11-11 18:48:24,126 : EventManager : Event: ======'player_score'====== Args={'value': 3700, 'prev_value': 3600, 'change': 100, 'player_num': 1}
2022-11-11 18:48:24,985 : EventManager : Event: ======'machine_var_audits_switches_s_toplane2'====== Args={'value': 181, 'prev_value': 180, 'change': 1}
2022-11-11 18:48:24,985 : EventManager : Event: ======'player_shot_lane_top_2'====== Args={'value': 1, 'prev_value': 0, 'change': 1, 'player_num': 1}
2022-11-11 18:48:24,985 : EventManager : Event: ======'machine_var_audits_shots_lane_top_2'====== Args={'value': 174, 'prev_value': 173, 'change': 1}
2022-11-11 18:48:24,985 : EventManager : Event: ======'player_score'====== Args={'value': 3800, 'prev_value': 3700, 'change': 100, 'player_num': 1}
2022-11-11 18:48:25,207 : EventManager : Event: ======'slide_lanes_top_complete_slide_removed'====== Args={}
2022-11-11 18:48:25,208 : EventManager : Event: ======'slide_empty_slide_active'====== Args={}
2022-11-11 18:48:26,442 : EventManager : Event: ======'machine_var_audits_switches_s_toplane3'====== Args={'value': 149, 'prev_value': 148, 'change': 1}
2022-11-11 18:48:26,442 : EventManager : Event: ======'player_shot_lane_top_3'====== Args={'value': 1, 'prev_value': 0, 'change': 1, 'player_num': 1}
2022-11-11 18:48:26,442 : EventManager : Event: ======'machine_var_audits_shots_lane_top_3'====== Args={'value': 141, 'prev_value': 140, 'change': 1}
2022-11-11 18:48:26,442 : EventManager : Event: ======'player_score'====== Args={'value': 3900, 'prev_value': 3800, 'change': 100, 'player_num': 1}
2022-11-11 18:48:26,442 : EventManager : Event: ======'player_score'====== Args={'value': 6900, 'prev_value': 3900, 'change': 3000, 'player_num': 1}
2022-11-11 18:48:26,442 : EventManager : Event: ======'slides_play'====== Args={'settings': {'lanes_top_complete_slide': {'target': 'Disp_Message', 'expire': 3.0, 'background_color': [0.0, 0.0, 0.0, 1.0], 'priority': None, 'show': True, 'force': False, 'slide': None, 'tokens': {}, 'action': 'play'}}, 'context': 'lanes', 'calling_context': 'lanes_top_complete', 'priority': 110, 'state': 'lit'}
2022-11-11 18:48:26,442 : EventManager : Event: ======'player_top_lane_hits'====== Args={'value': 4, 'prev_value': 3, 'change': 1, 'player_num': 1}
2022-11-11 18:48:26,442 : EventManager : Event: ======'player_pf_multiplier'====== Args={'value': 4, 'prev_value': 3, 'change': 1, 'player_num': 1}
2022-11-11 18:48:26,444 : mpfmc : SlidePlayer: Play called with settings={'lanes_top_complete_slide': {'target': 'Disp_Message', 'expire': 3.0, 'background_color': [0.0, 0.0, 0.0, 1.0], 'priority': None, 'show': True, 'force': False, 'slide': None, 'tokens': {}, 'action': 'play'}}
2022-11-11 18:48:26,445 : EventManager : Event: ======'slide_lanes_top_complete_slide_removed'====== Args={}
2022-11-11 18:48:26,448 : EventManager : Event: ======'slide_lanes_top_complete_slide_created'====== Args={}
2022-11-11 18:48:26,455 : EventManager : Event: ======'slide_lanes_top_complete_slide_active'====== Args={}
2022-11-11 18:48:27,442 : EventManager : Event: ======'player_shot_lane_top_1'====== Args={'value': 0, 'prev_value': 1, 'change': -1, 'player_num': 1}
2022-11-11 18:48:27,455 : EventManager : Event: ======'player_shot_lane_top_2'====== Args={'value': 0, 'prev_value': 1, 'change': -1, 'player_num': 1}
2022-11-11 18:48:27,456 : EventManager : Event: ======'player_shot_lane_top_3'====== Args={'value': 0, 'prev_value': 1, 'change': -1, 'player_num': 1}
2022-11-11 18:48:29,438 : EventManager : Event: ======'slide_lanes_top_complete_slide_removed'====== Args={}
2022-11-11 18:48:29,439 : EventManager : Event: ======'slide_empty_slide_active'====== Args={}
2022-11-11 18:48:30,339 : EventManager : Event: ======'machine_var_audits_switches_s_start'====== Args={'value': 5, 'prev_value': 4, 'change': 1}
2022-11-11 18:48:30,340 : EventManager : Event: ======'player_added'====== Args={'player': <Player 2>, 'num': 2}
2022-11-11 18:48:30,340 : EventManager : Event: ======'player_index'====== Args={'value': 1, 'prev_value': 1, 'change': 0, 'player_num': 2}
2022-11-11 18:48:30,340 : EventManager : Event: ======'player_number'====== Args={'value': 2, 'prev_value': 2, 'change': 0, 'player_num': 2}
2022-11-11 18:48:30,340 : EventManager : Event: ======'player_score'====== Args={'value': 0, 'prev_value': 0, 'change': 0, 'player_num': 2}
2022-11-11 18:48:30,340 : EventManager : Event: ======'player_top_lane_hits'====== Args={'value': 0, 'prev_value': 0, 'change': 0, 'player_num': 2}
2022-11-11 18:48:30,340 : EventManager : Event: ======'player_bottom_lane_hits'====== Args={'value': 0, 'prev_value': 0, 'change': 0, 'player_num': 2}
2022-11-11 18:48:34,058 : EventManager : Event: ======'machine_var_audits_switches_s_trough1'====== Args={'value': 40, 'prev_value': 39, 'change': 1}
2022-11-11 18:48:34,561 : EventManager : Event: ======'slides_clear'====== Args={'context': 'show_5'}
2022-11-11 18:48:34,561 : EventManager : Event: ======'sounds_play'====== Args={'settings': {'musicfast': {'action': 'stop', 'priority': None, 'block': False, 'delay': None, 'track': None, 'volume': None, 'pan': None, 'loops': None, 'start_at': None, 'fade_in': None, 'fade_out': None, 'about_to_finish_time': -1.0, 'max_queue_time': -1.0, 'events_when_played': ['use_sound_setting'], 'events_when_stopped': ['use_sound_setting'], 'events_when_looping': ['use_sound_setting'], 'events_when_about_to_finish': ['use_sound_setting'], 'mode_end_action': 'use_sound_setting', 'key': 'use_sound_setting'}}, 'context': '_global', 'calling_context': 'mode_base_stopped', 'priority': 0}
2022-11-11 18:48:34,561 : EventManager : Event: ======'slides_clear'====== Args={'context': 'lanes'}
2022-11-11 18:48:34,561 : EventManager : Event: ======'slide_lanes_top_complete_slide_removed'====== Args={}
2022-11-11 18:48:34,562 : EventManager : Event: ======'slide_layout_main_removed'====== Args={}
2022-11-11 18:48:34,562 : EventManager : Event: ======'slide_player_slide_removed'====== Args={}
2022-11-11 18:48:34,563 : EventManager : Event: ======'slide_empty_slide_removed'====== Args={}
2022-11-11 18:48:34,563 : EventManager : Event: ======'slide_ball_slide_removed'====== Args={}
2022-11-11 18:48:34,564 : EventManager : Event: ======'slide_empty_slide_removed'====== Args={}
2022-11-11 18:48:34,564 : EventManager : Event: ======'slide_empty_slide_removed'====== Args={}
2022-11-11 18:48:34,564 : EventManager : Event: ======'slide_score_slide_removed'====== Args={}
2022-11-11 18:48:34,564 : EventManager : Event: ======'slide_empty_slide_removed'====== Args={}
2022-11-11 18:48:34,565 : EventManager : Event: ======'slide_window_blank_active'====== Args={}
2022-11-11 18:48:34,565 : EventManager : Event: ======'slide_Disp_Player_blank_active'====== Args={}
2022-11-11 18:48:34,565 : EventManager : Event: ======'slide_Disp_Menu_blank_active'====== Args={}
2022-11-11 18:48:34,566 : EventManager : Event: ======'slide_Disp_Ball_blank_active'====== Args={}
2022-11-11 18:48:34,566 : EventManager : Event: ======'slide_Disp_Message_blank_active'====== Args={}
2022-11-11 18:48:34,566 : EventManager : Event: ======'slide_Disp_Counter_blank_active'====== Args={}
2022-11-11 18:48:34,566 : EventManager : Event: ======'slide_Disp_Score_blank_active'====== Args={}
2022-11-11 18:48:34,566 : EventManager : Event: ======'slide_Disp_Icons_blank_active'====== Args={}
2022-11-11 18:48:34,594 : EventManager : Event: ======'player_ball'====== Args={'value': 1, 'prev_value': 0, 'change': 1, 'player_num': 2}
2022-11-11 18:48:34,595 : EventManager : Event: ======'player_turn_start'====== Args={'number': 2, 'player': <Player 2>}
2022-11-11 18:48:34,620 : EventManager : Event: ======'player_shot_spinner_enabled'====== Args={'value': True, 'prev_value': 0, 'change': 1, 'player_num': 2}
2022-11-11 18:48:34,620 : EventManager : Event: ======'player_shot_orbit_enabled'====== Args={'value': True, 'prev_value': 0, 'change': 1, 'player_num': 2}
2022-11-11 18:48:34,620 : EventManager : Event: ======'slides_play'====== Args={'settings': {'layout_main': {'target': 'window', 'background_color': [0.0, 0.0, 0.0, 1.0], 'priority': None, 'show': True, 'force': False, 'expire': None, 'slide': None, 'tokens': {}, 'action': 'play'}, 'player_slide': {'target': 'Disp_Player', 'background_color': [0.0, 0.0, 0.0, 1.0], 'priority': None, 'show': True, 'force': False, 'expire': None, 'slide': None, 'tokens': {}, 'action': 'play'}, 'empty_slide_2': {'slide': 'empty_slide', 'target': 'Disp_Menu', 'background_color': [0.0, 0.0, 0.0, 1.0], 'priority': None, 'show': True, 'force': False, 'expire': None, 'tokens': {}, 'action': 'play'}, 'ball_slide': {'target': 'Disp_Ball', 'background_color': [0.0, 0.0, 0.0, 1.0], 'priority': None, 'show': True, 'force': False, 'expire': None, 'slide': None, 'tokens': {}, 'action': 'play'}, 'empty_slide_3': {'slide': 'empty_slide', 'target': 'Disp_Message', 'background_color': [0.0, 0.0, 0.0, 1.0], 'priority': None, 'show': True, 'force': False, 'expire': None, 'tokens': {}, 'action': 'play'}, 'empty_slide_5': {'slide': 'empty_slide', 'target': 'Disp_Counter', 'background_color': [0.0, 0.0, 0.0, 1.0], 'priority': None, 'show': True, 'force': False, 'expire': None, 'tokens': {}, 'action': 'play'}, 'score_slide': {'target': 'Disp_Score', 'background_color': [0.0, 0.0, 0.0, 1.0], 'priority': None, 'show': True, 'force': False, 'expire': None, 'slide': None, 'tokens': {}, 'action': 'play'}, 'empty_slide_6': {'slide': 'empty_slide', 'target': 'Disp_Icons', 'background_color': [0.0, 0.0, 0.0, 1.0], 'priority': None, 'show': True, 'force': False, 'expire': None, 'tokens': {}, 'action': 'play'}}, 'context': 'show_47', 'calling_context': 0, 'priority': 100, 'show_tokens': {}, 'start_time': 470676.0}
2022-11-11 18:48:34,620 : EventManager : Event: ======'sounds_play'====== Args={'settings': {'musicfast': {'action': 'play', 'loops': -1, 'priority': None, 'block': False, 'delay': None, 'track': None, 'volume': None, 'pan': None, 'start_at': None, 'fade_in': None, 'fade_out': None, 'about_to_finish_time': -1.0, 'max_queue_time': -1.0, 'events_when_played': ['use_sound_setting'], 'events_when_stopped': ['use_sound_setting'], 'events_when_looping': ['use_sound_setting'], 'events_when_about_to_finish': ['use_sound_setting'], 'mode_end_action': 'use_sound_setting', 'key': 'use_sound_setting'}}, 'context': '_global', 'calling_context': 'mode_base_started', 'priority': 0, 'queue': '<QueuedEvent>', 'player': 2, 'ball': 1, 'balls_remaining': 2, 'is_extra_ball': False}
2022-11-11 18:48:34,620 : mpfmc : SlidePlayer: Play called with settings={'layout_main': {'target': 'window', 'background_color': [0.0, 0.0, 0.0, 1.0], 'priority': None, 'show': True, 'force': False, 'expire': None, 'slide': None, 'tokens': {}, 'action': 'play'}, 'player_slide': {'target': 'Disp_Player', 'background_color': [0.0, 0.0, 0.0, 1.0], 'priority': None, 'show': True, 'force': False, 'expire': None, 'slide': None, 'tokens': {}, 'action': 'play'}, 'empty_slide_2': {'slide': 'empty_slide', 'target': 'Disp_Menu', 'background_color': [0.0, 0.0, 0.0, 1.0], 'priority': None, 'show': True, 'force': False, 'expire': None, 'tokens': {}, 'action': 'play'}, 'ball_slide': {'target': 'Disp_Ball', 'background_color': [0.0, 0.0, 0.0, 1.0], 'priority': None, 'show': True, 'force': False, 'expire': None, 'slide': None, 'tokens': {}, 'action': 'play'}, 'empty_slide_3': {'slide': 'empty_slide', 'target': 'Disp_Message', 'background_color': [0.0, 0.0, 0.0, 1.0], 'priority': None, 'show': True, 'force': False, 'expire': None, 'tokens': {}, 'action': 'play'}, 'empty_slide_5': {'slide': 'empty_slide', 'target': 'Disp_Counter', 'background_color': [0.0, 0.0, 0.0, 1.0], 'priority': None, 'show': True, 'force': False, 'expire': None, 'tokens': {}, 'action': 'play'}, 'score_slide': {'target': 'Disp_Score', 'background_color': [0.0, 0.0, 0.0, 1.0], 'priority': None, 'show': True, 'force': False, 'expire': None, 'slide': None, 'tokens': {}, 'action': 'play'}, 'empty_slide_6': {'slide': 'empty_slide', 'target': 'Disp_Icons', 'background_color': [0.0, 0.0, 0.0, 1.0], 'priority': None, 'show': True, 'force': False, 'expire': None, 'tokens': {}, 'action': 'play'}}
2022-11-11 18:48:34,633 : EventManager : Event: ======'slide_layout_main_created'====== Args={}
2022-11-11 18:48:34,636 : EventManager : Event: ======'slide_player_slide_created'====== Args={}
2022-11-11 18:48:34,641 : EventManager : Event: ======'slide_empty_slide_created'====== Args={}
2022-11-11 18:48:34,647 : EventManager : Event: ======'slide_ball_slide_created'====== Args={}
2022-11-11 18:48:34,652 : EventManager : Event: ======'slide_empty_slide_created'====== Args={}
2022-11-11 18:48:34,656 : EventManager : Event: ======'slide_empty_slide_created'====== Args={}
2022-11-11 18:48:34,662 : EventManager : Event: ======'slide_score_slide_created'====== Args={}
2022-11-11 18:48:34,668 : EventManager : Event: ======'slide_empty_slide_created'====== Args={}
2022-11-11 18:48:34,682 : EventManager : Event: ======'slide_layout_main_active'====== Args={}
2022-11-11 18:48:34,712 : EventManager : Event: ======'slide_player_slide_active'====== Args={}
2022-11-11 18:48:34,713 : EventManager : Event: ======'slide_empty_slide_active'====== Args={}
2022-11-11 18:48:34,714 : EventManager : Event: ======'slide_ball_slide_active'====== Args={}
2022-11-11 18:48:34,715 : EventManager : Event: ======'slide_empty_slide_active'====== Args={}
2022-11-11 18:48:34,715 : EventManager : Event: ======'slide_empty_slide_active'====== Args={}
2022-11-11 18:48:34,716 : EventManager : Event: ======'slide_score_slide_active'====== Args={}
2022-11-11 18:48:34,717 : EventManager : Event: ======'slide_empty_slide_active'====== Args={}
2022-11-11 18:48:34,725 : EventManager : Event: ======'player_shot_lane_top_1_enabled'====== Args={'value': True, 'prev_value': 0, 'change': 1, 'player_num': 2}
2022-11-11 18:48:34,726 : EventManager : Event: ======'player_shot_lane_top_2_enabled'====== Args={'value': True, 'prev_value': 0, 'change': 1, 'player_num': 2}
2022-11-11 18:48:34,726 : EventManager : Event: ======'player_shot_lane_top_3_enabled'====== Args={'value': True, 'prev_value': 0, 'change': 1, 'player_num': 2}
2022-11-11 18:48:34,726 : EventManager : Event: ======'player_shot_lane_bottom_1_enabled'====== Args={'value': True, 'prev_value': 0, 'change': 1, 'player_num': 2}
2022-11-11 18:48:34,726 : EventManager : Event: ======'player_shot_lane_bottom_2_enabled'====== Args={'value': True, 'prev_value': 0, 'change': 1, 'player_num': 2}
2022-11-11 18:48:34,726 : EventManager : Event: ======'player_shot_lane_bottom_3_enabled'====== Args={'value': True, 'prev_value': 0, 'change': 1, 'player_num': 2}
2022-11-11 18:48:34,726 : EventManager : Event: ======'player_shot_lane_bottom_4_enabled'====== Args={'value': True, 'prev_value': 0, 'change': 1, 'player_num': 2}
2022-11-11 18:48:34,726 : EventManager : Event: ======'player_shot_lane_bottom_5_enabled'====== Args={'value': True, 'prev_value': 0, 'change': 1, 'player_num': 2}
2022-11-11 18:48:34,727 : EventManager : Event: ======'player_pf_multiplier'====== Args={'value': 1, 'prev_value': 0, 'change': 1, 'player_num': 2}
2022-11-11 18:48:34,727 : EventManager : Event: ======'player_top_lane_hits'====== Args={'value': 1, 'prev_value': 0, 'change': 1, 'player_num': 2}
2022-11-11 18:48:34,727 : EventManager : Event: ======'player_pf_multiplier2'====== Args={'value': 1, 'prev_value': 0, 'change': 1, 'player_num': 2}
2022-11-11 18:48:34,728 : EventManager : Event: ======'player_bottom_lane_hits'====== Args={'value': 1, 'prev_value': 0, 'change': 1, 'player_num': 2}
2022-11-11 18:48:34,728 : EventManager : Event: ======'loading_assets'====== Args={'total': 1, 'loaded': 1, 'remaining': 0, 'percent': 100}
2022-11-11 18:48:34,728 : AssetManager : Asset loading took: 42.72623825073242
2022-11-11 18:48:34,729 : EventManager : Event: ======'asset_loading_complete'====== Args={}
2022-11-11 18:48:34,729 : AssetManager : Loading assets: 1/1 (100%)
2022-11-11 18:48:34,788 : EventManager : Event: ======'machine_var_audits_switches_s_plunger_lane'====== Args={'value': 144, 'prev_value': 143, 'change': 1}
2022-11-11 18:48:38,602 : EventManager : Event: ======'machine_var_audits_switches_s_toplane1'====== Args={'value': 265, 'prev_value': 264, 'change': 1}
2022-11-11 18:48:38,615 : EventManager : Event: ======'player_shot_lane_top_1'====== Args={'value': 1, 'prev_value': 0, 'change': 1, 'player_num': 2}
2022-11-11 18:48:38,615 : EventManager : Event: ======'machine_var_audits_shots_lane_top_1'====== Args={'value': 178, 'prev_value': 177, 'change': 1}
2022-11-11 18:48:38,615 : EventManager : Event: ======'player_score'====== Args={'value': 100, 'prev_value': 0, 'change': 100, 'player_num': 2}
2022-11-11 18:48:41,257 : EventManager : Event: ======'machine_var_audits_switches_s_toplane2'====== Args={'value': 182, 'prev_value': 181, 'change': 1}
2022-11-11 18:48:41,269 : EventManager : Event: ======'player_shot_lane_top_2'====== Args={'value': 1, 'prev_value': 0, 'change': 1, 'player_num': 2}
2022-11-11 18:48:41,269 : EventManager : Event: ======'machine_var_audits_shots_lane_top_2'====== Args={'value': 175, 'prev_value': 174, 'change': 1}
2022-11-11 18:48:41,269 : EventManager : Event: ======'player_score'====== Args={'value': 200, 'prev_value': 100, 'change': 100, 'player_num': 2}
2022-11-11 18:48:42,268 : EventManager : Event: ======'machine_var_audits_switches_s_toplane3'====== Args={'value': 150, 'prev_value': 149, 'change': 1}
2022-11-11 18:48:42,268 : EventManager : Event: ======'player_shot_lane_top_3'====== Args={'value': 1, 'prev_value': 0, 'change': 1, 'player_num': 2}
2022-11-11 18:48:42,268 : EventManager : Event: ======'machine_var_audits_shots_lane_top_3'====== Args={'value': 142, 'prev_value': 141, 'change': 1}
2022-11-11 18:48:42,268 : EventManager : Event: ======'player_score'====== Args={'value': 300, 'prev_value': 200, 'change': 100, 'player_num': 2}
2022-11-11 18:48:42,268 : EventManager : Event: ======'player_score'====== Args={'value': 1300, 'prev_value': 300, 'change': 1000, 'player_num': 2}
2022-11-11 18:48:42,268 : EventManager : Event: ======'slides_play'====== Args={'settings': {'lanes_top_complete_slide': {'target': 'Disp_Message', 'expire': 3.0, 'background_color': [0.0, 0.0, 0.0, 1.0], 'priority': None, 'show': True, 'force': False, 'slide': None, 'tokens': {}, 'action': 'play'}}, 'context': 'lanes', 'calling_context': 'lanes_top_complete', 'priority': 110, 'state': 'lit'}
2022-11-11 18:48:42,269 : EventManager : Event: ======'player_top_lane_hits'====== Args={'value': 2, 'prev_value': 1, 'change': 1, 'player_num': 2}
2022-11-11 18:48:42,269 : EventManager : Event: ======'player_pf_multiplier'====== Args={'value': 2, 'prev_value': 1, 'change': 1, 'player_num': 2}
2022-11-11 18:48:42,272 : mpfmc : SlidePlayer: Play called with settings={'lanes_top_complete_slide': {'target': 'Disp_Message', 'expire': 3.0, 'background_color': [0.0, 0.0, 0.0, 1.0], 'priority': None, 'show': True, 'force': False, 'slide': None, 'tokens': {}, 'action': 'play'}}
2022-11-11 18:48:42,275 : EventManager : Event: ======'slide_lanes_top_complete_slide_created'====== Args={}
2022-11-11 18:48:42,278 : EventManager : Event: ======'slide_lanes_top_complete_slide_active'====== Args={}
2022-11-11 18:48:43,269 : EventManager : Event: ======'player_shot_lane_top_1'====== Args={'value': 0, 'prev_value': 1, 'change': -1, 'player_num': 2}
2022-11-11 18:48:43,281 : EventManager : Event: ======'player_shot_lane_top_2'====== Args={'value': 0, 'prev_value': 1, 'change': -1, 'player_num': 2}
2022-11-11 18:48:43,281 : EventManager : Event: ======'player_shot_lane_top_3'====== Args={'value': 0, 'prev_value': 1, 'change': -1, 'player_num': 2}
2022-11-11 18:48:44,904 : EventManager : Event: ======'machine_var_audits_switches_s_toplane1'====== Args={'value': 266, 'prev_value': 265, 'change': 1}
2022-11-11 18:48:44,917 : EventManager : Event: ======'player_shot_lane_top_1'====== Args={'value': 1, 'prev_value': 0, 'change': 1, 'player_num': 2}
2022-11-11 18:48:44,917 : EventManager : Event: ======'machine_var_audits_shots_lane_top_1'====== Args={'value': 179, 'prev_value': 178, 'change': 1}
2022-11-11 18:48:44,917 : EventManager : Event: ======'player_score'====== Args={'value': 1400, 'prev_value': 1300, 'change': 100, 'player_num': 2}
2022-11-11 18:48:45,268 : EventManager : Event: ======'slide_lanes_top_complete_slide_removed'====== Args={}
2022-11-11 18:48:45,269 : EventManager : Event: ======'slide_empty_slide_active'====== Args={}
2022-11-11 18:48:46,923 : EventManager : Event: ======'machine_var_audits_switches_s_toplane2'====== Args={'value': 183, 'prev_value': 182, 'change': 1}
2022-11-11 18:48:46,923 : EventManager : Event: ======'player_shot_lane_top_2'====== Args={'value': 1, 'prev_value': 0, 'change': 1, 'player_num': 2}
2022-11-11 18:48:46,923 : EventManager : Event: ======'machine_var_audits_shots_lane_top_2'====== Args={'value': 176, 'prev_value': 175, 'change': 1}
2022-11-11 18:48:46,923 : EventManager : Event: ======'player_score'====== Args={'value': 1500, 'prev_value': 1400, 'change': 100, 'player_num': 2}
2022-11-11 18:48:48,475 : EventManager : Event: ======'machine_var_audits_switches_s_toplane3'====== Args={'value': 151, 'prev_value': 150, 'change': 1}
2022-11-11 18:48:48,487 : EventManager : Event: ======'player_shot_lane_top_3'====== Args={'value': 1, 'prev_value': 0, 'change': 1, 'player_num': 2}
2022-11-11 18:48:48,487 : EventManager : Event: ======'machine_var_audits_shots_lane_top_3'====== Args={'value': 143, 'prev_value': 142, 'change': 1}
2022-11-11 18:48:48,487 : EventManager : Event: ======'player_score'====== Args={'value': 1600, 'prev_value': 1500, 'change': 100, 'player_num': 2}
2022-11-11 18:48:48,487 : EventManager : Event: ======'player_score'====== Args={'value': 3600, 'prev_value': 1600, 'change': 2000, 'player_num': 2}
2022-11-11 18:48:48,487 : EventManager : Event: ======'slides_play'====== Args={'settings': {'lanes_top_complete_slide': {'target': 'Disp_Message', 'expire': 3.0, 'background_color': [0.0, 0.0, 0.0, 1.0], 'priority': None, 'show': True, 'force': False, 'slide': None, 'tokens': {}, 'action': 'play'}}, 'context': 'lanes', 'calling_context': 'lanes_top_complete', 'priority': 110, 'state': 'lit'}
2022-11-11 18:48:48,487 : EventManager : Event: ======'player_top_lane_hits'====== Args={'value': 3, 'prev_value': 2, 'change': 1, 'player_num': 2}
2022-11-11 18:48:48,487 : EventManager : Event: ======'player_pf_multiplier'====== Args={'value': 3, 'prev_value': 2, 'change': 1, 'player_num': 2}
2022-11-11 18:48:48,489 : mpfmc : SlidePlayer: Play called with settings={'lanes_top_complete_slide': {'target': 'Disp_Message', 'expire': 3.0, 'background_color': [0.0, 0.0, 0.0, 1.0], 'priority': None, 'show': True, 'force': False, 'slide': None, 'tokens': {}, 'action': 'play'}}
2022-11-11 18:48:48,491 : EventManager : Event: ======'slide_lanes_top_complete_slide_removed'====== Args={}
2022-11-11 18:48:48,496 : EventManager : Event: ======'slide_lanes_top_complete_slide_created'====== Args={}
2022-11-11 18:48:48,500 : EventManager : Event: ======'slide_lanes_top_complete_slide_active'====== Args={}
2022-11-11 18:48:49,506 : EventManager : Event: ======'player_shot_lane_top_1'====== Args={'value': 0, 'prev_value': 1, 'change': -1, 'player_num': 2}
2022-11-11 18:48:49,513 : EventManager : Event: ======'player_shot_lane_top_2'====== Args={'value': 0, 'prev_value': 1, 'change': -1, 'player_num': 2}
2022-11-11 18:48:49,514 : EventManager : Event: ======'player_shot_lane_top_3'====== Args={'value': 0, 'prev_value': 1, 'change': -1, 'player_num': 2}
2022-11-11 18:48:51,176 : EventManager : Event: ======'machine_var_audits_switches_s_toplane1'====== Args={'value': 267, 'prev_value': 266, 'change': 1}
2022-11-11 18:48:51,201 : EventManager : Event: ======'player_shot_lane_top_1'====== Args={'value': 1, 'prev_value': 0, 'change': 1, 'player_num': 2}
2022-11-11 18:48:51,201 : EventManager : Event: ======'machine_var_audits_shots_lane_top_1'====== Args={'value': 180, 'prev_value': 179, 'change': 1}
2022-11-11 18:48:51,202 : EventManager : Event: ======'player_score'====== Args={'value': 3700, 'prev_value': 3600, 'change': 100, 'player_num': 2}
2022-11-11 18:48:51,483 : EventManager : Event: ======'slide_lanes_top_complete_slide_removed'====== Args={}
2022-11-11 18:48:51,484 : EventManager : Event: ======'slide_empty_slide_active'====== Args={}
2022-11-11 18:48:52,994 : EventManager : Event: ======'machine_var_audits_switches_s_toplane2'====== Args={'value': 184, 'prev_value': 183, 'change': 1}
2022-11-11 18:48:52,994 : EventManager : Event: ======'player_shot_lane_top_2'====== Args={'value': 1, 'prev_value': 0, 'change': 1, 'player_num': 2}
2022-11-11 18:48:52,994 : EventManager : Event: ======'machine_var_audits_shots_lane_top_2'====== Args={'value': 177, 'prev_value': 176, 'change': 1}
2022-11-11 18:48:52,994 : EventManager : Event: ======'player_score'====== Args={'value': 3800, 'prev_value': 3700, 'change': 100, 'player_num': 2}
2022-11-11 18:48:54,222 : EventManager : Event: ======'machine_var_audits_switches_s_toplane3'====== Args={'value': 152, 'prev_value': 151, 'change': 1}
2022-11-11 18:48:54,234 : EventManager : Event: ======'player_shot_lane_top_3'====== Args={'value': 1, 'prev_value': 0, 'change': 1, 'player_num': 2}
2022-11-11 18:48:54,234 : EventManager : Event: ======'machine_var_audits_shots_lane_top_3'====== Args={'value': 144, 'prev_value': 143, 'change': 1}
2022-11-11 18:48:54,234 : EventManager : Event: ======'player_score'====== Args={'value': 3900, 'prev_value': 3800, 'change': 100, 'player_num': 2}
2022-11-11 18:48:54,234 : EventManager : Event: ======'player_score'====== Args={'value': 6900, 'prev_value': 3900, 'change': 3000, 'player_num': 2}
2022-11-11 18:48:54,234 : EventManager : Event: ======'slides_play'====== Args={'settings': {'lanes_top_complete_slide': {'target': 'Disp_Message', 'expire': 3.0, 'background_color': [0.0, 0.0, 0.0, 1.0], 'priority': None, 'show': True, 'force': False, 'slide': None, 'tokens': {}, 'action': 'play'}}, 'context': 'lanes', 'calling_context': 'lanes_top_complete', 'priority': 110, 'state': 'lit'}
2022-11-11 18:48:54,234 : EventManager : Event: ======'player_top_lane_hits'====== Args={'value': 4, 'prev_value': 3, 'change': 1, 'player_num': 2}
2022-11-11 18:48:54,234 : EventManager : Event: ======'player_pf_multiplier'====== Args={'value': 4, 'prev_value': 3, 'change': 1, 'player_num': 2}
2022-11-11 18:48:54,237 : mpfmc : SlidePlayer: Play called with settings={'lanes_top_complete_slide': {'target': 'Disp_Message', 'expire': 3.0, 'background_color': [0.0, 0.0, 0.0, 1.0], 'priority': None, 'show': True, 'force': False, 'slide': None, 'tokens': {}, 'action': 'play'}}
2022-11-11 18:48:54,238 : EventManager : Event: ======'slide_lanes_top_complete_slide_removed'====== Args={}
2022-11-11 18:48:54,242 : EventManager : Event: ======'slide_lanes_top_complete_slide_created'====== Args={}
2022-11-11 18:48:54,247 : EventManager : Event: ======'slide_lanes_top_complete_slide_active'====== Args={}
2022-11-11 18:48:55,225 : EventManager : Event: ======'player_shot_lane_top_1'====== Args={'value': 0, 'prev_value': 1, 'change': -1, 'player_num': 2}
2022-11-11 18:48:55,225 : EventManager : Event: ======'player_shot_lane_top_2'====== Args={'value': 0, 'prev_value': 1, 'change': -1, 'player_num': 2}
2022-11-11 18:48:55,225 : EventManager : Event: ======'player_shot_lane_top_3'====== Args={'value': 0, 'prev_value': 1, 'change': -1, 'player_num': 2}
2022-11-11 18:48:57,236 : EventManager : Event: ======'slide_lanes_top_complete_slide_removed'====== Args={}
2022-11-11 18:48:57,237 : EventManager : Event: ======'slide_empty_slide_active'====== Args={}
2022-11-11 18:48:57,462 : EventManager : Event: ======'machine_var_audits_switches_s_trough1'====== Args={'value': 41, 'prev_value': 40, 'change': 1}
2022-11-11 18:48:57,978 : EventManager : Event: ======'slides_clear'====== Args={'context': 'show_47'}
2022-11-11 18:48:57,978 : EventManager : Event: ======'slide_layout_main_removed'====== Args={}
2022-11-11 18:48:57,979 : EventManager : Event: ======'slide_player_slide_removed'====== Args={}
2022-11-11 18:48:57,979 : EventManager : Event: ======'slide_empty_slide_removed'====== Args={}
2022-11-11 18:48:57,979 : EventManager : Event: ======'slide_ball_slide_removed'====== Args={}
2022-11-11 18:48:57,980 : EventManager : Event: ======'slide_empty_slide_removed'====== Args={}
2022-11-11 18:48:57,981 : EventManager : Event: ======'slide_empty_slide_removed'====== Args={}
2022-11-11 18:48:57,981 : EventManager : Event: ======'slide_score_slide_removed'====== Args={}
2022-11-11 18:48:57,982 : EventManager : Event: ======'slide_empty_slide_removed'====== Args={}
2022-11-11 18:48:57,982 : EventManager : Event: ======'slide_window_blank_active'====== Args={}
2022-11-11 18:48:57,983 : EventManager : Event: ======'slide_Disp_Player_blank_active'====== Args={}
2022-11-11 18:48:57,983 : EventManager : Event: ======'slide_Disp_Menu_blank_active'====== Args={}
2022-11-11 18:48:57,983 : EventManager : Event: ======'slide_Disp_Ball_blank_active'====== Args={}
2022-11-11 18:48:57,984 : EventManager : Event: ======'slide_Disp_Message_blank_active'====== Args={}
2022-11-11 18:48:57,984 : EventManager : Event: ======'slide_Disp_Counter_blank_active'====== Args={}
2022-11-11 18:48:57,984 : EventManager : Event: ======'slide_Disp_Score_blank_active'====== Args={}
2022-11-11 18:48:57,984 : EventManager : Event: ======'slide_Disp_Icons_blank_active'====== Args={}
2022-11-11 18:48:57,986 : EventManager : Event: ======'sounds_play'====== Args={'settings': {'musicfast': {'action': 'stop', 'priority': None, 'block': False, 'delay': None, 'track': None, 'volume': None, 'pan': None, 'loops': None, 'start_at': None, 'fade_in': None, 'fade_out': None, 'about_to_finish_time': -1.0, 'max_queue_time': -1.0, 'events_when_played': ['use_sound_setting'], 'events_when_stopped': ['use_sound_setting'], 'events_when_looping': ['use_sound_setting'], 'events_when_about_to_finish': ['use_sound_setting'], 'mode_end_action': 'use_sound_setting', 'key': 'use_sound_setting'}}, 'context': '_global', 'calling_context': 'mode_base_stopped', 'priority': 0}
2022-11-11 18:48:57,986 : EventManager : Event: ======'slides_clear'====== Args={'context': 'lanes'}
2022-11-11 18:48:57,987 : EventManager : Event: ======'slide_lanes_top_complete_slide_removed'====== Args={}
2022-11-11 18:48:58,024 : EventManager : Event: ======'player_ball'====== Args={'value': 2, 'prev_value': 1, 'change': 1, 'player_num': 1}
2022-11-11 18:48:58,024 : EventManager : Event: ======'player_turn_start'====== Args={'number': 1, 'player': <Player 1>}
2022-11-11 18:48:58,036 : EventManager : Event: ======'slides_play'====== Args={'settings': {'layout_main': {'target': 'window', 'background_color': [0.0, 0.0, 0.0, 1.0], 'priority': None, 'show': True, 'force': False, 'expire': None, 'slide': None, 'tokens': {}, 'action': 'play'}, 'player_slide': {'target': 'Disp_Player', 'background_color': [0.0, 0.0, 0.0, 1.0], 'priority': None, 'show': True, 'force': False, 'expire': None, 'slide': None, 'tokens': {}, 'action': 'play'}, 'empty_slide_2': {'slide': 'empty_slide', 'target': 'Disp_Menu', 'background_color': [0.0, 0.0, 0.0, 1.0], 'priority': None, 'show': True, 'force': False, 'expire': None, 'tokens': {}, 'action': 'play'}, 'ball_slide': {'target': 'Disp_Ball', 'background_color': [0.0, 0.0, 0.0, 1.0], 'priority': None, 'show': True, 'force': False, 'expire': None, 'slide': None, 'tokens': {}, 'action': 'play'}, 'empty_slide_3': {'slide': 'empty_slide', 'target': 'Disp_Message', 'background_color': [0.0, 0.0, 0.0, 1.0], 'priority': None, 'show': True, 'force': False, 'expire': None, 'tokens': {}, 'action': 'play'}, 'empty_slide_5': {'slide': 'empty_slide', 'target': 'Disp_Counter', 'background_color': [0.0, 0.0, 0.0, 1.0], 'priority': None, 'show': True, 'force': False, 'expire': None, 'tokens': {}, 'action': 'play'}, 'score_slide': {'target': 'Disp_Score', 'background_color': [0.0, 0.0, 0.0, 1.0], 'priority': None, 'show': True, 'force': False, 'expire': None, 'slide': None, 'tokens': {}, 'action': 'play'}, 'empty_slide_6': {'slide': 'empty_slide', 'target': 'Disp_Icons', 'background_color': [0.0, 0.0, 0.0, 1.0], 'priority': None, 'show': True, 'force': False, 'expire': None, 'tokens': {}, 'action': 'play'}}, 'context': 'show_89', 'calling_context': 0, 'priority': 100, 'show_tokens': {}, 'start_time': 470699.406}
2022-11-11 18:48:58,036 : EventManager : Event: ======'sounds_play'====== Args={'settings': {'musicfast': {'action': 'play', 'loops': -1, 'priority': None, 'block': False, 'delay': None, 'track': None, 'volume': None, 'pan': None, 'start_at': None, 'fade_in': None, 'fade_out': None, 'about_to_finish_time': -1.0, 'max_queue_time': -1.0, 'events_when_played': ['use_sound_setting'], 'events_when_stopped': ['use_sound_setting'], 'events_when_looping': ['use_sound_setting'], 'events_when_about_to_finish': ['use_sound_setting'], 'mode_end_action': 'use_sound_setting', 'key': 'use_sound_setting'}}, 'context': '_global', 'calling_context': 'mode_base_started', 'priority': 0, 'queue': '<QueuedEvent>', 'player': 1, 'ball': 2, 'balls_remaining': 1, 'is_extra_ball': False}
2022-11-11 18:48:58,037 : mpfmc : SlidePlayer: Play called with settings={'layout_main': {'target': 'window', 'background_color': [0.0, 0.0, 0.0, 1.0], 'priority': None, 'show': True, 'force': False, 'expire': None, 'slide': None, 'tokens': {}, 'action': 'play'}, 'player_slide': {'target': 'Disp_Player', 'background_color': [0.0, 0.0, 0.0, 1.0], 'priority': None, 'show': True, 'force': False, 'expire': None, 'slide': None, 'tokens': {}, 'action': 'play'}, 'empty_slide_2': {'slide': 'empty_slide', 'target': 'Disp_Menu', 'background_color': [0.0, 0.0, 0.0, 1.0], 'priority': None, 'show': True, 'force': False, 'expire': None, 'tokens': {}, 'action': 'play'}, 'ball_slide': {'target': 'Disp_Ball', 'background_color': [0.0, 0.0, 0.0, 1.0], 'priority': None, 'show': True, 'force': False, 'expire': None, 'slide': None, 'tokens': {}, 'action': 'play'}, 'empty_slide_3': {'slide': 'empty_slide', 'target': 'Disp_Message', 'background_color': [0.0, 0.0, 0.0, 1.0], 'priority': None, 'show': True, 'force': False, 'expire': None, 'tokens': {}, 'action': 'play'}, 'empty_slide_5': {'slide': 'empty_slide', 'target': 'Disp_Counter', 'background_color': [0.0, 0.0, 0.0, 1.0], 'priority': None, 'show': True, 'force': False, 'expire': None, 'tokens': {}, 'action': 'play'}, 'score_slide': {'target': 'Disp_Score', 'background_color': [0.0, 0.0, 0.0, 1.0], 'priority': None, 'show': True, 'force': False, 'expire': None, 'slide': None, 'tokens': {}, 'action': 'play'}, 'empty_slide_6': {'slide': 'empty_slide', 'target': 'Disp_Icons', 'background_color': [0.0, 0.0, 0.0, 1.0], 'priority': None, 'show': True, 'force': False, 'expire': None, 'tokens': {}, 'action': 'play'}}
2022-11-11 18:48:58,046 : EventManager : Event: ======'slide_layout_main_created'====== Args={}
2022-11-11 18:48:58,049 : EventManager : Event: ======'slide_player_slide_created'====== Args={}
2022-11-11 18:48:58,054 : EventManager : Event: ======'slide_empty_slide_created'====== Args={}
2022-11-11 18:48:58,059 : EventManager : Event: ======'slide_ball_slide_created'====== Args={}
2022-11-11 18:48:58,062 : EventManager : Event: ======'slide_empty_slide_created'====== Args={}
2022-11-11 18:48:58,066 : EventManager : Event: ======'slide_empty_slide_created'====== Args={}
2022-11-11 18:48:58,071 : EventManager : Event: ======'slide_score_slide_created'====== Args={}
2022-11-11 18:48:58,076 : EventManager : Event: ======'slide_empty_slide_created'====== Args={}
2022-11-11 18:48:58,089 : EventManager : Event: ======'slide_layout_main_active'====== Args={}
2022-11-11 18:48:58,090 : EventManager : Event: ======'slide_player_slide_active'====== Args={}
2022-11-11 18:48:58,091 : EventManager : Event: ======'slide_empty_slide_active'====== Args={}
2022-11-11 18:48:58,092 : EventManager : Event: ======'slide_ball_slide_active'====== Args={}
2022-11-11 18:48:58,093 : EventManager : Event: ======'slide_empty_slide_active'====== Args={}
2022-11-11 18:48:58,094 : EventManager : Event: ======'slide_empty_slide_active'====== Args={}
2022-11-11 18:48:58,095 : EventManager : Event: ======'slide_score_slide_active'====== Args={}
2022-11-11 18:48:58,096 : EventManager : Event: ======'slide_empty_slide_active'====== Args={}
2022-11-11 18:48:58,104 : EventManager : Event: ======'player_pf_multiplier'====== Args={'value': 1, 'prev_value': 4, 'change': -3, 'player_num': 1}
2022-11-11 18:48:58,104 : EventManager : Event: ======'player_top_lane_hits'====== Args={'value': 1, 'prev_value': 4, 'change': -3, 'player_num': 1}
2022-11-11 18:48:58,195 : EventManager : Event: ======'machine_var_audits_switches_s_plunger_lane'====== Args={'value': 145, 'prev_value': 144, 'change': 1}
2022-11-11 18:49:02,347 : EventManager : Event: ======'machine_var_audits_switches_s_toplane1'====== Args={'value': 268, 'prev_value': 267, 'change': 1}
2022-11-11 18:49:02,347 : EventManager : Event: ======'player_shot_lane_top_1'====== Args={'value': 1, 'prev_value': 0, 'change': 1, 'player_num': 1}
2022-11-11 18:49:02,347 : EventManager : Event: ======'machine_var_audits_shots_lane_top_1'====== Args={'value': 181, 'prev_value': 180, 'change': 1}
2022-11-11 18:49:02,347 : EventManager : Event: ======'player_score'====== Args={'value': 7000, 'prev_value': 6900, 'change': 100, 'player_num': 1}
2022-11-11 18:49:03,519 : EventManager : Event: ======'machine_var_audits_switches_s_toplane2'====== Args={'value': 185, 'prev_value': 184, 'change': 1}
2022-11-11 18:49:03,531 : EventManager : Event: ======'player_shot_lane_top_2'====== Args={'value': 1, 'prev_value': 0, 'change': 1, 'player_num': 1}
2022-11-11 18:49:03,531 : EventManager : Event: ======'machine_var_audits_shots_lane_top_2'====== Args={'value': 178, 'prev_value': 177, 'change': 1}
2022-11-11 18:49:03,531 : EventManager : Event: ======'player_score'====== Args={'value': 7100, 'prev_value': 7000, 'change': 100, 'player_num': 1}
2022-11-11 18:49:04,908 : EventManager : Event: ======'machine_var_audits_switches_s_toplane3'====== Args={'value': 153, 'prev_value': 152, 'change': 1}
2022-11-11 18:49:04,908 : EventManager : Event: ======'player_shot_lane_top_3'====== Args={'value': 1, 'prev_value': 0, 'change': 1, 'player_num': 1}
2022-11-11 18:49:04,908 : EventManager : Event: ======'machine_var_audits_shots_lane_top_3'====== Args={'value': 145, 'prev_value': 144, 'change': 1}
2022-11-11 18:49:04,908 : EventManager : Event: ======'player_score'====== Args={'value': 7200, 'prev_value': 7100, 'change': 100, 'player_num': 1}
2022-11-11 18:49:04,908 : EventManager : Event: ======'player_score'====== Args={'value': 8200, 'prev_value': 7200, 'change': 1000, 'player_num': 1}
2022-11-11 18:49:04,909 : EventManager : Event: ======'slides_play'====== Args={'settings': {'lanes_top_complete_slide': {'target': 'Disp_Message', 'expire': 3.0, 'background_color': [0.0, 0.0, 0.0, 1.0], 'priority': None, 'show': True, 'force': False, 'slide': None, 'tokens': {}, 'action': 'play'}}, 'context': 'lanes', 'calling_context': 'lanes_top_complete', 'priority': 110, 'state': 'lit'}
2022-11-11 18:49:04,909 : EventManager : Event: ======'player_top_lane_hits'====== Args={'value': 2, 'prev_value': 1, 'change': 1, 'player_num': 1}
2022-11-11 18:49:04,909 : EventManager : Event: ======'player_pf_multiplier'====== Args={'value': 2, 'prev_value': 1, 'change': 1, 'player_num': 1}
2022-11-11 18:49:04,912 : mpfmc : SlidePlayer: Play called with settings={'lanes_top_complete_slide': {'target': 'Disp_Message', 'expire': 3.0, 'background_color': [0.0, 0.0, 0.0, 1.0], 'priority': None, 'show': True, 'force': False, 'slide': None, 'tokens': {}, 'action': 'play'}}
2022-11-11 18:49:04,916 : EventManager : Event: ======'slide_lanes_top_complete_slide_created'====== Args={}
2022-11-11 18:49:04,919 : EventManager : Event: ======'slide_lanes_top_complete_slide_active'====== Args={}
2022-11-11 18:49:05,908 : EventManager : Event: ======'player_shot_lane_top_1'====== Args={'value': 0, 'prev_value': 1, 'change': -1, 'player_num': 1}
2022-11-11 18:49:05,908 : EventManager : Event: ======'player_shot_lane_top_2'====== Args={'value': 0, 'prev_value': 1, 'change': -1, 'player_num': 1}
2022-11-11 18:49:05,908 : EventManager : Event: ======'player_shot_lane_top_3'====== Args={'value': 0, 'prev_value': 1, 'change': -1, 'player_num': 1}
2022-11-11 18:49:07,263 : EventManager : Event: ======'machine_var_audits_switches_s_toplane1'====== Args={'value': 269, 'prev_value': 268, 'change': 1}
2022-11-11 18:49:07,275 : EventManager : Event: ======'player_shot_lane_top_1'====== Args={'value': 1, 'prev_value': 0, 'change': 1, 'player_num': 1}
2022-11-11 18:49:07,275 : EventManager : Event: ======'machine_var_audits_shots_lane_top_1'====== Args={'value': 182, 'prev_value': 181, 'change': 1}
2022-11-11 18:49:07,275 : EventManager : Event: ======'player_score'====== Args={'value': 8300, 'prev_value': 8200, 'change': 100, 'player_num': 1}
2022-11-11 18:49:07,904 : EventManager : Event: ======'slide_lanes_top_complete_slide_removed'====== Args={}
2022-11-11 18:49:07,905 : EventManager : Event: ======'slide_empty_slide_active'====== Args={}
2022-11-11 18:49:08,171 : EventManager : Event: ======'machine_var_audits_switches_s_toplane2'====== Args={'value': 186, 'prev_value': 185, 'change': 1}
2022-11-11 18:49:08,171 : EventManager : Event: ======'player_shot_lane_top_2'====== Args={'value': 1, 'prev_value': 0, 'change': 1, 'player_num': 1}
2022-11-11 18:49:08,171 : EventManager : Event: ======'machine_var_audits_shots_lane_top_2'====== Args={'value': 179, 'prev_value': 178, 'change': 1}
2022-11-11 18:49:08,171 : EventManager : Event: ======'player_score'====== Args={'value': 8400, 'prev_value': 8300, 'change': 100, 'player_num': 1}
2022-11-11 18:49:09,109 : EventManager : Event: ======'machine_var_audits_switches_s_toplane3'====== Args={'value': 154, 'prev_value': 153, 'change': 1}
2022-11-11 18:49:09,121 : EventManager : Event: ======'player_shot_lane_top_3'====== Args={'value': 1, 'prev_value': 0, 'change': 1, 'player_num': 1}
2022-11-11 18:49:09,121 : EventManager : Event: ======'machine_var_audits_shots_lane_top_3'====== Args={'value': 146, 'prev_value': 145, 'change': 1}
2022-11-11 18:49:09,121 : EventManager : Event: ======'player_score'====== Args={'value': 8500, 'prev_value': 8400, 'change': 100, 'player_num': 1}
2022-11-11 18:49:09,121 : EventManager : Event: ======'player_score'====== Args={'value': 10500, 'prev_value': 8500, 'change': 2000, 'player_num': 1}
2022-11-11 18:49:09,121 : EventManager : Event: ======'slides_play'====== Args={'settings': {'lanes_top_complete_slide': {'target': 'Disp_Message', 'expire': 3.0, 'background_color': [0.0, 0.0, 0.0, 1.0], 'priority': None, 'show': True, 'force': False, 'slide': None, 'tokens': {}, 'action': 'play'}}, 'context': 'lanes', 'calling_context': 'lanes_top_complete', 'priority': 110, 'state': 'lit'}
2022-11-11 18:49:09,121 : EventManager : Event: ======'player_top_lane_hits'====== Args={'value': 3, 'prev_value': 2, 'change': 1, 'player_num': 1}
2022-11-11 18:49:09,121 : EventManager : Event: ======'player_pf_multiplier'====== Args={'value': 3, 'prev_value': 2, 'change': 1, 'player_num': 1}
2022-11-11 18:49:09,123 : mpfmc : SlidePlayer: Play called with settings={'lanes_top_complete_slide': {'target': 'Disp_Message', 'expire': 3.0, 'background_color': [0.0, 0.0, 0.0, 1.0], 'priority': None, 'show': True, 'force': False, 'slide': None, 'tokens': {}, 'action': 'play'}}
2022-11-11 18:49:09,123 : EventManager : Event: ======'slide_lanes_top_complete_slide_removed'====== Args={}
2022-11-11 18:49:09,126 : EventManager : Event: ======'slide_lanes_top_complete_slide_created'====== Args={}
2022-11-11 18:49:09,130 : EventManager : Event: ======'slide_lanes_top_complete_slide_active'====== Args={}
2022-11-11 18:49:10,131 : EventManager : Event: ======'player_shot_lane_top_1'====== Args={'value': 0, 'prev_value': 1, 'change': -1, 'player_num': 1}
2022-11-11 18:49:10,131 : EventManager : Event: ======'player_shot_lane_top_2'====== Args={'value': 0, 'prev_value': 1, 'change': -1, 'player_num': 1}
2022-11-11 18:49:10,131 : EventManager : Event: ======'player_shot_lane_top_3'====== Args={'value': 0, 'prev_value': 1, 'change': -1, 'player_num': 1}
2022-11-11 18:49:12,127 : EventManager : Event: ======'slide_lanes_top_complete_slide_removed'====== Args={}
2022-11-11 18:49:12,128 : EventManager : Event: ======'slide_empty_slide_active'====== Args={}
2022-11-11 18:49:34,100 : EventManager : Event: ======'machine_var_audits_switches_s_toplane1'====== Args={'value': 270, 'prev_value': 269, 'change': 1}
2022-11-11 18:49:34,111 : EventManager : Event: ======'player_shot_lane_top_1'====== Args={'value': 1, 'prev_value': 0, 'change': 1, 'player_num': 1}
2022-11-11 18:49:34,111 : EventManager : Event: ======'machine_var_audits_shots_lane_top_1'====== Args={'value': 183, 'prev_value': 182, 'change': 1}
2022-11-11 18:49:34,111 : EventManager : Event: ======'player_score'====== Args={'value': 10600, 'prev_value': 10500, 'change': 100, 'player_num': 1}
2022-11-11 18:49:34,936 : EventManager : Event: ======'machine_var_audits_switches_s_toplane2'====== Args={'value': 187, 'prev_value': 186, 'change': 1}
2022-11-11 18:49:34,936 : EventManager : Event: ======'player_shot_lane_top_2'====== Args={'value': 1, 'prev_value': 0, 'change': 1, 'player_num': 1}
2022-11-11 18:49:34,936 : EventManager : Event: ======'machine_var_audits_shots_lane_top_2'====== Args={'value': 180, 'prev_value': 179, 'change': 1}
2022-11-11 18:49:34,936 : EventManager : Event: ======'player_score'====== Args={'value': 10700, 'prev_value': 10600, 'change': 100, 'player_num': 1}
2022-11-11 18:49:35,878 : EventManager : Event: ======'machine_var_audits_switches_s_toplane3'====== Args={'value': 155, 'prev_value': 154, 'change': 1}
2022-11-11 18:49:35,890 : EventManager : Event: ======'player_shot_lane_top_3'====== Args={'value': 1, 'prev_value': 0, 'change': 1, 'player_num': 1}
2022-11-11 18:49:35,890 : EventManager : Event: ======'machine_var_audits_shots_lane_top_3'====== Args={'value': 147, 'prev_value': 146, 'change': 1}
2022-11-11 18:49:35,890 : EventManager : Event: ======'player_score'====== Args={'value': 10800, 'prev_value': 10700, 'change': 100, 'player_num': 1}
2022-11-11 18:49:35,890 : EventManager : Event: ======'player_score'====== Args={'value': 13800, 'prev_value': 10800, 'change': 3000, 'player_num': 1}
2022-11-11 18:49:35,890 : EventManager : Event: ======'slides_play'====== Args={'settings': {'lanes_top_complete_slide': {'target': 'Disp_Message', 'expire': 3.0, 'background_color': [0.0, 0.0, 0.0, 1.0], 'priority': None, 'show': True, 'force': False, 'slide': None, 'tokens': {}, 'action': 'play'}}, 'context': 'lanes', 'calling_context': 'lanes_top_complete', 'priority': 110, 'state': 'lit'}
2022-11-11 18:49:35,890 : EventManager : Event: ======'player_top_lane_hits'====== Args={'value': 4, 'prev_value': 3, 'change': 1, 'player_num': 1}
2022-11-11 18:49:35,890 : EventManager : Event: ======'player_pf_multiplier'====== Args={'value': 4, 'prev_value': 3, 'change': 1, 'player_num': 1}
2022-11-11 18:49:35,892 : mpfmc : SlidePlayer: Play called with settings={'lanes_top_complete_slide': {'target': 'Disp_Message', 'expire': 3.0, 'background_color': [0.0, 0.0, 0.0, 1.0], 'priority': None, 'show': True, 'force': False, 'slide': None, 'tokens': {}, 'action': 'play'}}
2022-11-11 18:49:35,892 : EventManager : Event: ======'slide_lanes_top_complete_slide_removed'====== Args={}
2022-11-11 18:49:35,895 : EventManager : Event: ======'slide_lanes_top_complete_slide_created'====== Args={}
2022-11-11 18:49:35,898 : EventManager : Event: ======'slide_lanes_top_complete_slide_active'====== Args={}
2022-11-11 18:49:36,876 : EventManager : Event: ======'player_shot_lane_top_1'====== Args={'value': 0, 'prev_value': 1, 'change': -1, 'player_num': 1}
2022-11-11 18:49:36,877 : EventManager : Event: ======'player_shot_lane_top_2'====== Args={'value': 0, 'prev_value': 1, 'change': -1, 'player_num': 1}
2022-11-11 18:49:36,878 : EventManager : Event: ======'player_shot_lane_top_3'====== Args={'value': 0, 'prev_value': 1, 'change': -1, 'player_num': 1}
2022-11-11 18:49:38,885 : EventManager : Event: ======'slide_lanes_top_complete_slide_removed'====== Args={}
2022-11-11 18:49:38,886 : EventManager : Event: ======'slide_empty_slide_active'====== Args={}
2022-11-11 18:49:40,951 : EventManager : Event: ======'machine_var_audits_switches_s_toplane1'====== Args={'value': 271, 'prev_value': 270, 'change': 1}
2022-11-11 18:49:40,951 : EventManager : Event: ======'player_shot_lane_top_1'====== Args={'value': 1, 'prev_value': 0, 'change': 1, 'player_num': 1}
2022-11-11 18:49:40,951 : EventManager : Event: ======'machine_var_audits_shots_lane_top_1'====== Args={'value': 184, 'prev_value': 183, 'change': 1}
2022-11-11 18:49:40,951 : EventManager : Event: ======'player_score'====== Args={'value': 13900, 'prev_value': 13800, 'change': 100, 'player_num': 1}
2022-11-11 18:49:42,149 : EventManager : Event: ======'machine_var_audits_switches_s_toplane2'====== Args={'value': 188, 'prev_value': 187, 'change': 1}
2022-11-11 18:49:42,149 : EventManager : Event: ======'player_shot_lane_top_2'====== Args={'value': 1, 'prev_value': 0, 'change': 1, 'player_num': 1}
2022-11-11 18:49:42,149 : EventManager : Event: ======'machine_var_audits_shots_lane_top_2'====== Args={'value': 181, 'prev_value': 180, 'change': 1}
2022-11-11 18:49:42,149 : EventManager : Event: ======'player_score'====== Args={'value': 14000, 'prev_value': 13900, 'change': 100, 'player_num': 1}
2022-11-11 18:49:44,815 : EventManager : Event: ======'machine_var_audits_switches_s_toplane3'====== Args={'value': 156, 'prev_value': 155, 'change': 1}
2022-11-11 18:49:44,815 : EventManager : Event: ======'player_shot_lane_top_3'====== Args={'value': 1, 'prev_value': 0, 'change': 1, 'player_num': 1}
2022-11-11 18:49:44,815 : EventManager : Event: ======'machine_var_audits_shots_lane_top_3'====== Args={'value': 148, 'prev_value': 147, 'change': 1}
2022-11-11 18:49:44,815 : EventManager : Event: ======'player_score'====== Args={'value': 14100, 'prev_value': 14000, 'change': 100, 'player_num': 1}
2022-11-11 18:49:44,815 : EventManager : Event: ======'player_score'====== Args={'value': 18100, 'prev_value': 14100, 'change': 4000, 'player_num': 1}
2022-11-11 18:49:44,815 : EventManager : Event: ======'slides_play'====== Args={'settings': {'lanes_top_complete_slide': {'target': 'Disp_Message', 'expire': 3.0, 'background_color': [0.0, 0.0, 0.0, 1.0], 'priority': None, 'show': True, 'force': False, 'slide': None, 'tokens': {}, 'action': 'play'}}, 'context': 'lanes', 'calling_context': 'lanes_top_complete', 'priority': 110, 'state': 'lit'}
2022-11-11 18:49:44,815 : EventManager : Event: ======'player_top_lane_hits'====== Args={'value': 5, 'prev_value': 4, 'change': 1, 'player_num': 1}
2022-11-11 18:49:44,815 : EventManager : Event: ======'player_pf_multiplier'====== Args={'value': 5, 'prev_value': 4, 'change': 1, 'player_num': 1}
2022-11-11 18:49:44,818 : mpfmc : SlidePlayer: Play called with settings={'lanes_top_complete_slide': {'target': 'Disp_Message', 'expire': 3.0, 'background_color': [0.0, 0.0, 0.0, 1.0], 'priority': None, 'show': True, 'force': False, 'slide': None, 'tokens': {}, 'action': 'play'}}
2022-11-11 18:49:44,818 : EventManager : Event: ======'slide_lanes_top_complete_slide_removed'====== Args={}
2022-11-11 18:49:44,824 : EventManager : Event: ======'slide_lanes_top_complete_slide_created'====== Args={}
2022-11-11 18:49:44,829 : EventManager : Event: ======'slide_lanes_top_complete_slide_active'====== Args={}
2022-11-11 18:49:45,812 : EventManager : Event: ======'player_shot_lane_top_1'====== Args={'value': 0, 'prev_value': 1, 'change': -1, 'player_num': 1}
2022-11-11 18:49:45,812 : EventManager : Event: ======'player_shot_lane_top_2'====== Args={'value': 0, 'prev_value': 1, 'change': -1, 'player_num': 1}
2022-11-11 18:49:45,812 : EventManager : Event: ======'player_shot_lane_top_3'====== Args={'value': 0, 'prev_value': 1, 'change': -1, 'player_num': 1}
2022-11-11 18:49:47,820 : EventManager : Event: ======'slide_lanes_top_complete_slide_removed'====== Args={}
2022-11-11 18:49:47,821 : EventManager : Event: ======'slide_empty_slide_active'====== Args={}
2022-11-11 18:50:11,304 : kivy : Base: Leaving application in progress...
2022-11-11 18:50:11,536 : mpfmc : Stopping...
2022-11-11 18:50:11,536 : EventManager : Event: ======'shutdown'====== Args={}
2022-11-11 18:50:11,537 : AudioInterface : Disabling audio playback
2022-11-11 18:50:11,537 : mpfmc : Loop rate 77.24 Hz
2022-11-11 18:50:11,537 : kivy : MC run loop ended.
2022-11-11 18:50:11,537 : kivy : Stopping child threads... (3 remaining)
2022-11-11 18:50:11,863 : mpfmc : Stopping...
2022-11-11 18:50:11,864 : EventManager : Event: ======'shutdown'====== Args={}
2022-11-11 18:50:11,864 : mpfmc : Loop rate 77.06 Hz
2022-11-11 18:50:11,874 : MPF-MC BCP Server : Stopping BCP sending thread
2022-11-11 18:50:11,971 : kivy : All child threads stopped.
