2022-09-25 09:09:34,069 : INFO : root : Loading config.
2022-09-25 09:09:34,072 : INFO : YamlMultifileConfigLoader : Machine config file #1: config.yaml
2022-09-25 09:09:34,073 : INFO : ConfigProcessor : Loading config from cache: C:\Users\dorus\AppData\Local\Temp\2aa88b27277c07e8e9106228acbc0797.mpf_cache
2022-09-25 09:09:34,173 : INFO : ConfigProcessor : Loading config from cache: C:\Users\dorus\AppData\Local\Temp\553e7233ea46a134f7d567bdaac0e3b0.mpf_cache
2022-09-25 09:09:34,174 : INFO : ConfigProcessor : Loading config from cache: C:\Users\dorus\AppData\Local\Temp\07260a180478ebbc8de8f5df7d20f47d.mpf_cache
2022-09-25 09:09:34,175 : INFO : ConfigProcessor : Loading config from cache: C:\Users\dorus\AppData\Local\Temp\997bf01789d16ed996f231036966dd64.mpf_cache
2022-09-25 09:09:34,175 : INFO : ConfigProcessor : Loading config from cache: C:\Users\dorus\AppData\Local\Temp\99703a5eb7b45595525b767565d37410.mpf_cache
2022-09-25 09:09:34,176 : WARNING : ConfigProcessor : Config file in cache changed: C:\pinball\Pinball-MPF\mpfv1\modes\lanes\config\lanes.yaml
2022-09-25 09:09:34,176 : INFO : ConfigProcessor : Loading config from file C:\pinball\Pinball-MPF\mpfv1\modes\lanes\config\lanes.yaml.
2022-09-25 09:09:34,193 : INFO : ConfigProcessor : Loading config: C:\pinball\Pinball-MPF\mpfv1\modes\lanes\config\lanes.yaml
2022-09-25 09:09:34,194 : INFO : ConfigProcessor : Config file cache created: C:\Users\dorus\AppData\Local\Temp\3bda3283678547d211760e16eb23b4da.mpf_cache
2022-09-25 09:09:34,195 : INFO : ConfigProcessor : Loading config from cache: C:\Users\dorus\AppData\Local\Temp\9bc560b11d83fb4ed736b388b885a5d3.mpf_cache
2022-09-25 09:09:34,196 : INFO : Machine : Mission Pinball Framework Core Engine v0.55.0
2022-09-25 09:09:34,196 : INFO : Machine : Command line arguments: {'no_load_cache': False, 'create_config_cache': True, 'bcp': True, 'configfile': ['config.yaml'], 'force_assets_load': False, 'jsonlogging': False, 'logfile': 'logs\\2022-09-25-09-09-34-mpf-LAPTOP-AS8QDAQG.log', 'pause': False, 'production': False, 'text_ui': True, 'loglevel': 15, 'consoleloglevel': 20, 'force_platform': None, 'syslog_address': None, 'mc_file_name': None, 'no_sound': False}
2022-09-25 09:09:34,196 : INFO : Machine : MPF path: c:\Users\dorus\AppData\Local\Programs\Python\Python38\lib\site-packages\mpf
2022-09-25 09:09:34,196 : INFO : Machine : Machine path: C:\pinball\Pinball-MPF\mpfv1
2022-09-25 09:09:34,196 : INFO : Machine : Platform: win32
2022-09-25 09:09:34,196 : INFO : Machine : Python executable location: c:\Users\dorus\AppData\Local\Programs\Python\Python38\python.exe
2022-09-25 09:09:34,196 : INFO : Machine : Python version: 3.8.10 (64-bit)
2022-09-25 09:09:34,198 : INFO : Machine : Initialise MPF.
2022-09-25 09:09:34,350 : INFO : OPP : Connecting to COM10 at 115200bps
2022-09-25 09:09:34,461 : INFO : OPP : Init of OPP board 0 done
2022-09-25 09:09:34,461 : INFO : OPP : Connecting to COM11 at 115200bps
2022-09-25 09:09:34,556 : INFO : OPP : Init of OPP board 1 done
2022-09-25 09:09:34,556 : INFO : OPP : Connecting to COM7 at 115200bps
2022-09-25 09:09:34,649 : INFO : OPP : Init of OPP board 2 done
2022-09-25 09:09:34,650 : INFO : EventManager : Event: ======'machine_var_credits_string'====== Args={'value': 'FREE PLAY', 'prev_value': None, 'change': True}
2022-09-25 09:09:34,714 : INFO : EventManager : Event: ======'machine_var_master_volume'====== Args={'value': 0.5, 'prev_value': None, 'change': True}
2022-09-25 09:09:34,714 : INFO : EventManager : Event: ======'machine_var_player1_score'====== Args={'value': 33100, 'prev_value': None, 'change': True}
2022-09-25 09:09:34,714 : INFO : EventManager : Event: ======'machine_var_mpf_version'====== Args={'value': 'MPF v0.55.0', 'prev_value': None, 'change': True}
2022-09-25 09:09:34,714 : INFO : EventManager : Event: ======'machine_var_mpf_extended_version'====== Args={'value': 'MPF v0.55.0, Config version:5, Show version: 5, BCP version:1.1', 'prev_value': None, 'change': True}
2022-09-25 09:09:34,714 : INFO : EventManager : Event: ======'machine_var_python_version'====== Args={'value': '3.8.10', 'prev_value': None, 'change': True}
2022-09-25 09:09:34,726 : INFO : EventManager : Event: ======'machine_var_platform'====== Args={'value': 'Windows-10-10.0.19044-SP0', 'prev_value': None, 'change': True}
2022-09-25 09:09:34,726 : INFO : EventManager : Event: ======'machine_var_platform_system'====== Args={'value': 'Windows', 'prev_value': None, 'change': True}
2022-09-25 09:09:34,726 : INFO : EventManager : Event: ======'machine_var_platform_release'====== Args={'value': '10', 'prev_value': None, 'change': True}
2022-09-25 09:09:34,726 : INFO : EventManager : Event: ======'machine_var_platform_version'====== Args={'value': '10.0.19044', 'prev_value': None, 'change': True}
2022-09-25 09:09:34,726 : INFO : EventManager : Event: ======'machine_var_platform_machine'====== Args={'value': 'AMD64', 'prev_value': None, 'change': True}
2022-09-25 09:09:34,726 : INFO : EventManager : Event: ======'init_phase_1'====== Args={}
2022-09-25 09:09:34,755 : INFO : EventManager : Event: ======'drop_target_bank_db_dropbank_up'====== Args={}
2022-09-25 09:09:34,756 : INFO : EventManager : Event: ======'init_phase_2'====== Args={}
2022-09-25 09:09:34,757 : INFO : SwitchController : Found active switch: ('2-0-25', <Platform.OPP>) <switch.s_trough_jam>
2022-09-25 09:09:34,757 : INFO : SwitchController : Found active switch: ('2-1-26', <Platform.OPP>) <switch.s_drop2>
2022-09-25 09:09:34,757 : INFO : SwitchController : Found active switch: ('2-1-27', <Platform.OPP>) <switch.s_drop3>
2022-09-25 09:09:34,762 : INFO : EventManager : Event: ======'bcp_connection_attempt'====== Args={'name': 'local_display', 'host': 'localhost', 'port': 5050}
2022-09-25 09:09:34,764 : INFO : BCPClientSocket : Connecting BCP to 'local_display' at localhost:5050...
2022-09-25 09:09:36,821 : INFO : BCPClientSocket : Connected BCP to 'local_display' localhost:5050
2022-09-25 09:09:36,822 : INFO : EventManager : Event: ======'bcp_clients_connected'====== Args={}
2022-09-25 09:09:36,837 : INFO : ball_device.bd_trough : BCH: Count is unstable. Trying to reorder balls.
2022-09-25 09:09:36,837 : WARNING : ball_device.bd_trough : Cannot reorder device because eject_coil_reorder_pulse is not configured
2022-09-25 09:09:36,837 : INFO : ball_device.bd_trough : BCH: Repulse done. Waiting for balls to settle.
2022-09-25 09:09:36,837 : INFO : ball_device.bd_trough : BCH: Initial count: 1
2022-09-25 09:09:36,838 : INFO : EventManager : Event: ======'machine_var_mc_version'====== Args={'value': 'MPF-MC v0.55.0', 'prev_value': None, 'change': True}
2022-09-25 09:09:36,839 : INFO : EventManager : Event: ======'machine_var_mc_extended_version'====== Args={'value': 'MPF-MC v0.55.0 (config_version=5, BCP v1.1, Requires MPF v0.55.0-dev.49)', 'prev_value': None, 'change': True}
2022-09-25 09:09:36,842 : INFO : ball_device.bd_trough : State: idle
2022-09-25 09:09:36,851 : INFO : ball_device.bd_plunger : BCH: Initial count: 0
2022-09-25 09:09:36,852 : INFO : ball_device.bd_plunger : State: idle
2022-09-25 09:09:36,852 : INFO : ball_device.bd_vukmid : BCH: Initial count: 0
2022-09-25 09:09:36,853 : INFO : ball_device.bd_vukmid : State: idle
2022-09-25 09:09:36,854 : INFO : ball_device.bd_vuktop : BCH: Initial count: 0
2022-09-25 09:09:36,854 : INFO : ball_device.bd_vuktop : State: idle
2022-09-25 09:09:36,943 : INFO : EventManager : Event: ======'init_phase_3'====== Args={}
2022-09-25 09:09:36,947 : ERROR : asyncio : Exception in callback EventManager._queue_task_done(<Task finishe...lights None')>)
handle: <Handle EventManager._queue_task_done(<Task finishe...lights None')>)>
Traceback (most recent call last):
  File "c:\Users\dorus\AppData\Local\Programs\Python\Python38\lib\asyncio\events.py", line 81, in _run
    self._context.run(self._callback, *self._args)
  File "c:\Users\dorus\AppData\Local\Programs\Python\Python38\lib\site-packages\mpf\core\events.py", line 728, in _queue_task_done
    future.result()
  File "c:\Users\dorus\AppData\Local\Programs\Python\Python38\lib\site-packages\mpf\core\events.py", line 645, in _run_handlers_sequential
    handler.callback(queue=queue, **merged_kwargs)
  File "c:\Users\dorus\AppData\Local\Programs\Python\Python38\lib\site-packages\mpf\core\show_controller.py", line 52, in _load_shows
    self.machine.shows[show_name].load(show_config)
  File "c:\Users\dorus\AppData\Local\Programs\Python\Python38\lib\site-packages\mpf\assets\show.py", line 171, in load
    self._process_step_actions(step, actions)
  File "c:\Users\dorus\AppData\Local\Programs\Python\Python38\lib\site-packages\mpf\assets\show.py", line 198, in _process_step_actions
    self.machine.show_controller.show_players[key].validate_config_entry(value, self.name)
  File "c:\Users\dorus\AppData\Local\Programs\Python\Python38\lib\site-packages\mpf\config_players\device_config_player.py", line 44, in validate_config_entry
    raise AssertionError(
AssertionError: Invalid settings for player top_lane_show:lights None
2022-09-25 09:09:36,949 : INFO : Machine : Starting the main run loop.
2022-09-25 09:09:36,954 : INFO : Machine : Shutting down...
2022-09-25 09:09:36,955 : INFO : EventManager : Event: ======'shutdown'====== Args={}
2022-09-25 09:09:36,958 : ERROR : OPP : Stop called on serial connection COM10
2022-09-25 09:09:36,959 : ERROR : OPP : Stop called on serial connection COM11
2022-09-25 09:09:36,960 : ERROR : OPP : Stop called on serial connection COM7
2022-09-25 09:09:36,965 : ERROR : Machine : Runtime Exception
Traceback (most recent call last):
  File "c:\Users\dorus\AppData\Local\Programs\Python\Python38\lib\site-packages\mpf\core\machine.py", line 769, in _run_loop
    raise self._exception['exception']
  File "c:\Users\dorus\AppData\Local\Programs\Python\Python38\lib\asyncio\events.py", line 81, in _run
    self._context.run(self._callback, *self._args)
  File "c:\Users\dorus\AppData\Local\Programs\Python\Python38\lib\site-packages\mpf\core\events.py", line 728, in _queue_task_done
    future.result()
  File "c:\Users\dorus\AppData\Local\Programs\Python\Python38\lib\site-packages\mpf\core\events.py", line 645, in _run_handlers_sequential
    handler.callback(queue=queue, **merged_kwargs)
  File "c:\Users\dorus\AppData\Local\Programs\Python\Python38\lib\site-packages\mpf\core\show_controller.py", line 52, in _load_shows
    self.machine.shows[show_name].load(show_config)
  File "c:\Users\dorus\AppData\Local\Programs\Python\Python38\lib\site-packages\mpf\assets\show.py", line 171, in load
    self._process_step_actions(step, actions)
  File "c:\Users\dorus\AppData\Local\Programs\Python\Python38\lib\site-packages\mpf\assets\show.py", line 198, in _process_step_actions
    self.machine.show_controller.show_players[key].validate_config_entry(value, self.name)
  File "c:\Users\dorus\AppData\Local\Programs\Python\Python38\lib\site-packages\mpf\config_players\device_config_player.py", line 44, in validate_config_entry
    raise AssertionError(
AssertionError: Invalid settings for player top_lane_show:lights None
2022-09-25 09:09:37,104 : INFO : crash_reporter : Will not report crash as "report_crashes" mode is "never"
2022-09-25 09:09:37,105 : INFO : root : MPF run loop ended.
