2022-10-23 15:08:04,559 : INFO : root : Loading config.
2022-10-23 15:08:04,564 : INFO : YamlMultifileConfigLoader : Machine config file #1: config.yaml
2022-10-23 15:08:04,564 : INFO : ConfigProcessor : Loading config from cache: C:\Users\dorus\AppData\Local\Temp\e2a46ea082c19f5103dd0f83869ccd8e.mpf_cache
2022-10-23 15:08:04,572 : WARNING : ConfigProcessor : Config file in cache changed: C:\Users\dorus\OneDrive\Documents\Pinball\Github\Pinball-MPF\mpfv1\config\display.yaml
2022-10-23 15:08:04,573 : INFO : ConfigProcessor : Loading config from file C:\Users\dorus\AppData\Local\Programs\Python\Python38\lib\site-packages\mpf\mpfconfig.yaml.
2022-10-23 15:08:04,650 : INFO : ConfigProcessor : Loading config: C:\Users\dorus\AppData\Local\Programs\Python\Python38\lib\site-packages\mpf\mpfconfig.yaml
2022-10-23 15:08:04,651 : INFO : ConfigProcessor : Loading config from file C:\Users\dorus\OneDrive\Documents\Pinball\Github\Pinball-MPF\mpfv1\config\config.yaml.
2022-10-23 15:08:04,656 : INFO : ConfigProcessor : Loading config: C:\Users\dorus\OneDrive\Documents\Pinball\Github\Pinball-MPF\mpfv1\config\config.yaml
2022-10-23 15:08:04,691 : INFO : ConfigProcessor : Loading config: C:\Users\dorus\OneDrive\Documents\Pinball\Github\Pinball-MPF\mpfv1\config\hardware.yaml
2022-10-23 15:08:04,701 : INFO : ConfigProcessor : Loading config: C:\Users\dorus\OneDrive\Documents\Pinball\Github\Pinball-MPF\mpfv1\config\sounds.yaml
2022-10-23 15:08:04,716 : INFO : ConfigProcessor : Loading config: C:\Users\dorus\OneDrive\Documents\Pinball\Github\Pinball-MPF\mpfv1\config\display.yaml
2022-10-23 15:08:04,725 : INFO : ConfigProcessor : Loading config: C:\Users\dorus\OneDrive\Documents\Pinball\Github\Pinball-MPF\mpfv1\config\keyboard.yaml
2022-10-23 15:08:04,749 : INFO : ConfigProcessor : Loading config: C:\Users\dorus\OneDrive\Documents\Pinball\Github\Pinball-MPF\mpfv1\config\slides.yaml
2022-10-23 15:08:04,753 : INFO : ConfigProcessor : Loading config: C:\Users\dorus\OneDrive\Documents\Pinball\Github\Pinball-MPF\mpfv1\config\light_shows.yaml
2022-10-23 15:08:04,757 : INFO : ConfigProcessor : Config file cache created: C:\Users\dorus\AppData\Local\Temp\e2a46ea082c19f5103dd0f83869ccd8e.mpf_cache
2022-10-23 15:08:04,848 : INFO : ConfigProcessor : Loading config from cache: C:\Users\dorus\AppData\Local\Temp\69e5e641cece6cfbb9f28306d01595e4.mpf_cache
2022-10-23 15:08:04,849 : INFO : ConfigProcessor : Loading config from cache: C:\Users\dorus\AppData\Local\Temp\336e6d2601ccb63523c70814805acbf1.mpf_cache
2022-10-23 15:08:04,849 : INFO : ConfigProcessor : Loading config from cache: C:\Users\dorus\AppData\Local\Temp\8f8558ef7eb783a34103d845cb15f27a.mpf_cache
2022-10-23 15:08:04,851 : INFO : ConfigProcessor : Loading config from cache: C:\Users\dorus\AppData\Local\Temp\3f4ec0fd6e14e835699e1ee64ae7815f.mpf_cache
2022-10-23 15:08:04,852 : INFO : ConfigProcessor : Loading config from cache: C:\Users\dorus\AppData\Local\Temp\07450fdcdb716b1c510f1f1f728b03da.mpf_cache
2022-10-23 15:08:04,853 : INFO : ConfigProcessor : Loading config from cache: C:\Users\dorus\AppData\Local\Temp\26dc7d91d16a8c3848757fce5df95f92.mpf_cache
2022-10-23 15:08:04,854 : INFO : ConfigProcessor : Loading config from cache: C:\Users\dorus\AppData\Local\Temp\e142fb215d63411261522b102b5844f9.mpf_cache
2022-10-23 15:08:04,854 : INFO : Machine : Mission Pinball Framework Core Engine v0.55.0
2022-10-23 15:08:04,854 : INFO : Machine : Command line arguments: {'no_load_cache': False, 'create_config_cache': True, 'bcp': True, 'configfile': ['config.yaml'], 'force_assets_load': False, 'jsonlogging': False, 'logfile': 'logs\\2022-10-23-15-08-04-mpf-LAPTOP-AS8QDAQG.log', 'pause': False, 'production': False, 'text_ui': True, 'loglevel': 15, 'consoleloglevel': 20, 'force_platform': 'smart_virtual', 'syslog_address': None, 'mc_file_name': None, 'no_sound': False}
2022-10-23 15:08:04,854 : INFO : Machine : MPF path: C:\Users\dorus\AppData\Local\Programs\Python\Python38\lib\site-packages\mpf
2022-10-23 15:08:04,855 : INFO : Machine : Machine path: C:\Users\dorus\OneDrive\Documents\Pinball\Github\Pinball-MPF\mpfv1
2022-10-23 15:08:04,855 : INFO : Machine : Platform: win32
2022-10-23 15:08:04,855 : INFO : Machine : Python executable location: C:\Users\dorus\AppData\Local\Programs\Python\Python38\python.exe
2022-10-23 15:08:04,855 : INFO : Machine : Python version: 3.8.10 (64-bit)
2022-10-23 15:08:04,856 : INFO : Machine : Initialise MPF.
2022-10-23 15:08:05,013 : INFO : EventManager : Event: ======'machine_var_credits_string'====== Args={'value': 'FREE PLAY', 'prev_value': None, 'change': True}
2022-10-23 15:08:05,066 : INFO : EventManager : Event: ======'machine_var_master_volume'====== Args={'value': 0.5, 'prev_value': None, 'change': True}
2022-10-23 15:08:05,066 : INFO : EventManager : Event: ======'machine_var_player1_score'====== Args={'value': 0, 'prev_value': None, 'change': True}
2022-10-23 15:08:05,066 : INFO : EventManager : Event: ======'machine_var_mpf_version'====== Args={'value': 'MPF v0.55.0', 'prev_value': None, 'change': True}
2022-10-23 15:08:05,066 : INFO : EventManager : Event: ======'machine_var_mpf_extended_version'====== Args={'value': 'MPF v0.55.0, Config version:5, Show version: 5, BCP version:1.1', 'prev_value': None, 'change': True}
2022-10-23 15:08:05,066 : INFO : EventManager : Event: ======'machine_var_python_version'====== Args={'value': '3.8.10', 'prev_value': None, 'change': True}
2022-10-23 15:08:05,078 : INFO : EventManager : Event: ======'machine_var_platform'====== Args={'value': 'Windows-10-10.0.19044-SP0', 'prev_value': None, 'change': True}
2022-10-23 15:08:05,078 : INFO : EventManager : Event: ======'machine_var_platform_system'====== Args={'value': 'Windows', 'prev_value': None, 'change': True}
2022-10-23 15:08:05,078 : INFO : EventManager : Event: ======'machine_var_platform_release'====== Args={'value': '10', 'prev_value': None, 'change': True}
2022-10-23 15:08:05,078 : INFO : EventManager : Event: ======'machine_var_platform_version'====== Args={'value': '10.0.19044', 'prev_value': None, 'change': True}
2022-10-23 15:08:05,078 : INFO : EventManager : Event: ======'machine_var_platform_machine'====== Args={'value': 'AMD64', 'prev_value': None, 'change': True}
2022-10-23 15:08:05,078 : INFO : EventManager : Event: ======'init_phase_1'====== Args={}
2022-10-23 15:08:05,098 : INFO : EventManager : Event: ======'drop_target_bank_db_dropbank_up'====== Args={}
2022-10-23 15:08:05,101 : INFO : EventManager : Event: ======'init_phase_2'====== Args={}
2022-10-23 15:08:05,101 : INFO : SwitchController : Found active switch: ('2-0-19', <Platform.SmartVirtual>) <switch.s_trough1>
2022-10-23 15:08:05,101 : INFO : SwitchController : Found active switch: ('2-0-20', <Platform.SmartVirtual>) <switch.s_trough2>
2022-10-23 15:08:05,101 : INFO : SwitchController : Found active switch: ('2-0-21', <Platform.SmartVirtual>) <switch.s_trough3>
2022-10-23 15:08:05,101 : INFO : SwitchController : Found active switch: ('2-0-22', <Platform.SmartVirtual>) <switch.s_trough4>
2022-10-23 15:08:05,105 : INFO : EventManager : Event: ======'bcp_connection_attempt'====== Args={'name': 'local_display', 'host': 'localhost', 'port': 5050}
2022-10-23 15:08:05,107 : INFO : BCPClientSocket : Connecting BCP to 'local_display' at localhost:5050...
2022-10-23 15:08:09,177 : INFO : BCPClientSocket : Connected BCP to 'local_display' localhost:5050
2022-10-23 15:08:09,178 : INFO : EventManager : Event: ======'bcp_clients_connected'====== Args={}
2022-10-23 15:08:09,187 : INFO : ball_device.bd_trough : BCH: Initial count: 4
2022-10-23 15:08:09,188 : INFO : EventManager : Event: ======'machine_var_mc_version'====== Args={'value': 'MPF-MC v0.55.0', 'prev_value': None, 'change': True}
2022-10-23 15:08:09,189 : INFO : EventManager : Event: ======'machine_var_mc_extended_version'====== Args={'value': 'MPF-MC v0.55.0 (config_version=5, BCP v1.1, Requires MPF v0.55.0-dev.49)', 'prev_value': None, 'change': True}
2022-10-23 15:08:09,192 : INFO : ball_device.bd_trough : State: idle
2022-10-23 15:08:09,205 : INFO : ball_device.bd_plunger : BCH: Initial count: 0
2022-10-23 15:08:09,205 : INFO : ball_device.bd_plunger : State: idle
2022-10-23 15:08:09,206 : INFO : ball_device.bd_vukmid : BCH: Initial count: 0
2022-10-23 15:08:09,206 : INFO : ball_device.bd_vukmid : State: idle
2022-10-23 15:08:09,207 : INFO : ball_device.bd_vuktop : BCH: Initial count: 0
2022-10-23 15:08:09,207 : INFO : ball_device.bd_vuktop : State: idle
2022-10-23 15:08:09,302 : INFO : EventManager : Event: ======'init_phase_3'====== Args={}
2022-10-23 15:08:09,306 : INFO : EventManager : Event: ======'init_phase_4'====== Args={}
2022-10-23 15:08:09,307 : INFO : EventManager : Event: ======'playfield_active'====== Args={}
2022-10-23 15:08:09,307 : INFO : EventManager : Event: ======'unexpected_ball_on_playfield'====== Args={}
2022-10-23 15:08:09,307 : INFO : EventManager : Event: ======'playfield_active'====== Args={}
2022-10-23 15:08:09,307 : INFO : EventManager : Event: ======'unexpected_ball_on_playfield'====== Args={}
2022-10-23 15:08:09,307 : INFO : EventManager : Event: ======'playfield_active'====== Args={}
2022-10-23 15:08:09,307 : INFO : EventManager : Event: ======'unexpected_ball_on_playfield'====== Args={}
2022-10-23 15:08:09,307 : INFO : BallController : Initial balls found: 4
2022-10-23 15:08:09,309 : INFO : EventManager : Event: ======'machine_var_audits_events_game_ended'====== Args={'value': 0, 'prev_value': None, 'change': True}
2022-10-23 15:08:09,310 : INFO : EventManager : Event: ======'machine_var_audits_events_game_started'====== Args={'value': 0, 'prev_value': None, 'change': True}
2022-10-23 15:08:09,310 : INFO : EventManager : Event: ======'machine_var_audits_player_score'====== Args={'value': {'average': 23622.222222222223, 'top': [41000, 33100, 31800, 31200, 27600, 20200, 17500, 10200, 0], 'total': 9}, 'prev_value': None, 'change': True}
2022-10-23 15:08:09,310 : INFO : EventManager : Event: ======'machine_var_audits_shots_lane_top_1'====== Args={'value': 132, 'prev_value': None, 'change': True}
2022-10-23 15:08:09,310 : INFO : EventManager : Event: ======'machine_var_audits_shots_lane_top_2'====== Args={'value': 124, 'prev_value': None, 'change': True}
2022-10-23 15:08:09,311 : INFO : EventManager : Event: ======'machine_var_audits_shots_lane_top_3'====== Args={'value': 104, 'prev_value': None, 'change': True}
2022-10-23 15:08:09,311 : INFO : EventManager : Event: ======'machine_var_audits_shots_orbit'====== Args={'value': 23, 'prev_value': None, 'change': True}
2022-10-23 15:08:09,311 : INFO : EventManager : Event: ======'machine_var_audits_shots_spinner'====== Args={'value': 178, 'prev_value': None, 'change': True}
2022-10-23 15:08:09,311 : INFO : EventManager : Event: ======'machine_var_audits_switches_s_bottomlane1'====== Args={'value': 15, 'prev_value': None, 'change': True}
2022-10-23 15:08:09,312 : INFO : EventManager : Event: ======'machine_var_audits_switches_s_bottomlane2'====== Args={'value': 28, 'prev_value': None, 'change': True}
2022-10-23 15:08:09,312 : INFO : EventManager : Event: ======'machine_var_audits_switches_s_bottomlane3'====== Args={'value': 51, 'prev_value': None, 'change': True}
2022-10-23 15:08:09,312 : INFO : EventManager : Event: ======'machine_var_audits_switches_s_bottomlane4'====== Args={'value': 33, 'prev_value': None, 'change': True}
2022-10-23 15:08:09,312 : INFO : EventManager : Event: ======'machine_var_audits_switches_s_bottomlane5'====== Args={'value': 13, 'prev_value': None, 'change': True}
2022-10-23 15:08:09,312 : INFO : EventManager : Event: ======'machine_var_audits_switches_s_drop1'====== Args={'value': 35, 'prev_value': None, 'change': True}
2022-10-23 15:08:09,313 : INFO : EventManager : Event: ======'machine_var_audits_switches_s_drop2'====== Args={'value': 17, 'prev_value': None, 'change': True}
2022-10-23 15:08:09,313 : INFO : EventManager : Event: ======'machine_var_audits_switches_s_drop3'====== Args={'value': 15, 'prev_value': None, 'change': True}
2022-10-23 15:08:09,313 : INFO : EventManager : Event: ======'machine_var_audits_switches_s_launch'====== Args={'value': 11, 'prev_value': None, 'change': True}
2022-10-23 15:08:09,313 : INFO : EventManager : Event: ======'machine_var_audits_switches_s_left01'====== Args={'value': 26, 'prev_value': None, 'change': True}
2022-10-23 15:08:09,314 : INFO : EventManager : Event: ======'machine_var_audits_switches_s_left02'====== Args={'value': 27, 'prev_value': None, 'change': True}
2022-10-23 15:08:09,314 : INFO : EventManager : Event: ======'machine_var_audits_switches_s_left03'====== Args={'value': 20, 'prev_value': None, 'change': True}
2022-10-23 15:08:09,314 : INFO : EventManager : Event: ======'machine_var_audits_switches_s_left_sling'====== Args={'value': 62, 'prev_value': None, 'change': True}
2022-10-23 15:08:09,315 : INFO : EventManager : Event: ======'machine_var_audits_switches_s_orbit1'====== Args={'value': 45, 'prev_value': None, 'change': True}
2022-10-23 15:08:09,315 : INFO : EventManager : Event: ======'machine_var_audits_switches_s_orbit2'====== Args={'value': 0, 'prev_value': None, 'change': True}
2022-10-23 15:08:09,315 : INFO : EventManager : Event: ======'machine_var_audits_switches_s_plunger_lane'====== Args={'value': 104, 'prev_value': None, 'change': True}
2022-10-23 15:08:09,316 : INFO : EventManager : Event: ======'machine_var_audits_switches_s_popbumber_1'====== Args={'value': 58, 'prev_value': None, 'change': True}
2022-10-23 15:08:09,316 : INFO : EventManager : Event: ======'machine_var_audits_switches_s_popbumber_2'====== Args={'value': 94, 'prev_value': None, 'change': True}
2022-10-23 15:08:09,317 : INFO : EventManager : Event: ======'machine_var_audits_switches_s_popbumber_3'====== Args={'value': 60, 'prev_value': None, 'change': True}
2022-10-23 15:08:09,317 : INFO : EventManager : Event: ======'machine_var_audits_switches_s_ramp'====== Args={'value': 38, 'prev_value': None, 'change': True}
2022-10-23 15:08:09,317 : INFO : EventManager : Event: ======'machine_var_audits_switches_s_right_sling'====== Args={'value': 117, 'prev_value': None, 'change': True}
2022-10-23 15:08:09,317 : INFO : EventManager : Event: ======'machine_var_audits_switches_s_rigth01'====== Args={'value': 59, 'prev_value': None, 'change': True}
2022-10-23 15:08:09,317 : INFO : EventManager : Event: ======'machine_var_audits_switches_s_rigth02'====== Args={'value': 24, 'prev_value': None, 'change': True}
2022-10-23 15:08:09,318 : INFO : EventManager : Event: ======'machine_var_audits_switches_s_rigth03'====== Args={'value': 15, 'prev_value': None, 'change': True}
2022-10-23 15:08:09,318 : INFO : EventManager : Event: ======'machine_var_audits_switches_s_spinner'====== Args={'value': 271, 'prev_value': None, 'change': True}
2022-10-23 15:08:09,318 : INFO : EventManager : Event: ======'machine_var_audits_switches_s_start'====== Args={'value': 1, 'prev_value': None, 'change': True}
2022-10-23 15:08:09,319 : INFO : EventManager : Event: ======'machine_var_audits_switches_s_top'====== Args={'value': 11, 'prev_value': None, 'change': True}
2022-10-23 15:08:09,319 : INFO : EventManager : Event: ======'machine_var_audits_switches_s_toplane1'====== Args={'value': 219, 'prev_value': None, 'change': True}
2022-10-23 15:08:09,319 : INFO : EventManager : Event: ======'machine_var_audits_switches_s_toplane2'====== Args={'value': 131, 'prev_value': None, 'change': True}
2022-10-23 15:08:09,320 : INFO : EventManager : Event: ======'machine_var_audits_switches_s_toplane3'====== Args={'value': 111, 'prev_value': None, 'change': True}
2022-10-23 15:08:09,320 : INFO : EventManager : Event: ======'machine_var_audits_switches_s_trough1'====== Args={'value': 32, 'prev_value': None, 'change': True}
2022-10-23 15:08:09,320 : INFO : EventManager : Event: ======'machine_var_audits_switches_s_trough2'====== Args={'value': 35, 'prev_value': None, 'change': True}
2022-10-23 15:08:09,321 : INFO : EventManager : Event: ======'machine_var_audits_switches_s_trough3'====== Args={'value': 27, 'prev_value': None, 'change': True}
2022-10-23 15:08:09,321 : INFO : EventManager : Event: ======'machine_var_audits_switches_s_trough4'====== Args={'value': 40, 'prev_value': None, 'change': True}
2022-10-23 15:08:09,321 : INFO : EventManager : Event: ======'machine_var_audits_switches_s_trough5'====== Args={'value': 27, 'prev_value': None, 'change': True}
2022-10-23 15:08:09,322 : INFO : EventManager : Event: ======'machine_var_audits_switches_s_trough6'====== Args={'value': 24, 'prev_value': None, 'change': True}
2022-10-23 15:08:09,322 : INFO : EventManager : Event: ======'machine_var_audits_switches_s_trough_jam'====== Args={'value': 27, 'prev_value': None, 'change': True}
2022-10-23 15:08:09,322 : INFO : EventManager : Event: ======'machine_var_audits_switches_s_vukmid'====== Args={'value': 47, 'prev_value': None, 'change': True}
2022-10-23 15:08:09,323 : INFO : EventManager : Event: ======'machine_var_audits_switches_s_vuktop'====== Args={'value': 15, 'prev_value': None, 'change': True}
2022-10-23 15:08:09,324 : INFO : EventManager : Event: ======'init_phase_5'====== Args={}
2022-10-23 15:08:09,337 : INFO : EventManager : Event: ======'init_done'====== Args={}
2022-10-23 15:08:09,338 : INFO : EventManager : Event: ======'machine_reset_phase_1'====== Args={}
2022-10-23 15:08:09,344 : INFO : EventManager : Event: ======'machine_reset_phase_2'====== Args={}
2022-10-23 15:08:09,345 : INFO : EventManager : Event: ======'machine_reset_phase_3'====== Args={}
2022-10-23 15:08:09,345 : INFO : drop_target_bank.db_dropbank : All targets are already up. Will not reset bank.
2022-10-23 15:08:09,345 : INFO : EventManager : Event: ======'reset_complete'====== Args={}
2022-10-23 15:08:09,345 : INFO : EventManager : Event: ======'mode_attract_will_start'====== Args={}
2022-10-23 15:08:09,346 : INFO : EventManager : Event: ======'mode_attract_starting'====== Args={}
2022-10-23 15:08:09,346 : INFO : Mode.attract : Started. Priority: 10
2022-10-23 15:08:09,346 : INFO : EventManager : Event: ======'modes_active_modes_changed'====== Args={}
2022-10-23 15:08:09,346 : INFO : EventManager : Event: ======'mode_attract_started'====== Args={}
2022-10-23 15:08:09,347 : INFO : EventManager : Event: ======'collecting_balls_complete'====== Args={}
2022-10-23 15:08:09,369 : INFO : EventManager : Event: ======'slide_layout_main_created'====== Args={'_from_bcp': True}
2022-10-23 15:08:09,369 : INFO : Machine : Starting the main run loop.
2022-10-23 15:08:09,374 : INFO : EventManager : Event: ======'slide_empty_slide_created'====== Args={'_from_bcp': True}
2022-10-23 15:08:09,378 : INFO : EventManager : Event: ======'slide_empty_slide_created'====== Args={'_from_bcp': True}
2022-10-23 15:08:09,382 : INFO : EventManager : Event: ======'slide_empty_slide_created'====== Args={'_from_bcp': True}
2022-10-23 15:08:09,387 : INFO : EventManager : Event: ======'slide_press_start_created'====== Args={'_from_bcp': True}
2022-10-23 15:08:09,391 : INFO : EventManager : Event: ======'slide_empty_slide_created'====== Args={'_from_bcp': True}
2022-10-23 15:08:09,396 : INFO : EventManager : Event: ======'slide_Title_slide_created'====== Args={'_from_bcp': True}
2022-10-23 15:08:09,400 : INFO : EventManager : Event: ======'slide_empty_slide_created'====== Args={'_from_bcp': True}
2022-10-23 15:08:09,413 : INFO : EventManager : Event: ======'slide_layout_main_active'====== Args={'_from_bcp': True}
2022-10-23 15:08:09,438 : INFO : EventManager : Event: ======'slide_empty_slide_active'====== Args={'_from_bcp': True}
2022-10-23 15:08:09,439 : INFO : EventManager : Event: ======'slide_empty_slide_active'====== Args={'_from_bcp': True}
2022-10-23 15:08:09,440 : INFO : EventManager : Event: ======'slide_empty_slide_active'====== Args={'_from_bcp': True}
2022-10-23 15:08:09,441 : INFO : EventManager : Event: ======'slide_press_start_active'====== Args={'_from_bcp': True}
2022-10-23 15:08:09,442 : INFO : EventManager : Event: ======'slide_empty_slide_active'====== Args={'_from_bcp': True}
2022-10-23 15:08:09,443 : INFO : EventManager : Event: ======'slide_Title_slide_active'====== Args={'_from_bcp': True}
2022-10-23 15:08:09,444 : INFO : EventManager : Event: ======'slide_empty_slide_active'====== Args={'_from_bcp': True}
2022-10-23 15:08:09,773 : INFO : BcpServer : New client connected.
2022-10-23 15:08:18,097 : INFO : SwitchController : <<<<<<< 's_start' active >>>>>>>
2022-10-23 15:08:36,179 : INFO : Machine : Shutting down...
2022-10-23 15:08:36,180 : INFO : EventManager : Event: ======'shutdown'====== Args={}
2022-10-23 15:08:36,186 : INFO : root : MPF run loop ended.
