2022-09-11 11:13:12,899 : INFO : root : Loading config.
2022-09-11 11:13:12,902 : INFO : YamlMultifileConfigLoader : Machine config file #1: config.yaml
2022-09-11 11:13:12,904 : INFO : ConfigProcessor : Loading config from cache: C:\Users\dorus\AppData\Local\Temp\0aa359e6326ef14bcc36d32fc9dec35b.mpf_cache
2022-09-11 11:13:13,000 : INFO : ConfigProcessor : Loading config from cache: C:\Users\dorus\AppData\Local\Temp\5eb3439dbf16142704b5198a23e9a58c.mpf_cache
2022-09-11 11:13:13,000 : INFO : ConfigProcessor : Loading config from cache: C:\Users\dorus\AppData\Local\Temp\336e6d2601ccb63523c70814805acbf1.mpf_cache
2022-09-11 11:13:13,001 : INFO : ConfigProcessor : Loading config from cache: C:\Users\dorus\AppData\Local\Temp\d4952d0b9ea6ba2ec58a4f9adbee2d8a.mpf_cache
2022-09-11 11:13:13,002 : INFO : ConfigProcessor : Loading config from cache: C:\Users\dorus\AppData\Local\Temp\f88a77831ebd1fc65525f08072013dbd.mpf_cache
2022-09-11 11:13:13,002 : INFO : Machine : Mission Pinball Framework Core Engine v0.55.0
2022-09-11 11:13:13,002 : INFO : Machine : Command line arguments: {'no_load_cache': False, 'create_config_cache': True, 'bcp': True, 'configfile': ['config.yaml'], 'force_assets_load': False, 'jsonlogging': False, 'logfile': 'logs\\2022-09-11-11-13-12-mpf-LAPTOP-AS8QDAQG.log', 'pause': False, 'production': False, 'text_ui': True, 'loglevel': 15, 'consoleloglevel': 20, 'force_platform': None, 'syslog_address': None, 'mc_file_name': None, 'no_sound': False}
2022-09-11 11:13:13,002 : INFO : Machine : MPF path: C:\Users\dorus\AppData\Local\Programs\Python\Python38\lib\site-packages\mpf
2022-09-11 11:13:13,003 : INFO : Machine : Machine path: C:\pinball\mpfv1
2022-09-11 11:13:13,003 : INFO : Machine : Platform: win32
2022-09-11 11:13:13,003 : INFO : Machine : Python executable location: C:\Users\dorus\AppData\Local\Programs\Python\Python38\python.exe
2022-09-11 11:13:13,003 : INFO : Machine : Python version: 3.8.10 (64-bit)
2022-09-11 11:13:13,004 : INFO : Machine : Initialise MPF.
2022-09-11 11:13:13,150 : INFO : OPP : Connecting to COM7 at 115200bps
2022-09-11 11:13:13,242 : INFO : OPP : Init of OPP board COM7 done
2022-09-11 11:13:13,243 : INFO : EventManager : Event: ======'machine_var_credits_string'====== Args={'value': 'FREE PLAY', 'prev_value': None, 'change': True}
2022-09-11 11:13:13,299 : INFO : EventManager : Event: ======'machine_var_master_volume'====== Args={'value': 0.5, 'prev_value': None, 'change': True}
2022-09-11 11:13:13,299 : INFO : EventManager : Event: ======'machine_var_player1_score'====== Args={'value': 39900, 'prev_value': None, 'change': True}
2022-09-11 11:13:13,299 : INFO : EventManager : Event: ======'machine_var_mpf_version'====== Args={'value': 'MPF v0.55.0', 'prev_value': None, 'change': True}
2022-09-11 11:13:13,299 : INFO : EventManager : Event: ======'machine_var_mpf_extended_version'====== Args={'value': 'MPF v0.55.0, Config version:5, Show version: 5, BCP version:1.1', 'prev_value': None, 'change': True}
2022-09-11 11:13:13,300 : INFO : EventManager : Event: ======'machine_var_python_version'====== Args={'value': '3.8.10', 'prev_value': None, 'change': True}
2022-09-11 11:13:13,310 : INFO : EventManager : Event: ======'machine_var_platform'====== Args={'value': 'Windows-10-10.0.19044-SP0', 'prev_value': None, 'change': True}
2022-09-11 11:13:13,310 : INFO : EventManager : Event: ======'machine_var_platform_system'====== Args={'value': 'Windows', 'prev_value': None, 'change': True}
2022-09-11 11:13:13,310 : INFO : EventManager : Event: ======'machine_var_platform_release'====== Args={'value': '10', 'prev_value': None, 'change': True}
2022-09-11 11:13:13,310 : INFO : EventManager : Event: ======'machine_var_platform_version'====== Args={'value': '10.0.19044', 'prev_value': None, 'change': True}
2022-09-11 11:13:13,310 : INFO : EventManager : Event: ======'machine_var_platform_machine'====== Args={'value': 'AMD64', 'prev_value': None, 'change': True}
2022-09-11 11:13:13,310 : INFO : EventManager : Event: ======'init_phase_1'====== Args={}
2022-09-11 11:13:13,330 : INFO : EventManager : Event: ======'drop_target_bank_db_dropbank_up'====== Args={}
2022-09-11 11:13:13,331 : INFO : EventManager : Event: ======'init_phase_2'====== Args={}
2022-09-11 11:13:13,332 : INFO : SwitchController : Found active switch: ('COM7-0-25', <Platform.OPP>) <switch.s_trough_jam>
2022-09-11 11:13:13,335 : INFO : EventManager : Event: ======'bcp_connection_attempt'====== Args={'name': 'local_display', 'host': 'localhost', 'port': 5050}
2022-09-11 11:13:13,337 : INFO : BCPClientSocket : Connecting BCP to 'local_display' at localhost:5050...
2022-09-11 11:13:15,391 : INFO : BCPClientSocket : Connected BCP to 'local_display' localhost:5050
2022-09-11 11:13:15,392 : INFO : EventManager : Event: ======'bcp_clients_connected'====== Args={}
2022-09-11 11:13:15,405 : INFO : ball_device.bd_trough : BCH: Count is unstable. Trying to reorder balls.
2022-09-11 11:13:15,405 : WARNING : ball_device.bd_trough : Cannot reorder device because eject_coil_reorder_pulse is not configured
2022-09-11 11:13:15,406 : INFO : ball_device.bd_trough : BCH: Repulse done. Waiting for balls to settle.
2022-09-11 11:13:15,406 : INFO : ball_device.bd_trough : BCH: Initial count: 1
2022-09-11 11:13:15,407 : INFO : EventManager : Event: ======'machine_var_mc_version'====== Args={'value': 'MPF-MC v0.55.0', 'prev_value': None, 'change': True}
2022-09-11 11:13:15,407 : INFO : EventManager : Event: ======'machine_var_mc_extended_version'====== Args={'value': 'MPF-MC v0.55.0 (config_version=5, BCP v1.1, Requires MPF v0.55.0-dev.49)', 'prev_value': None, 'change': True}
2022-09-11 11:13:15,409 : INFO : ball_device.bd_trough : State: idle
2022-09-11 11:13:15,419 : INFO : ball_device.bd_plunger : BCH: Initial count: 0
2022-09-11 11:13:15,419 : INFO : ball_device.bd_plunger : State: idle
2022-09-11 11:13:15,420 : INFO : ball_device.bd_vuk1 : BCH: Initial count: 0
2022-09-11 11:13:15,420 : INFO : ball_device.bd_vuk1 : State: idle
2022-09-11 11:13:15,421 : INFO : ball_device.bd_vuk2 : BCH: Initial count: 0
2022-09-11 11:13:15,422 : INFO : ball_device.bd_vuk2 : State: idle
2022-09-11 11:13:15,507 : INFO : EventManager : Event: ======'init_phase_3'====== Args={}
2022-09-11 11:13:15,513 : INFO : EventManager : Event: ======'init_phase_4'====== Args={}
2022-09-11 11:13:15,513 : INFO : EventManager : Event: ======'playfield_active'====== Args={}
2022-09-11 11:13:15,513 : INFO : EventManager : Event: ======'unexpected_ball_on_playfield'====== Args={}
2022-09-11 11:13:15,513 : INFO : EventManager : Event: ======'playfield_active'====== Args={}
2022-09-11 11:13:15,513 : INFO : EventManager : Event: ======'unexpected_ball_on_playfield'====== Args={}
2022-09-11 11:13:15,513 : INFO : EventManager : Event: ======'playfield_active'====== Args={}
2022-09-11 11:13:15,513 : INFO : EventManager : Event: ======'unexpected_ball_on_playfield'====== Args={}
2022-09-11 11:13:15,514 : INFO : BallController : Initial balls found: 1
2022-09-11 11:13:15,518 : INFO : EventManager : Event: ======'machine_var_audits_events_game_ended'====== Args={'value': 0, 'prev_value': None, 'change': True}
2022-09-11 11:13:15,519 : INFO : EventManager : Event: ======'machine_var_audits_events_game_started'====== Args={'value': 0, 'prev_value': None, 'change': True}
2022-09-11 11:13:15,519 : INFO : EventManager : Event: ======'machine_var_audits_player_score'====== Args={'value': {'average': 20796.77419354839, 'top': [348300, 186500, 129000, 95900, 67200, 62100, 54100, 49700, 49400, 46500], 'total': 93}, 'prev_value': None, 'change': True}
2022-09-11 11:13:15,520 : INFO : EventManager : Event: ======'machine_var_audits_switches_s_T1'====== Args={'value': 0, 'prev_value': None, 'change': True}
2022-09-11 11:13:15,520 : INFO : EventManager : Event: ======'machine_var_audits_switches_s_T2'====== Args={'value': 2, 'prev_value': None, 'change': True}
2022-09-11 11:13:15,520 : INFO : EventManager : Event: ======'machine_var_audits_switches_s_T3'====== Args={'value': 4, 'prev_value': None, 'change': True}
2022-09-11 11:13:15,520 : INFO : EventManager : Event: ======'machine_var_audits_switches_s_T4'====== Args={'value': 8, 'prev_value': None, 'change': True}
2022-09-11 11:13:15,520 : INFO : EventManager : Event: ======'machine_var_audits_switches_s_T5'====== Args={'value': 11, 'prev_value': None, 'change': True}
2022-09-11 11:13:15,520 : INFO : EventManager : Event: ======'machine_var_audits_switches_s_T6'====== Args={'value': 12, 'prev_value': None, 'change': True}
2022-09-11 11:13:15,520 : INFO : EventManager : Event: ======'machine_var_audits_switches_s_Tjam'====== Args={'value': 0, 'prev_value': None, 'change': True}
2022-09-11 11:13:15,521 : INFO : EventManager : Event: ======'machine_var_audits_switches_s_bottomlane1'====== Args={'value': 118, 'prev_value': None, 'change': True}
2022-09-11 11:13:15,521 : INFO : EventManager : Event: ======'machine_var_audits_switches_s_bottomlane2'====== Args={'value': 119, 'prev_value': None, 'change': True}
2022-09-11 11:13:15,521 : INFO : EventManager : Event: ======'machine_var_audits_switches_s_bottomlane3'====== Args={'value': 74, 'prev_value': None, 'change': True}
2022-09-11 11:13:15,521 : INFO : EventManager : Event: ======'machine_var_audits_switches_s_bottomlane4'====== Args={'value': 205, 'prev_value': None, 'change': True}
2022-09-11 11:13:15,522 : INFO : EventManager : Event: ======'machine_var_audits_switches_s_bottomlane5'====== Args={'value': 24, 'prev_value': None, 'change': True}
2022-09-11 11:13:15,522 : INFO : EventManager : Event: ======'machine_var_audits_switches_s_drain'====== Args={'value': 121, 'prev_value': None, 'change': True}
2022-09-11 11:13:15,522 : INFO : EventManager : Event: ======'machine_var_audits_switches_s_drop1'====== Args={'value': 44, 'prev_value': None, 'change': True}
2022-09-11 11:13:15,522 : INFO : EventManager : Event: ======'machine_var_audits_switches_s_drop2'====== Args={'value': 63, 'prev_value': None, 'change': True}
2022-09-11 11:13:15,523 : INFO : EventManager : Event: ======'machine_var_audits_switches_s_drop3'====== Args={'value': 55, 'prev_value': None, 'change': True}
2022-09-11 11:13:15,523 : INFO : EventManager : Event: ======'machine_var_audits_switches_s_launch'====== Args={'value': 311, 'prev_value': None, 'change': True}
2022-09-11 11:13:15,523 : INFO : EventManager : Event: ======'machine_var_audits_switches_s_left_sling'====== Args={'value': 408, 'prev_value': None, 'change': True}
2022-09-11 11:13:15,523 : INFO : EventManager : Event: ======'machine_var_audits_switches_s_plunger_lane'====== Args={'value': 537, 'prev_value': None, 'change': True}
2022-09-11 11:13:15,523 : INFO : EventManager : Event: ======'machine_var_audits_switches_s_popbumber_1'====== Args={'value': 682, 'prev_value': None, 'change': True}
2022-09-11 11:13:15,523 : INFO : EventManager : Event: ======'machine_var_audits_switches_s_popbumber_2'====== Args={'value': 734, 'prev_value': None, 'change': True}
2022-09-11 11:13:15,524 : INFO : EventManager : Event: ======'machine_var_audits_switches_s_popbumber_3'====== Args={'value': 567, 'prev_value': None, 'change': True}
2022-09-11 11:13:15,524 : INFO : EventManager : Event: ======'machine_var_audits_switches_s_right_sling'====== Args={'value': 376, 'prev_value': None, 'change': True}
2022-09-11 11:13:15,524 : INFO : EventManager : Event: ======'machine_var_audits_switches_s_start'====== Args={'value': 30, 'prev_value': None, 'change': True}
2022-09-11 11:13:15,524 : INFO : EventManager : Event: ======'machine_var_audits_switches_s_t1'====== Args={'value': 73, 'prev_value': None, 'change': True}
2022-09-11 11:13:15,524 : INFO : EventManager : Event: ======'machine_var_audits_switches_s_t2'====== Args={'value': 43, 'prev_value': None, 'change': True}
2022-09-11 11:13:15,524 : INFO : EventManager : Event: ======'machine_var_audits_switches_s_t3'====== Args={'value': 45, 'prev_value': None, 'change': True}
2022-09-11 11:13:15,524 : INFO : EventManager : Event: ======'machine_var_audits_switches_s_t4'====== Args={'value': 28, 'prev_value': None, 'change': True}
2022-09-11 11:13:15,525 : INFO : EventManager : Event: ======'machine_var_audits_switches_s_t5'====== Args={'value': 0, 'prev_value': None, 'change': True}
2022-09-11 11:13:15,525 : INFO : EventManager : Event: ======'machine_var_audits_switches_s_toplane1'====== Args={'value': 97, 'prev_value': None, 'change': True}
2022-09-11 11:13:15,525 : INFO : EventManager : Event: ======'machine_var_audits_switches_s_toplane2'====== Args={'value': 76, 'prev_value': None, 'change': True}
2022-09-11 11:13:15,525 : INFO : EventManager : Event: ======'machine_var_audits_switches_s_toplane3'====== Args={'value': 69, 'prev_value': None, 'change': True}
2022-09-11 11:13:15,525 : INFO : EventManager : Event: ======'machine_var_audits_switches_s_trough1'====== Args={'value': 287, 'prev_value': None, 'change': True}
2022-09-11 11:13:15,525 : INFO : EventManager : Event: ======'machine_var_audits_switches_s_trough2'====== Args={'value': 280, 'prev_value': None, 'change': True}
2022-09-11 11:13:15,526 : INFO : EventManager : Event: ======'machine_var_audits_switches_s_trough3'====== Args={'value': 285, 'prev_value': None, 'change': True}
2022-09-11 11:13:15,526 : INFO : EventManager : Event: ======'machine_var_audits_switches_s_trough4'====== Args={'value': 291, 'prev_value': None, 'change': True}
2022-09-11 11:13:15,526 : INFO : EventManager : Event: ======'machine_var_audits_switches_s_trough5'====== Args={'value': 274, 'prev_value': None, 'change': True}
2022-09-11 11:13:15,526 : INFO : EventManager : Event: ======'machine_var_audits_switches_s_trough6'====== Args={'value': 259, 'prev_value': None, 'change': True}
2022-09-11 11:13:15,526 : INFO : EventManager : Event: ======'machine_var_audits_switches_s_trough_jam'====== Args={'value': 277, 'prev_value': None, 'change': True}
2022-09-11 11:13:15,526 : INFO : EventManager : Event: ======'machine_var_audits_switches_s_vuk'====== Args={'value': 70, 'prev_value': None, 'change': True}
2022-09-11 11:13:15,527 : INFO : EventManager : Event: ======'machine_var_audits_switches_s_vuk1'====== Args={'value': 9, 'prev_value': None, 'change': True}
2022-09-11 11:13:15,527 : INFO : EventManager : Event: ======'machine_var_audits_switches_s_vuk2'====== Args={'value': 4, 'prev_value': None, 'change': True}
2022-09-11 11:13:15,527 : INFO : EventManager : Event: ======'machine_var_audits_switches_s_spinner'====== Args={'value': 0, 'prev_value': None, 'change': True}
2022-09-11 11:13:15,527 : INFO : EventManager : Event: ======'machine_var_audits_switches_s_ramp'====== Args={'value': 0, 'prev_value': None, 'change': True}
2022-09-11 11:13:15,527 : INFO : EventManager : Event: ======'machine_var_audits_switches_s_l01'====== Args={'value': 0, 'prev_value': None, 'change': True}
2022-09-11 11:13:15,527 : INFO : EventManager : Event: ======'machine_var_audits_switches_s_l02'====== Args={'value': 0, 'prev_value': None, 'change': True}
2022-09-11 11:13:15,528 : INFO : EventManager : Event: ======'machine_var_audits_switches_s_l03'====== Args={'value': 0, 'prev_value': None, 'change': True}
2022-09-11 11:13:15,528 : INFO : EventManager : Event: ======'machine_var_audits_switches_s_t05'====== Args={'value': 0, 'prev_value': None, 'change': True}
2022-09-11 11:13:15,528 : INFO : EventManager : Event: ======'machine_var_audits_switches_s_r06'====== Args={'value': 0, 'prev_value': None, 'change': True}
2022-09-11 11:13:15,528 : INFO : EventManager : Event: ======'machine_var_audits_switches_s_r07'====== Args={'value': 0, 'prev_value': None, 'change': True}
2022-09-11 11:13:15,528 : INFO : EventManager : Event: ======'machine_var_audits_switches_s_r08'====== Args={'value': 0, 'prev_value': None, 'change': True}
2022-09-11 11:13:15,530 : INFO : EventManager : Event: ======'init_phase_5'====== Args={}
2022-09-11 11:13:15,545 : INFO : EventManager : Event: ======'init_done'====== Args={}
2022-09-11 11:13:15,546 : INFO : EventManager : Event: ======'machine_reset_phase_1'====== Args={}
2022-09-11 11:13:15,549 : INFO : EventManager : Event: ======'slide_welcome_slide_removed'====== Args={'_from_bcp': True}
2022-09-11 11:13:15,553 : INFO : EventManager : Event: ======'slide_welcome_slide_created'====== Args={'_from_bcp': True}
2022-09-11 11:13:15,553 : INFO : EventManager : Event: ======'slide_welcome_slide_active'====== Args={'_from_bcp': True}
2022-09-11 11:13:15,558 : INFO : EventManager : Event: ======'machine_reset_phase_2'====== Args={}
2022-09-11 11:13:15,558 : INFO : EventManager : Event: ======'machine_reset_phase_3'====== Args={}
2022-09-11 11:13:15,559 : INFO : drop_target_bank.db_dropbank : All targets are already up. Will not reset bank.
2022-09-11 11:13:15,560 : INFO : EventManager : Event: ======'reset_complete'====== Args={}
2022-09-11 11:13:15,560 : INFO : EventManager : Event: ======'mode_attract_will_start'====== Args={}
2022-09-11 11:13:15,561 : INFO : EventManager : Event: ======'mode_attract_starting'====== Args={}
2022-09-11 11:13:15,561 : INFO : Mode.attract : Started. Priority: 10
2022-09-11 11:13:15,561 : INFO : EventManager : Event: ======'modes_active_modes_changed'====== Args={}
2022-09-11 11:13:15,561 : INFO : EventManager : Event: ======'mode_attract_started'====== Args={}
2022-09-11 11:13:15,562 : INFO : EventManager : Event: ======'collecting_balls_complete'====== Args={}
2022-09-11 11:13:15,579 : INFO : EventManager : Event: ======'slide_awesome_slide_created'====== Args={'_from_bcp': True}
2022-09-11 11:13:15,579 : INFO : EventManager : Event: ======'slide_awesome_slide_active'====== Args={'_from_bcp': True}
2022-09-11 11:13:15,580 : INFO : Machine : Starting the main run loop.
2022-09-11 11:13:18,560 : INFO : EventManager : Event: ======'slide_press_start_created'====== Args={'_from_bcp': True}
2022-09-11 11:13:18,560 : INFO : EventManager : Event: ======'slide_press_start_active'====== Args={'_from_bcp': True}
2022-09-11 11:13:19,903 : INFO : SwitchController : <<<<<<< 's_l01' active >>>>>>>
2022-09-11 11:13:20,202 : INFO : SwitchController : <<<<<<< 's_l01' inactive >>>>>>>
2022-09-11 11:13:20,468 : INFO : SwitchController : <<<<<<< 's_l02' active >>>>>>>
2022-09-11 11:13:20,688 : INFO : SwitchController : <<<<<<< 's_l02' inactive >>>>>>>
2022-09-11 11:13:20,988 : INFO : SwitchController : <<<<<<< 's_l03' active >>>>>>>
2022-09-11 11:13:21,224 : INFO : SwitchController : <<<<<<< 's_l03' inactive >>>>>>>
2022-09-11 11:13:21,555 : INFO : EventManager : Event: ======'slide_mission_pinball_created'====== Args={'_from_bcp': True}
2022-09-11 11:13:21,557 : INFO : EventManager : Event: ======'slide_mission_pinball_active'====== Args={'_from_bcp': True}
2022-09-11 11:13:22,627 : INFO : SwitchController : <<<<<<< 's_r06' active >>>>>>>
2022-09-11 11:13:22,817 : INFO : SwitchController : <<<<<<< 's_r06' inactive >>>>>>>
2022-09-11 11:13:23,088 : INFO : SwitchController : <<<<<<< 's_r07' active >>>>>>>
2022-09-11 11:13:23,230 : INFO : SwitchController : <<<<<<< 's_r07' inactive >>>>>>>
2022-09-11 11:13:23,749 : INFO : SwitchController : <<<<<<< 's_r07' active >>>>>>>
2022-09-11 11:13:23,843 : INFO : SwitchController : <<<<<<< 's_r07' inactive >>>>>>>
2022-09-11 11:13:23,907 : INFO : SwitchController : <<<<<<< 's_r07' active >>>>>>>
2022-09-11 11:13:24,093 : INFO : SwitchController : <<<<<<< 's_r07' inactive >>>>>>>
2022-09-11 11:13:24,109 : INFO : SwitchController : <<<<<<< 's_r07' active >>>>>>>
2022-09-11 11:13:24,205 : INFO : SwitchController : <<<<<<< 's_r07' inactive >>>>>>>
2022-09-11 11:13:24,350 : INFO : SwitchController : <<<<<<< 's_r07' active >>>>>>>
2022-09-11 11:13:24,554 : INFO : EventManager : Event: ======'slide_awesome_slide_removed'====== Args={'_from_bcp': True}
2022-09-11 11:13:24,554 : INFO : EventManager : Event: ======'slide_awesome_slide_created'====== Args={'_from_bcp': True}
2022-09-11 11:13:24,554 : INFO : EventManager : Event: ======'slide_awesome_slide_active'====== Args={'_from_bcp': True}
2022-09-11 11:13:24,617 : INFO : SwitchController : <<<<<<< 's_r07' inactive >>>>>>>
2022-09-11 11:13:24,759 : INFO : SwitchController : <<<<<<< 's_r07' active >>>>>>>
2022-09-11 11:13:24,919 : INFO : SwitchController : <<<<<<< 's_r07' inactive >>>>>>>
2022-09-11 11:13:25,105 : INFO : SwitchController : <<<<<<< 's_r07' active >>>>>>>
2022-09-11 11:13:25,233 : INFO : SwitchController : <<<<<<< 's_r07' inactive >>>>>>>
2022-09-11 11:13:25,927 : INFO : SwitchController : <<<<<<< 's_r06' active >>>>>>>
2022-09-11 11:13:26,132 : INFO : SwitchController : <<<<<<< 's_r06' inactive >>>>>>>
2022-09-11 11:13:26,416 : INFO : SwitchController : <<<<<<< 's_r06' active >>>>>>>
2022-09-11 11:13:26,592 : INFO : SwitchController : <<<<<<< 's_r06' inactive >>>>>>>
2022-09-11 11:13:26,999 : INFO : SwitchController : <<<<<<< 's_r07' active >>>>>>>
2022-09-11 11:13:27,281 : INFO : SwitchController : <<<<<<< 's_r07' inactive >>>>>>>
2022-09-11 11:13:27,561 : INFO : EventManager : Event: ======'slide_press_start_removed'====== Args={'_from_bcp': True}
2022-09-11 11:13:27,564 : INFO : EventManager : Event: ======'slide_press_start_created'====== Args={'_from_bcp': True}
2022-09-11 11:13:27,564 : INFO : EventManager : Event: ======'slide_press_start_active'====== Args={'_from_bcp': True}
2022-09-11 11:13:27,911 : INFO : SwitchController : <<<<<<< 's_r08' active >>>>>>>
2022-09-11 11:13:28,116 : INFO : SwitchController : <<<<<<< 's_r08' inactive >>>>>>>
2022-09-11 11:13:28,431 : INFO : SwitchController : <<<<<<< 's_r08' active >>>>>>>
2022-09-11 11:13:28,589 : INFO : SwitchController : <<<<<<< 's_r08' inactive >>>>>>>
2022-09-11 11:13:28,827 : INFO : SwitchController : <<<<<<< 's_r08' active >>>>>>>
2022-09-11 11:13:28,874 : INFO : SwitchController : <<<<<<< 's_r08' inactive >>>>>>>
2022-09-11 11:13:30,558 : INFO : EventManager : Event: ======'slide_mission_pinball_removed'====== Args={'_from_bcp': True}
2022-09-11 11:13:30,558 : INFO : EventManager : Event: ======'slide_mission_pinball_created'====== Args={'_from_bcp': True}
2022-09-11 11:13:30,558 : INFO : EventManager : Event: ======'slide_mission_pinball_active'====== Args={'_from_bcp': True}
2022-09-11 11:13:33,556 : INFO : EventManager : Event: ======'slide_awesome_slide_removed'====== Args={'_from_bcp': True}
2022-09-11 11:13:33,559 : INFO : EventManager : Event: ======'slide_awesome_slide_created'====== Args={'_from_bcp': True}
2022-09-11 11:13:33,559 : INFO : EventManager : Event: ======'slide_awesome_slide_active'====== Args={'_from_bcp': True}
2022-09-11 11:13:36,572 : INFO : EventManager : Event: ======'slide_press_start_removed'====== Args={'_from_bcp': True}
2022-09-11 11:13:36,573 : INFO : EventManager : Event: ======'slide_press_start_created'====== Args={'_from_bcp': True}
2022-09-11 11:13:36,574 : INFO : EventManager : Event: ======'slide_press_start_active'====== Args={'_from_bcp': True}
2022-09-11 11:13:39,548 : INFO : EventManager : Event: ======'slide_mission_pinball_removed'====== Args={'_from_bcp': True}
2022-09-11 11:13:39,553 : INFO : EventManager : Event: ======'slide_mission_pinball_created'====== Args={'_from_bcp': True}
2022-09-11 11:13:39,553 : INFO : EventManager : Event: ======'slide_mission_pinball_active'====== Args={'_from_bcp': True}
2022-09-11 11:13:42,562 : INFO : EventManager : Event: ======'slide_awesome_slide_removed'====== Args={'_from_bcp': True}
2022-09-11 11:13:42,567 : INFO : EventManager : Event: ======'slide_awesome_slide_created'====== Args={'_from_bcp': True}
2022-09-11 11:13:42,570 : INFO : EventManager : Event: ======'slide_awesome_slide_active'====== Args={'_from_bcp': True}
2022-09-11 11:13:45,574 : INFO : EventManager : Event: ======'slide_press_start_removed'====== Args={'_from_bcp': True}
2022-09-11 11:13:45,574 : INFO : EventManager : Event: ======'slide_press_start_created'====== Args={'_from_bcp': True}
2022-09-11 11:13:45,575 : INFO : EventManager : Event: ======'slide_press_start_active'====== Args={'_from_bcp': True}
2022-09-11 11:13:48,565 : INFO : EventManager : Event: ======'slide_mission_pinball_removed'====== Args={'_from_bcp': True}
2022-09-11 11:13:48,565 : INFO : EventManager : Event: ======'slide_mission_pinball_created'====== Args={'_from_bcp': True}
2022-09-11 11:13:48,566 : INFO : EventManager : Event: ======'slide_mission_pinball_active'====== Args={'_from_bcp': True}
2022-09-11 11:13:51,560 : INFO : EventManager : Event: ======'slide_awesome_slide_removed'====== Args={'_from_bcp': True}
2022-09-11 11:13:51,561 : INFO : EventManager : Event: ======'slide_awesome_slide_created'====== Args={'_from_bcp': True}
2022-09-11 11:13:51,561 : INFO : EventManager : Event: ======'slide_awesome_slide_active'====== Args={'_from_bcp': True}
2022-09-11 11:13:54,568 : INFO : EventManager : Event: ======'slide_press_start_removed'====== Args={'_from_bcp': True}
2022-09-11 11:13:54,570 : INFO : EventManager : Event: ======'slide_press_start_created'====== Args={'_from_bcp': True}
2022-09-11 11:13:54,570 : INFO : EventManager : Event: ======'slide_press_start_active'====== Args={'_from_bcp': True}
2022-09-11 11:13:57,548 : INFO : EventManager : Event: ======'slide_mission_pinball_removed'====== Args={'_from_bcp': True}
2022-09-11 11:13:57,551 : INFO : EventManager : Event: ======'slide_mission_pinball_created'====== Args={'_from_bcp': True}
2022-09-11 11:13:57,552 : INFO : EventManager : Event: ======'slide_mission_pinball_active'====== Args={'_from_bcp': True}
2022-09-11 11:14:00,558 : INFO : EventManager : Event: ======'slide_awesome_slide_removed'====== Args={'_from_bcp': True}
2022-09-11 11:14:00,558 : INFO : EventManager : Event: ======'slide_awesome_slide_created'====== Args={'_from_bcp': True}
2022-09-11 11:14:00,558 : INFO : EventManager : Event: ======'slide_awesome_slide_active'====== Args={'_from_bcp': True}
2022-09-11 11:14:03,555 : INFO : EventManager : Event: ======'slide_press_start_removed'====== Args={'_from_bcp': True}
2022-09-11 11:14:03,558 : INFO : EventManager : Event: ======'slide_press_start_created'====== Args={'_from_bcp': True}
2022-09-11 11:14:03,560 : INFO : EventManager : Event: ======'slide_press_start_active'====== Args={'_from_bcp': True}
2022-09-11 11:14:06,568 : INFO : EventManager : Event: ======'slide_mission_pinball_removed'====== Args={'_from_bcp': True}
2022-09-11 11:14:06,568 : INFO : EventManager : Event: ======'slide_mission_pinball_created'====== Args={'_from_bcp': True}
2022-09-11 11:14:06,569 : INFO : EventManager : Event: ======'slide_mission_pinball_active'====== Args={'_from_bcp': True}
2022-09-11 11:14:09,568 : INFO : EventManager : Event: ======'slide_awesome_slide_removed'====== Args={'_from_bcp': True}
2022-09-11 11:14:09,568 : INFO : EventManager : Event: ======'slide_awesome_slide_created'====== Args={'_from_bcp': True}
2022-09-11 11:14:09,569 : INFO : EventManager : Event: ======'slide_awesome_slide_active'====== Args={'_from_bcp': True}
2022-09-11 11:14:12,548 : INFO : EventManager : Event: ======'slide_press_start_removed'====== Args={'_from_bcp': True}
2022-09-11 11:14:12,550 : INFO : EventManager : Event: ======'slide_press_start_created'====== Args={'_from_bcp': True}
2022-09-11 11:14:12,550 : INFO : EventManager : Event: ======'slide_press_start_active'====== Args={'_from_bcp': True}
2022-09-11 11:14:15,555 : INFO : EventManager : Event: ======'slide_mission_pinball_removed'====== Args={'_from_bcp': True}
2022-09-11 11:14:15,555 : INFO : EventManager : Event: ======'slide_mission_pinball_created'====== Args={'_from_bcp': True}
2022-09-11 11:14:15,555 : INFO : EventManager : Event: ======'slide_mission_pinball_active'====== Args={'_from_bcp': True}
2022-09-11 11:14:18,561 : INFO : EventManager : Event: ======'slide_awesome_slide_removed'====== Args={'_from_bcp': True}
2022-09-11 11:14:18,562 : INFO : EventManager : Event: ======'slide_awesome_slide_created'====== Args={'_from_bcp': True}
2022-09-11 11:14:18,562 : INFO : EventManager : Event: ======'slide_awesome_slide_active'====== Args={'_from_bcp': True}
2022-09-11 11:14:21,565 : INFO : EventManager : Event: ======'slide_press_start_removed'====== Args={'_from_bcp': True}
2022-09-11 11:14:21,567 : INFO : EventManager : Event: ======'slide_press_start_created'====== Args={'_from_bcp': True}
2022-09-11 11:14:21,569 : INFO : EventManager : Event: ======'slide_press_start_active'====== Args={'_from_bcp': True}
2022-09-11 11:14:24,565 : INFO : EventManager : Event: ======'slide_mission_pinball_removed'====== Args={'_from_bcp': True}
2022-09-11 11:14:24,568 : INFO : EventManager : Event: ======'slide_mission_pinball_created'====== Args={'_from_bcp': True}
2022-09-11 11:14:24,571 : INFO : EventManager : Event: ======'slide_mission_pinball_active'====== Args={'_from_bcp': True}
2022-09-11 11:14:27,566 : INFO : EventManager : Event: ======'slide_awesome_slide_removed'====== Args={'_from_bcp': True}
2022-09-11 11:14:27,566 : INFO : EventManager : Event: ======'slide_awesome_slide_created'====== Args={'_from_bcp': True}
2022-09-11 11:14:27,566 : INFO : EventManager : Event: ======'slide_awesome_slide_active'====== Args={'_from_bcp': True}
2022-09-11 11:14:30,556 : INFO : EventManager : Event: ======'slide_press_start_removed'====== Args={'_from_bcp': True}
2022-09-11 11:14:30,560 : INFO : EventManager : Event: ======'slide_press_start_created'====== Args={'_from_bcp': True}
2022-09-11 11:14:30,561 : INFO : EventManager : Event: ======'slide_press_start_active'====== Args={'_from_bcp': True}
2022-09-11 11:14:33,558 : INFO : EventManager : Event: ======'slide_mission_pinball_removed'====== Args={'_from_bcp': True}
2022-09-11 11:14:33,560 : INFO : EventManager : Event: ======'slide_mission_pinball_created'====== Args={'_from_bcp': True}
2022-09-11 11:14:33,561 : INFO : EventManager : Event: ======'slide_mission_pinball_active'====== Args={'_from_bcp': True}
2022-09-11 11:14:36,554 : INFO : EventManager : Event: ======'slide_awesome_slide_removed'====== Args={'_from_bcp': True}
2022-09-11 11:14:36,556 : INFO : EventManager : Event: ======'slide_awesome_slide_created'====== Args={'_from_bcp': True}
2022-09-11 11:14:36,558 : INFO : EventManager : Event: ======'slide_awesome_slide_active'====== Args={'_from_bcp': True}
2022-09-11 11:14:39,554 : INFO : EventManager : Event: ======'slide_press_start_removed'====== Args={'_from_bcp': True}
2022-09-11 11:14:39,557 : INFO : EventManager : Event: ======'slide_press_start_created'====== Args={'_from_bcp': True}
2022-09-11 11:14:39,558 : INFO : EventManager : Event: ======'slide_press_start_active'====== Args={'_from_bcp': True}
2022-09-11 11:14:42,559 : INFO : EventManager : Event: ======'slide_mission_pinball_removed'====== Args={'_from_bcp': True}
2022-09-11 11:14:42,560 : INFO : EventManager : Event: ======'slide_mission_pinball_created'====== Args={'_from_bcp': True}
2022-09-11 11:14:42,562 : INFO : EventManager : Event: ======'slide_mission_pinball_active'====== Args={'_from_bcp': True}
2022-09-11 11:14:45,560 : INFO : EventManager : Event: ======'slide_awesome_slide_removed'====== Args={'_from_bcp': True}
2022-09-11 11:14:45,560 : INFO : EventManager : Event: ======'slide_awesome_slide_created'====== Args={'_from_bcp': True}
2022-09-11 11:14:45,561 : INFO : EventManager : Event: ======'slide_awesome_slide_active'====== Args={'_from_bcp': True}
2022-09-11 11:14:48,557 : INFO : EventManager : Event: ======'slide_press_start_removed'====== Args={'_from_bcp': True}
2022-09-11 11:14:48,559 : INFO : EventManager : Event: ======'slide_press_start_created'====== Args={'_from_bcp': True}
2022-09-11 11:14:48,561 : INFO : EventManager : Event: ======'slide_press_start_active'====== Args={'_from_bcp': True}
2022-09-11 11:14:51,553 : INFO : EventManager : Event: ======'slide_mission_pinball_removed'====== Args={'_from_bcp': True}
2022-09-11 11:14:51,554 : INFO : EventManager : Event: ======'slide_mission_pinball_created'====== Args={'_from_bcp': True}
2022-09-11 11:14:51,554 : INFO : EventManager : Event: ======'slide_mission_pinball_active'====== Args={'_from_bcp': True}
2022-09-11 11:14:54,558 : INFO : EventManager : Event: ======'slide_awesome_slide_removed'====== Args={'_from_bcp': True}
2022-09-11 11:14:54,558 : INFO : EventManager : Event: ======'slide_awesome_slide_created'====== Args={'_from_bcp': True}
2022-09-11 11:14:54,558 : INFO : EventManager : Event: ======'slide_awesome_slide_active'====== Args={'_from_bcp': True}
2022-09-11 11:14:57,548 : INFO : EventManager : Event: ======'slide_press_start_removed'====== Args={'_from_bcp': True}
2022-09-11 11:14:57,552 : INFO : EventManager : Event: ======'slide_press_start_created'====== Args={'_from_bcp': True}
2022-09-11 11:14:57,552 : INFO : EventManager : Event: ======'slide_press_start_active'====== Args={'_from_bcp': True}
2022-09-11 11:14:59,508 : INFO : Machine : Shutting down...
2022-09-11 11:14:59,508 : INFO : EventManager : Event: ======'shutdown'====== Args={}
2022-09-11 11:14:59,517 : ERROR : OPP : Stop called on serial connection COM7
2022-09-11 11:14:59,520 : INFO : root : MPF run loop ended.
