2022-09-16 19:56:00,556 : INFO : root : Loading config.
2022-09-16 19:56:00,560 : INFO : YamlMultifileConfigLoader : Machine config file #1: config.yaml
2022-09-16 19:56:00,561 : INFO : ConfigProcessor : Loading config from cache: C:\Users\dorus\AppData\Local\Temp\0aa359e6326ef14bcc36d32fc9dec35b.mpf_cache
2022-09-16 19:56:00,644 : INFO : ConfigProcessor : Loading config from cache: C:\Users\dorus\AppData\Local\Temp\5eb3439dbf16142704b5198a23e9a58c.mpf_cache
2022-09-16 19:56:00,645 : INFO : ConfigProcessor : Loading config from cache: C:\Users\dorus\AppData\Local\Temp\336e6d2601ccb63523c70814805acbf1.mpf_cache
2022-09-16 19:56:00,646 : INFO : ConfigProcessor : Loading config from cache: C:\Users\dorus\AppData\Local\Temp\d4952d0b9ea6ba2ec58a4f9adbee2d8a.mpf_cache
2022-09-16 19:56:00,646 : INFO : ConfigProcessor : Loading config from cache: C:\Users\dorus\AppData\Local\Temp\f88a77831ebd1fc65525f08072013dbd.mpf_cache
2022-09-16 19:56:00,647 : INFO : Machine : Mission Pinball Framework Core Engine v0.55.0
2022-09-16 19:56:00,647 : INFO : Machine : Command line arguments: {'no_load_cache': False, 'create_config_cache': True, 'bcp': True, 'configfile': ['config.yaml'], 'force_assets_load': False, 'jsonlogging': False, 'logfile': 'logs\\2022-09-16-19-56-00-mpf-LAPTOP-AS8QDAQG.log', 'pause': False, 'production': False, 'text_ui': True, 'loglevel': 15, 'consoleloglevel': 20, 'force_platform': None, 'syslog_address': None, 'mc_file_name': None, 'no_sound': False}
2022-09-16 19:56:00,647 : INFO : Machine : MPF path: C:\Users\dorus\AppData\Local\Programs\Python\Python38\lib\site-packages\mpf
2022-09-16 19:56:00,647 : INFO : Machine : Machine path: C:\pinball\mpfv1
2022-09-16 19:56:00,647 : INFO : Machine : Platform: win32
2022-09-16 19:56:00,647 : INFO : Machine : Python executable location: C:\Users\dorus\AppData\Local\Programs\Python\Python38\python.exe
2022-09-16 19:56:00,647 : INFO : Machine : Python version: 3.8.10 (64-bit)
2022-09-16 19:56:00,649 : INFO : Machine : Initialise MPF.
2022-09-16 19:56:00,790 : INFO : OPP : Connecting to COM7 at 115200bps
2022-09-16 19:56:00,891 : INFO : OPP : Init of OPP board COM7 done
2022-09-16 19:56:00,892 : INFO : EventManager : Event: ======'machine_var_credits_string'====== Args={'value': 'FREE PLAY', 'prev_value': None, 'change': True}
2022-09-16 19:56:00,939 : INFO : EventManager : Event: ======'machine_var_master_volume'====== Args={'value': 0.5, 'prev_value': None, 'change': True}
2022-09-16 19:56:00,939 : INFO : EventManager : Event: ======'machine_var_player1_score'====== Args={'value': 41000, 'prev_value': None, 'change': True}
2022-09-16 19:56:00,939 : INFO : EventManager : Event: ======'machine_var_mpf_version'====== Args={'value': 'MPF v0.55.0', 'prev_value': None, 'change': True}
2022-09-16 19:56:00,939 : INFO : EventManager : Event: ======'machine_var_mpf_extended_version'====== Args={'value': 'MPF v0.55.0, Config version:5, Show version: 5, BCP version:1.1', 'prev_value': None, 'change': True}
2022-09-16 19:56:00,939 : INFO : EventManager : Event: ======'machine_var_python_version'====== Args={'value': '3.8.10', 'prev_value': None, 'change': True}
2022-09-16 19:56:00,948 : INFO : EventManager : Event: ======'machine_var_platform'====== Args={'value': 'Windows-10-10.0.19044-SP0', 'prev_value': None, 'change': True}
2022-09-16 19:56:00,948 : INFO : EventManager : Event: ======'machine_var_platform_system'====== Args={'value': 'Windows', 'prev_value': None, 'change': True}
2022-09-16 19:56:00,948 : INFO : EventManager : Event: ======'machine_var_platform_release'====== Args={'value': '10', 'prev_value': None, 'change': True}
2022-09-16 19:56:00,948 : INFO : EventManager : Event: ======'machine_var_platform_version'====== Args={'value': '10.0.19044', 'prev_value': None, 'change': True}
2022-09-16 19:56:00,949 : INFO : EventManager : Event: ======'machine_var_platform_machine'====== Args={'value': 'AMD64', 'prev_value': None, 'change': True}
2022-09-16 19:56:00,949 : INFO : EventManager : Event: ======'init_phase_1'====== Args={}
2022-09-16 19:56:00,964 : INFO : EventManager : Event: ======'drop_target_bank_db_dropbank_up'====== Args={}
2022-09-16 19:56:00,966 : INFO : EventManager : Event: ======'init_phase_2'====== Args={}
2022-09-16 19:56:00,967 : INFO : SwitchController : Found active switch: ('COM7-1-27', <Platform.OPP>) <switch.s_drop3>
2022-09-16 19:56:00,970 : INFO : EventManager : Event: ======'bcp_connection_attempt'====== Args={'name': 'local_display', 'host': 'localhost', 'port': 5050}
2022-09-16 19:56:00,971 : INFO : BCPClientSocket : Connecting BCP to 'local_display' at localhost:5050...
2022-09-16 19:56:03,022 : INFO : BCPClientSocket : Connected BCP to 'local_display' localhost:5050
2022-09-16 19:56:03,023 : INFO : EventManager : Event: ======'bcp_clients_connected'====== Args={}
2022-09-16 19:56:03,030 : INFO : ball_device.bd_vuktop : BCH: Initial count: 0
2022-09-16 19:56:03,030 : INFO : ball_device.bd_vuktop : State: idle
2022-09-16 19:56:03,031 : INFO : ball_device.bd_trough : BCH: Initial count: 0
2022-09-16 19:56:03,031 : INFO : ball_device.bd_trough : State: idle
2022-09-16 19:56:03,031 : INFO : ball_device.bd_plunger : BCH: Initial count: 0
2022-09-16 19:56:03,032 : INFO : ball_device.bd_plunger : State: idle
2022-09-16 19:56:03,032 : INFO : ball_device.bd_vukmid : BCH: Initial count: 0
2022-09-16 19:56:03,032 : INFO : ball_device.bd_vukmid : State: idle
2022-09-16 19:56:03,124 : INFO : EventManager : Event: ======'init_phase_3'====== Args={}
2022-09-16 19:56:03,129 : INFO : EventManager : Event: ======'machine_var_mc_version'====== Args={'value': 'MPF-MC v0.55.0', 'prev_value': None, 'change': True}
2022-09-16 19:56:03,129 : INFO : EventManager : Event: ======'machine_var_mc_extended_version'====== Args={'value': 'MPF-MC v0.55.0 (config_version=5, BCP v1.1, Requires MPF v0.55.0-dev.49)', 'prev_value': None, 'change': True}
2022-09-16 19:56:03,130 : INFO : EventManager : Event: ======'init_phase_4'====== Args={}
2022-09-16 19:56:03,145 : INFO : EventManager : Event: ======'playfield_active'====== Args={}
2022-09-16 19:56:03,145 : INFO : EventManager : Event: ======'unexpected_ball_on_playfield'====== Args={}
2022-09-16 19:56:03,145 : INFO : EventManager : Event: ======'playfield_active'====== Args={}
2022-09-16 19:56:03,145 : INFO : EventManager : Event: ======'unexpected_ball_on_playfield'====== Args={}
2022-09-16 19:56:03,145 : INFO : EventManager : Event: ======'playfield_active'====== Args={}
2022-09-16 19:56:03,145 : INFO : EventManager : Event: ======'unexpected_ball_on_playfield'====== Args={}
2022-09-16 19:56:03,145 : INFO : EventManager : Event: ======'drop_target_d_drop_target3_down'====== Args={'device': <drop_target.d_drop_target3>}
2022-09-16 19:56:03,145 : INFO : EventManager : Event: ======'drop_target_bank_db_dropbank_mixed'====== Args={'prev_value': <DropTargetBankState.UP: 'up'>, 'down': 1}
2022-09-16 19:56:03,145 : INFO : BallController : Initial balls found: 0
2022-09-16 19:56:03,147 : INFO : EventManager : Event: ======'machine_var_audits_events_game_ended'====== Args={'value': 0, 'prev_value': None, 'change': True}
2022-09-16 19:56:03,147 : INFO : EventManager : Event: ======'machine_var_audits_events_game_started'====== Args={'value': 0, 'prev_value': None, 'change': True}
2022-09-16 19:56:03,147 : INFO : EventManager : Event: ======'machine_var_audits_player_score'====== Args={'value': {'average': 41000.0, 'top': [41000], 'total': 1}, 'prev_value': None, 'change': True}
2022-09-16 19:56:03,147 : INFO : EventManager : Event: ======'machine_var_audits_switches_s_bottomlane1'====== Args={'value': 1, 'prev_value': None, 'change': True}
2022-09-16 19:56:03,147 : INFO : EventManager : Event: ======'machine_var_audits_switches_s_bottomlane2'====== Args={'value': 1, 'prev_value': None, 'change': True}
2022-09-16 19:56:03,147 : INFO : EventManager : Event: ======'machine_var_audits_switches_s_bottomlane3'====== Args={'value': 1, 'prev_value': None, 'change': True}
2022-09-16 19:56:03,148 : INFO : EventManager : Event: ======'machine_var_audits_switches_s_bottomlane4'====== Args={'value': 2, 'prev_value': None, 'change': True}
2022-09-16 19:56:03,148 : INFO : EventManager : Event: ======'machine_var_audits_switches_s_bottomlane5'====== Args={'value': 0, 'prev_value': None, 'change': True}
2022-09-16 19:56:03,148 : INFO : EventManager : Event: ======'machine_var_audits_switches_s_drop1'====== Args={'value': 22, 'prev_value': None, 'change': True}
2022-09-16 19:56:03,148 : INFO : EventManager : Event: ======'machine_var_audits_switches_s_drop2'====== Args={'value': 8, 'prev_value': None, 'change': True}
2022-09-16 19:56:03,148 : INFO : EventManager : Event: ======'machine_var_audits_switches_s_drop3'====== Args={'value': 4, 'prev_value': None, 'change': True}
2022-09-16 19:56:03,149 : INFO : EventManager : Event: ======'machine_var_audits_switches_s_launch'====== Args={'value': 1, 'prev_value': None, 'change': True}
2022-09-16 19:56:03,149 : INFO : EventManager : Event: ======'machine_var_audits_switches_s_left01'====== Args={'value': 0, 'prev_value': None, 'change': True}
2022-09-16 19:56:03,149 : INFO : EventManager : Event: ======'machine_var_audits_switches_s_left02'====== Args={'value': 3, 'prev_value': None, 'change': True}
2022-09-16 19:56:03,149 : INFO : EventManager : Event: ======'machine_var_audits_switches_s_left03'====== Args={'value': 0, 'prev_value': None, 'change': True}
2022-09-16 19:56:03,149 : INFO : EventManager : Event: ======'machine_var_audits_switches_s_left_sling'====== Args={'value': 1, 'prev_value': None, 'change': True}
2022-09-16 19:56:03,149 : INFO : EventManager : Event: ======'machine_var_audits_switches_s_plunger_lane'====== Args={'value': 18, 'prev_value': None, 'change': True}
2022-09-16 19:56:03,149 : INFO : EventManager : Event: ======'machine_var_audits_switches_s_popbumber_1'====== Args={'value': 0, 'prev_value': None, 'change': True}
2022-09-16 19:56:03,149 : INFO : EventManager : Event: ======'machine_var_audits_switches_s_popbumber_2'====== Args={'value': 7, 'prev_value': None, 'change': True}
2022-09-16 19:56:03,150 : INFO : EventManager : Event: ======'machine_var_audits_switches_s_popbumber_3'====== Args={'value': 0, 'prev_value': None, 'change': True}
2022-09-16 19:56:03,150 : INFO : EventManager : Event: ======'machine_var_audits_switches_s_ramp'====== Args={'value': 6, 'prev_value': None, 'change': True}
2022-09-16 19:56:03,150 : INFO : EventManager : Event: ======'machine_var_audits_switches_s_right_sling'====== Args={'value': 7, 'prev_value': None, 'change': True}
2022-09-16 19:56:03,150 : INFO : EventManager : Event: ======'machine_var_audits_switches_s_rigth01'====== Args={'value': 6, 'prev_value': None, 'change': True}
2022-09-16 19:56:03,150 : INFO : EventManager : Event: ======'machine_var_audits_switches_s_rigth02'====== Args={'value': 5, 'prev_value': None, 'change': True}
2022-09-16 19:56:03,150 : INFO : EventManager : Event: ======'machine_var_audits_switches_s_rigth03'====== Args={'value': 0, 'prev_value': None, 'change': True}
2022-09-16 19:56:03,150 : INFO : EventManager : Event: ======'machine_var_audits_switches_s_spinner'====== Args={'value': 13, 'prev_value': None, 'change': True}
2022-09-16 19:56:03,151 : INFO : EventManager : Event: ======'machine_var_audits_switches_s_start'====== Args={'value': 0, 'prev_value': None, 'change': True}
2022-09-16 19:56:03,151 : INFO : EventManager : Event: ======'machine_var_audits_switches_s_top'====== Args={'value': 0, 'prev_value': None, 'change': True}
2022-09-16 19:56:03,151 : INFO : EventManager : Event: ======'machine_var_audits_switches_s_toplane1'====== Args={'value': 57, 'prev_value': None, 'change': True}
2022-09-16 19:56:03,151 : INFO : EventManager : Event: ======'machine_var_audits_switches_s_toplane2'====== Args={'value': 0, 'prev_value': None, 'change': True}
2022-09-16 19:56:03,151 : INFO : EventManager : Event: ======'machine_var_audits_switches_s_toplane3'====== Args={'value': 0, 'prev_value': None, 'change': True}
2022-09-16 19:56:03,151 : INFO : EventManager : Event: ======'machine_var_audits_switches_s_trough1'====== Args={'value': 2, 'prev_value': None, 'change': True}
2022-09-16 19:56:03,151 : INFO : EventManager : Event: ======'machine_var_audits_switches_s_trough2'====== Args={'value': 8, 'prev_value': None, 'change': True}
2022-09-16 19:56:03,152 : INFO : EventManager : Event: ======'machine_var_audits_switches_s_trough3'====== Args={'value': 1, 'prev_value': None, 'change': True}
2022-09-16 19:56:03,152 : INFO : EventManager : Event: ======'machine_var_audits_switches_s_trough4'====== Args={'value': 5, 'prev_value': None, 'change': True}
2022-09-16 19:56:03,152 : INFO : EventManager : Event: ======'machine_var_audits_switches_s_trough5'====== Args={'value': 0, 'prev_value': None, 'change': True}
2022-09-16 19:56:03,152 : INFO : EventManager : Event: ======'machine_var_audits_switches_s_trough6'====== Args={'value': 0, 'prev_value': None, 'change': True}
2022-09-16 19:56:03,152 : INFO : EventManager : Event: ======'machine_var_audits_switches_s_trough_jam'====== Args={'value': 1, 'prev_value': None, 'change': True}
2022-09-16 19:56:03,152 : INFO : EventManager : Event: ======'machine_var_audits_switches_s_vukmid'====== Args={'value': 13, 'prev_value': None, 'change': True}
2022-09-16 19:56:03,153 : INFO : EventManager : Event: ======'machine_var_audits_switches_s_vuktop'====== Args={'value': 6, 'prev_value': None, 'change': True}
2022-09-16 19:56:03,153 : INFO : EventManager : Event: ======'machine_var_audits_switches_s_orbit1'====== Args={'value': 0, 'prev_value': None, 'change': True}
2022-09-16 19:56:03,153 : INFO : EventManager : Event: ======'machine_var_audits_switches_s_orbit2'====== Args={'value': 0, 'prev_value': None, 'change': True}
2022-09-16 19:56:03,154 : INFO : EventManager : Event: ======'init_phase_5'====== Args={}
2022-09-16 19:56:03,161 : INFO : EventManager : Event: ======'init_done'====== Args={}
2022-09-16 19:56:03,162 : INFO : EventManager : Event: ======'machine_reset_phase_1'====== Args={}
2022-09-16 19:56:03,170 : INFO : EventManager : Event: ======'slide_welcome_slide_removed'====== Args={'_from_bcp': True}
2022-09-16 19:56:03,173 : INFO : EventManager : Event: ======'slide_welcome_slide_created'====== Args={'_from_bcp': True}
2022-09-16 19:56:03,174 : INFO : EventManager : Event: ======'slide_welcome_slide_active'====== Args={'_from_bcp': True}
2022-09-16 19:56:03,175 : INFO : EventManager : Event: ======'machine_reset_phase_2'====== Args={}
2022-09-16 19:56:03,175 : INFO : EventManager : Event: ======'machine_reset_phase_3'====== Args={}
2022-09-16 19:56:03,176 : INFO : drop_target_bank.db_dropbank : 1 targets are down. Will reset those.
2022-09-16 19:56:03,177 : INFO : coil.c_drop : Pulsing Driver for 16ms (1.0 pulse_power)
2022-09-16 19:56:03,177 : INFO : EventManager : Event: ======'reset_complete'====== Args={}
2022-09-16 19:56:03,177 : INFO : EventManager : Event: ======'mode_attract_will_start'====== Args={}
2022-09-16 19:56:03,178 : INFO : EventManager : Event: ======'mode_attract_starting'====== Args={}
2022-09-16 19:56:03,179 : INFO : Mode.attract : Started. Priority: 10
2022-09-16 19:56:03,179 : INFO : EventManager : Event: ======'modes_active_modes_changed'====== Args={}
2022-09-16 19:56:03,179 : INFO : EventManager : Event: ======'mode_attract_started'====== Args={}
2022-09-16 19:56:03,180 : INFO : EventManager : Event: ======'collecting_balls_complete'====== Args={}
2022-09-16 19:56:03,192 : INFO : Machine : Starting the main run loop.
2022-09-16 19:56:03,196 : INFO : EventManager : Event: ======'slide_awesome_slide_created'====== Args={'_from_bcp': True}
2022-09-16 19:56:03,198 : INFO : EventManager : Event: ======'slide_awesome_slide_active'====== Args={'_from_bcp': True}
2022-09-16 19:56:03,212 : INFO : SwitchController : <<<<<<< 's_drop3' inactive >>>>>>>
2022-09-16 19:56:03,670 : INFO : EventManager : Event: ======'drop_target_d_drop_target3_up'====== Args={'device': <drop_target.d_drop_target3>}
2022-09-16 19:56:03,670 : INFO : EventManager : Event: ======'drop_target_bank_db_dropbank_up'====== Args={}
2022-09-16 19:56:06,181 : INFO : EventManager : Event: ======'slide_press_start_created'====== Args={'_from_bcp': True}
2022-09-16 19:56:06,181 : INFO : EventManager : Event: ======'slide_press_start_active'====== Args={'_from_bcp': True}
2022-09-16 19:56:06,327 : INFO : SwitchController : <<<<<<< 's_start' active >>>>>>>
2022-09-16 19:56:06,485 : INFO : SwitchController : <<<<<<< 's_start' inactive >>>>>>>
2022-09-16 19:56:06,485 : INFO : EventManager : Event: ======'request_to_start_game'====== Args={}
2022-09-16 19:56:06,486 : INFO : BallController : Known balls: 0
2022-09-16 19:56:06,487 : INFO : BallController : bd_trough contains 0 balls. Tags ['trough', 'home', 'drain']
2022-09-16 19:56:06,487 : INFO : BallController : bd_plunger contains 0 balls. Tags []
2022-09-16 19:56:06,487 : INFO : BallController : bd_vukmid contains 0 balls. Tags []
2022-09-16 19:56:06,487 : INFO : BallController : bd_vuktop contains 0 balls. Tags []
2022-09-16 19:56:06,487 : INFO : BallController : playfield contains 0 balls. Tags ['default']
2022-09-16 19:56:06,487 : WARNING : BallController : BallController denies game start. Not enough balls. 0 found. 1 required
2022-09-16 19:56:06,487 : INFO : BallController : Triggering ball search.
2022-09-16 19:56:09,181 : INFO : EventManager : Event: ======'slide_mission_pinball_created'====== Args={'_from_bcp': True}
2022-09-16 19:56:09,181 : INFO : EventManager : Event: ======'slide_mission_pinball_active'====== Args={'_from_bcp': True}
2022-09-16 19:56:12,177 : INFO : EventManager : Event: ======'slide_awesome_slide_removed'====== Args={'_from_bcp': True}
2022-09-16 19:56:12,178 : INFO : EventManager : Event: ======'slide_awesome_slide_created'====== Args={'_from_bcp': True}
2022-09-16 19:56:12,178 : INFO : EventManager : Event: ======'slide_awesome_slide_active'====== Args={'_from_bcp': True}
2022-09-16 19:56:12,214 : INFO : SwitchController : <<<<<<< 's_start' active >>>>>>>
2022-09-16 19:56:12,453 : INFO : SwitchController : <<<<<<< 's_start' inactive >>>>>>>
2022-09-16 19:56:12,454 : INFO : EventManager : Event: ======'request_to_start_game'====== Args={}
2022-09-16 19:56:12,455 : INFO : BallController : Known balls: 0
2022-09-16 19:56:12,456 : INFO : BallController : bd_trough contains 0 balls. Tags ['trough', 'home', 'drain']
2022-09-16 19:56:12,456 : INFO : BallController : bd_plunger contains 0 balls. Tags []
2022-09-16 19:56:12,456 : INFO : BallController : bd_vukmid contains 0 balls. Tags []
2022-09-16 19:56:12,456 : INFO : BallController : bd_vuktop contains 0 balls. Tags []
2022-09-16 19:56:12,456 : INFO : BallController : playfield contains 0 balls. Tags ['default']
2022-09-16 19:56:12,456 : WARNING : BallController : BallController denies game start. Not enough balls. 0 found. 1 required
2022-09-16 19:56:12,456 : INFO : BallController : Triggering ball search.
2022-09-16 19:56:13,498 : INFO : SwitchController : <<<<<<< 's_start' active >>>>>>>
2022-09-16 19:56:13,625 : INFO : SwitchController : <<<<<<< 's_start' inactive >>>>>>>
2022-09-16 19:56:13,625 : INFO : EventManager : Event: ======'request_to_start_game'====== Args={}
2022-09-16 19:56:13,626 : INFO : BallController : Known balls: 0
2022-09-16 19:56:13,626 : INFO : BallController : bd_trough contains 0 balls. Tags ['trough', 'home', 'drain']
2022-09-16 19:56:13,626 : INFO : BallController : bd_plunger contains 0 balls. Tags []
2022-09-16 19:56:13,627 : INFO : BallController : bd_vukmid contains 0 balls. Tags []
2022-09-16 19:56:13,627 : INFO : BallController : bd_vuktop contains 0 balls. Tags []
2022-09-16 19:56:13,627 : INFO : BallController : playfield contains 0 balls. Tags ['default']
2022-09-16 19:56:13,627 : WARNING : BallController : BallController denies game start. Not enough balls. 0 found. 1 required
2022-09-16 19:56:13,627 : INFO : BallController : Triggering ball search.
2022-09-16 19:56:14,098 : INFO : SwitchController : <<<<<<< 's_start' active >>>>>>>
2022-09-16 19:56:14,145 : INFO : SwitchController : <<<<<<< 's_start' inactive >>>>>>>
2022-09-16 19:56:14,146 : INFO : EventManager : Event: ======'request_to_start_game'====== Args={}
2022-09-16 19:56:14,146 : INFO : BallController : Known balls: 0
2022-09-16 19:56:14,147 : INFO : BallController : bd_trough contains 0 balls. Tags ['trough', 'home', 'drain']
2022-09-16 19:56:14,147 : INFO : BallController : bd_plunger contains 0 balls. Tags []
2022-09-16 19:56:14,147 : INFO : BallController : bd_vukmid contains 0 balls. Tags []
2022-09-16 19:56:14,147 : INFO : BallController : bd_vuktop contains 0 balls. Tags []
2022-09-16 19:56:14,147 : INFO : BallController : playfield contains 0 balls. Tags ['default']
2022-09-16 19:56:14,147 : WARNING : BallController : BallController denies game start. Not enough balls. 0 found. 1 required
2022-09-16 19:56:14,147 : INFO : BallController : Triggering ball search.
2022-09-16 19:56:14,463 : INFO : SwitchController : <<<<<<< 's_start' active >>>>>>>
2022-09-16 19:56:14,574 : INFO : SwitchController : <<<<<<< 's_start' inactive >>>>>>>
2022-09-16 19:56:14,575 : INFO : EventManager : Event: ======'request_to_start_game'====== Args={}
2022-09-16 19:56:14,576 : INFO : BallController : Known balls: 0
2022-09-16 19:56:14,576 : INFO : BallController : bd_trough contains 0 balls. Tags ['trough', 'home', 'drain']
2022-09-16 19:56:14,576 : INFO : BallController : bd_plunger contains 0 balls. Tags []
2022-09-16 19:56:14,576 : INFO : BallController : bd_vukmid contains 0 balls. Tags []
2022-09-16 19:56:14,576 : INFO : BallController : bd_vuktop contains 0 balls. Tags []
2022-09-16 19:56:14,576 : INFO : BallController : playfield contains 0 balls. Tags ['default']
2022-09-16 19:56:14,576 : WARNING : BallController : BallController denies game start. Not enough balls. 0 found. 1 required
2022-09-16 19:56:14,577 : INFO : BallController : Triggering ball search.
2022-09-16 19:56:14,890 : INFO : SwitchController : <<<<<<< 's_start' active >>>>>>>
2022-09-16 19:56:14,984 : INFO : SwitchController : <<<<<<< 's_start' inactive >>>>>>>
2022-09-16 19:56:14,984 : INFO : EventManager : Event: ======'request_to_start_game'====== Args={}
2022-09-16 19:56:14,985 : INFO : BallController : Known balls: 0
2022-09-16 19:56:14,985 : INFO : BallController : bd_trough contains 0 balls. Tags ['trough', 'home', 'drain']
2022-09-16 19:56:14,985 : INFO : BallController : bd_plunger contains 0 balls. Tags []
2022-09-16 19:56:14,985 : INFO : BallController : bd_vukmid contains 0 balls. Tags []
2022-09-16 19:56:14,986 : INFO : BallController : bd_vuktop contains 0 balls. Tags []
2022-09-16 19:56:14,986 : INFO : BallController : playfield contains 0 balls. Tags ['default']
2022-09-16 19:56:14,986 : WARNING : BallController : BallController denies game start. Not enough balls. 0 found. 1 required
2022-09-16 19:56:14,986 : INFO : BallController : Triggering ball search.
2022-09-16 19:56:15,188 : INFO : EventManager : Event: ======'slide_press_start_removed'====== Args={'_from_bcp': True}
2022-09-16 19:56:15,188 : INFO : EventManager : Event: ======'slide_press_start_created'====== Args={'_from_bcp': True}
2022-09-16 19:56:15,188 : INFO : EventManager : Event: ======'slide_press_start_active'====== Args={'_from_bcp': True}
2022-09-16 19:56:15,285 : INFO : SwitchController : <<<<<<< 's_start' active >>>>>>>
2022-09-16 19:56:15,363 : INFO : SwitchController : <<<<<<< 's_start' inactive >>>>>>>
2022-09-16 19:56:15,364 : INFO : EventManager : Event: ======'request_to_start_game'====== Args={}
2022-09-16 19:56:15,364 : INFO : BallController : Known balls: 0
2022-09-16 19:56:15,365 : INFO : BallController : bd_trough contains 0 balls. Tags ['trough', 'home', 'drain']
2022-09-16 19:56:15,365 : INFO : BallController : bd_plunger contains 0 balls. Tags []
2022-09-16 19:56:15,365 : INFO : BallController : bd_vukmid contains 0 balls. Tags []
2022-09-16 19:56:15,365 : INFO : BallController : bd_vuktop contains 0 balls. Tags []
2022-09-16 19:56:15,365 : INFO : BallController : playfield contains 0 balls. Tags ['default']
2022-09-16 19:56:15,365 : WARNING : BallController : BallController denies game start. Not enough balls. 0 found. 1 required
2022-09-16 19:56:15,365 : INFO : BallController : Triggering ball search.
2022-09-16 19:56:16,011 : INFO : SwitchController : <<<<<<< 's_start' active >>>>>>>
2022-09-16 19:56:16,168 : INFO : SwitchController : <<<<<<< 's_start' inactive >>>>>>>
2022-09-16 19:56:16,169 : INFO : EventManager : Event: ======'request_to_start_game'====== Args={}
2022-09-16 19:56:16,170 : INFO : BallController : Known balls: 0
2022-09-16 19:56:16,170 : INFO : BallController : bd_trough contains 0 balls. Tags ['trough', 'home', 'drain']
2022-09-16 19:56:16,170 : INFO : BallController : bd_plunger contains 0 balls. Tags []
2022-09-16 19:56:16,170 : INFO : BallController : bd_vukmid contains 0 balls. Tags []
2022-09-16 19:56:16,170 : INFO : BallController : bd_vuktop contains 0 balls. Tags []
2022-09-16 19:56:16,170 : INFO : BallController : playfield contains 0 balls. Tags ['default']
2022-09-16 19:56:16,170 : WARNING : BallController : BallController denies game start. Not enough balls. 0 found. 1 required
2022-09-16 19:56:16,170 : INFO : BallController : Triggering ball search.
2022-09-16 19:56:16,499 : INFO : SwitchController : <<<<<<< 's_start' active >>>>>>>
2022-09-16 19:56:16,592 : INFO : SwitchController : <<<<<<< 's_start' inactive >>>>>>>
2022-09-16 19:56:16,593 : INFO : EventManager : Event: ======'request_to_start_game'====== Args={}
2022-09-16 19:56:16,593 : INFO : BallController : Known balls: 0
2022-09-16 19:56:16,594 : INFO : BallController : bd_trough contains 0 balls. Tags ['trough', 'home', 'drain']
2022-09-16 19:56:16,594 : INFO : BallController : bd_plunger contains 0 balls. Tags []
2022-09-16 19:56:16,594 : INFO : BallController : bd_vukmid contains 0 balls. Tags []
2022-09-16 19:56:16,594 : INFO : BallController : bd_vuktop contains 0 balls. Tags []
2022-09-16 19:56:16,594 : INFO : BallController : playfield contains 0 balls. Tags ['default']
2022-09-16 19:56:16,594 : WARNING : BallController : BallController denies game start. Not enough balls. 0 found. 1 required
2022-09-16 19:56:16,594 : INFO : BallController : Triggering ball search.
2022-09-16 19:56:18,189 : INFO : EventManager : Event: ======'slide_mission_pinball_removed'====== Args={'_from_bcp': True}
2022-09-16 19:56:18,192 : INFO : EventManager : Event: ======'slide_mission_pinball_created'====== Args={'_from_bcp': True}
2022-09-16 19:56:18,192 : INFO : EventManager : Event: ======'slide_mission_pinball_active'====== Args={'_from_bcp': True}
2022-09-16 19:56:18,693 : INFO : Machine : Shutting down...
2022-09-16 19:56:18,693 : INFO : EventManager : Event: ======'shutdown'====== Args={}
2022-09-16 19:56:18,696 : ERROR : OPP : Stop called on serial connection COM7
2022-09-16 19:56:18,697 : INFO : root : MPF run loop ended.
