2022-09-17 09:33:10,196 : INFO : root : Loading config.
2022-09-17 09:33:10,200 : INFO : YamlMultifileConfigLoader : Machine config file #1: config.yaml
2022-09-17 09:33:10,200 : INFO : ConfigProcessor : Loading config from cache: C:\Users\dorus\AppData\Local\Temp\0aa359e6326ef14bcc36d32fc9dec35b.mpf_cache
2022-09-17 09:33:10,286 : INFO : ConfigProcessor : Loading config from cache: C:\Users\dorus\AppData\Local\Temp\5eb3439dbf16142704b5198a23e9a58c.mpf_cache
2022-09-17 09:33:10,286 : INFO : ConfigProcessor : Loading config from cache: C:\Users\dorus\AppData\Local\Temp\336e6d2601ccb63523c70814805acbf1.mpf_cache
2022-09-17 09:33:10,287 : INFO : ConfigProcessor : Loading config from cache: C:\Users\dorus\AppData\Local\Temp\d4952d0b9ea6ba2ec58a4f9adbee2d8a.mpf_cache
2022-09-17 09:33:10,288 : INFO : ConfigProcessor : Loading config from cache: C:\Users\dorus\AppData\Local\Temp\559f6283f098772e04564bccbb105016.mpf_cache
2022-09-17 09:33:10,288 : WARNING : ConfigProcessor : Config file in cache changed: C:\pinball\mpfv1\modes\lanes\config\lanes.yaml
2022-09-17 09:33:10,288 : INFO : ConfigProcessor : Loading config from file C:\pinball\mpfv1\modes\lanes\config\lanes.yaml.
2022-09-17 09:33:10,299 : INFO : ConfigProcessor : Loading config: C:\pinball\mpfv1\modes\lanes\config\lanes.yaml
2022-09-17 09:33:10,300 : INFO : ConfigProcessor : Config file cache created: C:\Users\dorus\AppData\Local\Temp\9d4ddc5b486987071715110e2b9dff2c.mpf_cache
2022-09-17 09:33:10,301 : INFO : ConfigProcessor : Loading config from cache: C:\Users\dorus\AppData\Local\Temp\f88a77831ebd1fc65525f08072013dbd.mpf_cache
2022-09-17 09:33:10,302 : INFO : Machine : Mission Pinball Framework Core Engine v0.55.0
2022-09-17 09:33:10,302 : INFO : Machine : Command line arguments: {'no_load_cache': False, 'create_config_cache': True, 'bcp': True, 'configfile': ['config.yaml'], 'force_assets_load': False, 'jsonlogging': False, 'logfile': 'logs\\2022-09-17-09-33-10-mpf-LAPTOP-AS8QDAQG.log', 'pause': False, 'production': False, 'text_ui': True, 'loglevel': 15, 'consoleloglevel': 20, 'force_platform': None, 'syslog_address': None, 'mc_file_name': None, 'no_sound': False}
2022-09-17 09:33:10,302 : INFO : Machine : MPF path: C:\Users\dorus\AppData\Local\Programs\Python\Python38\lib\site-packages\mpf
2022-09-17 09:33:10,302 : INFO : Machine : Machine path: C:\pinball\mpfv1
2022-09-17 09:33:10,302 : INFO : Machine : Platform: win32
2022-09-17 09:33:10,302 : INFO : Machine : Python executable location: C:\Users\dorus\AppData\Local\Programs\Python\Python38\python.exe
2022-09-17 09:33:10,302 : INFO : Machine : Python version: 3.8.10 (64-bit)
2022-09-17 09:33:10,304 : INFO : Machine : Initialise MPF.
2022-09-17 09:33:10,454 : INFO : OPP : Connecting to COM7 at 115200bps
2022-09-17 09:33:10,548 : INFO : OPP : Init of OPP board COM7 done
2022-09-17 09:33:10,549 : INFO : EventManager : Event: ======'machine_var_credits_string'====== Args={'value': 'FREE PLAY', 'prev_value': None, 'change': True}
2022-09-17 09:33:10,608 : INFO : EventManager : Event: ======'machine_var_master_volume'====== Args={'value': 0.5, 'prev_value': None, 'change': True}
2022-09-17 09:33:10,608 : INFO : EventManager : Event: ======'machine_var_player1_score'====== Args={'value': 17500, 'prev_value': None, 'change': True}
2022-09-17 09:33:10,609 : INFO : EventManager : Event: ======'machine_var_mpf_version'====== Args={'value': 'MPF v0.55.0', 'prev_value': None, 'change': True}
2022-09-17 09:33:10,609 : INFO : EventManager : Event: ======'machine_var_mpf_extended_version'====== Args={'value': 'MPF v0.55.0, Config version:5, Show version: 5, BCP version:1.1', 'prev_value': None, 'change': True}
2022-09-17 09:33:10,609 : INFO : EventManager : Event: ======'machine_var_python_version'====== Args={'value': '3.8.10', 'prev_value': None, 'change': True}
2022-09-17 09:33:10,619 : INFO : EventManager : Event: ======'machine_var_platform'====== Args={'value': 'Windows-10-10.0.19044-SP0', 'prev_value': None, 'change': True}
2022-09-17 09:33:10,619 : INFO : EventManager : Event: ======'machine_var_platform_system'====== Args={'value': 'Windows', 'prev_value': None, 'change': True}
2022-09-17 09:33:10,619 : INFO : EventManager : Event: ======'machine_var_platform_release'====== Args={'value': '10', 'prev_value': None, 'change': True}
2022-09-17 09:33:10,619 : INFO : EventManager : Event: ======'machine_var_platform_version'====== Args={'value': '10.0.19044', 'prev_value': None, 'change': True}
2022-09-17 09:33:10,619 : INFO : EventManager : Event: ======'machine_var_platform_machine'====== Args={'value': 'AMD64', 'prev_value': None, 'change': True}
2022-09-17 09:33:10,619 : INFO : EventManager : Event: ======'init_phase_1'====== Args={}
2022-09-17 09:33:10,643 : INFO : EventManager : Event: ======'drop_target_bank_db_dropbank_up'====== Args={}
2022-09-17 09:33:10,644 : INFO : EventManager : Event: ======'init_phase_2'====== Args={}
2022-09-17 09:33:10,645 : INFO : SwitchController : Found active switch: ('COM7-0-25', <Platform.OPP>) <switch.s_trough_jam>
2022-09-17 09:33:10,645 : INFO : SwitchController : Found active switch: ('COM7-1-25', <Platform.OPP>) <switch.s_drop1>
2022-09-17 09:33:10,645 : INFO : SwitchController : Found active switch: ('COM7-1-26', <Platform.OPP>) <switch.s_drop2>
2022-09-17 09:33:10,645 : INFO : SwitchController : Found active switch: ('COM7-1-27', <Platform.OPP>) <switch.s_drop3>
2022-09-17 09:33:10,648 : INFO : EventManager : Event: ======'bcp_connection_attempt'====== Args={'name': 'local_display', 'host': 'localhost', 'port': 5050}
2022-09-17 09:33:10,650 : INFO : BCPClientSocket : Connecting BCP to 'local_display' at localhost:5050...
2022-09-17 09:33:12,678 : INFO : BCPClientSocket : Connected BCP to 'local_display' localhost:5050
2022-09-17 09:33:12,679 : INFO : EventManager : Event: ======'bcp_clients_connected'====== Args={}
2022-09-17 09:33:12,690 : INFO : ball_device.bd_trough : BCH: Count is unstable. Trying to reorder balls.
2022-09-17 09:33:12,690 : WARNING : ball_device.bd_trough : Cannot reorder device because eject_coil_reorder_pulse is not configured
2022-09-17 09:33:12,690 : INFO : ball_device.bd_trough : BCH: Repulse done. Waiting for balls to settle.
2022-09-17 09:33:12,690 : INFO : ball_device.bd_trough : BCH: Initial count: 1
2022-09-17 09:33:12,692 : INFO : EventManager : Event: ======'machine_var_mc_version'====== Args={'value': 'MPF-MC v0.55.0', 'prev_value': None, 'change': True}
2022-09-17 09:33:12,692 : INFO : EventManager : Event: ======'machine_var_mc_extended_version'====== Args={'value': 'MPF-MC v0.55.0 (config_version=5, BCP v1.1, Requires MPF v0.55.0-dev.49)', 'prev_value': None, 'change': True}
2022-09-17 09:33:12,694 : INFO : ball_device.bd_trough : State: idle
2022-09-17 09:33:12,702 : INFO : ball_device.bd_plunger : BCH: Initial count: 0
2022-09-17 09:33:12,702 : INFO : ball_device.bd_plunger : State: idle
2022-09-17 09:33:12,703 : INFO : ball_device.bd_vukmid : BCH: Initial count: 0
2022-09-17 09:33:12,703 : INFO : ball_device.bd_vukmid : State: idle
2022-09-17 09:33:12,704 : INFO : ball_device.bd_vuktop : BCH: Initial count: 0
2022-09-17 09:33:12,704 : INFO : ball_device.bd_vuktop : State: idle
2022-09-17 09:33:12,811 : INFO : EventManager : Event: ======'init_phase_3'====== Args={}
2022-09-17 09:33:12,814 : INFO : EventManager : Event: ======'init_phase_4'====== Args={}
2022-09-17 09:33:12,815 : INFO : EventManager : Event: ======'playfield_active'====== Args={}
2022-09-17 09:33:12,815 : INFO : EventManager : Event: ======'unexpected_ball_on_playfield'====== Args={}
2022-09-17 09:33:12,815 : INFO : EventManager : Event: ======'drop_target_d_drop_target1_down'====== Args={'device': <drop_target.d_drop_target1>}
2022-09-17 09:33:12,815 : INFO : EventManager : Event: ======'drop_target_bank_db_dropbank_mixed'====== Args={'prev_value': <DropTargetBankState.UP: 'up'>, 'down': 1}
2022-09-17 09:33:12,815 : INFO : EventManager : Event: ======'playfield_active'====== Args={}
2022-09-17 09:33:12,815 : INFO : EventManager : Event: ======'unexpected_ball_on_playfield'====== Args={}
2022-09-17 09:33:12,815 : INFO : EventManager : Event: ======'drop_target_d_drop_target2_down'====== Args={'device': <drop_target.d_drop_target2>}
2022-09-17 09:33:12,815 : INFO : EventManager : Event: ======'drop_target_bank_db_dropbank_mixed'====== Args={'prev_value': <DropTargetBankState.MIXED: 'mixed'>, 'down': 2}
2022-09-17 09:33:12,815 : INFO : EventManager : Event: ======'playfield_active'====== Args={}
2022-09-17 09:33:12,815 : INFO : EventManager : Event: ======'unexpected_ball_on_playfield'====== Args={}
2022-09-17 09:33:12,815 : INFO : EventManager : Event: ======'drop_target_d_drop_target3_down'====== Args={'device': <drop_target.d_drop_target3>}
2022-09-17 09:33:12,815 : INFO : EventManager : Event: ======'drop_target_bank_db_dropbank_down'====== Args={}
2022-09-17 09:33:12,816 : INFO : BallController : Initial balls found: 1
2022-09-17 09:33:12,818 : INFO : EventManager : Event: ======'machine_var_audits_events_game_ended'====== Args={'value': 0, 'prev_value': None, 'change': True}
2022-09-17 09:33:12,818 : INFO : EventManager : Event: ======'machine_var_audits_events_game_started'====== Args={'value': 0, 'prev_value': None, 'change': True}
2022-09-17 09:33:12,819 : INFO : EventManager : Event: ======'machine_var_audits_player_score'====== Args={'value': {'average': 27625.0, 'top': [41000, 31800, 20200, 17500], 'total': 4}, 'prev_value': None, 'change': True}
2022-09-17 09:33:12,819 : INFO : EventManager : Event: ======'machine_var_audits_shots_lane_top_1'====== Args={'value': 43, 'prev_value': None, 'change': True}
2022-09-17 09:33:12,819 : INFO : EventManager : Event: ======'machine_var_audits_shots_lane_top_2'====== Args={'value': 36, 'prev_value': None, 'change': True}
2022-09-17 09:33:12,819 : INFO : EventManager : Event: ======'machine_var_audits_shots_lane_top_3'====== Args={'value': 29, 'prev_value': None, 'change': True}
2022-09-17 09:33:12,819 : INFO : EventManager : Event: ======'machine_var_audits_shots_orbit'====== Args={'value': 14, 'prev_value': None, 'change': True}
2022-09-17 09:33:12,819 : INFO : EventManager : Event: ======'machine_var_audits_shots_spinner'====== Args={'value': 144, 'prev_value': None, 'change': True}
2022-09-17 09:33:12,819 : INFO : EventManager : Event: ======'machine_var_audits_switches_s_bottomlane1'====== Args={'value': 6, 'prev_value': None, 'change': True}
2022-09-17 09:33:12,819 : INFO : EventManager : Event: ======'machine_var_audits_switches_s_bottomlane2'====== Args={'value': 8, 'prev_value': None, 'change': True}
2022-09-17 09:33:12,819 : INFO : EventManager : Event: ======'machine_var_audits_switches_s_bottomlane3'====== Args={'value': 5, 'prev_value': None, 'change': True}
2022-09-17 09:33:12,819 : INFO : EventManager : Event: ======'machine_var_audits_switches_s_bottomlane4'====== Args={'value': 16, 'prev_value': None, 'change': True}
2022-09-17 09:33:12,820 : INFO : EventManager : Event: ======'machine_var_audits_switches_s_bottomlane5'====== Args={'value': 2, 'prev_value': None, 'change': True}
2022-09-17 09:33:12,820 : INFO : EventManager : Event: ======'machine_var_audits_switches_s_drop1'====== Args={'value': 26, 'prev_value': None, 'change': True}
2022-09-17 09:33:12,820 : INFO : EventManager : Event: ======'machine_var_audits_switches_s_drop2'====== Args={'value': 10, 'prev_value': None, 'change': True}
2022-09-17 09:33:12,820 : INFO : EventManager : Event: ======'machine_var_audits_switches_s_drop3'====== Args={'value': 6, 'prev_value': None, 'change': True}
2022-09-17 09:33:12,820 : INFO : EventManager : Event: ======'machine_var_audits_switches_s_launch'====== Args={'value': 6, 'prev_value': None, 'change': True}
2022-09-17 09:33:12,820 : INFO : EventManager : Event: ======'machine_var_audits_switches_s_left01'====== Args={'value': 26, 'prev_value': None, 'change': True}
2022-09-17 09:33:12,820 : INFO : EventManager : Event: ======'machine_var_audits_switches_s_left02'====== Args={'value': 26, 'prev_value': None, 'change': True}
2022-09-17 09:33:12,821 : INFO : EventManager : Event: ======'machine_var_audits_switches_s_left03'====== Args={'value': 19, 'prev_value': None, 'change': True}
2022-09-17 09:33:12,821 : INFO : EventManager : Event: ======'machine_var_audits_switches_s_left_sling'====== Args={'value': 24, 'prev_value': None, 'change': True}
2022-09-17 09:33:12,821 : INFO : EventManager : Event: ======'machine_var_audits_switches_s_orbit1'====== Args={'value': 36, 'prev_value': None, 'change': True}
2022-09-17 09:33:12,821 : INFO : EventManager : Event: ======'machine_var_audits_switches_s_orbit2'====== Args={'value': 0, 'prev_value': None, 'change': True}
2022-09-17 09:33:12,821 : INFO : EventManager : Event: ======'machine_var_audits_switches_s_plunger_lane'====== Args={'value': 45, 'prev_value': None, 'change': True}
2022-09-17 09:33:12,821 : INFO : EventManager : Event: ======'machine_var_audits_switches_s_popbumber_1'====== Args={'value': 37, 'prev_value': None, 'change': True}
2022-09-17 09:33:12,821 : INFO : EventManager : Event: ======'machine_var_audits_switches_s_popbumber_2'====== Args={'value': 73, 'prev_value': None, 'change': True}
2022-09-17 09:33:12,821 : INFO : EventManager : Event: ======'machine_var_audits_switches_s_popbumber_3'====== Args={'value': 23, 'prev_value': None, 'change': True}
2022-09-17 09:33:12,822 : INFO : EventManager : Event: ======'machine_var_audits_switches_s_ramp'====== Args={'value': 31, 'prev_value': None, 'change': True}
2022-09-17 09:33:12,822 : INFO : EventManager : Event: ======'machine_var_audits_switches_s_right_sling'====== Args={'value': 58, 'prev_value': None, 'change': True}
2022-09-17 09:33:12,822 : INFO : EventManager : Event: ======'machine_var_audits_switches_s_rigth01'====== Args={'value': 13, 'prev_value': None, 'change': True}
2022-09-17 09:33:12,822 : INFO : EventManager : Event: ======'machine_var_audits_switches_s_rigth02'====== Args={'value': 23, 'prev_value': None, 'change': True}
2022-09-17 09:33:12,822 : INFO : EventManager : Event: ======'machine_var_audits_switches_s_rigth03'====== Args={'value': 12, 'prev_value': None, 'change': True}
2022-09-17 09:33:12,822 : INFO : EventManager : Event: ======'machine_var_audits_switches_s_spinner'====== Args={'value': 237, 'prev_value': None, 'change': True}
2022-09-17 09:33:12,822 : INFO : EventManager : Event: ======'machine_var_audits_switches_s_start'====== Args={'value': 0, 'prev_value': None, 'change': True}
2022-09-17 09:33:12,823 : INFO : EventManager : Event: ======'machine_var_audits_switches_s_top'====== Args={'value': 9, 'prev_value': None, 'change': True}
2022-09-17 09:33:12,823 : INFO : EventManager : Event: ======'machine_var_audits_switches_s_toplane1'====== Args={'value': 130, 'prev_value': None, 'change': True}
2022-09-17 09:33:12,823 : INFO : EventManager : Event: ======'machine_var_audits_switches_s_toplane2'====== Args={'value': 43, 'prev_value': None, 'change': True}
2022-09-17 09:33:12,823 : INFO : EventManager : Event: ======'machine_var_audits_switches_s_toplane3'====== Args={'value': 36, 'prev_value': None, 'change': True}
2022-09-17 09:33:12,823 : INFO : EventManager : Event: ======'machine_var_audits_switches_s_trough1'====== Args={'value': 14, 'prev_value': None, 'change': True}
2022-09-17 09:33:12,823 : INFO : EventManager : Event: ======'machine_var_audits_switches_s_trough2'====== Args={'value': 20, 'prev_value': None, 'change': True}
2022-09-17 09:33:12,824 : INFO : EventManager : Event: ======'machine_var_audits_switches_s_trough3'====== Args={'value': 12, 'prev_value': None, 'change': True}
2022-09-17 09:33:12,824 : INFO : EventManager : Event: ======'machine_var_audits_switches_s_trough4'====== Args={'value': 17, 'prev_value': None, 'change': True}
2022-09-17 09:33:12,824 : INFO : EventManager : Event: ======'machine_var_audits_switches_s_trough5'====== Args={'value': 12, 'prev_value': None, 'change': True}
2022-09-17 09:33:12,824 : INFO : EventManager : Event: ======'machine_var_audits_switches_s_trough6'====== Args={'value': 12, 'prev_value': None, 'change': True}
2022-09-17 09:33:12,824 : INFO : EventManager : Event: ======'machine_var_audits_switches_s_trough_jam'====== Args={'value': 13, 'prev_value': None, 'change': True}
2022-09-17 09:33:12,825 : INFO : EventManager : Event: ======'machine_var_audits_switches_s_vukmid'====== Args={'value': 23, 'prev_value': None, 'change': True}
2022-09-17 09:33:12,825 : INFO : EventManager : Event: ======'machine_var_audits_switches_s_vuktop'====== Args={'value': 9, 'prev_value': None, 'change': True}
2022-09-17 09:33:12,826 : INFO : EventManager : Event: ======'init_phase_5'====== Args={}
2022-09-17 09:33:12,837 : INFO : EventManager : Event: ======'init_done'====== Args={}
2022-09-17 09:33:12,837 : INFO : EventManager : Event: ======'machine_reset_phase_1'====== Args={}
2022-09-17 09:33:12,839 : INFO : EventManager : Event: ======'slide_welcome_slide_removed'====== Args={'_from_bcp': True}
2022-09-17 09:33:12,841 : INFO : EventManager : Event: ======'slide_welcome_slide_created'====== Args={'_from_bcp': True}
2022-09-17 09:33:12,843 : INFO : EventManager : Event: ======'machine_reset_phase_2'====== Args={}
2022-09-17 09:33:12,844 : INFO : EventManager : Event: ======'machine_reset_phase_3'====== Args={}
2022-09-17 09:33:12,844 : INFO : EventManager : Event: ======'slide_welcome_slide_active'====== Args={'_from_bcp': True}
2022-09-17 09:33:12,845 : INFO : drop_target_bank.db_dropbank : 3 targets are down. Will reset those.
2022-09-17 09:33:12,846 : INFO : coil.c_drop : Pulsing Driver for 16ms (1.0 pulse_power)
2022-09-17 09:33:12,847 : INFO : EventManager : Event: ======'reset_complete'====== Args={}
2022-09-17 09:33:12,848 : INFO : EventManager : Event: ======'mode_attract_will_start'====== Args={}
2022-09-17 09:33:12,848 : INFO : EventManager : Event: ======'mode_attract_starting'====== Args={}
2022-09-17 09:33:12,849 : INFO : Mode.attract : Started. Priority: 10
2022-09-17 09:33:12,849 : INFO : EventManager : Event: ======'modes_active_modes_changed'====== Args={}
2022-09-17 09:33:12,849 : INFO : EventManager : Event: ======'mode_attract_started'====== Args={}
2022-09-17 09:33:12,849 : INFO : EventManager : Event: ======'collecting_balls_complete'====== Args={}
2022-09-17 09:33:12,874 : INFO : EventManager : Event: ======'slide_awesome_slide_created'====== Args={'_from_bcp': True}
2022-09-17 09:33:12,875 : INFO : Machine : Starting the main run loop.
2022-09-17 09:33:12,897 : INFO : BcpServer : New client connected.
2022-09-17 09:33:12,902 : INFO : EventManager : Event: ======'slide_awesome_slide_active'====== Args={'_from_bcp': True}
2022-09-17 09:33:13,822 : INFO : drop_target_bank.db_dropbank : 3 targets are down. Will reset those.
2022-09-17 09:33:13,822 : INFO : coil.c_drop : Pulsing Driver for 16ms (1.0 pulse_power)
2022-09-17 09:33:14,932 : INFO : SwitchController : <<<<<<< 's_trough1' active >>>>>>>
2022-09-17 09:33:15,114 : INFO : SwitchController : <<<<<<< 's_trough2' active >>>>>>>
2022-09-17 09:33:15,418 : INFO : SwitchController : <<<<<<< 's_trough3' active >>>>>>>
2022-09-17 09:33:15,712 : INFO : SwitchController : <<<<<<< 's_trough4' active >>>>>>>
2022-09-17 09:33:15,854 : INFO : EventManager : Event: ======'slide_press_start_created'====== Args={'_from_bcp': True}
2022-09-17 09:33:15,855 : INFO : EventManager : Event: ======'slide_press_start_active'====== Args={'_from_bcp': True}
2022-09-17 09:33:16,203 : INFO : EventManager : Event: ======'balldevice_bd_trough_ball_count_changed'====== Args={'balls': 5}
2022-09-17 09:33:16,203 : INFO : ball_device.bd_trough : Received unexpected ball
2022-09-17 09:33:16,204 : INFO : EventManager : Event: ======'balldevice_captured_from_playfield'====== Args={'balls': 1}
2022-09-17 09:33:16,205 : INFO : EventManager : Event: ======'sw_playfield_active'====== Args={'balls': 1}
2022-09-17 09:33:16,206 : INFO : EventManager : Event: ======'playfield_active'====== Args={}
2022-09-17 09:33:16,206 : INFO : EventManager : Event: ======'unexpected_ball_on_playfield'====== Args={}
2022-09-17 09:33:16,206 : INFO : EventManager : Event: ======'playfield_ball_count_change'====== Args={'balls': -1, 'change': -1}
2022-09-17 09:33:16,208 : INFO : EventManager : Event: ======'balldevice_playfield_ball_enter'====== Args={'new_balls': 1, 'unclaimed_balls': 1, 'device': <playfield.playfield>}
2022-09-17 09:33:16,209 : INFO : EventManager : Event: ======'playfield_ball_count_change'====== Args={'balls': 0, 'change': 1}
2022-09-17 09:33:16,209 : INFO : BallController : Found a new ball which was captured from playfield. Known balls: 2
2022-09-17 09:33:16,209 : INFO : EventManager : Event: ======'found_new_ball'====== Args={}
2022-09-17 09:33:16,209 : INFO : EventManager : Event: ======'balldevice_bd_trough_ball_enter'====== Args={'new_balls': 1, 'unclaimed_balls': 1, 'new_available_balls': 1, 'device': <ball_device.bd_trough>}
2022-09-17 09:33:16,211 : INFO : EventManager : Event: ======'ball_drain'====== Args={'device': <ball_device.bd_trough>, 'balls': 1}
2022-09-17 09:33:16,212 : INFO : EventManager : Event: ======'balldevice_balls_available'====== Args={}
2022-09-17 09:33:16,212 : INFO : EventManager : Event: ======'balldevice_bd_trough_ball_entered'====== Args={'new_balls': 1, 'device': <ball_device.bd_trough>}
2022-09-17 09:33:16,212 : INFO : ball_device.bd_trough : Received unexpected ball
2022-09-17 09:33:16,213 : INFO : EventManager : Event: ======'balldevice_captured_from_playfield'====== Args={'balls': 1}
2022-09-17 09:33:16,213 : INFO : EventManager : Event: ======'sw_playfield_active'====== Args={'balls': 1}
2022-09-17 09:33:16,214 : INFO : EventManager : Event: ======'playfield_active'====== Args={}
2022-09-17 09:33:16,214 : INFO : EventManager : Event: ======'unexpected_ball_on_playfield'====== Args={}
2022-09-17 09:33:16,214 : INFO : EventManager : Event: ======'playfield_ball_count_change'====== Args={'balls': -1, 'change': -1}
2022-09-17 09:33:16,216 : INFO : EventManager : Event: ======'balldevice_playfield_ball_enter'====== Args={'new_balls': 1, 'unclaimed_balls': 1, 'device': <playfield.playfield>}
2022-09-17 09:33:16,216 : INFO : EventManager : Event: ======'playfield_ball_count_change'====== Args={'balls': 0, 'change': 1}
2022-09-17 09:33:16,217 : INFO : BallController : Found a new ball which was captured from playfield. Known balls: 3
2022-09-17 09:33:16,217 : INFO : EventManager : Event: ======'found_new_ball'====== Args={}
2022-09-17 09:33:16,217 : INFO : EventManager : Event: ======'balldevice_bd_trough_ball_enter'====== Args={'new_balls': 1, 'unclaimed_balls': 1, 'new_available_balls': 1, 'device': <ball_device.bd_trough>}
2022-09-17 09:33:16,219 : INFO : EventManager : Event: ======'ball_drain'====== Args={'device': <ball_device.bd_trough>, 'balls': 1}
2022-09-17 09:33:16,220 : INFO : EventManager : Event: ======'balldevice_balls_available'====== Args={}
2022-09-17 09:33:16,220 : INFO : EventManager : Event: ======'balldevice_bd_trough_ball_entered'====== Args={'new_balls': 1, 'device': <ball_device.bd_trough>}
2022-09-17 09:33:16,221 : INFO : ball_device.bd_trough : Received unexpected ball
2022-09-17 09:33:16,221 : INFO : EventManager : Event: ======'balldevice_captured_from_playfield'====== Args={'balls': 1}
2022-09-17 09:33:16,221 : INFO : EventManager : Event: ======'sw_playfield_active'====== Args={'balls': 1}
2022-09-17 09:33:16,221 : INFO : EventManager : Event: ======'playfield_active'====== Args={}
2022-09-17 09:33:16,222 : INFO : EventManager : Event: ======'unexpected_ball_on_playfield'====== Args={}
2022-09-17 09:33:16,222 : INFO : EventManager : Event: ======'playfield_ball_count_change'====== Args={'balls': -1, 'change': -1}
2022-09-17 09:33:16,222 : INFO : EventManager : Event: ======'balldevice_playfield_ball_enter'====== Args={'new_balls': 1, 'unclaimed_balls': 1, 'device': <playfield.playfield>}
2022-09-17 09:33:16,223 : INFO : EventManager : Event: ======'playfield_ball_count_change'====== Args={'balls': 0, 'change': 1}
2022-09-17 09:33:16,223 : INFO : BallController : Found a new ball which was captured from playfield. Known balls: 4
2022-09-17 09:33:16,223 : INFO : EventManager : Event: ======'found_new_ball'====== Args={}
2022-09-17 09:33:16,223 : INFO : EventManager : Event: ======'balldevice_bd_trough_ball_enter'====== Args={'new_balls': 1, 'unclaimed_balls': 1, 'new_available_balls': 1, 'device': <ball_device.bd_trough>}
2022-09-17 09:33:16,224 : INFO : EventManager : Event: ======'ball_drain'====== Args={'device': <ball_device.bd_trough>, 'balls': 1}
2022-09-17 09:33:16,225 : INFO : EventManager : Event: ======'balldevice_balls_available'====== Args={}
2022-09-17 09:33:16,226 : INFO : EventManager : Event: ======'balldevice_bd_trough_ball_entered'====== Args={'new_balls': 1, 'device': <ball_device.bd_trough>}
2022-09-17 09:33:16,226 : INFO : ball_device.bd_trough : Received unexpected ball
2022-09-17 09:33:16,226 : INFO : EventManager : Event: ======'balldevice_captured_from_playfield'====== Args={'balls': 1}
2022-09-17 09:33:16,228 : INFO : EventManager : Event: ======'sw_playfield_active'====== Args={'balls': 1}
2022-09-17 09:33:16,228 : INFO : EventManager : Event: ======'playfield_active'====== Args={}
2022-09-17 09:33:16,228 : INFO : EventManager : Event: ======'unexpected_ball_on_playfield'====== Args={}
2022-09-17 09:33:16,228 : INFO : EventManager : Event: ======'playfield_ball_count_change'====== Args={'balls': -1, 'change': -1}
2022-09-17 09:33:16,230 : INFO : EventManager : Event: ======'balldevice_playfield_ball_enter'====== Args={'new_balls': 1, 'unclaimed_balls': 1, 'device': <playfield.playfield>}
2022-09-17 09:33:16,231 : INFO : EventManager : Event: ======'playfield_ball_count_change'====== Args={'balls': 0, 'change': 1}
2022-09-17 09:33:16,231 : INFO : BallController : Found a new ball which was captured from playfield. Known balls: 5
2022-09-17 09:33:16,232 : INFO : EventManager : Event: ======'found_new_ball'====== Args={}
2022-09-17 09:33:16,232 : INFO : EventManager : Event: ======'balldevice_bd_trough_ball_enter'====== Args={'new_balls': 1, 'unclaimed_balls': 1, 'new_available_balls': 1, 'device': <ball_device.bd_trough>}
2022-09-17 09:33:16,233 : INFO : EventManager : Event: ======'ball_drain'====== Args={'device': <ball_device.bd_trough>, 'balls': 1}
2022-09-17 09:33:16,234 : INFO : EventManager : Event: ======'balldevice_balls_available'====== Args={}
2022-09-17 09:33:16,235 : INFO : EventManager : Event: ======'balldevice_bd_trough_ball_entered'====== Args={'new_balls': 1, 'device': <ball_device.bd_trough>}
2022-09-17 09:33:20,805 : INFO : EventManager : Event: ======'slide_mission_pinball_created'====== Args={'_from_bcp': True}
2022-09-17 09:33:20,806 : INFO : EventManager : Event: ======'slide_mission_pinball_active'====== Args={'_from_bcp': True}
2022-09-17 09:33:21,861 : INFO : EventManager : Event: ======'slide_awesome_slide_removed'====== Args={'_from_bcp': True}
2022-09-17 09:33:21,862 : INFO : EventManager : Event: ======'slide_awesome_slide_created'====== Args={'_from_bcp': True}
2022-09-17 09:33:21,863 : INFO : EventManager : Event: ======'slide_awesome_slide_active'====== Args={'_from_bcp': True}
2022-09-17 09:33:24,867 : INFO : EventManager : Event: ======'slide_press_start_removed'====== Args={'_from_bcp': True}
2022-09-17 09:33:24,869 : INFO : EventManager : Event: ======'slide_press_start_created'====== Args={'_from_bcp': True}
2022-09-17 09:33:24,871 : INFO : EventManager : Event: ======'slide_press_start_active'====== Args={'_from_bcp': True}
2022-09-17 09:33:27,636 : INFO : SwitchController : <<<<<<< 's_trough_jam' inactive >>>>>>>
2022-09-17 09:33:27,860 : INFO : EventManager : Event: ======'slide_mission_pinball_removed'====== Args={'_from_bcp': True}
2022-09-17 09:33:27,861 : INFO : EventManager : Event: ======'slide_mission_pinball_created'====== Args={'_from_bcp': True}
2022-09-17 09:33:27,861 : INFO : EventManager : Event: ======'slide_mission_pinball_active'====== Args={'_from_bcp': True}
2022-09-17 09:33:30,856 : INFO : EventManager : Event: ======'slide_awesome_slide_removed'====== Args={'_from_bcp': True}
2022-09-17 09:33:30,856 : INFO : EventManager : Event: ======'slide_awesome_slide_created'====== Args={'_from_bcp': True}
2022-09-17 09:33:30,856 : INFO : EventManager : Event: ======'slide_awesome_slide_active'====== Args={'_from_bcp': True}
2022-09-17 09:33:33,108 : INFO : EventManager : Event: ======'balldevice_bd_trough_ball_count_changed'====== Args={'balls': 4}
2022-09-17 09:33:33,108 : WARNING : ball_device.bd_trough : Ball disappeared while idle. This should not normally happen.
2022-09-17 09:33:33,109 : INFO : EventManager : Event: ======'balldevice_playfield_ball_enter'====== Args={'new_balls': 1, 'unclaimed_balls': 1, 'device': <playfield.playfield>}
2022-09-17 09:33:33,109 : INFO : EventManager : Event: ======'playfield_ball_count_change'====== Args={'balls': 1, 'change': 1}
2022-09-17 09:33:33,109 : INFO : ball_device.bd_trough : 1 ball(s) missing from device. Mechanical eject? False
2022-09-17 09:33:33,110 : INFO : EventManager : Event: ======'balldevice_bd_trough_ball_missing'====== Args={'balls': 1}
2022-09-17 09:33:33,111 : INFO : EventManager : Event: ======'balldevice_ball_missing'====== Args={'balls': 1, 'name': 'bd_trough'}
2022-09-17 09:33:33,852 : INFO : SwitchController : <<<<<<< 's_start' active >>>>>>>
2022-09-17 09:33:33,863 : INFO : EventManager : Event: ======'slide_press_start_removed'====== Args={'_from_bcp': True}
2022-09-17 09:33:33,865 : INFO : EventManager : Event: ======'slide_press_start_created'====== Args={'_from_bcp': True}
2022-09-17 09:33:33,866 : INFO : EventManager : Event: ======'slide_press_start_active'====== Args={'_from_bcp': True}
2022-09-17 09:33:34,007 : INFO : SwitchController : <<<<<<< 's_start' inactive >>>>>>>
2022-09-17 09:33:34,007 : INFO : EventManager : Event: ======'request_to_start_game'====== Args={}
2022-09-17 09:33:34,008 : INFO : EventManager : Event: ======'collecting_balls'====== Args={}
2022-09-17 09:33:34,009 : INFO : BallController : Known balls: 5
2022-09-17 09:33:34,009 : INFO : BallController : bd_trough contains 4 balls. Tags ['trough', 'home', 'drain']
2022-09-17 09:33:34,009 : INFO : BallController : bd_plunger contains 0 balls. Tags []
2022-09-17 09:33:34,009 : INFO : BallController : bd_vukmid contains 0 balls. Tags []
2022-09-17 09:33:34,009 : INFO : BallController : bd_vuktop contains 0 balls. Tags []
2022-09-17 09:33:34,009 : INFO : BallController : playfield contains 1 balls. Tags ['default']
2022-09-17 09:33:34,009 : WARNING : BallController : BallController denies game start. Balls are not in their home positions.
2022-09-17 09:33:36,633 : INFO : SwitchController : <<<<<<< 's_start' active >>>>>>>
2022-09-17 09:33:36,836 : INFO : SwitchController : <<<<<<< 's_start' inactive >>>>>>>
2022-09-17 09:33:36,836 : INFO : EventManager : Event: ======'request_to_start_game'====== Args={}
2022-09-17 09:33:36,837 : INFO : EventManager : Event: ======'collecting_balls'====== Args={}
2022-09-17 09:33:36,838 : INFO : BallController : Known balls: 5
2022-09-17 09:33:36,838 : INFO : BallController : bd_trough contains 4 balls. Tags ['trough', 'home', 'drain']
2022-09-17 09:33:36,838 : INFO : BallController : bd_plunger contains 0 balls. Tags []
2022-09-17 09:33:36,838 : INFO : BallController : bd_vukmid contains 0 balls. Tags []
2022-09-17 09:33:36,838 : INFO : BallController : bd_vuktop contains 0 balls. Tags []
2022-09-17 09:33:36,838 : INFO : BallController : playfield contains 1 balls. Tags ['default']
2022-09-17 09:33:36,839 : WARNING : BallController : BallController denies game start. Balls are not in their home positions.
2022-09-17 09:33:36,859 : INFO : EventManager : Event: ======'slide_mission_pinball_removed'====== Args={'_from_bcp': True}
2022-09-17 09:33:36,862 : INFO : EventManager : Event: ======'slide_mission_pinball_created'====== Args={'_from_bcp': True}
2022-09-17 09:33:36,862 : INFO : EventManager : Event: ======'slide_mission_pinball_active'====== Args={'_from_bcp': True}
2022-09-17 09:33:37,167 : INFO : SwitchController : <<<<<<< 's_start' active >>>>>>>
2022-09-17 09:33:37,279 : INFO : SwitchController : <<<<<<< 's_start' inactive >>>>>>>
2022-09-17 09:33:37,279 : INFO : EventManager : Event: ======'request_to_start_game'====== Args={}
2022-09-17 09:33:37,280 : INFO : EventManager : Event: ======'collecting_balls'====== Args={}
2022-09-17 09:33:37,281 : INFO : BallController : Known balls: 5
2022-09-17 09:33:37,281 : INFO : BallController : bd_trough contains 4 balls. Tags ['trough', 'home', 'drain']
2022-09-17 09:33:37,281 : INFO : BallController : bd_plunger contains 0 balls. Tags []
2022-09-17 09:33:37,281 : INFO : BallController : bd_vukmid contains 0 balls. Tags []
2022-09-17 09:33:37,281 : INFO : BallController : bd_vuktop contains 0 balls. Tags []
2022-09-17 09:33:37,281 : INFO : BallController : playfield contains 1 balls. Tags ['default']
2022-09-17 09:33:37,281 : WARNING : BallController : BallController denies game start. Balls are not in their home positions.
2022-09-17 09:33:37,390 : INFO : SwitchController : <<<<<<< 's_start' active >>>>>>>
2022-09-17 09:33:37,453 : INFO : SwitchController : <<<<<<< 's_start' inactive >>>>>>>
2022-09-17 09:33:37,453 : INFO : EventManager : Event: ======'request_to_start_game'====== Args={}
2022-09-17 09:33:37,454 : INFO : EventManager : Event: ======'collecting_balls'====== Args={}
2022-09-17 09:33:37,455 : INFO : BallController : Known balls: 5
2022-09-17 09:33:37,455 : INFO : BallController : bd_trough contains 4 balls. Tags ['trough', 'home', 'drain']
2022-09-17 09:33:37,455 : INFO : BallController : bd_plunger contains 0 balls. Tags []
2022-09-17 09:33:37,455 : INFO : BallController : bd_vukmid contains 0 balls. Tags []
2022-09-17 09:33:37,455 : INFO : BallController : bd_vuktop contains 0 balls. Tags []
2022-09-17 09:33:37,455 : INFO : BallController : playfield contains 1 balls. Tags ['default']
2022-09-17 09:33:37,456 : WARNING : BallController : BallController denies game start. Balls are not in their home positions.
2022-09-17 09:33:37,578 : INFO : SwitchController : <<<<<<< 's_start' active >>>>>>>
2022-09-17 09:33:37,673 : INFO : SwitchController : <<<<<<< 's_start' inactive >>>>>>>
2022-09-17 09:33:37,673 : INFO : EventManager : Event: ======'request_to_start_game'====== Args={}
2022-09-17 09:33:37,675 : INFO : EventManager : Event: ======'collecting_balls'====== Args={}
2022-09-17 09:33:37,675 : INFO : BallController : Known balls: 5
2022-09-17 09:33:37,676 : INFO : BallController : bd_trough contains 4 balls. Tags ['trough', 'home', 'drain']
2022-09-17 09:33:37,676 : INFO : BallController : bd_plunger contains 0 balls. Tags []
2022-09-17 09:33:37,676 : INFO : BallController : bd_vukmid contains 0 balls. Tags []
2022-09-17 09:33:37,676 : INFO : BallController : bd_vuktop contains 0 balls. Tags []
2022-09-17 09:33:37,676 : INFO : BallController : playfield contains 1 balls. Tags ['default']
2022-09-17 09:33:37,676 : WARNING : BallController : BallController denies game start. Balls are not in their home positions.
2022-09-17 09:33:39,365 : INFO : Machine : Shutting down...
2022-09-17 09:33:39,365 : INFO : EventManager : Event: ======'shutdown'====== Args={}
2022-09-17 09:33:39,370 : ERROR : OPP : Stop called on serial connection COM7
2022-09-17 09:33:39,372 : INFO : root : MPF run loop ended.
