2022-08-23 19:38:53,118 : kivy : Factory: 186 symbols loaded
2022-08-23 19:38:53,326 : kivy : ImageLoaderFFPy: Using ffpyplayer 4.3.2
2022-08-23 19:38:53,327 : kivy : Image: Providers: img_tex, img_dds, img_sdl2, img_pil, img_ffpyplayer 
2022-08-23 19:38:53,411 : kivy : VideoGstplayer: Using Gstreamer 1.18.0.0
2022-08-23 19:38:53,411 : kivy : Video: Provider: gstplayer
2022-08-23 19:38:53,917 : kivy : Loading MPF-MC controller
2022-08-23 19:38:53,924 : YamlMultifileConfigLoader : Machine config file #1: config
2022-08-23 19:38:53,925 : ConfigProcessor : Config file in cache changed: C:\pinball\mpfv1\config\config
2022-08-23 19:38:53,937 : ConfigProcessor : Loading config from file C:\Users\dorus\AppData\Local\Programs\Python\Python38\lib\site-packages\mpfmc\mcconfig.yaml.
2022-08-23 19:38:54,008 : ConfigProcessor : Loading config: C:\Users\dorus\AppData\Local\Programs\Python\Python38\lib\site-packages\mpfmc\mcconfig.yaml
2022-08-23 19:38:54,009 : ConfigProcessor : Loading config from file C:\pinball\mpfv1\config\config.
2022-08-23 19:38:54,013 : ConfigProcessor : Loading config: C:\pinball\mpfv1\config\config
2022-08-23 19:38:54,064 : ConfigProcessor : Loading config: C:\pinball\mpfv1\config\hardware.yaml
2022-08-23 19:38:54,066 : ConfigProcessor : Config file cache created: C:\Users\dorus\AppData\Local\Temp\54d4e1f26f77dfcbadc00e9606c45708.mpf_cache
2022-08-23 19:38:54,067 : ConfigProcessor : Loading config from cache: C:\Users\dorus\AppData\Local\Temp\5eb3439dbf16142704b5198a23e9a58c.mpf_cache
2022-08-23 19:38:54,068 : ConfigProcessor : Loading config from cache: C:\Users\dorus\AppData\Local\Temp\336e6d2601ccb63523c70814805acbf1.mpf_cache
2022-08-23 19:38:54,069 : ConfigProcessor : Loading config from cache: C:\Users\dorus\AppData\Local\Temp\d4952d0b9ea6ba2ec58a4f9adbee2d8a.mpf_cache
2022-08-23 19:38:54,070 : mpfmc : Mission Pinball Framework Media Controller v0.55.0
2022-08-23 19:38:54,070 : mpfmc : Mission Pinball Framework Game Engine v0.55.0
2022-08-23 19:38:54,070 : mpfmc : Machine path: C:\pinball\mpfv1
2022-08-23 19:38:54,070 : mpfmc : Starting clock at 60.0Hz
2022-08-23 19:38:54,093 : kivy : Text: Provider: sdl2
