2022-10-23 14:05:17,348 : kivy : Factory: 186 symbols loaded
2022-10-23 14:05:17,568 : kivy : ImageLoaderFFPy: Using ffpyplayer 4.3.2
2022-10-23 14:05:17,569 : kivy : Image: Providers: img_tex, img_dds, img_sdl2, img_pil, img_ffpyplayer 
2022-10-23 14:05:17,640 : kivy : VideoGstplayer: Using Gstreamer 1.18.0.0
2022-10-23 14:05:17,641 : kivy : Video: Provider: gstplayer
2022-10-23 14:05:18,062 : kivy : Loading MPF-MC controller
2022-10-23 14:05:18,079 : YamlMultifileConfigLoader : Machine config file #1: config
2022-10-23 14:05:18,080 : ConfigProcessor : Config file in cache changed: C:\Users\dorus\OneDrive\Documents\Pinball\Github\Pinball-MPF\mpfv1\config\config
2022-10-23 14:05:18,081 : ConfigProcessor : Loading config from file C:\Users\dorus\AppData\Local\Programs\Python\Python38\lib\site-packages\mpfmc\mcconfig.yaml.
2022-10-23 14:05:18,136 : ConfigProcessor : Loading config: C:\Users\dorus\AppData\Local\Programs\Python\Python38\lib\site-packages\mpfmc\mcconfig.yaml
2022-10-23 14:05:18,137 : ConfigProcessor : Loading config from file C:\Users\dorus\OneDrive\Documents\Pinball\Github\Pinball-MPF\mpfv1\config\config.
2022-10-23 14:05:18,141 : ConfigProcessor : Loading config: C:\Users\dorus\OneDrive\Documents\Pinball\Github\Pinball-MPF\mpfv1\config\config
2022-10-23 14:05:18,193 : ConfigProcessor : Loading config: C:\Users\dorus\OneDrive\Documents\Pinball\Github\Pinball-MPF\mpfv1\config\hardware.yaml
2022-10-23 14:05:18,205 : ConfigProcessor : Loading config: C:\Users\dorus\OneDrive\Documents\Pinball\Github\Pinball-MPF\mpfv1\config\sounds.yaml
2022-10-23 14:05:18,209 : ConfigProcessor : Loading config: C:\Users\dorus\OneDrive\Documents\Pinball\Github\Pinball-MPF\mpfv1\config\display.yaml
2022-10-23 14:05:18,216 : ConfigProcessor : Loading config: C:\Users\dorus\OneDrive\Documents\Pinball\Github\Pinball-MPF\mpfv1\config\keyboard.yaml
2022-10-23 14:05:18,238 : ConfigProcessor : Loading config: C:\Users\dorus\OneDrive\Documents\Pinball\Github\Pinball-MPF\mpfv1\config\slides.yaml
2022-10-23 14:05:18,241 : ConfigProcessor : Loading config: C:\Users\dorus\OneDrive\Documents\Pinball\Github\Pinball-MPF\mpfv1\config\light_shows.yaml
2022-10-23 14:05:18,247 : ConfigProcessor : Config file cache created: C:\Users\dorus\AppData\Local\Temp\7e51f468519621fe47191f26eea0f791.mpf_cache
2022-10-23 14:05:18,248 : ConfigProcessor : Loading config from cache: C:\Users\dorus\AppData\Local\Temp\69e5e641cece6cfbb9f28306d01595e4.mpf_cache
2022-10-23 14:05:18,249 : ConfigProcessor : Loading config from cache: C:\Users\dorus\AppData\Local\Temp\336e6d2601ccb63523c70814805acbf1.mpf_cache
2022-10-23 14:05:18,250 : ConfigProcessor : Loading config from cache: C:\Users\dorus\AppData\Local\Temp\8f8558ef7eb783a34103d845cb15f27a.mpf_cache
2022-10-23 14:05:18,251 : ConfigProcessor : Loading config from cache: C:\Users\dorus\AppData\Local\Temp\3f4ec0fd6e14e835699e1ee64ae7815f.mpf_cache
2022-10-23 14:05:18,253 : ConfigProcessor : Loading config from cache: C:\Users\dorus\AppData\Local\Temp\07450fdcdb716b1c510f1f1f728b03da.mpf_cache
2022-10-23 14:05:18,254 : mpfmc : Mission Pinball Framework Media Controller v0.55.0
2022-10-23 14:05:18,254 : mpfmc : Mission Pinball Framework Game Engine v0.55.0
2022-10-23 14:05:18,254 : mpfmc : Machine path: C:\Users\dorus\OneDrive\Documents\Pinball\Github\Pinball-MPF\mpfv1
2022-10-23 14:05:18,254 : mpfmc : Starting clock at 60.0Hz
2022-10-23 14:05:18,288 : kivy : Text: Provider: sdl2
2022-10-23 14:05:18,388 : kivy : Window: Provider: sdl2
2022-10-23 14:05:18,665 : kivy : GL: Using the "OpenGL" graphics system
2022-10-23 14:05:18,667 : kivy : GL: GLEW initialization succeeded
2022-10-23 14:05:18,667 : kivy : GL: Backend used <glew>
2022-10-23 14:05:18,667 : kivy : GL: OpenGL version <b'4.6.0 - Build 26.20.100.7372'>
2022-10-23 14:05:18,667 : kivy : GL: OpenGL vendor <b'Intel'>
2022-10-23 14:05:18,667 : kivy : GL: OpenGL renderer <b'Intel(R) UHD Graphics'>
2022-10-23 14:05:18,667 : kivy : GL: OpenGL parsed version: 4, 6
2022-10-23 14:05:18,667 : kivy : GL: Shading version <b'4.60 - Build 26.20.100.7372'>
2022-10-23 14:05:18,667 : kivy : GL: Texture max size <16384>
2022-10-23 14:05:18,667 : kivy : GL: Texture max units <32>
2022-10-23 14:05:18,708 : kivy : Window: auto add sdl2 input provider
2022-10-23 14:05:18,708 : kivy : Window: virtual keyboard not allowed, single mode, not docked
2022-10-23 14:05:18,955 : AudioInterface : Initialized
2022-10-23 14:05:18,955 : AudioInterface : Loaded SDL 2.0.12
2022-10-23 14:05:18,955 : AudioInterface : Loaded SDL_Mixer 2.0.4
2022-10-23 14:05:18,955 : AudioInterface : Loaded GStreamer 1.18.0.0
2022-10-23 14:05:18,955 : AudioInterface : Loaded GLib 2.62.6
2022-10-23 14:05:18,955 : AudioInterface : Settings requested - rate: 44100, channels: 1, buffer: 2048 samples
2022-10-23 14:05:18,955 : AudioInterface : Settings in use - rate: 44100, channels: 1, buffer: 2048 samples (4096 bytes @ 2 bytes per sample)
2022-10-23 14:05:18,955 : SoundSystem : Setting master volume to 0.0
2022-10-23 14:05:18,956 : SoundSystem : master_volume in sound_system is deprecated and will be removed in the future.
2022-10-23 14:05:18,956 : AudioInterface : Enabling audio playback
2022-10-23 14:05:18,958 : kivy : Base: Start application main loop
2022-10-23 14:05:18,959 : EventManager : Event: ======'display_window_initialized'====== Args={}
2022-10-23 14:05:18,959 : EventManager : Event: ======'display_Disp_Player_initialized'====== Args={}
2022-10-23 14:05:18,959 : EventManager : Event: ======'display_Disp_Menu_initialized'====== Args={}
2022-10-23 14:05:18,959 : EventManager : Event: ======'display_Disp_Ball_initialized'====== Args={}
2022-10-23 14:05:18,959 : EventManager : Event: ======'display_Disp_Message_initialized'====== Args={}
2022-10-23 14:05:18,960 : EventManager : Event: ======'display_Disp_Counter_initialized'====== Args={}
2022-10-23 14:05:18,960 : EventManager : Event: ======'display_Disp_Score_initialized'====== Args={}
2022-10-23 14:05:18,960 : EventManager : Event: ======'display_Disp_Icons_initialized'====== Args={}
2022-10-23 14:05:18,974 : mpfmc : Display: Setting 'window' as default display
2022-10-23 14:05:18,980 : EventManager : Event: ======'displays_initialized'====== Args={}
2022-10-23 14:05:18,982 : EventManager : Event: ======'slide_window_blank_created'====== Args={}
2022-10-23 14:05:18,982 : EventManager : Event: ======'display_window_ready'====== Args={}
2022-10-23 14:05:18,983 : EventManager : Event: ======'slide_Disp_Player_blank_created'====== Args={}
2022-10-23 14:05:18,983 : EventManager : Event: ======'display_Disp_Player_ready'====== Args={}
2022-10-23 14:05:18,983 : EventManager : Event: ======'slide_Disp_Menu_blank_created'====== Args={}
2022-10-23 14:05:18,983 : EventManager : Event: ======'display_Disp_Menu_ready'====== Args={}
2022-10-23 14:05:18,984 : EventManager : Event: ======'slide_Disp_Ball_blank_created'====== Args={}
2022-10-23 14:05:18,984 : EventManager : Event: ======'display_Disp_Ball_ready'====== Args={}
2022-10-23 14:05:18,984 : EventManager : Event: ======'slide_Disp_Message_blank_created'====== Args={}
2022-10-23 14:05:18,984 : EventManager : Event: ======'display_Disp_Message_ready'====== Args={}
2022-10-23 14:05:18,984 : EventManager : Event: ======'slide_Disp_Counter_blank_created'====== Args={}
2022-10-23 14:05:18,985 : EventManager : Event: ======'display_Disp_Counter_ready'====== Args={}
2022-10-23 14:05:18,985 : EventManager : Event: ======'slide_Disp_Score_blank_created'====== Args={}
2022-10-23 14:05:18,985 : EventManager : Event: ======'display_Disp_Score_ready'====== Args={}
2022-10-23 14:05:18,985 : EventManager : Event: ======'slide_Disp_Icons_blank_created'====== Args={}
2022-10-23 14:05:18,985 : EventManager : Event: ======'display_Disp_Icons_ready'====== Args={}
2022-10-23 14:05:18,997 : EventManager : Event: ======'init_phase_1'====== Args={}
2022-10-23 14:05:19,002 : EventManager : Event: ======'mc_ready'====== Args={}
2022-10-23 14:05:19,003 : EventManager : Event: ======'init_phase_2'====== Args={}
2022-10-23 14:05:19,004 : EventManager : Event: ======'init_phase_3'====== Args={}
2022-10-23 14:05:19,007 : EventManager : Event: ======'init_phase_4'====== Args={}
2022-10-23 14:05:19,007 : EventManager : Event: ======'init_phase_5'====== Args={}
2022-10-23 14:05:19,046 : kivy : GL: NPOT texture support is available
2022-10-23 14:05:19,072 : EventManager : Event: ======'loading_assets'====== Args={'total': 1, 'loaded': 1, 'remaining': 0, 'percent': 100}
2022-10-23 14:05:19,073 : AssetManager : Asset loading took: 0.11715531349182129
2022-10-23 14:05:19,073 : EventManager : Event: ======'asset_loading_complete'====== Args={}
2022-10-23 14:05:19,073 : AssetManager : Loading assets: 1/1 (100%)
2022-10-23 14:05:19,073 : EventManager : Event: ======'init_done'====== Args={}
2022-10-23 14:05:19,074 : MPF-MC BCP Server : Starting up on localhost port 5050
2022-10-23 14:05:19,078 : MPF-MC BCP Server : Waiting for a connection...
2022-10-23 14:05:19,079 : mpfmc : SlidePlayer: Play called with settings={'slides': {welcome_slide-None-None: {'priority': None, 'target': None, 'background_color': [0.0, 0.0, 0.0, 1.0], 'show': True, 'force': False, 'expire': None, 'slide': None, 'tokens': {}, 'action': 'play', 'transition': None, 'transition_out': None}}}
2022-10-23 14:05:19,083 : EventManager : Event: ======'slide_welcome_slide_created'====== Args={}
2022-10-23 14:05:19,085 : EventManager : Event: ======'slide_welcome_slide_active'====== Args={}
2022-10-23 14:05:19,091 : EventManager : Event: ======'client_disconnected'====== Args={'host': '127.0.0.1', 'port': 5050}
2022-10-23 14:05:22,585 : kivy : Base: Leaving application in progress...
2022-10-23 14:05:22,775 : mpfmc : Stopping...
2022-10-23 14:05:22,775 : EventManager : Event: ======'shutdown'====== Args={}
2022-10-23 14:05:22,775 : AudioInterface : Disabling audio playback
2022-10-23 14:05:22,775 : mpfmc : Loop rate 75.72 Hz
2022-10-23 14:05:22,775 : kivy : MC run loop ended.
2022-10-23 14:05:22,775 : kivy : Stopping child threads... (3 remaining)
2022-10-23 14:05:23,080 : MPF-MC BCP Server : Stopping BCP sending thread
2022-10-23 14:05:23,082 : MPF-MC BCP Server : Stopping BCP listener thread
2022-10-23 14:05:23,101 : kivy : All child threads stopped.
