2022-08-21 20:15:45,297 : kivy : Factory: 186 symbols loaded
2022-08-21 20:15:46,372 : kivy : ImageLoaderFFPy: Using ffpyplayer 4.3.2
2022-08-21 20:15:46,373 : kivy : Image: Providers: img_tex, img_dds, img_sdl2, img_pil, img_ffpyplayer 
2022-08-21 20:15:46,817 : kivy : VideoGstplayer: Using Gstreamer 1.18.0.0
2022-08-21 20:15:46,817 : kivy : Video: Provider: gstplayer
2022-08-21 20:15:47,695 : kivy : Loading MPF-MC controller
2022-08-21 20:15:47,702 : YamlMultifileConfigLoader : Machine config file #1: config
2022-08-21 20:15:47,702 : ConfigProcessor : Loading config from file C:\Users\dorus\AppData\Local\Programs\Python\Python38\lib\site-packages\mpfmc\mcconfig.yaml.
2022-08-21 20:15:47,780 : ConfigProcessor : Loading config: C:\Users\dorus\AppData\Local\Programs\Python\Python38\lib\site-packages\mpfmc\mcconfig.yaml
2022-08-21 20:15:47,781 : ConfigProcessor : Loading config from file C:\pinball\mpfv1\config\config.
2022-08-21 20:15:47,785 : ConfigProcessor : Loading config: C:\pinball\mpfv1\config\config
2022-08-21 20:15:47,832 : ConfigProcessor : Loading config: C:\pinball\mpfv1\config\hardware.yaml
2022-08-21 20:15:47,834 : ConfigProcessor : Config file cache created: C:\Users\dorus\AppData\Local\Temp\54d4e1f26f77dfcbadc00e9606c45708.mpf_cache
2022-08-21 20:15:47,835 : ConfigProcessor : Loading config from cache: C:\Users\dorus\AppData\Local\Temp\5eb3439dbf16142704b5198a23e9a58c.mpf_cache
2022-08-21 20:15:47,846 : ConfigProcessor : Loading config from cache: C:\Users\dorus\AppData\Local\Temp\336e6d2601ccb63523c70814805acbf1.mpf_cache
2022-08-21 20:15:47,855 : ConfigProcessor : Loading config from cache: C:\Users\dorus\AppData\Local\Temp\d4952d0b9ea6ba2ec58a4f9adbee2d8a.mpf_cache
2022-08-21 20:15:47,867 : mpfmc : Mission Pinball Framework Media Controller v0.55.0
2022-08-21 20:15:47,867 : mpfmc : Mission Pinball Framework Game Engine v0.55.0
2022-08-21 20:15:47,867 : mpfmc : Machine path: C:\pinball\mpfv1
2022-08-21 20:15:47,867 : mpfmc : Starting clock at 60.0Hz
2022-08-21 20:15:48,045 : kivy : Text: Provider: sdl2
2022-08-21 20:15:48,219 : kivy : Window: Provider: sdl2
2022-08-21 20:15:48,712 : kivy : GL: Using the "OpenGL" graphics system
2022-08-21 20:15:48,716 : kivy : GL: GLEW initialization succeeded
2022-08-21 20:15:48,717 : kivy : GL: Backend used <glew>
2022-08-21 20:15:48,718 : kivy : GL: OpenGL version <b'4.6.0 - Build 26.20.100.7372'>
2022-08-21 20:15:48,718 : kivy : GL: OpenGL vendor <b'Intel'>
2022-08-21 20:15:48,718 : kivy : GL: OpenGL renderer <b'Intel(R) UHD Graphics'>
2022-08-21 20:15:48,718 : kivy : GL: OpenGL parsed version: 4, 6
2022-08-21 20:15:48,720 : kivy : GL: Shading version <b'4.60 - Build 26.20.100.7372'>
2022-08-21 20:15:48,720 : kivy : GL: Texture max size <16384>
2022-08-21 20:15:48,720 : kivy : GL: Texture max units <32>
2022-08-21 20:15:48,809 : kivy : Window: auto add sdl2 input provider
2022-08-21 20:15:48,809 : kivy : Window: virtual keyboard not allowed, single mode, not docked
2022-08-21 20:15:48,826 : SoundSystem : SoundSystem: Using default 'sound_system' settings
2022-08-21 20:15:58,476 : AudioInterface : Initialized
2022-08-21 20:15:58,477 : AudioInterface : Loaded SDL 2.0.12
2022-08-21 20:15:58,477 : AudioInterface : Loaded SDL_Mixer 2.0.4
2022-08-21 20:15:58,477 : AudioInterface : Loaded GStreamer 1.18.0.0
2022-08-21 20:15:58,477 : AudioInterface : Loaded GLib 2.62.6
2022-08-21 20:15:58,477 : AudioInterface : Settings requested - rate: 44100, channels: 1, buffer: 2048 samples
2022-08-21 20:15:58,477 : AudioInterface : Settings in use - rate: 44100, channels: 1, buffer: 2048 samples (4096 bytes @ 2 bytes per sample)
2022-08-21 20:15:58,478 : SoundSystem : No audio tracks are specified in your machine config file. a track named 'default' has been created.
2022-08-21 20:15:58,478 : SoundSystem : Setting master volume to 0.0
2022-08-21 20:15:58,478 : SoundSystem : master_volume in sound_system is deprecated and will be removed in the future.
2022-08-21 20:15:58,478 : AudioInterface : Enabling audio playback
2022-08-21 20:15:58,480 : kivy : Base: Start application main loop
2022-08-21 20:15:58,481 : EventManager : Event: ======'display_default_initialized'====== Args={}
2022-08-21 20:15:58,499 : mpfmc : Display: Setting 'default' as default display
2022-08-21 20:15:58,504 : EventManager : Event: ======'displays_initialized'====== Args={}
2022-08-21 20:15:58,505 : EventManager : Event: ======'slide_default_blank_created'====== Args={}
2022-08-21 20:15:58,505 : EventManager : Event: ======'display_default_ready'====== Args={}
2022-08-21 20:15:58,523 : EventManager : Event: ======'init_phase_1'====== Args={}
2022-08-21 20:15:58,525 : EventManager : Event: ======'mc_ready'====== Args={}
2022-08-21 20:15:58,525 : EventManager : Event: ======'init_phase_2'====== Args={}
2022-08-21 20:15:58,529 : EventManager : Event: ======'init_phase_3'====== Args={}
2022-08-21 20:15:58,531 : EventManager : Event: ======'init_phase_4'====== Args={}
2022-08-21 20:15:58,531 : EventManager : Event: ======'init_phase_5'====== Args={}
2022-08-21 20:15:58,560 : EventManager : Event: ======'loading_assets'====== Args={'total': 10, 'loaded': 1, 'remaining': 9, 'percent': 10}
2022-08-21 20:15:58,580 : AssetManager : Loading assets: 1/10 (10%)
2022-08-21 20:15:58,768 : EventManager : Event: ======'loading_assets'====== Args={'total': 10, 'loaded': 7, 'remaining': 3, 'percent': 70}
2022-08-21 20:15:58,768 : AssetManager : Loading assets: 7/10 (70%)
2022-08-21 20:15:58,848 : EventManager : Event: ======'loading_assets'====== Args={'total': 10, 'loaded': 10, 'remaining': 0, 'percent': 100}
2022-08-21 20:15:58,848 : AssetManager : Asset loading took: 0.37064194679260254
2022-08-21 20:15:58,848 : EventManager : Event: ======'asset_loading_complete'====== Args={}
2022-08-21 20:15:58,848 : AssetManager : Loading assets: 10/10 (100%)
2022-08-21 20:15:58,848 : EventManager : Event: ======'init_done'====== Args={}
2022-08-21 20:15:58,848 : MPF-MC BCP Server : Starting up on localhost port 5050
2022-08-21 20:15:58,853 : MPF-MC BCP Server : Waiting for a connection...
2022-08-21 20:15:58,860 : EventManager : Event: ======'client_disconnected'====== Args={'host': '127.0.0.1', 'port': 5050}
2022-08-21 20:16:10,504 : kivy : Base: Leaving application in progress...
2022-08-21 20:16:10,504 : mpfmc : Stopping...
2022-08-21 20:16:10,504 : EventManager : Event: ======'shutdown'====== Args={}
2022-08-21 20:16:10,504 : AudioInterface : Disabling audio playback
2022-08-21 20:16:10,647 : mpfmc : Loop rate 79.47 Hz
2022-08-21 20:16:10,647 : kivy : MC run loop ended.
2022-08-21 20:16:10,647 : kivy : Stopping child threads... (3 remaining)
2022-08-21 20:16:10,858 : MPF-MC BCP Server : Stopping BCP listener thread
2022-08-21 20:16:10,858 : MPF-MC BCP Server : Stopping BCP sending thread
2022-08-21 20:16:10,950 : kivy : All child threads stopped.
