2022-09-17 09:16:59,429 : kivy : Factory: 186 symbols loaded
2022-09-17 09:16:59,660 : kivy : ImageLoaderFFPy: Using ffpyplayer 4.3.2
2022-09-17 09:16:59,661 : kivy : Image: Providers: img_tex, img_dds, img_sdl2, img_pil, img_ffpyplayer 
2022-09-17 09:16:59,732 : kivy : VideoGstplayer: Using Gstreamer 1.18.0.0
2022-09-17 09:16:59,732 : kivy : Video: Provider: gstplayer
2022-09-17 09:17:00,188 : kivy : Loading MPF-MC controller
2022-09-17 09:17:00,190 : YamlMultifileConfigLoader : Machine config file #1: config
2022-09-17 09:17:00,191 : ConfigProcessor : Config file in cache changed: C:\pinball\mpfv1\config\config
2022-09-17 09:17:00,191 : ConfigProcessor : Loading config from file C:\Users\dorus\AppData\Local\Programs\Python\Python38\lib\site-packages\mpfmc\mcconfig.yaml.
2022-09-17 09:17:00,218 : ConfigProcessor : Loading config: C:\Users\dorus\AppData\Local\Programs\Python\Python38\lib\site-packages\mpfmc\mcconfig.yaml
2022-09-17 09:17:00,219 : ConfigProcessor : Loading config from file C:\pinball\mpfv1\config\config.
2022-09-17 09:17:00,221 : ConfigProcessor : Loading config: C:\pinball\mpfv1\config\config
2022-09-17 09:17:00,244 : ConfigProcessor : Loading config: C:\pinball\mpfv1\config\hardware.yaml
2022-09-17 09:17:00,262 : ConfigProcessor : Loading config: C:\pinball\mpfv1\config\sounds.yaml
2022-09-17 09:17:00,269 : ConfigProcessor : Loading config: C:\pinball\mpfv1\config\display.yaml
2022-09-17 09:17:00,290 : ConfigProcessor : Loading config: C:\pinball\mpfv1\config\keyboard.yaml
2022-09-17 09:17:00,292 : ConfigProcessor : Config file cache created: C:\Users\dorus\AppData\Local\Temp\54d4e1f26f77dfcbadc00e9606c45708.mpf_cache
2022-09-17 09:17:00,292 : ConfigProcessor : Loading config from cache: C:\Users\dorus\AppData\Local\Temp\5eb3439dbf16142704b5198a23e9a58c.mpf_cache
2022-09-17 09:17:00,293 : ConfigProcessor : Loading config from cache: C:\Users\dorus\AppData\Local\Temp\336e6d2601ccb63523c70814805acbf1.mpf_cache
2022-09-17 09:17:00,294 : ConfigProcessor : Loading config from cache: C:\Users\dorus\AppData\Local\Temp\d4952d0b9ea6ba2ec58a4f9adbee2d8a.mpf_cache
2022-09-17 09:17:00,294 : ConfigProcessor : Loading config from cache: C:\Users\dorus\AppData\Local\Temp\559f6283f098772e04564bccbb105016.mpf_cache
2022-09-17 09:17:00,295 : ConfigProcessor : Loading config from cache: C:\Users\dorus\AppData\Local\Temp\9d4ddc5b486987071715110e2b9dff2c.mpf_cache
2022-09-17 09:17:00,295 : mpfmc : Mission Pinball Framework Media Controller v0.55.0
2022-09-17 09:17:00,295 : mpfmc : Mission Pinball Framework Game Engine v0.55.0
2022-09-17 09:17:00,295 : mpfmc : Machine path: C:\pinball\mpfv1
2022-09-17 09:17:00,295 : mpfmc : Starting clock at 60.0Hz
2022-09-17 09:17:00,321 : kivy : Text: Provider: sdl2
2022-09-17 09:17:00,394 : kivy : Window: Provider: sdl2
2022-09-17 09:17:00,549 : kivy : GL: Using the "OpenGL" graphics system
2022-09-17 09:17:00,551 : kivy : GL: GLEW initialization succeeded
2022-09-17 09:17:00,551 : kivy : GL: Backend used <glew>
2022-09-17 09:17:00,551 : kivy : GL: OpenGL version <b'4.6.0 - Build 26.20.100.7372'>
2022-09-17 09:17:00,551 : kivy : GL: OpenGL vendor <b'Intel'>
2022-09-17 09:17:00,551 : kivy : GL: OpenGL renderer <b'Intel(R) UHD Graphics'>
2022-09-17 09:17:00,551 : kivy : GL: OpenGL parsed version: 4, 6
2022-09-17 09:17:00,551 : kivy : GL: Shading version <b'4.60 - Build 26.20.100.7372'>
2022-09-17 09:17:00,552 : kivy : GL: Texture max size <16384>
2022-09-17 09:17:00,552 : kivy : GL: Texture max units <32>
2022-09-17 09:17:00,598 : kivy : Window: auto add sdl2 input provider
2022-09-17 09:17:00,599 : kivy : Window: virtual keyboard not allowed, single mode, not docked
2022-09-17 09:17:00,874 : AudioInterface : Initialized
2022-09-17 09:17:00,874 : AudioInterface : Loaded SDL 2.0.12
2022-09-17 09:17:00,874 : AudioInterface : Loaded SDL_Mixer 2.0.4
2022-09-17 09:17:00,874 : AudioInterface : Loaded GStreamer 1.18.0.0
2022-09-17 09:17:00,874 : AudioInterface : Loaded GLib 2.62.6
2022-09-17 09:17:00,874 : AudioInterface : Settings requested - rate: 44100, channels: 1, buffer: 2048 samples
2022-09-17 09:17:00,875 : AudioInterface : Settings in use - rate: 44100, channels: 1, buffer: 2048 samples (4096 bytes @ 2 bytes per sample)
2022-09-17 09:17:00,875 : SoundSystem : Setting master volume to 0.0
2022-09-17 09:17:00,875 : SoundSystem : master_volume in sound_system is deprecated and will be removed in the future.
2022-09-17 09:17:00,875 : AudioInterface : Enabling audio playback
2022-09-17 09:17:00,877 : kivy : Base: Start application main loop
2022-09-17 09:17:00,877 : EventManager : Event: ======'display_window_initialized'====== Args={}
2022-09-17 09:17:00,890 : mpfmc : Display: Setting 'window' as default display
2022-09-17 09:17:00,895 : EventManager : Event: ======'displays_initialized'====== Args={}
2022-09-17 09:17:00,896 : EventManager : Event: ======'slide_window_blank_created'====== Args={}
2022-09-17 09:17:00,896 : EventManager : Event: ======'display_window_ready'====== Args={}
2022-09-17 09:17:00,906 : EventManager : Event: ======'init_phase_1'====== Args={}
2022-09-17 09:17:00,909 : EventManager : Event: ======'mc_ready'====== Args={}
2022-09-17 09:17:00,910 : EventManager : Event: ======'init_phase_2'====== Args={}
2022-09-17 09:17:00,911 : EventManager : Event: ======'init_phase_3'====== Args={}
2022-09-17 09:17:00,913 : EventManager : Event: ======'init_phase_4'====== Args={}
2022-09-17 09:17:00,913 : EventManager : Event: ======'init_phase_5'====== Args={}
2022-09-17 09:17:00,913 : EventManager : Event: ======'init_done'====== Args={}
2022-09-17 09:17:00,913 : MPF-MC BCP Server : Starting up on localhost port 5050
2022-09-17 09:17:00,918 : MPF-MC BCP Server : Waiting for a connection...
2022-09-17 09:17:00,918 : mpfmc : SlidePlayer: Play called with settings={'slides': {welcome_slide-None-None: {'priority': None, 'target': None, 'background_color': [0.0, 0.0, 0.0, 1.0], 'show': True, 'force': False, 'expire': None, 'slide': None, 'tokens': {}, 'action': 'play', 'transition': None, 'transition_out': None}}}
2022-09-17 09:17:00,923 : kivy : GL: NPOT texture support is available
2022-09-17 09:17:00,924 : EventManager : Event: ======'slide_welcome_slide_created'====== Args={}
2022-09-17 09:17:00,926 : EventManager : Event: ======'slide_welcome_slide_active'====== Args={}
2022-09-17 09:17:00,930 : EventManager : Event: ======'client_disconnected'====== Args={'host': '127.0.0.1', 'port': 5050}
2022-09-17 09:17:01,675 : MPF-MC BCP Server : Received connection from: 127.0.0.1:49167
2022-09-17 09:17:01,687 : EventManager : Event: ======'client_connected'====== Args={'host': '127.0.0.1', 'port': 49167}
2022-09-17 09:17:01,699 : EventManager : Event: ======'machine_var_credits_string'====== Args={'value': 'FREE PLAY', 'prev_value': None, 'change': True}
2022-09-17 09:17:01,699 : EventManager : Event: ======'machine_var_master_volume'====== Args={'value': 0.5, 'prev_value': None, 'change': True}
2022-09-17 09:17:01,699 : EventManager : Event: ======'machine_var_player1_score'====== Args={'value': 17500, 'prev_value': None, 'change': True}
2022-09-17 09:17:01,699 : EventManager : Event: ======'machine_var_mpf_version'====== Args={'value': 'MPF v0.55.0', 'prev_value': None, 'change': True}
2022-09-17 09:17:01,699 : EventManager : Event: ======'machine_var_mpf_extended_version'====== Args={'value': 'MPF v0.55.0, Config version:5, Show version: 5, BCP version:1.1', 'prev_value': None, 'change': True}
2022-09-17 09:17:01,699 : EventManager : Event: ======'machine_var_python_version'====== Args={'value': '3.8.10', 'prev_value': None, 'change': True}
2022-09-17 09:17:01,699 : EventManager : Event: ======'machine_var_platform'====== Args={'value': 'Windows-10-10.0.19044-SP0', 'prev_value': None, 'change': True}
2022-09-17 09:17:01,699 : EventManager : Event: ======'machine_var_platform_system'====== Args={'value': 'Windows', 'prev_value': None, 'change': True}
2022-09-17 09:17:01,699 : EventManager : Event: ======'machine_var_platform_release'====== Args={'value': '10', 'prev_value': None, 'change': True}
2022-09-17 09:17:01,699 : EventManager : Event: ======'machine_var_platform_version'====== Args={'value': '10.0.19044', 'prev_value': None, 'change': True}
2022-09-17 09:17:01,700 : EventManager : Event: ======'machine_var_platform_machine'====== Args={'value': 'AMD64', 'prev_value': None, 'change': True}
2022-09-17 09:17:01,700 : EventManager : Event: ======'machine_var_mc_version'====== Args={'value': 'MPF-MC v0.55.0', 'prev_value': None, 'change': True}
2022-09-17 09:17:01,700 : EventManager : Event: ======'machine_var_mc_extended_version'====== Args={'value': 'MPF-MC v0.55.0 (config_version=5, BCP v1.1, Requires MPF v0.55.0-dev.49)', 'prev_value': None, 'change': True}
2022-09-17 09:17:01,700 : SoundSystem : Setting master volume to 0.5
2022-09-17 09:17:01,752 : kivy : Base: Leaving application in progress...
2022-09-17 09:17:01,932 : mpfmc : Stopping...
2022-09-17 09:17:01,932 : EventManager : Event: ======'shutdown'====== Args={}
2022-09-17 09:17:01,933 : AudioInterface : Disabling audio playback
2022-09-17 09:17:01,933 : mpfmc : Loop rate 66.22 Hz
2022-09-17 09:17:01,933 : kivy : MC run loop ended.
2022-09-17 09:17:01,933 : kivy : Stopping child threads... (3 remaining)
2022-09-17 09:17:02,362 : mpfmc : Stopping...
2022-09-17 09:17:02,362 : EventManager : Event: ======'shutdown'====== Args={}
2022-09-17 09:17:02,362 : mpfmc : Loop rate 47.09 Hz
2022-09-17 09:17:02,688 : MPF-MC BCP Server : Stopping BCP sending thread
2022-09-17 09:17:02,796 : kivy : All child threads stopped.
