2022-10-23 15:14:43,293 : kivy : Factory: 186 symbols loaded
2022-10-23 15:14:43,507 : kivy : ImageLoaderFFPy: Using ffpyplayer 4.3.2
2022-10-23 15:14:43,507 : kivy : Image: Providers: img_tex, img_dds, img_sdl2, img_pil, img_ffpyplayer 
2022-10-23 15:14:43,568 : kivy : VideoGstplayer: Using Gstreamer 1.18.0.0
2022-10-23 15:14:43,568 : kivy : Video: Provider: gstplayer
2022-10-23 15:14:44,000 : kivy : Loading MPF-MC controller
2022-10-23 15:14:44,006 : YamlMultifileConfigLoader : Machine config file #1: config
2022-10-23 15:14:44,007 : ConfigProcessor : Config file in cache changed: C:\Users\dorus\OneDrive\Documents\Pinball\Github\Pinball-MPF\mpfv1\config\config
2022-10-23 15:14:44,008 : ConfigProcessor : Loading config from file C:\Users\dorus\AppData\Local\Programs\Python\Python38\lib\site-packages\mpfmc\mcconfig.yaml.
2022-10-23 15:14:44,079 : ConfigProcessor : Loading config: C:\Users\dorus\AppData\Local\Programs\Python\Python38\lib\site-packages\mpfmc\mcconfig.yaml
2022-10-23 15:14:44,080 : ConfigProcessor : Loading config from file C:\Users\dorus\OneDrive\Documents\Pinball\Github\Pinball-MPF\mpfv1\config\config.
2022-10-23 15:14:44,084 : ConfigProcessor : Loading config: C:\Users\dorus\OneDrive\Documents\Pinball\Github\Pinball-MPF\mpfv1\config\config
2022-10-23 15:14:44,125 : ConfigProcessor : Loading config: C:\Users\dorus\OneDrive\Documents\Pinball\Github\Pinball-MPF\mpfv1\config\hardware.yaml
2022-10-23 15:14:44,139 : ConfigProcessor : Loading config: C:\Users\dorus\OneDrive\Documents\Pinball\Github\Pinball-MPF\mpfv1\config\sounds.yaml
2022-10-23 15:14:44,147 : ConfigProcessor : Loading config: C:\Users\dorus\OneDrive\Documents\Pinball\Github\Pinball-MPF\mpfv1\config\display.yaml
2022-10-23 15:14:44,159 : ConfigProcessor : Loading config: C:\Users\dorus\OneDrive\Documents\Pinball\Github\Pinball-MPF\mpfv1\config\keyboard.yaml
2022-10-23 15:14:44,196 : ConfigProcessor : Loading config: C:\Users\dorus\OneDrive\Documents\Pinball\Github\Pinball-MPF\mpfv1\config\slides.yaml
2022-10-23 15:14:44,201 : ConfigProcessor : Loading config: C:\Users\dorus\OneDrive\Documents\Pinball\Github\Pinball-MPF\mpfv1\config\light_shows.yaml
2022-10-23 15:14:44,205 : ConfigProcessor : Config file cache created: C:\Users\dorus\AppData\Local\Temp\7e51f468519621fe47191f26eea0f791.mpf_cache
2022-10-23 15:14:44,205 : ConfigProcessor : Loading config from cache: C:\Users\dorus\AppData\Local\Temp\69e5e641cece6cfbb9f28306d01595e4.mpf_cache
2022-10-23 15:14:44,206 : ConfigProcessor : Loading config from cache: C:\Users\dorus\AppData\Local\Temp\336e6d2601ccb63523c70814805acbf1.mpf_cache
2022-10-23 15:14:44,207 : ConfigProcessor : Loading config from cache: C:\Users\dorus\AppData\Local\Temp\8f8558ef7eb783a34103d845cb15f27a.mpf_cache
2022-10-23 15:14:44,208 : ConfigProcessor : Loading config from cache: C:\Users\dorus\AppData\Local\Temp\3f4ec0fd6e14e835699e1ee64ae7815f.mpf_cache
2022-10-23 15:14:44,210 : ConfigProcessor : Loading config from cache: C:\Users\dorus\AppData\Local\Temp\07450fdcdb716b1c510f1f1f728b03da.mpf_cache
2022-10-23 15:14:44,211 : mpfmc : Mission Pinball Framework Media Controller v0.55.0
2022-10-23 15:14:44,211 : mpfmc : Mission Pinball Framework Game Engine v0.55.0
2022-10-23 15:14:44,211 : mpfmc : Machine path: C:\Users\dorus\OneDrive\Documents\Pinball\Github\Pinball-MPF\mpfv1
2022-10-23 15:14:44,212 : mpfmc : Starting clock at 60.0Hz
2022-10-23 15:14:44,238 : kivy : Text: Provider: sdl2
2022-10-23 15:14:44,332 : kivy : Window: Provider: sdl2
2022-10-23 15:14:46,063 : kivy : GL: Using the "OpenGL" graphics system
2022-10-23 15:14:46,068 : kivy : GL: GLEW initialization succeeded
2022-10-23 15:14:46,069 : kivy : GL: Backend used <glew>
2022-10-23 15:14:46,069 : kivy : GL: OpenGL version <b'4.6.0 - Build 26.20.100.7372'>
2022-10-23 15:14:46,069 : kivy : GL: OpenGL vendor <b'Intel'>
2022-10-23 15:14:46,070 : kivy : GL: OpenGL renderer <b'Intel(R) UHD Graphics'>
2022-10-23 15:14:46,070 : kivy : GL: OpenGL parsed version: 4, 6
2022-10-23 15:14:46,070 : kivy : GL: Shading version <b'4.60 - Build 26.20.100.7372'>
2022-10-23 15:14:46,070 : kivy : GL: Texture max size <16384>
2022-10-23 15:14:46,070 : kivy : GL: Texture max units <32>
2022-10-23 15:14:46,147 : kivy : Window: auto add sdl2 input provider
2022-10-23 15:14:46,147 : kivy : Window: virtual keyboard not allowed, single mode, not docked
2022-10-23 15:14:46,514 : AudioInterface : Initialized
2022-10-23 15:14:46,514 : AudioInterface : Loaded SDL 2.0.12
2022-10-23 15:14:46,514 : AudioInterface : Loaded SDL_Mixer 2.0.4
2022-10-23 15:14:46,514 : AudioInterface : Loaded GStreamer 1.18.0.0
2022-10-23 15:14:46,515 : AudioInterface : Loaded GLib 2.62.6
2022-10-23 15:14:46,515 : AudioInterface : Settings requested - rate: 44100, channels: 1, buffer: 2048 samples
2022-10-23 15:14:46,515 : AudioInterface : Settings in use - rate: 44100, channels: 1, buffer: 2048 samples (4096 bytes @ 2 bytes per sample)
2022-10-23 15:14:46,515 : SoundSystem : Setting master volume to 0.0
2022-10-23 15:14:46,515 : SoundSystem : master_volume in sound_system is deprecated and will be removed in the future.
2022-10-23 15:14:46,515 : AudioInterface : Enabling audio playback
2022-10-23 15:14:46,633 : kivy : Base: Start application main loop
2022-10-23 15:14:46,636 : EventManager : Event: ======'display_window_initialized'====== Args={}
2022-10-23 15:14:46,636 : EventManager : Event: ======'display_Disp_Player_initialized'====== Args={}
2022-10-23 15:14:46,637 : EventManager : Event: ======'display_Disp_Menu_initialized'====== Args={}
2022-10-23 15:14:46,637 : EventManager : Event: ======'display_Disp_Ball_initialized'====== Args={}
2022-10-23 15:14:46,637 : EventManager : Event: ======'display_Disp_Message_initialized'====== Args={}
2022-10-23 15:14:46,638 : EventManager : Event: ======'display_Disp_Counter_initialized'====== Args={}
2022-10-23 15:14:46,638 : EventManager : Event: ======'display_Disp_Score_initialized'====== Args={}
2022-10-23 15:14:46,638 : EventManager : Event: ======'display_Disp_Icons_initialized'====== Args={}
2022-10-23 15:14:46,687 : mpfmc : Display: Setting 'window' as default display
2022-10-23 15:14:46,707 : mpfmc : ASPECT RATIO MISMATCH: The on-screen window is not the same aspect ratio as the display called 'window'. The logical display will be scaled from 1400x800 to the window size 1120x840, and a black bar will make up the difference
2022-10-23 15:14:46,721 : EventManager : Event: ======'displays_initialized'====== Args={}
2022-10-23 15:14:46,723 : EventManager : Event: ======'slide_window_blank_created'====== Args={}
2022-10-23 15:14:46,723 : EventManager : Event: ======'display_window_ready'====== Args={}
2022-10-23 15:14:46,724 : EventManager : Event: ======'slide_Disp_Player_blank_created'====== Args={}
2022-10-23 15:14:46,724 : EventManager : Event: ======'display_Disp_Player_ready'====== Args={}
2022-10-23 15:14:46,726 : EventManager : Event: ======'slide_Disp_Menu_blank_created'====== Args={}
2022-10-23 15:14:46,726 : EventManager : Event: ======'display_Disp_Menu_ready'====== Args={}
2022-10-23 15:14:46,727 : EventManager : Event: ======'slide_Disp_Ball_blank_created'====== Args={}
2022-10-23 15:14:46,728 : EventManager : Event: ======'display_Disp_Ball_ready'====== Args={}
2022-10-23 15:14:46,729 : EventManager : Event: ======'slide_Disp_Message_blank_created'====== Args={}
2022-10-23 15:14:46,729 : EventManager : Event: ======'display_Disp_Message_ready'====== Args={}
2022-10-23 15:14:46,729 : EventManager : Event: ======'slide_Disp_Counter_blank_created'====== Args={}
2022-10-23 15:14:46,729 : EventManager : Event: ======'display_Disp_Counter_ready'====== Args={}
2022-10-23 15:14:46,730 : EventManager : Event: ======'slide_Disp_Score_blank_created'====== Args={}
2022-10-23 15:14:46,730 : EventManager : Event: ======'display_Disp_Score_ready'====== Args={}
2022-10-23 15:14:46,731 : EventManager : Event: ======'slide_Disp_Icons_blank_created'====== Args={}
2022-10-23 15:14:46,732 : EventManager : Event: ======'display_Disp_Icons_ready'====== Args={}
2022-10-23 15:14:46,757 : EventManager : Event: ======'init_phase_1'====== Args={}
2022-10-23 15:14:46,771 : EventManager : Event: ======'mc_ready'====== Args={}
2022-10-23 15:14:46,771 : EventManager : Event: ======'init_phase_2'====== Args={}
2022-10-23 15:14:46,776 : EventManager : Event: ======'init_phase_3'====== Args={}
2022-10-23 15:14:46,781 : EventManager : Event: ======'init_phase_4'====== Args={}
2022-10-23 15:14:46,781 : EventManager : Event: ======'init_phase_5'====== Args={}
2022-10-23 15:14:46,872 : kivy : GL: NPOT texture support is available
2022-10-23 15:14:46,898 : EventManager : Event: ======'loading_assets'====== Args={'total': 2, 'loaded': 1, 'remaining': 1, 'percent': 50}
2022-10-23 15:14:46,899 : AssetManager : Loading assets: 1/2 (50%)
2022-10-23 15:14:46,928 : EventManager : Event: ======'loading_assets'====== Args={'total': 2, 'loaded': 2, 'remaining': 0, 'percent': 100}
2022-10-23 15:14:46,928 : AssetManager : Asset loading took: 0.4133298397064209
2022-10-23 15:14:46,929 : EventManager : Event: ======'asset_loading_complete'====== Args={}
2022-10-23 15:14:46,929 : AssetManager : Loading assets: 2/2 (100%)
2022-10-23 15:14:46,929 : EventManager : Event: ======'init_done'====== Args={}
2022-10-23 15:14:46,929 : MPF-MC BCP Server : Starting up on localhost port 5050
2022-10-23 15:14:46,933 : MPF-MC BCP Server : Waiting for a connection...
2022-10-23 15:14:46,933 : EventManager : Event: ======'client_disconnected'====== Args={'host': '127.0.0.1', 'port': 5050}
2022-10-23 15:14:47,218 : MPF-MC BCP Server : Received connection from: 127.0.0.1:53432
2022-10-23 15:14:47,222 : EventManager : Event: ======'client_connected'====== Args={'host': '127.0.0.1', 'port': 53432}
2022-10-23 15:14:47,247 : EventManager : Event: ======'machine_var_credits_string'====== Args={'value': 'FREE PLAY', 'prev_value': None, 'change': True}
2022-10-23 15:14:47,247 : EventManager : Event: ======'machine_var_master_volume'====== Args={'value': 0.5, 'prev_value': None, 'change': True}
2022-10-23 15:14:47,247 : EventManager : Event: ======'machine_var_player1_score'====== Args={'value': 0, 'prev_value': None, 'change': True}
2022-10-23 15:14:47,247 : EventManager : Event: ======'machine_var_mpf_version'====== Args={'value': 'MPF v0.55.0', 'prev_value': None, 'change': True}
2022-10-23 15:14:47,247 : EventManager : Event: ======'machine_var_mpf_extended_version'====== Args={'value': 'MPF v0.55.0, Config version:5, Show version: 5, BCP version:1.1', 'prev_value': None, 'change': True}
2022-10-23 15:14:47,247 : EventManager : Event: ======'machine_var_python_version'====== Args={'value': '3.8.10', 'prev_value': None, 'change': True}
2022-10-23 15:14:47,247 : EventManager : Event: ======'machine_var_platform'====== Args={'value': 'Windows-10-10.0.19044-SP0', 'prev_value': None, 'change': True}
2022-10-23 15:14:47,247 : EventManager : Event: ======'machine_var_platform_system'====== Args={'value': 'Windows', 'prev_value': None, 'change': True}
2022-10-23 15:14:47,247 : EventManager : Event: ======'machine_var_platform_release'====== Args={'value': '10', 'prev_value': None, 'change': True}
2022-10-23 15:14:47,247 : EventManager : Event: ======'machine_var_platform_version'====== Args={'value': '10.0.19044', 'prev_value': None, 'change': True}
2022-10-23 15:14:47,247 : EventManager : Event: ======'machine_var_platform_machine'====== Args={'value': 'AMD64', 'prev_value': None, 'change': True}
2022-10-23 15:14:47,247 : EventManager : Event: ======'machine_var_mc_version'====== Args={'value': 'MPF-MC v0.55.0', 'prev_value': None, 'change': True}
2022-10-23 15:14:47,247 : EventManager : Event: ======'machine_var_mc_extended_version'====== Args={'value': 'MPF-MC v0.55.0 (config_version=5, BCP v1.1, Requires MPF v0.55.0-dev.49)', 'prev_value': None, 'change': True}
2022-10-23 15:14:47,248 : SoundSystem : Setting master volume to 0.5
2022-10-23 15:14:47,348 : EventManager : Event: ======'machine_var_audits_events_game_ended'====== Args={'value': 0, 'prev_value': None, 'change': True}
2022-10-23 15:14:47,360 : EventManager : Event: ======'machine_var_audits_events_game_started'====== Args={'value': 0, 'prev_value': None, 'change': True}
2022-10-23 15:14:47,360 : EventManager : Event: ======'machine_var_audits_player_score'====== Args={'value': {'average': 23622.222222222223, 'top': [41000, 33100, 31800, 31200, 27600, 20200, 17500, 10200, 0], 'total': 9}, 'prev_value': None, 'change': True}
2022-10-23 15:14:47,360 : EventManager : Event: ======'machine_var_audits_shots_lane_top_1'====== Args={'value': 132, 'prev_value': None, 'change': True}
2022-10-23 15:14:47,360 : EventManager : Event: ======'machine_var_audits_shots_lane_top_2'====== Args={'value': 124, 'prev_value': None, 'change': True}
2022-10-23 15:14:47,360 : EventManager : Event: ======'machine_var_audits_shots_lane_top_3'====== Args={'value': 104, 'prev_value': None, 'change': True}
2022-10-23 15:14:47,360 : EventManager : Event: ======'machine_var_audits_shots_orbit'====== Args={'value': 23, 'prev_value': None, 'change': True}
2022-10-23 15:14:47,360 : EventManager : Event: ======'machine_var_audits_shots_spinner'====== Args={'value': 178, 'prev_value': None, 'change': True}
2022-10-23 15:14:47,360 : EventManager : Event: ======'machine_var_audits_switches_s_bottomlane1'====== Args={'value': 15, 'prev_value': None, 'change': True}
2022-10-23 15:14:47,361 : EventManager : Event: ======'machine_var_audits_switches_s_bottomlane2'====== Args={'value': 28, 'prev_value': None, 'change': True}
2022-10-23 15:14:47,361 : EventManager : Event: ======'machine_var_audits_switches_s_bottomlane3'====== Args={'value': 51, 'prev_value': None, 'change': True}
2022-10-23 15:14:47,361 : EventManager : Event: ======'machine_var_audits_switches_s_bottomlane4'====== Args={'value': 33, 'prev_value': None, 'change': True}
2022-10-23 15:14:47,361 : EventManager : Event: ======'machine_var_audits_switches_s_bottomlane5'====== Args={'value': 13, 'prev_value': None, 'change': True}
2022-10-23 15:14:47,361 : EventManager : Event: ======'machine_var_audits_switches_s_drop1'====== Args={'value': 35, 'prev_value': None, 'change': True}
2022-10-23 15:14:47,361 : EventManager : Event: ======'machine_var_audits_switches_s_drop2'====== Args={'value': 17, 'prev_value': None, 'change': True}
2022-10-23 15:14:47,361 : EventManager : Event: ======'machine_var_audits_switches_s_drop3'====== Args={'value': 15, 'prev_value': None, 'change': True}
2022-10-23 15:14:47,361 : EventManager : Event: ======'machine_var_audits_switches_s_launch'====== Args={'value': 11, 'prev_value': None, 'change': True}
2022-10-23 15:14:47,361 : EventManager : Event: ======'machine_var_audits_switches_s_left01'====== Args={'value': 26, 'prev_value': None, 'change': True}
2022-10-23 15:14:47,361 : EventManager : Event: ======'machine_var_audits_switches_s_left02'====== Args={'value': 27, 'prev_value': None, 'change': True}
2022-10-23 15:14:47,361 : EventManager : Event: ======'machine_var_audits_switches_s_left03'====== Args={'value': 20, 'prev_value': None, 'change': True}
2022-10-23 15:14:47,361 : EventManager : Event: ======'machine_var_audits_switches_s_left_sling'====== Args={'value': 62, 'prev_value': None, 'change': True}
2022-10-23 15:14:47,361 : EventManager : Event: ======'machine_var_audits_switches_s_orbit1'====== Args={'value': 45, 'prev_value': None, 'change': True}
2022-10-23 15:14:47,361 : EventManager : Event: ======'machine_var_audits_switches_s_orbit2'====== Args={'value': 0, 'prev_value': None, 'change': True}
2022-10-23 15:14:47,361 : EventManager : Event: ======'machine_var_audits_switches_s_plunger_lane'====== Args={'value': 105, 'prev_value': None, 'change': True}
2022-10-23 15:14:47,361 : EventManager : Event: ======'machine_var_audits_switches_s_popbumber_1'====== Args={'value': 58, 'prev_value': None, 'change': True}
2022-10-23 15:14:47,361 : EventManager : Event: ======'machine_var_audits_switches_s_popbumber_2'====== Args={'value': 94, 'prev_value': None, 'change': True}
2022-10-23 15:14:47,361 : EventManager : Event: ======'machine_var_audits_switches_s_popbumber_3'====== Args={'value': 60, 'prev_value': None, 'change': True}
2022-10-23 15:14:47,361 : EventManager : Event: ======'machine_var_audits_switches_s_ramp'====== Args={'value': 38, 'prev_value': None, 'change': True}
2022-10-23 15:14:47,361 : EventManager : Event: ======'machine_var_audits_switches_s_right_sling'====== Args={'value': 117, 'prev_value': None, 'change': True}
2022-10-23 15:14:47,362 : EventManager : Event: ======'machine_var_audits_switches_s_rigth01'====== Args={'value': 59, 'prev_value': None, 'change': True}
2022-10-23 15:14:47,362 : EventManager : Event: ======'machine_var_audits_switches_s_rigth02'====== Args={'value': 24, 'prev_value': None, 'change': True}
2022-10-23 15:14:47,362 : EventManager : Event: ======'machine_var_audits_switches_s_rigth03'====== Args={'value': 15, 'prev_value': None, 'change': True}
2022-10-23 15:14:47,362 : EventManager : Event: ======'machine_var_audits_switches_s_spinner'====== Args={'value': 271, 'prev_value': None, 'change': True}
2022-10-23 15:14:47,362 : EventManager : Event: ======'machine_var_audits_switches_s_start'====== Args={'value': 1, 'prev_value': None, 'change': True}
2022-10-23 15:14:47,362 : EventManager : Event: ======'machine_var_audits_switches_s_top'====== Args={'value': 11, 'prev_value': None, 'change': True}
2022-10-23 15:14:47,362 : EventManager : Event: ======'machine_var_audits_switches_s_toplane1'====== Args={'value': 219, 'prev_value': None, 'change': True}
2022-10-23 15:14:47,362 : EventManager : Event: ======'machine_var_audits_switches_s_toplane2'====== Args={'value': 131, 'prev_value': None, 'change': True}
2022-10-23 15:14:47,362 : EventManager : Event: ======'machine_var_audits_switches_s_toplane3'====== Args={'value': 111, 'prev_value': None, 'change': True}
2022-10-23 15:14:47,362 : EventManager : Event: ======'machine_var_audits_switches_s_trough1'====== Args={'value': 32, 'prev_value': None, 'change': True}
2022-10-23 15:14:47,362 : EventManager : Event: ======'machine_var_audits_switches_s_trough2'====== Args={'value': 35, 'prev_value': None, 'change': True}
2022-10-23 15:14:47,362 : EventManager : Event: ======'machine_var_audits_switches_s_trough3'====== Args={'value': 27, 'prev_value': None, 'change': True}
2022-10-23 15:14:47,362 : EventManager : Event: ======'machine_var_audits_switches_s_trough4'====== Args={'value': 40, 'prev_value': None, 'change': True}
2022-10-23 15:14:47,362 : EventManager : Event: ======'machine_var_audits_switches_s_trough5'====== Args={'value': 27, 'prev_value': None, 'change': True}
2022-10-23 15:14:47,362 : EventManager : Event: ======'machine_var_audits_switches_s_trough6'====== Args={'value': 24, 'prev_value': None, 'change': True}
2022-10-23 15:14:47,362 : EventManager : Event: ======'machine_var_audits_switches_s_trough_jam'====== Args={'value': 27, 'prev_value': None, 'change': True}
2022-10-23 15:14:47,362 : EventManager : Event: ======'machine_var_audits_switches_s_vukmid'====== Args={'value': 47, 'prev_value': None, 'change': True}
2022-10-23 15:14:47,362 : EventManager : Event: ======'machine_var_audits_switches_s_vuktop'====== Args={'value': 15, 'prev_value': None, 'change': True}
2022-10-23 15:14:47,373 : EventManager : Event: ======'mc_reset_phase_1'====== Args={}
2022-10-23 15:14:47,373 : EventManager : Event: ======'mc_reset_phase_2'====== Args={}
2022-10-23 15:14:47,373 : EventManager : Event: ======'mc_reset_phase_3'====== Args={}
2022-10-23 15:14:47,373 : EventManager : Event: ======'mc_reset_complete'====== Args={}
2022-10-23 15:14:47,385 : EventManager : Event: ======'slides_play'====== Args={'settings': {'layout_main': {'target': 'window', 'background_color': [0.0, 0.0, 0.0, 1.0], 'priority': None, 'show': True, 'force': False, 'expire': None, 'slide': None, 'tokens': {}, 'action': 'play'}, 'empty_slide_1': {'slide': 'empty_slide', 'target': 'Disp_Player', 'background_color': [0.0, 0.0, 0.0, 1.0], 'priority': None, 'show': True, 'force': False, 'expire': None, 'tokens': {}, 'action': 'play'}, 'empty_slide_2': {'slide': 'empty_slide', 'target': 'Disp_Menu', 'background_color': [0.0, 0.0, 0.0, 1.0], 'priority': None, 'show': True, 'force': False, 'expire': None, 'tokens': {}, 'action': 'play'}, 'empty_slide_3': {'slide': 'empty_slide', 'target': 'Disp_Ball', 'background_color': [0.0, 0.0, 0.0, 1.0], 'priority': None, 'show': True, 'force': False, 'expire': None, 'tokens': {}, 'action': 'play'}, 'press_start': {'target': 'Disp_Message', 'background_color': [0.0, 0.0, 0.0, 1.0], 'priority': None, 'show': True, 'force': False, 'expire': None, 'slide': None, 'tokens': {}, 'action': 'play'}, 'empty_slide_5': {'slide': 'empty_slide', 'target': 'Disp_Counter', 'background_color': [0.0, 0.0, 0.0, 1.0], 'priority': None, 'show': True, 'force': False, 'expire': None, 'tokens': {}, 'action': 'play'}, 'Title_slide': {'target': 'Disp_Score', 'background_color': [0.0, 0.0, 0.0, 1.0], 'priority': None, 'show': True, 'force': False, 'expire': None, 'slide': None, 'tokens': {}, 'action': 'play'}, 'empty_slide_6': {'slide': 'empty_slide', 'target': 'Disp_Icons', 'background_color': [0.0, 0.0, 0.0, 1.0], 'priority': None, 'show': True, 'force': False, 'expire': None, 'tokens': {}, 'action': 'play'}}, 'context': 'show_2', 'calling_context': 0, 'priority': 10, 'show_tokens': {}, 'start_time': 8322.062}
2022-10-23 15:14:47,385 : EventManager : Event: ======'sounds_play'====== Args={'settings': {'musicslow': {'action': 'play', 'loops': -1, 'priority': None, 'block': False, 'delay': None, 'track': None, 'volume': None, 'pan': None, 'start_at': None, 'fade_in': None, 'fade_out': None, 'about_to_finish_time': -1.0, 'max_queue_time': -1.0, 'events_when_played': ['use_sound_setting'], 'events_when_stopped': ['use_sound_setting'], 'events_when_looping': ['use_sound_setting'], 'events_when_about_to_finish': ['use_sound_setting'], 'mode_end_action': 'use_sound_setting', 'key': 'use_sound_setting'}}, 'context': '_global', 'calling_context': 'mode_attract_started', 'priority': 0}
2022-10-23 15:14:47,386 : mpfmc : SlidePlayer: Play called with settings={'layout_main': {'target': 'window', 'background_color': [0.0, 0.0, 0.0, 1.0], 'priority': None, 'show': True, 'force': False, 'expire': None, 'slide': None, 'tokens': {}, 'action': 'play'}, 'empty_slide_1': {'slide': 'empty_slide', 'target': 'Disp_Player', 'background_color': [0.0, 0.0, 0.0, 1.0], 'priority': None, 'show': True, 'force': False, 'expire': None, 'tokens': {}, 'action': 'play'}, 'empty_slide_2': {'slide': 'empty_slide', 'target': 'Disp_Menu', 'background_color': [0.0, 0.0, 0.0, 1.0], 'priority': None, 'show': True, 'force': False, 'expire': None, 'tokens': {}, 'action': 'play'}, 'empty_slide_3': {'slide': 'empty_slide', 'target': 'Disp_Ball', 'background_color': [0.0, 0.0, 0.0, 1.0], 'priority': None, 'show': True, 'force': False, 'expire': None, 'tokens': {}, 'action': 'play'}, 'press_start': {'target': 'Disp_Message', 'background_color': [0.0, 0.0, 0.0, 1.0], 'priority': None, 'show': True, 'force': False, 'expire': None, 'slide': None, 'tokens': {}, 'action': 'play'}, 'empty_slide_5': {'slide': 'empty_slide', 'target': 'Disp_Counter', 'background_color': [0.0, 0.0, 0.0, 1.0], 'priority': None, 'show': True, 'force': False, 'expire': None, 'tokens': {}, 'action': 'play'}, 'Title_slide': {'target': 'Disp_Score', 'background_color': [0.0, 0.0, 0.0, 1.0], 'priority': None, 'show': True, 'force': False, 'expire': None, 'slide': None, 'tokens': {}, 'action': 'play'}, 'empty_slide_6': {'slide': 'empty_slide', 'target': 'Disp_Icons', 'background_color': [0.0, 0.0, 0.0, 1.0], 'priority': None, 'show': True, 'force': False, 'expire': None, 'tokens': {}, 'action': 'play'}}
2022-10-23 15:14:47,394 : EventManager : Event: ======'slide_layout_main_created'====== Args={}
2022-10-23 15:14:47,399 : EventManager : Event: ======'slide_empty_slide_created'====== Args={}
2022-10-23 15:14:47,402 : EventManager : Event: ======'slide_empty_slide_created'====== Args={}
2022-10-23 15:14:47,405 : EventManager : Event: ======'slide_empty_slide_created'====== Args={}
2022-10-23 15:14:47,408 : EventManager : Event: ======'slide_press_start_created'====== Args={}
2022-10-23 15:14:47,412 : EventManager : Event: ======'slide_empty_slide_created'====== Args={}
2022-10-23 15:14:47,415 : EventManager : Event: ======'slide_Title_slide_created'====== Args={}
2022-10-23 15:14:47,418 : EventManager : Event: ======'slide_empty_slide_created'====== Args={}
2022-10-23 15:14:47,428 : EventManager : Event: ======'slide_layout_main_active'====== Args={}
2022-10-23 15:14:47,449 : EventManager : Event: ======'slide_empty_slide_active'====== Args={}
2022-10-23 15:14:47,450 : EventManager : Event: ======'slide_empty_slide_active'====== Args={}
2022-10-23 15:14:47,451 : EventManager : Event: ======'slide_empty_slide_active'====== Args={}
2022-10-23 15:14:47,452 : EventManager : Event: ======'slide_press_start_active'====== Args={}
2022-10-23 15:14:47,453 : EventManager : Event: ======'slide_empty_slide_active'====== Args={}
2022-10-23 15:14:47,454 : EventManager : Event: ======'slide_Title_slide_active'====== Args={}
2022-10-23 15:14:47,454 : EventManager : Event: ======'slide_empty_slide_active'====== Args={}
2022-10-23 15:14:47,472 : EventManager : Event: ======'loading_assets'====== Args={'total': 1, 'loaded': 1, 'remaining': 0, 'percent': 100}
2022-10-23 15:14:47,472 : AssetManager : Asset loading took: 0.9570226669311523
2022-10-23 15:14:47,472 : EventManager : Event: ======'asset_loading_complete'====== Args={}
2022-10-23 15:14:47,472 : AssetManager : Loading assets: 1/1 (100%)
2022-10-23 15:15:16,471 : EventManager : Event: ======'game_started'====== Args={}
2022-10-23 15:15:16,476 : EventManager : Event: ======'slides_clear'====== Args={'context': 'show_2'}
2022-10-23 15:15:16,478 : EventManager : Event: ======'sounds_play'====== Args={'settings': {'musicslow': {'action': 'stop', 'priority': None, 'block': False, 'delay': None, 'track': None, 'volume': None, 'pan': None, 'loops': None, 'start_at': None, 'fade_in': None, 'fade_out': None, 'about_to_finish_time': -1.0, 'max_queue_time': -1.0, 'events_when_played': ['use_sound_setting'], 'events_when_stopped': ['use_sound_setting'], 'events_when_looping': ['use_sound_setting'], 'events_when_about_to_finish': ['use_sound_setting'], 'mode_end_action': 'use_sound_setting', 'key': 'use_sound_setting'}}, 'context': '_global', 'calling_context': 'mode_attract_stopped', 'priority': 0}
2022-10-23 15:15:16,481 : EventManager : Event: ======'player_added'====== Args={'player': <Player 1>, 'num': 1}
2022-10-23 15:15:16,482 : EventManager : Event: ======'player_index'====== Args={'value': 0, 'prev_value': 0, 'change': 0, 'player_num': 1}
2022-10-23 15:15:16,482 : EventManager : Event: ======'player_number'====== Args={'value': 1, 'prev_value': 1, 'change': 0, 'player_num': 1}
2022-10-23 15:15:16,482 : EventManager : Event: ======'player_score'====== Args={'value': 0, 'prev_value': 0, 'change': 0, 'player_num': 1}
2022-10-23 15:15:16,482 : EventManager : Event: ======'player_ball'====== Args={'value': 1, 'prev_value': 0, 'change': 1, 'player_num': 1}
2022-10-23 15:15:16,482 : EventManager : Event: ======'player_turn_start'====== Args={'number': 1, 'player': <Player 1>}
2022-10-23 15:15:16,482 : EventManager : Event: ======'player_shot_spinner_enabled'====== Args={'value': True, 'prev_value': 0, 'change': 1, 'player_num': 1}
2022-10-23 15:15:16,483 : EventManager : Event: ======'player_shot_orbit_enabled'====== Args={'value': True, 'prev_value': 0, 'change': 1, 'player_num': 1}
2022-10-23 15:15:16,484 : EventManager : Event: ======'slides_play'====== Args={'settings': {'layout_main': {'target': 'window', 'background_color': [0.0, 0.0, 0.0, 1.0], 'priority': None, 'show': True, 'force': False, 'expire': None, 'slide': None, 'tokens': {}, 'action': 'play'}, 'player_slide': {'target': 'Disp_Player', 'background_color': [0.0, 0.0, 0.0, 1.0], 'priority': None, 'show': True, 'force': False, 'expire': None, 'slide': None, 'tokens': {}, 'action': 'play'}, 'empty_slide_2': {'slide': 'empty_slide', 'target': 'Disp_Menu', 'background_color': [0.0, 0.0, 0.0, 1.0], 'priority': None, 'show': True, 'force': False, 'expire': None, 'tokens': {}, 'action': 'play'}, 'ball_slide': {'target': 'Disp_Ball', 'background_color': [0.0, 0.0, 0.0, 1.0], 'priority': None, 'show': True, 'force': False, 'expire': None, 'slide': None, 'tokens': {}, 'action': 'play'}, 'empty_slide_3': {'slide': 'empty_slide', 'target': 'Disp_Message', 'background_color': [0.0, 0.0, 0.0, 1.0], 'priority': None, 'show': True, 'force': False, 'expire': None, 'tokens': {}, 'action': 'play'}, 'empty_slide_5': {'slide': 'empty_slide', 'target': 'Disp_Counter', 'background_color': [0.0, 0.0, 0.0, 1.0], 'priority': None, 'show': True, 'force': False, 'expire': None, 'tokens': {}, 'action': 'play'}, 'score_slide': {'target': 'Disp_Score', 'background_color': [0.0, 0.0, 0.0, 1.0], 'priority': None, 'show': True, 'force': False, 'expire': None, 'slide': None, 'tokens': {}, 'action': 'play'}, 'empty_slide_6': {'slide': 'empty_slide', 'target': 'Disp_Icons', 'background_color': [0.0, 0.0, 0.0, 1.0], 'priority': None, 'show': True, 'force': False, 'expire': None, 'tokens': {}, 'action': 'play'}}, 'context': 'show_5', 'calling_context': 0, 'priority': 100, 'show_tokens': {}, 'start_time': 8351.046}
2022-10-23 15:15:16,486 : EventManager : Event: ======'sounds_play'====== Args={'settings': {'musicfast': {'action': 'play', 'loops': -1, 'priority': None, 'block': False, 'delay': None, 'track': None, 'volume': None, 'pan': None, 'start_at': None, 'fade_in': None, 'fade_out': None, 'about_to_finish_time': -1.0, 'max_queue_time': -1.0, 'events_when_played': ['use_sound_setting'], 'events_when_stopped': ['use_sound_setting'], 'events_when_looping': ['use_sound_setting'], 'events_when_about_to_finish': ['use_sound_setting'], 'mode_end_action': 'use_sound_setting', 'key': 'use_sound_setting'}}, 'context': '_global', 'calling_context': 'mode_base_started', 'priority': 0, 'queue': '<QueuedEvent>', 'player': 1, 'ball': 1, 'balls_remaining': 2, 'is_extra_ball': False}
2022-10-23 15:15:16,486 : EventManager : Event: ======'player_shot_lane_top_1_enabled'====== Args={'value': True, 'prev_value': 0, 'change': 1, 'player_num': 1}
2022-10-23 15:15:16,487 : EventManager : Event: ======'player_shot_lane_top_2_enabled'====== Args={'value': True, 'prev_value': 0, 'change': 1, 'player_num': 1}
2022-10-23 15:15:16,487 : EventManager : Event: ======'player_shot_lane_top_3_enabled'====== Args={'value': True, 'prev_value': 0, 'change': 1, 'player_num': 1}
2022-10-23 15:15:16,488 : EventManager : Event: ======'player_pf_multiplier'====== Args={'value': 1, 'prev_value': 0, 'change': 1, 'player_num': 1}
2022-10-23 15:15:16,489 : EventManager : Event: ======'slide_layout_main_removed'====== Args={}
2022-10-23 15:15:16,490 : EventManager : Event: ======'slide_empty_slide_removed'====== Args={}
2022-10-23 15:15:16,491 : EventManager : Event: ======'slide_empty_slide_removed'====== Args={}
2022-10-23 15:15:16,492 : EventManager : Event: ======'slide_empty_slide_removed'====== Args={}
2022-10-23 15:15:16,493 : EventManager : Event: ======'slide_press_start_removed'====== Args={}
2022-10-23 15:15:16,494 : EventManager : Event: ======'slide_empty_slide_removed'====== Args={}
2022-10-23 15:15:16,494 : EventManager : Event: ======'slide_Title_slide_removed'====== Args={}
2022-10-23 15:15:16,496 : EventManager : Event: ======'slide_empty_slide_removed'====== Args={}
2022-10-23 15:15:16,497 : mpfmc : SlidePlayer: Play called with settings={'layout_main': {'target': 'window', 'background_color': [0.0, 0.0, 0.0, 1.0], 'priority': None, 'show': True, 'force': False, 'expire': None, 'slide': None, 'tokens': {}, 'action': 'play'}, 'player_slide': {'target': 'Disp_Player', 'background_color': [0.0, 0.0, 0.0, 1.0], 'priority': None, 'show': True, 'force': False, 'expire': None, 'slide': None, 'tokens': {}, 'action': 'play'}, 'empty_slide_2': {'slide': 'empty_slide', 'target': 'Disp_Menu', 'background_color': [0.0, 0.0, 0.0, 1.0], 'priority': None, 'show': True, 'force': False, 'expire': None, 'tokens': {}, 'action': 'play'}, 'ball_slide': {'target': 'Disp_Ball', 'background_color': [0.0, 0.0, 0.0, 1.0], 'priority': None, 'show': True, 'force': False, 'expire': None, 'slide': None, 'tokens': {}, 'action': 'play'}, 'empty_slide_3': {'slide': 'empty_slide', 'target': 'Disp_Message', 'background_color': [0.0, 0.0, 0.0, 1.0], 'priority': None, 'show': True, 'force': False, 'expire': None, 'tokens': {}, 'action': 'play'}, 'empty_slide_5': {'slide': 'empty_slide', 'target': 'Disp_Counter', 'background_color': [0.0, 0.0, 0.0, 1.0], 'priority': None, 'show': True, 'force': False, 'expire': None, 'tokens': {}, 'action': 'play'}, 'score_slide': {'target': 'Disp_Score', 'background_color': [0.0, 0.0, 0.0, 1.0], 'priority': None, 'show': True, 'force': False, 'expire': None, 'slide': None, 'tokens': {}, 'action': 'play'}, 'empty_slide_6': {'slide': 'empty_slide', 'target': 'Disp_Icons', 'background_color': [0.0, 0.0, 0.0, 1.0], 'priority': None, 'show': True, 'force': False, 'expire': None, 'tokens': {}, 'action': 'play'}}
2022-10-23 15:15:16,524 : EventManager : Event: ======'slide_layout_main_created'====== Args={}
2022-10-23 15:15:16,534 : EventManager : Event: ======'slide_player_slide_created'====== Args={}
2022-10-23 15:15:16,541 : EventManager : Event: ======'slide_empty_slide_created'====== Args={}
2022-10-23 15:15:16,553 : EventManager : Event: ======'slide_ball_slide_created'====== Args={}
2022-10-23 15:15:16,560 : EventManager : Event: ======'slide_empty_slide_created'====== Args={}
2022-10-23 15:15:16,568 : EventManager : Event: ======'slide_empty_slide_created'====== Args={}
2022-10-23 15:15:16,575 : EventManager : Event: ======'slide_score_slide_created'====== Args={}
2022-10-23 15:15:16,585 : EventManager : Event: ======'slide_empty_slide_created'====== Args={}
2022-10-23 15:15:16,589 : EventManager : Event: ======'slide_layout_main_active'====== Args={}
2022-10-23 15:15:16,590 : EventManager : Event: ======'slide_player_slide_active'====== Args={}
2022-10-23 15:15:16,635 : EventManager : Event: ======'slide_empty_slide_active'====== Args={}
2022-10-23 15:15:16,636 : EventManager : Event: ======'slide_ball_slide_active'====== Args={}
2022-10-23 15:15:16,636 : EventManager : Event: ======'slide_empty_slide_active'====== Args={}
2022-10-23 15:15:16,637 : EventManager : Event: ======'slide_empty_slide_active'====== Args={}
2022-10-23 15:15:16,637 : EventManager : Event: ======'slide_score_slide_active'====== Args={}
2022-10-23 15:15:16,637 : EventManager : Event: ======'slide_empty_slide_active'====== Args={}
2022-10-23 15:15:16,670 : EventManager : Event: ======'machine_var_audits_switches_s_plunger_lane'====== Args={'value': 106, 'prev_value': 105, 'change': 1}
2022-10-23 15:15:16,671 : EventManager : Event: ======'loading_assets'====== Args={'total': 1, 'loaded': 1, 'remaining': 0, 'percent': 100}
2022-10-23 15:15:16,671 : AssetManager : Asset loading took: 30.155974626541138
2022-10-23 15:15:16,671 : EventManager : Event: ======'asset_loading_complete'====== Args={}
2022-10-23 15:15:16,671 : AssetManager : Loading assets: 1/1 (100%)
2022-10-23 15:15:19,927 : EventManager : Event: ======'machine_var_audits_switches_s_start'====== Args={'value': 2, 'prev_value': 1, 'change': 1}
2022-10-23 15:15:19,939 : EventManager : Event: ======'player_added'====== Args={'player': <Player 2>, 'num': 2}
2022-10-23 15:15:19,939 : EventManager : Event: ======'player_index'====== Args={'value': 1, 'prev_value': 1, 'change': 0, 'player_num': 2}
2022-10-23 15:15:19,939 : EventManager : Event: ======'player_number'====== Args={'value': 2, 'prev_value': 2, 'change': 0, 'player_num': 2}
2022-10-23 15:15:19,939 : EventManager : Event: ======'player_score'====== Args={'value': 0, 'prev_value': 0, 'change': 0, 'player_num': 2}
2022-10-23 15:15:28,582 : EventManager : Event: ======'machine_var_audits_switches_s_toplane1'====== Args={'value': 220, 'prev_value': 219, 'change': 1}
2022-10-23 15:15:28,610 : EventManager : Event: ======'player_shot_lane_top_1'====== Args={'value': 1, 'prev_value': 0, 'change': 1, 'player_num': 1}
2022-10-23 15:15:28,615 : EventManager : Event: ======'machine_var_audits_shots_lane_top_1'====== Args={'value': 133, 'prev_value': 132, 'change': 1}
2022-10-23 15:15:44,657 : EventManager : Event: ======'machine_var_audits_switches_s_toplane1'====== Args={'value': 221, 'prev_value': 220, 'change': 1}
2022-10-23 15:15:44,658 : EventManager : Event: ======'machine_var_audits_shots_lane_top_1'====== Args={'value': 134, 'prev_value': 133, 'change': 1}
2022-10-23 15:15:55,361 : kivy : Base: Leaving application in progress...
2022-10-23 15:15:57,449 : mpfmc : Stopping...
2022-10-23 15:15:57,450 : EventManager : Event: ======'shutdown'====== Args={}
2022-10-23 15:15:57,450 : AudioInterface : Disabling audio playback
2022-10-23 15:15:57,450 : mpfmc : Loop rate 54.08 Hz
2022-10-23 15:15:57,451 : kivy : MC run loop ended.
2022-10-23 15:15:57,451 : kivy : Stopping child threads... (3 remaining)
2022-10-23 15:15:57,772 : MPF-MC BCP Server : Stopping BCP sending thread
2022-10-23 15:15:58,315 : mpfmc : Stopping...
2022-10-23 15:15:58,315 : EventManager : Event: ======'shutdown'====== Args={}
2022-10-23 15:15:58,315 : mpfmc : Loop rate 53.43 Hz
2022-10-23 15:15:58,425 : kivy : All child threads stopped.
