2022-09-16 19:53:39,576 : INFO : root : Loading config.
2022-09-16 19:53:39,579 : INFO : YamlMultifileConfigLoader : Machine config file #1: config.yaml
2022-09-16 19:53:39,580 : INFO : ConfigProcessor : Loading config from cache: C:\Users\dorus\AppData\Local\Temp\0aa359e6326ef14bcc36d32fc9dec35b.mpf_cache
2022-09-16 19:53:39,669 : INFO : ConfigProcessor : Loading config from cache: C:\Users\dorus\AppData\Local\Temp\5eb3439dbf16142704b5198a23e9a58c.mpf_cache
2022-09-16 19:53:39,670 : INFO : ConfigProcessor : Loading config from cache: C:\Users\dorus\AppData\Local\Temp\336e6d2601ccb63523c70814805acbf1.mpf_cache
2022-09-16 19:53:39,670 : INFO : ConfigProcessor : Loading config from cache: C:\Users\dorus\AppData\Local\Temp\d4952d0b9ea6ba2ec58a4f9adbee2d8a.mpf_cache
2022-09-16 19:53:39,672 : INFO : ConfigProcessor : Loading config from cache: C:\Users\dorus\AppData\Local\Temp\f88a77831ebd1fc65525f08072013dbd.mpf_cache
2022-09-16 19:53:39,672 : INFO : Machine : Mission Pinball Framework Core Engine v0.55.0
2022-09-16 19:53:39,672 : INFO : Machine : Command line arguments: {'no_load_cache': False, 'create_config_cache': True, 'bcp': True, 'configfile': ['config.yaml'], 'force_assets_load': False, 'jsonlogging': False, 'logfile': 'logs\\2022-09-16-19-53-39-mpf-LAPTOP-AS8QDAQG.log', 'pause': False, 'production': False, 'text_ui': True, 'loglevel': 15, 'consoleloglevel': 20, 'force_platform': None, 'syslog_address': None, 'mc_file_name': None, 'no_sound': False}
2022-09-16 19:53:39,672 : INFO : Machine : MPF path: C:\Users\dorus\AppData\Local\Programs\Python\Python38\lib\site-packages\mpf
2022-09-16 19:53:39,672 : INFO : Machine : Machine path: C:\pinball\mpfv1
2022-09-16 19:53:39,672 : INFO : Machine : Platform: win32
2022-09-16 19:53:39,672 : INFO : Machine : Python executable location: C:\Users\dorus\AppData\Local\Programs\Python\Python38\python.exe
2022-09-16 19:53:39,672 : INFO : Machine : Python version: 3.8.10 (64-bit)
2022-09-16 19:53:39,674 : INFO : Machine : Initialise MPF.
2022-09-16 19:53:39,823 : INFO : OPP : Connecting to COM7 at 115200bps
2022-09-16 19:53:39,922 : INFO : OPP : Init of OPP board COM7 done
2022-09-16 19:53:39,923 : INFO : EventManager : Event: ======'machine_var_credits_string'====== Args={'value': 'FREE PLAY', 'prev_value': None, 'change': True}
2022-09-16 19:53:39,977 : INFO : EventManager : Event: ======'machine_var_master_volume'====== Args={'value': 0.5, 'prev_value': None, 'change': True}
2022-09-16 19:53:39,977 : INFO : EventManager : Event: ======'machine_var_player1_score'====== Args={'value': 41000, 'prev_value': None, 'change': True}
2022-09-16 19:53:39,977 : INFO : EventManager : Event: ======'machine_var_mpf_version'====== Args={'value': 'MPF v0.55.0', 'prev_value': None, 'change': True}
2022-09-16 19:53:39,977 : INFO : EventManager : Event: ======'machine_var_mpf_extended_version'====== Args={'value': 'MPF v0.55.0, Config version:5, Show version: 5, BCP version:1.1', 'prev_value': None, 'change': True}
2022-09-16 19:53:39,977 : INFO : EventManager : Event: ======'machine_var_python_version'====== Args={'value': '3.8.10', 'prev_value': None, 'change': True}
2022-09-16 19:53:39,987 : INFO : EventManager : Event: ======'machine_var_platform'====== Args={'value': 'Windows-10-10.0.19044-SP0', 'prev_value': None, 'change': True}
2022-09-16 19:53:39,987 : INFO : EventManager : Event: ======'machine_var_platform_system'====== Args={'value': 'Windows', 'prev_value': None, 'change': True}
2022-09-16 19:53:39,987 : INFO : EventManager : Event: ======'machine_var_platform_release'====== Args={'value': '10', 'prev_value': None, 'change': True}
2022-09-16 19:53:39,987 : INFO : EventManager : Event: ======'machine_var_platform_version'====== Args={'value': '10.0.19044', 'prev_value': None, 'change': True}
2022-09-16 19:53:39,987 : INFO : EventManager : Event: ======'machine_var_platform_machine'====== Args={'value': 'AMD64', 'prev_value': None, 'change': True}
2022-09-16 19:53:39,987 : INFO : EventManager : Event: ======'init_phase_1'====== Args={}
2022-09-16 19:53:40,004 : INFO : EventManager : Event: ======'drop_target_bank_db_dropbank_up'====== Args={}
2022-09-16 19:53:40,005 : INFO : EventManager : Event: ======'init_phase_2'====== Args={}
2022-09-16 19:53:40,009 : INFO : EventManager : Event: ======'bcp_connection_attempt'====== Args={'name': 'local_display', 'host': 'localhost', 'port': 5050}
2022-09-16 19:53:40,010 : INFO : BCPClientSocket : Connecting BCP to 'local_display' at localhost:5050...
2022-09-16 19:53:42,035 : INFO : BCPClientSocket : Connected BCP to 'local_display' localhost:5050
2022-09-16 19:53:42,037 : INFO : EventManager : Event: ======'bcp_clients_connected'====== Args={}
2022-09-16 19:53:42,047 : INFO : ball_device.bd_vuktop : BCH: Initial count: 0
2022-09-16 19:53:42,049 : INFO : EventManager : Event: ======'machine_var_mc_version'====== Args={'value': 'MPF-MC v0.55.0', 'prev_value': None, 'change': True}
2022-09-16 19:53:42,049 : INFO : EventManager : Event: ======'machine_var_mc_extended_version'====== Args={'value': 'MPF-MC v0.55.0 (config_version=5, BCP v1.1, Requires MPF v0.55.0-dev.49)', 'prev_value': None, 'change': True}
2022-09-16 19:53:42,052 : INFO : ball_device.bd_vuktop : State: idle
2022-09-16 19:53:42,065 : INFO : ball_device.bd_vukmid : BCH: Initial count: 0
2022-09-16 19:53:42,065 : INFO : ball_device.bd_vukmid : State: idle
2022-09-16 19:53:42,065 : INFO : ball_device.bd_trough : BCH: Initial count: 0
2022-09-16 19:53:42,066 : INFO : ball_device.bd_trough : State: idle
2022-09-16 19:53:42,067 : INFO : ball_device.bd_plunger : BCH: Initial count: 0
2022-09-16 19:53:42,067 : INFO : ball_device.bd_plunger : State: idle
2022-09-16 19:53:42,146 : INFO : EventManager : Event: ======'init_phase_3'====== Args={}
2022-09-16 19:53:42,150 : INFO : EventManager : Event: ======'init_phase_4'====== Args={}
2022-09-16 19:53:42,151 : INFO : EventManager : Event: ======'playfield_active'====== Args={}
2022-09-16 19:53:42,151 : INFO : EventManager : Event: ======'unexpected_ball_on_playfield'====== Args={}
2022-09-16 19:53:42,151 : INFO : EventManager : Event: ======'playfield_active'====== Args={}
2022-09-16 19:53:42,151 : INFO : EventManager : Event: ======'unexpected_ball_on_playfield'====== Args={}
2022-09-16 19:53:42,151 : INFO : EventManager : Event: ======'playfield_active'====== Args={}
2022-09-16 19:53:42,151 : INFO : EventManager : Event: ======'unexpected_ball_on_playfield'====== Args={}
2022-09-16 19:53:42,151 : INFO : BallController : Initial balls found: 0
2022-09-16 19:53:42,153 : INFO : EventManager : Event: ======'machine_var_audits_events_game_ended'====== Args={'value': 0, 'prev_value': None, 'change': True}
2022-09-16 19:53:42,154 : INFO : EventManager : Event: ======'machine_var_audits_events_game_started'====== Args={'value': 0, 'prev_value': None, 'change': True}
2022-09-16 19:53:42,154 : INFO : EventManager : Event: ======'machine_var_audits_player_score'====== Args={'value': {'average': 41000.0, 'top': [41000], 'total': 1}, 'prev_value': None, 'change': True}
2022-09-16 19:53:42,154 : INFO : EventManager : Event: ======'machine_var_audits_switches_s_bottomlane1'====== Args={'value': 1, 'prev_value': None, 'change': True}
2022-09-16 19:53:42,154 : INFO : EventManager : Event: ======'machine_var_audits_switches_s_bottomlane2'====== Args={'value': 1, 'prev_value': None, 'change': True}
2022-09-16 19:53:42,154 : INFO : EventManager : Event: ======'machine_var_audits_switches_s_bottomlane3'====== Args={'value': 1, 'prev_value': None, 'change': True}
2022-09-16 19:53:42,154 : INFO : EventManager : Event: ======'machine_var_audits_switches_s_bottomlane4'====== Args={'value': 2, 'prev_value': None, 'change': True}
2022-09-16 19:53:42,155 : INFO : EventManager : Event: ======'machine_var_audits_switches_s_bottomlane5'====== Args={'value': 0, 'prev_value': None, 'change': True}
2022-09-16 19:53:42,155 : INFO : EventManager : Event: ======'machine_var_audits_switches_s_drop1'====== Args={'value': 22, 'prev_value': None, 'change': True}
2022-09-16 19:53:42,155 : INFO : EventManager : Event: ======'machine_var_audits_switches_s_drop2'====== Args={'value': 8, 'prev_value': None, 'change': True}
2022-09-16 19:53:42,155 : INFO : EventManager : Event: ======'machine_var_audits_switches_s_drop3'====== Args={'value': 4, 'prev_value': None, 'change': True}
2022-09-16 19:53:42,155 : INFO : EventManager : Event: ======'machine_var_audits_switches_s_launch'====== Args={'value': 1, 'prev_value': None, 'change': True}
2022-09-16 19:53:42,155 : INFO : EventManager : Event: ======'machine_var_audits_switches_s_left01'====== Args={'value': 0, 'prev_value': None, 'change': True}
2022-09-16 19:53:42,155 : INFO : EventManager : Event: ======'machine_var_audits_switches_s_left02'====== Args={'value': 3, 'prev_value': None, 'change': True}
2022-09-16 19:53:42,155 : INFO : EventManager : Event: ======'machine_var_audits_switches_s_left03'====== Args={'value': 0, 'prev_value': None, 'change': True}
2022-09-16 19:53:42,156 : INFO : EventManager : Event: ======'machine_var_audits_switches_s_left_sling'====== Args={'value': 1, 'prev_value': None, 'change': True}
2022-09-16 19:53:42,156 : INFO : EventManager : Event: ======'machine_var_audits_switches_s_plunger_lane'====== Args={'value': 18, 'prev_value': None, 'change': True}
2022-09-16 19:53:42,156 : INFO : EventManager : Event: ======'machine_var_audits_switches_s_popbumber_1'====== Args={'value': 0, 'prev_value': None, 'change': True}
2022-09-16 19:53:42,156 : INFO : EventManager : Event: ======'machine_var_audits_switches_s_popbumber_2'====== Args={'value': 7, 'prev_value': None, 'change': True}
2022-09-16 19:53:42,156 : INFO : EventManager : Event: ======'machine_var_audits_switches_s_popbumber_3'====== Args={'value': 0, 'prev_value': None, 'change': True}
2022-09-16 19:53:42,156 : INFO : EventManager : Event: ======'machine_var_audits_switches_s_ramp'====== Args={'value': 6, 'prev_value': None, 'change': True}
2022-09-16 19:53:42,156 : INFO : EventManager : Event: ======'machine_var_audits_switches_s_right_sling'====== Args={'value': 7, 'prev_value': None, 'change': True}
2022-09-16 19:53:42,157 : INFO : EventManager : Event: ======'machine_var_audits_switches_s_rigth01'====== Args={'value': 6, 'prev_value': None, 'change': True}
2022-09-16 19:53:42,157 : INFO : EventManager : Event: ======'machine_var_audits_switches_s_rigth02'====== Args={'value': 5, 'prev_value': None, 'change': True}
2022-09-16 19:53:42,157 : INFO : EventManager : Event: ======'machine_var_audits_switches_s_rigth03'====== Args={'value': 0, 'prev_value': None, 'change': True}
2022-09-16 19:53:42,157 : INFO : EventManager : Event: ======'machine_var_audits_switches_s_spinner'====== Args={'value': 13, 'prev_value': None, 'change': True}
2022-09-16 19:53:42,157 : INFO : EventManager : Event: ======'machine_var_audits_switches_s_start'====== Args={'value': 0, 'prev_value': None, 'change': True}
2022-09-16 19:53:42,157 : INFO : EventManager : Event: ======'machine_var_audits_switches_s_top'====== Args={'value': 0, 'prev_value': None, 'change': True}
2022-09-16 19:53:42,157 : INFO : EventManager : Event: ======'machine_var_audits_switches_s_toplane1'====== Args={'value': 57, 'prev_value': None, 'change': True}
2022-09-16 19:53:42,158 : INFO : EventManager : Event: ======'machine_var_audits_switches_s_toplane2'====== Args={'value': 0, 'prev_value': None, 'change': True}
2022-09-16 19:53:42,158 : INFO : EventManager : Event: ======'machine_var_audits_switches_s_toplane3'====== Args={'value': 0, 'prev_value': None, 'change': True}
2022-09-16 19:53:42,158 : INFO : EventManager : Event: ======'machine_var_audits_switches_s_trough1'====== Args={'value': 2, 'prev_value': None, 'change': True}
2022-09-16 19:53:42,158 : INFO : EventManager : Event: ======'machine_var_audits_switches_s_trough2'====== Args={'value': 8, 'prev_value': None, 'change': True}
2022-09-16 19:53:42,158 : INFO : EventManager : Event: ======'machine_var_audits_switches_s_trough3'====== Args={'value': 1, 'prev_value': None, 'change': True}
2022-09-16 19:53:42,158 : INFO : EventManager : Event: ======'machine_var_audits_switches_s_trough4'====== Args={'value': 5, 'prev_value': None, 'change': True}
2022-09-16 19:53:42,158 : INFO : EventManager : Event: ======'machine_var_audits_switches_s_trough5'====== Args={'value': 0, 'prev_value': None, 'change': True}
2022-09-16 19:53:42,159 : INFO : EventManager : Event: ======'machine_var_audits_switches_s_trough6'====== Args={'value': 0, 'prev_value': None, 'change': True}
2022-09-16 19:53:42,159 : INFO : EventManager : Event: ======'machine_var_audits_switches_s_trough_jam'====== Args={'value': 1, 'prev_value': None, 'change': True}
2022-09-16 19:53:42,159 : INFO : EventManager : Event: ======'machine_var_audits_switches_s_vukmid'====== Args={'value': 13, 'prev_value': None, 'change': True}
2022-09-16 19:53:42,159 : INFO : EventManager : Event: ======'machine_var_audits_switches_s_vuktop'====== Args={'value': 6, 'prev_value': None, 'change': True}
2022-09-16 19:53:42,159 : INFO : EventManager : Event: ======'machine_var_audits_switches_s_orbit1'====== Args={'value': 0, 'prev_value': None, 'change': True}
2022-09-16 19:53:42,159 : INFO : EventManager : Event: ======'machine_var_audits_switches_s_orbit2'====== Args={'value': 0, 'prev_value': None, 'change': True}
2022-09-16 19:53:42,160 : INFO : EventManager : Event: ======'init_phase_5'====== Args={}
2022-09-16 19:53:42,182 : INFO : EventManager : Event: ======'init_done'====== Args={}
2022-09-16 19:53:42,184 : INFO : EventManager : Event: ======'machine_reset_phase_1'====== Args={}
2022-09-16 19:53:42,188 : INFO : EventManager : Event: ======'slide_welcome_slide_removed'====== Args={'_from_bcp': True}
2022-09-16 19:53:42,190 : INFO : EventManager : Event: ======'slide_welcome_slide_created'====== Args={'_from_bcp': True}
2022-09-16 19:53:42,191 : INFO : EventManager : Event: ======'slide_welcome_slide_active'====== Args={'_from_bcp': True}
2022-09-16 19:53:42,192 : INFO : EventManager : Event: ======'machine_reset_phase_2'====== Args={}
2022-09-16 19:53:42,193 : INFO : EventManager : Event: ======'machine_reset_phase_3'====== Args={}
2022-09-16 19:53:42,193 : INFO : drop_target_bank.db_dropbank : All targets are already up. Will not reset bank.
2022-09-16 19:53:42,194 : INFO : EventManager : Event: ======'reset_complete'====== Args={}
2022-09-16 19:53:42,194 : INFO : EventManager : Event: ======'mode_attract_will_start'====== Args={}
2022-09-16 19:53:42,194 : INFO : EventManager : Event: ======'mode_attract_starting'====== Args={}
2022-09-16 19:53:42,194 : INFO : Mode.attract : Started. Priority: 10
2022-09-16 19:53:42,195 : INFO : EventManager : Event: ======'modes_active_modes_changed'====== Args={}
2022-09-16 19:53:42,195 : INFO : EventManager : Event: ======'mode_attract_started'====== Args={}
2022-09-16 19:53:42,195 : INFO : EventManager : Event: ======'collecting_balls_complete'====== Args={}
2022-09-16 19:53:42,210 : INFO : Machine : Starting the main run loop.
2022-09-16 19:53:42,211 : INFO : EventManager : Event: ======'slide_awesome_slide_created'====== Args={'_from_bcp': True}
2022-09-16 19:53:42,213 : INFO : EventManager : Event: ======'slide_awesome_slide_active'====== Args={'_from_bcp': True}
2022-09-16 19:53:44,537 : INFO : SwitchController : <<<<<<< 's_start' active >>>>>>>
2022-09-16 19:53:44,678 : INFO : SwitchController : <<<<<<< 's_start' inactive >>>>>>>
2022-09-16 19:53:44,679 : INFO : EventManager : Event: ======'request_to_start_game'====== Args={}
2022-09-16 19:53:44,680 : INFO : BallController : Known balls: 0
2022-09-16 19:53:44,680 : INFO : BallController : bd_trough contains 0 balls. Tags ['trough', 'home', 'drain']
2022-09-16 19:53:44,680 : INFO : BallController : bd_plunger contains 0 balls. Tags []
2022-09-16 19:53:44,680 : INFO : BallController : bd_vukmid contains 0 balls. Tags []
2022-09-16 19:53:44,680 : INFO : BallController : bd_vuktop contains 0 balls. Tags []
2022-09-16 19:53:44,680 : INFO : BallController : playfield contains 0 balls. Tags ['default']
2022-09-16 19:53:44,680 : WARNING : BallController : BallController denies game start. Not enough balls. 0 found. 1 required
2022-09-16 19:53:44,681 : INFO : BallController : Triggering ball search.
2022-09-16 19:53:45,195 : INFO : EventManager : Event: ======'slide_press_start_created'====== Args={'_from_bcp': True}
2022-09-16 19:53:45,195 : INFO : EventManager : Event: ======'slide_press_start_active'====== Args={'_from_bcp': True}
2022-09-16 19:53:46,955 : INFO : SwitchController : <<<<<<< 's_launch' active >>>>>>>
2022-09-16 19:53:47,130 : INFO : SwitchController : <<<<<<< 's_launch' inactive >>>>>>>
2022-09-16 19:53:47,746 : INFO : SwitchController : <<<<<<< 's_start' active >>>>>>>
2022-09-16 19:53:48,093 : INFO : SwitchController : <<<<<<< 's_start' inactive >>>>>>>
2022-09-16 19:53:48,093 : INFO : EventManager : Event: ======'request_to_start_game'====== Args={}
2022-09-16 19:53:48,094 : INFO : BallController : Known balls: 0
2022-09-16 19:53:48,094 : INFO : BallController : bd_trough contains 0 balls. Tags ['trough', 'home', 'drain']
2022-09-16 19:53:48,094 : INFO : BallController : bd_plunger contains 0 balls. Tags []
2022-09-16 19:53:48,094 : INFO : BallController : bd_vukmid contains 0 balls. Tags []
2022-09-16 19:53:48,095 : INFO : BallController : bd_vuktop contains 0 balls. Tags []
2022-09-16 19:53:48,095 : INFO : BallController : playfield contains 0 balls. Tags ['default']
2022-09-16 19:53:48,095 : WARNING : BallController : BallController denies game start. Not enough balls. 0 found. 1 required
2022-09-16 19:53:48,095 : INFO : BallController : Triggering ball search.
2022-09-16 19:53:48,207 : INFO : EventManager : Event: ======'slide_mission_pinball_created'====== Args={'_from_bcp': True}
2022-09-16 19:53:48,207 : INFO : EventManager : Event: ======'slide_mission_pinball_active'====== Args={'_from_bcp': True}
2022-09-16 19:53:48,458 : INFO : SwitchController : <<<<<<< 's_start' active >>>>>>>
2022-09-16 19:53:48,618 : INFO : SwitchController : <<<<<<< 's_start' inactive >>>>>>>
2022-09-16 19:53:48,618 : INFO : EventManager : Event: ======'request_to_start_game'====== Args={}
2022-09-16 19:53:48,619 : INFO : BallController : Known balls: 0
2022-09-16 19:53:48,620 : INFO : BallController : bd_trough contains 0 balls. Tags ['trough', 'home', 'drain']
2022-09-16 19:53:48,620 : INFO : BallController : bd_plunger contains 0 balls. Tags []
2022-09-16 19:53:48,620 : INFO : BallController : bd_vukmid contains 0 balls. Tags []
2022-09-16 19:53:48,620 : INFO : BallController : bd_vuktop contains 0 balls. Tags []
2022-09-16 19:53:48,620 : INFO : BallController : playfield contains 0 balls. Tags ['default']
2022-09-16 19:53:48,620 : WARNING : BallController : BallController denies game start. Not enough balls. 0 found. 1 required
2022-09-16 19:53:48,620 : INFO : BallController : Triggering ball search.
2022-09-16 19:53:48,806 : INFO : SwitchController : <<<<<<< 's_start' active >>>>>>>
2022-09-16 19:53:48,963 : INFO : SwitchController : <<<<<<< 's_start' inactive >>>>>>>
2022-09-16 19:53:48,964 : INFO : EventManager : Event: ======'request_to_start_game'====== Args={}
2022-09-16 19:53:48,964 : INFO : BallController : Known balls: 0
2022-09-16 19:53:48,964 : INFO : BallController : bd_trough contains 0 balls. Tags ['trough', 'home', 'drain']
2022-09-16 19:53:48,965 : INFO : BallController : bd_plunger contains 0 balls. Tags []
2022-09-16 19:53:48,965 : INFO : BallController : bd_vukmid contains 0 balls. Tags []
2022-09-16 19:53:48,965 : INFO : BallController : bd_vuktop contains 0 balls. Tags []
2022-09-16 19:53:48,965 : INFO : BallController : playfield contains 0 balls. Tags ['default']
2022-09-16 19:53:48,965 : WARNING : BallController : BallController denies game start. Not enough balls. 0 found. 1 required
2022-09-16 19:53:48,965 : INFO : BallController : Triggering ball search.
2022-09-16 19:53:49,138 : INFO : SwitchController : <<<<<<< 's_start' active >>>>>>>
2022-09-16 19:53:49,331 : INFO : SwitchController : <<<<<<< 's_start' inactive >>>>>>>
2022-09-16 19:53:49,331 : INFO : EventManager : Event: ======'request_to_start_game'====== Args={}
2022-09-16 19:53:49,332 : INFO : BallController : Known balls: 0
2022-09-16 19:53:49,333 : INFO : BallController : bd_trough contains 0 balls. Tags ['trough', 'home', 'drain']
2022-09-16 19:53:49,333 : INFO : BallController : bd_plunger contains 0 balls. Tags []
2022-09-16 19:53:49,333 : INFO : BallController : bd_vukmid contains 0 balls. Tags []
2022-09-16 19:53:49,333 : INFO : BallController : bd_vuktop contains 0 balls. Tags []
2022-09-16 19:53:49,333 : INFO : BallController : playfield contains 0 balls. Tags ['default']
2022-09-16 19:53:49,333 : WARNING : BallController : BallController denies game start. Not enough balls. 0 found. 1 required
2022-09-16 19:53:49,333 : INFO : BallController : Triggering ball search.
2022-09-16 19:53:51,190 : INFO : EventManager : Event: ======'slide_awesome_slide_removed'====== Args={'_from_bcp': True}
2022-09-16 19:53:51,193 : INFO : EventManager : Event: ======'slide_awesome_slide_created'====== Args={'_from_bcp': True}
2022-09-16 19:53:51,193 : INFO : EventManager : Event: ======'slide_awesome_slide_active'====== Args={'_from_bcp': True}
2022-09-16 19:53:52,244 : INFO : SwitchController : <<<<<<< 's_start' active >>>>>>>
2022-09-16 19:53:52,419 : INFO : SwitchController : <<<<<<< 's_start' inactive >>>>>>>
2022-09-16 19:53:52,420 : INFO : EventManager : Event: ======'request_to_start_game'====== Args={}
2022-09-16 19:53:52,420 : INFO : BallController : Known balls: 0
2022-09-16 19:53:52,420 : INFO : BallController : bd_trough contains 0 balls. Tags ['trough', 'home', 'drain']
2022-09-16 19:53:52,421 : INFO : BallController : bd_plunger contains 0 balls. Tags []
2022-09-16 19:53:52,421 : INFO : BallController : bd_vukmid contains 0 balls. Tags []
2022-09-16 19:53:52,421 : INFO : BallController : bd_vuktop contains 0 balls. Tags []
2022-09-16 19:53:52,421 : INFO : BallController : playfield contains 0 balls. Tags ['default']
2022-09-16 19:53:52,421 : WARNING : BallController : BallController denies game start. Not enough balls. 0 found. 1 required
2022-09-16 19:53:52,421 : INFO : BallController : Triggering ball search.
2022-09-16 19:53:52,624 : INFO : SwitchController : <<<<<<< 's_start' active >>>>>>>
2022-09-16 19:53:52,742 : INFO : SwitchController : <<<<<<< 's_start' inactive >>>>>>>
2022-09-16 19:53:52,742 : INFO : EventManager : Event: ======'request_to_start_game'====== Args={}
2022-09-16 19:53:52,743 : INFO : BallController : Known balls: 0
2022-09-16 19:53:52,744 : INFO : BallController : bd_trough contains 0 balls. Tags ['trough', 'home', 'drain']
2022-09-16 19:53:52,744 : INFO : BallController : bd_plunger contains 0 balls. Tags []
2022-09-16 19:53:52,744 : INFO : BallController : bd_vukmid contains 0 balls. Tags []
2022-09-16 19:53:52,744 : INFO : BallController : bd_vuktop contains 0 balls. Tags []
2022-09-16 19:53:52,744 : INFO : BallController : playfield contains 0 balls. Tags ['default']
2022-09-16 19:53:52,744 : WARNING : BallController : BallController denies game start. Not enough balls. 0 found. 1 required
2022-09-16 19:53:52,744 : INFO : BallController : Triggering ball search.
2022-09-16 19:53:53,162 : INFO : SwitchController : <<<<<<< 's_start' active >>>>>>>
2022-09-16 19:53:53,274 : INFO : SwitchController : <<<<<<< 's_start' inactive >>>>>>>
2022-09-16 19:53:53,274 : INFO : EventManager : Event: ======'request_to_start_game'====== Args={}
2022-09-16 19:53:53,275 : INFO : BallController : Known balls: 0
2022-09-16 19:53:53,275 : INFO : BallController : bd_trough contains 0 balls. Tags ['trough', 'home', 'drain']
2022-09-16 19:53:53,275 : INFO : BallController : bd_plunger contains 0 balls. Tags []
2022-09-16 19:53:53,275 : INFO : BallController : bd_vukmid contains 0 balls. Tags []
2022-09-16 19:53:53,275 : INFO : BallController : bd_vuktop contains 0 balls. Tags []
2022-09-16 19:53:53,275 : INFO : BallController : playfield contains 0 balls. Tags ['default']
2022-09-16 19:53:53,275 : WARNING : BallController : BallController denies game start. Not enough balls. 0 found. 1 required
2022-09-16 19:53:53,275 : INFO : BallController : Triggering ball search.
2022-09-16 19:53:53,432 : INFO : SwitchController : <<<<<<< 's_start' active >>>>>>>
2022-09-16 19:53:53,543 : INFO : SwitchController : <<<<<<< 's_start' inactive >>>>>>>
2022-09-16 19:53:53,544 : INFO : EventManager : Event: ======'request_to_start_game'====== Args={}
2022-09-16 19:53:53,544 : INFO : BallController : Known balls: 0
2022-09-16 19:53:53,545 : INFO : BallController : bd_trough contains 0 balls. Tags ['trough', 'home', 'drain']
2022-09-16 19:53:53,545 : INFO : BallController : bd_plunger contains 0 balls. Tags []
2022-09-16 19:53:53,545 : INFO : BallController : bd_vukmid contains 0 balls. Tags []
2022-09-16 19:53:53,545 : INFO : BallController : bd_vuktop contains 0 balls. Tags []
2022-09-16 19:53:53,545 : INFO : BallController : playfield contains 0 balls. Tags ['default']
2022-09-16 19:53:53,545 : WARNING : BallController : BallController denies game start. Not enough balls. 0 found. 1 required
2022-09-16 19:53:53,545 : INFO : BallController : Triggering ball search.
2022-09-16 19:53:53,987 : INFO : SwitchController : <<<<<<< 's_start' active >>>>>>>
2022-09-16 19:53:54,147 : INFO : SwitchController : <<<<<<< 's_start' inactive >>>>>>>
2022-09-16 19:53:54,147 : INFO : EventManager : Event: ======'request_to_start_game'====== Args={}
2022-09-16 19:53:54,148 : INFO : BallController : Known balls: 0
2022-09-16 19:53:54,148 : INFO : BallController : bd_trough contains 0 balls. Tags ['trough', 'home', 'drain']
2022-09-16 19:53:54,148 : INFO : BallController : bd_plunger contains 0 balls. Tags []
2022-09-16 19:53:54,148 : INFO : BallController : bd_vukmid contains 0 balls. Tags []
2022-09-16 19:53:54,148 : INFO : BallController : bd_vuktop contains 0 balls. Tags []
2022-09-16 19:53:54,148 : INFO : BallController : playfield contains 0 balls. Tags ['default']
2022-09-16 19:53:54,148 : WARNING : BallController : BallController denies game start. Not enough balls. 0 found. 1 required
2022-09-16 19:53:54,148 : INFO : BallController : Triggering ball search.
2022-09-16 19:53:54,213 : INFO : EventManager : Event: ======'slide_press_start_removed'====== Args={'_from_bcp': True}
2022-09-16 19:53:54,213 : INFO : EventManager : Event: ======'slide_press_start_created'====== Args={'_from_bcp': True}
2022-09-16 19:53:54,215 : INFO : EventManager : Event: ======'slide_press_start_active'====== Args={'_from_bcp': True}
2022-09-16 19:53:55,972 : INFO : SwitchController : <<<<<<< 's_start' active >>>>>>>
2022-09-16 19:53:56,071 : INFO : SwitchController : <<<<<<< 's_start' inactive >>>>>>>
2022-09-16 19:53:56,071 : INFO : EventManager : Event: ======'request_to_start_game'====== Args={}
2022-09-16 19:53:56,072 : INFO : BallController : Known balls: 0
2022-09-16 19:53:56,072 : INFO : BallController : bd_trough contains 0 balls. Tags ['trough', 'home', 'drain']
2022-09-16 19:53:56,072 : INFO : BallController : bd_plunger contains 0 balls. Tags []
2022-09-16 19:53:56,073 : INFO : BallController : bd_vukmid contains 0 balls. Tags []
2022-09-16 19:53:56,073 : INFO : BallController : bd_vuktop contains 0 balls. Tags []
2022-09-16 19:53:56,073 : INFO : BallController : playfield contains 0 balls. Tags ['default']
2022-09-16 19:53:56,073 : WARNING : BallController : BallController denies game start. Not enough balls. 0 found. 1 required
2022-09-16 19:53:56,073 : INFO : BallController : Triggering ball search.
2022-09-16 19:53:57,186 : INFO : EventManager : Event: ======'slide_mission_pinball_removed'====== Args={'_from_bcp': True}
2022-09-16 19:53:57,188 : INFO : EventManager : Event: ======'slide_mission_pinball_created'====== Args={'_from_bcp': True}
2022-09-16 19:53:57,190 : INFO : EventManager : Event: ======'slide_mission_pinball_active'====== Args={'_from_bcp': True}
2022-09-16 19:53:58,496 : INFO : SwitchController : <<<<<<< 's_start' active >>>>>>>
2022-09-16 19:53:58,580 : INFO : SwitchController : <<<<<<< 's_start' inactive >>>>>>>
2022-09-16 19:53:58,580 : INFO : EventManager : Event: ======'request_to_start_game'====== Args={}
2022-09-16 19:53:58,582 : INFO : BallController : Known balls: 0
2022-09-16 19:53:58,582 : INFO : BallController : bd_trough contains 0 balls. Tags ['trough', 'home', 'drain']
2022-09-16 19:53:58,582 : INFO : BallController : bd_plunger contains 0 balls. Tags []
2022-09-16 19:53:58,582 : INFO : BallController : bd_vukmid contains 0 balls. Tags []
2022-09-16 19:53:58,582 : INFO : BallController : bd_vuktop contains 0 balls. Tags []
2022-09-16 19:53:58,582 : INFO : BallController : playfield contains 0 balls. Tags ['default']
2022-09-16 19:53:58,582 : WARNING : BallController : BallController denies game start. Not enough balls. 0 found. 1 required
2022-09-16 19:53:58,582 : INFO : BallController : Triggering ball search.
2022-09-16 19:54:00,206 : INFO : EventManager : Event: ======'slide_awesome_slide_removed'====== Args={'_from_bcp': True}
2022-09-16 19:54:00,207 : INFO : EventManager : Event: ======'slide_awesome_slide_created'====== Args={'_from_bcp': True}
2022-09-16 19:54:00,207 : INFO : EventManager : Event: ======'slide_awesome_slide_active'====== Args={'_from_bcp': True}
2022-09-16 19:54:03,197 : INFO : EventManager : Event: ======'slide_press_start_removed'====== Args={'_from_bcp': True}
2022-09-16 19:54:03,201 : INFO : EventManager : Event: ======'slide_press_start_created'====== Args={'_from_bcp': True}
2022-09-16 19:54:03,201 : INFO : EventManager : Event: ======'slide_press_start_active'====== Args={'_from_bcp': True}
2022-09-16 19:54:06,206 : INFO : EventManager : Event: ======'slide_mission_pinball_removed'====== Args={'_from_bcp': True}
2022-09-16 19:54:06,208 : INFO : EventManager : Event: ======'slide_mission_pinball_created'====== Args={'_from_bcp': True}
2022-09-16 19:54:06,209 : INFO : EventManager : Event: ======'slide_mission_pinball_active'====== Args={'_from_bcp': True}
2022-09-16 19:54:08,951 : INFO : SwitchController : <<<<<<< 's_bottomlane2' active >>>>>>>
2022-09-16 19:54:08,966 : INFO : SwitchController : <<<<<<< 's_bottomlane3' active >>>>>>>
2022-09-16 19:54:09,189 : INFO : SwitchController : <<<<<<< 's_bottomlane2' inactive >>>>>>>
2022-09-16 19:54:09,195 : INFO : EventManager : Event: ======'slide_awesome_slide_removed'====== Args={'_from_bcp': True}
2022-09-16 19:54:09,195 : INFO : EventManager : Event: ======'slide_awesome_slide_created'====== Args={'_from_bcp': True}
2022-09-16 19:54:09,195 : INFO : EventManager : Event: ======'slide_awesome_slide_active'====== Args={'_from_bcp': True}
2022-09-16 19:54:09,314 : INFO : SwitchController : <<<<<<< 's_bottomlane2' active >>>>>>>
2022-09-16 19:54:09,411 : INFO : SwitchController : <<<<<<< 's_bottomlane2' inactive >>>>>>>
2022-09-16 19:54:09,411 : INFO : SwitchController : <<<<<<< 's_bottomlane3' inactive >>>>>>>
2022-09-16 19:54:09,504 : INFO : SwitchController : <<<<<<< 's_bottomlane2' active >>>>>>>
2022-09-16 19:54:09,520 : INFO : SwitchController : <<<<<<< 's_bottomlane3' active >>>>>>>
2022-09-16 19:54:09,599 : INFO : SwitchController : <<<<<<< 's_bottomlane3' inactive >>>>>>>
2022-09-16 19:54:09,615 : INFO : SwitchController : <<<<<<< 's_bottomlane2' inactive >>>>>>>
2022-09-16 19:54:09,695 : INFO : SwitchController : <<<<<<< 's_bottomlane2' active >>>>>>>
2022-09-16 19:54:09,696 : INFO : SwitchController : <<<<<<< 's_bottomlane3' active >>>>>>>
2022-09-16 19:54:09,823 : INFO : SwitchController : <<<<<<< 's_bottomlane2' inactive >>>>>>>
2022-09-16 19:54:09,824 : INFO : SwitchController : <<<<<<< 's_bottomlane3' inactive >>>>>>>
2022-09-16 19:54:09,871 : INFO : SwitchController : <<<<<<< 's_bottomlane2' active >>>>>>>
2022-09-16 19:54:09,871 : INFO : SwitchController : <<<<<<< 's_bottomlane3' active >>>>>>>
2022-09-16 19:54:09,981 : INFO : SwitchController : <<<<<<< 's_bottomlane2' inactive >>>>>>>
2022-09-16 19:54:09,981 : INFO : SwitchController : <<<<<<< 's_bottomlane3' inactive >>>>>>>
2022-09-16 19:54:10,253 : INFO : SwitchController : <<<<<<< 's_bottomlane1' active >>>>>>>
2022-09-16 19:54:10,443 : INFO : SwitchController : <<<<<<< 's_bottomlane1' inactive >>>>>>>
2022-09-16 19:54:11,375 : INFO : SwitchController : <<<<<<< 's_bottomlane4' active >>>>>>>
2022-09-16 19:54:11,503 : INFO : SwitchController : <<<<<<< 's_bottomlane4' inactive >>>>>>>
2022-09-16 19:54:11,747 : INFO : SwitchController : <<<<<<< 's_bottomlane4' active >>>>>>>
2022-09-16 19:54:11,943 : INFO : SwitchController : <<<<<<< 's_bottomlane4' inactive >>>>>>>
2022-09-16 19:54:12,212 : INFO : EventManager : Event: ======'slide_press_start_removed'====== Args={'_from_bcp': True}
2022-09-16 19:54:12,214 : INFO : EventManager : Event: ======'slide_press_start_created'====== Args={'_from_bcp': True}
2022-09-16 19:54:12,215 : INFO : EventManager : Event: ======'slide_press_start_active'====== Args={'_from_bcp': True}
2022-09-16 19:54:12,623 : INFO : SwitchController : <<<<<<< 's_left01' active >>>>>>>
2022-09-16 19:54:12,876 : INFO : SwitchController : <<<<<<< 's_left01' inactive >>>>>>>
2022-09-16 19:54:13,080 : INFO : SwitchController : <<<<<<< 's_left01' active >>>>>>>
2022-09-16 19:54:13,280 : INFO : SwitchController : <<<<<<< 's_left01' inactive >>>>>>>
2022-09-16 19:54:13,422 : INFO : SwitchController : <<<<<<< 's_left02' active >>>>>>>
2022-09-16 19:54:13,644 : INFO : SwitchController : <<<<<<< 's_left02' inactive >>>>>>>
2022-09-16 19:54:14,376 : INFO : SwitchController : <<<<<<< 's_drop3' active >>>>>>>
2022-09-16 19:54:14,377 : INFO : EventManager : Event: ======'playfield_active'====== Args={}
2022-09-16 19:54:14,377 : INFO : EventManager : Event: ======'unexpected_ball_on_playfield'====== Args={}
2022-09-16 19:54:14,377 : INFO : EventManager : Event: ======'drop_target_d_drop_target3_down'====== Args={'device': <drop_target.d_drop_target3>}
2022-09-16 19:54:14,377 : INFO : EventManager : Event: ======'drop_target_bank_db_dropbank_mixed'====== Args={'prev_value': <DropTargetBankState.UP: 'up'>, 'down': 1}
2022-09-16 19:54:15,204 : INFO : EventManager : Event: ======'slide_mission_pinball_removed'====== Args={'_from_bcp': True}
2022-09-16 19:54:15,207 : INFO : EventManager : Event: ======'slide_mission_pinball_created'====== Args={'_from_bcp': True}
2022-09-16 19:54:15,207 : INFO : EventManager : Event: ======'slide_mission_pinball_active'====== Args={'_from_bcp': True}
2022-09-16 19:54:18,209 : INFO : EventManager : Event: ======'slide_awesome_slide_removed'====== Args={'_from_bcp': True}
2022-09-16 19:54:18,209 : INFO : EventManager : Event: ======'slide_awesome_slide_created'====== Args={'_from_bcp': True}
2022-09-16 19:54:18,209 : INFO : EventManager : Event: ======'slide_awesome_slide_active'====== Args={'_from_bcp': True}
2022-09-16 19:54:21,198 : INFO : EventManager : Event: ======'slide_press_start_removed'====== Args={'_from_bcp': True}
2022-09-16 19:54:21,199 : INFO : EventManager : Event: ======'slide_press_start_created'====== Args={'_from_bcp': True}
2022-09-16 19:54:21,199 : INFO : EventManager : Event: ======'slide_press_start_active'====== Args={'_from_bcp': True}
2022-09-16 19:54:21,409 : INFO : SwitchController : <<<<<<< 's_toplane1' active >>>>>>>
2022-09-16 19:54:21,662 : INFO : SwitchController : <<<<<<< 's_toplane1' inactive >>>>>>>
2022-09-16 19:54:21,819 : INFO : SwitchController : <<<<<<< 's_toplane1' active >>>>>>>
2022-09-16 19:54:21,962 : INFO : SwitchController : <<<<<<< 's_toplane1' inactive >>>>>>>
2022-09-16 19:54:22,075 : INFO : SwitchController : <<<<<<< 's_toplane1' active >>>>>>>
2022-09-16 19:54:22,439 : INFO : SwitchController : <<<<<<< 's_toplane1' inactive >>>>>>>
2022-09-16 19:54:24,212 : INFO : EventManager : Event: ======'slide_mission_pinball_removed'====== Args={'_from_bcp': True}
2022-09-16 19:54:24,212 : INFO : EventManager : Event: ======'slide_mission_pinball_created'====== Args={'_from_bcp': True}
2022-09-16 19:54:24,212 : INFO : EventManager : Event: ======'slide_mission_pinball_active'====== Args={'_from_bcp': True}
2022-09-16 19:54:27,199 : INFO : EventManager : Event: ======'slide_awesome_slide_removed'====== Args={'_from_bcp': True}
2022-09-16 19:54:27,199 : INFO : EventManager : Event: ======'slide_awesome_slide_created'====== Args={'_from_bcp': True}
2022-09-16 19:54:27,199 : INFO : EventManager : Event: ======'slide_awesome_slide_active'====== Args={'_from_bcp': True}
2022-09-16 19:54:30,207 : INFO : EventManager : Event: ======'slide_press_start_removed'====== Args={'_from_bcp': True}
2022-09-16 19:54:30,208 : INFO : EventManager : Event: ======'slide_press_start_created'====== Args={'_from_bcp': True}
2022-09-16 19:54:30,210 : INFO : EventManager : Event: ======'slide_press_start_active'====== Args={'_from_bcp': True}
2022-09-16 19:54:33,210 : INFO : EventManager : Event: ======'slide_mission_pinball_removed'====== Args={'_from_bcp': True}
2022-09-16 19:54:33,210 : INFO : EventManager : Event: ======'slide_mission_pinball_created'====== Args={'_from_bcp': True}
2022-09-16 19:54:33,210 : INFO : EventManager : Event: ======'slide_mission_pinball_active'====== Args={'_from_bcp': True}
2022-09-16 19:54:36,198 : INFO : EventManager : Event: ======'slide_awesome_slide_removed'====== Args={'_from_bcp': True}
2022-09-16 19:54:36,201 : INFO : EventManager : Event: ======'slide_awesome_slide_created'====== Args={'_from_bcp': True}
2022-09-16 19:54:36,202 : INFO : EventManager : Event: ======'slide_awesome_slide_active'====== Args={'_from_bcp': True}
2022-09-16 19:54:39,211 : INFO : EventManager : Event: ======'slide_press_start_removed'====== Args={'_from_bcp': True}
2022-09-16 19:54:39,211 : INFO : EventManager : Event: ======'slide_press_start_created'====== Args={'_from_bcp': True}
2022-09-16 19:54:39,212 : INFO : EventManager : Event: ======'slide_press_start_active'====== Args={'_from_bcp': True}
2022-09-16 19:54:42,208 : INFO : EventManager : Event: ======'slide_mission_pinball_removed'====== Args={'_from_bcp': True}
2022-09-16 19:54:42,208 : INFO : EventManager : Event: ======'slide_mission_pinball_created'====== Args={'_from_bcp': True}
2022-09-16 19:54:42,208 : INFO : EventManager : Event: ======'slide_mission_pinball_active'====== Args={'_from_bcp': True}
2022-09-16 19:54:45,208 : INFO : EventManager : Event: ======'slide_awesome_slide_removed'====== Args={'_from_bcp': True}
2022-09-16 19:54:45,209 : INFO : EventManager : Event: ======'slide_awesome_slide_created'====== Args={'_from_bcp': True}
2022-09-16 19:54:45,209 : INFO : EventManager : Event: ======'slide_awesome_slide_active'====== Args={'_from_bcp': True}
2022-09-16 19:54:48,201 : INFO : EventManager : Event: ======'slide_press_start_removed'====== Args={'_from_bcp': True}
2022-09-16 19:54:48,202 : INFO : EventManager : Event: ======'slide_press_start_created'====== Args={'_from_bcp': True}
2022-09-16 19:54:48,202 : INFO : EventManager : Event: ======'slide_press_start_active'====== Args={'_from_bcp': True}
2022-09-16 19:54:49,561 : INFO : SwitchController : <<<<<<< 's_start' active >>>>>>>
2022-09-16 19:54:49,721 : INFO : SwitchController : <<<<<<< 's_start' inactive >>>>>>>
2022-09-16 19:54:49,722 : INFO : EventManager : Event: ======'request_to_start_game'====== Args={}
2022-09-16 19:54:49,722 : INFO : BallController : Known balls: 0
2022-09-16 19:54:49,722 : INFO : BallController : bd_trough contains 0 balls. Tags ['trough', 'home', 'drain']
2022-09-16 19:54:49,723 : INFO : BallController : bd_plunger contains 0 balls. Tags []
2022-09-16 19:54:49,723 : INFO : BallController : bd_vukmid contains 0 balls. Tags []
2022-09-16 19:54:49,723 : INFO : BallController : bd_vuktop contains 0 balls. Tags []
2022-09-16 19:54:49,723 : INFO : BallController : playfield contains 0 balls. Tags ['default']
2022-09-16 19:54:49,723 : WARNING : BallController : BallController denies game start. Not enough balls. 0 found. 1 required
2022-09-16 19:54:49,723 : INFO : BallController : Triggering ball search.
2022-09-16 19:54:50,404 : INFO : SwitchController : <<<<<<< 's_start' active >>>>>>>
2022-09-16 19:54:50,754 : INFO : SwitchController : <<<<<<< 's_start' inactive >>>>>>>
2022-09-16 19:54:50,754 : INFO : EventManager : Event: ======'request_to_start_game'====== Args={}
2022-09-16 19:54:50,755 : INFO : BallController : Known balls: 0
2022-09-16 19:54:50,755 : INFO : BallController : bd_trough contains 0 balls. Tags ['trough', 'home', 'drain']
2022-09-16 19:54:50,755 : INFO : BallController : bd_plunger contains 0 balls. Tags []
2022-09-16 19:54:50,755 : INFO : BallController : bd_vukmid contains 0 balls. Tags []
2022-09-16 19:54:50,755 : INFO : BallController : bd_vuktop contains 0 balls. Tags []
2022-09-16 19:54:50,755 : INFO : BallController : playfield contains 0 balls. Tags ['default']
2022-09-16 19:54:50,756 : WARNING : BallController : BallController denies game start. Not enough balls. 0 found. 1 required
2022-09-16 19:54:50,756 : INFO : BallController : Triggering ball search.
2022-09-16 19:54:51,207 : INFO : EventManager : Event: ======'slide_mission_pinball_removed'====== Args={'_from_bcp': True}
2022-09-16 19:54:51,207 : INFO : EventManager : Event: ======'slide_mission_pinball_created'====== Args={'_from_bcp': True}
2022-09-16 19:54:51,208 : INFO : EventManager : Event: ======'slide_mission_pinball_active'====== Args={'_from_bcp': True}
2022-09-16 19:54:53,111 : INFO : SwitchController : <<<<<<< 's_start' active >>>>>>>
2022-09-16 19:54:53,247 : INFO : SwitchController : <<<<<<< 's_start' inactive >>>>>>>
2022-09-16 19:54:53,247 : INFO : EventManager : Event: ======'request_to_start_game'====== Args={}
2022-09-16 19:54:53,248 : INFO : BallController : Known balls: 0
2022-09-16 19:54:53,248 : INFO : BallController : bd_trough contains 0 balls. Tags ['trough', 'home', 'drain']
2022-09-16 19:54:53,248 : INFO : BallController : bd_plunger contains 0 balls. Tags []
2022-09-16 19:54:53,248 : INFO : BallController : bd_vukmid contains 0 balls. Tags []
2022-09-16 19:54:53,248 : INFO : BallController : bd_vuktop contains 0 balls. Tags []
2022-09-16 19:54:53,248 : INFO : BallController : playfield contains 0 balls. Tags ['default']
2022-09-16 19:54:53,248 : WARNING : BallController : BallController denies game start. Not enough balls. 0 found. 1 required
2022-09-16 19:54:53,248 : INFO : BallController : Triggering ball search.
2022-09-16 19:54:53,612 : INFO : SwitchController : <<<<<<< 's_start' active >>>>>>>
2022-09-16 19:54:53,756 : INFO : SwitchController : <<<<<<< 's_start' inactive >>>>>>>
2022-09-16 19:54:53,756 : INFO : EventManager : Event: ======'request_to_start_game'====== Args={}
2022-09-16 19:54:53,757 : INFO : BallController : Known balls: 0
2022-09-16 19:54:53,757 : INFO : BallController : bd_trough contains 0 balls. Tags ['trough', 'home', 'drain']
2022-09-16 19:54:53,757 : INFO : BallController : bd_plunger contains 0 balls. Tags []
2022-09-16 19:54:53,757 : INFO : BallController : bd_vukmid contains 0 balls. Tags []
2022-09-16 19:54:53,758 : INFO : BallController : bd_vuktop contains 0 balls. Tags []
2022-09-16 19:54:53,758 : INFO : BallController : playfield contains 0 balls. Tags ['default']
2022-09-16 19:54:53,758 : WARNING : BallController : BallController denies game start. Not enough balls. 0 found. 1 required
2022-09-16 19:54:53,758 : INFO : BallController : Triggering ball search.
2022-09-16 19:54:53,986 : INFO : SwitchController : <<<<<<< 's_start' active >>>>>>>
2022-09-16 19:54:54,072 : INFO : SwitchController : <<<<<<< 's_start' inactive >>>>>>>
2022-09-16 19:54:54,073 : INFO : EventManager : Event: ======'request_to_start_game'====== Args={}
2022-09-16 19:54:54,074 : INFO : BallController : Known balls: 0
2022-09-16 19:54:54,074 : INFO : BallController : bd_trough contains 0 balls. Tags ['trough', 'home', 'drain']
2022-09-16 19:54:54,074 : INFO : BallController : bd_plunger contains 0 balls. Tags []
2022-09-16 19:54:54,074 : INFO : BallController : bd_vukmid contains 0 balls. Tags []
2022-09-16 19:54:54,074 : INFO : BallController : bd_vuktop contains 0 balls. Tags []
2022-09-16 19:54:54,074 : INFO : BallController : playfield contains 0 balls. Tags ['default']
2022-09-16 19:54:54,074 : WARNING : BallController : BallController denies game start. Not enough balls. 0 found. 1 required
2022-09-16 19:54:54,074 : INFO : BallController : Triggering ball search.
2022-09-16 19:54:54,211 : INFO : EventManager : Event: ======'slide_awesome_slide_removed'====== Args={'_from_bcp': True}
2022-09-16 19:54:54,211 : INFO : EventManager : Event: ======'slide_awesome_slide_created'====== Args={'_from_bcp': True}
2022-09-16 19:54:54,212 : INFO : EventManager : Event: ======'slide_awesome_slide_active'====== Args={'_from_bcp': True}
2022-09-16 19:54:55,545 : INFO : SwitchController : <<<<<<< 's_start' active >>>>>>>
2022-09-16 19:54:55,704 : INFO : SwitchController : <<<<<<< 's_start' inactive >>>>>>>
2022-09-16 19:54:55,705 : INFO : EventManager : Event: ======'request_to_start_game'====== Args={}
2022-09-16 19:54:55,705 : INFO : BallController : Known balls: 0
2022-09-16 19:54:55,706 : INFO : BallController : bd_trough contains 0 balls. Tags ['trough', 'home', 'drain']
2022-09-16 19:54:55,706 : INFO : BallController : bd_plunger contains 0 balls. Tags []
2022-09-16 19:54:55,706 : INFO : BallController : bd_vukmid contains 0 balls. Tags []
2022-09-16 19:54:55,706 : INFO : BallController : bd_vuktop contains 0 balls. Tags []
2022-09-16 19:54:55,706 : INFO : BallController : playfield contains 0 balls. Tags ['default']
2022-09-16 19:54:55,706 : WARNING : BallController : BallController denies game start. Not enough balls. 0 found. 1 required
2022-09-16 19:54:55,706 : INFO : BallController : Triggering ball search.
2022-09-16 19:54:56,307 : INFO : SwitchController : <<<<<<< 's_start' active >>>>>>>
2022-09-16 19:54:56,417 : INFO : SwitchController : <<<<<<< 's_start' inactive >>>>>>>
2022-09-16 19:54:56,418 : INFO : EventManager : Event: ======'request_to_start_game'====== Args={}
2022-09-16 19:54:56,419 : INFO : BallController : Known balls: 0
2022-09-16 19:54:56,419 : INFO : BallController : bd_trough contains 0 balls. Tags ['trough', 'home', 'drain']
2022-09-16 19:54:56,419 : INFO : BallController : bd_plunger contains 0 balls. Tags []
2022-09-16 19:54:56,419 : INFO : BallController : bd_vukmid contains 0 balls. Tags []
2022-09-16 19:54:56,419 : INFO : BallController : bd_vuktop contains 0 balls. Tags []
2022-09-16 19:54:56,419 : INFO : BallController : playfield contains 0 balls. Tags ['default']
2022-09-16 19:54:56,419 : WARNING : BallController : BallController denies game start. Not enough balls. 0 found. 1 required
2022-09-16 19:54:56,420 : INFO : BallController : Triggering ball search.
2022-09-16 19:54:56,593 : INFO : SwitchController : <<<<<<< 's_start' active >>>>>>>
2022-09-16 19:54:56,721 : INFO : SwitchController : <<<<<<< 's_start' inactive >>>>>>>
2022-09-16 19:54:56,722 : INFO : EventManager : Event: ======'request_to_start_game'====== Args={}
2022-09-16 19:54:56,722 : INFO : BallController : Known balls: 0
2022-09-16 19:54:56,722 : INFO : BallController : bd_trough contains 0 balls. Tags ['trough', 'home', 'drain']
2022-09-16 19:54:56,722 : INFO : BallController : bd_plunger contains 0 balls. Tags []
2022-09-16 19:54:56,722 : INFO : BallController : bd_vukmid contains 0 balls. Tags []
2022-09-16 19:54:56,722 : INFO : BallController : bd_vuktop contains 0 balls. Tags []
2022-09-16 19:54:56,723 : INFO : BallController : playfield contains 0 balls. Tags ['default']
2022-09-16 19:54:56,723 : WARNING : BallController : BallController denies game start. Not enough balls. 0 found. 1 required
2022-09-16 19:54:56,723 : INFO : BallController : Triggering ball search.
2022-09-16 19:54:57,201 : INFO : EventManager : Event: ======'slide_press_start_removed'====== Args={'_from_bcp': True}
2022-09-16 19:54:57,204 : INFO : EventManager : Event: ======'slide_press_start_created'====== Args={'_from_bcp': True}
2022-09-16 19:54:57,204 : INFO : EventManager : Event: ======'slide_press_start_active'====== Args={'_from_bcp': True}
2022-09-16 19:55:00,207 : INFO : EventManager : Event: ======'slide_mission_pinball_removed'====== Args={'_from_bcp': True}
2022-09-16 19:55:00,207 : INFO : EventManager : Event: ======'slide_mission_pinball_created'====== Args={'_from_bcp': True}
2022-09-16 19:55:00,208 : INFO : EventManager : Event: ======'slide_mission_pinball_active'====== Args={'_from_bcp': True}
2022-09-16 19:55:01,738 : INFO : Machine : Shutting down...
2022-09-16 19:55:01,738 : INFO : EventManager : Event: ======'shutdown'====== Args={}
2022-09-16 19:55:01,742 : ERROR : OPP : Stop called on serial connection COM7
2022-09-16 19:55:01,743 : INFO : root : MPF run loop ended.
