2022-10-23 14:21:25,166 : kivy : Factory: 186 symbols loaded
2022-10-23 14:21:25,373 : kivy : ImageLoaderFFPy: Using ffpyplayer 4.3.2
2022-10-23 14:21:25,373 : kivy : Image: Providers: img_tex, img_dds, img_sdl2, img_pil, img_ffpyplayer 
2022-10-23 14:21:25,412 : kivy : VideoGstplayer: Using Gstreamer 1.18.0.0
2022-10-23 14:21:25,412 : kivy : Video: Provider: gstplayer
2022-10-23 14:21:25,816 : kivy : Loading MPF-MC controller
2022-10-23 14:21:25,819 : YamlMultifileConfigLoader : Machine config file #1: config
2022-10-23 14:21:25,820 : ConfigProcessor : Config file in cache changed: C:\Users\dorus\OneDrive\Documents\Pinball\Github\Pinball-MPF\mpfv1\config\config
2022-10-23 14:21:25,830 : ConfigProcessor : Loading config from file C:\Users\dorus\AppData\Local\Programs\Python\Python38\lib\site-packages\mpfmc\mcconfig.yaml.
2022-10-23 14:21:25,879 : ConfigProcessor : Loading config: C:\Users\dorus\AppData\Local\Programs\Python\Python38\lib\site-packages\mpfmc\mcconfig.yaml
2022-10-23 14:21:25,880 : ConfigProcessor : Loading config from file C:\Users\dorus\OneDrive\Documents\Pinball\Github\Pinball-MPF\mpfv1\config\config.
2022-10-23 14:21:25,885 : ConfigProcessor : Loading config: C:\Users\dorus\OneDrive\Documents\Pinball\Github\Pinball-MPF\mpfv1\config\config
2022-10-23 14:21:25,937 : ConfigProcessor : Loading config: C:\Users\dorus\OneDrive\Documents\Pinball\Github\Pinball-MPF\mpfv1\config\hardware.yaml
2022-10-23 14:21:25,953 : ConfigProcessor : Loading config: C:\Users\dorus\OneDrive\Documents\Pinball\Github\Pinball-MPF\mpfv1\config\sounds.yaml
2022-10-23 14:21:25,961 : ConfigProcessor : Loading config: C:\Users\dorus\OneDrive\Documents\Pinball\Github\Pinball-MPF\mpfv1\config\display.yaml
2022-10-23 14:21:25,980 : ConfigProcessor : Loading config: C:\Users\dorus\OneDrive\Documents\Pinball\Github\Pinball-MPF\mpfv1\config\keyboard.yaml
2022-10-23 14:21:26,014 : ConfigProcessor : Loading config: C:\Users\dorus\OneDrive\Documents\Pinball\Github\Pinball-MPF\mpfv1\config\slides.yaml
2022-10-23 14:21:26,019 : ConfigProcessor : Loading config: C:\Users\dorus\OneDrive\Documents\Pinball\Github\Pinball-MPF\mpfv1\config\light_shows.yaml
2022-10-23 14:21:26,023 : ConfigProcessor : Config file cache created: C:\Users\dorus\AppData\Local\Temp\7e51f468519621fe47191f26eea0f791.mpf_cache
2022-10-23 14:21:26,023 : ConfigProcessor : Loading config from cache: C:\Users\dorus\AppData\Local\Temp\69e5e641cece6cfbb9f28306d01595e4.mpf_cache
2022-10-23 14:21:26,024 : ConfigProcessor : Loading config from cache: C:\Users\dorus\AppData\Local\Temp\336e6d2601ccb63523c70814805acbf1.mpf_cache
2022-10-23 14:21:26,025 : ConfigProcessor : Loading config from cache: C:\Users\dorus\AppData\Local\Temp\8f8558ef7eb783a34103d845cb15f27a.mpf_cache
2022-10-23 14:21:26,026 : ConfigProcessor : Loading config from cache: C:\Users\dorus\AppData\Local\Temp\3f4ec0fd6e14e835699e1ee64ae7815f.mpf_cache
2022-10-23 14:21:26,026 : ConfigProcessor : Loading config from cache: C:\Users\dorus\AppData\Local\Temp\07450fdcdb716b1c510f1f1f728b03da.mpf_cache
2022-10-23 14:21:26,027 : mpfmc : Mission Pinball Framework Media Controller v0.55.0
2022-10-23 14:21:26,027 : mpfmc : Mission Pinball Framework Game Engine v0.55.0
2022-10-23 14:21:26,027 : mpfmc : Machine path: C:\Users\dorus\OneDrive\Documents\Pinball\Github\Pinball-MPF\mpfv1
2022-10-23 14:21:26,027 : mpfmc : Starting clock at 60.0Hz
2022-10-23 14:21:26,048 : kivy : Text: Provider: sdl2
2022-10-23 14:21:26,119 : kivy : Window: Provider: sdl2
2022-10-23 14:21:26,264 : kivy : GL: Using the "OpenGL" graphics system
2022-10-23 14:21:26,265 : kivy : GL: GLEW initialization succeeded
2022-10-23 14:21:26,265 : kivy : GL: Backend used <glew>
2022-10-23 14:21:26,265 : kivy : GL: OpenGL version <b'4.6.0 - Build 26.20.100.7372'>
2022-10-23 14:21:26,265 : kivy : GL: OpenGL vendor <b'Intel'>
2022-10-23 14:21:26,265 : kivy : GL: OpenGL renderer <b'Intel(R) UHD Graphics'>
2022-10-23 14:21:26,265 : kivy : GL: OpenGL parsed version: 4, 6
2022-10-23 14:21:26,265 : kivy : GL: Shading version <b'4.60 - Build 26.20.100.7372'>
2022-10-23 14:21:26,266 : kivy : GL: Texture max size <16384>
2022-10-23 14:21:26,266 : kivy : GL: Texture max units <32>
2022-10-23 14:21:26,303 : kivy : Window: auto add sdl2 input provider
2022-10-23 14:21:26,304 : kivy : Window: virtual keyboard not allowed, single mode, not docked
2022-10-23 14:21:26,535 : AudioInterface : Initialized
2022-10-23 14:21:26,535 : AudioInterface : Loaded SDL 2.0.12
2022-10-23 14:21:26,535 : AudioInterface : Loaded SDL_Mixer 2.0.4
2022-10-23 14:21:26,535 : AudioInterface : Loaded GStreamer 1.18.0.0
2022-10-23 14:21:26,535 : AudioInterface : Loaded GLib 2.62.6
2022-10-23 14:21:26,535 : AudioInterface : Settings requested - rate: 44100, channels: 1, buffer: 2048 samples
2022-10-23 14:21:26,535 : AudioInterface : Settings in use - rate: 44100, channels: 1, buffer: 2048 samples (4096 bytes @ 2 bytes per sample)
2022-10-23 14:21:26,536 : SoundSystem : Setting master volume to 0.0
2022-10-23 14:21:26,536 : SoundSystem : master_volume in sound_system is deprecated and will be removed in the future.
2022-10-23 14:21:26,536 : AudioInterface : Enabling audio playback
2022-10-23 14:21:26,538 : kivy : Base: Start application main loop
2022-10-23 14:21:26,538 : EventManager : Event: ======'display_window_initialized'====== Args={}
2022-10-23 14:21:26,539 : EventManager : Event: ======'display_Disp_Player_initialized'====== Args={}
2022-10-23 14:21:26,539 : EventManager : Event: ======'display_Disp_Menu_initialized'====== Args={}
2022-10-23 14:21:26,539 : EventManager : Event: ======'display_Disp_Ball_initialized'====== Args={}
2022-10-23 14:21:26,539 : EventManager : Event: ======'display_Disp_Message_initialized'====== Args={}
2022-10-23 14:21:26,539 : EventManager : Event: ======'display_Disp_Counter_initialized'====== Args={}
2022-10-23 14:21:26,540 : EventManager : Event: ======'display_Disp_Score_initialized'====== Args={}
2022-10-23 14:21:26,540 : EventManager : Event: ======'display_Disp_Icons_initialized'====== Args={}
2022-10-23 14:21:26,553 : mpfmc : Display: Setting 'window' as default display
2022-10-23 14:21:26,563 : EventManager : Event: ======'displays_initialized'====== Args={}
2022-10-23 14:21:26,564 : EventManager : Event: ======'slide_window_blank_created'====== Args={}
2022-10-23 14:21:26,565 : EventManager : Event: ======'display_window_ready'====== Args={}
2022-10-23 14:21:26,565 : EventManager : Event: ======'slide_Disp_Player_blank_created'====== Args={}
2022-10-23 14:21:26,565 : EventManager : Event: ======'display_Disp_Player_ready'====== Args={}
2022-10-23 14:21:26,566 : EventManager : Event: ======'slide_Disp_Menu_blank_created'====== Args={}
2022-10-23 14:21:26,566 : EventManager : Event: ======'display_Disp_Menu_ready'====== Args={}
2022-10-23 14:21:26,566 : EventManager : Event: ======'slide_Disp_Ball_blank_created'====== Args={}
2022-10-23 14:21:26,566 : EventManager : Event: ======'display_Disp_Ball_ready'====== Args={}
2022-10-23 14:21:26,567 : EventManager : Event: ======'slide_Disp_Message_blank_created'====== Args={}
2022-10-23 14:21:26,567 : EventManager : Event: ======'display_Disp_Message_ready'====== Args={}
2022-10-23 14:21:26,567 : EventManager : Event: ======'slide_Disp_Counter_blank_created'====== Args={}
2022-10-23 14:21:26,567 : EventManager : Event: ======'display_Disp_Counter_ready'====== Args={}
2022-10-23 14:21:26,568 : EventManager : Event: ======'slide_Disp_Score_blank_created'====== Args={}
2022-10-23 14:21:26,568 : EventManager : Event: ======'display_Disp_Score_ready'====== Args={}
2022-10-23 14:21:26,568 : EventManager : Event: ======'slide_Disp_Icons_blank_created'====== Args={}
2022-10-23 14:21:26,568 : EventManager : Event: ======'display_Disp_Icons_ready'====== Args={}
2022-10-23 14:21:26,581 : EventManager : Event: ======'init_phase_1'====== Args={}
2022-10-23 14:21:26,586 : EventManager : Event: ======'mc_ready'====== Args={}
2022-10-23 14:21:26,586 : EventManager : Event: ======'init_phase_2'====== Args={}
2022-10-23 14:21:26,588 : EventManager : Event: ======'init_phase_3'====== Args={}
2022-10-23 14:21:26,590 : EventManager : Event: ======'init_phase_4'====== Args={}
2022-10-23 14:21:26,591 : EventManager : Event: ======'init_phase_5'====== Args={}
2022-10-23 14:21:26,632 : kivy : GL: NPOT texture support is available
2022-10-23 14:21:26,659 : EventManager : Event: ======'loading_assets'====== Args={'total': 2, 'loaded': 1, 'remaining': 1, 'percent': 50}
2022-10-23 14:21:26,660 : AssetManager : Loading assets: 1/2 (50%)
2022-10-23 14:21:26,687 : EventManager : Event: ======'loading_assets'====== Args={'total': 2, 'loaded': 2, 'remaining': 0, 'percent': 100}
2022-10-23 14:21:26,687 : AssetManager : Asset loading took: 0.1511831283569336
2022-10-23 14:21:26,687 : EventManager : Event: ======'asset_loading_complete'====== Args={}
2022-10-23 14:21:26,687 : AssetManager : Loading assets: 2/2 (100%)
2022-10-23 14:21:26,687 : EventManager : Event: ======'init_done'====== Args={}
2022-10-23 14:21:26,687 : MPF-MC BCP Server : Starting up on localhost port 5050
2022-10-23 14:21:26,691 : MPF-MC BCP Server : Waiting for a connection...
2022-10-23 14:21:26,691 : mpfmc : SlidePlayer: Play called with settings={'slides': {welcome_slide-None-None: {'priority': None, 'target': None, 'background_color': [0.0, 0.0, 0.0, 1.0], 'show': True, 'force': False, 'expire': None, 'slide': None, 'tokens': {}, 'action': 'play', 'transition': None, 'transition_out': None}}}
2022-10-23 14:21:26,697 : EventManager : Event: ======'slide_welcome_slide_created'====== Args={}
2022-10-23 14:21:26,700 : EventManager : Event: ======'slide_welcome_slide_active'====== Args={}
2022-10-23 14:21:26,708 : EventManager : Event: ======'client_disconnected'====== Args={'host': '127.0.0.1', 'port': 5050}
2022-10-23 14:21:27,361 : MPF-MC BCP Server : Received connection from: 127.0.0.1:52489
2022-10-23 14:21:27,361 : EventManager : Event: ======'client_connected'====== Args={'host': '127.0.0.1', 'port': 52489}
2022-10-23 14:21:27,399 : EventManager : Event: ======'machine_var_credits_string'====== Args={'value': 'FREE PLAY', 'prev_value': None, 'change': True}
2022-10-23 14:21:27,399 : EventManager : Event: ======'machine_var_master_volume'====== Args={'value': 0.5, 'prev_value': None, 'change': True}
2022-10-23 14:21:27,399 : EventManager : Event: ======'machine_var_player1_score'====== Args={'value': 0, 'prev_value': None, 'change': True}
2022-10-23 14:21:27,399 : EventManager : Event: ======'machine_var_mpf_version'====== Args={'value': 'MPF v0.55.0', 'prev_value': None, 'change': True}
2022-10-23 14:21:27,399 : EventManager : Event: ======'machine_var_mpf_extended_version'====== Args={'value': 'MPF v0.55.0, Config version:5, Show version: 5, BCP version:1.1', 'prev_value': None, 'change': True}
2022-10-23 14:21:27,399 : EventManager : Event: ======'machine_var_python_version'====== Args={'value': '3.8.10', 'prev_value': None, 'change': True}
2022-10-23 14:21:27,399 : EventManager : Event: ======'machine_var_platform'====== Args={'value': 'Windows-10-10.0.19044-SP0', 'prev_value': None, 'change': True}
2022-10-23 14:21:27,399 : EventManager : Event: ======'machine_var_platform_system'====== Args={'value': 'Windows', 'prev_value': None, 'change': True}
2022-10-23 14:21:27,399 : EventManager : Event: ======'machine_var_platform_release'====== Args={'value': '10', 'prev_value': None, 'change': True}
2022-10-23 14:21:27,399 : EventManager : Event: ======'machine_var_platform_version'====== Args={'value': '10.0.19044', 'prev_value': None, 'change': True}
2022-10-23 14:21:27,399 : EventManager : Event: ======'machine_var_platform_machine'====== Args={'value': 'AMD64', 'prev_value': None, 'change': True}
2022-10-23 14:21:27,399 : EventManager : Event: ======'machine_var_mc_version'====== Args={'value': 'MPF-MC v0.55.0', 'prev_value': None, 'change': True}
2022-10-23 14:21:27,399 : EventManager : Event: ======'machine_var_mc_extended_version'====== Args={'value': 'MPF-MC v0.55.0 (config_version=5, BCP v1.1, Requires MPF v0.55.0-dev.49)', 'prev_value': None, 'change': True}
2022-10-23 14:21:27,400 : SoundSystem : Setting master volume to 0.5
2022-10-23 14:21:27,475 : EventManager : Event: ======'machine_var_audits_events_game_ended'====== Args={'value': 0, 'prev_value': None, 'change': True}
2022-10-23 14:21:27,500 : EventManager : Event: ======'machine_var_audits_events_game_started'====== Args={'value': 0, 'prev_value': None, 'change': True}
2022-10-23 14:21:27,500 : EventManager : Event: ======'machine_var_audits_player_score'====== Args={'value': {'average': 23622.222222222223, 'top': [41000, 33100, 31800, 31200, 27600, 20200, 17500, 10200, 0], 'total': 9}, 'prev_value': None, 'change': True}
2022-10-23 14:21:27,500 : EventManager : Event: ======'machine_var_audits_shots_lane_top_1'====== Args={'value': 130, 'prev_value': None, 'change': True}
2022-10-23 14:21:27,500 : EventManager : Event: ======'machine_var_audits_shots_lane_top_2'====== Args={'value': 122, 'prev_value': None, 'change': True}
2022-10-23 14:21:27,500 : EventManager : Event: ======'machine_var_audits_shots_lane_top_3'====== Args={'value': 102, 'prev_value': None, 'change': True}
2022-10-23 14:21:27,500 : EventManager : Event: ======'machine_var_audits_shots_orbit'====== Args={'value': 23, 'prev_value': None, 'change': True}
2022-10-23 14:21:27,500 : EventManager : Event: ======'machine_var_audits_shots_spinner'====== Args={'value': 178, 'prev_value': None, 'change': True}
2022-10-23 14:21:27,500 : EventManager : Event: ======'machine_var_audits_switches_s_bottomlane1'====== Args={'value': 15, 'prev_value': None, 'change': True}
2022-10-23 14:21:27,500 : EventManager : Event: ======'machine_var_audits_switches_s_bottomlane2'====== Args={'value': 28, 'prev_value': None, 'change': True}
2022-10-23 14:21:27,500 : EventManager : Event: ======'machine_var_audits_switches_s_bottomlane3'====== Args={'value': 26, 'prev_value': None, 'change': True}
2022-10-23 14:21:27,500 : EventManager : Event: ======'machine_var_audits_switches_s_bottomlane4'====== Args={'value': 33, 'prev_value': None, 'change': True}
2022-10-23 14:21:27,500 : EventManager : Event: ======'machine_var_audits_switches_s_bottomlane5'====== Args={'value': 13, 'prev_value': None, 'change': True}
2022-10-23 14:21:27,500 : EventManager : Event: ======'machine_var_audits_switches_s_drop1'====== Args={'value': 35, 'prev_value': None, 'change': True}
2022-10-23 14:21:27,500 : EventManager : Event: ======'machine_var_audits_switches_s_drop2'====== Args={'value': 17, 'prev_value': None, 'change': True}
2022-10-23 14:21:27,501 : EventManager : Event: ======'machine_var_audits_switches_s_drop3'====== Args={'value': 15, 'prev_value': None, 'change': True}
2022-10-23 14:21:27,501 : EventManager : Event: ======'machine_var_audits_switches_s_launch'====== Args={'value': 11, 'prev_value': None, 'change': True}
2022-10-23 14:21:27,501 : EventManager : Event: ======'machine_var_audits_switches_s_left01'====== Args={'value': 26, 'prev_value': None, 'change': True}
2022-10-23 14:21:27,501 : EventManager : Event: ======'machine_var_audits_switches_s_left02'====== Args={'value': 27, 'prev_value': None, 'change': True}
2022-10-23 14:21:27,501 : EventManager : Event: ======'machine_var_audits_switches_s_left03'====== Args={'value': 20, 'prev_value': None, 'change': True}
2022-10-23 14:21:27,501 : EventManager : Event: ======'machine_var_audits_switches_s_left_sling'====== Args={'value': 55, 'prev_value': None, 'change': True}
2022-10-23 14:21:27,501 : EventManager : Event: ======'machine_var_audits_switches_s_orbit1'====== Args={'value': 45, 'prev_value': None, 'change': True}
2022-10-23 14:21:27,501 : EventManager : Event: ======'machine_var_audits_switches_s_orbit2'====== Args={'value': 0, 'prev_value': None, 'change': True}
2022-10-23 14:21:27,501 : EventManager : Event: ======'machine_var_audits_switches_s_plunger_lane'====== Args={'value': 100, 'prev_value': None, 'change': True}
2022-10-23 14:21:27,501 : EventManager : Event: ======'machine_var_audits_switches_s_popbumber_1'====== Args={'value': 58, 'prev_value': None, 'change': True}
2022-10-23 14:21:27,501 : EventManager : Event: ======'machine_var_audits_switches_s_popbumber_2'====== Args={'value': 94, 'prev_value': None, 'change': True}
2022-10-23 14:21:27,501 : EventManager : Event: ======'machine_var_audits_switches_s_popbumber_3'====== Args={'value': 35, 'prev_value': None, 'change': True}
2022-10-23 14:21:27,501 : EventManager : Event: ======'machine_var_audits_switches_s_ramp'====== Args={'value': 34, 'prev_value': None, 'change': True}
2022-10-23 14:21:27,501 : EventManager : Event: ======'machine_var_audits_switches_s_right_sling'====== Args={'value': 109, 'prev_value': None, 'change': True}
2022-10-23 14:21:27,501 : EventManager : Event: ======'machine_var_audits_switches_s_rigth01'====== Args={'value': 54, 'prev_value': None, 'change': True}
2022-10-23 14:21:27,501 : EventManager : Event: ======'machine_var_audits_switches_s_rigth02'====== Args={'value': 23, 'prev_value': None, 'change': True}
2022-10-23 14:21:27,501 : EventManager : Event: ======'machine_var_audits_switches_s_rigth03'====== Args={'value': 14, 'prev_value': None, 'change': True}
2022-10-23 14:21:27,502 : EventManager : Event: ======'machine_var_audits_switches_s_spinner'====== Args={'value': 271, 'prev_value': None, 'change': True}
2022-10-23 14:21:27,502 : EventManager : Event: ======'machine_var_audits_switches_s_start'====== Args={'value': 0, 'prev_value': None, 'change': True}
2022-10-23 14:21:27,502 : EventManager : Event: ======'machine_var_audits_switches_s_top'====== Args={'value': 11, 'prev_value': None, 'change': True}
2022-10-23 14:21:27,502 : EventManager : Event: ======'machine_var_audits_switches_s_toplane1'====== Args={'value': 217, 'prev_value': None, 'change': True}
2022-10-23 14:21:27,502 : EventManager : Event: ======'machine_var_audits_switches_s_toplane2'====== Args={'value': 129, 'prev_value': None, 'change': True}
2022-10-23 14:21:27,502 : EventManager : Event: ======'machine_var_audits_switches_s_toplane3'====== Args={'value': 109, 'prev_value': None, 'change': True}
2022-10-23 14:21:27,502 : EventManager : Event: ======'machine_var_audits_switches_s_trough1'====== Args={'value': 32, 'prev_value': None, 'change': True}
2022-10-23 14:21:27,502 : EventManager : Event: ======'machine_var_audits_switches_s_trough2'====== Args={'value': 35, 'prev_value': None, 'change': True}
2022-10-23 14:21:27,502 : EventManager : Event: ======'machine_var_audits_switches_s_trough3'====== Args={'value': 27, 'prev_value': None, 'change': True}
2022-10-23 14:21:27,502 : EventManager : Event: ======'machine_var_audits_switches_s_trough4'====== Args={'value': 40, 'prev_value': None, 'change': True}
2022-10-23 14:21:27,502 : EventManager : Event: ======'machine_var_audits_switches_s_trough5'====== Args={'value': 27, 'prev_value': None, 'change': True}
2022-10-23 14:21:27,502 : EventManager : Event: ======'machine_var_audits_switches_s_trough6'====== Args={'value': 24, 'prev_value': None, 'change': True}
2022-10-23 14:21:27,502 : EventManager : Event: ======'machine_var_audits_switches_s_trough_jam'====== Args={'value': 27, 'prev_value': None, 'change': True}
2022-10-23 14:21:27,502 : EventManager : Event: ======'machine_var_audits_switches_s_vukmid'====== Args={'value': 46, 'prev_value': None, 'change': True}
2022-10-23 14:21:27,502 : EventManager : Event: ======'machine_var_audits_switches_s_vuktop'====== Args={'value': 12, 'prev_value': None, 'change': True}
2022-10-23 14:21:27,513 : EventManager : Event: ======'slides_play'====== Args={'settings': {'welcome_slide': {'target': None, 'background_color': [0.0, 0.0, 0.0, 1.0], 'priority': None, 'show': True, 'force': False, 'expire': None, 'slide': None, 'tokens': {}, 'action': 'play'}}, 'context': '_global', 'calling_context': 'init_done', 'priority': 0}
2022-10-23 14:21:27,513 : EventManager : Event: ======'mc_reset_phase_1'====== Args={}
2022-10-23 14:21:27,513 : mpfmc : SlidePlayer: Play called with settings={'welcome_slide': {'target': None, 'background_color': [0.0, 0.0, 0.0, 1.0], 'priority': None, 'show': True, 'force': False, 'expire': None, 'slide': None, 'tokens': {}, 'action': 'play'}}
2022-10-23 14:21:27,513 : EventManager : Event: ======'slide_welcome_slide_removed'====== Args={}
2022-10-23 14:21:27,516 : EventManager : Event: ======'slide_welcome_slide_created'====== Args={}
2022-10-23 14:21:27,518 : EventManager : Event: ======'mc_reset_phase_2'====== Args={}
2022-10-23 14:21:27,518 : EventManager : Event: ======'mc_reset_phase_3'====== Args={}
2022-10-23 14:21:27,518 : EventManager : Event: ======'mc_reset_complete'====== Args={}
2022-10-23 14:21:27,518 : EventManager : Event: ======'slide_welcome_slide_active'====== Args={}
2022-10-23 14:21:27,534 : EventManager : Event: ======'slides_play'====== Args={'settings': {'layout_main': {'target': 'window', 'background_color': [0.0, 0.0, 0.0, 1.0], 'priority': None, 'show': True, 'force': False, 'expire': None, 'slide': None, 'tokens': {}, 'action': 'play'}, 'empty_slide_1': {'slide': 'empty_slide', 'target': 'Disp_Player', 'background_color': [0.0, 0.0, 0.0, 1.0], 'priority': None, 'show': True, 'force': False, 'expire': None, 'tokens': {}, 'action': 'play'}, 'empty_slide_2': {'slide': 'empty_slide', 'target': 'Disp_Menu', 'background_color': [0.0, 0.0, 0.0, 1.0], 'priority': None, 'show': True, 'force': False, 'expire': None, 'tokens': {}, 'action': 'play'}, 'empty_slide_3': {'slide': 'empty_slide', 'target': 'Disp_Ball', 'background_color': [0.0, 0.0, 0.0, 1.0], 'priority': None, 'show': True, 'force': False, 'expire': None, 'tokens': {}, 'action': 'play'}, 'slide_4': {'target': 'Disp_Message', 'background_color': [0.0, 0.0, 0.0, 1.0], 'priority': None, 'show': True, 'force': False, 'expire': None, 'slide': None, 'tokens': {}, 'action': 'play'}, 'slide_2_2': {'slide': 'slide_2', 'target': 'Disp_Counter', 'background_color': [0.0, 0.0, 0.0, 1.0], 'priority': None, 'show': True, 'force': False, 'expire': None, 'tokens': {}, 'action': 'play'}}, 'context': 'show_2', 'calling_context': 0, 'priority': 10, 'show_tokens': {}, 'start_time': 5122.203}
2022-10-23 14:21:27,534 : EventManager : Event: ======'sounds_play'====== Args={'settings': {'musicslow': {'action': 'play', 'loops': -1, 'priority': None, 'block': False, 'delay': None, 'track': None, 'volume': None, 'pan': None, 'start_at': None, 'fade_in': None, 'fade_out': None, 'about_to_finish_time': -1.0, 'max_queue_time': -1.0, 'events_when_played': ['use_sound_setting'], 'events_when_stopped': ['use_sound_setting'], 'events_when_looping': ['use_sound_setting'], 'events_when_about_to_finish': ['use_sound_setting'], 'mode_end_action': 'use_sound_setting', 'key': 'use_sound_setting'}}, 'context': '_global', 'calling_context': 'mode_attract_started', 'priority': 0}
2022-10-23 14:21:27,534 : mpfmc : SlidePlayer: Play called with settings={'layout_main': {'target': 'window', 'background_color': [0.0, 0.0, 0.0, 1.0], 'priority': None, 'show': True, 'force': False, 'expire': None, 'slide': None, 'tokens': {}, 'action': 'play'}, 'empty_slide_1': {'slide': 'empty_slide', 'target': 'Disp_Player', 'background_color': [0.0, 0.0, 0.0, 1.0], 'priority': None, 'show': True, 'force': False, 'expire': None, 'tokens': {}, 'action': 'play'}, 'empty_slide_2': {'slide': 'empty_slide', 'target': 'Disp_Menu', 'background_color': [0.0, 0.0, 0.0, 1.0], 'priority': None, 'show': True, 'force': False, 'expire': None, 'tokens': {}, 'action': 'play'}, 'empty_slide_3': {'slide': 'empty_slide', 'target': 'Disp_Ball', 'background_color': [0.0, 0.0, 0.0, 1.0], 'priority': None, 'show': True, 'force': False, 'expire': None, 'tokens': {}, 'action': 'play'}, 'slide_4': {'target': 'Disp_Message', 'background_color': [0.0, 0.0, 0.0, 1.0], 'priority': None, 'show': True, 'force': False, 'expire': None, 'slide': None, 'tokens': {}, 'action': 'play'}, 'slide_2_2': {'slide': 'slide_2', 'target': 'Disp_Counter', 'background_color': [0.0, 0.0, 0.0, 1.0], 'priority': None, 'show': True, 'force': False, 'expire': None, 'tokens': {}, 'action': 'play'}}
2022-10-23 14:21:27,541 : EventManager : Event: ======'slide_layout_main_created'====== Args={}
2022-10-23 14:21:27,546 : EventManager : Event: ======'slide_empty_slide_created'====== Args={}
2022-10-23 14:21:27,549 : EventManager : Event: ======'slide_empty_slide_created'====== Args={}
2022-10-23 14:21:27,552 : EventManager : Event: ======'slide_empty_slide_created'====== Args={}
2022-10-23 14:21:27,555 : EventManager : Event: ======'slide_slide_4_created'====== Args={}
2022-10-23 14:21:27,558 : EventManager : Event: ======'slide_slide_2_created'====== Args={}
2022-10-23 14:21:27,567 : EventManager : Event: ======'slide_layout_main_active'====== Args={}
2022-10-23 14:21:27,609 : EventManager : Event: ======'slide_empty_slide_active'====== Args={}
2022-10-23 14:21:27,611 : EventManager : Event: ======'slide_empty_slide_active'====== Args={}
2022-10-23 14:21:27,612 : EventManager : Event: ======'slide_empty_slide_active'====== Args={}
2022-10-23 14:21:27,613 : EventManager : Event: ======'slide_slide_4_active'====== Args={}
2022-10-23 14:21:27,614 : EventManager : Event: ======'slide_slide_2_active'====== Args={}
2022-10-23 14:21:27,627 : EventManager : Event: ======'loading_assets'====== Args={'total': 1, 'loaded': 1, 'remaining': 0, 'percent': 100}
2022-10-23 14:21:27,628 : AssetManager : Asset loading took: 1.091520071029663
2022-10-23 14:21:27,628 : EventManager : Event: ======'asset_loading_complete'====== Args={}
2022-10-23 14:21:27,628 : AssetManager : Loading assets: 1/1 (100%)
2022-10-23 14:21:37,527 : EventManager : Event: ======'slides_play'====== Args={'settings': {'awesome_slide': {'transition': {'type': 'push', 'duration': 1.0, 'direction': 'left', 'easing': 'out_quad'}, 'target': None, 'background_color': [0.0, 0.0, 0.0, 1.0], 'priority': None, 'show': True, 'force': False, 'expire': None, 'slide': None, 'tokens': {}, 'action': 'play'}}, 'context': 'show_2', 'calling_context': 1, 'priority': 10, 'show_tokens': {}, 'start_time': 5132.203}
2022-10-23 14:21:37,527 : mpfmc : SlidePlayer: Play called with settings={'awesome_slide': {'transition': {'type': 'push', 'duration': 1.0, 'direction': 'left', 'easing': 'out_quad'}, 'target': None, 'background_color': [0.0, 0.0, 0.0, 1.0], 'priority': None, 'show': True, 'force': False, 'expire': None, 'slide': None, 'tokens': {}, 'action': 'play'}}
2022-10-23 14:21:37,533 : EventManager : Event: ======'slide_awesome_slide_created'====== Args={}
2022-10-23 14:21:37,535 : EventManager : Event: ======'slide_awesome_slide_active'====== Args={}
2022-10-23 14:21:40,532 : EventManager : Event: ======'slides_play'====== Args={'settings': {'press_start': {'transition': {'type': 'move_in', 'duration': 1.0, 'direction': 'right', 'easing': 'out_quad'}, 'target': None, 'background_color': [0.0, 0.0, 0.0, 1.0], 'priority': None, 'show': True, 'force': False, 'expire': None, 'slide': None, 'tokens': {}, 'action': 'play'}}, 'context': 'show_2', 'calling_context': 2, 'priority': 10, 'show_tokens': {}, 'start_time': 5135.203}
2022-10-23 14:21:40,532 : mpfmc : SlidePlayer: Play called with settings={'press_start': {'transition': {'type': 'move_in', 'duration': 1.0, 'direction': 'right', 'easing': 'out_quad'}, 'target': None, 'background_color': [0.0, 0.0, 0.0, 1.0], 'priority': None, 'show': True, 'force': False, 'expire': None, 'slide': None, 'tokens': {}, 'action': 'play'}}
2022-10-23 14:21:40,538 : EventManager : Event: ======'slide_press_start_created'====== Args={}
2022-10-23 14:21:40,542 : EventManager : Event: ======'slide_press_start_active'====== Args={}
2022-10-23 14:21:43,522 : EventManager : Event: ======'slides_play'====== Args={'settings': {'mission_pinball': {'transition': {'type': 'move_in', 'duration': 1.0, 'direction': 'top', 'easing': 'out_quad'}, 'target': None, 'background_color': [0.0, 0.0, 0.0, 1.0], 'priority': None, 'show': True, 'force': False, 'expire': None, 'slide': None, 'tokens': {}, 'action': 'play'}}, 'context': 'show_2', 'calling_context': 3, 'priority': 10, 'show_tokens': {}, 'start_time': 5138.203}
2022-10-23 14:21:43,522 : mpfmc : SlidePlayer: Play called with settings={'mission_pinball': {'transition': {'type': 'move_in', 'duration': 1.0, 'direction': 'top', 'easing': 'out_quad'}, 'target': None, 'background_color': [0.0, 0.0, 0.0, 1.0], 'priority': None, 'show': True, 'force': False, 'expire': None, 'slide': None, 'tokens': {}, 'action': 'play'}}
2022-10-23 14:21:43,526 : EventManager : Event: ======'slide_mission_pinball_created'====== Args={}
2022-10-23 14:21:43,528 : EventManager : Event: ======'slide_mission_pinball_active'====== Args={}
2022-10-23 14:21:46,533 : EventManager : Event: ======'slides_play'====== Args={'settings': {'layout_main': {'target': 'window', 'background_color': [0.0, 0.0, 0.0, 1.0], 'priority': None, 'show': True, 'force': False, 'expire': None, 'slide': None, 'tokens': {}, 'action': 'play'}, 'empty_slide_1': {'slide': 'empty_slide', 'target': 'Disp_Player', 'background_color': [0.0, 0.0, 0.0, 1.0], 'priority': None, 'show': True, 'force': False, 'expire': None, 'tokens': {}, 'action': 'play'}, 'empty_slide_2': {'slide': 'empty_slide', 'target': 'Disp_Menu', 'background_color': [0.0, 0.0, 0.0, 1.0], 'priority': None, 'show': True, 'force': False, 'expire': None, 'tokens': {}, 'action': 'play'}, 'empty_slide_3': {'slide': 'empty_slide', 'target': 'Disp_Ball', 'background_color': [0.0, 0.0, 0.0, 1.0], 'priority': None, 'show': True, 'force': False, 'expire': None, 'tokens': {}, 'action': 'play'}, 'slide_4': {'target': 'Disp_Message', 'background_color': [0.0, 0.0, 0.0, 1.0], 'priority': None, 'show': True, 'force': False, 'expire': None, 'slide': None, 'tokens': {}, 'action': 'play'}, 'slide_2_2': {'slide': 'slide_2', 'target': 'Disp_Counter', 'background_color': [0.0, 0.0, 0.0, 1.0], 'priority': None, 'show': True, 'force': False, 'expire': None, 'tokens': {}, 'action': 'play'}}, 'context': 'show_2', 'calling_context': 0, 'priority': 10, 'show_tokens': {}, 'start_time': 5141.203}
2022-10-23 14:21:46,533 : mpfmc : SlidePlayer: Play called with settings={'layout_main': {'target': 'window', 'background_color': [0.0, 0.0, 0.0, 1.0], 'priority': None, 'show': True, 'force': False, 'expire': None, 'slide': None, 'tokens': {}, 'action': 'play'}, 'empty_slide_1': {'slide': 'empty_slide', 'target': 'Disp_Player', 'background_color': [0.0, 0.0, 0.0, 1.0], 'priority': None, 'show': True, 'force': False, 'expire': None, 'tokens': {}, 'action': 'play'}, 'empty_slide_2': {'slide': 'empty_slide', 'target': 'Disp_Menu', 'background_color': [0.0, 0.0, 0.0, 1.0], 'priority': None, 'show': True, 'force': False, 'expire': None, 'tokens': {}, 'action': 'play'}, 'empty_slide_3': {'slide': 'empty_slide', 'target': 'Disp_Ball', 'background_color': [0.0, 0.0, 0.0, 1.0], 'priority': None, 'show': True, 'force': False, 'expire': None, 'tokens': {}, 'action': 'play'}, 'slide_4': {'target': 'Disp_Message', 'background_color': [0.0, 0.0, 0.0, 1.0], 'priority': None, 'show': True, 'force': False, 'expire': None, 'slide': None, 'tokens': {}, 'action': 'play'}, 'slide_2_2': {'slide': 'slide_2', 'target': 'Disp_Counter', 'background_color': [0.0, 0.0, 0.0, 1.0], 'priority': None, 'show': True, 'force': False, 'expire': None, 'tokens': {}, 'action': 'play'}}
2022-10-23 14:21:46,533 : EventManager : Event: ======'slide_layout_main_removed'====== Args={}
2022-10-23 14:21:46,542 : EventManager : Event: ======'slide_layout_main_created'====== Args={}
2022-10-23 14:21:46,543 : EventManager : Event: ======'slide_empty_slide_removed'====== Args={}
2022-10-23 14:21:46,545 : EventManager : Event: ======'slide_empty_slide_created'====== Args={}
2022-10-23 14:21:46,547 : EventManager : Event: ======'slide_empty_slide_removed'====== Args={}
2022-10-23 14:21:46,549 : EventManager : Event: ======'slide_empty_slide_created'====== Args={}
2022-10-23 14:21:46,550 : EventManager : Event: ======'slide_empty_slide_removed'====== Args={}
2022-10-23 14:21:46,553 : EventManager : Event: ======'slide_empty_slide_created'====== Args={}
2022-10-23 14:21:46,555 : EventManager : Event: ======'slide_slide_4_removed'====== Args={}
2022-10-23 14:21:46,558 : EventManager : Event: ======'slide_slide_4_created'====== Args={}
2022-10-23 14:21:46,560 : EventManager : Event: ======'slide_slide_2_removed'====== Args={}
2022-10-23 14:21:46,562 : EventManager : Event: ======'slide_slide_2_created'====== Args={}
2022-10-23 14:21:46,571 : EventManager : Event: ======'slide_layout_main_active'====== Args={}
2022-10-23 14:21:46,571 : EventManager : Event: ======'slide_empty_slide_active'====== Args={}
2022-10-23 14:21:46,572 : EventManager : Event: ======'slide_empty_slide_active'====== Args={}
2022-10-23 14:21:46,573 : EventManager : Event: ======'slide_empty_slide_active'====== Args={}
2022-10-23 14:21:46,574 : EventManager : Event: ======'slide_slide_4_active'====== Args={}
2022-10-23 14:21:46,576 : EventManager : Event: ======'slide_slide_2_active'====== Args={}
2022-10-23 14:21:56,522 : EventManager : Event: ======'slides_play'====== Args={'settings': {'awesome_slide': {'transition': {'type': 'push', 'duration': 1.0, 'direction': 'left', 'easing': 'out_quad'}, 'target': None, 'background_color': [0.0, 0.0, 0.0, 1.0], 'priority': None, 'show': True, 'force': False, 'expire': None, 'slide': None, 'tokens': {}, 'action': 'play'}}, 'context': 'show_2', 'calling_context': 1, 'priority': 10, 'show_tokens': {}, 'start_time': 5151.203}
2022-10-23 14:21:56,522 : mpfmc : SlidePlayer: Play called with settings={'awesome_slide': {'transition': {'type': 'push', 'duration': 1.0, 'direction': 'left', 'easing': 'out_quad'}, 'target': None, 'background_color': [0.0, 0.0, 0.0, 1.0], 'priority': None, 'show': True, 'force': False, 'expire': None, 'slide': None, 'tokens': {}, 'action': 'play'}}
2022-10-23 14:21:56,523 : EventManager : Event: ======'slide_awesome_slide_removed'====== Args={}
2022-10-23 14:21:56,528 : EventManager : Event: ======'slide_awesome_slide_created'====== Args={}
2022-10-23 14:21:56,531 : EventManager : Event: ======'slide_awesome_slide_active'====== Args={}
2022-10-23 14:21:59,523 : EventManager : Event: ======'slides_play'====== Args={'settings': {'press_start': {'transition': {'type': 'move_in', 'duration': 1.0, 'direction': 'right', 'easing': 'out_quad'}, 'target': None, 'background_color': [0.0, 0.0, 0.0, 1.0], 'priority': None, 'show': True, 'force': False, 'expire': None, 'slide': None, 'tokens': {}, 'action': 'play'}}, 'context': 'show_2', 'calling_context': 2, 'priority': 10, 'show_tokens': {}, 'start_time': 5154.203}
2022-10-23 14:21:59,523 : mpfmc : SlidePlayer: Play called with settings={'press_start': {'transition': {'type': 'move_in', 'duration': 1.0, 'direction': 'right', 'easing': 'out_quad'}, 'target': None, 'background_color': [0.0, 0.0, 0.0, 1.0], 'priority': None, 'show': True, 'force': False, 'expire': None, 'slide': None, 'tokens': {}, 'action': 'play'}}
2022-10-23 14:21:59,524 : EventManager : Event: ======'slide_press_start_removed'====== Args={}
2022-10-23 14:21:59,531 : EventManager : Event: ======'slide_press_start_created'====== Args={}
2022-10-23 14:21:59,534 : EventManager : Event: ======'slide_press_start_active'====== Args={}
2022-10-23 14:22:02,536 : EventManager : Event: ======'slides_play'====== Args={'settings': {'mission_pinball': {'transition': {'type': 'move_in', 'duration': 1.0, 'direction': 'top', 'easing': 'out_quad'}, 'target': None, 'background_color': [0.0, 0.0, 0.0, 1.0], 'priority': None, 'show': True, 'force': False, 'expire': None, 'slide': None, 'tokens': {}, 'action': 'play'}}, 'context': 'show_2', 'calling_context': 3, 'priority': 10, 'show_tokens': {}, 'start_time': 5157.203}
2022-10-23 14:22:02,536 : mpfmc : SlidePlayer: Play called with settings={'mission_pinball': {'transition': {'type': 'move_in', 'duration': 1.0, 'direction': 'top', 'easing': 'out_quad'}, 'target': None, 'background_color': [0.0, 0.0, 0.0, 1.0], 'priority': None, 'show': True, 'force': False, 'expire': None, 'slide': None, 'tokens': {}, 'action': 'play'}}
2022-10-23 14:22:02,536 : EventManager : Event: ======'slide_mission_pinball_removed'====== Args={}
2022-10-23 14:22:02,539 : EventManager : Event: ======'slide_mission_pinball_created'====== Args={}
2022-10-23 14:22:02,541 : EventManager : Event: ======'slide_mission_pinball_active'====== Args={}
2022-10-23 14:22:05,517 : EventManager : Event: ======'slides_play'====== Args={'settings': {'layout_main': {'target': 'window', 'background_color': [0.0, 0.0, 0.0, 1.0], 'priority': None, 'show': True, 'force': False, 'expire': None, 'slide': None, 'tokens': {}, 'action': 'play'}, 'empty_slide_1': {'slide': 'empty_slide', 'target': 'Disp_Player', 'background_color': [0.0, 0.0, 0.0, 1.0], 'priority': None, 'show': True, 'force': False, 'expire': None, 'tokens': {}, 'action': 'play'}, 'empty_slide_2': {'slide': 'empty_slide', 'target': 'Disp_Menu', 'background_color': [0.0, 0.0, 0.0, 1.0], 'priority': None, 'show': True, 'force': False, 'expire': None, 'tokens': {}, 'action': 'play'}, 'empty_slide_3': {'slide': 'empty_slide', 'target': 'Disp_Ball', 'background_color': [0.0, 0.0, 0.0, 1.0], 'priority': None, 'show': True, 'force': False, 'expire': None, 'tokens': {}, 'action': 'play'}, 'slide_4': {'target': 'Disp_Message', 'background_color': [0.0, 0.0, 0.0, 1.0], 'priority': None, 'show': True, 'force': False, 'expire': None, 'slide': None, 'tokens': {}, 'action': 'play'}, 'slide_2_2': {'slide': 'slide_2', 'target': 'Disp_Counter', 'background_color': [0.0, 0.0, 0.0, 1.0], 'priority': None, 'show': True, 'force': False, 'expire': None, 'tokens': {}, 'action': 'play'}}, 'context': 'show_2', 'calling_context': 0, 'priority': 10, 'show_tokens': {}, 'start_time': 5160.203}
2022-10-23 14:22:05,517 : mpfmc : SlidePlayer: Play called with settings={'layout_main': {'target': 'window', 'background_color': [0.0, 0.0, 0.0, 1.0], 'priority': None, 'show': True, 'force': False, 'expire': None, 'slide': None, 'tokens': {}, 'action': 'play'}, 'empty_slide_1': {'slide': 'empty_slide', 'target': 'Disp_Player', 'background_color': [0.0, 0.0, 0.0, 1.0], 'priority': None, 'show': True, 'force': False, 'expire': None, 'tokens': {}, 'action': 'play'}, 'empty_slide_2': {'slide': 'empty_slide', 'target': 'Disp_Menu', 'background_color': [0.0, 0.0, 0.0, 1.0], 'priority': None, 'show': True, 'force': False, 'expire': None, 'tokens': {}, 'action': 'play'}, 'empty_slide_3': {'slide': 'empty_slide', 'target': 'Disp_Ball', 'background_color': [0.0, 0.0, 0.0, 1.0], 'priority': None, 'show': True, 'force': False, 'expire': None, 'tokens': {}, 'action': 'play'}, 'slide_4': {'target': 'Disp_Message', 'background_color': [0.0, 0.0, 0.0, 1.0], 'priority': None, 'show': True, 'force': False, 'expire': None, 'slide': None, 'tokens': {}, 'action': 'play'}, 'slide_2_2': {'slide': 'slide_2', 'target': 'Disp_Counter', 'background_color': [0.0, 0.0, 0.0, 1.0], 'priority': None, 'show': True, 'force': False, 'expire': None, 'tokens': {}, 'action': 'play'}}
2022-10-23 14:22:05,519 : EventManager : Event: ======'slide_layout_main_removed'====== Args={}
2022-10-23 14:22:05,529 : EventManager : Event: ======'slide_layout_main_created'====== Args={}
2022-10-23 14:22:05,530 : EventManager : Event: ======'slide_empty_slide_removed'====== Args={}
2022-10-23 14:22:05,533 : EventManager : Event: ======'slide_empty_slide_created'====== Args={}
2022-10-23 14:22:05,535 : EventManager : Event: ======'slide_empty_slide_removed'====== Args={}
2022-10-23 14:22:05,537 : EventManager : Event: ======'slide_empty_slide_created'====== Args={}
2022-10-23 14:22:05,538 : EventManager : Event: ======'slide_empty_slide_removed'====== Args={}
2022-10-23 14:22:05,541 : EventManager : Event: ======'slide_empty_slide_created'====== Args={}
2022-10-23 14:22:05,542 : EventManager : Event: ======'slide_slide_4_removed'====== Args={}
2022-10-23 14:22:05,544 : EventManager : Event: ======'slide_slide_4_created'====== Args={}
2022-10-23 14:22:05,545 : EventManager : Event: ======'slide_slide_2_removed'====== Args={}
2022-10-23 14:22:05,547 : EventManager : Event: ======'slide_slide_2_created'====== Args={}
2022-10-23 14:22:05,557 : EventManager : Event: ======'slide_layout_main_active'====== Args={}
2022-10-23 14:22:05,557 : EventManager : Event: ======'slide_empty_slide_active'====== Args={}
2022-10-23 14:22:05,559 : EventManager : Event: ======'slide_empty_slide_active'====== Args={}
2022-10-23 14:22:05,560 : EventManager : Event: ======'slide_empty_slide_active'====== Args={}
2022-10-23 14:22:05,561 : EventManager : Event: ======'slide_slide_4_active'====== Args={}
2022-10-23 14:22:05,561 : EventManager : Event: ======'slide_slide_2_active'====== Args={}
2022-10-23 14:22:15,527 : EventManager : Event: ======'slides_play'====== Args={'settings': {'awesome_slide': {'transition': {'type': 'push', 'duration': 1.0, 'direction': 'left', 'easing': 'out_quad'}, 'target': None, 'background_color': [0.0, 0.0, 0.0, 1.0], 'priority': None, 'show': True, 'force': False, 'expire': None, 'slide': None, 'tokens': {}, 'action': 'play'}}, 'context': 'show_2', 'calling_context': 1, 'priority': 10, 'show_tokens': {}, 'start_time': 5170.203}
2022-10-23 14:22:15,527 : mpfmc : SlidePlayer: Play called with settings={'awesome_slide': {'transition': {'type': 'push', 'duration': 1.0, 'direction': 'left', 'easing': 'out_quad'}, 'target': None, 'background_color': [0.0, 0.0, 0.0, 1.0], 'priority': None, 'show': True, 'force': False, 'expire': None, 'slide': None, 'tokens': {}, 'action': 'play'}}
2022-10-23 14:22:15,528 : EventManager : Event: ======'slide_awesome_slide_removed'====== Args={}
2022-10-23 14:22:15,533 : EventManager : Event: ======'slide_awesome_slide_created'====== Args={}
2022-10-23 14:22:15,535 : EventManager : Event: ======'slide_awesome_slide_active'====== Args={}
2022-10-23 14:22:17,035 : kivy : Base: Leaving application in progress...
2022-10-23 14:22:17,223 : mpfmc : Stopping...
2022-10-23 14:22:17,223 : EventManager : Event: ======'shutdown'====== Args={}
2022-10-23 14:22:17,223 : AudioInterface : Disabling audio playback
2022-10-23 14:22:17,223 : mpfmc : Loop rate 80.5 Hz
2022-10-23 14:22:17,223 : kivy : MC run loop ended.
2022-10-23 14:22:17,224 : kivy : Stopping child threads... (3 remaining)
2022-10-23 14:22:18,154 : mpfmc : Stopping...
2022-10-23 14:22:18,154 : EventManager : Event: ======'shutdown'====== Args={}
2022-10-23 14:22:18,155 : mpfmc : Loop rate 79.04 Hz
2022-10-23 14:22:18,201 : MPF-MC BCP Server : Stopping BCP sending thread
2022-10-23 14:22:18,308 : kivy : All child threads stopped.
