2022-08-23 13:14:17,849 : kivy : Factory: 186 symbols loaded
2022-08-23 13:14:18,109 : kivy : ImageLoaderFFPy: Using ffpyplayer 4.3.2
2022-08-23 13:14:18,109 : kivy : Image: Providers: img_tex, img_dds, img_sdl2, img_pil, img_ffpyplayer 
2022-08-23 13:14:18,157 : kivy : VideoGstplayer: Using Gstreamer 1.18.0.0
2022-08-23 13:14:18,157 : kivy : Video: Provider: gstplayer
2022-08-23 13:14:18,668 : kivy : Loading MPF-MC controller
2022-08-23 13:14:18,673 : YamlMultifileConfigLoader : Machine config file #1: config
2022-08-23 13:14:18,673 : ConfigProcessor : Config file in cache changed: C:\pinball\mpfv1\config\config
2022-08-23 13:14:18,685 : ConfigProcessor : Loading config from file C:\Users\dorus\AppData\Local\Programs\Python\Python38\lib\site-packages\mpfmc\mcconfig.yaml.
2022-08-23 13:14:18,749 : ConfigProcessor : Loading config: C:\Users\dorus\AppData\Local\Programs\Python\Python38\lib\site-packages\mpfmc\mcconfig.yaml
2022-08-23 13:14:18,750 : ConfigProcessor : Loading config from file C:\pinball\mpfv1\config\config.
2022-08-23 13:14:18,755 : ConfigProcessor : Loading config: C:\pinball\mpfv1\config\config
2022-08-23 13:14:18,818 : ConfigProcessor : Loading config: C:\pinball\mpfv1\config\hardware.yaml
2022-08-23 13:14:18,821 : ConfigProcessor : Config file cache created: C:\Users\dorus\AppData\Local\Temp\54d4e1f26f77dfcbadc00e9606c45708.mpf_cache
2022-08-23 13:14:18,822 : ConfigProcessor : Loading config from cache: C:\Users\dorus\AppData\Local\Temp\5eb3439dbf16142704b5198a23e9a58c.mpf_cache
2022-08-23 13:14:18,823 : ConfigProcessor : Loading config from cache: C:\Users\dorus\AppData\Local\Temp\336e6d2601ccb63523c70814805acbf1.mpf_cache
2022-08-23 13:14:18,825 : ConfigProcessor : Loading config from cache: C:\Users\dorus\AppData\Local\Temp\d4952d0b9ea6ba2ec58a4f9adbee2d8a.mpf_cache
2022-08-23 13:14:18,826 : mpfmc : Mission Pinball Framework Media Controller v0.55.0
2022-08-23 13:14:18,826 : mpfmc : Mission Pinball Framework Game Engine v0.55.0
2022-08-23 13:14:18,827 : mpfmc : Machine path: C:\pinball\mpfv1
2022-08-23 13:14:18,827 : mpfmc : Starting clock at 60.0Hz
2022-08-23 13:14:18,858 : kivy : Text: Provider: sdl2
2022-08-23 13:14:18,944 : kivy : Window: Provider: sdl2
2022-08-23 13:14:19,156 : kivy : GL: Using the "OpenGL" graphics system
2022-08-23 13:14:19,157 : kivy : GL: GLEW initialization succeeded
2022-08-23 13:14:19,157 : kivy : GL: Backend used <glew>
2022-08-23 13:14:19,157 : kivy : GL: OpenGL version <b'4.6.0 - Build 26.20.100.7372'>
2022-08-23 13:14:19,157 : kivy : GL: OpenGL vendor <b'Intel'>
2022-08-23 13:14:19,157 : kivy : GL: OpenGL renderer <b'Intel(R) UHD Graphics'>
2022-08-23 13:14:19,158 : kivy : GL: OpenGL parsed version: 4, 6
2022-08-23 13:14:19,158 : kivy : GL: Shading version <b'4.60 - Build 26.20.100.7372'>
2022-08-23 13:14:19,158 : kivy : GL: Texture max size <16384>
2022-08-23 13:14:19,158 : kivy : GL: Texture max units <32>
2022-08-23 13:14:19,197 : kivy : Window: auto add sdl2 input provider
2022-08-23 13:14:19,197 : kivy : Window: virtual keyboard not allowed, single mode, not docked
2022-08-23 13:14:19,203 : SoundSystem : SoundSystem: Using default 'sound_system' settings
2022-08-23 13:14:19,463 : AudioInterface : Initialized
2022-08-23 13:14:19,463 : AudioInterface : Loaded SDL 2.0.12
2022-08-23 13:14:19,463 : AudioInterface : Loaded SDL_Mixer 2.0.4
2022-08-23 13:14:19,463 : AudioInterface : Loaded GStreamer 1.18.0.0
2022-08-23 13:14:19,463 : AudioInterface : Loaded GLib 2.62.6
2022-08-23 13:14:19,463 : AudioInterface : Settings requested - rate: 44100, channels: 1, buffer: 2048 samples
2022-08-23 13:14:19,463 : AudioInterface : Settings in use - rate: 44100, channels: 1, buffer: 2048 samples (4096 bytes @ 2 bytes per sample)
2022-08-23 13:14:19,464 : SoundSystem : No audio tracks are specified in your machine config file. a track named 'default' has been created.
2022-08-23 13:14:19,464 : SoundSystem : Setting master volume to 0.0
2022-08-23 13:14:19,464 : SoundSystem : master_volume in sound_system is deprecated and will be removed in the future.
2022-08-23 13:14:19,464 : AudioInterface : Enabling audio playback
2022-08-23 13:14:19,466 : kivy : Base: Start application main loop
2022-08-23 13:14:19,466 : EventManager : Event: ======'display_default_initialized'====== Args={}
2022-08-23 13:14:19,478 : mpfmc : Display: Setting 'default' as default display
2022-08-23 13:14:19,484 : EventManager : Event: ======'displays_initialized'====== Args={}
2022-08-23 13:14:19,485 : EventManager : Event: ======'slide_default_blank_created'====== Args={}
2022-08-23 13:14:19,485 : EventManager : Event: ======'display_default_ready'====== Args={}
2022-08-23 13:14:19,495 : EventManager : Event: ======'init_phase_1'====== Args={}
2022-08-23 13:14:19,497 : EventManager : Event: ======'mc_ready'====== Args={}
2022-08-23 13:14:19,498 : EventManager : Event: ======'init_phase_2'====== Args={}
2022-08-23 13:14:19,499 : EventManager : Event: ======'init_phase_3'====== Args={}
2022-08-23 13:14:19,501 : EventManager : Event: ======'init_phase_4'====== Args={}
2022-08-23 13:14:19,501 : EventManager : Event: ======'init_phase_5'====== Args={}
2022-08-23 13:14:19,552 : EventManager : Event: ======'loading_assets'====== Args={'total': 10, 'loaded': 1, 'remaining': 9, 'percent': 10}
2022-08-23 13:14:19,552 : AssetManager : Loading assets: 1/10 (10%)
2022-08-23 13:14:19,687 : EventManager : Event: ======'loading_assets'====== Args={'total': 10, 'loaded': 10, 'remaining': 0, 'percent': 100}
2022-08-23 13:14:19,687 : AssetManager : Asset loading took: 0.22342324256896973
2022-08-23 13:14:19,687 : EventManager : Event: ======'asset_loading_complete'====== Args={}
2022-08-23 13:14:19,687 : AssetManager : Loading assets: 10/10 (100%)
2022-08-23 13:14:19,687 : EventManager : Event: ======'init_done'====== Args={}
2022-08-23 13:14:19,688 : MPF-MC BCP Server : Starting up on localhost port 5050
2022-08-23 13:14:19,692 : MPF-MC BCP Server : Waiting for a connection...
2022-08-23 13:14:19,699 : EventManager : Event: ======'client_disconnected'====== Args={'host': '127.0.0.1', 'port': 5050}
2022-08-23 13:14:24,825 : kivy : Base: Leaving application in progress...
2022-08-23 13:14:24,825 : mpfmc : Stopping...
2022-08-23 13:14:24,825 : EventManager : Event: ======'shutdown'====== Args={}
2022-08-23 13:14:24,825 : AudioInterface : Disabling audio playback
2022-08-23 13:14:24,982 : mpfmc : Loop rate 76.31 Hz
2022-08-23 13:14:24,982 : kivy : MC run loop ended.
2022-08-23 13:14:24,982 : kivy : Stopping child threads... (3 remaining)
2022-08-23 13:14:25,695 : MPF-MC BCP Server : Stopping BCP sending thread
2022-08-23 13:14:25,695 : MPF-MC BCP Server : Stopping BCP listener thread
2022-08-23 13:14:25,784 : kivy : All child threads stopped.
