2022-10-23 16:23:26,187 : INFO : root : Loading config.
2022-10-23 16:23:26,190 : INFO : YamlMultifileConfigLoader : Machine config file #1: config.yaml
2022-10-23 16:23:26,190 : WARNING : ConfigProcessor : Config file in cache changed: C:\Users\dorus\OneDrive\Documents\Pinball\Github\Pinball-MPF\mpfv1\config\config.yaml
2022-10-23 16:23:26,191 : INFO : ConfigProcessor : Loading config from file C:\Users\dorus\AppData\Local\Programs\Python\Python38\lib\site-packages\mpf\mpfconfig.yaml.
2022-10-23 16:23:26,249 : INFO : ConfigProcessor : Loading config: C:\Users\dorus\AppData\Local\Programs\Python\Python38\lib\site-packages\mpf\mpfconfig.yaml
2022-10-23 16:23:26,250 : INFO : ConfigProcessor : Loading config from file C:\Users\dorus\OneDrive\Documents\Pinball\Github\Pinball-MPF\mpfv1\config\config.yaml.
2022-10-23 16:23:26,253 : INFO : ConfigProcessor : Loading config: C:\Users\dorus\OneDrive\Documents\Pinball\Github\Pinball-MPF\mpfv1\config\config.yaml
2022-10-23 16:23:26,282 : INFO : ConfigProcessor : Loading config: C:\Users\dorus\OneDrive\Documents\Pinball\Github\Pinball-MPF\mpfv1\config\hardware.yaml
2022-10-23 16:23:26,291 : INFO : ConfigProcessor : Loading config: C:\Users\dorus\OneDrive\Documents\Pinball\Github\Pinball-MPF\mpfv1\config\sounds.yaml
2022-10-23 16:23:26,296 : INFO : ConfigProcessor : Loading config: C:\Users\dorus\OneDrive\Documents\Pinball\Github\Pinball-MPF\mpfv1\config\display.yaml
2022-10-23 16:23:26,303 : INFO : ConfigProcessor : Loading config: C:\Users\dorus\OneDrive\Documents\Pinball\Github\Pinball-MPF\mpfv1\config\keyboard.yaml
2022-10-23 16:23:26,325 : INFO : ConfigProcessor : Loading config: C:\Users\dorus\OneDrive\Documents\Pinball\Github\Pinball-MPF\mpfv1\config\slides.yaml
2022-10-23 16:23:26,328 : INFO : ConfigProcessor : Loading config: C:\Users\dorus\OneDrive\Documents\Pinball\Github\Pinball-MPF\mpfv1\config\light_shows.yaml
2022-10-23 16:23:26,331 : INFO : ConfigProcessor : Config file cache created: C:\Users\dorus\AppData\Local\Temp\e2a46ea082c19f5103dd0f83869ccd8e.mpf_cache
2022-10-23 16:23:26,429 : INFO : ConfigProcessor : Loading config from cache: C:\Users\dorus\AppData\Local\Temp\69e5e641cece6cfbb9f28306d01595e4.mpf_cache
2022-10-23 16:23:26,430 : INFO : ConfigProcessor : Loading config from cache: C:\Users\dorus\AppData\Local\Temp\336e6d2601ccb63523c70814805acbf1.mpf_cache
2022-10-23 16:23:26,432 : INFO : ConfigProcessor : Loading config from cache: C:\Users\dorus\AppData\Local\Temp\8f8558ef7eb783a34103d845cb15f27a.mpf_cache
2022-10-23 16:23:26,433 : INFO : ConfigProcessor : Loading config from cache: C:\Users\dorus\AppData\Local\Temp\3f4ec0fd6e14e835699e1ee64ae7815f.mpf_cache
2022-10-23 16:23:26,433 : INFO : ConfigProcessor : Loading config from cache: C:\Users\dorus\AppData\Local\Temp\07450fdcdb716b1c510f1f1f728b03da.mpf_cache
2022-10-23 16:23:26,435 : INFO : ConfigProcessor : Loading config from cache: C:\Users\dorus\AppData\Local\Temp\26dc7d91d16a8c3848757fce5df95f92.mpf_cache
2022-10-23 16:23:26,436 : INFO : ConfigProcessor : Loading config from cache: C:\Users\dorus\AppData\Local\Temp\e142fb215d63411261522b102b5844f9.mpf_cache
2022-10-23 16:23:26,437 : INFO : Machine : Mission Pinball Framework Core Engine v0.55.0
2022-10-23 16:23:26,437 : INFO : Machine : Command line arguments: {'no_load_cache': False, 'create_config_cache': True, 'bcp': True, 'configfile': ['config.yaml'], 'force_assets_load': False, 'jsonlogging': False, 'logfile': 'logs\\2022-10-23-16-23-26-mpf-LAPTOP-AS8QDAQG.log', 'pause': False, 'production': False, 'text_ui': True, 'loglevel': 15, 'consoleloglevel': 20, 'force_platform': 'smart_virtual', 'syslog_address': None, 'mc_file_name': None, 'no_sound': False}
2022-10-23 16:23:26,437 : INFO : Machine : MPF path: C:\Users\dorus\AppData\Local\Programs\Python\Python38\lib\site-packages\mpf
2022-10-23 16:23:26,437 : INFO : Machine : Machine path: C:\Users\dorus\OneDrive\Documents\Pinball\Github\Pinball-MPF\mpfv1
2022-10-23 16:23:26,437 : INFO : Machine : Platform: win32
2022-10-23 16:23:26,437 : INFO : Machine : Python executable location: C:\Users\dorus\AppData\Local\Programs\Python\Python38\python.exe
2022-10-23 16:23:26,437 : INFO : Machine : Python version: 3.8.10 (64-bit)
2022-10-23 16:23:26,439 : INFO : Machine : Initialise MPF.
2022-10-23 16:23:26,589 : INFO : EventManager : Event: ======'machine_var_credits_string'====== Args={'value': 'FREE PLAY', 'prev_value': None, 'change': True}
2022-10-23 16:23:26,642 : INFO : EventManager : Event: ======'machine_var_master_volume'====== Args={'value': 0.5, 'prev_value': None, 'change': True}
2022-10-23 16:23:26,643 : INFO : EventManager : Event: ======'machine_var_player1_score'====== Args={'value': 3000, 'prev_value': None, 'change': True}
2022-10-23 16:23:26,643 : INFO : EventManager : Event: ======'machine_var_mpf_version'====== Args={'value': 'MPF v0.55.0', 'prev_value': None, 'change': True}
2022-10-23 16:23:26,643 : INFO : EventManager : Event: ======'machine_var_mpf_extended_version'====== Args={'value': 'MPF v0.55.0, Config version:5, Show version: 5, BCP version:1.1', 'prev_value': None, 'change': True}
2022-10-23 16:23:26,643 : INFO : EventManager : Event: ======'machine_var_python_version'====== Args={'value': '3.8.10', 'prev_value': None, 'change': True}
2022-10-23 16:23:26,652 : INFO : EventManager : Event: ======'machine_var_platform'====== Args={'value': 'Windows-10-10.0.19044-SP0', 'prev_value': None, 'change': True}
2022-10-23 16:23:26,652 : INFO : EventManager : Event: ======'machine_var_platform_system'====== Args={'value': 'Windows', 'prev_value': None, 'change': True}
2022-10-23 16:23:26,652 : INFO : EventManager : Event: ======'machine_var_platform_release'====== Args={'value': '10', 'prev_value': None, 'change': True}
2022-10-23 16:23:26,652 : INFO : EventManager : Event: ======'machine_var_platform_version'====== Args={'value': '10.0.19044', 'prev_value': None, 'change': True}
2022-10-23 16:23:26,652 : INFO : EventManager : Event: ======'machine_var_platform_machine'====== Args={'value': 'AMD64', 'prev_value': None, 'change': True}
2022-10-23 16:23:26,652 : INFO : EventManager : Event: ======'init_phase_1'====== Args={}
2022-10-23 16:23:26,672 : INFO : EventManager : Event: ======'drop_target_bank_db_dropbank_up'====== Args={}
2022-10-23 16:23:26,673 : INFO : EventManager : Event: ======'init_phase_2'====== Args={}
2022-10-23 16:23:26,673 : INFO : SwitchController : Found active switch: ('2-0-19', <Platform.SmartVirtual>) <switch.s_trough1>
2022-10-23 16:23:26,673 : INFO : SwitchController : Found active switch: ('2-0-20', <Platform.SmartVirtual>) <switch.s_trough2>
2022-10-23 16:23:26,673 : INFO : SwitchController : Found active switch: ('2-0-21', <Platform.SmartVirtual>) <switch.s_trough3>
2022-10-23 16:23:26,673 : INFO : SwitchController : Found active switch: ('2-0-22', <Platform.SmartVirtual>) <switch.s_trough4>
2022-10-23 16:23:26,677 : INFO : EventManager : Event: ======'bcp_connection_attempt'====== Args={'name': 'local_display', 'host': 'localhost', 'port': 5050}
2022-10-23 16:23:26,679 : INFO : BCPClientSocket : Connecting BCP to 'local_display' at localhost:5050...
2022-10-23 16:23:28,737 : INFO : BCPClientSocket : Connected BCP to 'local_display' localhost:5050
2022-10-23 16:23:28,738 : INFO : EventManager : Event: ======'bcp_clients_connected'====== Args={}
2022-10-23 16:23:28,746 : INFO : ball_device.bd_trough : BCH: Initial count: 4
2022-10-23 16:23:28,748 : INFO : EventManager : Event: ======'machine_var_mc_version'====== Args={'value': 'MPF-MC v0.55.0', 'prev_value': None, 'change': True}
2022-10-23 16:23:28,749 : INFO : EventManager : Event: ======'machine_var_mc_extended_version'====== Args={'value': 'MPF-MC v0.55.0 (config_version=5, BCP v1.1, Requires MPF v0.55.0-dev.49)', 'prev_value': None, 'change': True}
2022-10-23 16:23:28,752 : INFO : ball_device.bd_trough : State: idle
2022-10-23 16:23:28,766 : INFO : ball_device.bd_plunger : BCH: Initial count: 0
2022-10-23 16:23:28,767 : INFO : ball_device.bd_plunger : State: idle
2022-10-23 16:23:28,767 : INFO : ball_device.bd_vukmid : BCH: Initial count: 0
2022-10-23 16:23:28,767 : INFO : ball_device.bd_vukmid : State: idle
2022-10-23 16:23:28,767 : INFO : ball_device.bd_vuktop : BCH: Initial count: 0
2022-10-23 16:23:28,768 : INFO : ball_device.bd_vuktop : State: idle
2022-10-23 16:23:28,838 : INFO : EventManager : Event: ======'init_phase_3'====== Args={}
2022-10-23 16:23:28,845 : INFO : EventManager : Event: ======'init_phase_4'====== Args={}
2022-10-23 16:23:28,845 : INFO : EventManager : Event: ======'playfield_active'====== Args={}
2022-10-23 16:23:28,845 : INFO : EventManager : Event: ======'unexpected_ball_on_playfield'====== Args={}
2022-10-23 16:23:28,845 : INFO : EventManager : Event: ======'playfield_active'====== Args={}
2022-10-23 16:23:28,845 : INFO : EventManager : Event: ======'unexpected_ball_on_playfield'====== Args={}
2022-10-23 16:23:28,845 : INFO : EventManager : Event: ======'playfield_active'====== Args={}
2022-10-23 16:23:28,845 : INFO : EventManager : Event: ======'unexpected_ball_on_playfield'====== Args={}
2022-10-23 16:23:28,846 : INFO : BallController : Initial balls found: 4
2022-10-23 16:23:28,847 : INFO : EventManager : Event: ======'machine_var_audits_events_game_ended'====== Args={'value': 0, 'prev_value': None, 'change': True}
2022-10-23 16:23:28,847 : INFO : EventManager : Event: ======'machine_var_audits_events_game_started'====== Args={'value': 0, 'prev_value': None, 'change': True}
2022-10-23 16:23:28,848 : INFO : EventManager : Event: ======'machine_var_audits_player_score'====== Args={'value': {'average': 29309.090909090908, 'top': [106800, 41000, 33100, 31800, 31200, 27600, 20200, 17500, 10200, 3000], 'total': 11}, 'prev_value': None, 'change': True}
2022-10-23 16:23:28,848 : INFO : EventManager : Event: ======'machine_var_audits_shots_lane_bottom_1'====== Args={'value': 13, 'prev_value': None, 'change': True}
2022-10-23 16:23:28,848 : INFO : EventManager : Event: ======'machine_var_audits_shots_lane_bottom_2'====== Args={'value': 13, 'prev_value': None, 'change': True}
2022-10-23 16:23:28,848 : INFO : EventManager : Event: ======'machine_var_audits_shots_lane_bottom_3'====== Args={'value': 13, 'prev_value': None, 'change': True}
2022-10-23 16:23:28,848 : INFO : EventManager : Event: ======'machine_var_audits_shots_lane_bottom_4'====== Args={'value': 12, 'prev_value': None, 'change': True}
2022-10-23 16:23:28,848 : INFO : EventManager : Event: ======'machine_var_audits_shots_lane_bottom_5'====== Args={'value': 12, 'prev_value': None, 'change': True}
2022-10-23 16:23:28,848 : INFO : EventManager : Event: ======'machine_var_audits_shots_lane_top_1'====== Args={'value': 154, 'prev_value': None, 'change': True}
2022-10-23 16:23:28,849 : INFO : EventManager : Event: ======'machine_var_audits_shots_lane_top_2'====== Args={'value': 139, 'prev_value': None, 'change': True}
2022-10-23 16:23:28,849 : INFO : EventManager : Event: ======'machine_var_audits_shots_lane_top_3'====== Args={'value': 119, 'prev_value': None, 'change': True}
2022-10-23 16:23:28,849 : INFO : EventManager : Event: ======'machine_var_audits_shots_orbit'====== Args={'value': 23, 'prev_value': None, 'change': True}
2022-10-23 16:23:28,849 : INFO : EventManager : Event: ======'machine_var_audits_shots_spinner'====== Args={'value': 178, 'prev_value': None, 'change': True}
2022-10-23 16:23:28,849 : INFO : EventManager : Event: ======'machine_var_audits_switches_s_bottomlane1'====== Args={'value': 28, 'prev_value': None, 'change': True}
2022-10-23 16:23:28,849 : INFO : EventManager : Event: ======'machine_var_audits_switches_s_bottomlane2'====== Args={'value': 41, 'prev_value': None, 'change': True}
2022-10-23 16:23:28,849 : INFO : EventManager : Event: ======'machine_var_audits_switches_s_bottomlane3'====== Args={'value': 162, 'prev_value': None, 'change': True}
2022-10-23 16:23:28,849 : INFO : EventManager : Event: ======'machine_var_audits_switches_s_bottomlane4'====== Args={'value': 46, 'prev_value': None, 'change': True}
2022-10-23 16:23:28,850 : INFO : EventManager : Event: ======'machine_var_audits_switches_s_bottomlane5'====== Args={'value': 25, 'prev_value': None, 'change': True}
2022-10-23 16:23:28,850 : INFO : EventManager : Event: ======'machine_var_audits_switches_s_drop1'====== Args={'value': 35, 'prev_value': None, 'change': True}
2022-10-23 16:23:28,850 : INFO : EventManager : Event: ======'machine_var_audits_switches_s_drop2'====== Args={'value': 17, 'prev_value': None, 'change': True}
2022-10-23 16:23:28,850 : INFO : EventManager : Event: ======'machine_var_audits_switches_s_drop3'====== Args={'value': 15, 'prev_value': None, 'change': True}
2022-10-23 16:23:28,850 : INFO : EventManager : Event: ======'machine_var_audits_switches_s_launch'====== Args={'value': 11, 'prev_value': None, 'change': True}
2022-10-23 16:23:28,850 : INFO : EventManager : Event: ======'machine_var_audits_switches_s_left01'====== Args={'value': 27, 'prev_value': None, 'change': True}
2022-10-23 16:23:28,850 : INFO : EventManager : Event: ======'machine_var_audits_switches_s_left02'====== Args={'value': 28, 'prev_value': None, 'change': True}
2022-10-23 16:23:28,851 : INFO : EventManager : Event: ======'machine_var_audits_switches_s_left03'====== Args={'value': 21, 'prev_value': None, 'change': True}
2022-10-23 16:23:28,851 : INFO : EventManager : Event: ======'machine_var_audits_switches_s_left_sling'====== Args={'value': 62, 'prev_value': None, 'change': True}
2022-10-23 16:23:28,851 : INFO : EventManager : Event: ======'machine_var_audits_switches_s_orbit1'====== Args={'value': 45, 'prev_value': None, 'change': True}
2022-10-23 16:23:28,851 : INFO : EventManager : Event: ======'machine_var_audits_switches_s_orbit2'====== Args={'value': 0, 'prev_value': None, 'change': True}
2022-10-23 16:23:28,851 : INFO : EventManager : Event: ======'machine_var_audits_switches_s_plunger_lane'====== Args={'value': 133, 'prev_value': None, 'change': True}
2022-10-23 16:23:28,851 : INFO : EventManager : Event: ======'machine_var_audits_switches_s_popbumber_1'====== Args={'value': 68, 'prev_value': None, 'change': True}
2022-10-23 16:23:28,851 : INFO : EventManager : Event: ======'machine_var_audits_switches_s_popbumber_2'====== Args={'value': 110, 'prev_value': None, 'change': True}
2022-10-23 16:23:28,852 : INFO : EventManager : Event: ======'machine_var_audits_switches_s_popbumber_3'====== Args={'value': 60, 'prev_value': None, 'change': True}
2022-10-23 16:23:28,852 : INFO : EventManager : Event: ======'machine_var_audits_switches_s_ramp'====== Args={'value': 38, 'prev_value': None, 'change': True}
2022-10-23 16:23:28,852 : INFO : EventManager : Event: ======'machine_var_audits_switches_s_right_sling'====== Args={'value': 120, 'prev_value': None, 'change': True}
2022-10-23 16:23:28,852 : INFO : EventManager : Event: ======'machine_var_audits_switches_s_rigth01'====== Args={'value': 59, 'prev_value': None, 'change': True}
2022-10-23 16:23:28,852 : INFO : EventManager : Event: ======'machine_var_audits_switches_s_rigth02'====== Args={'value': 24, 'prev_value': None, 'change': True}
2022-10-23 16:23:28,852 : INFO : EventManager : Event: ======'machine_var_audits_switches_s_rigth03'====== Args={'value': 15, 'prev_value': None, 'change': True}
2022-10-23 16:23:28,853 : INFO : EventManager : Event: ======'machine_var_audits_switches_s_spinner'====== Args={'value': 271, 'prev_value': None, 'change': True}
2022-10-23 16:23:28,853 : INFO : EventManager : Event: ======'machine_var_audits_switches_s_start'====== Args={'value': 4, 'prev_value': None, 'change': True}
2022-10-23 16:23:28,853 : INFO : EventManager : Event: ======'machine_var_audits_switches_s_top'====== Args={'value': 11, 'prev_value': None, 'change': True}
2022-10-23 16:23:28,853 : INFO : EventManager : Event: ======'machine_var_audits_switches_s_toplane1'====== Args={'value': 241, 'prev_value': None, 'change': True}
2022-10-23 16:23:28,853 : INFO : EventManager : Event: ======'machine_var_audits_switches_s_toplane2'====== Args={'value': 146, 'prev_value': None, 'change': True}
2022-10-23 16:23:28,853 : INFO : EventManager : Event: ======'machine_var_audits_switches_s_toplane3'====== Args={'value': 126, 'prev_value': None, 'change': True}
2022-10-23 16:23:28,854 : INFO : EventManager : Event: ======'machine_var_audits_switches_s_trough1'====== Args={'value': 38, 'prev_value': None, 'change': True}
2022-10-23 16:23:28,854 : INFO : EventManager : Event: ======'machine_var_audits_switches_s_trough2'====== Args={'value': 37, 'prev_value': None, 'change': True}
2022-10-23 16:23:28,854 : INFO : EventManager : Event: ======'machine_var_audits_switches_s_trough3'====== Args={'value': 27, 'prev_value': None, 'change': True}
2022-10-23 16:23:28,854 : INFO : EventManager : Event: ======'machine_var_audits_switches_s_trough4'====== Args={'value': 40, 'prev_value': None, 'change': True}
2022-10-23 16:23:28,854 : INFO : EventManager : Event: ======'machine_var_audits_switches_s_trough5'====== Args={'value': 29, 'prev_value': None, 'change': True}
2022-10-23 16:23:28,854 : INFO : EventManager : Event: ======'machine_var_audits_switches_s_trough6'====== Args={'value': 24, 'prev_value': None, 'change': True}
2022-10-23 16:23:28,855 : INFO : EventManager : Event: ======'machine_var_audits_switches_s_trough_jam'====== Args={'value': 27, 'prev_value': None, 'change': True}
2022-10-23 16:23:28,855 : INFO : EventManager : Event: ======'machine_var_audits_switches_s_vukmid'====== Args={'value': 47, 'prev_value': None, 'change': True}
2022-10-23 16:23:28,855 : INFO : EventManager : Event: ======'machine_var_audits_switches_s_vuktop'====== Args={'value': 15, 'prev_value': None, 'change': True}
2022-10-23 16:23:28,856 : INFO : EventManager : Event: ======'init_phase_5'====== Args={}
2022-10-23 16:23:28,866 : INFO : EventManager : Event: ======'init_done'====== Args={}
2022-10-23 16:23:28,866 : INFO : EventManager : Event: ======'machine_reset_phase_1'====== Args={}
2022-10-23 16:23:28,868 : INFO : EventManager : Event: ======'machine_reset_phase_2'====== Args={}
2022-10-23 16:23:28,868 : INFO : EventManager : Event: ======'machine_reset_phase_3'====== Args={}
2022-10-23 16:23:28,868 : INFO : drop_target_bank.db_dropbank : All targets are already up. Will not reset bank.
2022-10-23 16:23:28,868 : INFO : EventManager : Event: ======'reset_complete'====== Args={}
2022-10-23 16:23:28,868 : INFO : EventManager : Event: ======'mode_attract_will_start'====== Args={}
2022-10-23 16:23:28,869 : INFO : EventManager : Event: ======'mode_attract_starting'====== Args={}
2022-10-23 16:23:28,869 : INFO : Mode.attract : Started. Priority: 10
2022-10-23 16:23:28,869 : INFO : EventManager : Event: ======'modes_active_modes_changed'====== Args={}
2022-10-23 16:23:28,869 : INFO : EventManager : Event: ======'mode_attract_started'====== Args={}
2022-10-23 16:23:28,870 : INFO : EventManager : Event: ======'collecting_balls_complete'====== Args={}
2022-10-23 16:23:28,886 : INFO : EventManager : Event: ======'slide_layout_main_created'====== Args={'_from_bcp': True}
2022-10-23 16:23:28,886 : INFO : Machine : Starting the main run loop.
2022-10-23 16:23:28,890 : INFO : EventManager : Event: ======'slide_empty_slide_created'====== Args={'_from_bcp': True}
2022-10-23 16:23:28,894 : INFO : EventManager : Event: ======'slide_empty_slide_created'====== Args={'_from_bcp': True}
2022-10-23 16:23:28,898 : INFO : EventManager : Event: ======'slide_empty_slide_created'====== Args={'_from_bcp': True}
2022-10-23 16:23:28,901 : INFO : EventManager : Event: ======'slide_press_start_created'====== Args={'_from_bcp': True}
2022-10-23 16:23:28,905 : INFO : EventManager : Event: ======'slide_empty_slide_created'====== Args={'_from_bcp': True}
2022-10-23 16:23:28,909 : INFO : EventManager : Event: ======'slide_Title_slide_created'====== Args={'_from_bcp': True}
2022-10-23 16:23:28,913 : INFO : EventManager : Event: ======'slide_empty_slide_created'====== Args={'_from_bcp': True}
2022-10-23 16:23:28,924 : INFO : EventManager : Event: ======'slide_layout_main_active'====== Args={'_from_bcp': True}
2022-10-23 16:23:28,948 : INFO : EventManager : Event: ======'slide_empty_slide_active'====== Args={'_from_bcp': True}
2022-10-23 16:23:28,950 : INFO : EventManager : Event: ======'slide_empty_slide_active'====== Args={'_from_bcp': True}
2022-10-23 16:23:28,951 : INFO : EventManager : Event: ======'slide_empty_slide_active'====== Args={'_from_bcp': True}
2022-10-23 16:23:28,952 : INFO : EventManager : Event: ======'slide_press_start_active'====== Args={'_from_bcp': True}
2022-10-23 16:23:28,953 : INFO : EventManager : Event: ======'slide_empty_slide_active'====== Args={'_from_bcp': True}
2022-10-23 16:23:28,954 : INFO : EventManager : Event: ======'slide_Title_slide_active'====== Args={'_from_bcp': True}
2022-10-23 16:23:28,963 : INFO : EventManager : Event: ======'slide_empty_slide_active'====== Args={'_from_bcp': True}
2022-10-23 16:23:29,114 : INFO : BcpServer : New client connected.
2022-10-23 16:23:35,892 : INFO : SwitchController : <<<<<<< 's_start' active >>>>>>>
2022-10-23 16:23:35,995 : INFO : SwitchController : <<<<<<< 's_start' inactive >>>>>>>
2022-10-23 16:23:35,996 : INFO : EventManager : Event: ======'request_to_start_game'====== Args={}
2022-10-23 16:23:35,998 : INFO : EventManager : Event: ======'game_start'====== Args={'buttons': [], 'hold_time': 0.10899999999855936}
2022-10-23 16:23:35,998 : INFO : EventManager : Event: ======'mode_game_will_start'====== Args={'buttons': [], 'hold_time': 0.10899999999855936}
2022-10-23 16:23:35,999 : INFO : EventManager : Event: ======'mode_game_starting'====== Args={'buttons': [], 'hold_time': 0.10899999999855936}
2022-10-23 16:23:36,000 : INFO : EventManager : Event: ======'mode_attract_will_stop'====== Args={}
2022-10-23 16:23:36,000 : INFO : EventManager : Event: ======'mode_attract_stopping'====== Args={}
2022-10-23 16:23:36,001 : INFO : Mode.attract : Stopped.
2022-10-23 16:23:36,001 : INFO : EventManager : Event: ======'modes_active_modes_changed'====== Args={}
2022-10-23 16:23:36,002 : INFO : EventManager : Event: ======'mode_attract_stopped'====== Args={}
2022-10-23 16:23:36,003 : INFO : EventManager : Event: ======'clear'====== Args={'key': 'attract'}
2022-10-23 16:23:36,004 : INFO : Mode.game : Started. Priority: 20
2022-10-23 16:23:36,005 : INFO : EventManager : Event: ======'modes_active_modes_changed'====== Args={}
2022-10-23 16:23:36,006 : INFO : EventManager : Event: ======'mode_game_started'====== Args={'buttons': [], 'hold_time': 0.10899999999855936}
2022-10-23 16:23:36,018 : INFO : EventManager : Event: ======'game_will_start'====== Args={}
2022-10-23 16:23:36,020 : INFO : EventManager : Event: ======'game_starting'====== Args={'game': <Mode.game>}
2022-10-23 16:23:36,020 : INFO : EventManager : Event: ======'player_add_request'====== Args={}
2022-10-23 16:23:36,021 : INFO : EventManager : Event: ======'player_will_add'====== Args={'number': 1}
2022-10-23 16:23:36,021 : INFO : EventManager : Event: ======'player_adding'====== Args={'player': <Player 1>, 'number': 1}
2022-10-23 16:23:36,022 : INFO : EventManager : Event: ======'player_added'====== Args={'player': <Player 1>, 'num': 1}
2022-10-23 16:23:36,022 : INFO : Mode.game : Player added successfully. Total players: 1
2022-10-23 16:23:36,022 : INFO : EventManager : Event: ======'player_index'====== Args={'value': 0, 'prev_value': 0, 'change': 0, 'player_num': 1}
2022-10-23 16:23:36,023 : INFO : EventManager : Event: ======'player_number'====== Args={'value': 1, 'prev_value': 1, 'change': 0, 'player_num': 1}
2022-10-23 16:23:36,023 : INFO : EventManager : Event: ======'player_top_lane_hits'====== Args={'value': 0, 'prev_value': 0, 'change': 0, 'player_num': 1}
2022-10-23 16:23:36,023 : INFO : EventManager : Event: ======'player_bottom_lane_hits'====== Args={'value': 0, 'prev_value': 0, 'change': 0, 'player_num': 1}
2022-10-23 16:23:36,023 : INFO : EventManager : Event: ======'player_score'====== Args={'value': 0, 'prev_value': 0, 'change': 0, 'player_num': 1}
2022-10-23 16:23:36,024 : INFO : EventManager : Event: ======'game_started'====== Args={}
2022-10-23 16:23:36,049 : INFO : EventManager : Event: ======'player_turn_will_start'====== Args={'player': <Player 1>, 'number': 1}
2022-10-23 16:23:36,050 : INFO : EventManager : Event: ======'slide_layout_main_removed'====== Args={'_from_bcp': True}
2022-10-23 16:23:36,050 : INFO : EventManager : Event: ======'slide_empty_slide_removed'====== Args={'_from_bcp': True}
2022-10-23 16:23:36,051 : INFO : EventManager : Event: ======'slide_empty_slide_removed'====== Args={'_from_bcp': True}
2022-10-23 16:23:36,051 : INFO : EventManager : Event: ======'slide_empty_slide_removed'====== Args={'_from_bcp': True}
2022-10-23 16:23:36,051 : INFO : EventManager : Event: ======'slide_press_start_removed'====== Args={'_from_bcp': True}
2022-10-23 16:23:36,051 : INFO : EventManager : Event: ======'slide_empty_slide_removed'====== Args={'_from_bcp': True}
2022-10-23 16:23:36,051 : INFO : EventManager : Event: ======'slide_Title_slide_removed'====== Args={'_from_bcp': True}
2022-10-23 16:23:36,052 : INFO : EventManager : Event: ======'slide_empty_slide_removed'====== Args={'_from_bcp': True}
2022-10-23 16:23:36,052 : INFO : EventManager : Event: ======'slide_window_blank_active'====== Args={'_from_bcp': True}
2022-10-23 16:23:36,052 : INFO : EventManager : Event: ======'slide_Disp_Player_blank_active'====== Args={'_from_bcp': True}
2022-10-23 16:23:36,052 : INFO : EventManager : Event: ======'slide_Disp_Menu_blank_active'====== Args={'_from_bcp': True}
2022-10-23 16:23:36,052 : INFO : EventManager : Event: ======'slide_Disp_Ball_blank_active'====== Args={'_from_bcp': True}
2022-10-23 16:23:36,052 : INFO : EventManager : Event: ======'slide_Disp_Message_blank_active'====== Args={'_from_bcp': True}
2022-10-23 16:23:36,053 : INFO : EventManager : Event: ======'slide_Disp_Counter_blank_active'====== Args={'_from_bcp': True}
2022-10-23 16:23:36,053 : INFO : EventManager : Event: ======'slide_Disp_Score_blank_active'====== Args={'_from_bcp': True}
2022-10-23 16:23:36,053 : INFO : EventManager : Event: ======'slide_Disp_Icons_blank_active'====== Args={'_from_bcp': True}
2022-10-23 16:23:36,053 : INFO : EventManager : Event: ======'player_turn_starting'====== Args={'player': <Player 1>, 'number': 1}
2022-10-23 16:23:36,054 : INFO : EventManager : Event: ======'player_ball'====== Args={'value': 1, 'prev_value': 0, 'change': 1, 'player_num': 1}
2022-10-23 16:23:36,056 : INFO : EventManager : Event: ======'player_turn_started'====== Args={'player': <Player 1>, 'number': 1}
2022-10-23 16:23:36,056 : INFO : EventManager : Event: ======'ball_will_start'====== Args={'player': 1, 'ball': 1, 'balls_remaining': 2, 'is_extra_ball': False}
2022-10-23 16:23:36,062 : INFO : EventManager : Event: ======'ball_starting'====== Args={'player': 1, 'ball': 1, 'balls_remaining': 2, 'is_extra_ball': False}
2022-10-23 16:23:36,063 : INFO : EventManager : Event: ======'mode_orbit_will_start'====== Args={'queue': <QueuedEvent>, 'player': 1, 'ball': 1, 'balls_remaining': 2, 'is_extra_ball': False}
2022-10-23 16:23:36,063 : INFO : EventManager : Event: ======'player_shot_spinner_enabled'====== Args={'value': True, 'prev_value': 0, 'change': 1, 'player_num': 1}
2022-10-23 16:23:36,064 : INFO : EventManager : Event: ======'player_shot_orbit_enabled'====== Args={'value': True, 'prev_value': 0, 'change': 1, 'player_num': 1}
2022-10-23 16:23:36,065 : INFO : EventManager : Event: ======'mode_orbit_starting'====== Args={'queue': <QueuedEvent>, 'player': 1, 'ball': 1, 'balls_remaining': 2, 'is_extra_ball': False}
2022-10-23 16:23:36,065 : INFO : EventManager : Event: ======'mode_base_will_start'====== Args={'queue': <QueuedEvent>, 'player': 1, 'ball': 1, 'balls_remaining': 2, 'is_extra_ball': False}
2022-10-23 16:23:36,066 : INFO : EventManager : Event: ======'mode_base_starting'====== Args={'queue': <QueuedEvent>, 'player': 1, 'ball': 1, 'balls_remaining': 2, 'is_extra_ball': False}
2022-10-23 16:23:36,066 : INFO : drop_target_bank.db_dropbank : All targets are already up. Will not reset bank.
2022-10-23 16:23:36,067 : INFO : Mode.base : Started. Priority: 100
2022-10-23 16:23:36,067 : INFO : EventManager : Event: ======'modes_active_modes_changed'====== Args={}
2022-10-23 16:23:36,067 : INFO : EventManager : Event: ======'mode_base_started'====== Args={'queue': <QueuedEvent>, 'player': 1, 'ball': 1, 'balls_remaining': 2, 'is_extra_ball': False}
2022-10-23 16:23:36,068 : INFO : Mode.orbit : Started. Priority: 101
2022-10-23 16:23:36,068 : INFO : EventManager : Event: ======'modes_active_modes_changed'====== Args={}
2022-10-23 16:23:36,068 : INFO : EventManager : Event: ======'mode_orbit_started'====== Args={'queue': <QueuedEvent>, 'player': 1, 'ball': 1, 'balls_remaining': 2, 'is_extra_ball': False}
2022-10-23 16:23:36,069 : INFO : EventManager : Event: ======'balls_in_play'====== Args={'balls': 1}
2022-10-23 16:23:36,069 : INFO : EventManager : Event: ======'ball_started'====== Args={'player': 1, 'ball': 1, 'balls_remaining': 2, 'is_extra_ball': False}
2022-10-23 16:23:36,070 : INFO : EventManager : Event: ======'mode_lanes_will_start'====== Args={'player': 1, 'ball': 1, 'balls_remaining': 2, 'is_extra_ball': False}
2022-10-23 16:23:36,071 : INFO : EventManager : Event: ======'player_shot_lane_top_1_enabled'====== Args={'value': True, 'prev_value': 0, 'change': 1, 'player_num': 1}
2022-10-23 16:23:36,071 : INFO : EventManager : Event: ======'player_shot_lane_top_2_enabled'====== Args={'value': True, 'prev_value': 0, 'change': 1, 'player_num': 1}
2022-10-23 16:23:36,071 : INFO : EventManager : Event: ======'player_shot_lane_top_3_enabled'====== Args={'value': True, 'prev_value': 0, 'change': 1, 'player_num': 1}
2022-10-23 16:23:36,072 : INFO : EventManager : Event: ======'player_shot_lane_bottom_1_enabled'====== Args={'value': True, 'prev_value': 0, 'change': 1, 'player_num': 1}
2022-10-23 16:23:36,072 : INFO : EventManager : Event: ======'player_shot_lane_bottom_2_enabled'====== Args={'value': True, 'prev_value': 0, 'change': 1, 'player_num': 1}
2022-10-23 16:23:36,073 : INFO : EventManager : Event: ======'player_shot_lane_bottom_3_enabled'====== Args={'value': True, 'prev_value': 0, 'change': 1, 'player_num': 1}
2022-10-23 16:23:36,073 : INFO : EventManager : Event: ======'player_shot_lane_bottom_4_enabled'====== Args={'value': True, 'prev_value': 0, 'change': 1, 'player_num': 1}
2022-10-23 16:23:36,074 : INFO : EventManager : Event: ======'player_shot_lane_bottom_5_enabled'====== Args={'value': True, 'prev_value': 0, 'change': 1, 'player_num': 1}
2022-10-23 16:23:36,075 : INFO : EventManager : Event: ======'lanes_top_complete'====== Args={'state': 'unlit'}
2022-10-23 16:23:36,075 : INFO : EventManager : Event: ======'lanes_top_unlit_complete'====== Args={}
2022-10-23 16:23:36,076 : INFO : EventManager : Event: ======'lanes_bottom_complete'====== Args={'state': 'unlit'}
2022-10-23 16:23:36,076 : INFO : EventManager : Event: ======'lanes_bottom_unlit_complete'====== Args={}
2022-10-23 16:23:36,079 : INFO : EventManager : Event: ======'mode_lanes_starting'====== Args={'player': 1, 'ball': 1, 'balls_remaining': 2, 'is_extra_ball': False}
2022-10-23 16:23:36,097 : INFO : EventManager : Event: ======'logicblock_lane_top_count_updated'====== Args={'value': 1, 'enabled': True}
2022-10-23 16:23:36,097 : INFO : EventManager : Event: ======'logicblock_lane_bottom_count_updated'====== Args={'value': 1, 'enabled': True}
2022-10-23 16:23:36,097 : INFO : EventManager : Event: ======'logicblock_lane_top_count_updated'====== Args={'value': 1, 'enabled': True}
2022-10-23 16:23:36,097 : INFO : EventManager : Event: ======'logicblock_lane_bottom_count_updated'====== Args={'value': 1, 'enabled': True}
2022-10-23 16:23:36,097 : INFO : Mode.lanes : Started. Priority: 110
2022-10-23 16:23:36,097 : INFO : EventManager : Event: ======'modes_active_modes_changed'====== Args={}
2022-10-23 16:23:36,098 : INFO : EventManager : Event: ======'mode_lanes_started'====== Args={'player': 1, 'ball': 1, 'balls_remaining': 2, 'is_extra_ball': False}
2022-10-23 16:23:36,098 : INFO : EventManager : Event: ======'single_player_ball_started'====== Args={}
2022-10-23 16:23:36,098 : INFO : EventManager : Event: ======'player_pf_multiplier'====== Args={'value': 1, 'prev_value': 0, 'change': 1, 'player_num': 1}
2022-10-23 16:23:36,099 : INFO : EventManager : Event: ======'player_pf_multiplier2'====== Args={'value': 1, 'prev_value': 0, 'change': 1, 'player_num': 1}
2022-10-23 16:23:36,099 : INFO : EventManager : Event: ======'slide_layout_main_created'====== Args={'_from_bcp': True}
2022-10-23 16:23:36,099 : INFO : EventManager : Event: ======'slide_player_slide_created'====== Args={'_from_bcp': True}
2022-10-23 16:23:36,099 : INFO : EventManager : Event: ======'slide_empty_slide_created'====== Args={'_from_bcp': True}
2022-10-23 16:23:36,100 : INFO : EventManager : Event: ======'ball_start_target'====== Args={'target': 'playfield'}
2022-10-23 16:23:36,114 : INFO : ball_device.bd_plunger : Setting up player-controlled eject. Balls: 1, Target: <playfield.playfield>, player_controlled_eject_event: s_launch_active
2022-10-23 16:23:36,114 : INFO : EventManager : Event: ======'balldevice_balls_available'====== Args={}
2022-10-23 16:23:36,115 : INFO : EventManager : Event: ======'slide_ball_slide_created'====== Args={'_from_bcp': True}
2022-10-23 16:23:36,115 : INFO : EventManager : Event: ======'slide_empty_slide_created'====== Args={'_from_bcp': True}
2022-10-23 16:23:36,115 : INFO : EventManager : Event: ======'slide_empty_slide_created'====== Args={'_from_bcp': True}
2022-10-23 16:23:36,115 : INFO : EventManager : Event: ======'slide_score_slide_created'====== Args={'_from_bcp': True}
2022-10-23 16:23:36,116 : INFO : EventManager : Event: ======'slide_empty_slide_created'====== Args={'_from_bcp': True}
2022-10-23 16:23:36,116 : INFO : ball_device.bd_trough : State: waiting_for_target_ready
2022-10-23 16:23:36,117 : INFO : EventManager : Event: ======'balldevice_bd_trough_ball_eject_attempt'====== Args={'balls': 1, 'target': <ball_device.bd_plunger>, 'source': <ball_device.bd_trough>, 'mechanical_eject': True, 'num_attempts': 0}
2022-10-23 16:23:36,117 : INFO : ball_device.bd_plunger : State: waiting_for_ball
2022-10-23 16:23:36,117 : INFO : ball_device.bd_trough : State: ejecting
2022-10-23 16:23:36,117 : INFO : ball_device.bd_trough : Ejecting ball to <ball_device.bd_plunger>
2022-10-23 16:23:36,117 : INFO : EventManager : Event: ======'balldevice_bd_trough_ejecting_ball'====== Args={'balls': 1, 'target': <ball_device.bd_plunger>, 'source': <ball_device.bd_trough>, 'mechanical_eject': True, 'num_attempts': 0}
2022-10-23 16:23:36,118 : INFO : ball_device.bd_trough : Wait for ball to leave device
2022-10-23 16:23:36,119 : INFO : coil.c_trough_eject : Pulsing Driver for 25ms (1.0 pulse_power)
2022-10-23 16:23:36,120 : INFO : SwitchController : <<<<<<< 's_trough1' inactive >>>>>>>
2022-10-23 16:23:36,122 : INFO : ball_device.bd_trough : State: ball_left
2022-10-23 16:23:36,123 : INFO : ball_device.bd_trough : Ball left
2022-10-23 16:23:36,123 : INFO : ball_device.bd_trough : Wait for confirm with timeout 10.0
2022-10-23 16:23:36,135 : INFO : EventManager : Event: ======'slide_layout_main_active'====== Args={'_from_bcp': True}
2022-10-23 16:23:36,136 : INFO : EventManager : Event: ======'slide_player_slide_active'====== Args={'_from_bcp': True}
2022-10-23 16:23:36,137 : INFO : EventManager : Event: ======'slide_empty_slide_active'====== Args={'_from_bcp': True}
2022-10-23 16:23:36,138 : INFO : EventManager : Event: ======'slide_ball_slide_active'====== Args={'_from_bcp': True}
2022-10-23 16:23:36,139 : INFO : EventManager : Event: ======'slide_empty_slide_active'====== Args={'_from_bcp': True}
2022-10-23 16:23:36,140 : INFO : EventManager : Event: ======'slide_empty_slide_active'====== Args={'_from_bcp': True}
2022-10-23 16:23:36,141 : INFO : EventManager : Event: ======'slide_score_slide_active'====== Args={'_from_bcp': True}
2022-10-23 16:23:36,142 : INFO : EventManager : Event: ======'slide_empty_slide_active'====== Args={'_from_bcp': True}
2022-10-23 16:23:36,228 : INFO : SwitchController : <<<<<<< 's_plunger_lane' active >>>>>>>
2022-10-23 16:23:36,228 : INFO : EventManager : Event: ======'machine_var_audits_switches_s_plunger_lane'====== Args={'value': 134, 'prev_value': 133, 'change': 1}
2022-10-23 16:23:36,749 : INFO : ball_device.bd_plunger : Received ball from <ball_device.bd_trough>
2022-10-23 16:23:36,749 : INFO : EventManager : Event: ======'balldevice_bd_plunger_ball_enter'====== Args={'new_balls': 1, 'unclaimed_balls': 0, 'new_available_balls': 0, 'device': <ball_device.bd_plunger>}
2022-10-23 16:23:36,750 : INFO : EventManager : Event: ======'balldevice_bd_plunger_ball_entered'====== Args={'new_balls': 0, 'device': <ball_device.bd_plunger>}
2022-10-23 16:23:36,750 : INFO : EventManager : Event: ======'balldevice_bd_plunger_ball_count_changed'====== Args={'balls': 1}
2022-10-23 16:23:36,751 : INFO : ball_device.bd_trough : Got eject confirm
2022-10-23 16:23:36,751 : INFO : ball_device.bd_trough : Eject successful
2022-10-23 16:23:36,751 : INFO : EventManager : Event: ======'balldevice_bd_trough_ball_eject_success'====== Args={'balls': 1, 'target': <ball_device.bd_plunger>}
2022-10-23 16:23:36,752 : INFO : EventManager : Event: ======'balldevice_bd_trough_ball_count_changed'====== Args={'balls': 3}
2022-10-23 16:23:36,752 : INFO : ball_device.bd_trough : State: idle
2022-10-23 16:23:36,753 : INFO : ball_device.bd_plunger : State: waiting_for_target_ready
2022-10-23 16:23:36,753 : INFO : EventManager : Event: ======'balldevice_bd_plunger_ball_eject_attempt'====== Args={'balls': 1, 'target': <playfield.playfield>, 'source': <ball_device.bd_plunger>, 'mechanical_eject': True, 'num_attempts': 0}
2022-10-23 16:23:36,754 : INFO : ball_device.bd_plunger : State: ejecting
2022-10-23 16:23:36,755 : INFO : ball_device.bd_plunger : Ejecting ball to <playfield.playfield>
2022-10-23 16:23:36,755 : INFO : EventManager : Event: ======'balldevice_bd_plunger_ejecting_ball'====== Args={'balls': 1, 'target': <playfield.playfield>, 'source': <ball_device.bd_plunger>, 'mechanical_eject': True, 'num_attempts': 0}
2022-10-23 16:23:36,757 : INFO : ball_device.bd_plunger : Wait for ball to leave device
2022-10-23 16:23:37,441 : INFO : SwitchController : <<<<<<< 's_plunger_lane' inactive >>>>>>>
2022-10-23 16:23:37,449 : INFO : ball_device.bd_plunger : State: ball_left
2022-10-23 16:23:37,450 : INFO : ball_device.bd_plunger : Ball left
2022-10-23 16:23:37,450 : INFO : ball_device.bd_plunger : Wait for confirm with timeout 10.0
2022-10-23 16:23:39,193 : INFO : SwitchController : <<<<<<< 's_toplane1' active >>>>>>>
2022-10-23 16:23:39,193 : INFO : EventManager : Event: ======'playfield_active'====== Args={}
2022-10-23 16:23:39,195 : INFO : EventManager : Event: ======'s_toplane1_active'====== Args={}
2022-10-23 16:23:39,195 : INFO : EventManager : Event: ======'machine_var_audits_switches_s_toplane1'====== Args={'value': 242, 'prev_value': 241, 'change': 1}
2022-10-23 16:23:39,201 : INFO : EventManager : Event: ======'player_shot_lane_top_1'====== Args={'value': 1, 'prev_value': 0, 'change': 1, 'player_num': 1}
2022-10-23 16:23:39,203 : INFO : EventManager : Event: ======'machine_var_audits_shots_lane_top_1'====== Args={'value': 155, 'prev_value': 154, 'change': 1}
2022-10-23 16:23:39,204 : INFO : EventManager : Event: ======'lane_top_1_hit'====== Args={'profile': 'default', 'state': 'unlit', 'advancing': True}
2022-10-23 16:23:39,204 : INFO : EventManager : Event: ======'lane_top_1_default_hit'====== Args={'profile': 'default', 'state': 'unlit', 'advancing': True}
2022-10-23 16:23:39,204 : INFO : EventManager : Event: ======'lane_top_1_default_unlit_hit'====== Args={'profile': 'default', 'state': 'unlit', 'advancing': True}
2022-10-23 16:23:39,204 : INFO : EventManager : Event: ======'lane_top_1_unlit_hit'====== Args={'profile': 'default', 'state': 'unlit', 'advancing': True}
2022-10-23 16:23:39,205 : INFO : EventManager : Event: ======'lanes_top_hit'====== Args={}
2022-10-23 16:23:39,205 : INFO : EventManager : Event: ======'lanes_top_unlit_hit'====== Args={}
2022-10-23 16:23:39,213 : INFO : ball_device.bd_plunger : Got eject confirm
2022-10-23 16:23:39,214 : INFO : ball_device.bd_plunger : Eject successful
2022-10-23 16:23:39,214 : INFO : EventManager : Event: ======'balldevice_bd_plunger_ball_eject_success'====== Args={'balls': 1, 'target': <playfield.playfield>}
2022-10-23 16:23:39,215 : INFO : EventManager : Event: ======'balldevice_playfield_ball_enter'====== Args={'new_balls': 1, 'unclaimed_balls': 1, 'device': <playfield.playfield>}
2022-10-23 16:23:39,215 : INFO : EventManager : Event: ======'playfield_ball_count_change'====== Args={'balls': 1, 'change': 1}
2022-10-23 16:23:39,216 : INFO : EventManager : Event: ======'balldevice_bd_plunger_ball_count_changed'====== Args={'balls': 0}
2022-10-23 16:23:39,217 : INFO : ball_device.bd_plunger : State: idle
2022-10-23 16:23:39,287 : INFO : SwitchController : <<<<<<< 's_toplane1' inactive >>>>>>>
2022-10-23 16:23:39,939 : INFO : SwitchController : <<<<<<< 's_toplane2' active >>>>>>>
2022-10-23 16:23:39,939 : INFO : EventManager : Event: ======'s_toplane2_active'====== Args={}
2022-10-23 16:23:39,940 : INFO : EventManager : Event: ======'machine_var_audits_switches_s_toplane2'====== Args={'value': 147, 'prev_value': 146, 'change': 1}
2022-10-23 16:23:39,940 : INFO : EventManager : Event: ======'player_shot_lane_top_2'====== Args={'value': 1, 'prev_value': 0, 'change': 1, 'player_num': 1}
2022-10-23 16:23:39,940 : INFO : EventManager : Event: ======'machine_var_audits_shots_lane_top_2'====== Args={'value': 140, 'prev_value': 139, 'change': 1}
2022-10-23 16:23:39,940 : INFO : EventManager : Event: ======'lane_top_2_hit'====== Args={'profile': 'default', 'state': 'unlit', 'advancing': True}
2022-10-23 16:23:39,941 : INFO : EventManager : Event: ======'lane_top_2_default_hit'====== Args={'profile': 'default', 'state': 'unlit', 'advancing': True}
2022-10-23 16:23:39,941 : INFO : EventManager : Event: ======'lane_top_2_default_unlit_hit'====== Args={'profile': 'default', 'state': 'unlit', 'advancing': True}
2022-10-23 16:23:39,941 : INFO : EventManager : Event: ======'lane_top_2_unlit_hit'====== Args={'profile': 'default', 'state': 'unlit', 'advancing': True}
2022-10-23 16:23:39,941 : INFO : EventManager : Event: ======'lanes_top_hit'====== Args={}
2022-10-23 16:23:39,941 : INFO : EventManager : Event: ======'lanes_top_unlit_hit'====== Args={}
2022-10-23 16:23:40,008 : INFO : SwitchController : <<<<<<< 's_toplane2' inactive >>>>>>>
2022-10-23 16:23:43,578 : INFO : SwitchController : <<<<<<< 's_toplane3' active >>>>>>>
2022-10-23 16:23:43,578 : INFO : EventManager : Event: ======'s_toplane3_active'====== Args={}
2022-10-23 16:23:43,579 : INFO : EventManager : Event: ======'machine_var_audits_switches_s_toplane3'====== Args={'value': 127, 'prev_value': 126, 'change': 1}
2022-10-23 16:23:43,589 : INFO : EventManager : Event: ======'player_shot_lane_top_3'====== Args={'value': 1, 'prev_value': 0, 'change': 1, 'player_num': 1}
2022-10-23 16:23:43,590 : INFO : EventManager : Event: ======'machine_var_audits_shots_lane_top_3'====== Args={'value': 120, 'prev_value': 119, 'change': 1}
2022-10-23 16:23:43,591 : INFO : EventManager : Event: ======'lane_top_3_hit'====== Args={'profile': 'default', 'state': 'unlit', 'advancing': True}
2022-10-23 16:23:43,591 : INFO : EventManager : Event: ======'lane_top_3_default_hit'====== Args={'profile': 'default', 'state': 'unlit', 'advancing': True}
2022-10-23 16:23:43,592 : INFO : EventManager : Event: ======'lane_top_3_default_unlit_hit'====== Args={'profile': 'default', 'state': 'unlit', 'advancing': True}
2022-10-23 16:23:43,592 : INFO : EventManager : Event: ======'lane_top_3_unlit_hit'====== Args={'profile': 'default', 'state': 'unlit', 'advancing': True}
2022-10-23 16:23:43,592 : INFO : EventManager : Event: ======'lanes_top_complete'====== Args={'state': 'lit'}
2022-10-23 16:23:43,593 : INFO : EventManager : Event: ======'lanes_top_lit_complete'====== Args={}
2022-10-23 16:23:43,593 : INFO : EventManager : Event: ======'lanes_top_hit'====== Args={}
2022-10-23 16:23:43,593 : INFO : EventManager : Event: ======'lanes_top_unlit_hit'====== Args={}
2022-10-23 16:23:43,594 : INFO : EventManager : Event: ======'player_score'====== Args={'value': 1000, 'prev_value': 0, 'change': 1000, 'player_num': 1}
2022-10-23 16:23:43,594 : INFO : EventManager : Event: ======'logicblock_lane_top_count_updated'====== Args={'value': 2, 'enabled': True}
2022-10-23 16:23:43,595 : INFO : EventManager : Event: ======'lanes_top_done'====== Args={'count': 2}
2022-10-23 16:23:43,595 : INFO : EventManager : Event: ======'player_pf_multiplier'====== Args={'value': 2, 'prev_value': 1, 'change': 1, 'player_num': 1}
2022-10-23 16:23:43,619 : INFO : EventManager : Event: ======'slide_lanes_top_complete_slide_created'====== Args={'_from_bcp': True}
2022-10-23 16:23:43,621 : INFO : EventManager : Event: ======'slide_lanes_top_complete_slide_active'====== Args={'_from_bcp': True}
2022-10-23 16:23:43,738 : INFO : SwitchController : <<<<<<< 's_toplane3' inactive >>>>>>>
2022-10-23 16:23:44,595 : INFO : EventManager : Event: ======'player_shot_lane_top_1'====== Args={'value': 0, 'prev_value': 1, 'change': -1, 'player_num': 1}
2022-10-23 16:23:44,596 : INFO : EventManager : Event: ======'player_shot_lane_top_2'====== Args={'value': 0, 'prev_value': 1, 'change': -1, 'player_num': 1}
2022-10-23 16:23:44,597 : INFO : EventManager : Event: ======'player_shot_lane_top_3'====== Args={'value': 0, 'prev_value': 1, 'change': -1, 'player_num': 1}
2022-10-23 16:23:46,614 : INFO : EventManager : Event: ======'slide_lanes_top_complete_slide_removed'====== Args={'_from_bcp': True}
2022-10-23 16:23:46,615 : INFO : EventManager : Event: ======'slide_empty_slide_active'====== Args={'_from_bcp': True}
2022-10-23 16:23:48,139 : INFO : SwitchController : <<<<<<< 's_toplane1' active >>>>>>>
2022-10-23 16:23:48,139 : INFO : EventManager : Event: ======'s_toplane1_active'====== Args={}
2022-10-23 16:23:48,139 : INFO : EventManager : Event: ======'machine_var_audits_switches_s_toplane1'====== Args={'value': 243, 'prev_value': 242, 'change': 1}
2022-10-23 16:23:48,148 : INFO : EventManager : Event: ======'player_shot_lane_top_1'====== Args={'value': 1, 'prev_value': 0, 'change': 1, 'player_num': 1}
2022-10-23 16:23:48,149 : INFO : EventManager : Event: ======'machine_var_audits_shots_lane_top_1'====== Args={'value': 156, 'prev_value': 155, 'change': 1}
2022-10-23 16:23:48,149 : INFO : EventManager : Event: ======'lane_top_1_hit'====== Args={'profile': 'default', 'state': 'unlit', 'advancing': True}
2022-10-23 16:23:48,150 : INFO : EventManager : Event: ======'lane_top_1_default_hit'====== Args={'profile': 'default', 'state': 'unlit', 'advancing': True}
2022-10-23 16:23:48,150 : INFO : EventManager : Event: ======'lane_top_1_default_unlit_hit'====== Args={'profile': 'default', 'state': 'unlit', 'advancing': True}
2022-10-23 16:23:48,150 : INFO : EventManager : Event: ======'lane_top_1_unlit_hit'====== Args={'profile': 'default', 'state': 'unlit', 'advancing': True}
2022-10-23 16:23:48,150 : INFO : EventManager : Event: ======'lanes_top_hit'====== Args={}
2022-10-23 16:23:48,150 : INFO : EventManager : Event: ======'lanes_top_unlit_hit'====== Args={}
2022-10-23 16:23:48,224 : INFO : SwitchController : <<<<<<< 's_toplane1' inactive >>>>>>>
2022-10-23 16:23:49,210 : INFO : SwitchController : <<<<<<< 's_toplane2' active >>>>>>>
2022-10-23 16:23:49,210 : INFO : EventManager : Event: ======'s_toplane2_active'====== Args={}
2022-10-23 16:23:49,211 : INFO : EventManager : Event: ======'machine_var_audits_switches_s_toplane2'====== Args={'value': 148, 'prev_value': 147, 'change': 1}
2022-10-23 16:23:49,212 : INFO : EventManager : Event: ======'player_shot_lane_top_2'====== Args={'value': 1, 'prev_value': 0, 'change': 1, 'player_num': 1}
2022-10-23 16:23:49,213 : INFO : EventManager : Event: ======'machine_var_audits_shots_lane_top_2'====== Args={'value': 141, 'prev_value': 140, 'change': 1}
2022-10-23 16:23:49,213 : INFO : EventManager : Event: ======'lane_top_2_hit'====== Args={'profile': 'default', 'state': 'unlit', 'advancing': True}
2022-10-23 16:23:49,214 : INFO : EventManager : Event: ======'lane_top_2_default_hit'====== Args={'profile': 'default', 'state': 'unlit', 'advancing': True}
2022-10-23 16:23:49,214 : INFO : EventManager : Event: ======'lane_top_2_default_unlit_hit'====== Args={'profile': 'default', 'state': 'unlit', 'advancing': True}
2022-10-23 16:23:49,214 : INFO : EventManager : Event: ======'lane_top_2_unlit_hit'====== Args={'profile': 'default', 'state': 'unlit', 'advancing': True}
2022-10-23 16:23:49,214 : INFO : EventManager : Event: ======'lanes_top_hit'====== Args={}
2022-10-23 16:23:49,214 : INFO : EventManager : Event: ======'lanes_top_unlit_hit'====== Args={}
2022-10-23 16:23:49,306 : INFO : SwitchController : <<<<<<< 's_toplane2' inactive >>>>>>>
2022-10-23 16:23:50,746 : INFO : SwitchController : <<<<<<< 's_toplane3' active >>>>>>>
2022-10-23 16:23:50,746 : INFO : EventManager : Event: ======'s_toplane3_active'====== Args={}
2022-10-23 16:23:50,746 : INFO : EventManager : Event: ======'machine_var_audits_switches_s_toplane3'====== Args={'value': 128, 'prev_value': 127, 'change': 1}
2022-10-23 16:23:50,747 : INFO : EventManager : Event: ======'player_shot_lane_top_3'====== Args={'value': 1, 'prev_value': 0, 'change': 1, 'player_num': 1}
2022-10-23 16:23:50,748 : INFO : EventManager : Event: ======'machine_var_audits_shots_lane_top_3'====== Args={'value': 121, 'prev_value': 120, 'change': 1}
2022-10-23 16:23:50,749 : INFO : EventManager : Event: ======'lane_top_3_hit'====== Args={'profile': 'default', 'state': 'unlit', 'advancing': True}
2022-10-23 16:23:50,750 : INFO : EventManager : Event: ======'lane_top_3_default_hit'====== Args={'profile': 'default', 'state': 'unlit', 'advancing': True}
2022-10-23 16:23:50,750 : INFO : EventManager : Event: ======'lane_top_3_default_unlit_hit'====== Args={'profile': 'default', 'state': 'unlit', 'advancing': True}
2022-10-23 16:23:50,750 : INFO : EventManager : Event: ======'lane_top_3_unlit_hit'====== Args={'profile': 'default', 'state': 'unlit', 'advancing': True}
2022-10-23 16:23:50,751 : INFO : EventManager : Event: ======'lanes_top_complete'====== Args={'state': 'lit'}
2022-10-23 16:23:50,751 : INFO : EventManager : Event: ======'lanes_top_lit_complete'====== Args={}
2022-10-23 16:23:50,751 : INFO : EventManager : Event: ======'lanes_top_hit'====== Args={}
2022-10-23 16:23:50,752 : INFO : EventManager : Event: ======'lanes_top_unlit_hit'====== Args={}
2022-10-23 16:23:50,752 : INFO : EventManager : Event: ======'player_score'====== Args={'value': 3000, 'prev_value': 1000, 'change': 2000, 'player_num': 1}
2022-10-23 16:23:50,753 : INFO : EventManager : Event: ======'logicblock_lane_top_count_updated'====== Args={'value': 3, 'enabled': True}
2022-10-23 16:23:50,754 : INFO : EventManager : Event: ======'lanes_top_done'====== Args={'count': 3}
2022-10-23 16:23:50,755 : INFO : EventManager : Event: ======'player_pf_multiplier'====== Args={'value': 3, 'prev_value': 2, 'change': 1, 'player_num': 1}
2022-10-23 16:23:50,769 : INFO : EventManager : Event: ======'slide_lanes_top_complete_slide_removed'====== Args={'_from_bcp': True}
2022-10-23 16:23:50,774 : INFO : EventManager : Event: ======'slide_lanes_top_complete_slide_created'====== Args={'_from_bcp': True}
2022-10-23 16:23:50,779 : INFO : EventManager : Event: ======'slide_lanes_top_complete_slide_active'====== Args={'_from_bcp': True}
2022-10-23 16:23:50,937 : INFO : SwitchController : <<<<<<< 's_toplane3' inactive >>>>>>>
2022-10-23 16:23:51,773 : INFO : EventManager : Event: ======'player_shot_lane_top_1'====== Args={'value': 0, 'prev_value': 1, 'change': -1, 'player_num': 1}
2022-10-23 16:23:51,774 : INFO : EventManager : Event: ======'player_shot_lane_top_2'====== Args={'value': 0, 'prev_value': 1, 'change': -1, 'player_num': 1}
2022-10-23 16:23:51,775 : INFO : EventManager : Event: ======'player_shot_lane_top_3'====== Args={'value': 0, 'prev_value': 1, 'change': -1, 'player_num': 1}
2022-10-23 16:23:53,770 : INFO : EventManager : Event: ======'slide_lanes_top_complete_slide_removed'====== Args={'_from_bcp': True}
2022-10-23 16:23:53,772 : INFO : EventManager : Event: ======'slide_empty_slide_active'====== Args={'_from_bcp': True}
2022-10-23 16:24:02,484 : INFO : Machine : Shutting down...
2022-10-23 16:24:02,485 : INFO : EventManager : Event: ======'shutdown'====== Args={}
2022-10-23 16:24:02,488 : INFO : root : MPF run loop ended.
