2022-09-25 09:12:06,687 : kivy : Factory: 186 symbols loaded
2022-09-25 09:12:06,960 : kivy : ImageLoaderFFPy: Using ffpyplayer 4.3.2
2022-09-25 09:12:06,960 : kivy : Image: Providers: img_tex, img_dds, img_sdl2, img_pil, img_ffpyplayer 
2022-09-25 09:12:07,025 : kivy : VideoGstplayer: Using Gstreamer 1.18.0.0
2022-09-25 09:12:07,025 : kivy : Video: Provider: gstplayer
2022-09-25 09:12:07,471 : kivy : Loading MPF-MC controller
2022-09-25 09:12:07,477 : YamlMultifileConfigLoader : Machine config file #1: config
2022-09-25 09:12:07,478 : ConfigProcessor : Config file in cache changed: C:\pinball\Pinball-MPF\mpfv1\config\config
2022-09-25 09:12:07,489 : ConfigProcessor : Loading config from file c:\Users\dorus\AppData\Local\Programs\Python\Python38\lib\site-packages\mpfmc\mcconfig.yaml.
2022-09-25 09:12:07,539 : ConfigProcessor : Loading config: c:\Users\dorus\AppData\Local\Programs\Python\Python38\lib\site-packages\mpfmc\mcconfig.yaml
2022-09-25 09:12:07,539 : ConfigProcessor : Loading config from file C:\pinball\Pinball-MPF\mpfv1\config\config.
2022-09-25 09:12:07,542 : ConfigProcessor : Loading config: C:\pinball\Pinball-MPF\mpfv1\config\config
2022-09-25 09:12:07,565 : ConfigProcessor : Loading config: C:\pinball\Pinball-MPF\mpfv1\config\hardware.yaml
2022-09-25 09:12:07,577 : ConfigProcessor : Loading config: C:\pinball\Pinball-MPF\mpfv1\config\sounds.yaml
2022-09-25 09:12:07,580 : ConfigProcessor : Loading config: C:\pinball\Pinball-MPF\mpfv1\config\display.yaml
2022-09-25 09:12:07,587 : ConfigProcessor : Loading config: C:\pinball\Pinball-MPF\mpfv1\config\keyboard.yaml
2022-09-25 09:12:07,588 : ConfigProcessor : Config file cache created: C:\Users\dorus\AppData\Local\Temp\f32a185fe7c15e1ddb52a61c9269bc7a.mpf_cache
2022-09-25 09:12:07,589 : ConfigProcessor : Loading config from cache: C:\Users\dorus\AppData\Local\Temp\553e7233ea46a134f7d567bdaac0e3b0.mpf_cache
2022-09-25 09:12:07,590 : ConfigProcessor : Loading config from cache: C:\Users\dorus\AppData\Local\Temp\07260a180478ebbc8de8f5df7d20f47d.mpf_cache
2022-09-25 09:12:07,590 : ConfigProcessor : Loading config from cache: C:\Users\dorus\AppData\Local\Temp\997bf01789d16ed996f231036966dd64.mpf_cache
2022-09-25 09:12:07,590 : ConfigProcessor : Loading config from cache: C:\Users\dorus\AppData\Local\Temp\99703a5eb7b45595525b767565d37410.mpf_cache
2022-09-25 09:12:07,591 : ConfigProcessor : Loading config from cache: C:\Users\dorus\AppData\Local\Temp\3bda3283678547d211760e16eb23b4da.mpf_cache
2022-09-25 09:12:07,596 : mpfmc : Mission Pinball Framework Media Controller v0.55.0
2022-09-25 09:12:07,596 : mpfmc : Mission Pinball Framework Game Engine v0.55.0
2022-09-25 09:12:07,596 : mpfmc : Machine path: C:\pinball\Pinball-MPF\mpfv1
2022-09-25 09:12:07,596 : mpfmc : Starting clock at 60.0Hz
2022-09-25 09:12:07,612 : kivy : Text: Provider: sdl2
2022-09-25 09:12:07,702 : kivy : Window: Provider: sdl2
2022-09-25 09:12:07,815 : kivy : GL: Using the "OpenGL" graphics system
2022-09-25 09:12:07,817 : kivy : GL: GLEW initialization succeeded
2022-09-25 09:12:07,818 : kivy : GL: Backend used <glew>
2022-09-25 09:12:07,818 : kivy : GL: OpenGL version <b'4.6.0 - Build 26.20.100.7372'>
2022-09-25 09:12:07,818 : kivy : GL: OpenGL vendor <b'Intel'>
2022-09-25 09:12:07,818 : kivy : GL: OpenGL renderer <b'Intel(R) UHD Graphics'>
2022-09-25 09:12:07,818 : kivy : GL: OpenGL parsed version: 4, 6
2022-09-25 09:12:07,818 : kivy : GL: Shading version <b'4.60 - Build 26.20.100.7372'>
2022-09-25 09:12:07,818 : kivy : GL: Texture max size <16384>
2022-09-25 09:12:07,818 : kivy : GL: Texture max units <32>
2022-09-25 09:12:07,861 : kivy : Window: auto add sdl2 input provider
2022-09-25 09:12:07,861 : kivy : Window: virtual keyboard not allowed, single mode, not docked
2022-09-25 09:12:08,155 : AudioInterface : Initialized
2022-09-25 09:12:08,155 : AudioInterface : Loaded SDL 2.0.12
2022-09-25 09:12:08,155 : AudioInterface : Loaded SDL_Mixer 2.0.4
2022-09-25 09:12:08,155 : AudioInterface : Loaded GStreamer 1.18.0.0
2022-09-25 09:12:08,155 : AudioInterface : Loaded GLib 2.62.6
2022-09-25 09:12:08,155 : AudioInterface : Settings requested - rate: 44100, channels: 1, buffer: 2048 samples
2022-09-25 09:12:08,155 : AudioInterface : Settings in use - rate: 44100, channels: 1, buffer: 2048 samples (4096 bytes @ 2 bytes per sample)
2022-09-25 09:12:08,156 : SoundSystem : Setting master volume to 0.0
2022-09-25 09:12:08,156 : SoundSystem : master_volume in sound_system is deprecated and will be removed in the future.
2022-09-25 09:12:08,156 : AudioInterface : Enabling audio playback
2022-09-25 09:12:08,157 : kivy : Base: Start application main loop
2022-09-25 09:12:08,158 : EventManager : Event: ======'display_window_initialized'====== Args={}
2022-09-25 09:12:08,170 : mpfmc : Display: Setting 'window' as default display
2022-09-25 09:12:08,177 : EventManager : Event: ======'displays_initialized'====== Args={}
2022-09-25 09:12:08,178 : EventManager : Event: ======'slide_window_blank_created'====== Args={}
2022-09-25 09:12:08,178 : EventManager : Event: ======'display_window_ready'====== Args={}
2022-09-25 09:12:08,189 : EventManager : Event: ======'init_phase_1'====== Args={}
2022-09-25 09:12:08,192 : EventManager : Event: ======'mc_ready'====== Args={}
2022-09-25 09:12:08,192 : EventManager : Event: ======'init_phase_2'====== Args={}
2022-09-25 09:12:08,194 : EventManager : Event: ======'init_phase_3'====== Args={}
2022-09-25 09:12:08,196 : EventManager : Event: ======'init_phase_4'====== Args={}
2022-09-25 09:12:08,196 : EventManager : Event: ======'init_phase_5'====== Args={}
2022-09-25 09:12:08,196 : EventManager : Event: ======'init_done'====== Args={}
2022-09-25 09:12:08,196 : MPF-MC BCP Server : Starting up on localhost port 5050
2022-09-25 09:12:08,202 : MPF-MC BCP Server : Waiting for a connection...
2022-09-25 09:12:08,202 : mpfmc : SlidePlayer: Play called with settings={'slides': {welcome_slide-None-None: {'priority': None, 'target': None, 'background_color': [0.0, 0.0, 0.0, 1.0], 'show': True, 'force': False, 'expire': None, 'slide': None, 'tokens': {}, 'action': 'play', 'transition': None, 'transition_out': None}}}
2022-09-25 09:12:08,205 : kivy : GL: NPOT texture support is available
2022-09-25 09:12:08,206 : EventManager : Event: ======'slide_welcome_slide_created'====== Args={}
2022-09-25 09:12:08,208 : EventManager : Event: ======'slide_welcome_slide_active'====== Args={}
2022-09-25 09:12:08,213 : EventManager : Event: ======'client_disconnected'====== Args={'host': '127.0.0.1', 'port': 5050}
2022-09-25 09:12:09,105 : MPF-MC BCP Server : Received connection from: 127.0.0.1:65371
2022-09-25 09:12:09,110 : EventManager : Event: ======'client_connected'====== Args={'host': '127.0.0.1', 'port': 65371}
2022-09-25 09:12:09,122 : EventManager : Event: ======'machine_var_credits_string'====== Args={'value': 'FREE PLAY', 'prev_value': None, 'change': True}
2022-09-25 09:12:09,122 : EventManager : Event: ======'machine_var_master_volume'====== Args={'value': 0.5, 'prev_value': None, 'change': True}
2022-09-25 09:12:09,122 : EventManager : Event: ======'machine_var_player1_score'====== Args={'value': 33100, 'prev_value': None, 'change': True}
2022-09-25 09:12:09,122 : EventManager : Event: ======'machine_var_mpf_version'====== Args={'value': 'MPF v0.55.0', 'prev_value': None, 'change': True}
2022-09-25 09:12:09,122 : EventManager : Event: ======'machine_var_mpf_extended_version'====== Args={'value': 'MPF v0.55.0, Config version:5, Show version: 5, BCP version:1.1', 'prev_value': None, 'change': True}
2022-09-25 09:12:09,122 : EventManager : Event: ======'machine_var_python_version'====== Args={'value': '3.8.10', 'prev_value': None, 'change': True}
2022-09-25 09:12:09,122 : EventManager : Event: ======'machine_var_platform'====== Args={'value': 'Windows-10-10.0.19044-SP0', 'prev_value': None, 'change': True}
2022-09-25 09:12:09,122 : EventManager : Event: ======'machine_var_platform_system'====== Args={'value': 'Windows', 'prev_value': None, 'change': True}
2022-09-25 09:12:09,122 : EventManager : Event: ======'machine_var_platform_release'====== Args={'value': '10', 'prev_value': None, 'change': True}
2022-09-25 09:12:09,123 : EventManager : Event: ======'machine_var_platform_version'====== Args={'value': '10.0.19044', 'prev_value': None, 'change': True}
2022-09-25 09:12:09,123 : EventManager : Event: ======'machine_var_platform_machine'====== Args={'value': 'AMD64', 'prev_value': None, 'change': True}
2022-09-25 09:12:09,123 : EventManager : Event: ======'machine_var_mc_version'====== Args={'value': 'MPF-MC v0.55.0', 'prev_value': None, 'change': True}
2022-09-25 09:12:09,123 : EventManager : Event: ======'machine_var_mc_extended_version'====== Args={'value': 'MPF-MC v0.55.0 (config_version=5, BCP v1.1, Requires MPF v0.55.0-dev.49)', 'prev_value': None, 'change': True}
2022-09-25 09:12:09,123 : SoundSystem : Setting master volume to 0.5
2022-09-25 09:12:09,211 : EventManager : Event: ======'machine_var_audits_events_game_ended'====== Args={'value': 0, 'prev_value': None, 'change': True}
2022-09-25 09:12:09,236 : EventManager : Event: ======'machine_var_audits_events_game_started'====== Args={'value': 0, 'prev_value': None, 'change': True}
2022-09-25 09:12:09,236 : EventManager : Event: ======'machine_var_audits_player_score'====== Args={'value': {'average': 26575.0, 'top': [41000, 33100, 31800, 31200, 27600, 20200, 17500, 10200], 'total': 8}, 'prev_value': None, 'change': True}
2022-09-25 09:12:09,236 : EventManager : Event: ======'machine_var_audits_shots_lane_top_1'====== Args={'value': 79, 'prev_value': None, 'change': True}
2022-09-25 09:12:09,236 : EventManager : Event: ======'machine_var_audits_shots_lane_top_2'====== Args={'value': 71, 'prev_value': None, 'change': True}
2022-09-25 09:12:09,236 : EventManager : Event: ======'machine_var_audits_shots_lane_top_3'====== Args={'value': 65, 'prev_value': None, 'change': True}
2022-09-25 09:12:09,236 : EventManager : Event: ======'machine_var_audits_shots_orbit'====== Args={'value': 23, 'prev_value': None, 'change': True}
2022-09-25 09:12:09,236 : EventManager : Event: ======'machine_var_audits_shots_spinner'====== Args={'value': 178, 'prev_value': None, 'change': True}
2022-09-25 09:12:09,236 : EventManager : Event: ======'machine_var_audits_switches_s_bottomlane1'====== Args={'value': 7, 'prev_value': None, 'change': True}
2022-09-25 09:12:09,236 : EventManager : Event: ======'machine_var_audits_switches_s_bottomlane2'====== Args={'value': 8, 'prev_value': None, 'change': True}
2022-09-25 09:12:09,236 : EventManager : Event: ======'machine_var_audits_switches_s_bottomlane3'====== Args={'value': 6, 'prev_value': None, 'change': True}
2022-09-25 09:12:09,236 : EventManager : Event: ======'machine_var_audits_switches_s_bottomlane4'====== Args={'value': 22, 'prev_value': None, 'change': True}
2022-09-25 09:12:09,236 : EventManager : Event: ======'machine_var_audits_switches_s_bottomlane5'====== Args={'value': 2, 'prev_value': None, 'change': True}
2022-09-25 09:12:09,236 : EventManager : Event: ======'machine_var_audits_switches_s_drop1'====== Args={'value': 27, 'prev_value': None, 'change': True}
2022-09-25 09:12:09,237 : EventManager : Event: ======'machine_var_audits_switches_s_drop2'====== Args={'value': 10, 'prev_value': None, 'change': True}
2022-09-25 09:12:09,237 : EventManager : Event: ======'machine_var_audits_switches_s_drop3'====== Args={'value': 8, 'prev_value': None, 'change': True}
2022-09-25 09:12:09,237 : EventManager : Event: ======'machine_var_audits_switches_s_launch'====== Args={'value': 11, 'prev_value': None, 'change': True}
2022-09-25 09:12:09,237 : EventManager : Event: ======'machine_var_audits_switches_s_left01'====== Args={'value': 26, 'prev_value': None, 'change': True}
2022-09-25 09:12:09,237 : EventManager : Event: ======'machine_var_audits_switches_s_left02'====== Args={'value': 27, 'prev_value': None, 'change': True}
2022-09-25 09:12:09,237 : EventManager : Event: ======'machine_var_audits_switches_s_left03'====== Args={'value': 20, 'prev_value': None, 'change': True}
2022-09-25 09:12:09,237 : EventManager : Event: ======'machine_var_audits_switches_s_left_sling'====== Args={'value': 30, 'prev_value': None, 'change': True}
2022-09-25 09:12:09,237 : EventManager : Event: ======'machine_var_audits_switches_s_orbit1'====== Args={'value': 45, 'prev_value': None, 'change': True}
2022-09-25 09:12:09,237 : EventManager : Event: ======'machine_var_audits_switches_s_orbit2'====== Args={'value': 0, 'prev_value': None, 'change': True}
2022-09-25 09:12:09,238 : EventManager : Event: ======'machine_var_audits_switches_s_plunger_lane'====== Args={'value': 70, 'prev_value': None, 'change': True}
2022-09-25 09:12:09,238 : EventManager : Event: ======'machine_var_audits_switches_s_popbumber_1'====== Args={'value': 52, 'prev_value': None, 'change': True}
2022-09-25 09:12:09,238 : EventManager : Event: ======'machine_var_audits_switches_s_popbumber_2'====== Args={'value': 82, 'prev_value': None, 'change': True}
2022-09-25 09:12:09,238 : EventManager : Event: ======'machine_var_audits_switches_s_popbumber_3'====== Args={'value': 31, 'prev_value': None, 'change': True}
2022-09-25 09:12:09,238 : EventManager : Event: ======'machine_var_audits_switches_s_ramp'====== Args={'value': 34, 'prev_value': None, 'change': True}
2022-09-25 09:12:09,238 : EventManager : Event: ======'machine_var_audits_switches_s_right_sling'====== Args={'value': 61, 'prev_value': None, 'change': True}
2022-09-25 09:12:09,238 : EventManager : Event: ======'machine_var_audits_switches_s_rigth01'====== Args={'value': 54, 'prev_value': None, 'change': True}
2022-09-25 09:12:09,238 : EventManager : Event: ======'machine_var_audits_switches_s_rigth02'====== Args={'value': 23, 'prev_value': None, 'change': True}
2022-09-25 09:12:09,238 : EventManager : Event: ======'machine_var_audits_switches_s_rigth03'====== Args={'value': 14, 'prev_value': None, 'change': True}
2022-09-25 09:12:09,238 : EventManager : Event: ======'machine_var_audits_switches_s_spinner'====== Args={'value': 271, 'prev_value': None, 'change': True}
2022-09-25 09:12:09,238 : EventManager : Event: ======'machine_var_audits_switches_s_start'====== Args={'value': 0, 'prev_value': None, 'change': True}
2022-09-25 09:12:09,238 : EventManager : Event: ======'machine_var_audits_switches_s_top'====== Args={'value': 11, 'prev_value': None, 'change': True}
2022-09-25 09:12:09,238 : EventManager : Event: ======'machine_var_audits_switches_s_toplane1'====== Args={'value': 166, 'prev_value': None, 'change': True}
2022-09-25 09:12:09,238 : EventManager : Event: ======'machine_var_audits_switches_s_toplane2'====== Args={'value': 78, 'prev_value': None, 'change': True}
2022-09-25 09:12:09,238 : EventManager : Event: ======'machine_var_audits_switches_s_toplane3'====== Args={'value': 72, 'prev_value': None, 'change': True}
2022-09-25 09:12:09,238 : EventManager : Event: ======'machine_var_audits_switches_s_trough1'====== Args={'value': 28, 'prev_value': None, 'change': True}
2022-09-25 09:12:09,238 : EventManager : Event: ======'machine_var_audits_switches_s_trough2'====== Args={'value': 33, 'prev_value': None, 'change': True}
2022-09-25 09:12:09,238 : EventManager : Event: ======'machine_var_audits_switches_s_trough3'====== Args={'value': 25, 'prev_value': None, 'change': True}
2022-09-25 09:12:09,239 : EventManager : Event: ======'machine_var_audits_switches_s_trough4'====== Args={'value': 32, 'prev_value': None, 'change': True}
2022-09-25 09:12:09,239 : EventManager : Event: ======'machine_var_audits_switches_s_trough5'====== Args={'value': 25, 'prev_value': None, 'change': True}
2022-09-25 09:12:09,239 : EventManager : Event: ======'machine_var_audits_switches_s_trough6'====== Args={'value': 24, 'prev_value': None, 'change': True}
2022-09-25 09:12:09,239 : EventManager : Event: ======'machine_var_audits_switches_s_trough_jam'====== Args={'value': 26, 'prev_value': None, 'change': True}
2022-09-25 09:12:09,239 : EventManager : Event: ======'machine_var_audits_switches_s_vukmid'====== Args={'value': 24, 'prev_value': None, 'change': True}
2022-09-25 09:12:09,239 : EventManager : Event: ======'machine_var_audits_switches_s_vuktop'====== Args={'value': 9, 'prev_value': None, 'change': True}
2022-09-25 09:12:09,239 : EventManager : Event: ======'slides_play'====== Args={'settings': {'welcome_slide': {'target': None, 'background_color': [0.0, 0.0, 0.0, 1.0], 'priority': None, 'show': True, 'force': False, 'expire': None, 'slide': None, 'tokens': {}, 'action': 'play'}}, 'context': '_global', 'calling_context': 'init_done', 'priority': 0}
2022-09-25 09:12:09,239 : EventManager : Event: ======'mc_reset_phase_1'====== Args={}
2022-09-25 09:12:09,239 : mpfmc : SlidePlayer: Play called with settings={'welcome_slide': {'target': None, 'background_color': [0.0, 0.0, 0.0, 1.0], 'priority': None, 'show': True, 'force': False, 'expire': None, 'slide': None, 'tokens': {}, 'action': 'play'}}
2022-09-25 09:12:09,239 : EventManager : Event: ======'slide_welcome_slide_removed'====== Args={}
2022-09-25 09:12:09,242 : EventManager : Event: ======'slide_welcome_slide_created'====== Args={}
2022-09-25 09:12:09,242 : EventManager : Event: ======'mc_reset_phase_2'====== Args={}
2022-09-25 09:12:09,243 : EventManager : Event: ======'mc_reset_phase_3'====== Args={}
2022-09-25 09:12:09,243 : EventManager : Event: ======'mc_reset_complete'====== Args={}
2022-09-25 09:12:09,243 : EventManager : Event: ======'slide_welcome_slide_active'====== Args={}
2022-09-25 09:12:09,260 : EventManager : Event: ======'slides_play'====== Args={'settings': {'awesome_slide': {'widgets': [{'type': 'text', 'text': 'YOU ARE AWESOME', 'font_size': 50, '_default_settings': ['type', 'text', 'font_size'], 'x': None, 'y': None, 'anchor_x': 'center', 'anchor_y': 'center', 'round_anchor_x': None, 'round_anchor_y': None, 'opacity': 1.0, 'z': 0, 'reset_animations_events': {}, 'color': [1.0, 1.0, 1.0, 1.0], 'style': [], 'adjust_top': 0, 'adjust_bottom': 0, 'adjust_left': 0, 'adjust_right': 0, 'expire': None, 'key': None, 'widget': None, 'events_when_added': [], 'events_when_removed': [], 'bitmap_font': False, 'font_kerning': True, 'bold': False, 'italic': False, 'number_grouping': False, 'min_digits': 0, 'halign': 'center', 'valign': 'middle', 'rotation': 0, 'scale': 1.0, 'casing': None, 'animations': None}], 'transition': {'type': 'push', 'duration': 1.0, 'direction': 'left', 'easing': 'out_quad'}, 'target': None, 'background_color': [0.0, 0.0, 0.0, 1.0], 'priority': None, 'show': True, 'force': False, 'expire': None, 'slide': None, 'tokens': {}, 'action': 'play'}}, 'context': 'show_2', 'calling_context': 0, 'priority': 10, 'show_tokens': {}, 'start_time': 765609.562}
2022-09-25 09:12:09,260 : EventManager : Event: ======'sounds_play'====== Args={'settings': {'musicslow': {'action': 'play', 'loops': -1, 'priority': None, 'block': False, 'delay': None, 'track': None, 'volume': None, 'pan': None, 'start_at': None, 'fade_in': None, 'fade_out': None, 'about_to_finish_time': -1.0, 'max_queue_time': -1.0, 'events_when_played': ['use_sound_setting'], 'events_when_stopped': ['use_sound_setting'], 'events_when_looping': ['use_sound_setting'], 'events_when_about_to_finish': ['use_sound_setting'], 'mode_end_action': 'use_sound_setting', 'key': 'use_sound_setting'}}, 'context': '_global', 'calling_context': 'mode_attract_started', 'priority': 0}
2022-09-25 09:12:09,260 : mpfmc : SlidePlayer: Play called with settings={'awesome_slide': {'widgets': [{'type': 'text', 'text': 'YOU ARE AWESOME', 'font_size': 50, '_default_settings': ['type', 'text', 'font_size'], 'x': None, 'y': None, 'anchor_x': 'center', 'anchor_y': 'center', 'round_anchor_x': None, 'round_anchor_y': None, 'opacity': 1.0, 'z': 0, 'reset_animations_events': {}, 'color': [1.0, 1.0, 1.0, 1.0], 'style': [], 'adjust_top': 0, 'adjust_bottom': 0, 'adjust_left': 0, 'adjust_right': 0, 'expire': None, 'key': None, 'widget': None, 'events_when_added': [], 'events_when_removed': [], 'bitmap_font': False, 'font_kerning': True, 'bold': False, 'italic': False, 'number_grouping': False, 'min_digits': 0, 'halign': 'center', 'valign': 'middle', 'rotation': 0, 'scale': 1.0, 'casing': None, 'animations': None}], 'transition': {'type': 'push', 'duration': 1.0, 'direction': 'left', 'easing': 'out_quad'}, 'target': None, 'background_color': [0.0, 0.0, 0.0, 1.0], 'priority': None, 'show': True, 'force': False, 'expire': None, 'slide': None, 'tokens': {}, 'action': 'play'}}
2022-09-25 09:12:09,263 : EventManager : Event: ======'slide_awesome_slide_created'====== Args={}
2022-09-25 09:12:09,264 : EventManager : Event: ======'slide_awesome_slide_active'====== Args={}
2022-09-25 09:12:09,305 : EventManager : Event: ======'loading_assets'====== Args={'total': 1, 'loaded': 1, 'remaining': 0, 'percent': 100}
2022-09-25 09:12:09,305 : AssetManager : Asset loading took: 1.1489205360412598
2022-09-25 09:12:09,305 : EventManager : Event: ======'asset_loading_complete'====== Args={}
2022-09-25 09:12:09,305 : AssetManager : Loading assets: 1/1 (100%)
2022-09-25 09:12:12,257 : EventManager : Event: ======'slides_play'====== Args={'settings': {'press_start': {'widgets': [{'type': 'Text', 'text': 'PRESS START', 'animations': {'pre_show_slide': [{'property': ['opacity'], 'value': ['0'], 'duration': 0.5, 'relative': False, 'timing': 'after_previous', 'repeat': False, 'easing': 'linear'}, {'property': ['opacity'], 'value': ['1'], 'duration': 0.5, 'repeat': True, 'relative': False, 'timing': 'after_previous', 'easing': 'linear'}]}, '_default_settings': ['type', 'text', 'animations'], 'x': None, 'y': None, 'anchor_x': 'center', 'anchor_y': 'center', 'round_anchor_x': None, 'round_anchor_y': None, 'opacity': 1.0, 'z': 0, 'reset_animations_events': {}, 'color': [1.0, 1.0, 1.0, 1.0], 'style': [], 'adjust_top': 0, 'adjust_bottom': 0, 'adjust_left': 0, 'adjust_right': 0, 'expire': None, 'key': None, 'widget': None, 'events_when_added': [], 'events_when_removed': [], 'font_size': 15, 'bitmap_font': False, 'font_kerning': True, 'bold': False, 'italic': False, 'number_grouping': False, 'min_digits': 0, 'halign': 'center', 'valign': 'middle', 'rotation': 0, 'scale': 1.0, 'casing': None}, {'type': 'Text', 'text': 'FREE PLAY', 'color': [0.0, 0.5019607843137255, 0.0, 1], 'y': '10', 'anchor_y': 'bottom', '_default_settings': ['type', 'text', 'color', 'y', 'anchor_y'], 'x': None, 'anchor_x': 'center', 'round_anchor_x': None, 'round_anchor_y': None, 'opacity': 1.0, 'z': 0, 'reset_animations_events': {}, 'style': [], 'adjust_top': 0, 'adjust_bottom': 0, 'adjust_left': 0, 'adjust_right': 0, 'expire': None, 'key': None, 'widget': None, 'events_when_added': [], 'events_when_removed': [], 'font_size': 15, 'bitmap_font': False, 'font_kerning': True, 'bold': False, 'italic': False, 'number_grouping': False, 'min_digits': 0, 'halign': 'center', 'valign': 'middle', 'rotation': 0, 'scale': 1.0, 'casing': None, 'animations': None}], 'transition': {'type': 'move_in', 'duration': 1.0, 'direction': 'right', 'easing': 'out_quad'}, 'target': None, 'background_color': [0.0, 0.0, 0.0, 1.0], 'priority': None, 'show': True, 'force': False, 'expire': None, 'slide': None, 'tokens': {}, 'action': 'play'}}, 'context': 'show_2', 'calling_context': 1, 'priority': 10, 'show_tokens': {}, 'start_time': 765612.562}
2022-09-25 09:12:12,257 : mpfmc : SlidePlayer: Play called with settings={'press_start': {'widgets': [{'type': 'Text', 'text': 'PRESS START', 'animations': {'pre_show_slide': [{'property': ['opacity'], 'value': ['0'], 'duration': 0.5, 'relative': False, 'timing': 'after_previous', 'repeat': False, 'easing': 'linear'}, {'property': ['opacity'], 'value': ['1'], 'duration': 0.5, 'repeat': True, 'relative': False, 'timing': 'after_previous', 'easing': 'linear'}]}, '_default_settings': ['type', 'text', 'animations'], 'x': None, 'y': None, 'anchor_x': 'center', 'anchor_y': 'center', 'round_anchor_x': None, 'round_anchor_y': None, 'opacity': 1.0, 'z': 0, 'reset_animations_events': {}, 'color': [1.0, 1.0, 1.0, 1.0], 'style': [], 'adjust_top': 0, 'adjust_bottom': 0, 'adjust_left': 0, 'adjust_right': 0, 'expire': None, 'key': None, 'widget': None, 'events_when_added': [], 'events_when_removed': [], 'font_size': 15, 'bitmap_font': False, 'font_kerning': True, 'bold': False, 'italic': False, 'number_grouping': False, 'min_digits': 0, 'halign': 'center', 'valign': 'middle', 'rotation': 0, 'scale': 1.0, 'casing': None}, {'type': 'Text', 'text': 'FREE PLAY', 'color': [0.0, 0.5019607843137255, 0.0, 1], 'y': '10', 'anchor_y': 'bottom', '_default_settings': ['type', 'text', 'color', 'y', 'anchor_y'], 'x': None, 'anchor_x': 'center', 'round_anchor_x': None, 'round_anchor_y': None, 'opacity': 1.0, 'z': 0, 'reset_animations_events': {}, 'style': [], 'adjust_top': 0, 'adjust_bottom': 0, 'adjust_left': 0, 'adjust_right': 0, 'expire': None, 'key': None, 'widget': None, 'events_when_added': [], 'events_when_removed': [], 'font_size': 15, 'bitmap_font': False, 'font_kerning': True, 'bold': False, 'italic': False, 'number_grouping': False, 'min_digits': 0, 'halign': 'center', 'valign': 'middle', 'rotation': 0, 'scale': 1.0, 'casing': None, 'animations': None}], 'transition': {'type': 'move_in', 'duration': 1.0, 'direction': 'right', 'easing': 'out_quad'}, 'target': None, 'background_color': [0.0, 0.0, 0.0, 1.0], 'priority': None, 'show': True, 'force': False, 'expire': None, 'slide': None, 'tokens': {}, 'action': 'play'}}
2022-09-25 09:12:12,264 : EventManager : Event: ======'slide_press_start_created'====== Args={}
2022-09-25 09:12:12,265 : EventManager : Event: ======'slide_press_start_active'====== Args={}
2022-09-25 09:12:15,248 : EventManager : Event: ======'slides_play'====== Args={'settings': {'mission_pinball': {'widgets': [{'type': 'Text', 'text': 'MISSION PINBALL', 'color': [1.0, 0.0, 0.0, 1], '_default_settings': ['type', 'text', 'color'], 'x': None, 'y': None, 'anchor_x': 'center', 'anchor_y': 'center', 'round_anchor_x': None, 'round_anchor_y': None, 'opacity': 1.0, 'z': 0, 'reset_animations_events': {}, 'style': [], 'adjust_top': 0, 'adjust_bottom': 0, 'adjust_left': 0, 'adjust_right': 0, 'expire': None, 'key': None, 'widget': None, 'events_when_added': [], 'events_when_removed': [], 'font_size': 15, 'bitmap_font': False, 'font_kerning': True, 'bold': False, 'italic': False, 'number_grouping': False, 'min_digits': 0, 'halign': 'center', 'valign': 'middle', 'rotation': 0, 'scale': 1.0, 'casing': None, 'animations': None}], 'transition': {'type': 'move_in', 'duration': 1.0, 'direction': 'top', 'easing': 'out_quad'}, 'target': None, 'background_color': [0.0, 0.0, 0.0, 1.0], 'priority': None, 'show': True, 'force': False, 'expire': None, 'slide': None, 'tokens': {}, 'action': 'play'}}, 'context': 'show_2', 'calling_context': 2, 'priority': 10, 'show_tokens': {}, 'start_time': 765615.562}
2022-09-25 09:12:15,248 : mpfmc : SlidePlayer: Play called with settings={'mission_pinball': {'widgets': [{'type': 'Text', 'text': 'MISSION PINBALL', 'color': [1.0, 0.0, 0.0, 1], '_default_settings': ['type', 'text', 'color'], 'x': None, 'y': None, 'anchor_x': 'center', 'anchor_y': 'center', 'round_anchor_x': None, 'round_anchor_y': None, 'opacity': 1.0, 'z': 0, 'reset_animations_events': {}, 'style': [], 'adjust_top': 0, 'adjust_bottom': 0, 'adjust_left': 0, 'adjust_right': 0, 'expire': None, 'key': None, 'widget': None, 'events_when_added': [], 'events_when_removed': [], 'font_size': 15, 'bitmap_font': False, 'font_kerning': True, 'bold': False, 'italic': False, 'number_grouping': False, 'min_digits': 0, 'halign': 'center', 'valign': 'middle', 'rotation': 0, 'scale': 1.0, 'casing': None, 'animations': None}], 'transition': {'type': 'move_in', 'duration': 1.0, 'direction': 'top', 'easing': 'out_quad'}, 'target': None, 'background_color': [0.0, 0.0, 0.0, 1.0], 'priority': None, 'show': True, 'force': False, 'expire': None, 'slide': None, 'tokens': {}, 'action': 'play'}}
2022-09-25 09:12:15,250 : EventManager : Event: ======'slide_mission_pinball_created'====== Args={}
2022-09-25 09:12:15,250 : EventManager : Event: ======'slide_mission_pinball_active'====== Args={}
2022-09-25 09:12:18,254 : EventManager : Event: ======'slides_play'====== Args={'settings': {'awesome_slide': {'widgets': [{'type': 'text', 'text': 'YOU ARE AWESOME', 'font_size': 50, '_default_settings': ['type', 'text', 'font_size'], 'x': None, 'y': None, 'anchor_x': 'center', 'anchor_y': 'center', 'round_anchor_x': None, 'round_anchor_y': None, 'opacity': 1.0, 'z': 0, 'reset_animations_events': {}, 'color': [1.0, 1.0, 1.0, 1.0], 'style': [], 'adjust_top': 0, 'adjust_bottom': 0, 'adjust_left': 0, 'adjust_right': 0, 'expire': None, 'key': None, 'widget': None, 'events_when_added': [], 'events_when_removed': [], 'bitmap_font': False, 'font_kerning': True, 'bold': False, 'italic': False, 'number_grouping': False, 'min_digits': 0, 'halign': 'center', 'valign': 'middle', 'rotation': 0, 'scale': 1.0, 'casing': None, 'animations': None}], 'transition': {'type': 'push', 'duration': 1.0, 'direction': 'left', 'easing': 'out_quad'}, 'target': None, 'background_color': [0.0, 0.0, 0.0, 1.0], 'priority': None, 'show': True, 'force': False, 'expire': None, 'slide': None, 'tokens': {}, 'action': 'play'}}, 'context': 'show_2', 'calling_context': 0, 'priority': 10, 'show_tokens': {}, 'start_time': 765618.562}
2022-09-25 09:12:18,254 : mpfmc : SlidePlayer: Play called with settings={'awesome_slide': {'widgets': [{'type': 'text', 'text': 'YOU ARE AWESOME', 'font_size': 50, '_default_settings': ['type', 'text', 'font_size'], 'x': None, 'y': None, 'anchor_x': 'center', 'anchor_y': 'center', 'round_anchor_x': None, 'round_anchor_y': None, 'opacity': 1.0, 'z': 0, 'reset_animations_events': {}, 'color': [1.0, 1.0, 1.0, 1.0], 'style': [], 'adjust_top': 0, 'adjust_bottom': 0, 'adjust_left': 0, 'adjust_right': 0, 'expire': None, 'key': None, 'widget': None, 'events_when_added': [], 'events_when_removed': [], 'bitmap_font': False, 'font_kerning': True, 'bold': False, 'italic': False, 'number_grouping': False, 'min_digits': 0, 'halign': 'center', 'valign': 'middle', 'rotation': 0, 'scale': 1.0, 'casing': None, 'animations': None}], 'transition': {'type': 'push', 'duration': 1.0, 'direction': 'left', 'easing': 'out_quad'}, 'target': None, 'background_color': [0.0, 0.0, 0.0, 1.0], 'priority': None, 'show': True, 'force': False, 'expire': None, 'slide': None, 'tokens': {}, 'action': 'play'}}
2022-09-25 09:12:18,255 : EventManager : Event: ======'slide_awesome_slide_removed'====== Args={}
2022-09-25 09:12:18,258 : EventManager : Event: ======'slide_awesome_slide_created'====== Args={}
2022-09-25 09:12:18,260 : EventManager : Event: ======'slide_awesome_slide_active'====== Args={}
2022-09-25 09:12:21,242 : EventManager : Event: ======'slides_play'====== Args={'settings': {'press_start': {'widgets': [{'type': 'Text', 'text': 'PRESS START', 'animations': {'pre_show_slide': [{'property': ['opacity'], 'value': ['0'], 'duration': 0.5, 'relative': False, 'timing': 'after_previous', 'repeat': False, 'easing': 'linear'}, {'property': ['opacity'], 'value': ['1'], 'duration': 0.5, 'repeat': True, 'relative': False, 'timing': 'after_previous', 'easing': 'linear'}]}, '_default_settings': ['type', 'text', 'animations'], 'x': None, 'y': None, 'anchor_x': 'center', 'anchor_y': 'center', 'round_anchor_x': None, 'round_anchor_y': None, 'opacity': 1.0, 'z': 0, 'reset_animations_events': {}, 'color': [1.0, 1.0, 1.0, 1.0], 'style': [], 'adjust_top': 0, 'adjust_bottom': 0, 'adjust_left': 0, 'adjust_right': 0, 'expire': None, 'key': None, 'widget': None, 'events_when_added': [], 'events_when_removed': [], 'font_size': 15, 'bitmap_font': False, 'font_kerning': True, 'bold': False, 'italic': False, 'number_grouping': False, 'min_digits': 0, 'halign': 'center', 'valign': 'middle', 'rotation': 0, 'scale': 1.0, 'casing': None}, {'type': 'Text', 'text': 'FREE PLAY', 'color': [0.0, 0.5019607843137255, 0.0, 1], 'y': '10', 'anchor_y': 'bottom', '_default_settings': ['type', 'text', 'color', 'y', 'anchor_y'], 'x': None, 'anchor_x': 'center', 'round_anchor_x': None, 'round_anchor_y': None, 'opacity': 1.0, 'z': 0, 'reset_animations_events': {}, 'style': [], 'adjust_top': 0, 'adjust_bottom': 0, 'adjust_left': 0, 'adjust_right': 0, 'expire': None, 'key': None, 'widget': None, 'events_when_added': [], 'events_when_removed': [], 'font_size': 15, 'bitmap_font': False, 'font_kerning': True, 'bold': False, 'italic': False, 'number_grouping': False, 'min_digits': 0, 'halign': 'center', 'valign': 'middle', 'rotation': 0, 'scale': 1.0, 'casing': None, 'animations': None}], 'transition': {'type': 'move_in', 'duration': 1.0, 'direction': 'right', 'easing': 'out_quad'}, 'target': None, 'background_color': [0.0, 0.0, 0.0, 1.0], 'priority': None, 'show': True, 'force': False, 'expire': None, 'slide': None, 'tokens': {}, 'action': 'play'}}, 'context': 'show_2', 'calling_context': 1, 'priority': 10, 'show_tokens': {}, 'start_time': 765621.562}
2022-09-25 09:12:21,242 : mpfmc : SlidePlayer: Play called with settings={'press_start': {'widgets': [{'type': 'Text', 'text': 'PRESS START', 'animations': {'pre_show_slide': [{'property': ['opacity'], 'value': ['0'], 'duration': 0.5, 'relative': False, 'timing': 'after_previous', 'repeat': False, 'easing': 'linear'}, {'property': ['opacity'], 'value': ['1'], 'duration': 0.5, 'repeat': True, 'relative': False, 'timing': 'after_previous', 'easing': 'linear'}]}, '_default_settings': ['type', 'text', 'animations'], 'x': None, 'y': None, 'anchor_x': 'center', 'anchor_y': 'center', 'round_anchor_x': None, 'round_anchor_y': None, 'opacity': 1.0, 'z': 0, 'reset_animations_events': {}, 'color': [1.0, 1.0, 1.0, 1.0], 'style': [], 'adjust_top': 0, 'adjust_bottom': 0, 'adjust_left': 0, 'adjust_right': 0, 'expire': None, 'key': None, 'widget': None, 'events_when_added': [], 'events_when_removed': [], 'font_size': 15, 'bitmap_font': False, 'font_kerning': True, 'bold': False, 'italic': False, 'number_grouping': False, 'min_digits': 0, 'halign': 'center', 'valign': 'middle', 'rotation': 0, 'scale': 1.0, 'casing': None}, {'type': 'Text', 'text': 'FREE PLAY', 'color': [0.0, 0.5019607843137255, 0.0, 1], 'y': '10', 'anchor_y': 'bottom', '_default_settings': ['type', 'text', 'color', 'y', 'anchor_y'], 'x': None, 'anchor_x': 'center', 'round_anchor_x': None, 'round_anchor_y': None, 'opacity': 1.0, 'z': 0, 'reset_animations_events': {}, 'style': [], 'adjust_top': 0, 'adjust_bottom': 0, 'adjust_left': 0, 'adjust_right': 0, 'expire': None, 'key': None, 'widget': None, 'events_when_added': [], 'events_when_removed': [], 'font_size': 15, 'bitmap_font': False, 'font_kerning': True, 'bold': False, 'italic': False, 'number_grouping': False, 'min_digits': 0, 'halign': 'center', 'valign': 'middle', 'rotation': 0, 'scale': 1.0, 'casing': None, 'animations': None}], 'transition': {'type': 'move_in', 'duration': 1.0, 'direction': 'right', 'easing': 'out_quad'}, 'target': None, 'background_color': [0.0, 0.0, 0.0, 1.0], 'priority': None, 'show': True, 'force': False, 'expire': None, 'slide': None, 'tokens': {}, 'action': 'play'}}
2022-09-25 09:12:21,243 : EventManager : Event: ======'slide_press_start_removed'====== Args={}
2022-09-25 09:12:21,247 : EventManager : Event: ======'slide_press_start_created'====== Args={}
2022-09-25 09:12:21,248 : EventManager : Event: ======'slide_press_start_active'====== Args={}
2022-09-25 09:12:21,811 : EventManager : Event: ======'game_started'====== Args={}
2022-09-25 09:12:21,824 : EventManager : Event: ======'slides_clear'====== Args={'context': 'show_2'}
2022-09-25 09:12:21,824 : EventManager : Event: ======'sounds_play'====== Args={'settings': {'musicslow': {'action': 'stop', 'priority': None, 'block': False, 'delay': None, 'track': None, 'volume': None, 'pan': None, 'loops': None, 'start_at': None, 'fade_in': None, 'fade_out': None, 'about_to_finish_time': -1.0, 'max_queue_time': -1.0, 'events_when_played': ['use_sound_setting'], 'events_when_stopped': ['use_sound_setting'], 'events_when_looping': ['use_sound_setting'], 'events_when_about_to_finish': ['use_sound_setting'], 'mode_end_action': 'use_sound_setting', 'key': 'use_sound_setting'}}, 'context': '_global', 'calling_context': 'mode_attract_stopped', 'priority': 0}
2022-09-25 09:12:21,824 : EventManager : Event: ======'player_added'====== Args={'player': <Player 1>, 'num': 1}
2022-09-25 09:12:21,824 : EventManager : Event: ======'player_index'====== Args={'value': 0, 'prev_value': 0, 'change': 0, 'player_num': 1}
2022-09-25 09:12:21,824 : EventManager : Event: ======'player_number'====== Args={'value': 1, 'prev_value': 1, 'change': 0, 'player_num': 1}
2022-09-25 09:12:21,824 : EventManager : Event: ======'player_score'====== Args={'value': 0, 'prev_value': 0, 'change': 0, 'player_num': 1}
2022-09-25 09:12:21,824 : EventManager : Event: ======'slide_mission_pinball_removed'====== Args={}
2022-09-25 09:12:21,825 : EventManager : Event: ======'slide_awesome_slide_removed'====== Args={}
2022-09-25 09:12:21,825 : EventManager : Event: ======'slide_press_start_removed'====== Args={}
2022-09-25 09:12:21,825 : EventManager : Event: ======'slide_welcome_slide_active'====== Args={}
2022-09-25 09:12:21,848 : EventManager : Event: ======'player_ball'====== Args={'value': 1, 'prev_value': 0, 'change': 1, 'player_num': 1}
2022-09-25 09:12:21,848 : EventManager : Event: ======'player_turn_start'====== Args={'number': 1, 'player': <Player 1>}
2022-09-25 09:12:21,848 : EventManager : Event: ======'player_shot_spinner_enabled'====== Args={'value': True, 'prev_value': 0, 'change': 1, 'player_num': 1}
2022-09-25 09:12:21,860 : EventManager : Event: ======'player_shot_orbit_enabled'====== Args={'value': True, 'prev_value': 0, 'change': 1, 'player_num': 1}
2022-09-25 09:12:21,860 : EventManager : Event: ======'slides_play'====== Args={'settings': {'widgets': {'widgets': [{'type': 'text', 'text': '(score)', 'number_grouping': True, 'min_digits': 2, 'font_size': 100, '_default_settings': ['type', 'text', 'number_grouping', 'min_digits', 'font_size'], 'x': None, 'y': None, 'anchor_x': 'center', 'anchor_y': 'center', 'round_anchor_x': None, 'round_anchor_y': None, 'opacity': 1.0, 'z': 0, 'reset_animations_events': {}, 'color': [1.0, 1.0, 1.0, 1.0], 'style': [], 'adjust_top': 0, 'adjust_bottom': 0, 'adjust_left': 0, 'adjust_right': 0, 'expire': None, 'key': None, 'widget': None, 'events_when_added': [], 'events_when_removed': [], 'bitmap_font': False, 'font_kerning': True, 'bold': False, 'italic': False, 'halign': 'center', 'valign': 'middle', 'rotation': 0, 'scale': 1.0, 'casing': None, 'animations': None}, {'type': 'text', 'text': 'PLAYER (number)', 'y': '10', 'x': '10', 'font_size': 50, 'anchor_x': 'left', 'anchor_y': 'bottom', '_default_settings': ['type', 'text', 'y', 'x', 'font_size', 'anchor_x', 'anchor_y'], 'round_anchor_x': None, 'round_anchor_y': None, 'opacity': 1.0, 'z': 0, 'reset_animations_events': {}, 'color': [1.0, 1.0, 1.0, 1.0], 'style': [], 'adjust_top': 0, 'adjust_bottom': 0, 'adjust_left': 0, 'adjust_right': 0, 'expire': None, 'key': None, 'widget': None, 'events_when_added': [], 'events_when_removed': [], 'bitmap_font': False, 'font_kerning': True, 'bold': False, 'italic': False, 'number_grouping': False, 'min_digits': 0, 'halign': 'center', 'valign': 'middle', 'rotation': 0, 'scale': 1.0, 'casing': None, 'animations': None}, {'type': 'text', 'text': 'BALL (ball)', 'y': '10', 'x': 'right-10', 'anchor_x': 'right', 'anchor_y': 'bottom', 'font_size': 50, '_default_settings': ['type', 'text', 'y', 'x', 'anchor_x', 'anchor_y', 'font_size'], 'round_anchor_x': None, 'round_anchor_y': None, 'opacity': 1.0, 'z': 0, 'reset_animations_events': {}, 'color': [1.0, 1.0, 1.0, 1.0], 'style': [], 'adjust_top': 0, 'adjust_bottom': 0, 'adjust_left': 0, 'adjust_right': 0, 'expire': None, 'key': None, 'widget': None, 'events_when_added': [], 'events_when_removed': [], 'bitmap_font': False, 'font_kerning': True, 'bold': False, 'italic': False, 'number_grouping': False, 'min_digits': 0, 'halign': 'center', 'valign': 'middle', 'rotation': 0, 'scale': 1.0, 'casing': None, 'animations': None}], 'target': None, 'background_color': [0.0, 0.0, 0.0, 1.0], 'priority': None, 'show': True, 'force': False, 'expire': None, 'slide': None, 'tokens': {}, 'action': 'play'}}, 'context': 'base', 'calling_context': 'mode_base_started', 'priority': 100, 'queue': '<QueuedEvent>', 'player': 1, 'ball': 1, 'balls_remaining': 2, 'is_extra_ball': False}
2022-09-25 09:12:21,860 : EventManager : Event: ======'sounds_play'====== Args={'settings': {'musicfast': {'action': 'play', 'loops': -1, 'priority': None, 'block': False, 'delay': None, 'track': None, 'volume': None, 'pan': None, 'start_at': None, 'fade_in': None, 'fade_out': None, 'about_to_finish_time': -1.0, 'max_queue_time': -1.0, 'events_when_played': ['use_sound_setting'], 'events_when_stopped': ['use_sound_setting'], 'events_when_looping': ['use_sound_setting'], 'events_when_about_to_finish': ['use_sound_setting'], 'mode_end_action': 'use_sound_setting', 'key': 'use_sound_setting'}}, 'context': '_global', 'calling_context': 'mode_base_started', 'priority': 0, 'queue': '<QueuedEvent>', 'player': 1, 'ball': 1, 'balls_remaining': 2, 'is_extra_ball': False}
2022-09-25 09:12:21,861 : mpfmc : SlidePlayer: Play called with settings={'widgets': {'widgets': [{'type': 'text', 'text': '(score)', 'number_grouping': True, 'min_digits': 2, 'font_size': 100, '_default_settings': ['type', 'text', 'number_grouping', 'min_digits', 'font_size'], 'x': None, 'y': None, 'anchor_x': 'center', 'anchor_y': 'center', 'round_anchor_x': None, 'round_anchor_y': None, 'opacity': 1.0, 'z': 0, 'reset_animations_events': {}, 'color': [1.0, 1.0, 1.0, 1.0], 'style': [], 'adjust_top': 0, 'adjust_bottom': 0, 'adjust_left': 0, 'adjust_right': 0, 'expire': None, 'key': None, 'widget': None, 'events_when_added': [], 'events_when_removed': [], 'bitmap_font': False, 'font_kerning': True, 'bold': False, 'italic': False, 'halign': 'center', 'valign': 'middle', 'rotation': 0, 'scale': 1.0, 'casing': None, 'animations': None}, {'type': 'text', 'text': 'PLAYER (number)', 'y': '10', 'x': '10', 'font_size': 50, 'anchor_x': 'left', 'anchor_y': 'bottom', '_default_settings': ['type', 'text', 'y', 'x', 'font_size', 'anchor_x', 'anchor_y'], 'round_anchor_x': None, 'round_anchor_y': None, 'opacity': 1.0, 'z': 0, 'reset_animations_events': {}, 'color': [1.0, 1.0, 1.0, 1.0], 'style': [], 'adjust_top': 0, 'adjust_bottom': 0, 'adjust_left': 0, 'adjust_right': 0, 'expire': None, 'key': None, 'widget': None, 'events_when_added': [], 'events_when_removed': [], 'bitmap_font': False, 'font_kerning': True, 'bold': False, 'italic': False, 'number_grouping': False, 'min_digits': 0, 'halign': 'center', 'valign': 'middle', 'rotation': 0, 'scale': 1.0, 'casing': None, 'animations': None}, {'type': 'text', 'text': 'BALL (ball)', 'y': '10', 'x': 'right-10', 'anchor_x': 'right', 'anchor_y': 'bottom', 'font_size': 50, '_default_settings': ['type', 'text', 'y', 'x', 'anchor_x', 'anchor_y', 'font_size'], 'round_anchor_x': None, 'round_anchor_y': None, 'opacity': 1.0, 'z': 0, 'reset_animations_events': {}, 'color': [1.0, 1.0, 1.0, 1.0], 'style': [], 'adjust_top': 0, 'adjust_bottom': 0, 'adjust_left': 0, 'adjust_right': 0, 'expire': None, 'key': None, 'widget': None, 'events_when_added': [], 'events_when_removed': [], 'bitmap_font': False, 'font_kerning': True, 'bold': False, 'italic': False, 'number_grouping': False, 'min_digits': 0, 'halign': 'center', 'valign': 'middle', 'rotation': 0, 'scale': 1.0, 'casing': None, 'animations': None}], 'target': None, 'background_color': [0.0, 0.0, 0.0, 1.0], 'priority': None, 'show': True, 'force': False, 'expire': None, 'slide': None, 'tokens': {}, 'action': 'play'}}
2022-09-25 09:12:21,868 : EventManager : Event: ======'slide_base.slide_player-mode_base_started_created'====== Args={}
2022-09-25 09:12:21,870 : EventManager : Event: ======'slide_base.slide_player-mode_base_started_active'====== Args={}
2022-09-25 09:12:21,906 : EventManager : Event: ======'player_shot_lane_top_1_enabled'====== Args={'value': True, 'prev_value': 0, 'change': 1, 'player_num': 1}
2022-09-25 09:12:21,906 : EventManager : Event: ======'player_shot_lane_top_2_enabled'====== Args={'value': True, 'prev_value': 0, 'change': 1, 'player_num': 1}
2022-09-25 09:12:21,906 : EventManager : Event: ======'player_shot_lane_top_3_enabled'====== Args={'value': True, 'prev_value': 0, 'change': 1, 'player_num': 1}
2022-09-25 09:12:21,906 : EventManager : Event: ======'player_pf_multiplier'====== Args={'value': 1, 'prev_value': 0, 'change': 1, 'player_num': 1}
2022-09-25 09:12:21,906 : EventManager : Event: ======'loading_assets'====== Args={'total': 1, 'loaded': 1, 'remaining': 0, 'percent': 100}
2022-09-25 09:12:21,907 : AssetManager : Asset loading took: 13.750956058502197
2022-09-25 09:12:21,907 : EventManager : Event: ======'asset_loading_complete'====== Args={}
2022-09-25 09:12:21,907 : AssetManager : Loading assets: 1/1 (100%)
2022-09-25 09:12:26,341 : EventManager : Event: ======'machine_var_audits_switches_s_plunger_lane'====== Args={'value': 71, 'prev_value': 70, 'change': 1}
2022-09-25 09:12:27,990 : EventManager : Event: ======'machine_var_audits_switches_s_plunger_lane'====== Args={'value': 72, 'prev_value': 71, 'change': 1}
2022-09-25 09:12:30,168 : EventManager : Event: ======'machine_var_audits_switches_s_toplane1'====== Args={'value': 167, 'prev_value': 166, 'change': 1}
2022-09-25 09:12:30,180 : EventManager : Event: ======'player_shot_lane_top_1'====== Args={'value': 1, 'prev_value': 0, 'change': 1, 'player_num': 1}
2022-09-25 09:12:30,180 : EventManager : Event: ======'machine_var_audits_shots_lane_top_1'====== Args={'value': 80, 'prev_value': 79, 'change': 1}
2022-09-25 09:12:30,521 : EventManager : Event: ======'machine_var_audits_switches_s_toplane1'====== Args={'value': 168, 'prev_value': 167, 'change': 1}
2022-09-25 09:12:30,521 : EventManager : Event: ======'machine_var_audits_shots_lane_top_1'====== Args={'value': 81, 'prev_value': 80, 'change': 1}
2022-09-25 09:12:31,338 : EventManager : Event: ======'machine_var_audits_switches_s_toplane2'====== Args={'value': 79, 'prev_value': 78, 'change': 1}
2022-09-25 09:12:31,338 : EventManager : Event: ======'player_shot_lane_top_2'====== Args={'value': 1, 'prev_value': 0, 'change': 1, 'player_num': 1}
2022-09-25 09:12:31,338 : EventManager : Event: ======'machine_var_audits_shots_lane_top_2'====== Args={'value': 72, 'prev_value': 71, 'change': 1}
2022-09-25 09:12:31,745 : EventManager : Event: ======'machine_var_audits_switches_s_toplane1'====== Args={'value': 169, 'prev_value': 168, 'change': 1}
2022-09-25 09:12:31,745 : EventManager : Event: ======'machine_var_audits_shots_lane_top_1'====== Args={'value': 82, 'prev_value': 81, 'change': 1}
2022-09-25 09:12:31,818 : EventManager : Event: ======'machine_var_audits_switches_s_toplane2'====== Args={'value': 80, 'prev_value': 79, 'change': 1}
2022-09-25 09:12:31,818 : EventManager : Event: ======'machine_var_audits_shots_lane_top_2'====== Args={'value': 73, 'prev_value': 72, 'change': 1}
2022-09-25 09:12:32,148 : EventManager : Event: ======'machine_var_audits_switches_s_toplane2'====== Args={'value': 81, 'prev_value': 80, 'change': 1}
2022-09-25 09:12:32,161 : EventManager : Event: ======'machine_var_audits_shots_lane_top_2'====== Args={'value': 74, 'prev_value': 73, 'change': 1}
2022-09-25 09:12:32,343 : EventManager : Event: ======'machine_var_audits_switches_s_toplane1'====== Args={'value': 170, 'prev_value': 169, 'change': 1}
2022-09-25 09:12:32,355 : EventManager : Event: ======'machine_var_audits_shots_lane_top_1'====== Args={'value': 83, 'prev_value': 82, 'change': 1}
2022-09-25 09:12:32,453 : EventManager : Event: ======'machine_var_audits_switches_s_toplane2'====== Args={'value': 82, 'prev_value': 81, 'change': 1}
2022-09-25 09:12:32,453 : EventManager : Event: ======'machine_var_audits_shots_lane_top_2'====== Args={'value': 75, 'prev_value': 74, 'change': 1}
2022-09-25 09:12:32,588 : EventManager : Event: ======'machine_var_audits_switches_s_toplane1'====== Args={'value': 171, 'prev_value': 170, 'change': 1}
2022-09-25 09:12:32,588 : EventManager : Event: ======'machine_var_audits_shots_lane_top_1'====== Args={'value': 84, 'prev_value': 83, 'change': 1}
2022-09-25 09:13:04,298 : EventManager : Event: ======'machine_var_audits_switches_s_plunger_lane'====== Args={'value': 73, 'prev_value': 72, 'change': 1}
2022-09-25 09:13:27,211 : EventManager : Event: ======'machine_var_audits_switches_s_trough1'====== Args={'value': 29, 'prev_value': 28, 'change': 1}
2022-09-25 09:13:27,612 : EventManager : Event: ======'machine_var_audits_switches_s_trough2'====== Args={'value': 34, 'prev_value': 33, 'change': 1}
2022-09-25 09:13:28,012 : EventManager : Event: ======'machine_var_audits_switches_s_trough3'====== Args={'value': 26, 'prev_value': 25, 'change': 1}
2022-09-25 09:13:28,424 : EventManager : Event: ======'machine_var_audits_switches_s_trough4'====== Args={'value': 33, 'prev_value': 32, 'change': 1}
2022-09-25 09:13:28,936 : EventManager : Event: ======'slides_clear'====== Args={'context': 'base'}
2022-09-25 09:13:28,937 : EventManager : Event: ======'slide_base.slide_player-mode_base_started_removed'====== Args={}
2022-09-25 09:13:28,937 : EventManager : Event: ======'sounds_play'====== Args={'settings': {'musicfast': {'action': 'stop', 'priority': None, 'block': False, 'delay': None, 'track': None, 'volume': None, 'pan': None, 'loops': None, 'start_at': None, 'fade_in': None, 'fade_out': None, 'about_to_finish_time': -1.0, 'max_queue_time': -1.0, 'events_when_played': ['use_sound_setting'], 'events_when_stopped': ['use_sound_setting'], 'events_when_looping': ['use_sound_setting'], 'events_when_about_to_finish': ['use_sound_setting'], 'mode_end_action': 'use_sound_setting', 'key': 'use_sound_setting'}}, 'context': '_global', 'calling_context': 'mode_base_stopped', 'priority': 0}
2022-09-25 09:13:28,938 : EventManager : Event: ======'slides_clear'====== Args={'context': 'lanes'}
2022-09-25 09:13:28,938 : EventManager : Event: ======'slide_welcome_slide_active'====== Args={}
2022-09-25 09:13:28,974 : EventManager : Event: ======'player_ball'====== Args={'value': 2, 'prev_value': 1, 'change': 1, 'player_num': 1}
2022-09-25 09:13:28,987 : EventManager : Event: ======'slides_play'====== Args={'settings': {'widgets': {'widgets': [{'type': 'text', 'text': '(score)', 'number_grouping': True, 'min_digits': 2, 'font_size': 100, '_default_settings': ['type', 'text', 'number_grouping', 'min_digits', 'font_size'], 'x': None, 'y': None, 'anchor_x': 'center', 'anchor_y': 'center', 'round_anchor_x': None, 'round_anchor_y': None, 'opacity': 1.0, 'z': 0, 'reset_animations_events': {}, 'color': [1.0, 1.0, 1.0, 1.0], 'style': [], 'adjust_top': 0, 'adjust_bottom': 0, 'adjust_left': 0, 'adjust_right': 0, 'expire': None, 'key': None, 'widget': None, 'events_when_added': [], 'events_when_removed': [], 'bitmap_font': False, 'font_kerning': True, 'bold': False, 'italic': False, 'halign': 'center', 'valign': 'middle', 'rotation': 0, 'scale': 1.0, 'casing': None, 'animations': None}, {'type': 'text', 'text': 'PLAYER (number)', 'y': '10', 'x': '10', 'font_size': 50, 'anchor_x': 'left', 'anchor_y': 'bottom', '_default_settings': ['type', 'text', 'y', 'x', 'font_size', 'anchor_x', 'anchor_y'], 'round_anchor_x': None, 'round_anchor_y': None, 'opacity': 1.0, 'z': 0, 'reset_animations_events': {}, 'color': [1.0, 1.0, 1.0, 1.0], 'style': [], 'adjust_top': 0, 'adjust_bottom': 0, 'adjust_left': 0, 'adjust_right': 0, 'expire': None, 'key': None, 'widget': None, 'events_when_added': [], 'events_when_removed': [], 'bitmap_font': False, 'font_kerning': True, 'bold': False, 'italic': False, 'number_grouping': False, 'min_digits': 0, 'halign': 'center', 'valign': 'middle', 'rotation': 0, 'scale': 1.0, 'casing': None, 'animations': None}, {'type': 'text', 'text': 'BALL (ball)', 'y': '10', 'x': 'right-10', 'anchor_x': 'right', 'anchor_y': 'bottom', 'font_size': 50, '_default_settings': ['type', 'text', 'y', 'x', 'anchor_x', 'anchor_y', 'font_size'], 'round_anchor_x': None, 'round_anchor_y': None, 'opacity': 1.0, 'z': 0, 'reset_animations_events': {}, 'color': [1.0, 1.0, 1.0, 1.0], 'style': [], 'adjust_top': 0, 'adjust_bottom': 0, 'adjust_left': 0, 'adjust_right': 0, 'expire': None, 'key': None, 'widget': None, 'events_when_added': [], 'events_when_removed': [], 'bitmap_font': False, 'font_kerning': True, 'bold': False, 'italic': False, 'number_grouping': False, 'min_digits': 0, 'halign': 'center', 'valign': 'middle', 'rotation': 0, 'scale': 1.0, 'casing': None, 'animations': None}], 'target': None, 'background_color': [0.0, 0.0, 0.0, 1.0], 'priority': None, 'show': True, 'force': False, 'expire': None, 'slide': None, 'tokens': {}, 'action': 'play'}}, 'context': 'base', 'calling_context': 'mode_base_started', 'priority': 100, 'queue': '<QueuedEvent>', 'player': 1, 'ball': 2, 'balls_remaining': 1, 'is_extra_ball': False}
2022-09-25 09:13:28,987 : EventManager : Event: ======'sounds_play'====== Args={'settings': {'musicfast': {'action': 'play', 'loops': -1, 'priority': None, 'block': False, 'delay': None, 'track': None, 'volume': None, 'pan': None, 'start_at': None, 'fade_in': None, 'fade_out': None, 'about_to_finish_time': -1.0, 'max_queue_time': -1.0, 'events_when_played': ['use_sound_setting'], 'events_when_stopped': ['use_sound_setting'], 'events_when_looping': ['use_sound_setting'], 'events_when_about_to_finish': ['use_sound_setting'], 'mode_end_action': 'use_sound_setting', 'key': 'use_sound_setting'}}, 'context': '_global', 'calling_context': 'mode_base_started', 'priority': 0, 'queue': '<QueuedEvent>', 'player': 1, 'ball': 2, 'balls_remaining': 1, 'is_extra_ball': False}
2022-09-25 09:13:28,987 : mpfmc : SlidePlayer: Play called with settings={'widgets': {'widgets': [{'type': 'text', 'text': '(score)', 'number_grouping': True, 'min_digits': 2, 'font_size': 100, '_default_settings': ['type', 'text', 'number_grouping', 'min_digits', 'font_size'], 'x': None, 'y': None, 'anchor_x': 'center', 'anchor_y': 'center', 'round_anchor_x': None, 'round_anchor_y': None, 'opacity': 1.0, 'z': 0, 'reset_animations_events': {}, 'color': [1.0, 1.0, 1.0, 1.0], 'style': [], 'adjust_top': 0, 'adjust_bottom': 0, 'adjust_left': 0, 'adjust_right': 0, 'expire': None, 'key': None, 'widget': None, 'events_when_added': [], 'events_when_removed': [], 'bitmap_font': False, 'font_kerning': True, 'bold': False, 'italic': False, 'halign': 'center', 'valign': 'middle', 'rotation': 0, 'scale': 1.0, 'casing': None, 'animations': None}, {'type': 'text', 'text': 'PLAYER (number)', 'y': '10', 'x': '10', 'font_size': 50, 'anchor_x': 'left', 'anchor_y': 'bottom', '_default_settings': ['type', 'text', 'y', 'x', 'font_size', 'anchor_x', 'anchor_y'], 'round_anchor_x': None, 'round_anchor_y': None, 'opacity': 1.0, 'z': 0, 'reset_animations_events': {}, 'color': [1.0, 1.0, 1.0, 1.0], 'style': [], 'adjust_top': 0, 'adjust_bottom': 0, 'adjust_left': 0, 'adjust_right': 0, 'expire': None, 'key': None, 'widget': None, 'events_when_added': [], 'events_when_removed': [], 'bitmap_font': False, 'font_kerning': True, 'bold': False, 'italic': False, 'number_grouping': False, 'min_digits': 0, 'halign': 'center', 'valign': 'middle', 'rotation': 0, 'scale': 1.0, 'casing': None, 'animations': None}, {'type': 'text', 'text': 'BALL (ball)', 'y': '10', 'x': 'right-10', 'anchor_x': 'right', 'anchor_y': 'bottom', 'font_size': 50, '_default_settings': ['type', 'text', 'y', 'x', 'anchor_x', 'anchor_y', 'font_size'], 'round_anchor_x': None, 'round_anchor_y': None, 'opacity': 1.0, 'z': 0, 'reset_animations_events': {}, 'color': [1.0, 1.0, 1.0, 1.0], 'style': [], 'adjust_top': 0, 'adjust_bottom': 0, 'adjust_left': 0, 'adjust_right': 0, 'expire': None, 'key': None, 'widget': None, 'events_when_added': [], 'events_when_removed': [], 'bitmap_font': False, 'font_kerning': True, 'bold': False, 'italic': False, 'number_grouping': False, 'min_digits': 0, 'halign': 'center', 'valign': 'middle', 'rotation': 0, 'scale': 1.0, 'casing': None, 'animations': None}], 'target': None, 'background_color': [0.0, 0.0, 0.0, 1.0], 'priority': None, 'show': True, 'force': False, 'expire': None, 'slide': None, 'tokens': {}, 'action': 'play'}}
2022-09-25 09:13:28,992 : EventManager : Event: ======'slide_base.slide_player-mode_base_started_created'====== Args={}
2022-09-25 09:13:28,994 : EventManager : Event: ======'slide_base.slide_player-mode_base_started_active'====== Args={}
2022-09-25 09:13:29,047 : EventManager : Event: ======'loading_assets'====== Args={'total': 1, 'loaded': 1, 'remaining': 0, 'percent': 100}
2022-09-25 09:13:29,047 : AssetManager : Asset loading took: 80.89125800132751
2022-09-25 09:13:29,047 : EventManager : Event: ======'asset_loading_complete'====== Args={}
2022-09-25 09:13:29,047 : AssetManager : Loading assets: 1/1 (100%)
2022-09-25 09:13:42,686 : EventManager : Event: ======'machine_var_audits_switches_s_plunger_lane'====== Args={'value': 74, 'prev_value': 73, 'change': 1}
2022-09-25 09:13:46,976 : EventManager : Event: ======'machine_var_audits_switches_s_toplane1'====== Args={'value': 172, 'prev_value': 171, 'change': 1}
2022-09-25 09:13:46,976 : EventManager : Event: ======'machine_var_audits_shots_lane_top_1'====== Args={'value': 85, 'prev_value': 84, 'change': 1}
2022-09-25 09:13:47,607 : EventManager : Event: ======'machine_var_audits_switches_s_toplane1'====== Args={'value': 173, 'prev_value': 172, 'change': 1}
2022-09-25 09:13:47,607 : EventManager : Event: ======'machine_var_audits_shots_lane_top_1'====== Args={'value': 86, 'prev_value': 85, 'change': 1}
2022-09-25 09:13:49,635 : EventManager : Event: ======'machine_var_audits_switches_s_toplane2'====== Args={'value': 83, 'prev_value': 82, 'change': 1}
2022-09-25 09:13:49,649 : EventManager : Event: ======'machine_var_audits_shots_lane_top_2'====== Args={'value': 76, 'prev_value': 75, 'change': 1}
2022-09-25 09:13:50,061 : EventManager : Event: ======'machine_var_audits_switches_s_toplane2'====== Args={'value': 84, 'prev_value': 83, 'change': 1}
2022-09-25 09:13:50,061 : EventManager : Event: ======'machine_var_audits_shots_lane_top_2'====== Args={'value': 77, 'prev_value': 76, 'change': 1}
2022-09-25 09:13:51,104 : EventManager : Event: ======'machine_var_audits_switches_s_toplane3'====== Args={'value': 73, 'prev_value': 72, 'change': 1}
2022-09-25 09:13:51,116 : EventManager : Event: ======'player_shot_lane_top_3'====== Args={'value': 1, 'prev_value': 0, 'change': 1, 'player_num': 1}
2022-09-25 09:13:51,116 : EventManager : Event: ======'machine_var_audits_shots_lane_top_3'====== Args={'value': 66, 'prev_value': 65, 'change': 1}
2022-09-25 09:13:51,116 : EventManager : Event: ======'player_score'====== Args={'value': 1000, 'prev_value': 0, 'change': 1000, 'player_num': 1}
2022-09-25 09:13:51,116 : EventManager : Event: ======'slides_play'====== Args={'settings': {'my_slide': {'widgets': [{'type': 'text', 'text': 'lane (score)', 'y': '100', 'x': '10', 'number_grouping': True, 'min_digits': 2, 'font_size': 10, 'expire': 2.0, '_default_settings': ['type', 'text', 'y', 'x', 'number_grouping', 'min_digits', 'font_size', 'expire'], 'anchor_x': 'center', 'anchor_y': 'center', 'round_anchor_x': None, 'round_anchor_y': None, 'opacity': 1.0, 'z': 0, 'reset_animations_events': {}, 'color': [1.0, 1.0, 1.0, 1.0], 'style': [], 'adjust_top': 0, 'adjust_bottom': 0, 'adjust_left': 0, 'adjust_right': 0, 'key': None, 'widget': None, 'events_when_added': [], 'events_when_removed': [], 'bitmap_font': False, 'font_kerning': True, 'bold': False, 'italic': False, 'halign': 'center', 'valign': 'middle', 'rotation': 0, 'scale': 1.0, 'casing': None, 'animations': None}], 'target': None, 'background_color': [0.0, 0.0, 0.0, 1.0], 'priority': None, 'show': True, 'force': False, 'expire': None, 'slide': None, 'tokens': {}, 'action': 'play'}}, 'context': 'lanes', 'calling_context': 'lanes_top_complete', 'priority': 110, 'state': 'lit'}
2022-09-25 09:13:51,116 : EventManager : Event: ======'player_pf_multiplier'====== Args={'value': 2, 'prev_value': 1, 'change': 1, 'player_num': 1}
2022-09-25 09:13:51,117 : mpfmc : SlidePlayer: Play called with settings={'my_slide': {'widgets': [{'type': 'text', 'text': 'lane (score)', 'y': '100', 'x': '10', 'number_grouping': True, 'min_digits': 2, 'font_size': 10, 'expire': 2.0, '_default_settings': ['type', 'text', 'y', 'x', 'number_grouping', 'min_digits', 'font_size', 'expire'], 'anchor_x': 'center', 'anchor_y': 'center', 'round_anchor_x': None, 'round_anchor_y': None, 'opacity': 1.0, 'z': 0, 'reset_animations_events': {}, 'color': [1.0, 1.0, 1.0, 1.0], 'style': [], 'adjust_top': 0, 'adjust_bottom': 0, 'adjust_left': 0, 'adjust_right': 0, 'key': None, 'widget': None, 'events_when_added': [], 'events_when_removed': [], 'bitmap_font': False, 'font_kerning': True, 'bold': False, 'italic': False, 'halign': 'center', 'valign': 'middle', 'rotation': 0, 'scale': 1.0, 'casing': None, 'animations': None}], 'target': None, 'background_color': [0.0, 0.0, 0.0, 1.0], 'priority': None, 'show': True, 'force': False, 'expire': None, 'slide': None, 'tokens': {}, 'action': 'play'}}
2022-09-25 09:13:51,130 : EventManager : Event: ======'slide_my_slide_created'====== Args={}
2022-09-25 09:13:51,132 : EventManager : Event: ======'slide_my_slide_active'====== Args={}
2022-09-25 09:13:52,109 : EventManager : Event: ======'player_shot_lane_top_1'====== Args={'value': 0, 'prev_value': 1, 'change': -1, 'player_num': 1}
2022-09-25 09:13:52,109 : EventManager : Event: ======'player_shot_lane_top_2'====== Args={'value': 0, 'prev_value': 1, 'change': -1, 'player_num': 1}
2022-09-25 09:13:52,109 : EventManager : Event: ======'player_shot_lane_top_3'====== Args={'value': 0, 'prev_value': 1, 'change': -1, 'player_num': 1}
2022-09-25 09:14:04,544 : EventManager : Event: ======'machine_var_audits_switches_s_bottomlane3'====== Args={'value': 7, 'prev_value': 6, 'change': 1}
2022-09-25 09:14:04,557 : EventManager : Event: ======'player_score'====== Args={'value': 2000, 'prev_value': 1000, 'change': 1000, 'player_num': 1}
2022-09-25 09:14:04,948 : EventManager : Event: ======'machine_var_audits_switches_s_bottomlane3'====== Args={'value': 8, 'prev_value': 7, 'change': 1}
2022-09-25 09:14:04,948 : EventManager : Event: ======'player_score'====== Args={'value': 3000, 'prev_value': 2000, 'change': 1000, 'player_num': 1}
2022-09-25 09:14:05,546 : EventManager : Event: ======'machine_var_audits_switches_s_bottomlane3'====== Args={'value': 9, 'prev_value': 8, 'change': 1}
2022-09-25 09:14:05,559 : EventManager : Event: ======'player_score'====== Args={'value': 4000, 'prev_value': 3000, 'change': 1000, 'player_num': 1}
2022-09-25 09:14:05,754 : EventManager : Event: ======'machine_var_audits_switches_s_bottomlane2'====== Args={'value': 9, 'prev_value': 8, 'change': 1}
2022-09-25 09:14:05,754 : EventManager : Event: ======'player_score'====== Args={'value': 5000, 'prev_value': 4000, 'change': 1000, 'player_num': 1}
2022-09-25 09:14:06,106 : EventManager : Event: ======'machine_var_audits_switches_s_bottomlane3'====== Args={'value': 10, 'prev_value': 9, 'change': 1}
2022-09-25 09:14:06,118 : EventManager : Event: ======'player_score'====== Args={'value': 6000, 'prev_value': 5000, 'change': 1000, 'player_num': 1}
2022-09-25 09:14:06,348 : EventManager : Event: ======'machine_var_audits_switches_s_bottomlane2'====== Args={'value': 10, 'prev_value': 9, 'change': 1}
2022-09-25 09:14:06,348 : EventManager : Event: ======'player_score'====== Args={'value': 7000, 'prev_value': 6000, 'change': 1000, 'player_num': 1}
2022-09-25 09:14:06,568 : EventManager : Event: ======'machine_var_audits_switches_s_bottomlane3'====== Args={'value': 11, 'prev_value': 10, 'change': 1}
2022-09-25 09:14:06,568 : EventManager : Event: ======'player_score'====== Args={'value': 8000, 'prev_value': 7000, 'change': 1000, 'player_num': 1}
2022-09-25 09:14:07,577 : EventManager : Event: ======'machine_var_audits_switches_s_toplane1'====== Args={'value': 174, 'prev_value': 173, 'change': 1}
2022-09-25 09:14:07,577 : EventManager : Event: ======'player_shot_lane_top_1'====== Args={'value': 1, 'prev_value': 0, 'change': 1, 'player_num': 1}
2022-09-25 09:14:07,577 : EventManager : Event: ======'machine_var_audits_shots_lane_top_1'====== Args={'value': 87, 'prev_value': 86, 'change': 1}
2022-09-25 09:14:09,134 : EventManager : Event: ======'machine_var_audits_switches_s_toplane2'====== Args={'value': 85, 'prev_value': 84, 'change': 1}
2022-09-25 09:14:09,146 : EventManager : Event: ======'player_shot_lane_top_2'====== Args={'value': 1, 'prev_value': 0, 'change': 1, 'player_num': 1}
2022-09-25 09:14:09,146 : EventManager : Event: ======'machine_var_audits_shots_lane_top_2'====== Args={'value': 78, 'prev_value': 77, 'change': 1}
2022-09-25 09:14:09,415 : EventManager : Event: ======'machine_var_audits_switches_s_toplane2'====== Args={'value': 86, 'prev_value': 85, 'change': 1}
2022-09-25 09:14:09,427 : EventManager : Event: ======'machine_var_audits_shots_lane_top_2'====== Args={'value': 79, 'prev_value': 78, 'change': 1}
2022-09-25 09:14:09,609 : EventManager : Event: ======'machine_var_audits_switches_s_toplane2'====== Args={'value': 87, 'prev_value': 86, 'change': 1}
2022-09-25 09:14:09,609 : EventManager : Event: ======'machine_var_audits_shots_lane_top_2'====== Args={'value': 80, 'prev_value': 79, 'change': 1}
2022-09-25 09:14:10,215 : EventManager : Event: ======'machine_var_audits_switches_s_toplane3'====== Args={'value': 74, 'prev_value': 73, 'change': 1}
2022-09-25 09:14:10,228 : EventManager : Event: ======'player_shot_lane_top_3'====== Args={'value': 1, 'prev_value': 0, 'change': 1, 'player_num': 1}
2022-09-25 09:14:10,228 : EventManager : Event: ======'machine_var_audits_shots_lane_top_3'====== Args={'value': 67, 'prev_value': 66, 'change': 1}
2022-09-25 09:14:10,228 : EventManager : Event: ======'player_score'====== Args={'value': 10000, 'prev_value': 8000, 'change': 2000, 'player_num': 1}
2022-09-25 09:14:10,228 : EventManager : Event: ======'slides_play'====== Args={'settings': {'my_slide': {'widgets': [{'type': 'text', 'text': 'lane (score)', 'y': '100', 'x': '10', 'number_grouping': True, 'min_digits': 2, 'font_size': 10, 'expire': 2.0, '_default_settings': ['type', 'text', 'y', 'x', 'number_grouping', 'min_digits', 'font_size', 'expire'], 'anchor_x': 'center', 'anchor_y': 'center', 'round_anchor_x': None, 'round_anchor_y': None, 'opacity': 1.0, 'z': 0, 'reset_animations_events': {}, 'color': [1.0, 1.0, 1.0, 1.0], 'style': [], 'adjust_top': 0, 'adjust_bottom': 0, 'adjust_left': 0, 'adjust_right': 0, 'key': None, 'widget': None, 'events_when_added': [], 'events_when_removed': [], 'bitmap_font': False, 'font_kerning': True, 'bold': False, 'italic': False, 'halign': 'center', 'valign': 'middle', 'rotation': 0, 'scale': 1.0, 'casing': None, 'animations': None}], 'target': None, 'background_color': [0.0, 0.0, 0.0, 1.0], 'priority': None, 'show': True, 'force': False, 'expire': None, 'slide': None, 'tokens': {}, 'action': 'play'}}, 'context': 'lanes', 'calling_context': 'lanes_top_complete', 'priority': 110, 'state': 'lit'}
2022-09-25 09:14:10,228 : EventManager : Event: ======'player_pf_multiplier'====== Args={'value': 3, 'prev_value': 2, 'change': 1, 'player_num': 1}
2022-09-25 09:14:10,229 : mpfmc : SlidePlayer: Play called with settings={'my_slide': {'widgets': [{'type': 'text', 'text': 'lane (score)', 'y': '100', 'x': '10', 'number_grouping': True, 'min_digits': 2, 'font_size': 10, 'expire': 2.0, '_default_settings': ['type', 'text', 'y', 'x', 'number_grouping', 'min_digits', 'font_size', 'expire'], 'anchor_x': 'center', 'anchor_y': 'center', 'round_anchor_x': None, 'round_anchor_y': None, 'opacity': 1.0, 'z': 0, 'reset_animations_events': {}, 'color': [1.0, 1.0, 1.0, 1.0], 'style': [], 'adjust_top': 0, 'adjust_bottom': 0, 'adjust_left': 0, 'adjust_right': 0, 'key': None, 'widget': None, 'events_when_added': [], 'events_when_removed': [], 'bitmap_font': False, 'font_kerning': True, 'bold': False, 'italic': False, 'halign': 'center', 'valign': 'middle', 'rotation': 0, 'scale': 1.0, 'casing': None, 'animations': None}], 'target': None, 'background_color': [0.0, 0.0, 0.0, 1.0], 'priority': None, 'show': True, 'force': False, 'expire': None, 'slide': None, 'tokens': {}, 'action': 'play'}}
2022-09-25 09:14:10,229 : EventManager : Event: ======'slide_my_slide_removed'====== Args={}
2022-09-25 09:14:10,232 : EventManager : Event: ======'slide_my_slide_created'====== Args={}
2022-09-25 09:14:10,232 : EventManager : Event: ======'slide_my_slide_active'====== Args={}
2022-09-25 09:14:10,457 : EventManager : Event: ======'machine_var_audits_switches_s_toplane3'====== Args={'value': 75, 'prev_value': 74, 'change': 1}
2022-09-25 09:14:10,457 : EventManager : Event: ======'machine_var_audits_shots_lane_top_3'====== Args={'value': 68, 'prev_value': 67, 'change': 1}
2022-09-25 09:14:10,685 : EventManager : Event: ======'machine_var_audits_switches_s_toplane3'====== Args={'value': 76, 'prev_value': 75, 'change': 1}
2022-09-25 09:14:10,685 : EventManager : Event: ======'machine_var_audits_shots_lane_top_3'====== Args={'value': 69, 'prev_value': 68, 'change': 1}
2022-09-25 09:14:10,868 : EventManager : Event: ======'machine_var_audits_switches_s_toplane3'====== Args={'value': 77, 'prev_value': 76, 'change': 1}
2022-09-25 09:14:10,868 : EventManager : Event: ======'machine_var_audits_shots_lane_top_3'====== Args={'value': 70, 'prev_value': 69, 'change': 1}
2022-09-25 09:14:11,211 : EventManager : Event: ======'player_shot_lane_top_1'====== Args={'value': 0, 'prev_value': 1, 'change': -1, 'player_num': 1}
2022-09-25 09:14:11,211 : EventManager : Event: ======'player_shot_lane_top_2'====== Args={'value': 0, 'prev_value': 1, 'change': -1, 'player_num': 1}
2022-09-25 09:14:11,211 : EventManager : Event: ======'player_shot_lane_top_3'====== Args={'value': 0, 'prev_value': 1, 'change': -1, 'player_num': 1}
2022-09-25 09:14:11,419 : EventManager : Event: ======'machine_var_audits_switches_s_toplane2'====== Args={'value': 88, 'prev_value': 87, 'change': 1}
2022-09-25 09:14:11,431 : EventManager : Event: ======'player_shot_lane_top_2'====== Args={'value': 1, 'prev_value': 0, 'change': 1, 'player_num': 1}
2022-09-25 09:14:11,431 : EventManager : Event: ======'machine_var_audits_shots_lane_top_2'====== Args={'value': 81, 'prev_value': 80, 'change': 1}
2022-09-25 09:14:11,661 : EventManager : Event: ======'machine_var_audits_switches_s_toplane3'====== Args={'value': 78, 'prev_value': 77, 'change': 1}
2022-09-25 09:14:11,661 : EventManager : Event: ======'player_shot_lane_top_3'====== Args={'value': 1, 'prev_value': 0, 'change': 1, 'player_num': 1}
2022-09-25 09:14:11,661 : EventManager : Event: ======'machine_var_audits_shots_lane_top_3'====== Args={'value': 71, 'prev_value': 70, 'change': 1}
2022-09-25 09:14:11,711 : EventManager : Event: ======'machine_var_audits_switches_s_toplane2'====== Args={'value': 89, 'prev_value': 88, 'change': 1}
2022-09-25 09:14:11,711 : EventManager : Event: ======'machine_var_audits_shots_lane_top_2'====== Args={'value': 82, 'prev_value': 81, 'change': 1}
2022-09-25 09:14:11,940 : EventManager : Event: ======'machine_var_audits_switches_s_toplane3'====== Args={'value': 79, 'prev_value': 78, 'change': 1}
2022-09-25 09:14:11,940 : EventManager : Event: ======'machine_var_audits_shots_lane_top_3'====== Args={'value': 72, 'prev_value': 71, 'change': 1}
2022-09-25 09:14:12,085 : EventManager : Event: ======'machine_var_audits_switches_s_toplane2'====== Args={'value': 90, 'prev_value': 89, 'change': 1}
2022-09-25 09:14:12,085 : EventManager : Event: ======'machine_var_audits_shots_lane_top_2'====== Args={'value': 83, 'prev_value': 82, 'change': 1}
2022-09-25 09:14:12,232 : EventManager : Event: ======'machine_var_audits_switches_s_toplane3'====== Args={'value': 80, 'prev_value': 79, 'change': 1}
2022-09-25 09:14:12,232 : EventManager : Event: ======'machine_var_audits_shots_lane_top_3'====== Args={'value': 73, 'prev_value': 72, 'change': 1}
2022-09-25 09:14:12,365 : EventManager : Event: ======'machine_var_audits_switches_s_toplane2'====== Args={'value': 91, 'prev_value': 90, 'change': 1}
2022-09-25 09:14:12,365 : EventManager : Event: ======'machine_var_audits_shots_lane_top_2'====== Args={'value': 84, 'prev_value': 83, 'change': 1}
2022-09-25 09:14:12,523 : EventManager : Event: ======'machine_var_audits_switches_s_toplane3'====== Args={'value': 81, 'prev_value': 80, 'change': 1}
2022-09-25 09:14:12,523 : EventManager : Event: ======'machine_var_audits_shots_lane_top_3'====== Args={'value': 74, 'prev_value': 73, 'change': 1}
2022-09-25 09:14:13,012 : EventManager : Event: ======'machine_var_audits_switches_s_toplane1'====== Args={'value': 175, 'prev_value': 174, 'change': 1}
2022-09-25 09:14:13,012 : EventManager : Event: ======'player_shot_lane_top_1'====== Args={'value': 1, 'prev_value': 0, 'change': 1, 'player_num': 1}
2022-09-25 09:14:13,012 : EventManager : Event: ======'machine_var_audits_shots_lane_top_1'====== Args={'value': 88, 'prev_value': 87, 'change': 1}
2022-09-25 09:14:13,012 : EventManager : Event: ======'player_score'====== Args={'value': 13000, 'prev_value': 10000, 'change': 3000, 'player_num': 1}
2022-09-25 09:14:13,012 : EventManager : Event: ======'slides_play'====== Args={'settings': {'my_slide': {'widgets': [{'type': 'text', 'text': 'lane (score)', 'y': '100', 'x': '10', 'number_grouping': True, 'min_digits': 2, 'font_size': 10, 'expire': 2.0, '_default_settings': ['type', 'text', 'y', 'x', 'number_grouping', 'min_digits', 'font_size', 'expire'], 'anchor_x': 'center', 'anchor_y': 'center', 'round_anchor_x': None, 'round_anchor_y': None, 'opacity': 1.0, 'z': 0, 'reset_animations_events': {}, 'color': [1.0, 1.0, 1.0, 1.0], 'style': [], 'adjust_top': 0, 'adjust_bottom': 0, 'adjust_left': 0, 'adjust_right': 0, 'key': None, 'widget': None, 'events_when_added': [], 'events_when_removed': [], 'bitmap_font': False, 'font_kerning': True, 'bold': False, 'italic': False, 'halign': 'center', 'valign': 'middle', 'rotation': 0, 'scale': 1.0, 'casing': None, 'animations': None}], 'target': None, 'background_color': [0.0, 0.0, 0.0, 1.0], 'priority': None, 'show': True, 'force': False, 'expire': None, 'slide': None, 'tokens': {}, 'action': 'play'}}, 'context': 'lanes', 'calling_context': 'lanes_top_complete', 'priority': 110, 'state': 'lit'}
2022-09-25 09:14:13,012 : EventManager : Event: ======'player_pf_multiplier'====== Args={'value': 4, 'prev_value': 3, 'change': 1, 'player_num': 1}
2022-09-25 09:14:13,013 : mpfmc : SlidePlayer: Play called with settings={'my_slide': {'widgets': [{'type': 'text', 'text': 'lane (score)', 'y': '100', 'x': '10', 'number_grouping': True, 'min_digits': 2, 'font_size': 10, 'expire': 2.0, '_default_settings': ['type', 'text', 'y', 'x', 'number_grouping', 'min_digits', 'font_size', 'expire'], 'anchor_x': 'center', 'anchor_y': 'center', 'round_anchor_x': None, 'round_anchor_y': None, 'opacity': 1.0, 'z': 0, 'reset_animations_events': {}, 'color': [1.0, 1.0, 1.0, 1.0], 'style': [], 'adjust_top': 0, 'adjust_bottom': 0, 'adjust_left': 0, 'adjust_right': 0, 'key': None, 'widget': None, 'events_when_added': [], 'events_when_removed': [], 'bitmap_font': False, 'font_kerning': True, 'bold': False, 'italic': False, 'halign': 'center', 'valign': 'middle', 'rotation': 0, 'scale': 1.0, 'casing': None, 'animations': None}], 'target': None, 'background_color': [0.0, 0.0, 0.0, 1.0], 'priority': None, 'show': True, 'force': False, 'expire': None, 'slide': None, 'tokens': {}, 'action': 'play'}}
2022-09-25 09:14:13,013 : EventManager : Event: ======'slide_my_slide_removed'====== Args={}
2022-09-25 09:14:13,017 : EventManager : Event: ======'slide_my_slide_created'====== Args={}
2022-09-25 09:14:13,018 : EventManager : Event: ======'slide_my_slide_active'====== Args={}
2022-09-25 09:14:13,328 : EventManager : Event: ======'machine_var_audits_switches_s_toplane2'====== Args={'value': 92, 'prev_value': 91, 'change': 1}
2022-09-25 09:14:13,328 : EventManager : Event: ======'machine_var_audits_shots_lane_top_2'====== Args={'value': 85, 'prev_value': 84, 'change': 1}
2022-09-25 09:14:13,472 : EventManager : Event: ======'machine_var_audits_switches_s_toplane1'====== Args={'value': 176, 'prev_value': 175, 'change': 1}
2022-09-25 09:14:13,472 : EventManager : Event: ======'machine_var_audits_shots_lane_top_1'====== Args={'value': 89, 'prev_value': 88, 'change': 1}
2022-09-25 09:14:13,631 : EventManager : Event: ======'machine_var_audits_switches_s_toplane2'====== Args={'value': 93, 'prev_value': 92, 'change': 1}
2022-09-25 09:14:13,631 : EventManager : Event: ======'machine_var_audits_shots_lane_top_2'====== Args={'value': 86, 'prev_value': 85, 'change': 1}
2022-09-25 09:14:13,767 : EventManager : Event: ======'machine_var_audits_switches_s_toplane1'====== Args={'value': 177, 'prev_value': 176, 'change': 1}
2022-09-25 09:14:13,767 : EventManager : Event: ======'machine_var_audits_shots_lane_top_1'====== Args={'value': 90, 'prev_value': 89, 'change': 1}
2022-09-25 09:14:13,901 : EventManager : Event: ======'machine_var_audits_switches_s_toplane2'====== Args={'value': 94, 'prev_value': 93, 'change': 1}
2022-09-25 09:14:13,913 : EventManager : Event: ======'machine_var_audits_shots_lane_top_2'====== Args={'value': 87, 'prev_value': 86, 'change': 1}
2022-09-25 09:14:14,009 : EventManager : Event: ======'machine_var_audits_switches_s_toplane1'====== Args={'value': 178, 'prev_value': 177, 'change': 1}
2022-09-25 09:14:14,009 : EventManager : Event: ======'machine_var_audits_shots_lane_top_1'====== Args={'value': 91, 'prev_value': 90, 'change': 1}
2022-09-25 09:14:14,021 : EventManager : Event: ======'player_shot_lane_top_1'====== Args={'value': 0, 'prev_value': 1, 'change': -1, 'player_num': 1}
2022-09-25 09:14:14,021 : EventManager : Event: ======'player_shot_lane_top_2'====== Args={'value': 0, 'prev_value': 1, 'change': -1, 'player_num': 1}
2022-09-25 09:14:14,021 : EventManager : Event: ======'player_shot_lane_top_3'====== Args={'value': 0, 'prev_value': 1, 'change': -1, 'player_num': 1}
2022-09-25 09:14:14,118 : EventManager : Event: ======'machine_var_audits_switches_s_toplane2'====== Args={'value': 95, 'prev_value': 94, 'change': 1}
2022-09-25 09:14:14,118 : EventManager : Event: ======'player_shot_lane_top_2'====== Args={'value': 1, 'prev_value': 0, 'change': 1, 'player_num': 1}
2022-09-25 09:14:14,118 : EventManager : Event: ======'machine_var_audits_shots_lane_top_2'====== Args={'value': 88, 'prev_value': 87, 'change': 1}
2022-09-25 09:14:14,266 : EventManager : Event: ======'machine_var_audits_switches_s_toplane1'====== Args={'value': 179, 'prev_value': 178, 'change': 1}
2022-09-25 09:14:14,266 : EventManager : Event: ======'player_shot_lane_top_1'====== Args={'value': 1, 'prev_value': 0, 'change': 1, 'player_num': 1}
2022-09-25 09:14:14,266 : EventManager : Event: ======'machine_var_audits_shots_lane_top_1'====== Args={'value': 92, 'prev_value': 91, 'change': 1}
2022-09-25 09:14:14,376 : EventManager : Event: ======'machine_var_audits_switches_s_toplane2'====== Args={'value': 96, 'prev_value': 95, 'change': 1}
2022-09-25 09:14:14,376 : EventManager : Event: ======'machine_var_audits_shots_lane_top_2'====== Args={'value': 89, 'prev_value': 88, 'change': 1}
2022-09-25 09:14:14,485 : EventManager : Event: ======'machine_var_audits_switches_s_toplane1'====== Args={'value': 180, 'prev_value': 179, 'change': 1}
2022-09-25 09:14:14,485 : EventManager : Event: ======'machine_var_audits_shots_lane_top_1'====== Args={'value': 93, 'prev_value': 92, 'change': 1}
2022-09-25 09:14:14,619 : EventManager : Event: ======'machine_var_audits_switches_s_toplane2'====== Args={'value': 97, 'prev_value': 96, 'change': 1}
2022-09-25 09:14:14,619 : EventManager : Event: ======'machine_var_audits_shots_lane_top_2'====== Args={'value': 90, 'prev_value': 89, 'change': 1}
2022-09-25 09:14:14,800 : EventManager : Event: ======'machine_var_audits_switches_s_toplane1'====== Args={'value': 181, 'prev_value': 180, 'change': 1}
2022-09-25 09:14:14,800 : EventManager : Event: ======'machine_var_audits_shots_lane_top_1'====== Args={'value': 94, 'prev_value': 93, 'change': 1}
2022-09-25 09:14:14,933 : EventManager : Event: ======'machine_var_audits_switches_s_toplane2'====== Args={'value': 98, 'prev_value': 97, 'change': 1}
2022-09-25 09:14:14,933 : EventManager : Event: ======'machine_var_audits_shots_lane_top_2'====== Args={'value': 91, 'prev_value': 90, 'change': 1}
2022-09-25 09:14:15,079 : EventManager : Event: ======'machine_var_audits_switches_s_toplane1'====== Args={'value': 182, 'prev_value': 181, 'change': 1}
2022-09-25 09:14:15,079 : EventManager : Event: ======'machine_var_audits_shots_lane_top_1'====== Args={'value': 95, 'prev_value': 94, 'change': 1}
2022-09-25 09:14:15,249 : EventManager : Event: ======'machine_var_audits_switches_s_toplane2'====== Args={'value': 99, 'prev_value': 98, 'change': 1}
2022-09-25 09:14:15,249 : EventManager : Event: ======'machine_var_audits_shots_lane_top_2'====== Args={'value': 92, 'prev_value': 91, 'change': 1}
2022-09-25 09:14:15,358 : EventManager : Event: ======'machine_var_audits_switches_s_toplane1'====== Args={'value': 183, 'prev_value': 182, 'change': 1}
2022-09-25 09:14:15,358 : EventManager : Event: ======'machine_var_audits_shots_lane_top_1'====== Args={'value': 96, 'prev_value': 95, 'change': 1}
2022-09-25 09:14:15,504 : EventManager : Event: ======'machine_var_audits_switches_s_toplane2'====== Args={'value': 100, 'prev_value': 99, 'change': 1}
2022-09-25 09:14:15,504 : EventManager : Event: ======'machine_var_audits_shots_lane_top_2'====== Args={'value': 93, 'prev_value': 92, 'change': 1}
2022-09-25 09:14:15,629 : EventManager : Event: ======'machine_var_audits_switches_s_toplane1'====== Args={'value': 184, 'prev_value': 183, 'change': 1}
2022-09-25 09:14:15,629 : EventManager : Event: ======'machine_var_audits_shots_lane_top_1'====== Args={'value': 97, 'prev_value': 96, 'change': 1}
2022-09-25 09:14:15,752 : EventManager : Event: ======'machine_var_audits_switches_s_toplane2'====== Args={'value': 101, 'prev_value': 100, 'change': 1}
2022-09-25 09:14:15,752 : EventManager : Event: ======'machine_var_audits_shots_lane_top_2'====== Args={'value': 94, 'prev_value': 93, 'change': 1}
2022-09-25 09:14:15,959 : EventManager : Event: ======'machine_var_audits_switches_s_toplane1'====== Args={'value': 185, 'prev_value': 184, 'change': 1}
2022-09-25 09:14:15,959 : EventManager : Event: ======'machine_var_audits_shots_lane_top_1'====== Args={'value': 98, 'prev_value': 97, 'change': 1}
2022-09-25 09:14:23,269 : EventManager : Event: ======'machine_var_audits_switches_s_toplane3'====== Args={'value': 82, 'prev_value': 81, 'change': 1}
2022-09-25 09:14:23,281 : EventManager : Event: ======'player_shot_lane_top_3'====== Args={'value': 1, 'prev_value': 0, 'change': 1, 'player_num': 1}
2022-09-25 09:14:23,281 : EventManager : Event: ======'machine_var_audits_shots_lane_top_3'====== Args={'value': 75, 'prev_value': 74, 'change': 1}
2022-09-25 09:14:23,281 : EventManager : Event: ======'player_score'====== Args={'value': 17000, 'prev_value': 13000, 'change': 4000, 'player_num': 1}
2022-09-25 09:14:23,281 : EventManager : Event: ======'slides_play'====== Args={'settings': {'my_slide': {'widgets': [{'type': 'text', 'text': 'lane (score)', 'y': '100', 'x': '10', 'number_grouping': True, 'min_digits': 2, 'font_size': 10, 'expire': 2.0, '_default_settings': ['type', 'text', 'y', 'x', 'number_grouping', 'min_digits', 'font_size', 'expire'], 'anchor_x': 'center', 'anchor_y': 'center', 'round_anchor_x': None, 'round_anchor_y': None, 'opacity': 1.0, 'z': 0, 'reset_animations_events': {}, 'color': [1.0, 1.0, 1.0, 1.0], 'style': [], 'adjust_top': 0, 'adjust_bottom': 0, 'adjust_left': 0, 'adjust_right': 0, 'key': None, 'widget': None, 'events_when_added': [], 'events_when_removed': [], 'bitmap_font': False, 'font_kerning': True, 'bold': False, 'italic': False, 'halign': 'center', 'valign': 'middle', 'rotation': 0, 'scale': 1.0, 'casing': None, 'animations': None}], 'target': None, 'background_color': [0.0, 0.0, 0.0, 1.0], 'priority': None, 'show': True, 'force': False, 'expire': None, 'slide': None, 'tokens': {}, 'action': 'play'}}, 'context': 'lanes', 'calling_context': 'lanes_top_complete', 'priority': 110, 'state': 'lit'}
2022-09-25 09:14:23,281 : EventManager : Event: ======'player_pf_multiplier'====== Args={'value': 5, 'prev_value': 4, 'change': 1, 'player_num': 1}
2022-09-25 09:14:23,281 : mpfmc : SlidePlayer: Play called with settings={'my_slide': {'widgets': [{'type': 'text', 'text': 'lane (score)', 'y': '100', 'x': '10', 'number_grouping': True, 'min_digits': 2, 'font_size': 10, 'expire': 2.0, '_default_settings': ['type', 'text', 'y', 'x', 'number_grouping', 'min_digits', 'font_size', 'expire'], 'anchor_x': 'center', 'anchor_y': 'center', 'round_anchor_x': None, 'round_anchor_y': None, 'opacity': 1.0, 'z': 0, 'reset_animations_events': {}, 'color': [1.0, 1.0, 1.0, 1.0], 'style': [], 'adjust_top': 0, 'adjust_bottom': 0, 'adjust_left': 0, 'adjust_right': 0, 'key': None, 'widget': None, 'events_when_added': [], 'events_when_removed': [], 'bitmap_font': False, 'font_kerning': True, 'bold': False, 'italic': False, 'halign': 'center', 'valign': 'middle', 'rotation': 0, 'scale': 1.0, 'casing': None, 'animations': None}], 'target': None, 'background_color': [0.0, 0.0, 0.0, 1.0], 'priority': None, 'show': True, 'force': False, 'expire': None, 'slide': None, 'tokens': {}, 'action': 'play'}}
2022-09-25 09:14:23,282 : EventManager : Event: ======'slide_my_slide_removed'====== Args={}
2022-09-25 09:14:23,284 : EventManager : Event: ======'slide_my_slide_created'====== Args={}
2022-09-25 09:14:23,285 : EventManager : Event: ======'slide_my_slide_active'====== Args={}
2022-09-25 09:14:24,272 : EventManager : Event: ======'player_shot_lane_top_1'====== Args={'value': 0, 'prev_value': 1, 'change': -1, 'player_num': 1}
2022-09-25 09:14:24,272 : EventManager : Event: ======'player_shot_lane_top_2'====== Args={'value': 0, 'prev_value': 1, 'change': -1, 'player_num': 1}
2022-09-25 09:14:24,272 : EventManager : Event: ======'player_shot_lane_top_3'====== Args={'value': 0, 'prev_value': 1, 'change': -1, 'player_num': 1}
2022-09-25 09:14:26,180 : EventManager : Event: ======'machine_var_audits_switches_s_toplane3'====== Args={'value': 83, 'prev_value': 82, 'change': 1}
2022-09-25 09:14:26,192 : EventManager : Event: ======'player_shot_lane_top_3'====== Args={'value': 1, 'prev_value': 0, 'change': 1, 'player_num': 1}
2022-09-25 09:14:26,192 : EventManager : Event: ======'machine_var_audits_shots_lane_top_3'====== Args={'value': 76, 'prev_value': 75, 'change': 1}
2022-09-25 09:14:27,479 : EventManager : Event: ======'machine_var_audits_switches_s_toplane2'====== Args={'value': 102, 'prev_value': 101, 'change': 1}
2022-09-25 09:14:27,479 : EventManager : Event: ======'player_shot_lane_top_2'====== Args={'value': 1, 'prev_value': 0, 'change': 1, 'player_num': 1}
2022-09-25 09:14:27,479 : EventManager : Event: ======'machine_var_audits_shots_lane_top_2'====== Args={'value': 95, 'prev_value': 94, 'change': 1}
2022-09-25 09:14:28,793 : EventManager : Event: ======'machine_var_audits_switches_s_toplane1'====== Args={'value': 186, 'prev_value': 185, 'change': 1}
2022-09-25 09:14:28,805 : EventManager : Event: ======'player_shot_lane_top_1'====== Args={'value': 1, 'prev_value': 0, 'change': 1, 'player_num': 1}
2022-09-25 09:14:28,805 : EventManager : Event: ======'machine_var_audits_shots_lane_top_1'====== Args={'value': 99, 'prev_value': 98, 'change': 1}
2022-09-25 09:14:28,805 : EventManager : Event: ======'player_score'====== Args={'value': 22000, 'prev_value': 17000, 'change': 5000, 'player_num': 1}
2022-09-25 09:14:28,805 : EventManager : Event: ======'slides_play'====== Args={'settings': {'my_slide': {'widgets': [{'type': 'text', 'text': 'lane (score)', 'y': '100', 'x': '10', 'number_grouping': True, 'min_digits': 2, 'font_size': 10, 'expire': 2.0, '_default_settings': ['type', 'text', 'y', 'x', 'number_grouping', 'min_digits', 'font_size', 'expire'], 'anchor_x': 'center', 'anchor_y': 'center', 'round_anchor_x': None, 'round_anchor_y': None, 'opacity': 1.0, 'z': 0, 'reset_animations_events': {}, 'color': [1.0, 1.0, 1.0, 1.0], 'style': [], 'adjust_top': 0, 'adjust_bottom': 0, 'adjust_left': 0, 'adjust_right': 0, 'key': None, 'widget': None, 'events_when_added': [], 'events_when_removed': [], 'bitmap_font': False, 'font_kerning': True, 'bold': False, 'italic': False, 'halign': 'center', 'valign': 'middle', 'rotation': 0, 'scale': 1.0, 'casing': None, 'animations': None}], 'target': None, 'background_color': [0.0, 0.0, 0.0, 1.0], 'priority': None, 'show': True, 'force': False, 'expire': None, 'slide': None, 'tokens': {}, 'action': 'play'}}, 'context': 'lanes', 'calling_context': 'lanes_top_complete', 'priority': 110, 'state': 'lit'}
2022-09-25 09:14:28,806 : EventManager : Event: ======'player_pf_multiplier'====== Args={'value': 10, 'prev_value': 5, 'change': 5, 'player_num': 1}
2022-09-25 09:14:28,806 : mpfmc : SlidePlayer: Play called with settings={'my_slide': {'widgets': [{'type': 'text', 'text': 'lane (score)', 'y': '100', 'x': '10', 'number_grouping': True, 'min_digits': 2, 'font_size': 10, 'expire': 2.0, '_default_settings': ['type', 'text', 'y', 'x', 'number_grouping', 'min_digits', 'font_size', 'expire'], 'anchor_x': 'center', 'anchor_y': 'center', 'round_anchor_x': None, 'round_anchor_y': None, 'opacity': 1.0, 'z': 0, 'reset_animations_events': {}, 'color': [1.0, 1.0, 1.0, 1.0], 'style': [], 'adjust_top': 0, 'adjust_bottom': 0, 'adjust_left': 0, 'adjust_right': 0, 'key': None, 'widget': None, 'events_when_added': [], 'events_when_removed': [], 'bitmap_font': False, 'font_kerning': True, 'bold': False, 'italic': False, 'halign': 'center', 'valign': 'middle', 'rotation': 0, 'scale': 1.0, 'casing': None, 'animations': None}], 'target': None, 'background_color': [0.0, 0.0, 0.0, 1.0], 'priority': None, 'show': True, 'force': False, 'expire': None, 'slide': None, 'tokens': {}, 'action': 'play'}}
2022-09-25 09:14:28,807 : EventManager : Event: ======'slide_my_slide_removed'====== Args={}
2022-09-25 09:14:28,810 : EventManager : Event: ======'slide_my_slide_created'====== Args={}
2022-09-25 09:14:28,812 : EventManager : Event: ======'slide_my_slide_active'====== Args={}
2022-09-25 09:14:29,787 : EventManager : Event: ======'player_shot_lane_top_1'====== Args={'value': 0, 'prev_value': 1, 'change': -1, 'player_num': 1}
2022-09-25 09:14:29,799 : EventManager : Event: ======'player_shot_lane_top_2'====== Args={'value': 0, 'prev_value': 1, 'change': -1, 'player_num': 1}
2022-09-25 09:14:29,799 : EventManager : Event: ======'player_shot_lane_top_3'====== Args={'value': 0, 'prev_value': 1, 'change': -1, 'player_num': 1}
2022-09-25 09:14:47,469 : kivy : Base: Leaving application in progress...
2022-09-25 09:14:47,718 : mpfmc : Stopping...
2022-09-25 09:14:47,718 : EventManager : Event: ======'shutdown'====== Args={}
2022-09-25 09:14:47,718 : AudioInterface : Disabling audio playback
2022-09-25 09:14:47,718 : mpfmc : Loop rate 80.89 Hz
2022-09-25 09:14:47,719 : kivy : MC run loop ended.
2022-09-25 09:14:47,719 : kivy : Stopping child threads... (3 remaining)
2022-09-25 09:14:48,547 : mpfmc : Stopping...
2022-09-25 09:14:48,548 : EventManager : Event: ======'shutdown'====== Args={}
2022-09-25 09:14:48,548 : mpfmc : Loop rate 80.47 Hz
2022-09-25 09:14:48,685 : MPF-MC BCP Server : Stopping BCP sending thread
2022-09-25 09:14:48,700 : kivy : All child threads stopped.
