2022-10-22 07:59:00,453 : kivy : Factory: 186 symbols loaded
2022-10-22 07:59:01,603 : kivy : ImageLoaderFFPy: Using ffpyplayer 4.3.2
2022-10-22 07:59:01,604 : kivy : Image: Providers: img_tex, img_dds, img_sdl2, img_pil, img_ffpyplayer 
2022-10-22 07:59:02,004 : kivy : VideoGstplayer: Using Gstreamer 1.18.0.0
2022-10-22 07:59:02,004 : kivy : Video: Provider: gstplayer
2022-10-22 07:59:02,691 : kivy : Loading MPF-MC controller
2022-10-22 07:59:02,695 : YamlMultifileConfigLoader : Machine config file #1: config
2022-10-22 07:59:02,696 : ConfigProcessor : Config file in cache changed: C:\pinball\Pinball-MPF\mpfv1\config\config
2022-10-22 07:59:02,697 : ConfigProcessor : Loading config from file C:\Users\dorus\AppData\Local\Programs\Python\Python38\lib\site-packages\mpfmc\mcconfig.yaml.
2022-10-22 07:59:02,724 : ConfigProcessor : Loading config: C:\Users\dorus\AppData\Local\Programs\Python\Python38\lib\site-packages\mpfmc\mcconfig.yaml
2022-10-22 07:59:02,724 : ConfigProcessor : Loading config from file C:\pinball\Pinball-MPF\mpfv1\config\config.
2022-10-22 07:59:02,727 : ConfigProcessor : Loading config: C:\pinball\Pinball-MPF\mpfv1\config\config
2022-10-22 07:59:02,753 : ConfigProcessor : Loading config: C:\pinball\Pinball-MPF\mpfv1\config\hardware.yaml
2022-10-22 07:59:02,772 : ConfigProcessor : Loading config: C:\pinball\Pinball-MPF\mpfv1\config\sounds.yaml
2022-10-22 07:59:02,775 : ConfigProcessor : Loading config: C:\pinball\Pinball-MPF\mpfv1\config\display.yaml
2022-10-22 07:59:02,787 : ConfigProcessor : Loading config: C:\pinball\Pinball-MPF\mpfv1\config\keyboard.yaml
2022-10-22 07:59:02,793 : ConfigProcessor : Loading config: C:\pinball\Pinball-MPF\mpfv1\config\slides.yaml
2022-10-22 07:59:02,796 : ConfigProcessor : Loading config: C:\pinball\Pinball-MPF\mpfv1\config\light_shows.yaml
2022-10-22 07:59:02,798 : ConfigProcessor : Config file cache created: C:\Users\dorus\AppData\Local\Temp\2c72eb340730b16858938bc1db8d4d2b.mpf_cache
2022-10-22 07:59:02,798 : ConfigProcessor : Loading config from cache: C:\Users\dorus\AppData\Local\Temp\444cf03b543d197e203cfa23af3f8fc0.mpf_cache
2022-10-22 07:59:02,799 : ConfigProcessor : Loading config from cache: C:\Users\dorus\AppData\Local\Temp\336e6d2601ccb63523c70814805acbf1.mpf_cache
2022-10-22 07:59:02,800 : ConfigProcessor : Loading config from cache: C:\Users\dorus\AppData\Local\Temp\997bf01789d16ed996f231036966dd64.mpf_cache
2022-10-22 07:59:02,801 : ConfigProcessor : Loading config from cache: C:\Users\dorus\AppData\Local\Temp\99703a5eb7b45595525b767565d37410.mpf_cache
2022-10-22 07:59:02,802 : ConfigProcessor : Loading config from cache: C:\Users\dorus\AppData\Local\Temp\3bda3283678547d211760e16eb23b4da.mpf_cache
2022-10-22 07:59:02,803 : mpfmc : Mission Pinball Framework Media Controller v0.55.0
2022-10-22 07:59:02,803 : mpfmc : Mission Pinball Framework Game Engine v0.55.0
2022-10-22 07:59:02,804 : mpfmc : Machine path: C:\pinball\Pinball-MPF\mpfv1
2022-10-22 07:59:02,804 : mpfmc : Starting clock at 60.0Hz
2022-10-22 07:59:02,987 : kivy : Text: Provider: sdl2
2022-10-22 07:59:03,148 : kivy : Window: Provider: sdl2
2022-10-22 07:59:03,568 : kivy : GL: Using the "OpenGL" graphics system
2022-10-22 07:59:03,570 : kivy : GL: GLEW initialization succeeded
2022-10-22 07:59:03,570 : kivy : GL: Backend used <glew>
2022-10-22 07:59:03,570 : kivy : GL: OpenGL version <b'4.6.0 - Build 26.20.100.7372'>
2022-10-22 07:59:03,571 : kivy : GL: OpenGL vendor <b'Intel'>
2022-10-22 07:59:03,571 : kivy : GL: OpenGL renderer <b'Intel(R) UHD Graphics'>
2022-10-22 07:59:03,571 : kivy : GL: OpenGL parsed version: 4, 6
2022-10-22 07:59:03,571 : kivy : GL: Shading version <b'4.60 - Build 26.20.100.7372'>
2022-10-22 07:59:03,571 : kivy : GL: Texture max size <16384>
2022-10-22 07:59:03,571 : kivy : GL: Texture max units <32>
2022-10-22 07:59:03,661 : kivy : Window: auto add sdl2 input provider
2022-10-22 07:59:03,662 : kivy : Window: virtual keyboard not allowed, single mode, not docked
2022-10-22 07:59:06,712 : AudioInterface : Initialized
2022-10-22 07:59:06,712 : AudioInterface : Loaded SDL 2.0.12
2022-10-22 07:59:06,712 : AudioInterface : Loaded SDL_Mixer 2.0.4
2022-10-22 07:59:06,713 : AudioInterface : Loaded GStreamer 1.18.0.0
2022-10-22 07:59:06,713 : AudioInterface : Loaded GLib 2.62.6
2022-10-22 07:59:06,713 : AudioInterface : Settings requested - rate: 44100, channels: 1, buffer: 2048 samples
2022-10-22 07:59:06,713 : AudioInterface : Settings in use - rate: 44100, channels: 1, buffer: 2048 samples (4096 bytes @ 2 bytes per sample)
2022-10-22 07:59:06,713 : SoundSystem : Setting master volume to 0.0
2022-10-22 07:59:06,714 : SoundSystem : master_volume in sound_system is deprecated and will be removed in the future.
2022-10-22 07:59:06,714 : AudioInterface : Enabling audio playback
2022-10-22 07:59:06,718 : kivy : Base: Start application main loop
2022-10-22 07:59:06,718 : EventManager : Event: ======'display_default_initialized'====== Args={}
2022-10-22 07:59:06,734 : mpfmc : Display: Setting 'default' as default display
2022-10-22 07:59:06,742 : mpfmc : ASPECT RATIO MISMATCH: The on-screen window is not the same aspect ratio as the display called 'default'. The logical display will be scaled from 800x600 to the window size 1000x800, and a black bar will make up the difference
2022-10-22 07:59:06,744 : EventManager : Event: ======'displays_initialized'====== Args={}
2022-10-22 07:59:06,745 : EventManager : Event: ======'slide_default_blank_created'====== Args={}
2022-10-22 07:59:06,746 : EventManager : Event: ======'display_default_ready'====== Args={}
2022-10-22 07:59:06,758 : EventManager : Event: ======'init_phase_1'====== Args={}
2022-10-22 07:59:06,761 : EventManager : Event: ======'mc_ready'====== Args={}
2022-10-22 07:59:06,761 : EventManager : Event: ======'init_phase_2'====== Args={}
2022-10-22 07:59:06,763 : EventManager : Event: ======'init_phase_3'====== Args={}
2022-10-22 07:59:06,765 : EventManager : Event: ======'init_phase_4'====== Args={}
2022-10-22 07:59:06,765 : EventManager : Event: ======'init_phase_5'====== Args={}
2022-10-22 07:59:06,765 : EventManager : Event: ======'init_done'====== Args={}
2022-10-22 07:59:06,765 : MPF-MC BCP Server : Starting up on localhost port 5050
2022-10-22 07:59:06,771 : MPF-MC BCP Server : Waiting for a connection...
2022-10-22 07:59:06,771 : mpfmc : SlidePlayer: Play called with settings={'slides': {welcome_slide-None-None: {'priority': None, 'target': None, 'background_color': [0.0, 0.0, 0.0, 1.0], 'show': True, 'force': False, 'expire': None, 'slide': None, 'tokens': {}, 'action': 'play', 'transition': None, 'transition_out': None}}}
2022-10-22 07:59:06,782 : kivy : GL: NPOT texture support is available
2022-10-22 07:59:06,784 : EventManager : Event: ======'slide_welcome_slide_created'====== Args={}
2022-10-22 07:59:06,788 : EventManager : Event: ======'slide_welcome_slide_active'====== Args={}
2022-10-22 07:59:06,794 : EventManager : Event: ======'client_disconnected'====== Args={'host': '127.0.0.1', 'port': 5050}
2022-10-22 07:59:06,991 : MPF-MC BCP Server : Received connection from: 127.0.0.1:55770
2022-10-22 07:59:07,002 : EventManager : Event: ======'client_connected'====== Args={'host': '127.0.0.1', 'port': 55770}
2022-10-22 07:59:07,014 : EventManager : Event: ======'machine_var_credits_string'====== Args={'value': 'FREE PLAY', 'prev_value': None, 'change': True}
2022-10-22 07:59:07,014 : EventManager : Event: ======'machine_var_master_volume'====== Args={'value': 0.5, 'prev_value': None, 'change': True}
2022-10-22 07:59:07,014 : EventManager : Event: ======'machine_var_player1_score'====== Args={'value': 33100, 'prev_value': None, 'change': True}
2022-10-22 07:59:07,014 : EventManager : Event: ======'machine_var_mpf_version'====== Args={'value': 'MPF v0.55.0', 'prev_value': None, 'change': True}
2022-10-22 07:59:07,014 : EventManager : Event: ======'machine_var_mpf_extended_version'====== Args={'value': 'MPF v0.55.0, Config version:5, Show version: 5, BCP version:1.1', 'prev_value': None, 'change': True}
2022-10-22 07:59:07,014 : EventManager : Event: ======'machine_var_python_version'====== Args={'value': '3.8.10', 'prev_value': None, 'change': True}
2022-10-22 07:59:07,014 : EventManager : Event: ======'machine_var_platform'====== Args={'value': 'Windows-10-10.0.19044-SP0', 'prev_value': None, 'change': True}
2022-10-22 07:59:07,014 : EventManager : Event: ======'machine_var_platform_system'====== Args={'value': 'Windows', 'prev_value': None, 'change': True}
2022-10-22 07:59:07,014 : EventManager : Event: ======'machine_var_platform_release'====== Args={'value': '10', 'prev_value': None, 'change': True}
2022-10-22 07:59:07,014 : EventManager : Event: ======'machine_var_platform_version'====== Args={'value': '10.0.19044', 'prev_value': None, 'change': True}
2022-10-22 07:59:07,014 : EventManager : Event: ======'machine_var_platform_machine'====== Args={'value': 'AMD64', 'prev_value': None, 'change': True}
2022-10-22 07:59:07,014 : EventManager : Event: ======'machine_var_mc_version'====== Args={'value': 'MPF-MC v0.55.0', 'prev_value': None, 'change': True}
2022-10-22 07:59:07,015 : EventManager : Event: ======'machine_var_mc_extended_version'====== Args={'value': 'MPF-MC v0.55.0 (config_version=5, BCP v1.1, Requires MPF v0.55.0-dev.49)', 'prev_value': None, 'change': True}
2022-10-22 07:59:07,015 : SoundSystem : Setting master volume to 0.5
2022-10-22 07:59:07,090 : EventManager : Event: ======'machine_var_audits_events_game_ended'====== Args={'value': 0, 'prev_value': None, 'change': True}
2022-10-22 07:59:07,091 : EventManager : Event: ======'machine_var_audits_events_game_started'====== Args={'value': 0, 'prev_value': None, 'change': True}
2022-10-22 07:59:07,092 : EventManager : Event: ======'machine_var_audits_player_score'====== Args={'value': {'average': 26575.0, 'top': [41000, 33100, 31800, 31200, 27600, 20200, 17500, 10200], 'total': 8}, 'prev_value': None, 'change': True}
2022-10-22 07:59:07,092 : EventManager : Event: ======'machine_var_audits_shots_lane_top_1'====== Args={'value': 125, 'prev_value': None, 'change': True}
2022-10-22 07:59:07,092 : EventManager : Event: ======'machine_var_audits_shots_lane_top_2'====== Args={'value': 120, 'prev_value': None, 'change': True}
2022-10-22 07:59:07,092 : EventManager : Event: ======'machine_var_audits_shots_lane_top_3'====== Args={'value': 100, 'prev_value': None, 'change': True}
2022-10-22 07:59:07,092 : EventManager : Event: ======'machine_var_audits_shots_orbit'====== Args={'value': 23, 'prev_value': None, 'change': True}
2022-10-22 07:59:07,092 : EventManager : Event: ======'machine_var_audits_shots_spinner'====== Args={'value': 178, 'prev_value': None, 'change': True}
2022-10-22 07:59:07,092 : EventManager : Event: ======'machine_var_audits_switches_s_bottomlane1'====== Args={'value': 13, 'prev_value': None, 'change': True}
2022-10-22 07:59:07,092 : EventManager : Event: ======'machine_var_audits_switches_s_bottomlane2'====== Args={'value': 27, 'prev_value': None, 'change': True}
2022-10-22 07:59:07,092 : EventManager : Event: ======'machine_var_audits_switches_s_bottomlane3'====== Args={'value': 25, 'prev_value': None, 'change': True}
2022-10-22 07:59:07,092 : EventManager : Event: ======'machine_var_audits_switches_s_bottomlane4'====== Args={'value': 32, 'prev_value': None, 'change': True}
2022-10-22 07:59:07,092 : EventManager : Event: ======'machine_var_audits_switches_s_bottomlane5'====== Args={'value': 10, 'prev_value': None, 'change': True}
2022-10-22 07:59:07,092 : EventManager : Event: ======'machine_var_audits_switches_s_drop1'====== Args={'value': 35, 'prev_value': None, 'change': True}
2022-10-22 07:59:07,092 : EventManager : Event: ======'machine_var_audits_switches_s_drop2'====== Args={'value': 17, 'prev_value': None, 'change': True}
2022-10-22 07:59:07,092 : EventManager : Event: ======'machine_var_audits_switches_s_drop3'====== Args={'value': 15, 'prev_value': None, 'change': True}
2022-10-22 07:59:07,092 : EventManager : Event: ======'machine_var_audits_switches_s_launch'====== Args={'value': 11, 'prev_value': None, 'change': True}
2022-10-22 07:59:07,092 : EventManager : Event: ======'machine_var_audits_switches_s_left01'====== Args={'value': 26, 'prev_value': None, 'change': True}
2022-10-22 07:59:07,093 : EventManager : Event: ======'machine_var_audits_switches_s_left02'====== Args={'value': 27, 'prev_value': None, 'change': True}
2022-10-22 07:59:07,093 : EventManager : Event: ======'machine_var_audits_switches_s_left03'====== Args={'value': 20, 'prev_value': None, 'change': True}
2022-10-22 07:59:07,093 : EventManager : Event: ======'machine_var_audits_switches_s_left_sling'====== Args={'value': 51, 'prev_value': None, 'change': True}
2022-10-22 07:59:07,093 : EventManager : Event: ======'machine_var_audits_switches_s_orbit1'====== Args={'value': 45, 'prev_value': None, 'change': True}
2022-10-22 07:59:07,093 : EventManager : Event: ======'machine_var_audits_switches_s_orbit2'====== Args={'value': 0, 'prev_value': None, 'change': True}
2022-10-22 07:59:07,093 : EventManager : Event: ======'machine_var_audits_switches_s_plunger_lane'====== Args={'value': 89, 'prev_value': None, 'change': True}
2022-10-22 07:59:07,093 : EventManager : Event: ======'machine_var_audits_switches_s_popbumber_1'====== Args={'value': 52, 'prev_value': None, 'change': True}
2022-10-22 07:59:07,093 : EventManager : Event: ======'machine_var_audits_switches_s_popbumber_2'====== Args={'value': 82, 'prev_value': None, 'change': True}
2022-10-22 07:59:07,093 : EventManager : Event: ======'machine_var_audits_switches_s_popbumber_3'====== Args={'value': 31, 'prev_value': None, 'change': True}
2022-10-22 07:59:07,093 : EventManager : Event: ======'machine_var_audits_switches_s_ramp'====== Args={'value': 34, 'prev_value': None, 'change': True}
2022-10-22 07:59:07,093 : EventManager : Event: ======'machine_var_audits_switches_s_right_sling'====== Args={'value': 105, 'prev_value': None, 'change': True}
2022-10-22 07:59:07,093 : EventManager : Event: ======'machine_var_audits_switches_s_rigth01'====== Args={'value': 54, 'prev_value': None, 'change': True}
2022-10-22 07:59:07,093 : EventManager : Event: ======'machine_var_audits_switches_s_rigth02'====== Args={'value': 23, 'prev_value': None, 'change': True}
2022-10-22 07:59:07,093 : EventManager : Event: ======'machine_var_audits_switches_s_rigth03'====== Args={'value': 14, 'prev_value': None, 'change': True}
2022-10-22 07:59:07,094 : EventManager : Event: ======'machine_var_audits_switches_s_spinner'====== Args={'value': 271, 'prev_value': None, 'change': True}
2022-10-22 07:59:07,094 : EventManager : Event: ======'machine_var_audits_switches_s_start'====== Args={'value': 0, 'prev_value': None, 'change': True}
2022-10-22 07:59:07,094 : EventManager : Event: ======'machine_var_audits_switches_s_top'====== Args={'value': 11, 'prev_value': None, 'change': True}
2022-10-22 07:59:07,094 : EventManager : Event: ======'machine_var_audits_switches_s_toplane1'====== Args={'value': 212, 'prev_value': None, 'change': True}
2022-10-22 07:59:07,094 : EventManager : Event: ======'machine_var_audits_switches_s_toplane2'====== Args={'value': 127, 'prev_value': None, 'change': True}
2022-10-22 07:59:07,094 : EventManager : Event: ======'machine_var_audits_switches_s_toplane3'====== Args={'value': 107, 'prev_value': None, 'change': True}
2022-10-22 07:59:07,094 : EventManager : Event: ======'machine_var_audits_switches_s_trough1'====== Args={'value': 31, 'prev_value': None, 'change': True}
2022-10-22 07:59:07,094 : EventManager : Event: ======'machine_var_audits_switches_s_trough2'====== Args={'value': 34, 'prev_value': None, 'change': True}
2022-10-22 07:59:07,094 : EventManager : Event: ======'machine_var_audits_switches_s_trough3'====== Args={'value': 26, 'prev_value': None, 'change': True}
2022-10-22 07:59:07,094 : EventManager : Event: ======'machine_var_audits_switches_s_trough4'====== Args={'value': 39, 'prev_value': None, 'change': True}
2022-10-22 07:59:07,094 : EventManager : Event: ======'machine_var_audits_switches_s_trough5'====== Args={'value': 25, 'prev_value': None, 'change': True}
2022-10-22 07:59:07,094 : EventManager : Event: ======'machine_var_audits_switches_s_trough6'====== Args={'value': 24, 'prev_value': None, 'change': True}
2022-10-22 07:59:07,094 : EventManager : Event: ======'machine_var_audits_switches_s_trough_jam'====== Args={'value': 26, 'prev_value': None, 'change': True}
2022-10-22 07:59:07,094 : EventManager : Event: ======'machine_var_audits_switches_s_vukmid'====== Args={'value': 46, 'prev_value': None, 'change': True}
2022-10-22 07:59:07,094 : EventManager : Event: ======'machine_var_audits_switches_s_vuktop'====== Args={'value': 12, 'prev_value': None, 'change': True}
2022-10-22 07:59:07,103 : EventManager : Event: ======'slides_play'====== Args={'settings': {'welcome_slide': {'target': None, 'background_color': [0.0, 0.0, 0.0, 1.0], 'priority': None, 'show': True, 'force': False, 'expire': None, 'slide': None, 'tokens': {}, 'action': 'play'}}, 'context': '_global', 'calling_context': 'init_done', 'priority': 0}
2022-10-22 07:59:07,103 : EventManager : Event: ======'mc_reset_phase_1'====== Args={}
2022-10-22 07:59:07,103 : mpfmc : SlidePlayer: Play called with settings={'welcome_slide': {'target': None, 'background_color': [0.0, 0.0, 0.0, 1.0], 'priority': None, 'show': True, 'force': False, 'expire': None, 'slide': None, 'tokens': {}, 'action': 'play'}}
2022-10-22 07:59:07,103 : EventManager : Event: ======'slide_welcome_slide_removed'====== Args={}
2022-10-22 07:59:07,105 : EventManager : Event: ======'slide_welcome_slide_created'====== Args={}
2022-10-22 07:59:07,106 : EventManager : Event: ======'mc_reset_phase_2'====== Args={}
2022-10-22 07:59:07,106 : EventManager : Event: ======'mc_reset_phase_3'====== Args={}
2022-10-22 07:59:07,106 : EventManager : Event: ======'mc_reset_complete'====== Args={}
2022-10-22 07:59:07,106 : EventManager : Event: ======'slide_welcome_slide_active'====== Args={}
2022-10-22 07:59:07,115 : EventManager : Event: ======'slides_play'====== Args={'settings': {'awesome_slide': {'transition': {'type': 'push', 'duration': 1.0, 'direction': 'left', 'easing': 'out_quad'}, 'target': None, 'background_color': [0.0, 0.0, 0.0, 1.0], 'priority': None, 'show': True, 'force': False, 'expire': None, 'slide': None, 'tokens': {}, 'action': 'play'}}, 'context': 'show_2', 'calling_context': 0, 'priority': 10, 'show_tokens': {}, 'start_time': 512182.515}
2022-10-22 07:59:07,115 : EventManager : Event: ======'sounds_play'====== Args={'settings': {'musicslow': {'action': 'play', 'loops': -1, 'priority': None, 'block': False, 'delay': None, 'track': None, 'volume': None, 'pan': None, 'start_at': None, 'fade_in': None, 'fade_out': None, 'about_to_finish_time': -1.0, 'max_queue_time': -1.0, 'events_when_played': ['use_sound_setting'], 'events_when_stopped': ['use_sound_setting'], 'events_when_looping': ['use_sound_setting'], 'events_when_about_to_finish': ['use_sound_setting'], 'mode_end_action': 'use_sound_setting', 'key': 'use_sound_setting'}}, 'context': '_global', 'calling_context': 'mode_attract_started', 'priority': 0}
2022-10-22 07:59:07,115 : mpfmc : SlidePlayer: Play called with settings={'awesome_slide': {'transition': {'type': 'push', 'duration': 1.0, 'direction': 'left', 'easing': 'out_quad'}, 'target': None, 'background_color': [0.0, 0.0, 0.0, 1.0], 'priority': None, 'show': True, 'force': False, 'expire': None, 'slide': None, 'tokens': {}, 'action': 'play'}}
2022-10-22 07:59:07,120 : EventManager : Event: ======'slide_awesome_slide_created'====== Args={}
2022-10-22 07:59:07,121 : EventManager : Event: ======'slide_awesome_slide_active'====== Args={}
2022-10-22 07:59:07,184 : EventManager : Event: ======'loading_assets'====== Args={'total': 1, 'loaded': 1, 'remaining': 0, 'percent': 100}
2022-10-22 07:59:07,184 : AssetManager : Asset loading took: 0.4696934223175049
2022-10-22 07:59:07,184 : EventManager : Event: ======'asset_loading_complete'====== Args={}
2022-10-22 07:59:07,184 : AssetManager : Loading assets: 1/1 (100%)
2022-10-22 07:59:10,098 : EventManager : Event: ======'slides_play'====== Args={'settings': {'press_start': {'transition': {'type': 'move_in', 'duration': 1.0, 'direction': 'right', 'easing': 'out_quad'}, 'target': None, 'background_color': [0.0, 0.0, 0.0, 1.0], 'priority': None, 'show': True, 'force': False, 'expire': None, 'slide': None, 'tokens': {}, 'action': 'play'}}, 'context': 'show_2', 'calling_context': 1, 'priority': 10, 'show_tokens': {}, 'start_time': 512185.515}
2022-10-22 07:59:10,098 : mpfmc : SlidePlayer: Play called with settings={'press_start': {'transition': {'type': 'move_in', 'duration': 1.0, 'direction': 'right', 'easing': 'out_quad'}, 'target': None, 'background_color': [0.0, 0.0, 0.0, 1.0], 'priority': None, 'show': True, 'force': False, 'expire': None, 'slide': None, 'tokens': {}, 'action': 'play'}}
2022-10-22 07:59:10,104 : EventManager : Event: ======'slide_press_start_created'====== Args={}
2022-10-22 07:59:10,105 : EventManager : Event: ======'slide_press_start_active'====== Args={}
2022-10-22 07:59:11,828 : EventManager : Event: ======'game_started'====== Args={}
2022-10-22 07:59:11,840 : EventManager : Event: ======'slides_clear'====== Args={'context': 'show_2'}
2022-10-22 07:59:11,840 : EventManager : Event: ======'sounds_play'====== Args={'settings': {'musicslow': {'action': 'stop', 'priority': None, 'block': False, 'delay': None, 'track': None, 'volume': None, 'pan': None, 'loops': None, 'start_at': None, 'fade_in': None, 'fade_out': None, 'about_to_finish_time': -1.0, 'max_queue_time': -1.0, 'events_when_played': ['use_sound_setting'], 'events_when_stopped': ['use_sound_setting'], 'events_when_looping': ['use_sound_setting'], 'events_when_about_to_finish': ['use_sound_setting'], 'mode_end_action': 'use_sound_setting', 'key': 'use_sound_setting'}}, 'context': '_global', 'calling_context': 'mode_attract_stopped', 'priority': 0}
2022-10-22 07:59:11,840 : EventManager : Event: ======'player_added'====== Args={'player': <Player 1>, 'num': 1}
2022-10-22 07:59:11,841 : EventManager : Event: ======'player_index'====== Args={'value': 0, 'prev_value': 0, 'change': 0, 'player_num': 1}
2022-10-22 07:59:11,841 : EventManager : Event: ======'player_number'====== Args={'value': 1, 'prev_value': 1, 'change': 0, 'player_num': 1}
2022-10-22 07:59:11,841 : EventManager : Event: ======'player_score'====== Args={'value': 0, 'prev_value': 0, 'change': 0, 'player_num': 1}
2022-10-22 07:59:11,841 : EventManager : Event: ======'slide_awesome_slide_removed'====== Args={}
2022-10-22 07:59:11,841 : EventManager : Event: ======'slide_press_start_removed'====== Args={}
2022-10-22 07:59:11,842 : EventManager : Event: ======'slide_welcome_slide_active'====== Args={}
2022-10-22 07:59:11,865 : EventManager : Event: ======'player_ball'====== Args={'value': 1, 'prev_value': 0, 'change': 1, 'player_num': 1}
2022-10-22 07:59:11,865 : EventManager : Event: ======'player_turn_start'====== Args={'number': 1, 'player': <Player 1>}
2022-10-22 07:59:11,865 : EventManager : Event: ======'player_shot_spinner_enabled'====== Args={'value': True, 'prev_value': 0, 'change': 1, 'player_num': 1}
2022-10-22 07:59:11,865 : EventManager : Event: ======'player_shot_orbit_enabled'====== Args={'value': True, 'prev_value': 0, 'change': 1, 'player_num': 1}
2022-10-22 07:59:11,866 : EventManager : Event: ======'slides_play'====== Args={'settings': {'widgets': {'widgets': [{'type': 'text', 'text': '(score)', 'number_grouping': True, 'min_digits': 2, 'font_size': 100, '_default_settings': ['type', 'text', 'number_grouping', 'min_digits', 'font_size'], 'x': None, 'y': None, 'anchor_x': 'center', 'anchor_y': 'center', 'round_anchor_x': None, 'round_anchor_y': None, 'opacity': 1.0, 'z': 0, 'reset_animations_events': {}, 'color': [1.0, 1.0, 1.0, 1.0], 'style': [], 'adjust_top': 0, 'adjust_bottom': 0, 'adjust_left': 0, 'adjust_right': 0, 'expire': None, 'key': None, 'widget': None, 'events_when_added': [], 'events_when_removed': [], 'bitmap_font': False, 'font_kerning': True, 'bold': False, 'italic': False, 'halign': 'center', 'valign': 'middle', 'rotation': 0, 'scale': 1.0, 'casing': None, 'animations': None}, {'type': 'text', 'text': 'PLAYER (number)', 'y': '10', 'x': '10', 'font_size': 50, 'anchor_x': 'left', 'anchor_y': 'bottom', '_default_settings': ['type', 'text', 'y', 'x', 'font_size', 'anchor_x', 'anchor_y'], 'round_anchor_x': None, 'round_anchor_y': None, 'opacity': 1.0, 'z': 0, 'reset_animations_events': {}, 'color': [1.0, 1.0, 1.0, 1.0], 'style': [], 'adjust_top': 0, 'adjust_bottom': 0, 'adjust_left': 0, 'adjust_right': 0, 'expire': None, 'key': None, 'widget': None, 'events_when_added': [], 'events_when_removed': [], 'bitmap_font': False, 'font_kerning': True, 'bold': False, 'italic': False, 'number_grouping': False, 'min_digits': 0, 'halign': 'center', 'valign': 'middle', 'rotation': 0, 'scale': 1.0, 'casing': None, 'animations': None}, {'type': 'text', 'text': 'BALL (ball)', 'y': '10', 'x': 'right-10', 'anchor_x': 'right', 'anchor_y': 'bottom', 'font_size': 50, '_default_settings': ['type', 'text', 'y', 'x', 'anchor_x', 'anchor_y', 'font_size'], 'round_anchor_x': None, 'round_anchor_y': None, 'opacity': 1.0, 'z': 0, 'reset_animations_events': {}, 'color': [1.0, 1.0, 1.0, 1.0], 'style': [], 'adjust_top': 0, 'adjust_bottom': 0, 'adjust_left': 0, 'adjust_right': 0, 'expire': None, 'key': None, 'widget': None, 'events_when_added': [], 'events_when_removed': [], 'bitmap_font': False, 'font_kerning': True, 'bold': False, 'italic': False, 'number_grouping': False, 'min_digits': 0, 'halign': 'center', 'valign': 'middle', 'rotation': 0, 'scale': 1.0, 'casing': None, 'animations': None}], 'target': None, 'background_color': [0.0, 0.0, 0.0, 1.0], 'priority': None, 'show': True, 'force': False, 'expire': None, 'slide': None, 'tokens': {}, 'action': 'play'}}, 'context': 'base', 'calling_context': 'mode_base_started', 'priority': 100, 'queue': '<QueuedEvent>', 'player': 1, 'ball': 1, 'balls_remaining': 2, 'is_extra_ball': False}
2022-10-22 07:59:11,866 : EventManager : Event: ======'sounds_play'====== Args={'settings': {'musicfast': {'action': 'play', 'loops': -1, 'priority': None, 'block': False, 'delay': None, 'track': None, 'volume': None, 'pan': None, 'start_at': None, 'fade_in': None, 'fade_out': None, 'about_to_finish_time': -1.0, 'max_queue_time': -1.0, 'events_when_played': ['use_sound_setting'], 'events_when_stopped': ['use_sound_setting'], 'events_when_looping': ['use_sound_setting'], 'events_when_about_to_finish': ['use_sound_setting'], 'mode_end_action': 'use_sound_setting', 'key': 'use_sound_setting'}}, 'context': '_global', 'calling_context': 'mode_base_started', 'priority': 0, 'queue': '<QueuedEvent>', 'player': 1, 'ball': 1, 'balls_remaining': 2, 'is_extra_ball': False}
2022-10-22 07:59:11,866 : mpfmc : SlidePlayer: Play called with settings={'widgets': {'widgets': [{'type': 'text', 'text': '(score)', 'number_grouping': True, 'min_digits': 2, 'font_size': 100, '_default_settings': ['type', 'text', 'number_grouping', 'min_digits', 'font_size'], 'x': None, 'y': None, 'anchor_x': 'center', 'anchor_y': 'center', 'round_anchor_x': None, 'round_anchor_y': None, 'opacity': 1.0, 'z': 0, 'reset_animations_events': {}, 'color': [1.0, 1.0, 1.0, 1.0], 'style': [], 'adjust_top': 0, 'adjust_bottom': 0, 'adjust_left': 0, 'adjust_right': 0, 'expire': None, 'key': None, 'widget': None, 'events_when_added': [], 'events_when_removed': [], 'bitmap_font': False, 'font_kerning': True, 'bold': False, 'italic': False, 'halign': 'center', 'valign': 'middle', 'rotation': 0, 'scale': 1.0, 'casing': None, 'animations': None}, {'type': 'text', 'text': 'PLAYER (number)', 'y': '10', 'x': '10', 'font_size': 50, 'anchor_x': 'left', 'anchor_y': 'bottom', '_default_settings': ['type', 'text', 'y', 'x', 'font_size', 'anchor_x', 'anchor_y'], 'round_anchor_x': None, 'round_anchor_y': None, 'opacity': 1.0, 'z': 0, 'reset_animations_events': {}, 'color': [1.0, 1.0, 1.0, 1.0], 'style': [], 'adjust_top': 0, 'adjust_bottom': 0, 'adjust_left': 0, 'adjust_right': 0, 'expire': None, 'key': None, 'widget': None, 'events_when_added': [], 'events_when_removed': [], 'bitmap_font': False, 'font_kerning': True, 'bold': False, 'italic': False, 'number_grouping': False, 'min_digits': 0, 'halign': 'center', 'valign': 'middle', 'rotation': 0, 'scale': 1.0, 'casing': None, 'animations': None}, {'type': 'text', 'text': 'BALL (ball)', 'y': '10', 'x': 'right-10', 'anchor_x': 'right', 'anchor_y': 'bottom', 'font_size': 50, '_default_settings': ['type', 'text', 'y', 'x', 'anchor_x', 'anchor_y', 'font_size'], 'round_anchor_x': None, 'round_anchor_y': None, 'opacity': 1.0, 'z': 0, 'reset_animations_events': {}, 'color': [1.0, 1.0, 1.0, 1.0], 'style': [], 'adjust_top': 0, 'adjust_bottom': 0, 'adjust_left': 0, 'adjust_right': 0, 'expire': None, 'key': None, 'widget': None, 'events_when_added': [], 'events_when_removed': [], 'bitmap_font': False, 'font_kerning': True, 'bold': False, 'italic': False, 'number_grouping': False, 'min_digits': 0, 'halign': 'center', 'valign': 'middle', 'rotation': 0, 'scale': 1.0, 'casing': None, 'animations': None}], 'target': None, 'background_color': [0.0, 0.0, 0.0, 1.0], 'priority': None, 'show': True, 'force': False, 'expire': None, 'slide': None, 'tokens': {}, 'action': 'play'}}
2022-10-22 07:59:11,875 : EventManager : Event: ======'slide_base.slide_player-mode_base_started_created'====== Args={}
2022-10-22 07:59:11,877 : EventManager : Event: ======'slide_base.slide_player-mode_base_started_active'====== Args={}
2022-10-22 07:59:11,915 : EventManager : Event: ======'player_shot_lane_top_1_enabled'====== Args={'value': True, 'prev_value': 0, 'change': 1, 'player_num': 1}
2022-10-22 07:59:11,915 : EventManager : Event: ======'player_shot_lane_top_2_enabled'====== Args={'value': True, 'prev_value': 0, 'change': 1, 'player_num': 1}
2022-10-22 07:59:11,915 : EventManager : Event: ======'player_shot_lane_top_3_enabled'====== Args={'value': True, 'prev_value': 0, 'change': 1, 'player_num': 1}
2022-10-22 07:59:11,916 : EventManager : Event: ======'player_pf_multiplier'====== Args={'value': 1, 'prev_value': 0, 'change': 1, 'player_num': 1}
2022-10-22 07:59:11,916 : EventManager : Event: ======'loading_assets'====== Args={'total': 1, 'loaded': 1, 'remaining': 0, 'percent': 100}
2022-10-22 07:59:11,916 : AssetManager : Asset loading took: 5.2021989822387695
2022-10-22 07:59:11,916 : EventManager : Event: ======'asset_loading_complete'====== Args={}
2022-10-22 07:59:11,916 : AssetManager : Loading assets: 1/1 (100%)
2022-10-22 07:59:12,029 : EventManager : Event: ======'machine_var_audits_switches_s_plunger_lane'====== Args={'value': 90, 'prev_value': 89, 'change': 1}
2022-10-22 07:59:17,755 : kivy : Base: Leaving application in progress...
2022-10-22 07:59:17,927 : mpfmc : Stopping...
2022-10-22 07:59:17,927 : EventManager : Event: ======'shutdown'====== Args={}
2022-10-22 07:59:17,927 : AudioInterface : Disabling audio playback
2022-10-22 07:59:17,927 : mpfmc : Loop rate 79.22 Hz
2022-10-22 07:59:17,927 : kivy : MC run loop ended.
2022-10-22 07:59:17,928 : kivy : Stopping child threads... (3 remaining)
2022-10-22 07:59:18,504 : mpfmc : Stopping...
2022-10-22 07:59:18,504 : EventManager : Event: ======'shutdown'====== Args={}
2022-10-22 07:59:18,504 : mpfmc : Loop rate 75.34 Hz
2022-10-22 07:59:18,531 : MPF-MC BCP Server : Stopping BCP sending thread
2022-10-22 07:59:19,013 : kivy : All child threads stopped.
