2022-10-22 16:05:29,313 : kivy : Factory: 186 symbols loaded
2022-10-22 16:05:29,526 : kivy : ImageLoaderFFPy: Using ffpyplayer 4.3.2
2022-10-22 16:05:29,527 : kivy : Image: Providers: img_tex, img_dds, img_sdl2, img_pil, img_ffpyplayer 
2022-10-22 16:05:29,610 : kivy : VideoGstplayer: Using Gstreamer 1.18.0.0
2022-10-22 16:05:29,611 : kivy : Video: Provider: gstplayer
2022-10-22 16:05:30,075 : kivy : Loading MPF-MC controller
2022-10-22 16:05:30,078 : YamlMultifileConfigLoader : Machine config file #1: config
2022-10-22 16:05:30,078 : ConfigProcessor : Config file in cache changed: C:\Users\dorus\OneDrive\Documents\Pinball\Github\Pinball-MPF\mpfv1\config\config
2022-10-22 16:05:30,079 : ConfigProcessor : Loading config from file C:\Users\dorus\AppData\Local\Programs\Python\Python38\lib\site-packages\mpfmc\mcconfig.yaml.
2022-10-22 16:05:30,124 : ConfigProcessor : Loading config: C:\Users\dorus\AppData\Local\Programs\Python\Python38\lib\site-packages\mpfmc\mcconfig.yaml
2022-10-22 16:05:30,125 : ConfigProcessor : Loading config from file C:\Users\dorus\OneDrive\Documents\Pinball\Github\Pinball-MPF\mpfv1\config\config.
2022-10-22 16:05:30,130 : ConfigProcessor : Loading config: C:\Users\dorus\OneDrive\Documents\Pinball\Github\Pinball-MPF\mpfv1\config\config
2022-10-22 16:05:30,188 : ConfigProcessor : Loading config: C:\Users\dorus\OneDrive\Documents\Pinball\Github\Pinball-MPF\mpfv1\config\hardware.yaml
2022-10-22 16:05:30,213 : ConfigProcessor : Loading config: C:\Users\dorus\OneDrive\Documents\Pinball\Github\Pinball-MPF\mpfv1\config\sounds.yaml
2022-10-22 16:05:30,220 : ConfigProcessor : Loading config: C:\Users\dorus\OneDrive\Documents\Pinball\Github\Pinball-MPF\mpfv1\config\display.yaml
2022-10-22 16:05:30,242 : ConfigProcessor : Loading config: C:\Users\dorus\OneDrive\Documents\Pinball\Github\Pinball-MPF\mpfv1\config\keyboard.yaml
2022-10-22 16:05:30,258 : ConfigProcessor : Loading config: C:\Users\dorus\OneDrive\Documents\Pinball\Github\Pinball-MPF\mpfv1\config\slides.yaml
2022-10-22 16:05:30,261 : ConfigProcessor : Loading config: C:\Users\dorus\OneDrive\Documents\Pinball\Github\Pinball-MPF\mpfv1\config\light_shows.yaml
2022-10-22 16:05:30,264 : ConfigProcessor : Config file cache created: C:\Users\dorus\AppData\Local\Temp\7e51f468519621fe47191f26eea0f791.mpf_cache
2022-10-22 16:05:30,265 : ConfigProcessor : Loading config from cache: C:\Users\dorus\AppData\Local\Temp\69e5e641cece6cfbb9f28306d01595e4.mpf_cache
2022-10-22 16:05:30,266 : ConfigProcessor : Loading config from cache: C:\Users\dorus\AppData\Local\Temp\336e6d2601ccb63523c70814805acbf1.mpf_cache
2022-10-22 16:05:30,267 : ConfigProcessor : Loading config from cache: C:\Users\dorus\AppData\Local\Temp\8f8558ef7eb783a34103d845cb15f27a.mpf_cache
2022-10-22 16:05:30,267 : ConfigProcessor : Loading config from cache: C:\Users\dorus\AppData\Local\Temp\3f4ec0fd6e14e835699e1ee64ae7815f.mpf_cache
2022-10-22 16:05:30,268 : ConfigProcessor : Loading config from cache: C:\Users\dorus\AppData\Local\Temp\07450fdcdb716b1c510f1f1f728b03da.mpf_cache
2022-10-22 16:05:30,268 : mpfmc : Mission Pinball Framework Media Controller v0.55.0
2022-10-22 16:05:30,268 : mpfmc : Mission Pinball Framework Game Engine v0.55.0
2022-10-22 16:05:30,268 : mpfmc : Machine path: C:\Users\dorus\OneDrive\Documents\Pinball\Github\Pinball-MPF\mpfv1
2022-10-22 16:05:30,268 : mpfmc : Starting clock at 60.0Hz
2022-10-22 16:05:30,289 : kivy : Text: Provider: sdl2
2022-10-22 16:05:30,356 : kivy : Window: Provider: sdl2
2022-10-22 16:05:30,524 : kivy : GL: Using the "OpenGL" graphics system
2022-10-22 16:05:30,527 : kivy : GL: GLEW initialization succeeded
2022-10-22 16:05:30,528 : kivy : GL: Backend used <glew>
2022-10-22 16:05:30,528 : kivy : GL: OpenGL version <b'4.6.0 - Build 26.20.100.7372'>
2022-10-22 16:05:30,528 : kivy : GL: OpenGL vendor <b'Intel'>
2022-10-22 16:05:30,528 : kivy : GL: OpenGL renderer <b'Intel(R) UHD Graphics'>
2022-10-22 16:05:30,529 : kivy : GL: OpenGL parsed version: 4, 6
2022-10-22 16:05:30,529 : kivy : GL: Shading version <b'4.60 - Build 26.20.100.7372'>
2022-10-22 16:05:30,529 : kivy : GL: Texture max size <16384>
2022-10-22 16:05:30,529 : kivy : GL: Texture max units <32>
2022-10-22 16:05:30,624 : kivy : Window: auto add sdl2 input provider
2022-10-22 16:05:30,626 : kivy : Window: virtual keyboard not allowed, single mode, not docked
2022-10-22 16:05:30,880 : AudioInterface : Initialized
2022-10-22 16:05:30,880 : AudioInterface : Loaded SDL 2.0.12
2022-10-22 16:05:30,880 : AudioInterface : Loaded SDL_Mixer 2.0.4
2022-10-22 16:05:30,880 : AudioInterface : Loaded GStreamer 1.18.0.0
2022-10-22 16:05:30,880 : AudioInterface : Loaded GLib 2.62.6
2022-10-22 16:05:30,880 : AudioInterface : Settings requested - rate: 44100, channels: 1, buffer: 2048 samples
2022-10-22 16:05:30,880 : AudioInterface : Settings in use - rate: 44100, channels: 1, buffer: 2048 samples (4096 bytes @ 2 bytes per sample)
2022-10-22 16:05:30,881 : SoundSystem : Setting master volume to 0.0
2022-10-22 16:05:30,881 : SoundSystem : master_volume in sound_system is deprecated and will be removed in the future.
2022-10-22 16:05:30,881 : AudioInterface : Enabling audio playback
2022-10-22 16:05:30,882 : kivy : Base: Start application main loop
2022-10-22 16:05:30,883 : EventManager : Event: ======'display_default_initialized'====== Args={}
2022-10-22 16:05:30,897 : mpfmc : Display: Setting 'default' as default display
2022-10-22 16:05:30,904 : mpfmc : ASPECT RATIO MISMATCH: The on-screen window is not the same aspect ratio as the display called 'default'. The logical display will be scaled from 800x600 to the window size 1000x800, and a black bar will make up the difference
2022-10-22 16:05:30,907 : EventManager : Event: ======'displays_initialized'====== Args={}
2022-10-22 16:05:30,908 : EventManager : Event: ======'slide_default_blank_created'====== Args={}
2022-10-22 16:05:30,908 : EventManager : Event: ======'display_default_ready'====== Args={}
2022-10-22 16:05:30,917 : EventManager : Event: ======'init_phase_1'====== Args={}
2022-10-22 16:05:30,922 : EventManager : Event: ======'mc_ready'====== Args={}
2022-10-22 16:05:30,923 : EventManager : Event: ======'init_phase_2'====== Args={}
2022-10-22 16:05:30,925 : EventManager : Event: ======'init_phase_3'====== Args={}
2022-10-22 16:05:30,927 : EventManager : Event: ======'init_phase_4'====== Args={}
2022-10-22 16:05:30,927 : EventManager : Event: ======'init_phase_5'====== Args={}
2022-10-22 16:05:30,927 : EventManager : Event: ======'init_done'====== Args={}
2022-10-22 16:05:30,927 : MPF-MC BCP Server : Starting up on localhost port 5050
2022-10-22 16:05:30,932 : MPF-MC BCP Server : Waiting for a connection...
2022-10-22 16:05:30,932 : mpfmc : SlidePlayer: Play called with settings={'slides': {welcome_slide-None-None: {'priority': None, 'target': None, 'background_color': [0.0, 0.0, 0.0, 1.0], 'show': True, 'force': False, 'expire': None, 'slide': None, 'tokens': {}, 'action': 'play', 'transition': None, 'transition_out': None}}}
2022-10-22 16:05:30,935 : kivy : GL: NPOT texture support is available
2022-10-22 16:05:30,936 : EventManager : Event: ======'slide_welcome_slide_created'====== Args={}
2022-10-22 16:05:30,940 : EventManager : Event: ======'slide_welcome_slide_active'====== Args={}
2022-10-22 16:05:30,945 : EventManager : Event: ======'client_disconnected'====== Args={'host': '127.0.0.1', 'port': 5050}
2022-10-22 16:05:31,480 : MPF-MC BCP Server : Received connection from: 127.0.0.1:51023
2022-10-22 16:05:31,493 : EventManager : Event: ======'client_connected'====== Args={'host': '127.0.0.1', 'port': 51023}
2022-10-22 16:05:31,568 : EventManager : Event: ======'machine_var_credits_string'====== Args={'value': 'FREE PLAY', 'prev_value': None, 'change': True}
2022-10-22 16:05:31,568 : EventManager : Event: ======'machine_var_master_volume'====== Args={'value': 0.5, 'prev_value': None, 'change': True}
2022-10-22 16:05:31,568 : EventManager : Event: ======'machine_var_player1_score'====== Args={'value': 0, 'prev_value': None, 'change': True}
2022-10-22 16:05:31,568 : EventManager : Event: ======'machine_var_mpf_version'====== Args={'value': 'MPF v0.55.0', 'prev_value': None, 'change': True}
2022-10-22 16:05:31,568 : EventManager : Event: ======'machine_var_mpf_extended_version'====== Args={'value': 'MPF v0.55.0, Config version:5, Show version: 5, BCP version:1.1', 'prev_value': None, 'change': True}
2022-10-22 16:05:31,568 : EventManager : Event: ======'machine_var_python_version'====== Args={'value': '3.8.10', 'prev_value': None, 'change': True}
2022-10-22 16:05:31,568 : EventManager : Event: ======'machine_var_platform'====== Args={'value': 'Windows-10-10.0.19044-SP0', 'prev_value': None, 'change': True}
2022-10-22 16:05:31,568 : EventManager : Event: ======'machine_var_platform_system'====== Args={'value': 'Windows', 'prev_value': None, 'change': True}
2022-10-22 16:05:31,568 : EventManager : Event: ======'machine_var_platform_release'====== Args={'value': '10', 'prev_value': None, 'change': True}
2022-10-22 16:05:31,569 : EventManager : Event: ======'machine_var_platform_version'====== Args={'value': '10.0.19044', 'prev_value': None, 'change': True}
2022-10-22 16:05:31,569 : EventManager : Event: ======'machine_var_platform_machine'====== Args={'value': 'AMD64', 'prev_value': None, 'change': True}
2022-10-22 16:05:31,569 : EventManager : Event: ======'machine_var_mc_version'====== Args={'value': 'MPF-MC v0.55.0', 'prev_value': None, 'change': True}
2022-10-22 16:05:31,569 : EventManager : Event: ======'machine_var_mc_extended_version'====== Args={'value': 'MPF-MC v0.55.0 (config_version=5, BCP v1.1, Requires MPF v0.55.0-dev.49)', 'prev_value': None, 'change': True}
2022-10-22 16:05:31,570 : SoundSystem : Setting master volume to 0.5
2022-10-22 16:05:31,580 : EventManager : Event: ======'machine_var_audits_events_game_ended'====== Args={'value': 0, 'prev_value': None, 'change': True}
2022-10-22 16:05:31,593 : EventManager : Event: ======'machine_var_audits_events_game_started'====== Args={'value': 0, 'prev_value': None, 'change': True}
2022-10-22 16:05:31,593 : EventManager : Event: ======'machine_var_audits_player_score'====== Args={'value': {'average': 23622.222222222223, 'top': [41000, 33100, 31800, 31200, 27600, 20200, 17500, 10200, 0], 'total': 9}, 'prev_value': None, 'change': True}
2022-10-22 16:05:31,593 : EventManager : Event: ======'machine_var_audits_shots_lane_top_1'====== Args={'value': 130, 'prev_value': None, 'change': True}
2022-10-22 16:05:31,593 : EventManager : Event: ======'machine_var_audits_shots_lane_top_2'====== Args={'value': 122, 'prev_value': None, 'change': True}
2022-10-22 16:05:31,593 : EventManager : Event: ======'machine_var_audits_shots_lane_top_3'====== Args={'value': 102, 'prev_value': None, 'change': True}
2022-10-22 16:05:31,593 : EventManager : Event: ======'machine_var_audits_shots_orbit'====== Args={'value': 23, 'prev_value': None, 'change': True}
2022-10-22 16:05:31,593 : EventManager : Event: ======'machine_var_audits_shots_spinner'====== Args={'value': 178, 'prev_value': None, 'change': True}
2022-10-22 16:05:31,593 : EventManager : Event: ======'machine_var_audits_switches_s_bottomlane1'====== Args={'value': 15, 'prev_value': None, 'change': True}
2022-10-22 16:05:31,593 : EventManager : Event: ======'machine_var_audits_switches_s_bottomlane2'====== Args={'value': 28, 'prev_value': None, 'change': True}
2022-10-22 16:05:31,593 : EventManager : Event: ======'machine_var_audits_switches_s_bottomlane3'====== Args={'value': 26, 'prev_value': None, 'change': True}
2022-10-22 16:05:31,593 : EventManager : Event: ======'machine_var_audits_switches_s_bottomlane4'====== Args={'value': 33, 'prev_value': None, 'change': True}
2022-10-22 16:05:31,593 : EventManager : Event: ======'machine_var_audits_switches_s_bottomlane5'====== Args={'value': 13, 'prev_value': None, 'change': True}
2022-10-22 16:05:31,593 : EventManager : Event: ======'machine_var_audits_switches_s_drop1'====== Args={'value': 35, 'prev_value': None, 'change': True}
2022-10-22 16:05:31,593 : EventManager : Event: ======'machine_var_audits_switches_s_drop2'====== Args={'value': 17, 'prev_value': None, 'change': True}
2022-10-22 16:05:31,594 : EventManager : Event: ======'machine_var_audits_switches_s_drop3'====== Args={'value': 15, 'prev_value': None, 'change': True}
2022-10-22 16:05:31,594 : EventManager : Event: ======'machine_var_audits_switches_s_launch'====== Args={'value': 11, 'prev_value': None, 'change': True}
2022-10-22 16:05:31,594 : EventManager : Event: ======'machine_var_audits_switches_s_left01'====== Args={'value': 26, 'prev_value': None, 'change': True}
2022-10-22 16:05:31,594 : EventManager : Event: ======'machine_var_audits_switches_s_left02'====== Args={'value': 27, 'prev_value': None, 'change': True}
2022-10-22 16:05:31,594 : EventManager : Event: ======'machine_var_audits_switches_s_left03'====== Args={'value': 20, 'prev_value': None, 'change': True}
2022-10-22 16:05:31,594 : EventManager : Event: ======'machine_var_audits_switches_s_left_sling'====== Args={'value': 55, 'prev_value': None, 'change': True}
2022-10-22 16:05:31,594 : EventManager : Event: ======'machine_var_audits_switches_s_orbit1'====== Args={'value': 45, 'prev_value': None, 'change': True}
2022-10-22 16:05:31,594 : EventManager : Event: ======'machine_var_audits_switches_s_orbit2'====== Args={'value': 0, 'prev_value': None, 'change': True}
2022-10-22 16:05:31,594 : EventManager : Event: ======'machine_var_audits_switches_s_plunger_lane'====== Args={'value': 96, 'prev_value': None, 'change': True}
2022-10-22 16:05:31,594 : EventManager : Event: ======'machine_var_audits_switches_s_popbumber_1'====== Args={'value': 58, 'prev_value': None, 'change': True}
2022-10-22 16:05:31,594 : EventManager : Event: ======'machine_var_audits_switches_s_popbumber_2'====== Args={'value': 94, 'prev_value': None, 'change': True}
2022-10-22 16:05:31,594 : EventManager : Event: ======'machine_var_audits_switches_s_popbumber_3'====== Args={'value': 35, 'prev_value': None, 'change': True}
2022-10-22 16:05:31,594 : EventManager : Event: ======'machine_var_audits_switches_s_ramp'====== Args={'value': 34, 'prev_value': None, 'change': True}
2022-10-22 16:05:31,594 : EventManager : Event: ======'machine_var_audits_switches_s_right_sling'====== Args={'value': 109, 'prev_value': None, 'change': True}
2022-10-22 16:05:31,594 : EventManager : Event: ======'machine_var_audits_switches_s_rigth01'====== Args={'value': 54, 'prev_value': None, 'change': True}
2022-10-22 16:05:31,594 : EventManager : Event: ======'machine_var_audits_switches_s_rigth02'====== Args={'value': 23, 'prev_value': None, 'change': True}
2022-10-22 16:05:31,595 : EventManager : Event: ======'machine_var_audits_switches_s_rigth03'====== Args={'value': 14, 'prev_value': None, 'change': True}
2022-10-22 16:05:31,595 : EventManager : Event: ======'machine_var_audits_switches_s_spinner'====== Args={'value': 271, 'prev_value': None, 'change': True}
2022-10-22 16:05:31,595 : EventManager : Event: ======'machine_var_audits_switches_s_start'====== Args={'value': 0, 'prev_value': None, 'change': True}
2022-10-22 16:05:31,595 : EventManager : Event: ======'machine_var_audits_switches_s_top'====== Args={'value': 11, 'prev_value': None, 'change': True}
2022-10-22 16:05:31,595 : EventManager : Event: ======'machine_var_audits_switches_s_toplane1'====== Args={'value': 217, 'prev_value': None, 'change': True}
2022-10-22 16:05:31,595 : EventManager : Event: ======'machine_var_audits_switches_s_toplane2'====== Args={'value': 129, 'prev_value': None, 'change': True}
2022-10-22 16:05:31,595 : EventManager : Event: ======'machine_var_audits_switches_s_toplane3'====== Args={'value': 109, 'prev_value': None, 'change': True}
2022-10-22 16:05:31,595 : EventManager : Event: ======'machine_var_audits_switches_s_trough1'====== Args={'value': 32, 'prev_value': None, 'change': True}
2022-10-22 16:05:31,595 : EventManager : Event: ======'machine_var_audits_switches_s_trough2'====== Args={'value': 35, 'prev_value': None, 'change': True}
2022-10-22 16:05:31,595 : EventManager : Event: ======'machine_var_audits_switches_s_trough3'====== Args={'value': 27, 'prev_value': None, 'change': True}
2022-10-22 16:05:31,595 : EventManager : Event: ======'machine_var_audits_switches_s_trough4'====== Args={'value': 40, 'prev_value': None, 'change': True}
2022-10-22 16:05:31,595 : EventManager : Event: ======'machine_var_audits_switches_s_trough5'====== Args={'value': 27, 'prev_value': None, 'change': True}
2022-10-22 16:05:31,595 : EventManager : Event: ======'machine_var_audits_switches_s_trough6'====== Args={'value': 24, 'prev_value': None, 'change': True}
2022-10-22 16:05:31,595 : EventManager : Event: ======'machine_var_audits_switches_s_trough_jam'====== Args={'value': 27, 'prev_value': None, 'change': True}
2022-10-22 16:05:31,595 : EventManager : Event: ======'machine_var_audits_switches_s_vukmid'====== Args={'value': 46, 'prev_value': None, 'change': True}
2022-10-22 16:05:31,595 : EventManager : Event: ======'machine_var_audits_switches_s_vuktop'====== Args={'value': 12, 'prev_value': None, 'change': True}
2022-10-22 16:05:31,596 : EventManager : Event: ======'slides_play'====== Args={'settings': {'welcome_slide': {'target': None, 'background_color': [0.0, 0.0, 0.0, 1.0], 'priority': None, 'show': True, 'force': False, 'expire': None, 'slide': None, 'tokens': {}, 'action': 'play'}}, 'context': '_global', 'calling_context': 'init_done', 'priority': 0}
2022-10-22 16:05:31,596 : EventManager : Event: ======'mc_reset_phase_1'====== Args={}
2022-10-22 16:05:31,596 : mpfmc : SlidePlayer: Play called with settings={'welcome_slide': {'target': None, 'background_color': [0.0, 0.0, 0.0, 1.0], 'priority': None, 'show': True, 'force': False, 'expire': None, 'slide': None, 'tokens': {}, 'action': 'play'}}
2022-10-22 16:05:31,596 : EventManager : Event: ======'slide_welcome_slide_removed'====== Args={}
2022-10-22 16:05:31,598 : EventManager : Event: ======'slide_welcome_slide_created'====== Args={}
2022-10-22 16:05:31,598 : EventManager : Event: ======'mc_reset_phase_2'====== Args={}
2022-10-22 16:05:31,598 : EventManager : Event: ======'mc_reset_phase_3'====== Args={}
2022-10-22 16:05:31,599 : EventManager : Event: ======'mc_reset_complete'====== Args={}
2022-10-22 16:05:31,599 : EventManager : Event: ======'slide_welcome_slide_active'====== Args={}
2022-10-22 16:05:31,616 : EventManager : Event: ======'slides_play'====== Args={'settings': {'awesome_slide': {'transition': {'type': 'push', 'duration': 1.0, 'direction': 'left', 'easing': 'out_quad'}, 'target': None, 'background_color': [0.0, 0.0, 0.0, 1.0], 'priority': None, 'show': True, 'force': False, 'expire': None, 'slide': None, 'tokens': {}, 'action': 'play'}}, 'context': 'show_2', 'calling_context': 0, 'priority': 10, 'show_tokens': {}, 'start_time': 3803.656}
2022-10-22 16:05:31,616 : EventManager : Event: ======'sounds_play'====== Args={'settings': {'musicslow': {'action': 'play', 'loops': -1, 'priority': None, 'block': False, 'delay': None, 'track': None, 'volume': None, 'pan': None, 'start_at': None, 'fade_in': None, 'fade_out': None, 'about_to_finish_time': -1.0, 'max_queue_time': -1.0, 'events_when_played': ['use_sound_setting'], 'events_when_stopped': ['use_sound_setting'], 'events_when_looping': ['use_sound_setting'], 'events_when_about_to_finish': ['use_sound_setting'], 'mode_end_action': 'use_sound_setting', 'key': 'use_sound_setting'}}, 'context': 'attract', 'calling_context': 'mode_attract_started', 'priority': 10}
2022-10-22 16:05:31,616 : EventManager : Event: ======'sounds_play'====== Args={'settings': {'musicslow': {'action': 'play', 'loops': -1, 'priority': None, 'block': False, 'delay': None, 'track': None, 'volume': None, 'pan': None, 'start_at': None, 'fade_in': None, 'fade_out': None, 'about_to_finish_time': -1.0, 'max_queue_time': -1.0, 'events_when_played': ['use_sound_setting'], 'events_when_stopped': ['use_sound_setting'], 'events_when_looping': ['use_sound_setting'], 'events_when_about_to_finish': ['use_sound_setting'], 'mode_end_action': 'use_sound_setting', 'key': 'use_sound_setting'}}, 'context': '_global', 'calling_context': 'mode_attract_started', 'priority': 0}
2022-10-22 16:05:31,616 : mpfmc : SlidePlayer: Play called with settings={'awesome_slide': {'transition': {'type': 'push', 'duration': 1.0, 'direction': 'left', 'easing': 'out_quad'}, 'target': None, 'background_color': [0.0, 0.0, 0.0, 1.0], 'priority': None, 'show': True, 'force': False, 'expire': None, 'slide': None, 'tokens': {}, 'action': 'play'}}
2022-10-22 16:05:31,622 : EventManager : Event: ======'slide_awesome_slide_created'====== Args={}
2022-10-22 16:05:31,667 : EventManager : Event: ======'slide_awesome_slide_active'====== Args={}
2022-10-22 16:05:31,672 : EventManager : Event: ======'loading_assets'====== Args={'total': 2, 'loaded': 1, 'remaining': 1, 'percent': 50}
2022-10-22 16:05:31,672 : AssetManager : Loading assets: 1/2 (50%)
2022-10-22 16:05:31,672 : EventManager : Event: ======'loading_assets'====== Args={'total': 2, 'loaded': 2, 'remaining': 0, 'percent': 100}
2022-10-22 16:05:31,672 : AssetManager : Asset loading took: 0.7909352779388428
2022-10-22 16:05:31,672 : EventManager : Event: ======'asset_loading_complete'====== Args={}
2022-10-22 16:05:31,672 : AssetManager : Loading assets: 2/2 (100%)
2022-10-22 16:05:34,604 : EventManager : Event: ======'slides_play'====== Args={'settings': {'press_start': {'transition': {'type': 'move_in', 'duration': 1.0, 'direction': 'right', 'easing': 'out_quad'}, 'target': None, 'background_color': [0.0, 0.0, 0.0, 1.0], 'priority': None, 'show': True, 'force': False, 'expire': None, 'slide': None, 'tokens': {}, 'action': 'play'}}, 'context': 'show_2', 'calling_context': 1, 'priority': 10, 'show_tokens': {}, 'start_time': 3806.656}
2022-10-22 16:05:34,604 : mpfmc : SlidePlayer: Play called with settings={'press_start': {'transition': {'type': 'move_in', 'duration': 1.0, 'direction': 'right', 'easing': 'out_quad'}, 'target': None, 'background_color': [0.0, 0.0, 0.0, 1.0], 'priority': None, 'show': True, 'force': False, 'expire': None, 'slide': None, 'tokens': {}, 'action': 'play'}}
2022-10-22 16:05:34,611 : EventManager : Event: ======'slide_press_start_created'====== Args={}
2022-10-22 16:05:34,612 : EventManager : Event: ======'slide_press_start_active'====== Args={}
2022-10-22 16:05:37,612 : EventManager : Event: ======'slides_play'====== Args={'settings': {'mission_pinball': {'transition': {'type': 'move_in', 'duration': 1.0, 'direction': 'top', 'easing': 'out_quad'}, 'target': None, 'background_color': [0.0, 0.0, 0.0, 1.0], 'priority': None, 'show': True, 'force': False, 'expire': None, 'slide': None, 'tokens': {}, 'action': 'play'}}, 'context': 'show_2', 'calling_context': 2, 'priority': 10, 'show_tokens': {}, 'start_time': 3809.656}
2022-10-22 16:05:37,612 : mpfmc : SlidePlayer: Play called with settings={'mission_pinball': {'transition': {'type': 'move_in', 'duration': 1.0, 'direction': 'top', 'easing': 'out_quad'}, 'target': None, 'background_color': [0.0, 0.0, 0.0, 1.0], 'priority': None, 'show': True, 'force': False, 'expire': None, 'slide': None, 'tokens': {}, 'action': 'play'}}
2022-10-22 16:05:37,614 : EventManager : Event: ======'slide_mission_pinball_created'====== Args={}
2022-10-22 16:05:37,614 : EventManager : Event: ======'slide_mission_pinball_active'====== Args={}
2022-10-22 16:05:40,617 : EventManager : Event: ======'slides_play'====== Args={'settings': {'awesome_slide': {'transition': {'type': 'push', 'duration': 1.0, 'direction': 'left', 'easing': 'out_quad'}, 'target': None, 'background_color': [0.0, 0.0, 0.0, 1.0], 'priority': None, 'show': True, 'force': False, 'expire': None, 'slide': None, 'tokens': {}, 'action': 'play'}}, 'context': 'show_2', 'calling_context': 0, 'priority': 10, 'show_tokens': {}, 'start_time': 3812.656}
2022-10-22 16:05:40,617 : mpfmc : SlidePlayer: Play called with settings={'awesome_slide': {'transition': {'type': 'push', 'duration': 1.0, 'direction': 'left', 'easing': 'out_quad'}, 'target': None, 'background_color': [0.0, 0.0, 0.0, 1.0], 'priority': None, 'show': True, 'force': False, 'expire': None, 'slide': None, 'tokens': {}, 'action': 'play'}}
2022-10-22 16:05:40,618 : EventManager : Event: ======'slide_awesome_slide_removed'====== Args={}
2022-10-22 16:05:40,620 : EventManager : Event: ======'slide_awesome_slide_created'====== Args={}
2022-10-22 16:05:40,623 : EventManager : Event: ======'slide_awesome_slide_active'====== Args={}
2022-10-22 16:05:43,618 : EventManager : Event: ======'slides_play'====== Args={'settings': {'press_start': {'transition': {'type': 'move_in', 'duration': 1.0, 'direction': 'right', 'easing': 'out_quad'}, 'target': None, 'background_color': [0.0, 0.0, 0.0, 1.0], 'priority': None, 'show': True, 'force': False, 'expire': None, 'slide': None, 'tokens': {}, 'action': 'play'}}, 'context': 'show_2', 'calling_context': 1, 'priority': 10, 'show_tokens': {}, 'start_time': 3815.656}
2022-10-22 16:05:43,618 : mpfmc : SlidePlayer: Play called with settings={'press_start': {'transition': {'type': 'move_in', 'duration': 1.0, 'direction': 'right', 'easing': 'out_quad'}, 'target': None, 'background_color': [0.0, 0.0, 0.0, 1.0], 'priority': None, 'show': True, 'force': False, 'expire': None, 'slide': None, 'tokens': {}, 'action': 'play'}}
2022-10-22 16:05:43,619 : EventManager : Event: ======'slide_press_start_removed'====== Args={}
2022-10-22 16:05:43,624 : EventManager : Event: ======'slide_press_start_created'====== Args={}
2022-10-22 16:05:43,625 : EventManager : Event: ======'slide_press_start_active'====== Args={}
2022-10-22 16:05:46,618 : EventManager : Event: ======'slides_play'====== Args={'settings': {'mission_pinball': {'transition': {'type': 'move_in', 'duration': 1.0, 'direction': 'top', 'easing': 'out_quad'}, 'target': None, 'background_color': [0.0, 0.0, 0.0, 1.0], 'priority': None, 'show': True, 'force': False, 'expire': None, 'slide': None, 'tokens': {}, 'action': 'play'}}, 'context': 'show_2', 'calling_context': 2, 'priority': 10, 'show_tokens': {}, 'start_time': 3818.656}
2022-10-22 16:05:46,619 : mpfmc : SlidePlayer: Play called with settings={'mission_pinball': {'transition': {'type': 'move_in', 'duration': 1.0, 'direction': 'top', 'easing': 'out_quad'}, 'target': None, 'background_color': [0.0, 0.0, 0.0, 1.0], 'priority': None, 'show': True, 'force': False, 'expire': None, 'slide': None, 'tokens': {}, 'action': 'play'}}
2022-10-22 16:05:46,619 : EventManager : Event: ======'slide_mission_pinball_removed'====== Args={}
2022-10-22 16:05:46,622 : EventManager : Event: ======'slide_mission_pinball_created'====== Args={}
2022-10-22 16:05:46,623 : EventManager : Event: ======'slide_mission_pinball_active'====== Args={}
2022-10-22 16:05:49,610 : EventManager : Event: ======'slides_play'====== Args={'settings': {'awesome_slide': {'transition': {'type': 'push', 'duration': 1.0, 'direction': 'left', 'easing': 'out_quad'}, 'target': None, 'background_color': [0.0, 0.0, 0.0, 1.0], 'priority': None, 'show': True, 'force': False, 'expire': None, 'slide': None, 'tokens': {}, 'action': 'play'}}, 'context': 'show_2', 'calling_context': 0, 'priority': 10, 'show_tokens': {}, 'start_time': 3821.656}
2022-10-22 16:05:49,610 : mpfmc : SlidePlayer: Play called with settings={'awesome_slide': {'transition': {'type': 'push', 'duration': 1.0, 'direction': 'left', 'easing': 'out_quad'}, 'target': None, 'background_color': [0.0, 0.0, 0.0, 1.0], 'priority': None, 'show': True, 'force': False, 'expire': None, 'slide': None, 'tokens': {}, 'action': 'play'}}
2022-10-22 16:05:49,610 : EventManager : Event: ======'slide_awesome_slide_removed'====== Args={}
2022-10-22 16:05:49,614 : EventManager : Event: ======'slide_awesome_slide_created'====== Args={}
2022-10-22 16:05:49,618 : EventManager : Event: ======'slide_awesome_slide_active'====== Args={}
2022-10-22 16:05:52,603 : EventManager : Event: ======'slides_play'====== Args={'settings': {'press_start': {'transition': {'type': 'move_in', 'duration': 1.0, 'direction': 'right', 'easing': 'out_quad'}, 'target': None, 'background_color': [0.0, 0.0, 0.0, 1.0], 'priority': None, 'show': True, 'force': False, 'expire': None, 'slide': None, 'tokens': {}, 'action': 'play'}}, 'context': 'show_2', 'calling_context': 1, 'priority': 10, 'show_tokens': {}, 'start_time': 3824.656}
2022-10-22 16:05:52,603 : mpfmc : SlidePlayer: Play called with settings={'press_start': {'transition': {'type': 'move_in', 'duration': 1.0, 'direction': 'right', 'easing': 'out_quad'}, 'target': None, 'background_color': [0.0, 0.0, 0.0, 1.0], 'priority': None, 'show': True, 'force': False, 'expire': None, 'slide': None, 'tokens': {}, 'action': 'play'}}
2022-10-22 16:05:52,603 : EventManager : Event: ======'slide_press_start_removed'====== Args={}
2022-10-22 16:05:52,607 : EventManager : Event: ======'slide_press_start_created'====== Args={}
2022-10-22 16:05:52,608 : EventManager : Event: ======'slide_press_start_active'====== Args={}
2022-10-22 16:05:55,611 : EventManager : Event: ======'slides_play'====== Args={'settings': {'mission_pinball': {'transition': {'type': 'move_in', 'duration': 1.0, 'direction': 'top', 'easing': 'out_quad'}, 'target': None, 'background_color': [0.0, 0.0, 0.0, 1.0], 'priority': None, 'show': True, 'force': False, 'expire': None, 'slide': None, 'tokens': {}, 'action': 'play'}}, 'context': 'show_2', 'calling_context': 2, 'priority': 10, 'show_tokens': {}, 'start_time': 3827.656}
2022-10-22 16:05:55,611 : mpfmc : SlidePlayer: Play called with settings={'mission_pinball': {'transition': {'type': 'move_in', 'duration': 1.0, 'direction': 'top', 'easing': 'out_quad'}, 'target': None, 'background_color': [0.0, 0.0, 0.0, 1.0], 'priority': None, 'show': True, 'force': False, 'expire': None, 'slide': None, 'tokens': {}, 'action': 'play'}}
2022-10-22 16:05:55,611 : EventManager : Event: ======'slide_mission_pinball_removed'====== Args={}
2022-10-22 16:05:55,614 : EventManager : Event: ======'slide_mission_pinball_created'====== Args={}
2022-10-22 16:05:55,616 : EventManager : Event: ======'slide_mission_pinball_active'====== Args={}
2022-10-22 16:05:58,611 : EventManager : Event: ======'slides_play'====== Args={'settings': {'awesome_slide': {'transition': {'type': 'push', 'duration': 1.0, 'direction': 'left', 'easing': 'out_quad'}, 'target': None, 'background_color': [0.0, 0.0, 0.0, 1.0], 'priority': None, 'show': True, 'force': False, 'expire': None, 'slide': None, 'tokens': {}, 'action': 'play'}}, 'context': 'show_2', 'calling_context': 0, 'priority': 10, 'show_tokens': {}, 'start_time': 3830.656}
2022-10-22 16:05:58,611 : mpfmc : SlidePlayer: Play called with settings={'awesome_slide': {'transition': {'type': 'push', 'duration': 1.0, 'direction': 'left', 'easing': 'out_quad'}, 'target': None, 'background_color': [0.0, 0.0, 0.0, 1.0], 'priority': None, 'show': True, 'force': False, 'expire': None, 'slide': None, 'tokens': {}, 'action': 'play'}}
2022-10-22 16:05:58,612 : EventManager : Event: ======'slide_awesome_slide_removed'====== Args={}
2022-10-22 16:05:58,616 : EventManager : Event: ======'slide_awesome_slide_created'====== Args={}
2022-10-22 16:05:58,619 : EventManager : Event: ======'slide_awesome_slide_active'====== Args={}
2022-10-22 16:06:01,610 : EventManager : Event: ======'slides_play'====== Args={'settings': {'press_start': {'transition': {'type': 'move_in', 'duration': 1.0, 'direction': 'right', 'easing': 'out_quad'}, 'target': None, 'background_color': [0.0, 0.0, 0.0, 1.0], 'priority': None, 'show': True, 'force': False, 'expire': None, 'slide': None, 'tokens': {}, 'action': 'play'}}, 'context': 'show_2', 'calling_context': 1, 'priority': 10, 'show_tokens': {}, 'start_time': 3833.656}
2022-10-22 16:06:01,610 : mpfmc : SlidePlayer: Play called with settings={'press_start': {'transition': {'type': 'move_in', 'duration': 1.0, 'direction': 'right', 'easing': 'out_quad'}, 'target': None, 'background_color': [0.0, 0.0, 0.0, 1.0], 'priority': None, 'show': True, 'force': False, 'expire': None, 'slide': None, 'tokens': {}, 'action': 'play'}}
2022-10-22 16:06:01,611 : EventManager : Event: ======'slide_press_start_removed'====== Args={}
2022-10-22 16:06:01,615 : EventManager : Event: ======'slide_press_start_created'====== Args={}
2022-10-22 16:06:01,616 : EventManager : Event: ======'slide_press_start_active'====== Args={}
2022-10-22 16:06:04,605 : EventManager : Event: ======'slides_play'====== Args={'settings': {'mission_pinball': {'transition': {'type': 'move_in', 'duration': 1.0, 'direction': 'top', 'easing': 'out_quad'}, 'target': None, 'background_color': [0.0, 0.0, 0.0, 1.0], 'priority': None, 'show': True, 'force': False, 'expire': None, 'slide': None, 'tokens': {}, 'action': 'play'}}, 'context': 'show_2', 'calling_context': 2, 'priority': 10, 'show_tokens': {}, 'start_time': 3836.656}
2022-10-22 16:06:04,605 : mpfmc : SlidePlayer: Play called with settings={'mission_pinball': {'transition': {'type': 'move_in', 'duration': 1.0, 'direction': 'top', 'easing': 'out_quad'}, 'target': None, 'background_color': [0.0, 0.0, 0.0, 1.0], 'priority': None, 'show': True, 'force': False, 'expire': None, 'slide': None, 'tokens': {}, 'action': 'play'}}
2022-10-22 16:06:04,605 : EventManager : Event: ======'slide_mission_pinball_removed'====== Args={}
2022-10-22 16:06:04,608 : EventManager : Event: ======'slide_mission_pinball_created'====== Args={}
2022-10-22 16:06:04,610 : EventManager : Event: ======'slide_mission_pinball_active'====== Args={}
2022-10-22 16:06:07,606 : EventManager : Event: ======'slides_play'====== Args={'settings': {'awesome_slide': {'transition': {'type': 'push', 'duration': 1.0, 'direction': 'left', 'easing': 'out_quad'}, 'target': None, 'background_color': [0.0, 0.0, 0.0, 1.0], 'priority': None, 'show': True, 'force': False, 'expire': None, 'slide': None, 'tokens': {}, 'action': 'play'}}, 'context': 'show_2', 'calling_context': 0, 'priority': 10, 'show_tokens': {}, 'start_time': 3839.656}
2022-10-22 16:06:07,606 : mpfmc : SlidePlayer: Play called with settings={'awesome_slide': {'transition': {'type': 'push', 'duration': 1.0, 'direction': 'left', 'easing': 'out_quad'}, 'target': None, 'background_color': [0.0, 0.0, 0.0, 1.0], 'priority': None, 'show': True, 'force': False, 'expire': None, 'slide': None, 'tokens': {}, 'action': 'play'}}
2022-10-22 16:06:07,607 : EventManager : Event: ======'slide_awesome_slide_removed'====== Args={}
2022-10-22 16:06:07,613 : EventManager : Event: ======'slide_awesome_slide_created'====== Args={}
2022-10-22 16:06:07,616 : EventManager : Event: ======'slide_awesome_slide_active'====== Args={}
2022-10-22 16:06:10,607 : EventManager : Event: ======'slides_play'====== Args={'settings': {'press_start': {'transition': {'type': 'move_in', 'duration': 1.0, 'direction': 'right', 'easing': 'out_quad'}, 'target': None, 'background_color': [0.0, 0.0, 0.0, 1.0], 'priority': None, 'show': True, 'force': False, 'expire': None, 'slide': None, 'tokens': {}, 'action': 'play'}}, 'context': 'show_2', 'calling_context': 1, 'priority': 10, 'show_tokens': {}, 'start_time': 3842.656}
2022-10-22 16:06:10,607 : mpfmc : SlidePlayer: Play called with settings={'press_start': {'transition': {'type': 'move_in', 'duration': 1.0, 'direction': 'right', 'easing': 'out_quad'}, 'target': None, 'background_color': [0.0, 0.0, 0.0, 1.0], 'priority': None, 'show': True, 'force': False, 'expire': None, 'slide': None, 'tokens': {}, 'action': 'play'}}
2022-10-22 16:06:10,608 : EventManager : Event: ======'slide_press_start_removed'====== Args={}
2022-10-22 16:06:10,613 : EventManager : Event: ======'slide_press_start_created'====== Args={}
2022-10-22 16:06:10,614 : EventManager : Event: ======'slide_press_start_active'====== Args={}
2022-10-22 16:06:13,619 : EventManager : Event: ======'slides_play'====== Args={'settings': {'mission_pinball': {'transition': {'type': 'move_in', 'duration': 1.0, 'direction': 'top', 'easing': 'out_quad'}, 'target': None, 'background_color': [0.0, 0.0, 0.0, 1.0], 'priority': None, 'show': True, 'force': False, 'expire': None, 'slide': None, 'tokens': {}, 'action': 'play'}}, 'context': 'show_2', 'calling_context': 2, 'priority': 10, 'show_tokens': {}, 'start_time': 3845.656}
2022-10-22 16:06:13,619 : mpfmc : SlidePlayer: Play called with settings={'mission_pinball': {'transition': {'type': 'move_in', 'duration': 1.0, 'direction': 'top', 'easing': 'out_quad'}, 'target': None, 'background_color': [0.0, 0.0, 0.0, 1.0], 'priority': None, 'show': True, 'force': False, 'expire': None, 'slide': None, 'tokens': {}, 'action': 'play'}}
2022-10-22 16:06:13,620 : EventManager : Event: ======'slide_mission_pinball_removed'====== Args={}
2022-10-22 16:06:13,623 : EventManager : Event: ======'slide_mission_pinball_created'====== Args={}
2022-10-22 16:06:13,624 : EventManager : Event: ======'slide_mission_pinball_active'====== Args={}
2022-10-22 16:06:16,611 : EventManager : Event: ======'slides_play'====== Args={'settings': {'awesome_slide': {'transition': {'type': 'push', 'duration': 1.0, 'direction': 'left', 'easing': 'out_quad'}, 'target': None, 'background_color': [0.0, 0.0, 0.0, 1.0], 'priority': None, 'show': True, 'force': False, 'expire': None, 'slide': None, 'tokens': {}, 'action': 'play'}}, 'context': 'show_2', 'calling_context': 0, 'priority': 10, 'show_tokens': {}, 'start_time': 3848.656}
2022-10-22 16:06:16,612 : mpfmc : SlidePlayer: Play called with settings={'awesome_slide': {'transition': {'type': 'push', 'duration': 1.0, 'direction': 'left', 'easing': 'out_quad'}, 'target': None, 'background_color': [0.0, 0.0, 0.0, 1.0], 'priority': None, 'show': True, 'force': False, 'expire': None, 'slide': None, 'tokens': {}, 'action': 'play'}}
2022-10-22 16:06:16,613 : EventManager : Event: ======'slide_awesome_slide_removed'====== Args={}
2022-10-22 16:06:16,633 : EventManager : Event: ======'slide_awesome_slide_created'====== Args={}
2022-10-22 16:06:16,641 : EventManager : Event: ======'slide_awesome_slide_active'====== Args={}
2022-10-22 16:06:19,611 : EventManager : Event: ======'slides_play'====== Args={'settings': {'press_start': {'transition': {'type': 'move_in', 'duration': 1.0, 'direction': 'right', 'easing': 'out_quad'}, 'target': None, 'background_color': [0.0, 0.0, 0.0, 1.0], 'priority': None, 'show': True, 'force': False, 'expire': None, 'slide': None, 'tokens': {}, 'action': 'play'}}, 'context': 'show_2', 'calling_context': 1, 'priority': 10, 'show_tokens': {}, 'start_time': 3851.656}
2022-10-22 16:06:19,612 : mpfmc : SlidePlayer: Play called with settings={'press_start': {'transition': {'type': 'move_in', 'duration': 1.0, 'direction': 'right', 'easing': 'out_quad'}, 'target': None, 'background_color': [0.0, 0.0, 0.0, 1.0], 'priority': None, 'show': True, 'force': False, 'expire': None, 'slide': None, 'tokens': {}, 'action': 'play'}}
2022-10-22 16:06:19,612 : EventManager : Event: ======'slide_press_start_removed'====== Args={}
2022-10-22 16:06:19,617 : EventManager : Event: ======'slide_press_start_created'====== Args={}
2022-10-22 16:06:19,620 : EventManager : Event: ======'slide_press_start_active'====== Args={}
2022-10-22 16:06:22,613 : EventManager : Event: ======'slides_play'====== Args={'settings': {'mission_pinball': {'transition': {'type': 'move_in', 'duration': 1.0, 'direction': 'top', 'easing': 'out_quad'}, 'target': None, 'background_color': [0.0, 0.0, 0.0, 1.0], 'priority': None, 'show': True, 'force': False, 'expire': None, 'slide': None, 'tokens': {}, 'action': 'play'}}, 'context': 'show_2', 'calling_context': 2, 'priority': 10, 'show_tokens': {}, 'start_time': 3854.656}
2022-10-22 16:06:22,613 : mpfmc : SlidePlayer: Play called with settings={'mission_pinball': {'transition': {'type': 'move_in', 'duration': 1.0, 'direction': 'top', 'easing': 'out_quad'}, 'target': None, 'background_color': [0.0, 0.0, 0.0, 1.0], 'priority': None, 'show': True, 'force': False, 'expire': None, 'slide': None, 'tokens': {}, 'action': 'play'}}
2022-10-22 16:06:22,614 : EventManager : Event: ======'slide_mission_pinball_removed'====== Args={}
2022-10-22 16:06:22,622 : EventManager : Event: ======'slide_mission_pinball_created'====== Args={}
2022-10-22 16:06:22,625 : EventManager : Event: ======'slide_mission_pinball_active'====== Args={}
2022-10-22 16:06:25,613 : EventManager : Event: ======'slides_play'====== Args={'settings': {'awesome_slide': {'transition': {'type': 'push', 'duration': 1.0, 'direction': 'left', 'easing': 'out_quad'}, 'target': None, 'background_color': [0.0, 0.0, 0.0, 1.0], 'priority': None, 'show': True, 'force': False, 'expire': None, 'slide': None, 'tokens': {}, 'action': 'play'}}, 'context': 'show_2', 'calling_context': 0, 'priority': 10, 'show_tokens': {}, 'start_time': 3857.656}
2022-10-22 16:06:25,614 : mpfmc : SlidePlayer: Play called with settings={'awesome_slide': {'transition': {'type': 'push', 'duration': 1.0, 'direction': 'left', 'easing': 'out_quad'}, 'target': None, 'background_color': [0.0, 0.0, 0.0, 1.0], 'priority': None, 'show': True, 'force': False, 'expire': None, 'slide': None, 'tokens': {}, 'action': 'play'}}
2022-10-22 16:06:25,614 : EventManager : Event: ======'slide_awesome_slide_removed'====== Args={}
2022-10-22 16:06:25,620 : EventManager : Event: ======'slide_awesome_slide_created'====== Args={}
2022-10-22 16:06:25,641 : EventManager : Event: ======'slide_awesome_slide_active'====== Args={}
2022-10-22 16:06:28,619 : EventManager : Event: ======'slides_play'====== Args={'settings': {'press_start': {'transition': {'type': 'move_in', 'duration': 1.0, 'direction': 'right', 'easing': 'out_quad'}, 'target': None, 'background_color': [0.0, 0.0, 0.0, 1.0], 'priority': None, 'show': True, 'force': False, 'expire': None, 'slide': None, 'tokens': {}, 'action': 'play'}}, 'context': 'show_2', 'calling_context': 1, 'priority': 10, 'show_tokens': {}, 'start_time': 3860.656}
2022-10-22 16:06:28,620 : mpfmc : SlidePlayer: Play called with settings={'press_start': {'transition': {'type': 'move_in', 'duration': 1.0, 'direction': 'right', 'easing': 'out_quad'}, 'target': None, 'background_color': [0.0, 0.0, 0.0, 1.0], 'priority': None, 'show': True, 'force': False, 'expire': None, 'slide': None, 'tokens': {}, 'action': 'play'}}
2022-10-22 16:06:28,620 : EventManager : Event: ======'slide_press_start_removed'====== Args={}
2022-10-22 16:06:28,625 : EventManager : Event: ======'slide_press_start_created'====== Args={}
2022-10-22 16:06:28,627 : EventManager : Event: ======'slide_press_start_active'====== Args={}
2022-10-22 16:06:31,609 : EventManager : Event: ======'slides_play'====== Args={'settings': {'mission_pinball': {'transition': {'type': 'move_in', 'duration': 1.0, 'direction': 'top', 'easing': 'out_quad'}, 'target': None, 'background_color': [0.0, 0.0, 0.0, 1.0], 'priority': None, 'show': True, 'force': False, 'expire': None, 'slide': None, 'tokens': {}, 'action': 'play'}}, 'context': 'show_2', 'calling_context': 2, 'priority': 10, 'show_tokens': {}, 'start_time': 3863.656}
2022-10-22 16:06:31,609 : mpfmc : SlidePlayer: Play called with settings={'mission_pinball': {'transition': {'type': 'move_in', 'duration': 1.0, 'direction': 'top', 'easing': 'out_quad'}, 'target': None, 'background_color': [0.0, 0.0, 0.0, 1.0], 'priority': None, 'show': True, 'force': False, 'expire': None, 'slide': None, 'tokens': {}, 'action': 'play'}}
2022-10-22 16:06:31,609 : EventManager : Event: ======'slide_mission_pinball_removed'====== Args={}
2022-10-22 16:06:31,611 : EventManager : Event: ======'slide_mission_pinball_created'====== Args={}
2022-10-22 16:06:31,613 : EventManager : Event: ======'slide_mission_pinball_active'====== Args={}
2022-10-22 16:06:34,609 : EventManager : Event: ======'slides_play'====== Args={'settings': {'awesome_slide': {'transition': {'type': 'push', 'duration': 1.0, 'direction': 'left', 'easing': 'out_quad'}, 'target': None, 'background_color': [0.0, 0.0, 0.0, 1.0], 'priority': None, 'show': True, 'force': False, 'expire': None, 'slide': None, 'tokens': {}, 'action': 'play'}}, 'context': 'show_2', 'calling_context': 0, 'priority': 10, 'show_tokens': {}, 'start_time': 3866.656}
2022-10-22 16:06:34,609 : mpfmc : SlidePlayer: Play called with settings={'awesome_slide': {'transition': {'type': 'push', 'duration': 1.0, 'direction': 'left', 'easing': 'out_quad'}, 'target': None, 'background_color': [0.0, 0.0, 0.0, 1.0], 'priority': None, 'show': True, 'force': False, 'expire': None, 'slide': None, 'tokens': {}, 'action': 'play'}}
2022-10-22 16:06:34,609 : EventManager : Event: ======'slide_awesome_slide_removed'====== Args={}
2022-10-22 16:06:34,613 : EventManager : Event: ======'slide_awesome_slide_created'====== Args={}
2022-10-22 16:06:34,622 : EventManager : Event: ======'slide_awesome_slide_active'====== Args={}
2022-10-22 16:06:37,612 : EventManager : Event: ======'slides_play'====== Args={'settings': {'press_start': {'transition': {'type': 'move_in', 'duration': 1.0, 'direction': 'right', 'easing': 'out_quad'}, 'target': None, 'background_color': [0.0, 0.0, 0.0, 1.0], 'priority': None, 'show': True, 'force': False, 'expire': None, 'slide': None, 'tokens': {}, 'action': 'play'}}, 'context': 'show_2', 'calling_context': 1, 'priority': 10, 'show_tokens': {}, 'start_time': 3869.656}
2022-10-22 16:06:37,612 : mpfmc : SlidePlayer: Play called with settings={'press_start': {'transition': {'type': 'move_in', 'duration': 1.0, 'direction': 'right', 'easing': 'out_quad'}, 'target': None, 'background_color': [0.0, 0.0, 0.0, 1.0], 'priority': None, 'show': True, 'force': False, 'expire': None, 'slide': None, 'tokens': {}, 'action': 'play'}}
2022-10-22 16:06:37,612 : EventManager : Event: ======'slide_press_start_removed'====== Args={}
2022-10-22 16:06:37,615 : EventManager : Event: ======'slide_press_start_created'====== Args={}
2022-10-22 16:06:37,616 : EventManager : Event: ======'slide_press_start_active'====== Args={}
2022-10-22 16:06:40,621 : EventManager : Event: ======'slides_play'====== Args={'settings': {'mission_pinball': {'transition': {'type': 'move_in', 'duration': 1.0, 'direction': 'top', 'easing': 'out_quad'}, 'target': None, 'background_color': [0.0, 0.0, 0.0, 1.0], 'priority': None, 'show': True, 'force': False, 'expire': None, 'slide': None, 'tokens': {}, 'action': 'play'}}, 'context': 'show_2', 'calling_context': 2, 'priority': 10, 'show_tokens': {}, 'start_time': 3872.656}
2022-10-22 16:06:40,622 : mpfmc : SlidePlayer: Play called with settings={'mission_pinball': {'transition': {'type': 'move_in', 'duration': 1.0, 'direction': 'top', 'easing': 'out_quad'}, 'target': None, 'background_color': [0.0, 0.0, 0.0, 1.0], 'priority': None, 'show': True, 'force': False, 'expire': None, 'slide': None, 'tokens': {}, 'action': 'play'}}
2022-10-22 16:06:40,623 : EventManager : Event: ======'slide_mission_pinball_removed'====== Args={}
2022-10-22 16:06:40,627 : EventManager : Event: ======'slide_mission_pinball_created'====== Args={}
2022-10-22 16:06:40,629 : EventManager : Event: ======'slide_mission_pinball_active'====== Args={}
2022-10-22 16:06:43,616 : EventManager : Event: ======'slides_play'====== Args={'settings': {'awesome_slide': {'transition': {'type': 'push', 'duration': 1.0, 'direction': 'left', 'easing': 'out_quad'}, 'target': None, 'background_color': [0.0, 0.0, 0.0, 1.0], 'priority': None, 'show': True, 'force': False, 'expire': None, 'slide': None, 'tokens': {}, 'action': 'play'}}, 'context': 'show_2', 'calling_context': 0, 'priority': 10, 'show_tokens': {}, 'start_time': 3875.656}
2022-10-22 16:06:43,616 : mpfmc : SlidePlayer: Play called with settings={'awesome_slide': {'transition': {'type': 'push', 'duration': 1.0, 'direction': 'left', 'easing': 'out_quad'}, 'target': None, 'background_color': [0.0, 0.0, 0.0, 1.0], 'priority': None, 'show': True, 'force': False, 'expire': None, 'slide': None, 'tokens': {}, 'action': 'play'}}
2022-10-22 16:06:43,617 : EventManager : Event: ======'slide_awesome_slide_removed'====== Args={}
2022-10-22 16:06:43,621 : EventManager : Event: ======'slide_awesome_slide_created'====== Args={}
2022-10-22 16:06:43,623 : EventManager : Event: ======'slide_awesome_slide_active'====== Args={}
2022-10-22 16:06:46,611 : EventManager : Event: ======'slides_play'====== Args={'settings': {'press_start': {'transition': {'type': 'move_in', 'duration': 1.0, 'direction': 'right', 'easing': 'out_quad'}, 'target': None, 'background_color': [0.0, 0.0, 0.0, 1.0], 'priority': None, 'show': True, 'force': False, 'expire': None, 'slide': None, 'tokens': {}, 'action': 'play'}}, 'context': 'show_2', 'calling_context': 1, 'priority': 10, 'show_tokens': {}, 'start_time': 3878.656}
2022-10-22 16:06:46,611 : mpfmc : SlidePlayer: Play called with settings={'press_start': {'transition': {'type': 'move_in', 'duration': 1.0, 'direction': 'right', 'easing': 'out_quad'}, 'target': None, 'background_color': [0.0, 0.0, 0.0, 1.0], 'priority': None, 'show': True, 'force': False, 'expire': None, 'slide': None, 'tokens': {}, 'action': 'play'}}
2022-10-22 16:06:46,611 : EventManager : Event: ======'slide_press_start_removed'====== Args={}
2022-10-22 16:06:46,614 : EventManager : Event: ======'slide_press_start_created'====== Args={}
2022-10-22 16:06:46,617 : EventManager : Event: ======'slide_press_start_active'====== Args={}
2022-10-22 16:06:49,616 : EventManager : Event: ======'slides_play'====== Args={'settings': {'mission_pinball': {'transition': {'type': 'move_in', 'duration': 1.0, 'direction': 'top', 'easing': 'out_quad'}, 'target': None, 'background_color': [0.0, 0.0, 0.0, 1.0], 'priority': None, 'show': True, 'force': False, 'expire': None, 'slide': None, 'tokens': {}, 'action': 'play'}}, 'context': 'show_2', 'calling_context': 2, 'priority': 10, 'show_tokens': {}, 'start_time': 3881.656}
2022-10-22 16:06:49,616 : mpfmc : SlidePlayer: Play called with settings={'mission_pinball': {'transition': {'type': 'move_in', 'duration': 1.0, 'direction': 'top', 'easing': 'out_quad'}, 'target': None, 'background_color': [0.0, 0.0, 0.0, 1.0], 'priority': None, 'show': True, 'force': False, 'expire': None, 'slide': None, 'tokens': {}, 'action': 'play'}}
2022-10-22 16:06:49,617 : EventManager : Event: ======'slide_mission_pinball_removed'====== Args={}
2022-10-22 16:06:49,620 : EventManager : Event: ======'slide_mission_pinball_created'====== Args={}
2022-10-22 16:06:49,621 : EventManager : Event: ======'slide_mission_pinball_active'====== Args={}
2022-10-22 16:06:52,605 : EventManager : Event: ======'slides_play'====== Args={'settings': {'awesome_slide': {'transition': {'type': 'push', 'duration': 1.0, 'direction': 'left', 'easing': 'out_quad'}, 'target': None, 'background_color': [0.0, 0.0, 0.0, 1.0], 'priority': None, 'show': True, 'force': False, 'expire': None, 'slide': None, 'tokens': {}, 'action': 'play'}}, 'context': 'show_2', 'calling_context': 0, 'priority': 10, 'show_tokens': {}, 'start_time': 3884.656}
2022-10-22 16:06:52,605 : mpfmc : SlidePlayer: Play called with settings={'awesome_slide': {'transition': {'type': 'push', 'duration': 1.0, 'direction': 'left', 'easing': 'out_quad'}, 'target': None, 'background_color': [0.0, 0.0, 0.0, 1.0], 'priority': None, 'show': True, 'force': False, 'expire': None, 'slide': None, 'tokens': {}, 'action': 'play'}}
2022-10-22 16:06:52,606 : EventManager : Event: ======'slide_awesome_slide_removed'====== Args={}
2022-10-22 16:06:52,610 : EventManager : Event: ======'slide_awesome_slide_created'====== Args={}
2022-10-22 16:06:52,612 : EventManager : Event: ======'slide_awesome_slide_active'====== Args={}
2022-10-22 16:06:55,615 : EventManager : Event: ======'slides_play'====== Args={'settings': {'press_start': {'transition': {'type': 'move_in', 'duration': 1.0, 'direction': 'right', 'easing': 'out_quad'}, 'target': None, 'background_color': [0.0, 0.0, 0.0, 1.0], 'priority': None, 'show': True, 'force': False, 'expire': None, 'slide': None, 'tokens': {}, 'action': 'play'}}, 'context': 'show_2', 'calling_context': 1, 'priority': 10, 'show_tokens': {}, 'start_time': 3887.656}
2022-10-22 16:06:55,615 : mpfmc : SlidePlayer: Play called with settings={'press_start': {'transition': {'type': 'move_in', 'duration': 1.0, 'direction': 'right', 'easing': 'out_quad'}, 'target': None, 'background_color': [0.0, 0.0, 0.0, 1.0], 'priority': None, 'show': True, 'force': False, 'expire': None, 'slide': None, 'tokens': {}, 'action': 'play'}}
2022-10-22 16:06:55,616 : EventManager : Event: ======'slide_press_start_removed'====== Args={}
2022-10-22 16:06:55,619 : EventManager : Event: ======'slide_press_start_created'====== Args={}
2022-10-22 16:06:55,621 : EventManager : Event: ======'slide_press_start_active'====== Args={}
2022-10-22 16:06:58,600 : EventManager : Event: ======'slides_play'====== Args={'settings': {'mission_pinball': {'transition': {'type': 'move_in', 'duration': 1.0, 'direction': 'top', 'easing': 'out_quad'}, 'target': None, 'background_color': [0.0, 0.0, 0.0, 1.0], 'priority': None, 'show': True, 'force': False, 'expire': None, 'slide': None, 'tokens': {}, 'action': 'play'}}, 'context': 'show_2', 'calling_context': 2, 'priority': 10, 'show_tokens': {}, 'start_time': 3890.656}
2022-10-22 16:06:58,600 : mpfmc : SlidePlayer: Play called with settings={'mission_pinball': {'transition': {'type': 'move_in', 'duration': 1.0, 'direction': 'top', 'easing': 'out_quad'}, 'target': None, 'background_color': [0.0, 0.0, 0.0, 1.0], 'priority': None, 'show': True, 'force': False, 'expire': None, 'slide': None, 'tokens': {}, 'action': 'play'}}
2022-10-22 16:06:58,600 : EventManager : Event: ======'slide_mission_pinball_removed'====== Args={}
2022-10-22 16:06:58,602 : EventManager : Event: ======'slide_mission_pinball_created'====== Args={}
2022-10-22 16:06:58,603 : EventManager : Event: ======'slide_mission_pinball_active'====== Args={}
2022-10-22 16:07:01,612 : EventManager : Event: ======'slides_play'====== Args={'settings': {'awesome_slide': {'transition': {'type': 'push', 'duration': 1.0, 'direction': 'left', 'easing': 'out_quad'}, 'target': None, 'background_color': [0.0, 0.0, 0.0, 1.0], 'priority': None, 'show': True, 'force': False, 'expire': None, 'slide': None, 'tokens': {}, 'action': 'play'}}, 'context': 'show_2', 'calling_context': 0, 'priority': 10, 'show_tokens': {}, 'start_time': 3893.656}
2022-10-22 16:07:01,613 : mpfmc : SlidePlayer: Play called with settings={'awesome_slide': {'transition': {'type': 'push', 'duration': 1.0, 'direction': 'left', 'easing': 'out_quad'}, 'target': None, 'background_color': [0.0, 0.0, 0.0, 1.0], 'priority': None, 'show': True, 'force': False, 'expire': None, 'slide': None, 'tokens': {}, 'action': 'play'}}
2022-10-22 16:07:01,614 : EventManager : Event: ======'slide_awesome_slide_removed'====== Args={}
2022-10-22 16:07:01,617 : EventManager : Event: ======'slide_awesome_slide_created'====== Args={}
2022-10-22 16:07:01,619 : EventManager : Event: ======'slide_awesome_slide_active'====== Args={}
2022-10-22 16:07:04,610 : EventManager : Event: ======'slides_play'====== Args={'settings': {'press_start': {'transition': {'type': 'move_in', 'duration': 1.0, 'direction': 'right', 'easing': 'out_quad'}, 'target': None, 'background_color': [0.0, 0.0, 0.0, 1.0], 'priority': None, 'show': True, 'force': False, 'expire': None, 'slide': None, 'tokens': {}, 'action': 'play'}}, 'context': 'show_2', 'calling_context': 1, 'priority': 10, 'show_tokens': {}, 'start_time': 3896.656}
2022-10-22 16:07:04,610 : mpfmc : SlidePlayer: Play called with settings={'press_start': {'transition': {'type': 'move_in', 'duration': 1.0, 'direction': 'right', 'easing': 'out_quad'}, 'target': None, 'background_color': [0.0, 0.0, 0.0, 1.0], 'priority': None, 'show': True, 'force': False, 'expire': None, 'slide': None, 'tokens': {}, 'action': 'play'}}
2022-10-22 16:07:04,611 : EventManager : Event: ======'slide_press_start_removed'====== Args={}
2022-10-22 16:07:04,617 : EventManager : Event: ======'slide_press_start_created'====== Args={}
2022-10-22 16:07:04,619 : EventManager : Event: ======'slide_press_start_active'====== Args={}
2022-10-22 16:07:07,602 : EventManager : Event: ======'slides_play'====== Args={'settings': {'mission_pinball': {'transition': {'type': 'move_in', 'duration': 1.0, 'direction': 'top', 'easing': 'out_quad'}, 'target': None, 'background_color': [0.0, 0.0, 0.0, 1.0], 'priority': None, 'show': True, 'force': False, 'expire': None, 'slide': None, 'tokens': {}, 'action': 'play'}}, 'context': 'show_2', 'calling_context': 2, 'priority': 10, 'show_tokens': {}, 'start_time': 3899.656}
2022-10-22 16:07:07,602 : mpfmc : SlidePlayer: Play called with settings={'mission_pinball': {'transition': {'type': 'move_in', 'duration': 1.0, 'direction': 'top', 'easing': 'out_quad'}, 'target': None, 'background_color': [0.0, 0.0, 0.0, 1.0], 'priority': None, 'show': True, 'force': False, 'expire': None, 'slide': None, 'tokens': {}, 'action': 'play'}}
2022-10-22 16:07:07,603 : EventManager : Event: ======'slide_mission_pinball_removed'====== Args={}
2022-10-22 16:07:07,606 : EventManager : Event: ======'slide_mission_pinball_created'====== Args={}
2022-10-22 16:07:07,607 : EventManager : Event: ======'slide_mission_pinball_active'====== Args={}
2022-10-22 16:07:10,604 : EventManager : Event: ======'slides_play'====== Args={'settings': {'awesome_slide': {'transition': {'type': 'push', 'duration': 1.0, 'direction': 'left', 'easing': 'out_quad'}, 'target': None, 'background_color': [0.0, 0.0, 0.0, 1.0], 'priority': None, 'show': True, 'force': False, 'expire': None, 'slide': None, 'tokens': {}, 'action': 'play'}}, 'context': 'show_2', 'calling_context': 0, 'priority': 10, 'show_tokens': {}, 'start_time': 3902.656}
2022-10-22 16:07:10,604 : mpfmc : SlidePlayer: Play called with settings={'awesome_slide': {'transition': {'type': 'push', 'duration': 1.0, 'direction': 'left', 'easing': 'out_quad'}, 'target': None, 'background_color': [0.0, 0.0, 0.0, 1.0], 'priority': None, 'show': True, 'force': False, 'expire': None, 'slide': None, 'tokens': {}, 'action': 'play'}}
2022-10-22 16:07:10,604 : EventManager : Event: ======'slide_awesome_slide_removed'====== Args={}
2022-10-22 16:07:10,609 : EventManager : Event: ======'slide_awesome_slide_created'====== Args={}
2022-10-22 16:07:10,612 : EventManager : Event: ======'slide_awesome_slide_active'====== Args={}
2022-10-22 16:07:13,609 : EventManager : Event: ======'slides_play'====== Args={'settings': {'press_start': {'transition': {'type': 'move_in', 'duration': 1.0, 'direction': 'right', 'easing': 'out_quad'}, 'target': None, 'background_color': [0.0, 0.0, 0.0, 1.0], 'priority': None, 'show': True, 'force': False, 'expire': None, 'slide': None, 'tokens': {}, 'action': 'play'}}, 'context': 'show_2', 'calling_context': 1, 'priority': 10, 'show_tokens': {}, 'start_time': 3905.656}
2022-10-22 16:07:13,609 : mpfmc : SlidePlayer: Play called with settings={'press_start': {'transition': {'type': 'move_in', 'duration': 1.0, 'direction': 'right', 'easing': 'out_quad'}, 'target': None, 'background_color': [0.0, 0.0, 0.0, 1.0], 'priority': None, 'show': True, 'force': False, 'expire': None, 'slide': None, 'tokens': {}, 'action': 'play'}}
2022-10-22 16:07:13,609 : EventManager : Event: ======'slide_press_start_removed'====== Args={}
2022-10-22 16:07:13,612 : EventManager : Event: ======'slide_press_start_created'====== Args={}
2022-10-22 16:07:13,613 : EventManager : Event: ======'slide_press_start_active'====== Args={}
2022-10-22 16:07:16,606 : EventManager : Event: ======'slides_play'====== Args={'settings': {'mission_pinball': {'transition': {'type': 'move_in', 'duration': 1.0, 'direction': 'top', 'easing': 'out_quad'}, 'target': None, 'background_color': [0.0, 0.0, 0.0, 1.0], 'priority': None, 'show': True, 'force': False, 'expire': None, 'slide': None, 'tokens': {}, 'action': 'play'}}, 'context': 'show_2', 'calling_context': 2, 'priority': 10, 'show_tokens': {}, 'start_time': 3908.656}
2022-10-22 16:07:16,606 : mpfmc : SlidePlayer: Play called with settings={'mission_pinball': {'transition': {'type': 'move_in', 'duration': 1.0, 'direction': 'top', 'easing': 'out_quad'}, 'target': None, 'background_color': [0.0, 0.0, 0.0, 1.0], 'priority': None, 'show': True, 'force': False, 'expire': None, 'slide': None, 'tokens': {}, 'action': 'play'}}
2022-10-22 16:07:16,606 : EventManager : Event: ======'slide_mission_pinball_removed'====== Args={}
2022-10-22 16:07:16,610 : EventManager : Event: ======'slide_mission_pinball_created'====== Args={}
2022-10-22 16:07:16,610 : EventManager : Event: ======'slide_mission_pinball_active'====== Args={}
2022-10-22 16:07:19,622 : EventManager : Event: ======'slides_play'====== Args={'settings': {'awesome_slide': {'transition': {'type': 'push', 'duration': 1.0, 'direction': 'left', 'easing': 'out_quad'}, 'target': None, 'background_color': [0.0, 0.0, 0.0, 1.0], 'priority': None, 'show': True, 'force': False, 'expire': None, 'slide': None, 'tokens': {}, 'action': 'play'}}, 'context': 'show_2', 'calling_context': 0, 'priority': 10, 'show_tokens': {}, 'start_time': 3911.656}
2022-10-22 16:07:19,623 : mpfmc : SlidePlayer: Play called with settings={'awesome_slide': {'transition': {'type': 'push', 'duration': 1.0, 'direction': 'left', 'easing': 'out_quad'}, 'target': None, 'background_color': [0.0, 0.0, 0.0, 1.0], 'priority': None, 'show': True, 'force': False, 'expire': None, 'slide': None, 'tokens': {}, 'action': 'play'}}
2022-10-22 16:07:19,623 : EventManager : Event: ======'slide_awesome_slide_removed'====== Args={}
2022-10-22 16:07:19,627 : EventManager : Event: ======'slide_awesome_slide_created'====== Args={}
2022-10-22 16:07:19,629 : EventManager : Event: ======'slide_awesome_slide_active'====== Args={}
2022-10-22 16:07:22,618 : EventManager : Event: ======'slides_play'====== Args={'settings': {'press_start': {'transition': {'type': 'move_in', 'duration': 1.0, 'direction': 'right', 'easing': 'out_quad'}, 'target': None, 'background_color': [0.0, 0.0, 0.0, 1.0], 'priority': None, 'show': True, 'force': False, 'expire': None, 'slide': None, 'tokens': {}, 'action': 'play'}}, 'context': 'show_2', 'calling_context': 1, 'priority': 10, 'show_tokens': {}, 'start_time': 3914.656}
2022-10-22 16:07:22,618 : mpfmc : SlidePlayer: Play called with settings={'press_start': {'transition': {'type': 'move_in', 'duration': 1.0, 'direction': 'right', 'easing': 'out_quad'}, 'target': None, 'background_color': [0.0, 0.0, 0.0, 1.0], 'priority': None, 'show': True, 'force': False, 'expire': None, 'slide': None, 'tokens': {}, 'action': 'play'}}
2022-10-22 16:07:22,618 : EventManager : Event: ======'slide_press_start_removed'====== Args={}
2022-10-22 16:07:22,624 : EventManager : Event: ======'slide_press_start_created'====== Args={}
2022-10-22 16:07:22,625 : EventManager : Event: ======'slide_press_start_active'====== Args={}
2022-10-22 16:07:25,608 : EventManager : Event: ======'slides_play'====== Args={'settings': {'mission_pinball': {'transition': {'type': 'move_in', 'duration': 1.0, 'direction': 'top', 'easing': 'out_quad'}, 'target': None, 'background_color': [0.0, 0.0, 0.0, 1.0], 'priority': None, 'show': True, 'force': False, 'expire': None, 'slide': None, 'tokens': {}, 'action': 'play'}}, 'context': 'show_2', 'calling_context': 2, 'priority': 10, 'show_tokens': {}, 'start_time': 3917.656}
2022-10-22 16:07:25,608 : mpfmc : SlidePlayer: Play called with settings={'mission_pinball': {'transition': {'type': 'move_in', 'duration': 1.0, 'direction': 'top', 'easing': 'out_quad'}, 'target': None, 'background_color': [0.0, 0.0, 0.0, 1.0], 'priority': None, 'show': True, 'force': False, 'expire': None, 'slide': None, 'tokens': {}, 'action': 'play'}}
2022-10-22 16:07:25,608 : EventManager : Event: ======'slide_mission_pinball_removed'====== Args={}
2022-10-22 16:07:25,611 : EventManager : Event: ======'slide_mission_pinball_created'====== Args={}
2022-10-22 16:07:25,612 : EventManager : Event: ======'slide_mission_pinball_active'====== Args={}
2022-10-22 16:07:28,614 : EventManager : Event: ======'slides_play'====== Args={'settings': {'awesome_slide': {'transition': {'type': 'push', 'duration': 1.0, 'direction': 'left', 'easing': 'out_quad'}, 'target': None, 'background_color': [0.0, 0.0, 0.0, 1.0], 'priority': None, 'show': True, 'force': False, 'expire': None, 'slide': None, 'tokens': {}, 'action': 'play'}}, 'context': 'show_2', 'calling_context': 0, 'priority': 10, 'show_tokens': {}, 'start_time': 3920.656}
2022-10-22 16:07:28,614 : mpfmc : SlidePlayer: Play called with settings={'awesome_slide': {'transition': {'type': 'push', 'duration': 1.0, 'direction': 'left', 'easing': 'out_quad'}, 'target': None, 'background_color': [0.0, 0.0, 0.0, 1.0], 'priority': None, 'show': True, 'force': False, 'expire': None, 'slide': None, 'tokens': {}, 'action': 'play'}}
2022-10-22 16:07:28,615 : EventManager : Event: ======'slide_awesome_slide_removed'====== Args={}
2022-10-22 16:07:28,623 : EventManager : Event: ======'slide_awesome_slide_created'====== Args={}
2022-10-22 16:07:28,625 : EventManager : Event: ======'slide_awesome_slide_active'====== Args={}
2022-10-22 16:07:31,617 : EventManager : Event: ======'slides_play'====== Args={'settings': {'press_start': {'transition': {'type': 'move_in', 'duration': 1.0, 'direction': 'right', 'easing': 'out_quad'}, 'target': None, 'background_color': [0.0, 0.0, 0.0, 1.0], 'priority': None, 'show': True, 'force': False, 'expire': None, 'slide': None, 'tokens': {}, 'action': 'play'}}, 'context': 'show_2', 'calling_context': 1, 'priority': 10, 'show_tokens': {}, 'start_time': 3923.656}
2022-10-22 16:07:31,617 : mpfmc : SlidePlayer: Play called with settings={'press_start': {'transition': {'type': 'move_in', 'duration': 1.0, 'direction': 'right', 'easing': 'out_quad'}, 'target': None, 'background_color': [0.0, 0.0, 0.0, 1.0], 'priority': None, 'show': True, 'force': False, 'expire': None, 'slide': None, 'tokens': {}, 'action': 'play'}}
2022-10-22 16:07:31,617 : EventManager : Event: ======'slide_press_start_removed'====== Args={}
2022-10-22 16:07:31,620 : EventManager : Event: ======'slide_press_start_created'====== Args={}
2022-10-22 16:07:31,621 : EventManager : Event: ======'slide_press_start_active'====== Args={}
2022-10-22 16:07:34,607 : EventManager : Event: ======'slides_play'====== Args={'settings': {'mission_pinball': {'transition': {'type': 'move_in', 'duration': 1.0, 'direction': 'top', 'easing': 'out_quad'}, 'target': None, 'background_color': [0.0, 0.0, 0.0, 1.0], 'priority': None, 'show': True, 'force': False, 'expire': None, 'slide': None, 'tokens': {}, 'action': 'play'}}, 'context': 'show_2', 'calling_context': 2, 'priority': 10, 'show_tokens': {}, 'start_time': 3926.656}
2022-10-22 16:07:34,607 : mpfmc : SlidePlayer: Play called with settings={'mission_pinball': {'transition': {'type': 'move_in', 'duration': 1.0, 'direction': 'top', 'easing': 'out_quad'}, 'target': None, 'background_color': [0.0, 0.0, 0.0, 1.0], 'priority': None, 'show': True, 'force': False, 'expire': None, 'slide': None, 'tokens': {}, 'action': 'play'}}
2022-10-22 16:07:34,607 : EventManager : Event: ======'slide_mission_pinball_removed'====== Args={}
2022-10-22 16:07:34,610 : EventManager : Event: ======'slide_mission_pinball_created'====== Args={}
2022-10-22 16:07:34,611 : EventManager : Event: ======'slide_mission_pinball_active'====== Args={}
2022-10-22 16:07:37,625 : EventManager : Event: ======'slides_play'====== Args={'settings': {'awesome_slide': {'transition': {'type': 'push', 'duration': 1.0, 'direction': 'left', 'easing': 'out_quad'}, 'target': None, 'background_color': [0.0, 0.0, 0.0, 1.0], 'priority': None, 'show': True, 'force': False, 'expire': None, 'slide': None, 'tokens': {}, 'action': 'play'}}, 'context': 'show_2', 'calling_context': 0, 'priority': 10, 'show_tokens': {}, 'start_time': 3929.656}
2022-10-22 16:07:37,625 : mpfmc : SlidePlayer: Play called with settings={'awesome_slide': {'transition': {'type': 'push', 'duration': 1.0, 'direction': 'left', 'easing': 'out_quad'}, 'target': None, 'background_color': [0.0, 0.0, 0.0, 1.0], 'priority': None, 'show': True, 'force': False, 'expire': None, 'slide': None, 'tokens': {}, 'action': 'play'}}
2022-10-22 16:07:37,625 : EventManager : Event: ======'slide_awesome_slide_removed'====== Args={}
2022-10-22 16:07:37,627 : EventManager : Event: ======'slide_awesome_slide_created'====== Args={}
2022-10-22 16:07:37,630 : EventManager : Event: ======'slide_awesome_slide_active'====== Args={}
2022-10-22 16:07:40,616 : EventManager : Event: ======'slides_play'====== Args={'settings': {'press_start': {'transition': {'type': 'move_in', 'duration': 1.0, 'direction': 'right', 'easing': 'out_quad'}, 'target': None, 'background_color': [0.0, 0.0, 0.0, 1.0], 'priority': None, 'show': True, 'force': False, 'expire': None, 'slide': None, 'tokens': {}, 'action': 'play'}}, 'context': 'show_2', 'calling_context': 1, 'priority': 10, 'show_tokens': {}, 'start_time': 3932.656}
2022-10-22 16:07:40,616 : mpfmc : SlidePlayer: Play called with settings={'press_start': {'transition': {'type': 'move_in', 'duration': 1.0, 'direction': 'right', 'easing': 'out_quad'}, 'target': None, 'background_color': [0.0, 0.0, 0.0, 1.0], 'priority': None, 'show': True, 'force': False, 'expire': None, 'slide': None, 'tokens': {}, 'action': 'play'}}
2022-10-22 16:07:40,617 : EventManager : Event: ======'slide_press_start_removed'====== Args={}
2022-10-22 16:07:40,623 : EventManager : Event: ======'slide_press_start_created'====== Args={}
2022-10-22 16:07:40,624 : EventManager : Event: ======'slide_press_start_active'====== Args={}
2022-10-22 16:07:43,602 : EventManager : Event: ======'slides_play'====== Args={'settings': {'mission_pinball': {'transition': {'type': 'move_in', 'duration': 1.0, 'direction': 'top', 'easing': 'out_quad'}, 'target': None, 'background_color': [0.0, 0.0, 0.0, 1.0], 'priority': None, 'show': True, 'force': False, 'expire': None, 'slide': None, 'tokens': {}, 'action': 'play'}}, 'context': 'show_2', 'calling_context': 2, 'priority': 10, 'show_tokens': {}, 'start_time': 3935.656}
2022-10-22 16:07:43,602 : mpfmc : SlidePlayer: Play called with settings={'mission_pinball': {'transition': {'type': 'move_in', 'duration': 1.0, 'direction': 'top', 'easing': 'out_quad'}, 'target': None, 'background_color': [0.0, 0.0, 0.0, 1.0], 'priority': None, 'show': True, 'force': False, 'expire': None, 'slide': None, 'tokens': {}, 'action': 'play'}}
2022-10-22 16:07:43,602 : EventManager : Event: ======'slide_mission_pinball_removed'====== Args={}
2022-10-22 16:07:43,604 : EventManager : Event: ======'slide_mission_pinball_created'====== Args={}
2022-10-22 16:07:43,605 : EventManager : Event: ======'slide_mission_pinball_active'====== Args={}
2022-10-22 16:07:46,621 : EventManager : Event: ======'slides_play'====== Args={'settings': {'awesome_slide': {'transition': {'type': 'push', 'duration': 1.0, 'direction': 'left', 'easing': 'out_quad'}, 'target': None, 'background_color': [0.0, 0.0, 0.0, 1.0], 'priority': None, 'show': True, 'force': False, 'expire': None, 'slide': None, 'tokens': {}, 'action': 'play'}}, 'context': 'show_2', 'calling_context': 0, 'priority': 10, 'show_tokens': {}, 'start_time': 3938.656}
2022-10-22 16:07:46,621 : mpfmc : SlidePlayer: Play called with settings={'awesome_slide': {'transition': {'type': 'push', 'duration': 1.0, 'direction': 'left', 'easing': 'out_quad'}, 'target': None, 'background_color': [0.0, 0.0, 0.0, 1.0], 'priority': None, 'show': True, 'force': False, 'expire': None, 'slide': None, 'tokens': {}, 'action': 'play'}}
2022-10-22 16:07:46,622 : EventManager : Event: ======'slide_awesome_slide_removed'====== Args={}
2022-10-22 16:07:46,628 : EventManager : Event: ======'slide_awesome_slide_created'====== Args={}
2022-10-22 16:07:46,632 : EventManager : Event: ======'slide_awesome_slide_active'====== Args={}
2022-10-22 16:07:49,609 : EventManager : Event: ======'slides_play'====== Args={'settings': {'press_start': {'transition': {'type': 'move_in', 'duration': 1.0, 'direction': 'right', 'easing': 'out_quad'}, 'target': None, 'background_color': [0.0, 0.0, 0.0, 1.0], 'priority': None, 'show': True, 'force': False, 'expire': None, 'slide': None, 'tokens': {}, 'action': 'play'}}, 'context': 'show_2', 'calling_context': 1, 'priority': 10, 'show_tokens': {}, 'start_time': 3941.656}
2022-10-22 16:07:49,609 : mpfmc : SlidePlayer: Play called with settings={'press_start': {'transition': {'type': 'move_in', 'duration': 1.0, 'direction': 'right', 'easing': 'out_quad'}, 'target': None, 'background_color': [0.0, 0.0, 0.0, 1.0], 'priority': None, 'show': True, 'force': False, 'expire': None, 'slide': None, 'tokens': {}, 'action': 'play'}}
2022-10-22 16:07:49,609 : EventManager : Event: ======'slide_press_start_removed'====== Args={}
2022-10-22 16:07:49,613 : EventManager : Event: ======'slide_press_start_created'====== Args={}
2022-10-22 16:07:49,614 : EventManager : Event: ======'slide_press_start_active'====== Args={}
2022-10-22 16:07:52,613 : EventManager : Event: ======'slides_play'====== Args={'settings': {'mission_pinball': {'transition': {'type': 'move_in', 'duration': 1.0, 'direction': 'top', 'easing': 'out_quad'}, 'target': None, 'background_color': [0.0, 0.0, 0.0, 1.0], 'priority': None, 'show': True, 'force': False, 'expire': None, 'slide': None, 'tokens': {}, 'action': 'play'}}, 'context': 'show_2', 'calling_context': 2, 'priority': 10, 'show_tokens': {}, 'start_time': 3944.656}
2022-10-22 16:07:52,613 : mpfmc : SlidePlayer: Play called with settings={'mission_pinball': {'transition': {'type': 'move_in', 'duration': 1.0, 'direction': 'top', 'easing': 'out_quad'}, 'target': None, 'background_color': [0.0, 0.0, 0.0, 1.0], 'priority': None, 'show': True, 'force': False, 'expire': None, 'slide': None, 'tokens': {}, 'action': 'play'}}
2022-10-22 16:07:52,614 : EventManager : Event: ======'slide_mission_pinball_removed'====== Args={}
2022-10-22 16:07:52,617 : EventManager : Event: ======'slide_mission_pinball_created'====== Args={}
2022-10-22 16:07:52,618 : EventManager : Event: ======'slide_mission_pinball_active'====== Args={}
2022-10-22 16:07:55,613 : EventManager : Event: ======'slides_play'====== Args={'settings': {'awesome_slide': {'transition': {'type': 'push', 'duration': 1.0, 'direction': 'left', 'easing': 'out_quad'}, 'target': None, 'background_color': [0.0, 0.0, 0.0, 1.0], 'priority': None, 'show': True, 'force': False, 'expire': None, 'slide': None, 'tokens': {}, 'action': 'play'}}, 'context': 'show_2', 'calling_context': 0, 'priority': 10, 'show_tokens': {}, 'start_time': 3947.656}
2022-10-22 16:07:55,613 : mpfmc : SlidePlayer: Play called with settings={'awesome_slide': {'transition': {'type': 'push', 'duration': 1.0, 'direction': 'left', 'easing': 'out_quad'}, 'target': None, 'background_color': [0.0, 0.0, 0.0, 1.0], 'priority': None, 'show': True, 'force': False, 'expire': None, 'slide': None, 'tokens': {}, 'action': 'play'}}
2022-10-22 16:07:55,613 : EventManager : Event: ======'slide_awesome_slide_removed'====== Args={}
2022-10-22 16:07:55,617 : EventManager : Event: ======'slide_awesome_slide_created'====== Args={}
2022-10-22 16:07:55,620 : EventManager : Event: ======'slide_awesome_slide_active'====== Args={}
2022-10-22 16:07:58,605 : EventManager : Event: ======'slides_play'====== Args={'settings': {'press_start': {'transition': {'type': 'move_in', 'duration': 1.0, 'direction': 'right', 'easing': 'out_quad'}, 'target': None, 'background_color': [0.0, 0.0, 0.0, 1.0], 'priority': None, 'show': True, 'force': False, 'expire': None, 'slide': None, 'tokens': {}, 'action': 'play'}}, 'context': 'show_2', 'calling_context': 1, 'priority': 10, 'show_tokens': {}, 'start_time': 3950.656}
2022-10-22 16:07:58,605 : mpfmc : SlidePlayer: Play called with settings={'press_start': {'transition': {'type': 'move_in', 'duration': 1.0, 'direction': 'right', 'easing': 'out_quad'}, 'target': None, 'background_color': [0.0, 0.0, 0.0, 1.0], 'priority': None, 'show': True, 'force': False, 'expire': None, 'slide': None, 'tokens': {}, 'action': 'play'}}
2022-10-22 16:07:58,605 : EventManager : Event: ======'slide_press_start_removed'====== Args={}
2022-10-22 16:07:58,609 : EventManager : Event: ======'slide_press_start_created'====== Args={}
2022-10-22 16:07:58,611 : EventManager : Event: ======'slide_press_start_active'====== Args={}
2022-10-22 16:08:01,620 : EventManager : Event: ======'slides_play'====== Args={'settings': {'mission_pinball': {'transition': {'type': 'move_in', 'duration': 1.0, 'direction': 'top', 'easing': 'out_quad'}, 'target': None, 'background_color': [0.0, 0.0, 0.0, 1.0], 'priority': None, 'show': True, 'force': False, 'expire': None, 'slide': None, 'tokens': {}, 'action': 'play'}}, 'context': 'show_2', 'calling_context': 2, 'priority': 10, 'show_tokens': {}, 'start_time': 3953.656}
2022-10-22 16:08:01,620 : mpfmc : SlidePlayer: Play called with settings={'mission_pinball': {'transition': {'type': 'move_in', 'duration': 1.0, 'direction': 'top', 'easing': 'out_quad'}, 'target': None, 'background_color': [0.0, 0.0, 0.0, 1.0], 'priority': None, 'show': True, 'force': False, 'expire': None, 'slide': None, 'tokens': {}, 'action': 'play'}}
2022-10-22 16:08:01,620 : EventManager : Event: ======'slide_mission_pinball_removed'====== Args={}
2022-10-22 16:08:01,623 : EventManager : Event: ======'slide_mission_pinball_created'====== Args={}
2022-10-22 16:08:01,625 : EventManager : Event: ======'slide_mission_pinball_active'====== Args={}
2022-10-22 16:08:04,609 : EventManager : Event: ======'slides_play'====== Args={'settings': {'awesome_slide': {'transition': {'type': 'push', 'duration': 1.0, 'direction': 'left', 'easing': 'out_quad'}, 'target': None, 'background_color': [0.0, 0.0, 0.0, 1.0], 'priority': None, 'show': True, 'force': False, 'expire': None, 'slide': None, 'tokens': {}, 'action': 'play'}}, 'context': 'show_2', 'calling_context': 0, 'priority': 10, 'show_tokens': {}, 'start_time': 3956.656}
2022-10-22 16:08:04,609 : mpfmc : SlidePlayer: Play called with settings={'awesome_slide': {'transition': {'type': 'push', 'duration': 1.0, 'direction': 'left', 'easing': 'out_quad'}, 'target': None, 'background_color': [0.0, 0.0, 0.0, 1.0], 'priority': None, 'show': True, 'force': False, 'expire': None, 'slide': None, 'tokens': {}, 'action': 'play'}}
2022-10-22 16:08:04,610 : EventManager : Event: ======'slide_awesome_slide_removed'====== Args={}
2022-10-22 16:08:04,614 : EventManager : Event: ======'slide_awesome_slide_created'====== Args={}
2022-10-22 16:08:04,617 : EventManager : Event: ======'slide_awesome_slide_active'====== Args={}
2022-10-22 16:08:07,624 : EventManager : Event: ======'slides_play'====== Args={'settings': {'press_start': {'transition': {'type': 'move_in', 'duration': 1.0, 'direction': 'right', 'easing': 'out_quad'}, 'target': None, 'background_color': [0.0, 0.0, 0.0, 1.0], 'priority': None, 'show': True, 'force': False, 'expire': None, 'slide': None, 'tokens': {}, 'action': 'play'}}, 'context': 'show_2', 'calling_context': 1, 'priority': 10, 'show_tokens': {}, 'start_time': 3959.656}
2022-10-22 16:08:07,624 : mpfmc : SlidePlayer: Play called with settings={'press_start': {'transition': {'type': 'move_in', 'duration': 1.0, 'direction': 'right', 'easing': 'out_quad'}, 'target': None, 'background_color': [0.0, 0.0, 0.0, 1.0], 'priority': None, 'show': True, 'force': False, 'expire': None, 'slide': None, 'tokens': {}, 'action': 'play'}}
2022-10-22 16:08:07,625 : EventManager : Event: ======'slide_press_start_removed'====== Args={}
2022-10-22 16:08:07,630 : EventManager : Event: ======'slide_press_start_created'====== Args={}
2022-10-22 16:08:07,631 : EventManager : Event: ======'slide_press_start_active'====== Args={}
2022-10-22 16:08:10,610 : EventManager : Event: ======'slides_play'====== Args={'settings': {'mission_pinball': {'transition': {'type': 'move_in', 'duration': 1.0, 'direction': 'top', 'easing': 'out_quad'}, 'target': None, 'background_color': [0.0, 0.0, 0.0, 1.0], 'priority': None, 'show': True, 'force': False, 'expire': None, 'slide': None, 'tokens': {}, 'action': 'play'}}, 'context': 'show_2', 'calling_context': 2, 'priority': 10, 'show_tokens': {}, 'start_time': 3962.656}
2022-10-22 16:08:10,610 : mpfmc : SlidePlayer: Play called with settings={'mission_pinball': {'transition': {'type': 'move_in', 'duration': 1.0, 'direction': 'top', 'easing': 'out_quad'}, 'target': None, 'background_color': [0.0, 0.0, 0.0, 1.0], 'priority': None, 'show': True, 'force': False, 'expire': None, 'slide': None, 'tokens': {}, 'action': 'play'}}
2022-10-22 16:08:10,610 : EventManager : Event: ======'slide_mission_pinball_removed'====== Args={}
2022-10-22 16:08:10,612 : EventManager : Event: ======'slide_mission_pinball_created'====== Args={}
2022-10-22 16:08:10,613 : EventManager : Event: ======'slide_mission_pinball_active'====== Args={}
2022-10-22 16:08:13,609 : EventManager : Event: ======'slides_play'====== Args={'settings': {'awesome_slide': {'transition': {'type': 'push', 'duration': 1.0, 'direction': 'left', 'easing': 'out_quad'}, 'target': None, 'background_color': [0.0, 0.0, 0.0, 1.0], 'priority': None, 'show': True, 'force': False, 'expire': None, 'slide': None, 'tokens': {}, 'action': 'play'}}, 'context': 'show_2', 'calling_context': 0, 'priority': 10, 'show_tokens': {}, 'start_time': 3965.656}
2022-10-22 16:08:13,610 : mpfmc : SlidePlayer: Play called with settings={'awesome_slide': {'transition': {'type': 'push', 'duration': 1.0, 'direction': 'left', 'easing': 'out_quad'}, 'target': None, 'background_color': [0.0, 0.0, 0.0, 1.0], 'priority': None, 'show': True, 'force': False, 'expire': None, 'slide': None, 'tokens': {}, 'action': 'play'}}
2022-10-22 16:08:13,610 : EventManager : Event: ======'slide_awesome_slide_removed'====== Args={}
2022-10-22 16:08:13,614 : EventManager : Event: ======'slide_awesome_slide_created'====== Args={}
2022-10-22 16:08:13,619 : EventManager : Event: ======'slide_awesome_slide_active'====== Args={}
2022-10-22 16:08:16,608 : EventManager : Event: ======'slides_play'====== Args={'settings': {'press_start': {'transition': {'type': 'move_in', 'duration': 1.0, 'direction': 'right', 'easing': 'out_quad'}, 'target': None, 'background_color': [0.0, 0.0, 0.0, 1.0], 'priority': None, 'show': True, 'force': False, 'expire': None, 'slide': None, 'tokens': {}, 'action': 'play'}}, 'context': 'show_2', 'calling_context': 1, 'priority': 10, 'show_tokens': {}, 'start_time': 3968.656}
2022-10-22 16:08:16,608 : mpfmc : SlidePlayer: Play called with settings={'press_start': {'transition': {'type': 'move_in', 'duration': 1.0, 'direction': 'right', 'easing': 'out_quad'}, 'target': None, 'background_color': [0.0, 0.0, 0.0, 1.0], 'priority': None, 'show': True, 'force': False, 'expire': None, 'slide': None, 'tokens': {}, 'action': 'play'}}
2022-10-22 16:08:16,608 : EventManager : Event: ======'slide_press_start_removed'====== Args={}
2022-10-22 16:08:16,612 : EventManager : Event: ======'slide_press_start_created'====== Args={}
2022-10-22 16:08:16,613 : EventManager : Event: ======'slide_press_start_active'====== Args={}
2022-10-22 16:08:19,596 : EventManager : Event: ======'slides_play'====== Args={'settings': {'mission_pinball': {'transition': {'type': 'move_in', 'duration': 1.0, 'direction': 'top', 'easing': 'out_quad'}, 'target': None, 'background_color': [0.0, 0.0, 0.0, 1.0], 'priority': None, 'show': True, 'force': False, 'expire': None, 'slide': None, 'tokens': {}, 'action': 'play'}}, 'context': 'show_2', 'calling_context': 2, 'priority': 10, 'show_tokens': {}, 'start_time': 3971.656}
2022-10-22 16:08:19,596 : mpfmc : SlidePlayer: Play called with settings={'mission_pinball': {'transition': {'type': 'move_in', 'duration': 1.0, 'direction': 'top', 'easing': 'out_quad'}, 'target': None, 'background_color': [0.0, 0.0, 0.0, 1.0], 'priority': None, 'show': True, 'force': False, 'expire': None, 'slide': None, 'tokens': {}, 'action': 'play'}}
2022-10-22 16:08:19,596 : EventManager : Event: ======'slide_mission_pinball_removed'====== Args={}
2022-10-22 16:08:19,598 : EventManager : Event: ======'slide_mission_pinball_created'====== Args={}
2022-10-22 16:08:19,598 : EventManager : Event: ======'slide_mission_pinball_active'====== Args={}
2022-10-22 16:08:22,596 : EventManager : Event: ======'slides_play'====== Args={'settings': {'awesome_slide': {'transition': {'type': 'push', 'duration': 1.0, 'direction': 'left', 'easing': 'out_quad'}, 'target': None, 'background_color': [0.0, 0.0, 0.0, 1.0], 'priority': None, 'show': True, 'force': False, 'expire': None, 'slide': None, 'tokens': {}, 'action': 'play'}}, 'context': 'show_2', 'calling_context': 0, 'priority': 10, 'show_tokens': {}, 'start_time': 3974.656}
2022-10-22 16:08:22,597 : mpfmc : SlidePlayer: Play called with settings={'awesome_slide': {'transition': {'type': 'push', 'duration': 1.0, 'direction': 'left', 'easing': 'out_quad'}, 'target': None, 'background_color': [0.0, 0.0, 0.0, 1.0], 'priority': None, 'show': True, 'force': False, 'expire': None, 'slide': None, 'tokens': {}, 'action': 'play'}}
2022-10-22 16:08:22,597 : EventManager : Event: ======'slide_awesome_slide_removed'====== Args={}
2022-10-22 16:08:22,605 : EventManager : Event: ======'slide_awesome_slide_created'====== Args={}
2022-10-22 16:08:22,610 : EventManager : Event: ======'slide_awesome_slide_active'====== Args={}
2022-10-22 16:08:25,609 : EventManager : Event: ======'slides_play'====== Args={'settings': {'press_start': {'transition': {'type': 'move_in', 'duration': 1.0, 'direction': 'right', 'easing': 'out_quad'}, 'target': None, 'background_color': [0.0, 0.0, 0.0, 1.0], 'priority': None, 'show': True, 'force': False, 'expire': None, 'slide': None, 'tokens': {}, 'action': 'play'}}, 'context': 'show_2', 'calling_context': 1, 'priority': 10, 'show_tokens': {}, 'start_time': 3977.656}
2022-10-22 16:08:25,609 : mpfmc : SlidePlayer: Play called with settings={'press_start': {'transition': {'type': 'move_in', 'duration': 1.0, 'direction': 'right', 'easing': 'out_quad'}, 'target': None, 'background_color': [0.0, 0.0, 0.0, 1.0], 'priority': None, 'show': True, 'force': False, 'expire': None, 'slide': None, 'tokens': {}, 'action': 'play'}}
2022-10-22 16:08:25,610 : EventManager : Event: ======'slide_press_start_removed'====== Args={}
2022-10-22 16:08:25,614 : EventManager : Event: ======'slide_press_start_created'====== Args={}
2022-10-22 16:08:25,615 : EventManager : Event: ======'slide_press_start_active'====== Args={}
2022-10-22 16:08:28,598 : EventManager : Event: ======'slides_play'====== Args={'settings': {'mission_pinball': {'transition': {'type': 'move_in', 'duration': 1.0, 'direction': 'top', 'easing': 'out_quad'}, 'target': None, 'background_color': [0.0, 0.0, 0.0, 1.0], 'priority': None, 'show': True, 'force': False, 'expire': None, 'slide': None, 'tokens': {}, 'action': 'play'}}, 'context': 'show_2', 'calling_context': 2, 'priority': 10, 'show_tokens': {}, 'start_time': 3980.656}
2022-10-22 16:08:28,598 : mpfmc : SlidePlayer: Play called with settings={'mission_pinball': {'transition': {'type': 'move_in', 'duration': 1.0, 'direction': 'top', 'easing': 'out_quad'}, 'target': None, 'background_color': [0.0, 0.0, 0.0, 1.0], 'priority': None, 'show': True, 'force': False, 'expire': None, 'slide': None, 'tokens': {}, 'action': 'play'}}
2022-10-22 16:08:28,598 : EventManager : Event: ======'slide_mission_pinball_removed'====== Args={}
2022-10-22 16:08:28,601 : EventManager : Event: ======'slide_mission_pinball_created'====== Args={}
2022-10-22 16:08:28,602 : EventManager : Event: ======'slide_mission_pinball_active'====== Args={}
2022-10-22 16:08:31,607 : EventManager : Event: ======'slides_play'====== Args={'settings': {'awesome_slide': {'transition': {'type': 'push', 'duration': 1.0, 'direction': 'left', 'easing': 'out_quad'}, 'target': None, 'background_color': [0.0, 0.0, 0.0, 1.0], 'priority': None, 'show': True, 'force': False, 'expire': None, 'slide': None, 'tokens': {}, 'action': 'play'}}, 'context': 'show_2', 'calling_context': 0, 'priority': 10, 'show_tokens': {}, 'start_time': 3983.656}
2022-10-22 16:08:31,607 : mpfmc : SlidePlayer: Play called with settings={'awesome_slide': {'transition': {'type': 'push', 'duration': 1.0, 'direction': 'left', 'easing': 'out_quad'}, 'target': None, 'background_color': [0.0, 0.0, 0.0, 1.0], 'priority': None, 'show': True, 'force': False, 'expire': None, 'slide': None, 'tokens': {}, 'action': 'play'}}
2022-10-22 16:08:31,608 : EventManager : Event: ======'slide_awesome_slide_removed'====== Args={}
2022-10-22 16:08:31,619 : EventManager : Event: ======'slide_awesome_slide_created'====== Args={}
2022-10-22 16:08:31,625 : EventManager : Event: ======'slide_awesome_slide_active'====== Args={}
2022-10-22 16:08:34,606 : EventManager : Event: ======'slides_play'====== Args={'settings': {'press_start': {'transition': {'type': 'move_in', 'duration': 1.0, 'direction': 'right', 'easing': 'out_quad'}, 'target': None, 'background_color': [0.0, 0.0, 0.0, 1.0], 'priority': None, 'show': True, 'force': False, 'expire': None, 'slide': None, 'tokens': {}, 'action': 'play'}}, 'context': 'show_2', 'calling_context': 1, 'priority': 10, 'show_tokens': {}, 'start_time': 3986.656}
2022-10-22 16:08:34,608 : mpfmc : SlidePlayer: Play called with settings={'press_start': {'transition': {'type': 'move_in', 'duration': 1.0, 'direction': 'right', 'easing': 'out_quad'}, 'target': None, 'background_color': [0.0, 0.0, 0.0, 1.0], 'priority': None, 'show': True, 'force': False, 'expire': None, 'slide': None, 'tokens': {}, 'action': 'play'}}
2022-10-22 16:08:34,609 : EventManager : Event: ======'slide_press_start_removed'====== Args={}
2022-10-22 16:08:34,626 : EventManager : Event: ======'slide_press_start_created'====== Args={}
2022-10-22 16:08:34,629 : EventManager : Event: ======'slide_press_start_active'====== Args={}
2022-10-22 16:08:37,625 : EventManager : Event: ======'slides_play'====== Args={'settings': {'mission_pinball': {'transition': {'type': 'move_in', 'duration': 1.0, 'direction': 'top', 'easing': 'out_quad'}, 'target': None, 'background_color': [0.0, 0.0, 0.0, 1.0], 'priority': None, 'show': True, 'force': False, 'expire': None, 'slide': None, 'tokens': {}, 'action': 'play'}}, 'context': 'show_2', 'calling_context': 2, 'priority': 10, 'show_tokens': {}, 'start_time': 3989.656}
2022-10-22 16:08:37,625 : mpfmc : SlidePlayer: Play called with settings={'mission_pinball': {'transition': {'type': 'move_in', 'duration': 1.0, 'direction': 'top', 'easing': 'out_quad'}, 'target': None, 'background_color': [0.0, 0.0, 0.0, 1.0], 'priority': None, 'show': True, 'force': False, 'expire': None, 'slide': None, 'tokens': {}, 'action': 'play'}}
2022-10-22 16:08:37,625 : EventManager : Event: ======'slide_mission_pinball_removed'====== Args={}
2022-10-22 16:08:37,675 : EventManager : Event: ======'slide_mission_pinball_created'====== Args={}
2022-10-22 16:08:37,678 : EventManager : Event: ======'slide_mission_pinball_active'====== Args={}
2022-10-22 16:08:40,615 : EventManager : Event: ======'slides_play'====== Args={'settings': {'awesome_slide': {'transition': {'type': 'push', 'duration': 1.0, 'direction': 'left', 'easing': 'out_quad'}, 'target': None, 'background_color': [0.0, 0.0, 0.0, 1.0], 'priority': None, 'show': True, 'force': False, 'expire': None, 'slide': None, 'tokens': {}, 'action': 'play'}}, 'context': 'show_2', 'calling_context': 0, 'priority': 10, 'show_tokens': {}, 'start_time': 3992.656}
2022-10-22 16:08:40,615 : mpfmc : SlidePlayer: Play called with settings={'awesome_slide': {'transition': {'type': 'push', 'duration': 1.0, 'direction': 'left', 'easing': 'out_quad'}, 'target': None, 'background_color': [0.0, 0.0, 0.0, 1.0], 'priority': None, 'show': True, 'force': False, 'expire': None, 'slide': None, 'tokens': {}, 'action': 'play'}}
2022-10-22 16:08:40,615 : EventManager : Event: ======'slide_awesome_slide_removed'====== Args={}
2022-10-22 16:08:40,619 : EventManager : Event: ======'slide_awesome_slide_created'====== Args={}
2022-10-22 16:08:40,622 : EventManager : Event: ======'slide_awesome_slide_active'====== Args={}
2022-10-22 16:08:43,626 : EventManager : Event: ======'slides_play'====== Args={'settings': {'press_start': {'transition': {'type': 'move_in', 'duration': 1.0, 'direction': 'right', 'easing': 'out_quad'}, 'target': None, 'background_color': [0.0, 0.0, 0.0, 1.0], 'priority': None, 'show': True, 'force': False, 'expire': None, 'slide': None, 'tokens': {}, 'action': 'play'}}, 'context': 'show_2', 'calling_context': 1, 'priority': 10, 'show_tokens': {}, 'start_time': 3995.656}
2022-10-22 16:08:43,626 : mpfmc : SlidePlayer: Play called with settings={'press_start': {'transition': {'type': 'move_in', 'duration': 1.0, 'direction': 'right', 'easing': 'out_quad'}, 'target': None, 'background_color': [0.0, 0.0, 0.0, 1.0], 'priority': None, 'show': True, 'force': False, 'expire': None, 'slide': None, 'tokens': {}, 'action': 'play'}}
2022-10-22 16:08:43,626 : EventManager : Event: ======'slide_press_start_removed'====== Args={}
2022-10-22 16:08:43,629 : EventManager : Event: ======'slide_press_start_created'====== Args={}
2022-10-22 16:08:43,633 : EventManager : Event: ======'slide_press_start_active'====== Args={}
2022-10-22 16:08:46,610 : EventManager : Event: ======'slides_play'====== Args={'settings': {'mission_pinball': {'transition': {'type': 'move_in', 'duration': 1.0, 'direction': 'top', 'easing': 'out_quad'}, 'target': None, 'background_color': [0.0, 0.0, 0.0, 1.0], 'priority': None, 'show': True, 'force': False, 'expire': None, 'slide': None, 'tokens': {}, 'action': 'play'}}, 'context': 'show_2', 'calling_context': 2, 'priority': 10, 'show_tokens': {}, 'start_time': 3998.656}
2022-10-22 16:08:46,610 : mpfmc : SlidePlayer: Play called with settings={'mission_pinball': {'transition': {'type': 'move_in', 'duration': 1.0, 'direction': 'top', 'easing': 'out_quad'}, 'target': None, 'background_color': [0.0, 0.0, 0.0, 1.0], 'priority': None, 'show': True, 'force': False, 'expire': None, 'slide': None, 'tokens': {}, 'action': 'play'}}
2022-10-22 16:08:46,610 : EventManager : Event: ======'slide_mission_pinball_removed'====== Args={}
2022-10-22 16:08:46,614 : EventManager : Event: ======'slide_mission_pinball_created'====== Args={}
2022-10-22 16:08:46,615 : EventManager : Event: ======'slide_mission_pinball_active'====== Args={}
2022-10-22 16:08:48,708 : kivy : Base: Leaving application in progress...
2022-10-22 16:08:48,708 : mpfmc : Stopping...
2022-10-22 16:08:48,708 : EventManager : Event: ======'shutdown'====== Args={}
2022-10-22 16:08:48,708 : AudioInterface : Disabling audio playback
2022-10-22 16:08:48,837 : mpfmc : Loop rate 79.81 Hz
2022-10-22 16:08:48,837 : kivy : MC run loop ended.
2022-10-22 16:08:48,837 : kivy : Stopping child threads... (3 remaining)
2022-10-22 16:08:49,284 : mpfmc : Stopping...
2022-10-22 16:08:49,284 : EventManager : Event: ======'shutdown'====== Args={}
2022-10-22 16:08:49,284 : mpfmc : Loop rate 79.63 Hz
2022-10-22 16:08:49,291 : MPF-MC BCP Server : Stopping BCP sending thread
2022-10-22 16:08:49,338 : kivy : All child threads stopped.
