2022-09-17 08:34:39,242 : INFO : root : Loading config.
2022-09-17 08:34:39,245 : INFO : YamlMultifileConfigLoader : Machine config file #1: config.yaml
2022-09-17 08:34:39,246 : WARNING : ConfigProcessor : Config file in cache changed: C:\pinball\mpfv1\config\config.yaml
2022-09-17 08:34:39,246 : INFO : ConfigProcessor : Loading config from file C:\Users\dorus\AppData\Local\Programs\Python\Python38\lib\site-packages\mpf\mpfconfig.yaml.
2022-09-17 08:34:39,303 : INFO : ConfigProcessor : Loading config: C:\Users\dorus\AppData\Local\Programs\Python\Python38\lib\site-packages\mpf\mpfconfig.yaml
2022-09-17 08:34:39,304 : INFO : ConfigProcessor : Loading config from file C:\pinball\mpfv1\config\config.yaml.
2022-09-17 08:34:39,313 : INFO : ConfigProcessor : Loading config: C:\pinball\mpfv1\config\config.yaml
2022-09-17 08:34:39,336 : INFO : ConfigProcessor : Loading config: C:\pinball\mpfv1\config\hardware.yaml
2022-09-17 08:34:39,344 : INFO : ConfigProcessor : Loading config: C:\pinball\mpfv1\config\sounds.yaml
2022-09-17 08:34:39,347 : INFO : ConfigProcessor : Loading config: C:\pinball\mpfv1\config\display.yaml
2022-09-17 08:34:39,354 : INFO : ConfigProcessor : Loading config: C:\pinball\mpfv1\config\keyboard.yaml
2022-09-17 08:34:39,356 : INFO : ConfigProcessor : Config file cache created: C:\Users\dorus\AppData\Local\Temp\0aa359e6326ef14bcc36d32fc9dec35b.mpf_cache
2022-09-17 08:34:39,439 : INFO : ConfigProcessor : Loading config from cache: C:\Users\dorus\AppData\Local\Temp\5eb3439dbf16142704b5198a23e9a58c.mpf_cache
2022-09-17 08:34:39,440 : INFO : ConfigProcessor : Loading config from cache: C:\Users\dorus\AppData\Local\Temp\336e6d2601ccb63523c70814805acbf1.mpf_cache
2022-09-17 08:34:39,440 : WARNING : ConfigProcessor : Config file in cache changed: C:\pinball\mpfv1\modes\base\config\base.yaml
2022-09-17 08:34:39,440 : INFO : ConfigProcessor : Loading config from file C:\pinball\mpfv1\modes\base\config\base.yaml.
2022-09-17 08:34:39,453 : INFO : ConfigProcessor : Loading config: C:\pinball\mpfv1\modes\base\config\base.yaml
2022-09-17 08:34:39,453 : INFO : ConfigProcessor : Config file cache created: C:\Users\dorus\AppData\Local\Temp\d4952d0b9ea6ba2ec58a4f9adbee2d8a.mpf_cache
2022-09-17 08:34:39,454 : INFO : ConfigProcessor : Loading config from cache: C:\Users\dorus\AppData\Local\Temp\559f6283f098772e04564bccbb105016.mpf_cache
2022-09-17 08:34:39,455 : INFO : ConfigProcessor : Loading config from file C:\pinball\mpfv1\modes\lanes\config\lanes.yaml.
2022-09-17 08:34:39,462 : INFO : ConfigProcessor : Loading config: C:\pinball\mpfv1\modes\lanes\config\lanes.yaml
2022-09-17 08:34:39,463 : INFO : ConfigProcessor : Config file cache created: C:\Users\dorus\AppData\Local\Temp\9d4ddc5b486987071715110e2b9dff2c.mpf_cache
2022-09-17 08:34:39,464 : INFO : ConfigProcessor : Loading config from cache: C:\Users\dorus\AppData\Local\Temp\f88a77831ebd1fc65525f08072013dbd.mpf_cache
2022-09-17 08:34:39,465 : INFO : Machine : Mission Pinball Framework Core Engine v0.55.0
2022-09-17 08:34:39,465 : INFO : Machine : Command line arguments: {'no_load_cache': False, 'create_config_cache': True, 'bcp': True, 'configfile': ['config.yaml'], 'force_assets_load': False, 'jsonlogging': False, 'logfile': 'logs\\2022-09-17-08-34-39-mpf-LAPTOP-AS8QDAQG.log', 'pause': False, 'production': False, 'text_ui': True, 'loglevel': 15, 'consoleloglevel': 20, 'force_platform': None, 'syslog_address': None, 'mc_file_name': None, 'no_sound': False}
2022-09-17 08:34:39,465 : INFO : Machine : MPF path: C:\Users\dorus\AppData\Local\Programs\Python\Python38\lib\site-packages\mpf
2022-09-17 08:34:39,465 : INFO : Machine : Machine path: C:\pinball\mpfv1
2022-09-17 08:34:39,465 : INFO : Machine : Platform: win32
2022-09-17 08:34:39,465 : INFO : Machine : Python executable location: C:\Users\dorus\AppData\Local\Programs\Python\Python38\python.exe
2022-09-17 08:34:39,465 : INFO : Machine : Python version: 3.8.10 (64-bit)
2022-09-17 08:34:39,467 : INFO : Machine : Initialise MPF.
2022-09-17 08:34:39,613 : INFO : OPP : Connecting to COM7 at 115200bps
2022-09-17 08:34:39,711 : INFO : OPP : Init of OPP board COM7 done
2022-09-17 08:34:39,711 : INFO : EventManager : Event: ======'machine_var_credits_string'====== Args={'value': 'FREE PLAY', 'prev_value': None, 'change': True}
2022-09-17 08:34:39,766 : INFO : EventManager : Event: ======'machine_var_master_volume'====== Args={'value': 0.5, 'prev_value': None, 'change': True}
2022-09-17 08:34:39,766 : INFO : EventManager : Event: ======'machine_var_player1_score'====== Args={'value': 17500, 'prev_value': None, 'change': True}
2022-09-17 08:34:39,766 : INFO : EventManager : Event: ======'machine_var_mpf_version'====== Args={'value': 'MPF v0.55.0', 'prev_value': None, 'change': True}
2022-09-17 08:34:39,766 : INFO : EventManager : Event: ======'machine_var_mpf_extended_version'====== Args={'value': 'MPF v0.55.0, Config version:5, Show version: 5, BCP version:1.1', 'prev_value': None, 'change': True}
2022-09-17 08:34:39,766 : INFO : EventManager : Event: ======'machine_var_python_version'====== Args={'value': '3.8.10', 'prev_value': None, 'change': True}
2022-09-17 08:34:39,777 : INFO : EventManager : Event: ======'machine_var_platform'====== Args={'value': 'Windows-10-10.0.19044-SP0', 'prev_value': None, 'change': True}
2022-09-17 08:34:39,778 : INFO : EventManager : Event: ======'machine_var_platform_system'====== Args={'value': 'Windows', 'prev_value': None, 'change': True}
2022-09-17 08:34:39,778 : INFO : EventManager : Event: ======'machine_var_platform_release'====== Args={'value': '10', 'prev_value': None, 'change': True}
2022-09-17 08:34:39,778 : INFO : EventManager : Event: ======'machine_var_platform_version'====== Args={'value': '10.0.19044', 'prev_value': None, 'change': True}
2022-09-17 08:34:39,778 : INFO : EventManager : Event: ======'machine_var_platform_machine'====== Args={'value': 'AMD64', 'prev_value': None, 'change': True}
2022-09-17 08:34:39,778 : INFO : EventManager : Event: ======'init_phase_1'====== Args={}
2022-09-17 08:34:39,806 : INFO : EventManager : Event: ======'drop_target_bank_db_dropbank_up'====== Args={}
2022-09-17 08:34:39,807 : INFO : EventManager : Event: ======'init_phase_2'====== Args={}
2022-09-17 08:34:39,808 : INFO : SwitchController : Found active switch: ('COM7-0-25', <Platform.OPP>) <switch.s_trough_jam>
2022-09-17 08:34:39,808 : INFO : SwitchController : Found active switch: ('COM7-1-25', <Platform.OPP>) <switch.s_drop1>
2022-09-17 08:34:39,812 : INFO : EventManager : Event: ======'bcp_connection_attempt'====== Args={'name': 'local_display', 'host': 'localhost', 'port': 5050}
2022-09-17 08:34:39,814 : INFO : BCPClientSocket : Connecting BCP to 'local_display' at localhost:5050...
2022-09-17 08:34:41,855 : INFO : BCPClientSocket : Connected BCP to 'local_display' localhost:5050
2022-09-17 08:34:41,857 : INFO : EventManager : Event: ======'bcp_clients_connected'====== Args={}
2022-09-17 08:34:41,858 : INFO : EventManager : Event: ======'machine_var_mc_version'====== Args={'value': 'MPF-MC v0.55.0', 'prev_value': None, 'change': True}
2022-09-17 08:34:41,859 : INFO : EventManager : Event: ======'machine_var_mc_extended_version'====== Args={'value': 'MPF-MC v0.55.0 (config_version=5, BCP v1.1, Requires MPF v0.55.0-dev.49)', 'prev_value': None, 'change': True}
2022-09-17 08:34:41,879 : INFO : ball_device.bd_trough : BCH: Count is unstable. Trying to reorder balls.
2022-09-17 08:34:41,879 : WARNING : ball_device.bd_trough : Cannot reorder device because eject_coil_reorder_pulse is not configured
2022-09-17 08:34:41,879 : INFO : ball_device.bd_trough : BCH: Repulse done. Waiting for balls to settle.
2022-09-17 08:34:41,879 : INFO : ball_device.bd_trough : BCH: Initial count: 1
2022-09-17 08:34:41,880 : INFO : ball_device.bd_trough : State: idle
2022-09-17 08:34:41,881 : INFO : ball_device.bd_plunger : BCH: Initial count: 0
2022-09-17 08:34:41,881 : INFO : ball_device.bd_plunger : State: idle
2022-09-17 08:34:41,882 : INFO : ball_device.bd_vukmid : BCH: Initial count: 0
2022-09-17 08:34:41,882 : INFO : ball_device.bd_vukmid : State: idle
2022-09-17 08:34:41,883 : INFO : ball_device.bd_vuktop : BCH: Initial count: 0
2022-09-17 08:34:41,883 : INFO : ball_device.bd_vuktop : State: idle
2022-09-17 08:34:41,944 : INFO : EventManager : Event: ======'init_phase_3'====== Args={}
2022-09-17 08:34:41,947 : INFO : EventManager : Event: ======'init_phase_4'====== Args={}
2022-09-17 08:34:41,947 : INFO : EventManager : Event: ======'playfield_active'====== Args={}
2022-09-17 08:34:41,948 : INFO : EventManager : Event: ======'unexpected_ball_on_playfield'====== Args={}
2022-09-17 08:34:41,948 : INFO : EventManager : Event: ======'drop_target_d_drop_target1_down'====== Args={'device': <drop_target.d_drop_target1>}
2022-09-17 08:34:41,948 : INFO : EventManager : Event: ======'drop_target_bank_db_dropbank_mixed'====== Args={'prev_value': <DropTargetBankState.UP: 'up'>, 'down': 1}
2022-09-17 08:34:41,948 : INFO : EventManager : Event: ======'playfield_active'====== Args={}
2022-09-17 08:34:41,948 : INFO : EventManager : Event: ======'unexpected_ball_on_playfield'====== Args={}
2022-09-17 08:34:41,948 : INFO : EventManager : Event: ======'playfield_active'====== Args={}
2022-09-17 08:34:41,948 : INFO : EventManager : Event: ======'unexpected_ball_on_playfield'====== Args={}
2022-09-17 08:34:41,948 : INFO : BallController : Initial balls found: 1
2022-09-17 08:34:41,950 : INFO : EventManager : Event: ======'machine_var_audits_events_game_ended'====== Args={'value': 0, 'prev_value': None, 'change': True}
2022-09-17 08:34:41,950 : INFO : EventManager : Event: ======'machine_var_audits_events_game_started'====== Args={'value': 0, 'prev_value': None, 'change': True}
2022-09-17 08:34:41,950 : INFO : EventManager : Event: ======'machine_var_audits_player_score'====== Args={'value': {'average': 27625.0, 'top': [41000, 31800, 20200, 17500], 'total': 4}, 'prev_value': None, 'change': True}
2022-09-17 08:34:41,951 : INFO : EventManager : Event: ======'machine_var_audits_shots_orbit'====== Args={'value': 10, 'prev_value': None, 'change': True}
2022-09-17 08:34:41,951 : INFO : EventManager : Event: ======'machine_var_audits_shots_spinner'====== Args={'value': 40, 'prev_value': None, 'change': True}
2022-09-17 08:34:41,951 : INFO : EventManager : Event: ======'machine_var_audits_switches_s_bottomlane1'====== Args={'value': 4, 'prev_value': None, 'change': True}
2022-09-17 08:34:41,951 : INFO : EventManager : Event: ======'machine_var_audits_switches_s_bottomlane2'====== Args={'value': 5, 'prev_value': None, 'change': True}
2022-09-17 08:34:41,951 : INFO : EventManager : Event: ======'machine_var_audits_switches_s_bottomlane3'====== Args={'value': 5, 'prev_value': None, 'change': True}
2022-09-17 08:34:41,951 : INFO : EventManager : Event: ======'machine_var_audits_switches_s_bottomlane4'====== Args={'value': 15, 'prev_value': None, 'change': True}
2022-09-17 08:34:41,951 : INFO : EventManager : Event: ======'machine_var_audits_switches_s_bottomlane5'====== Args={'value': 1, 'prev_value': None, 'change': True}
2022-09-17 08:34:41,951 : INFO : EventManager : Event: ======'machine_var_audits_switches_s_drop1'====== Args={'value': 26, 'prev_value': None, 'change': True}
2022-09-17 08:34:41,952 : INFO : EventManager : Event: ======'machine_var_audits_switches_s_drop2'====== Args={'value': 9, 'prev_value': None, 'change': True}
2022-09-17 08:34:41,952 : INFO : EventManager : Event: ======'machine_var_audits_switches_s_drop3'====== Args={'value': 5, 'prev_value': None, 'change': True}
2022-09-17 08:34:41,952 : INFO : EventManager : Event: ======'machine_var_audits_switches_s_launch'====== Args={'value': 6, 'prev_value': None, 'change': True}
2022-09-17 08:34:41,952 : INFO : EventManager : Event: ======'machine_var_audits_switches_s_left01'====== Args={'value': 19, 'prev_value': None, 'change': True}
2022-09-17 08:34:41,952 : INFO : EventManager : Event: ======'machine_var_audits_switches_s_left02'====== Args={'value': 20, 'prev_value': None, 'change': True}
2022-09-17 08:34:41,952 : INFO : EventManager : Event: ======'machine_var_audits_switches_s_left03'====== Args={'value': 10, 'prev_value': None, 'change': True}
2022-09-17 08:34:41,952 : INFO : EventManager : Event: ======'machine_var_audits_switches_s_left_sling'====== Args={'value': 24, 'prev_value': None, 'change': True}
2022-09-17 08:34:41,952 : INFO : EventManager : Event: ======'machine_var_audits_switches_s_orbit1'====== Args={'value': 32, 'prev_value': None, 'change': True}
2022-09-17 08:34:41,952 : INFO : EventManager : Event: ======'machine_var_audits_switches_s_orbit2'====== Args={'value': 0, 'prev_value': None, 'change': True}
2022-09-17 08:34:41,953 : INFO : EventManager : Event: ======'machine_var_audits_switches_s_plunger_lane'====== Args={'value': 40, 'prev_value': None, 'change': True}
2022-09-17 08:34:41,953 : INFO : EventManager : Event: ======'machine_var_audits_switches_s_popbumber_1'====== Args={'value': 37, 'prev_value': None, 'change': True}
2022-09-17 08:34:41,953 : INFO : EventManager : Event: ======'machine_var_audits_switches_s_popbumber_2'====== Args={'value': 39, 'prev_value': None, 'change': True}
2022-09-17 08:34:41,953 : INFO : EventManager : Event: ======'machine_var_audits_switches_s_popbumber_3'====== Args={'value': 23, 'prev_value': None, 'change': True}
2022-09-17 08:34:41,953 : INFO : EventManager : Event: ======'machine_var_audits_switches_s_ramp'====== Args={'value': 17, 'prev_value': None, 'change': True}
2022-09-17 08:34:41,953 : INFO : EventManager : Event: ======'machine_var_audits_switches_s_right_sling'====== Args={'value': 24, 'prev_value': None, 'change': True}
2022-09-17 08:34:41,953 : INFO : EventManager : Event: ======'machine_var_audits_switches_s_rigth01'====== Args={'value': 9, 'prev_value': None, 'change': True}
2022-09-17 08:34:41,954 : INFO : EventManager : Event: ======'machine_var_audits_switches_s_rigth02'====== Args={'value': 6, 'prev_value': None, 'change': True}
2022-09-17 08:34:41,954 : INFO : EventManager : Event: ======'machine_var_audits_switches_s_rigth03'====== Args={'value': 1, 'prev_value': None, 'change': True}
2022-09-17 08:34:41,954 : INFO : EventManager : Event: ======'machine_var_audits_switches_s_spinner'====== Args={'value': 133, 'prev_value': None, 'change': True}
2022-09-17 08:34:41,954 : INFO : EventManager : Event: ======'machine_var_audits_switches_s_start'====== Args={'value': 0, 'prev_value': None, 'change': True}
2022-09-17 08:34:41,954 : INFO : EventManager : Event: ======'machine_var_audits_switches_s_top'====== Args={'value': 9, 'prev_value': None, 'change': True}
2022-09-17 08:34:41,954 : INFO : EventManager : Event: ======'machine_var_audits_switches_s_toplane1'====== Args={'value': 87, 'prev_value': None, 'change': True}
2022-09-17 08:34:41,954 : INFO : EventManager : Event: ======'machine_var_audits_switches_s_toplane2'====== Args={'value': 5, 'prev_value': None, 'change': True}
2022-09-17 08:34:41,955 : INFO : EventManager : Event: ======'machine_var_audits_switches_s_toplane3'====== Args={'value': 5, 'prev_value': None, 'change': True}
2022-09-17 08:34:41,955 : INFO : EventManager : Event: ======'machine_var_audits_switches_s_trough1'====== Args={'value': 14, 'prev_value': None, 'change': True}
2022-09-17 08:34:41,955 : INFO : EventManager : Event: ======'machine_var_audits_switches_s_trough2'====== Args={'value': 20, 'prev_value': None, 'change': True}
2022-09-17 08:34:41,955 : INFO : EventManager : Event: ======'machine_var_audits_switches_s_trough3'====== Args={'value': 12, 'prev_value': None, 'change': True}
2022-09-17 08:34:41,956 : INFO : EventManager : Event: ======'machine_var_audits_switches_s_trough4'====== Args={'value': 17, 'prev_value': None, 'change': True}
2022-09-17 08:34:41,956 : INFO : EventManager : Event: ======'machine_var_audits_switches_s_trough5'====== Args={'value': 12, 'prev_value': None, 'change': True}
2022-09-17 08:34:41,956 : INFO : EventManager : Event: ======'machine_var_audits_switches_s_trough6'====== Args={'value': 12, 'prev_value': None, 'change': True}
2022-09-17 08:34:41,957 : INFO : EventManager : Event: ======'machine_var_audits_switches_s_trough_jam'====== Args={'value': 13, 'prev_value': None, 'change': True}
2022-09-17 08:34:41,957 : INFO : EventManager : Event: ======'machine_var_audits_switches_s_vukmid'====== Args={'value': 15, 'prev_value': None, 'change': True}
2022-09-17 08:34:41,957 : INFO : EventManager : Event: ======'machine_var_audits_switches_s_vuktop'====== Args={'value': 6, 'prev_value': None, 'change': True}
2022-09-17 08:34:41,958 : INFO : EventManager : Event: ======'init_phase_5'====== Args={}
2022-09-17 08:34:41,966 : INFO : EventManager : Event: ======'init_done'====== Args={}
2022-09-17 08:34:41,967 : INFO : EventManager : Event: ======'machine_reset_phase_1'====== Args={}
2022-09-17 08:34:41,970 : INFO : EventManager : Event: ======'slide_welcome_slide_removed'====== Args={'_from_bcp': True}
2022-09-17 08:34:41,973 : INFO : EventManager : Event: ======'slide_welcome_slide_created'====== Args={'_from_bcp': True}
2022-09-17 08:34:41,974 : INFO : EventManager : Event: ======'slide_welcome_slide_active'====== Args={'_from_bcp': True}
2022-09-17 08:34:41,975 : INFO : EventManager : Event: ======'machine_reset_phase_2'====== Args={}
2022-09-17 08:34:41,975 : INFO : EventManager : Event: ======'machine_reset_phase_3'====== Args={}
2022-09-17 08:34:41,975 : INFO : drop_target_bank.db_dropbank : 1 targets are down. Will reset those.
2022-09-17 08:34:41,976 : INFO : coil.c_drop : Pulsing Driver for 16ms (1.0 pulse_power)
2022-09-17 08:34:41,976 : INFO : EventManager : Event: ======'reset_complete'====== Args={}
2022-09-17 08:34:41,976 : INFO : EventManager : Event: ======'mode_attract_will_start'====== Args={}
2022-09-17 08:34:41,977 : INFO : EventManager : Event: ======'mode_attract_starting'====== Args={}
2022-09-17 08:34:41,977 : INFO : Mode.attract : Started. Priority: 10
2022-09-17 08:34:41,977 : INFO : EventManager : Event: ======'modes_active_modes_changed'====== Args={}
2022-09-17 08:34:41,977 : INFO : EventManager : Event: ======'mode_attract_started'====== Args={}
2022-09-17 08:34:41,978 : INFO : EventManager : Event: ======'collecting_balls_complete'====== Args={}
2022-09-17 08:34:42,002 : INFO : EventManager : Event: ======'slide_awesome_slide_created'====== Args={'_from_bcp': True}
2022-09-17 08:34:42,002 : INFO : EventManager : Event: ======'slide_awesome_slide_active'====== Args={'_from_bcp': True}
2022-09-17 08:34:42,003 : INFO : Machine : Starting the main run loop.
2022-09-17 08:34:42,464 : INFO : EventManager : Event: ======'drop_target_bank_db_dropbank_mixed'====== Args={'prev_value': <DropTargetBankState.MIXED: 'mixed'>, 'down': 1}
2022-09-17 08:34:44,983 : INFO : EventManager : Event: ======'slide_press_start_created'====== Args={'_from_bcp': True}
2022-09-17 08:34:44,983 : INFO : EventManager : Event: ======'slide_press_start_active'====== Args={'_from_bcp': True}
2022-09-17 08:34:46,922 : INFO : SwitchController : <<<<<<< 's_trough1' active >>>>>>>
2022-09-17 08:34:47,230 : INFO : SwitchController : <<<<<<< 's_trough2' active >>>>>>>
2022-09-17 08:34:47,584 : INFO : SwitchController : <<<<<<< 's_trough3' active >>>>>>>
2022-09-17 08:34:47,980 : INFO : EventManager : Event: ======'slide_mission_pinball_created'====== Args={'_from_bcp': True}
2022-09-17 08:34:47,980 : INFO : EventManager : Event: ======'slide_mission_pinball_active'====== Args={'_from_bcp': True}
2022-09-17 08:34:48,021 : INFO : SwitchController : <<<<<<< 's_trough4' active >>>>>>>
2022-09-17 08:34:48,526 : INFO : EventManager : Event: ======'balldevice_bd_trough_ball_count_changed'====== Args={'balls': 5}
2022-09-17 08:34:48,527 : INFO : ball_device.bd_trough : Received unexpected ball
2022-09-17 08:34:48,527 : INFO : EventManager : Event: ======'balldevice_captured_from_playfield'====== Args={'balls': 1}
2022-09-17 08:34:48,528 : INFO : EventManager : Event: ======'sw_playfield_active'====== Args={'balls': 1}
2022-09-17 08:34:48,528 : INFO : EventManager : Event: ======'playfield_active'====== Args={}
2022-09-17 08:34:48,528 : INFO : EventManager : Event: ======'unexpected_ball_on_playfield'====== Args={}
2022-09-17 08:34:48,528 : INFO : EventManager : Event: ======'playfield_ball_count_change'====== Args={'balls': -1, 'change': -1}
2022-09-17 08:34:48,529 : INFO : EventManager : Event: ======'balldevice_playfield_ball_enter'====== Args={'new_balls': 1, 'unclaimed_balls': 1, 'device': <playfield.playfield>}
2022-09-17 08:34:48,529 : INFO : EventManager : Event: ======'playfield_ball_count_change'====== Args={'balls': 0, 'change': 1}
2022-09-17 08:34:48,530 : INFO : BallController : Found a new ball which was captured from playfield. Known balls: 2
2022-09-17 08:34:48,530 : INFO : EventManager : Event: ======'found_new_ball'====== Args={}
2022-09-17 08:34:48,530 : INFO : EventManager : Event: ======'balldevice_bd_trough_ball_enter'====== Args={'new_balls': 1, 'unclaimed_balls': 1, 'new_available_balls': 1, 'device': <ball_device.bd_trough>}
2022-09-17 08:34:48,530 : INFO : EventManager : Event: ======'ball_drain'====== Args={'device': <ball_device.bd_trough>, 'balls': 1}
2022-09-17 08:34:48,531 : INFO : EventManager : Event: ======'balldevice_balls_available'====== Args={}
2022-09-17 08:34:48,531 : INFO : EventManager : Event: ======'balldevice_bd_trough_ball_entered'====== Args={'new_balls': 1, 'device': <ball_device.bd_trough>}
2022-09-17 08:34:48,531 : INFO : ball_device.bd_trough : Received unexpected ball
2022-09-17 08:34:48,531 : INFO : EventManager : Event: ======'balldevice_captured_from_playfield'====== Args={'balls': 1}
2022-09-17 08:34:48,532 : INFO : EventManager : Event: ======'sw_playfield_active'====== Args={'balls': 1}
2022-09-17 08:34:48,532 : INFO : EventManager : Event: ======'playfield_active'====== Args={}
2022-09-17 08:34:48,532 : INFO : EventManager : Event: ======'unexpected_ball_on_playfield'====== Args={}
2022-09-17 08:34:48,532 : INFO : EventManager : Event: ======'playfield_ball_count_change'====== Args={'balls': -1, 'change': -1}
2022-09-17 08:34:48,533 : INFO : EventManager : Event: ======'balldevice_playfield_ball_enter'====== Args={'new_balls': 1, 'unclaimed_balls': 1, 'device': <playfield.playfield>}
2022-09-17 08:34:48,533 : INFO : EventManager : Event: ======'playfield_ball_count_change'====== Args={'balls': 0, 'change': 1}
2022-09-17 08:34:48,533 : INFO : BallController : Found a new ball which was captured from playfield. Known balls: 3
2022-09-17 08:34:48,533 : INFO : EventManager : Event: ======'found_new_ball'====== Args={}
2022-09-17 08:34:48,533 : INFO : EventManager : Event: ======'balldevice_bd_trough_ball_enter'====== Args={'new_balls': 1, 'unclaimed_balls': 1, 'new_available_balls': 1, 'device': <ball_device.bd_trough>}
2022-09-17 08:34:48,533 : INFO : EventManager : Event: ======'ball_drain'====== Args={'device': <ball_device.bd_trough>, 'balls': 1}
2022-09-17 08:34:48,534 : INFO : EventManager : Event: ======'balldevice_balls_available'====== Args={}
2022-09-17 08:34:48,534 : INFO : EventManager : Event: ======'balldevice_bd_trough_ball_entered'====== Args={'new_balls': 1, 'device': <ball_device.bd_trough>}
2022-09-17 08:34:48,534 : INFO : ball_device.bd_trough : Received unexpected ball
2022-09-17 08:34:48,534 : INFO : EventManager : Event: ======'balldevice_captured_from_playfield'====== Args={'balls': 1}
2022-09-17 08:34:48,534 : INFO : EventManager : Event: ======'sw_playfield_active'====== Args={'balls': 1}
2022-09-17 08:34:48,534 : INFO : EventManager : Event: ======'playfield_active'====== Args={}
2022-09-17 08:34:48,535 : INFO : EventManager : Event: ======'unexpected_ball_on_playfield'====== Args={}
2022-09-17 08:34:48,535 : INFO : EventManager : Event: ======'playfield_ball_count_change'====== Args={'balls': -1, 'change': -1}
2022-09-17 08:34:48,535 : INFO : EventManager : Event: ======'balldevice_playfield_ball_enter'====== Args={'new_balls': 1, 'unclaimed_balls': 1, 'device': <playfield.playfield>}
2022-09-17 08:34:48,535 : INFO : EventManager : Event: ======'playfield_ball_count_change'====== Args={'balls': 0, 'change': 1}
2022-09-17 08:34:48,535 : INFO : BallController : Found a new ball which was captured from playfield. Known balls: 4
2022-09-17 08:34:48,535 : INFO : EventManager : Event: ======'found_new_ball'====== Args={}
2022-09-17 08:34:48,535 : INFO : EventManager : Event: ======'balldevice_bd_trough_ball_enter'====== Args={'new_balls': 1, 'unclaimed_balls': 1, 'new_available_balls': 1, 'device': <ball_device.bd_trough>}
2022-09-17 08:34:48,536 : INFO : EventManager : Event: ======'ball_drain'====== Args={'device': <ball_device.bd_trough>, 'balls': 1}
2022-09-17 08:34:48,536 : INFO : EventManager : Event: ======'balldevice_balls_available'====== Args={}
2022-09-17 08:34:48,536 : INFO : EventManager : Event: ======'balldevice_bd_trough_ball_entered'====== Args={'new_balls': 1, 'device': <ball_device.bd_trough>}
2022-09-17 08:34:48,536 : INFO : ball_device.bd_trough : Received unexpected ball
2022-09-17 08:34:48,536 : INFO : EventManager : Event: ======'balldevice_captured_from_playfield'====== Args={'balls': 1}
2022-09-17 08:34:48,537 : INFO : EventManager : Event: ======'sw_playfield_active'====== Args={'balls': 1}
2022-09-17 08:34:48,537 : INFO : EventManager : Event: ======'playfield_active'====== Args={}
2022-09-17 08:34:48,537 : INFO : EventManager : Event: ======'unexpected_ball_on_playfield'====== Args={}
2022-09-17 08:34:48,537 : INFO : EventManager : Event: ======'playfield_ball_count_change'====== Args={'balls': -1, 'change': -1}
2022-09-17 08:34:48,538 : INFO : EventManager : Event: ======'balldevice_playfield_ball_enter'====== Args={'new_balls': 1, 'unclaimed_balls': 1, 'device': <playfield.playfield>}
2022-09-17 08:34:48,539 : INFO : EventManager : Event: ======'playfield_ball_count_change'====== Args={'balls': 0, 'change': 1}
2022-09-17 08:34:48,539 : INFO : BallController : Found a new ball which was captured from playfield. Known balls: 5
2022-09-17 08:34:48,539 : INFO : EventManager : Event: ======'found_new_ball'====== Args={}
2022-09-17 08:34:48,540 : INFO : EventManager : Event: ======'balldevice_bd_trough_ball_enter'====== Args={'new_balls': 1, 'unclaimed_balls': 1, 'new_available_balls': 1, 'device': <ball_device.bd_trough>}
2022-09-17 08:34:48,541 : INFO : EventManager : Event: ======'ball_drain'====== Args={'device': <ball_device.bd_trough>, 'balls': 1}
2022-09-17 08:34:48,542 : INFO : EventManager : Event: ======'balldevice_balls_available'====== Args={}
2022-09-17 08:34:48,542 : INFO : EventManager : Event: ======'balldevice_bd_trough_ball_entered'====== Args={'new_balls': 1, 'device': <ball_device.bd_trough>}
2022-09-17 08:34:50,534 : INFO : SwitchController : <<<<<<< 's_start' active >>>>>>>
2022-09-17 08:34:50,741 : INFO : SwitchController : <<<<<<< 's_start' inactive >>>>>>>
2022-09-17 08:34:50,742 : INFO : EventManager : Event: ======'request_to_start_game'====== Args={}
2022-09-17 08:34:50,742 : INFO : EventManager : Event: ======'game_start'====== Args={'buttons': [], 'hold_time': 0.20399999999790452}
2022-09-17 08:34:50,743 : INFO : EventManager : Event: ======'mode_game_will_start'====== Args={'buttons': [], 'hold_time': 0.20399999999790452}
2022-09-17 08:34:50,744 : INFO : EventManager : Event: ======'mode_game_starting'====== Args={'buttons': [], 'hold_time': 0.20399999999790452}
2022-09-17 08:34:50,744 : INFO : EventManager : Event: ======'mode_attract_will_stop'====== Args={}
2022-09-17 08:34:50,744 : INFO : EventManager : Event: ======'mode_attract_stopping'====== Args={}
2022-09-17 08:34:50,744 : INFO : Mode.attract : Stopped.
2022-09-17 08:34:50,744 : INFO : EventManager : Event: ======'modes_active_modes_changed'====== Args={}
2022-09-17 08:34:50,745 : INFO : EventManager : Event: ======'mode_attract_stopped'====== Args={}
2022-09-17 08:34:50,745 : INFO : EventManager : Event: ======'clear'====== Args={'key': 'attract'}
2022-09-17 08:34:50,745 : INFO : Mode.game : Started. Priority: 20
2022-09-17 08:34:50,746 : INFO : EventManager : Event: ======'modes_active_modes_changed'====== Args={}
2022-09-17 08:34:50,746 : INFO : EventManager : Event: ======'mode_game_started'====== Args={'buttons': [], 'hold_time': 0.20399999999790452}
2022-09-17 08:34:50,754 : INFO : EventManager : Event: ======'game_will_start'====== Args={}
2022-09-17 08:34:50,755 : INFO : EventManager : Event: ======'game_starting'====== Args={'game': <Mode.game>}
2022-09-17 08:34:50,757 : INFO : EventManager : Event: ======'player_add_request'====== Args={}
2022-09-17 08:34:50,758 : INFO : EventManager : Event: ======'player_will_add'====== Args={'number': 1}
2022-09-17 08:34:50,758 : INFO : EventManager : Event: ======'player_adding'====== Args={'player': <Player 1>, 'number': 1}
2022-09-17 08:34:50,758 : INFO : EventManager : Event: ======'player_added'====== Args={'player': <Player 1>, 'num': 1}
2022-09-17 08:34:50,758 : INFO : Mode.game : Player added successfully. Total players: 1
2022-09-17 08:34:50,759 : INFO : EventManager : Event: ======'player_index'====== Args={'value': 0, 'prev_value': 0, 'change': 0, 'player_num': 1}
2022-09-17 08:34:50,759 : INFO : EventManager : Event: ======'player_number'====== Args={'value': 1, 'prev_value': 1, 'change': 0, 'player_num': 1}
2022-09-17 08:34:50,759 : INFO : EventManager : Event: ======'player_score'====== Args={'value': 0, 'prev_value': 0, 'change': 0, 'player_num': 1}
2022-09-17 08:34:50,760 : INFO : EventManager : Event: ======'game_started'====== Args={}
2022-09-17 08:34:50,775 : INFO : EventManager : Event: ======'player_turn_will_start'====== Args={'player': <Player 1>, 'number': 1}
2022-09-17 08:34:50,777 : INFO : EventManager : Event: ======'slide_awesome_slide_removed'====== Args={'_from_bcp': True}
2022-09-17 08:34:50,777 : INFO : EventManager : Event: ======'slide_press_start_removed'====== Args={'_from_bcp': True}
2022-09-17 08:34:50,777 : INFO : EventManager : Event: ======'slide_mission_pinball_removed'====== Args={'_from_bcp': True}
2022-09-17 08:34:50,777 : INFO : EventManager : Event: ======'slide_welcome_slide_active'====== Args={'_from_bcp': True}
2022-09-17 08:34:50,778 : INFO : EventManager : Event: ======'player_turn_starting'====== Args={'player': <Player 1>, 'number': 1}
2022-09-17 08:34:50,779 : INFO : EventManager : Event: ======'player_ball'====== Args={'value': 1, 'prev_value': 0, 'change': 1, 'player_num': 1}
2022-09-17 08:34:50,779 : INFO : EventManager : Event: ======'player_turn_started'====== Args={'player': <Player 1>, 'number': 1}
2022-09-17 08:34:50,780 : INFO : EventManager : Event: ======'ball_will_start'====== Args={'player': 1, 'ball': 1, 'balls_remaining': 2, 'is_extra_ball': False}
2022-09-17 08:34:50,783 : INFO : EventManager : Event: ======'ball_starting'====== Args={'player': 1, 'ball': 1, 'balls_remaining': 2, 'is_extra_ball': False}
2022-09-17 08:34:50,783 : INFO : EventManager : Event: ======'mode_lanes_will_start'====== Args={'queue': <QueuedEvent>, 'player': 1, 'ball': 1, 'balls_remaining': 2, 'is_extra_ball': False}
2022-09-17 08:34:50,784 : INFO : EventManager : Event: ======'player_shot_lane_top_1_enabled'====== Args={'value': True, 'prev_value': 0, 'change': 1, 'player_num': 1}
2022-09-17 08:34:50,784 : INFO : EventManager : Event: ======'mode_lanes_starting'====== Args={'queue': <QueuedEvent>, 'player': 1, 'ball': 1, 'balls_remaining': 2, 'is_extra_ball': False}
2022-09-17 08:34:50,784 : INFO : EventManager : Event: ======'mode_orbit_will_start'====== Args={'queue': <QueuedEvent>, 'player': 1, 'ball': 1, 'balls_remaining': 2, 'is_extra_ball': False}
2022-09-17 08:34:50,784 : INFO : EventManager : Event: ======'player_shot_spinner_enabled'====== Args={'value': True, 'prev_value': 0, 'change': 1, 'player_num': 1}
2022-09-17 08:34:50,784 : INFO : EventManager : Event: ======'player_shot_orbit_enabled'====== Args={'value': True, 'prev_value': 0, 'change': 1, 'player_num': 1}
2022-09-17 08:34:50,785 : INFO : EventManager : Event: ======'mode_orbit_starting'====== Args={'queue': <QueuedEvent>, 'player': 1, 'ball': 1, 'balls_remaining': 2, 'is_extra_ball': False}
2022-09-17 08:34:50,785 : INFO : EventManager : Event: ======'mode_base_will_start'====== Args={'queue': <QueuedEvent>, 'player': 1, 'ball': 1, 'balls_remaining': 2, 'is_extra_ball': False}
2022-09-17 08:34:50,785 : INFO : EventManager : Event: ======'mode_base_starting'====== Args={'queue': <QueuedEvent>, 'player': 1, 'ball': 1, 'balls_remaining': 2, 'is_extra_ball': False}
2022-09-17 08:34:50,785 : INFO : drop_target_bank.db_dropbank : 1 targets are down. Will reset those.
2022-09-17 08:34:50,786 : INFO : coil.c_drop : Pulsing Driver for 16ms (1.0 pulse_power)
2022-09-17 08:34:50,787 : INFO : Mode.base : Started. Priority: 100
2022-09-17 08:34:50,787 : INFO : EventManager : Event: ======'modes_active_modes_changed'====== Args={}
2022-09-17 08:34:50,787 : INFO : EventManager : Event: ======'mode_base_started'====== Args={'queue': <QueuedEvent>, 'player': 1, 'ball': 1, 'balls_remaining': 2, 'is_extra_ball': False}
2022-09-17 08:34:50,788 : INFO : Mode.orbit : Started. Priority: 101
2022-09-17 08:34:50,788 : INFO : EventManager : Event: ======'modes_active_modes_changed'====== Args={}
2022-09-17 08:34:50,788 : INFO : EventManager : Event: ======'mode_orbit_started'====== Args={'queue': <QueuedEvent>, 'player': 1, 'ball': 1, 'balls_remaining': 2, 'is_extra_ball': False}
2022-09-17 08:34:50,788 : INFO : Mode.lanes : Started. Priority: 101
2022-09-17 08:34:50,789 : INFO : EventManager : Event: ======'modes_active_modes_changed'====== Args={}
2022-09-17 08:34:50,789 : INFO : EventManager : Event: ======'mode_lanes_started'====== Args={'queue': <QueuedEvent>, 'player': 1, 'ball': 1, 'balls_remaining': 2, 'is_extra_ball': False}
2022-09-17 08:34:50,789 : INFO : EventManager : Event: ======'balls_in_play'====== Args={'balls': 1}
2022-09-17 08:34:50,789 : INFO : EventManager : Event: ======'ball_started'====== Args={'player': 1, 'ball': 1, 'balls_remaining': 2, 'is_extra_ball': False}
2022-09-17 08:34:50,809 : INFO : EventManager : Event: ======'single_player_ball_started'====== Args={}
2022-09-17 08:34:50,810 : INFO : EventManager : Event: ======'slide_base.slide_player-mode_base_started_created'====== Args={'_from_bcp': True}
2022-09-17 08:34:50,810 : INFO : EventManager : Event: ======'slide_base.slide_player-mode_base_started_active'====== Args={'_from_bcp': True}
2022-09-17 08:34:50,810 : INFO : EventManager : Event: ======'ball_start_target'====== Args={'target': 'playfield'}
2022-09-17 08:34:50,810 : INFO : ball_device.bd_plunger : Setting up player-controlled eject. Balls: 1, Target: <playfield.playfield>, player_controlled_eject_event: s_launch_active
2022-09-17 08:34:50,811 : INFO : EventManager : Event: ======'balldevice_balls_available'====== Args={}
2022-09-17 08:34:50,811 : INFO : ball_device.bd_trough : State: waiting_for_target_ready
2022-09-17 08:34:50,811 : INFO : EventManager : Event: ======'balldevice_bd_trough_ball_eject_attempt'====== Args={'balls': 1, 'target': <ball_device.bd_plunger>, 'source': <ball_device.bd_trough>, 'mechanical_eject': True, 'num_attempts': 0}
2022-09-17 08:34:50,811 : INFO : ball_device.bd_plunger : State: waiting_for_ball
2022-09-17 08:34:50,812 : INFO : ball_device.bd_trough : State: ejecting
2022-09-17 08:34:50,812 : INFO : ball_device.bd_trough : Ejecting ball to <ball_device.bd_plunger>
2022-09-17 08:34:50,812 : INFO : EventManager : Event: ======'balldevice_bd_trough_ejecting_ball'====== Args={'balls': 1, 'target': <ball_device.bd_plunger>, 'source': <ball_device.bd_trough>, 'mechanical_eject': True, 'num_attempts': 0}
2022-09-17 08:34:50,812 : INFO : ball_device.bd_trough : Wait for ball to leave device
2022-09-17 08:34:50,813 : INFO : coil.c_trough_eject : Pulsing Driver for 25ms (1.0 pulse_power)
2022-09-17 08:34:51,275 : INFO : EventManager : Event: ======'drop_target_bank_db_dropbank_mixed'====== Args={'prev_value': <DropTargetBankState.MIXED: 'mixed'>, 'down': 1}
2022-09-17 08:34:54,583 : INFO : SwitchController : <<<<<<< 's_trough1' inactive >>>>>>>
2022-09-17 08:34:54,592 : INFO : ball_device.bd_trough : State: ball_left
2022-09-17 08:34:54,592 : INFO : ball_device.bd_trough : Ball left
2022-09-17 08:34:54,592 : INFO : ball_device.bd_trough : Wait for confirm with timeout 10.0
2022-09-17 08:34:57,517 : INFO : SwitchController : <<<<<<< 's_plunger_lane' active >>>>>>>
2022-09-17 08:34:57,518 : INFO : EventManager : Event: ======'machine_var_audits_switches_s_plunger_lane'====== Args={'value': 41, 'prev_value': 40, 'change': 1}
2022-09-17 08:34:58,015 : INFO : ball_device.bd_plunger : Received ball from <ball_device.bd_trough>
2022-09-17 08:34:58,015 : INFO : EventManager : Event: ======'balldevice_bd_plunger_ball_enter'====== Args={'new_balls': 1, 'unclaimed_balls': 0, 'new_available_balls': 0, 'device': <ball_device.bd_plunger>}
2022-09-17 08:34:58,016 : INFO : EventManager : Event: ======'balldevice_bd_plunger_ball_entered'====== Args={'new_balls': 0, 'device': <ball_device.bd_plunger>}
2022-09-17 08:34:58,017 : INFO : EventManager : Event: ======'balldevice_bd_plunger_ball_count_changed'====== Args={'balls': 1}
2022-09-17 08:34:58,017 : INFO : ball_device.bd_trough : Got eject confirm
2022-09-17 08:34:58,017 : INFO : ball_device.bd_trough : Eject successful
2022-09-17 08:34:58,018 : INFO : EventManager : Event: ======'balldevice_bd_trough_ball_eject_success'====== Args={'balls': 1, 'target': <ball_device.bd_plunger>}
2022-09-17 08:34:58,020 : INFO : ball_device.bd_plunger : State: waiting_for_target_ready
2022-09-17 08:34:58,020 : INFO : EventManager : Event: ======'balldevice_bd_plunger_ball_eject_attempt'====== Args={'balls': 1, 'target': <playfield.playfield>, 'source': <ball_device.bd_plunger>, 'mechanical_eject': True, 'num_attempts': 0}
2022-09-17 08:34:58,020 : INFO : EventManager : Event: ======'balldevice_bd_trough_ball_count_changed'====== Args={'balls': 4}
2022-09-17 08:34:58,020 : INFO : ball_device.bd_trough : State: idle
2022-09-17 08:34:58,020 : INFO : ball_device.bd_plunger : State: ejecting
2022-09-17 08:34:58,020 : INFO : ball_device.bd_plunger : Ejecting ball to <playfield.playfield>
2022-09-17 08:34:58,021 : INFO : EventManager : Event: ======'balldevice_bd_plunger_ejecting_ball'====== Args={'balls': 1, 'target': <playfield.playfield>, 'source': <ball_device.bd_plunger>, 'mechanical_eject': True, 'num_attempts': 0}
2022-09-17 08:34:58,023 : INFO : ball_device.bd_plunger : Wait for ball to leave device
2022-09-17 08:34:59,954 : INFO : SwitchController : <<<<<<< 's_plunger_lane' inactive >>>>>>>
2022-09-17 08:34:59,963 : INFO : ball_device.bd_plunger : State: ball_left
2022-09-17 08:34:59,963 : INFO : ball_device.bd_plunger : Ball left
2022-09-17 08:34:59,963 : INFO : ball_device.bd_plunger : Wait for confirm with timeout 10.0
2022-09-17 08:35:02,730 : INFO : SwitchController : <<<<<<< 's_rigth03' active >>>>>>>
2022-09-17 08:35:02,730 : INFO : EventManager : Event: ======'machine_var_audits_switches_s_rigth03'====== Args={'value': 2, 'prev_value': 1, 'change': 1}
2022-09-17 08:35:02,949 : INFO : SwitchController : <<<<<<< 's_rigth03' inactive >>>>>>>
2022-09-17 08:35:03,216 : INFO : SwitchController : <<<<<<< 's_rigth03' active >>>>>>>
2022-09-17 08:35:03,217 : INFO : EventManager : Event: ======'machine_var_audits_switches_s_rigth03'====== Args={'value': 3, 'prev_value': 2, 'change': 1}
2022-09-17 08:35:03,533 : INFO : SwitchController : <<<<<<< 's_rigth03' inactive >>>>>>>
2022-09-17 08:35:03,767 : INFO : SwitchController : <<<<<<< 's_rigth02' active >>>>>>>
2022-09-17 08:35:03,768 : INFO : EventManager : Event: ======'machine_var_audits_switches_s_rigth02'====== Args={'value': 7, 'prev_value': 6, 'change': 1}
2022-09-17 08:35:04,002 : INFO : SwitchController : <<<<<<< 's_rigth02' inactive >>>>>>>
2022-09-17 08:35:04,143 : INFO : SwitchController : <<<<<<< 's_rigth02' active >>>>>>>
2022-09-17 08:35:04,144 : INFO : EventManager : Event: ======'machine_var_audits_switches_s_rigth02'====== Args={'value': 8, 'prev_value': 7, 'change': 1}
2022-09-17 08:35:04,253 : INFO : SwitchController : <<<<<<< 's_rigth02' inactive >>>>>>>
2022-09-17 08:35:04,394 : INFO : SwitchController : <<<<<<< 's_rigth02' active >>>>>>>
2022-09-17 08:35:04,395 : INFO : EventManager : Event: ======'machine_var_audits_switches_s_rigth02'====== Args={'value': 9, 'prev_value': 8, 'change': 1}
2022-09-17 08:35:04,458 : INFO : SwitchController : <<<<<<< 's_rigth02' inactive >>>>>>>
2022-09-17 08:35:04,632 : INFO : SwitchController : <<<<<<< 's_rigth03' active >>>>>>>
2022-09-17 08:35:04,633 : INFO : EventManager : Event: ======'machine_var_audits_switches_s_rigth03'====== Args={'value': 4, 'prev_value': 3, 'change': 1}
2022-09-17 08:35:04,649 : INFO : SwitchController : <<<<<<< 's_rigth02' active >>>>>>>
2022-09-17 08:35:04,649 : INFO : EventManager : Event: ======'machine_var_audits_switches_s_rigth02'====== Args={'value': 10, 'prev_value': 9, 'change': 1}
2022-09-17 08:35:04,665 : INFO : SwitchController : <<<<<<< 's_rigth02' inactive >>>>>>>
2022-09-17 08:35:04,681 : INFO : SwitchController : <<<<<<< 's_rigth02' active >>>>>>>
2022-09-17 08:35:04,681 : INFO : EventManager : Event: ======'machine_var_audits_switches_s_rigth02'====== Args={'value': 11, 'prev_value': 10, 'change': 1}
2022-09-17 08:35:04,728 : INFO : SwitchController : <<<<<<< 's_rigth02' inactive >>>>>>>
2022-09-17 08:35:04,791 : INFO : SwitchController : <<<<<<< 's_rigth03' inactive >>>>>>>
2022-09-17 08:35:04,900 : INFO : SwitchController : <<<<<<< 's_rigth02' active >>>>>>>
2022-09-17 08:35:04,900 : INFO : EventManager : Event: ======'machine_var_audits_switches_s_rigth02'====== Args={'value': 12, 'prev_value': 11, 'change': 1}
2022-09-17 08:35:04,946 : INFO : SwitchController : <<<<<<< 's_rigth02' inactive >>>>>>>
2022-09-17 08:35:06,029 : INFO : SwitchController : <<<<<<< 's_popbumber_2' active >>>>>>>
2022-09-17 08:35:06,030 : INFO : EventManager : Event: ======'playfield_active'====== Args={}
2022-09-17 08:35:06,030 : INFO : EventManager : Event: ======'s_popbumber_2_active'====== Args={}
2022-09-17 08:35:06,030 : INFO : EventManager : Event: ======'machine_var_audits_switches_s_popbumber_2'====== Args={'value': 40, 'prev_value': 39, 'change': 1}
2022-09-17 08:35:06,032 : INFO : EventManager : Event: ======'player_score'====== Args={'value': 100, 'prev_value': 0, 'change': 100, 'player_num': 1}
2022-09-17 08:35:06,044 : INFO : ball_device.bd_plunger : Got eject confirm
2022-09-17 08:35:06,045 : INFO : ball_device.bd_plunger : Eject successful
2022-09-17 08:35:06,045 : INFO : EventManager : Event: ======'balldevice_bd_plunger_ball_eject_success'====== Args={'balls': 1, 'target': <playfield.playfield>}
2022-09-17 08:35:06,045 : INFO : EventManager : Event: ======'balldevice_playfield_ball_enter'====== Args={'new_balls': 1, 'unclaimed_balls': 1, 'device': <playfield.playfield>}
2022-09-17 08:35:06,045 : INFO : EventManager : Event: ======'playfield_ball_count_change'====== Args={'balls': 1, 'change': 1}
2022-09-17 08:35:06,045 : INFO : EventManager : Event: ======'balldevice_bd_plunger_ball_count_changed'====== Args={'balls': 0}
2022-09-17 08:35:06,045 : INFO : ball_device.bd_plunger : State: idle
2022-09-17 08:35:06,187 : INFO : SwitchController : <<<<<<< 's_popbumber_2' inactive >>>>>>>
2022-09-17 08:35:06,468 : INFO : SwitchController : <<<<<<< 's_popbumber_2' active >>>>>>>
2022-09-17 08:35:06,468 : INFO : EventManager : Event: ======'s_popbumber_2_active'====== Args={}
2022-09-17 08:35:06,468 : INFO : EventManager : Event: ======'machine_var_audits_switches_s_popbumber_2'====== Args={'value': 41, 'prev_value': 40, 'change': 1}
2022-09-17 08:35:06,470 : INFO : EventManager : Event: ======'player_score'====== Args={'value': 200, 'prev_value': 100, 'change': 100, 'player_num': 1}
2022-09-17 08:35:06,625 : INFO : SwitchController : <<<<<<< 's_popbumber_2' inactive >>>>>>>
2022-09-17 08:35:06,927 : INFO : SwitchController : <<<<<<< 's_popbumber_2' active >>>>>>>
2022-09-17 08:35:06,928 : INFO : EventManager : Event: ======'s_popbumber_2_active'====== Args={}
2022-09-17 08:35:06,928 : INFO : EventManager : Event: ======'machine_var_audits_switches_s_popbumber_2'====== Args={'value': 42, 'prev_value': 41, 'change': 1}
2022-09-17 08:35:06,929 : INFO : EventManager : Event: ======'player_score'====== Args={'value': 300, 'prev_value': 200, 'change': 100, 'player_num': 1}
2022-09-17 08:35:07,055 : INFO : SwitchController : <<<<<<< 's_popbumber_2' inactive >>>>>>>
2022-09-17 08:35:08,126 : INFO : SwitchController : <<<<<<< 's_toplane3' active >>>>>>>
2022-09-17 08:35:08,127 : INFO : EventManager : Event: ======'machine_var_audits_switches_s_toplane3'====== Args={'value': 6, 'prev_value': 5, 'change': 1}
2022-09-17 08:35:08,377 : INFO : SwitchController : <<<<<<< 's_toplane3' inactive >>>>>>>
2022-09-17 08:35:08,627 : INFO : SwitchController : <<<<<<< 's_toplane3' active >>>>>>>
2022-09-17 08:35:08,628 : INFO : EventManager : Event: ======'machine_var_audits_switches_s_toplane3'====== Args={'value': 7, 'prev_value': 6, 'change': 1}
2022-09-17 08:35:08,879 : INFO : SwitchController : <<<<<<< 's_toplane3' inactive >>>>>>>
2022-09-17 08:35:09,285 : INFO : SwitchController : <<<<<<< 's_toplane2' active >>>>>>>
2022-09-17 08:35:09,286 : INFO : EventManager : Event: ======'machine_var_audits_switches_s_toplane2'====== Args={'value': 6, 'prev_value': 5, 'change': 1}
2022-09-17 08:35:09,332 : INFO : SwitchController : <<<<<<< 's_toplane2' inactive >>>>>>>
2022-09-17 08:35:09,586 : INFO : SwitchController : <<<<<<< 's_toplane2' active >>>>>>>
2022-09-17 08:35:09,586 : INFO : EventManager : Event: ======'machine_var_audits_switches_s_toplane2'====== Args={'value': 7, 'prev_value': 6, 'change': 1}
2022-09-17 08:35:09,790 : INFO : SwitchController : <<<<<<< 's_toplane2' inactive >>>>>>>
2022-09-17 08:35:10,738 : INFO : SwitchController : <<<<<<< 's_toplane1' active >>>>>>>
2022-09-17 08:35:10,739 : INFO : EventManager : Event: ======'s_toplane1_active'====== Args={}
2022-09-17 08:35:10,739 : INFO : EventManager : Event: ======'machine_var_audits_switches_s_toplane1'====== Args={'value': 88, 'prev_value': 87, 'change': 1}
2022-09-17 08:35:10,741 : INFO : EventManager : Event: ======'player_shot_lane_top_1'====== Args={'value': 1, 'prev_value': 0, 'change': 1, 'player_num': 1}
2022-09-17 08:35:10,741 : INFO : EventManager : Event: ======'machine_var_audits_shots_lane_top_1'====== Args={'value': 1, 'prev_value': None, 'change': True}
2022-09-17 08:35:10,742 : INFO : EventManager : Event: ======'lane_top_1_hit'====== Args={'profile': 'default', 'state': 'unlit', 'advancing': True}
2022-09-17 08:35:10,742 : INFO : EventManager : Event: ======'lane_top_1_default_hit'====== Args={'profile': 'default', 'state': 'unlit', 'advancing': True}
2022-09-17 08:35:10,742 : INFO : EventManager : Event: ======'lane_top_1_default_unlit_hit'====== Args={'profile': 'default', 'state': 'unlit', 'advancing': True}
2022-09-17 08:35:10,742 : INFO : EventManager : Event: ======'lane_top_1_unlit_hit'====== Args={'profile': 'default', 'state': 'unlit', 'advancing': True}
2022-09-17 08:35:10,743 : INFO : EventManager : Event: ======'player_score'====== Args={'value': 1300, 'prev_value': 300, 'change': 1000, 'player_num': 1}
2022-09-17 08:35:10,990 : INFO : SwitchController : <<<<<<< 's_toplane1' inactive >>>>>>>
2022-09-17 08:35:11,309 : INFO : SwitchController : <<<<<<< 's_toplane1' active >>>>>>>
2022-09-17 08:35:11,310 : INFO : EventManager : Event: ======'s_toplane1_active'====== Args={}
2022-09-17 08:35:11,310 : INFO : EventManager : Event: ======'machine_var_audits_switches_s_toplane1'====== Args={'value': 89, 'prev_value': 88, 'change': 1}
2022-09-17 08:35:11,311 : INFO : EventManager : Event: ======'machine_var_audits_shots_lane_top_1'====== Args={'value': 2, 'prev_value': 1, 'change': 1}
2022-09-17 08:35:11,312 : INFO : EventManager : Event: ======'lane_top_1_hit'====== Args={'profile': 'default', 'state': 'lit', 'advancing': False}
2022-09-17 08:35:11,312 : INFO : EventManager : Event: ======'lane_top_1_default_hit'====== Args={'profile': 'default', 'state': 'lit', 'advancing': False}
2022-09-17 08:35:11,312 : INFO : EventManager : Event: ======'lane_top_1_default_lit_hit'====== Args={'profile': 'default', 'state': 'lit', 'advancing': False}
2022-09-17 08:35:11,312 : INFO : EventManager : Event: ======'lane_top_1_lit_hit'====== Args={'profile': 'default', 'state': 'lit', 'advancing': False}
2022-09-17 08:35:11,312 : INFO : EventManager : Event: ======'player_score'====== Args={'value': 2300, 'prev_value': 1300, 'change': 1000, 'player_num': 1}
2022-09-17 08:35:11,468 : INFO : SwitchController : <<<<<<< 's_toplane1' inactive >>>>>>>
2022-09-17 08:35:11,577 : INFO : SwitchController : <<<<<<< 's_toplane1' active >>>>>>>
2022-09-17 08:35:11,577 : INFO : EventManager : Event: ======'s_toplane1_active'====== Args={}
2022-09-17 08:35:11,578 : INFO : EventManager : Event: ======'machine_var_audits_switches_s_toplane1'====== Args={'value': 90, 'prev_value': 89, 'change': 1}
2022-09-17 08:35:11,579 : INFO : EventManager : Event: ======'machine_var_audits_shots_lane_top_1'====== Args={'value': 3, 'prev_value': 2, 'change': 1}
2022-09-17 08:35:11,579 : INFO : EventManager : Event: ======'lane_top_1_hit'====== Args={'profile': 'default', 'state': 'lit', 'advancing': False}
2022-09-17 08:35:11,579 : INFO : EventManager : Event: ======'lane_top_1_default_hit'====== Args={'profile': 'default', 'state': 'lit', 'advancing': False}
2022-09-17 08:35:11,580 : INFO : EventManager : Event: ======'lane_top_1_default_lit_hit'====== Args={'profile': 'default', 'state': 'lit', 'advancing': False}
2022-09-17 08:35:11,580 : INFO : EventManager : Event: ======'lane_top_1_lit_hit'====== Args={'profile': 'default', 'state': 'lit', 'advancing': False}
2022-09-17 08:35:11,580 : INFO : EventManager : Event: ======'player_score'====== Args={'value': 3300, 'prev_value': 2300, 'change': 1000, 'player_num': 1}
2022-09-17 08:35:11,700 : INFO : SwitchController : <<<<<<< 's_toplane1' inactive >>>>>>>
2022-09-17 08:35:11,794 : INFO : SwitchController : <<<<<<< 's_toplane1' active >>>>>>>
2022-09-17 08:35:11,795 : INFO : EventManager : Event: ======'s_toplane1_active'====== Args={}
2022-09-17 08:35:11,795 : INFO : EventManager : Event: ======'machine_var_audits_switches_s_toplane1'====== Args={'value': 91, 'prev_value': 90, 'change': 1}
2022-09-17 08:35:11,796 : INFO : EventManager : Event: ======'machine_var_audits_shots_lane_top_1'====== Args={'value': 4, 'prev_value': 3, 'change': 1}
2022-09-17 08:35:11,797 : INFO : EventManager : Event: ======'lane_top_1_hit'====== Args={'profile': 'default', 'state': 'lit', 'advancing': False}
2022-09-17 08:35:11,797 : INFO : EventManager : Event: ======'lane_top_1_default_hit'====== Args={'profile': 'default', 'state': 'lit', 'advancing': False}
2022-09-17 08:35:11,797 : INFO : EventManager : Event: ======'lane_top_1_default_lit_hit'====== Args={'profile': 'default', 'state': 'lit', 'advancing': False}
2022-09-17 08:35:11,798 : INFO : EventManager : Event: ======'lane_top_1_lit_hit'====== Args={'profile': 'default', 'state': 'lit', 'advancing': False}
2022-09-17 08:35:11,798 : INFO : EventManager : Event: ======'player_score'====== Args={'value': 4300, 'prev_value': 3300, 'change': 1000, 'player_num': 1}
2022-09-17 08:35:11,936 : INFO : SwitchController : <<<<<<< 's_toplane1' inactive >>>>>>>
2022-09-17 08:35:12,000 : INFO : SwitchController : <<<<<<< 's_toplane1' active >>>>>>>
2022-09-17 08:35:12,001 : INFO : EventManager : Event: ======'s_toplane1_active'====== Args={}
2022-09-17 08:35:12,001 : INFO : EventManager : Event: ======'machine_var_audits_switches_s_toplane1'====== Args={'value': 92, 'prev_value': 91, 'change': 1}
2022-09-17 08:35:12,002 : INFO : EventManager : Event: ======'machine_var_audits_shots_lane_top_1'====== Args={'value': 5, 'prev_value': 4, 'change': 1}
2022-09-17 08:35:12,003 : INFO : EventManager : Event: ======'lane_top_1_hit'====== Args={'profile': 'default', 'state': 'lit', 'advancing': False}
2022-09-17 08:35:12,003 : INFO : EventManager : Event: ======'lane_top_1_default_hit'====== Args={'profile': 'default', 'state': 'lit', 'advancing': False}
2022-09-17 08:35:12,003 : INFO : EventManager : Event: ======'lane_top_1_default_lit_hit'====== Args={'profile': 'default', 'state': 'lit', 'advancing': False}
2022-09-17 08:35:12,003 : INFO : EventManager : Event: ======'lane_top_1_lit_hit'====== Args={'profile': 'default', 'state': 'lit', 'advancing': False}
2022-09-17 08:35:12,003 : INFO : EventManager : Event: ======'player_score'====== Args={'value': 5300, 'prev_value': 4300, 'change': 1000, 'player_num': 1}
2022-09-17 08:35:12,126 : INFO : SwitchController : <<<<<<< 's_toplane1' inactive >>>>>>>
2022-09-17 08:35:12,221 : INFO : SwitchController : <<<<<<< 's_toplane1' active >>>>>>>
2022-09-17 08:35:12,222 : INFO : EventManager : Event: ======'s_toplane1_active'====== Args={}
2022-09-17 08:35:12,222 : INFO : EventManager : Event: ======'machine_var_audits_switches_s_toplane1'====== Args={'value': 93, 'prev_value': 92, 'change': 1}
2022-09-17 08:35:12,223 : INFO : EventManager : Event: ======'machine_var_audits_shots_lane_top_1'====== Args={'value': 6, 'prev_value': 5, 'change': 1}
2022-09-17 08:35:12,224 : INFO : EventManager : Event: ======'lane_top_1_hit'====== Args={'profile': 'default', 'state': 'lit', 'advancing': False}
2022-09-17 08:35:12,224 : INFO : EventManager : Event: ======'lane_top_1_default_hit'====== Args={'profile': 'default', 'state': 'lit', 'advancing': False}
2022-09-17 08:35:12,224 : INFO : EventManager : Event: ======'lane_top_1_default_lit_hit'====== Args={'profile': 'default', 'state': 'lit', 'advancing': False}
2022-09-17 08:35:12,224 : INFO : EventManager : Event: ======'lane_top_1_lit_hit'====== Args={'profile': 'default', 'state': 'lit', 'advancing': False}
2022-09-17 08:35:12,224 : INFO : EventManager : Event: ======'player_score'====== Args={'value': 6300, 'prev_value': 5300, 'change': 1000, 'player_num': 1}
2022-09-17 08:35:12,334 : INFO : SwitchController : <<<<<<< 's_toplane1' inactive >>>>>>>
2022-09-17 08:35:12,412 : INFO : SwitchController : <<<<<<< 's_toplane1' active >>>>>>>
2022-09-17 08:35:12,413 : INFO : EventManager : Event: ======'s_toplane1_active'====== Args={}
2022-09-17 08:35:12,413 : INFO : EventManager : Event: ======'machine_var_audits_switches_s_toplane1'====== Args={'value': 94, 'prev_value': 93, 'change': 1}
2022-09-17 08:35:12,415 : INFO : EventManager : Event: ======'machine_var_audits_shots_lane_top_1'====== Args={'value': 7, 'prev_value': 6, 'change': 1}
2022-09-17 08:35:12,416 : INFO : EventManager : Event: ======'lane_top_1_hit'====== Args={'profile': 'default', 'state': 'lit', 'advancing': False}
2022-09-17 08:35:12,416 : INFO : EventManager : Event: ======'lane_top_1_default_hit'====== Args={'profile': 'default', 'state': 'lit', 'advancing': False}
2022-09-17 08:35:12,416 : INFO : EventManager : Event: ======'lane_top_1_default_lit_hit'====== Args={'profile': 'default', 'state': 'lit', 'advancing': False}
2022-09-17 08:35:12,416 : INFO : EventManager : Event: ======'lane_top_1_lit_hit'====== Args={'profile': 'default', 'state': 'lit', 'advancing': False}
2022-09-17 08:35:12,417 : INFO : EventManager : Event: ======'player_score'====== Args={'value': 7300, 'prev_value': 6300, 'change': 1000, 'player_num': 1}
2022-09-17 08:35:12,537 : INFO : SwitchController : <<<<<<< 's_toplane1' inactive >>>>>>>
2022-09-17 08:35:12,600 : INFO : SwitchController : <<<<<<< 's_toplane1' active >>>>>>>
2022-09-17 08:35:12,600 : INFO : EventManager : Event: ======'s_toplane1_active'====== Args={}
2022-09-17 08:35:12,601 : INFO : EventManager : Event: ======'machine_var_audits_switches_s_toplane1'====== Args={'value': 95, 'prev_value': 94, 'change': 1}
2022-09-17 08:35:12,602 : INFO : EventManager : Event: ======'machine_var_audits_shots_lane_top_1'====== Args={'value': 8, 'prev_value': 7, 'change': 1}
2022-09-17 08:35:12,603 : INFO : EventManager : Event: ======'lane_top_1_hit'====== Args={'profile': 'default', 'state': 'lit', 'advancing': False}
2022-09-17 08:35:12,603 : INFO : EventManager : Event: ======'lane_top_1_default_hit'====== Args={'profile': 'default', 'state': 'lit', 'advancing': False}
2022-09-17 08:35:12,603 : INFO : EventManager : Event: ======'lane_top_1_default_lit_hit'====== Args={'profile': 'default', 'state': 'lit', 'advancing': False}
2022-09-17 08:35:12,603 : INFO : EventManager : Event: ======'lane_top_1_lit_hit'====== Args={'profile': 'default', 'state': 'lit', 'advancing': False}
2022-09-17 08:35:12,603 : INFO : EventManager : Event: ======'player_score'====== Args={'value': 8300, 'prev_value': 7300, 'change': 1000, 'player_num': 1}
2022-09-17 08:35:12,759 : INFO : SwitchController : <<<<<<< 's_toplane1' inactive >>>>>>>
2022-09-17 08:35:12,822 : INFO : SwitchController : <<<<<<< 's_toplane1' active >>>>>>>
2022-09-17 08:35:12,823 : INFO : EventManager : Event: ======'s_toplane1_active'====== Args={}
2022-09-17 08:35:12,823 : INFO : EventManager : Event: ======'machine_var_audits_switches_s_toplane1'====== Args={'value': 96, 'prev_value': 95, 'change': 1}
2022-09-17 08:35:12,824 : INFO : EventManager : Event: ======'machine_var_audits_shots_lane_top_1'====== Args={'value': 9, 'prev_value': 8, 'change': 1}
2022-09-17 08:35:12,825 : INFO : EventManager : Event: ======'lane_top_1_hit'====== Args={'profile': 'default', 'state': 'lit', 'advancing': False}
2022-09-17 08:35:12,825 : INFO : EventManager : Event: ======'lane_top_1_default_hit'====== Args={'profile': 'default', 'state': 'lit', 'advancing': False}
2022-09-17 08:35:12,825 : INFO : EventManager : Event: ======'lane_top_1_default_lit_hit'====== Args={'profile': 'default', 'state': 'lit', 'advancing': False}
2022-09-17 08:35:12,825 : INFO : EventManager : Event: ======'lane_top_1_lit_hit'====== Args={'profile': 'default', 'state': 'lit', 'advancing': False}
2022-09-17 08:35:12,825 : INFO : EventManager : Event: ======'player_score'====== Args={'value': 9300, 'prev_value': 8300, 'change': 1000, 'player_num': 1}
2022-09-17 08:35:12,948 : INFO : SwitchController : <<<<<<< 's_toplane1' inactive >>>>>>>
2022-09-17 08:35:13,075 : INFO : SwitchController : <<<<<<< 's_toplane1' active >>>>>>>
2022-09-17 08:35:13,075 : INFO : EventManager : Event: ======'s_toplane1_active'====== Args={}
2022-09-17 08:35:13,075 : INFO : EventManager : Event: ======'machine_var_audits_switches_s_toplane1'====== Args={'value': 97, 'prev_value': 96, 'change': 1}
2022-09-17 08:35:13,077 : INFO : EventManager : Event: ======'machine_var_audits_shots_lane_top_1'====== Args={'value': 10, 'prev_value': 9, 'change': 1}
2022-09-17 08:35:13,077 : INFO : EventManager : Event: ======'lane_top_1_hit'====== Args={'profile': 'default', 'state': 'lit', 'advancing': False}
2022-09-17 08:35:13,077 : INFO : EventManager : Event: ======'lane_top_1_default_hit'====== Args={'profile': 'default', 'state': 'lit', 'advancing': False}
2022-09-17 08:35:13,078 : INFO : EventManager : Event: ======'lane_top_1_default_lit_hit'====== Args={'profile': 'default', 'state': 'lit', 'advancing': False}
2022-09-17 08:35:13,078 : INFO : EventManager : Event: ======'lane_top_1_lit_hit'====== Args={'profile': 'default', 'state': 'lit', 'advancing': False}
2022-09-17 08:35:13,078 : INFO : EventManager : Event: ======'player_score'====== Args={'value': 10300, 'prev_value': 9300, 'change': 1000, 'player_num': 1}
2022-09-17 08:35:13,217 : INFO : SwitchController : <<<<<<< 's_toplane1' inactive >>>>>>>
2022-09-17 08:35:13,266 : INFO : SwitchController : <<<<<<< 's_toplane1' active >>>>>>>
2022-09-17 08:35:13,266 : INFO : EventManager : Event: ======'s_toplane1_active'====== Args={}
2022-09-17 08:35:13,266 : INFO : EventManager : Event: ======'machine_var_audits_switches_s_toplane1'====== Args={'value': 98, 'prev_value': 97, 'change': 1}
2022-09-17 08:35:13,267 : INFO : EventManager : Event: ======'machine_var_audits_shots_lane_top_1'====== Args={'value': 11, 'prev_value': 10, 'change': 1}
2022-09-17 08:35:13,268 : INFO : EventManager : Event: ======'lane_top_1_hit'====== Args={'profile': 'default', 'state': 'lit', 'advancing': False}
2022-09-17 08:35:13,268 : INFO : EventManager : Event: ======'lane_top_1_default_hit'====== Args={'profile': 'default', 'state': 'lit', 'advancing': False}
2022-09-17 08:35:13,268 : INFO : EventManager : Event: ======'lane_top_1_default_lit_hit'====== Args={'profile': 'default', 'state': 'lit', 'advancing': False}
2022-09-17 08:35:13,269 : INFO : EventManager : Event: ======'lane_top_1_lit_hit'====== Args={'profile': 'default', 'state': 'lit', 'advancing': False}
2022-09-17 08:35:13,269 : INFO : EventManager : Event: ======'player_score'====== Args={'value': 11300, 'prev_value': 10300, 'change': 1000, 'player_num': 1}
2022-09-17 08:35:13,423 : INFO : SwitchController : <<<<<<< 's_toplane1' inactive >>>>>>>
2022-09-17 08:35:15,521 : INFO : Machine : Shutting down...
2022-09-17 08:35:15,521 : INFO : EventManager : Event: ======'shutdown'====== Args={}
2022-09-17 08:35:15,526 : ERROR : OPP : Stop called on serial connection COM7
2022-09-17 08:35:15,530 : INFO : root : MPF run loop ended.
