2022-09-24 15:38:44,894 : INFO : root : Loading config.
2022-09-24 15:38:44,901 : INFO : YamlMultifileConfigLoader : Machine config file #1: config.yaml
2022-09-24 15:38:44,902 : INFO : ConfigProcessor : Loading config from cache: C:\Users\dorus\AppData\Local\Temp\e58a4b50dd07e9e66a1a779c252c0c34.mpf_cache
2022-09-24 15:38:45,062 : WARNING : ConfigProcessor : Config file in cache changed: C:\pinball\Pinball-MPF\mpfv1\modes\attract\config\attract.yaml
2022-09-24 15:38:45,062 : INFO : ConfigProcessor : Loading config from file C:\Users\dorus\AppData\Local\Programs\Python\Python38\lib\site-packages\mpf\modes\attract\config\attract.yaml.
2022-09-24 15:38:45,073 : INFO : ConfigProcessor : Loading config: C:\Users\dorus\AppData\Local\Programs\Python\Python38\lib\site-packages\mpf\modes\attract\config\attract.yaml
2022-09-24 15:38:45,073 : INFO : ConfigProcessor : Loading config from file C:\pinball\Pinball-MPF\mpfv1\modes\attract\config\attract.yaml.
2022-09-24 15:38:45,080 : INFO : ConfigProcessor : Loading config: C:\pinball\Pinball-MPF\mpfv1\modes\attract\config\attract.yaml
2022-09-24 15:38:45,081 : INFO : ConfigProcessor : Config file cache created: C:\Users\dorus\AppData\Local\Temp\444cf03b543d197e203cfa23af3f8fc0.mpf_cache
2022-09-24 15:38:45,082 : INFO : ConfigProcessor : Loading config from cache: C:\Users\dorus\AppData\Local\Temp\336e6d2601ccb63523c70814805acbf1.mpf_cache
2022-09-24 15:38:45,084 : INFO : ConfigProcessor : Loading config from cache: C:\Users\dorus\AppData\Local\Temp\997bf01789d16ed996f231036966dd64.mpf_cache
2022-09-24 15:38:45,088 : INFO : ConfigProcessor : Loading config from cache: C:\Users\dorus\AppData\Local\Temp\99703a5eb7b45595525b767565d37410.mpf_cache
2022-09-24 15:38:45,099 : INFO : ConfigProcessor : Loading config from cache: C:\Users\dorus\AppData\Local\Temp\3bda3283678547d211760e16eb23b4da.mpf_cache
2022-09-24 15:38:45,110 : WARNING : ConfigProcessor : Config file in cache changed: C:\pinball\Pinball-MPF\mpfv1\modes\attract\shows\.\attract_display_loop.yaml
2022-09-24 15:38:45,111 : INFO : ConfigProcessor : Loading config from file C:\pinball\Pinball-MPF\mpfv1\modes\attract\shows\.\attract_display_loop.yaml.
2022-09-24 15:38:45,133 : INFO : ConfigProcessor : Loading config: C:\pinball\Pinball-MPF\mpfv1\modes\attract\shows\.\attract_display_loop.yaml
2022-09-24 15:38:45,134 : INFO : ConfigProcessor : Config file cache created: C:\Users\dorus\AppData\Local\Temp\9bc560b11d83fb4ed736b388b885a5d3.mpf_cache
2022-09-24 15:38:45,135 : INFO : Machine : Mission Pinball Framework Core Engine v0.55.0
2022-09-24 15:38:45,135 : INFO : Machine : Command line arguments: {'no_load_cache': False, 'create_config_cache': True, 'bcp': True, 'configfile': ['config.yaml'], 'force_assets_load': False, 'jsonlogging': False, 'logfile': 'logs\\2022-09-24-15-38-44-mpf-LAPTOP-AS8QDAQG.log', 'pause': False, 'production': False, 'text_ui': True, 'loglevel': 15, 'consoleloglevel': 20, 'force_platform': None, 'syslog_address': None, 'mc_file_name': None, 'no_sound': False}
2022-09-24 15:38:45,135 : INFO : Machine : MPF path: C:\Users\dorus\AppData\Local\Programs\Python\Python38\lib\site-packages\mpf
2022-09-24 15:38:45,135 : INFO : Machine : Machine path: C:\pinball\Pinball-MPF\mpfv1
2022-09-24 15:38:45,135 : INFO : Machine : Platform: win32
2022-09-24 15:38:45,136 : INFO : Machine : Python executable location: C:\Users\dorus\AppData\Local\Programs\Python\Python38\python.exe
2022-09-24 15:38:45,136 : INFO : Machine : Python version: 3.8.10 (64-bit)
2022-09-24 15:38:45,139 : INFO : Machine : Initialise MPF.
2022-09-24 15:38:45,396 : INFO : OPP : Connecting to COM7 at 115200bps
2022-09-24 15:39:44,855 : INFO : Machine : Starting the main run loop.
2022-09-24 15:39:44,856 : INFO : Machine : Shutting down...
2022-09-24 15:39:44,856 : INFO : EventManager : Event: ======'shutdown'====== Args={}
2022-09-24 15:39:44,864 : INFO : root : MPF run loop ended.
