2022-10-23 15:44:18,204 : kivy : Factory: 186 symbols loaded
2022-10-23 15:44:18,475 : kivy : ImageLoaderFFPy: Using ffpyplayer 4.3.2
2022-10-23 15:44:18,475 : kivy : Image: Providers: img_tex, img_dds, img_sdl2, img_pil, img_ffpyplayer 
2022-10-23 15:44:18,557 : kivy : VideoGstplayer: Using Gstreamer 1.18.0.0
2022-10-23 15:44:18,557 : kivy : Video: Provider: gstplayer
2022-10-23 15:44:19,119 : kivy : Loading MPF-MC controller
2022-10-23 15:44:19,137 : YamlMultifileConfigLoader : Machine config file #1: config
2022-10-23 15:44:19,138 : ConfigProcessor : Config file in cache changed: C:\Users\dorus\OneDrive\Documents\Pinball\Github\Pinball-MPF\mpfv1\config\config
2022-10-23 15:44:19,138 : ConfigProcessor : Loading config from file C:\Users\dorus\AppData\Local\Programs\Python\Python38\lib\site-packages\mpfmc\mcconfig.yaml.
2022-10-23 15:44:19,237 : ConfigProcessor : Loading config: C:\Users\dorus\AppData\Local\Programs\Python\Python38\lib\site-packages\mpfmc\mcconfig.yaml
2022-10-23 15:44:19,238 : ConfigProcessor : Loading config from file C:\Users\dorus\OneDrive\Documents\Pinball\Github\Pinball-MPF\mpfv1\config\config.
2022-10-23 15:44:19,249 : ConfigProcessor : Loading config: C:\Users\dorus\OneDrive\Documents\Pinball\Github\Pinball-MPF\mpfv1\config\config
2022-10-23 15:44:19,335 : ConfigProcessor : Loading config: C:\Users\dorus\OneDrive\Documents\Pinball\Github\Pinball-MPF\mpfv1\config\hardware.yaml
2022-10-23 15:44:19,357 : ConfigProcessor : Loading config: C:\Users\dorus\OneDrive\Documents\Pinball\Github\Pinball-MPF\mpfv1\config\sounds.yaml
2022-10-23 15:44:19,367 : ConfigProcessor : Loading config: C:\Users\dorus\OneDrive\Documents\Pinball\Github\Pinball-MPF\mpfv1\config\display.yaml
2022-10-23 15:44:19,384 : ConfigProcessor : Loading config: C:\Users\dorus\OneDrive\Documents\Pinball\Github\Pinball-MPF\mpfv1\config\keyboard.yaml
2022-10-23 15:44:19,450 : ConfigProcessor : Loading config: C:\Users\dorus\OneDrive\Documents\Pinball\Github\Pinball-MPF\mpfv1\config\slides.yaml
2022-10-23 15:44:19,457 : ConfigProcessor : Loading config: C:\Users\dorus\OneDrive\Documents\Pinball\Github\Pinball-MPF\mpfv1\config\light_shows.yaml
2022-10-23 15:44:19,463 : ConfigProcessor : Config file cache created: C:\Users\dorus\AppData\Local\Temp\7e51f468519621fe47191f26eea0f791.mpf_cache
2022-10-23 15:44:19,464 : ConfigProcessor : Loading config from cache: C:\Users\dorus\AppData\Local\Temp\69e5e641cece6cfbb9f28306d01595e4.mpf_cache
2022-10-23 15:44:19,466 : ConfigProcessor : Loading config from cache: C:\Users\dorus\AppData\Local\Temp\336e6d2601ccb63523c70814805acbf1.mpf_cache
2022-10-23 15:44:19,467 : ConfigProcessor : Loading config from cache: C:\Users\dorus\AppData\Local\Temp\8f8558ef7eb783a34103d845cb15f27a.mpf_cache
2022-10-23 15:44:19,468 : ConfigProcessor : Loading config from cache: C:\Users\dorus\AppData\Local\Temp\3f4ec0fd6e14e835699e1ee64ae7815f.mpf_cache
2022-10-23 15:44:19,470 : ConfigProcessor : Loading config from cache: C:\Users\dorus\AppData\Local\Temp\07450fdcdb716b1c510f1f1f728b03da.mpf_cache
2022-10-23 15:44:19,471 : mpfmc : Mission Pinball Framework Media Controller v0.55.0
2022-10-23 15:44:19,471 : mpfmc : Mission Pinball Framework Game Engine v0.55.0
2022-10-23 15:44:19,471 : mpfmc : Machine path: C:\Users\dorus\OneDrive\Documents\Pinball\Github\Pinball-MPF\mpfv1
2022-10-23 15:44:19,471 : mpfmc : Starting clock at 60.0Hz
2022-10-23 15:44:19,494 : kivy : Text: Provider: sdl2
2022-10-23 15:44:19,586 : kivy : Window: Provider: sdl2
2022-10-23 15:44:19,772 : kivy : GL: Using the "OpenGL" graphics system
2022-10-23 15:44:19,777 : kivy : GL: GLEW initialization succeeded
2022-10-23 15:44:19,778 : kivy : GL: Backend used <glew>
2022-10-23 15:44:19,778 : kivy : GL: OpenGL version <b'4.6.0 - Build 26.20.100.7372'>
2022-10-23 15:44:19,778 : kivy : GL: OpenGL vendor <b'Intel'>
2022-10-23 15:44:19,778 : kivy : GL: OpenGL renderer <b'Intel(R) UHD Graphics'>
2022-10-23 15:44:19,778 : kivy : GL: OpenGL parsed version: 4, 6
2022-10-23 15:44:19,778 : kivy : GL: Shading version <b'4.60 - Build 26.20.100.7372'>
2022-10-23 15:44:19,778 : kivy : GL: Texture max size <16384>
2022-10-23 15:44:19,778 : kivy : GL: Texture max units <32>
2022-10-23 15:44:19,857 : kivy : Window: auto add sdl2 input provider
2022-10-23 15:44:19,857 : kivy : Window: virtual keyboard not allowed, single mode, not docked
2022-10-23 15:44:20,173 : AudioInterface : Initialized
2022-10-23 15:44:20,174 : AudioInterface : Loaded SDL 2.0.12
2022-10-23 15:44:20,174 : AudioInterface : Loaded SDL_Mixer 2.0.4
2022-10-23 15:44:20,174 : AudioInterface : Loaded GStreamer 1.18.0.0
2022-10-23 15:44:20,174 : AudioInterface : Loaded GLib 2.62.6
2022-10-23 15:44:20,174 : AudioInterface : Settings requested - rate: 44100, channels: 1, buffer: 2048 samples
2022-10-23 15:44:20,174 : AudioInterface : Settings in use - rate: 44100, channels: 1, buffer: 2048 samples (4096 bytes @ 2 bytes per sample)
2022-10-23 15:44:20,174 : SoundSystem : Setting master volume to 0.0
2022-10-23 15:44:20,174 : SoundSystem : master_volume in sound_system is deprecated and will be removed in the future.
2022-10-23 15:44:20,174 : AudioInterface : Enabling audio playback
2022-10-23 15:44:20,177 : kivy : Base: Start application main loop
2022-10-23 15:44:20,178 : EventManager : Event: ======'display_window_initialized'====== Args={}
2022-10-23 15:44:20,179 : EventManager : Event: ======'display_Disp_Player_initialized'====== Args={}
2022-10-23 15:44:20,179 : EventManager : Event: ======'display_Disp_Menu_initialized'====== Args={}
2022-10-23 15:44:20,179 : EventManager : Event: ======'display_Disp_Ball_initialized'====== Args={}
2022-10-23 15:44:20,179 : EventManager : Event: ======'display_Disp_Message_initialized'====== Args={}
2022-10-23 15:44:20,179 : EventManager : Event: ======'display_Disp_Counter_initialized'====== Args={}
2022-10-23 15:44:20,179 : EventManager : Event: ======'display_Disp_Score_initialized'====== Args={}
2022-10-23 15:44:20,179 : EventManager : Event: ======'display_Disp_Icons_initialized'====== Args={}
2022-10-23 15:44:20,195 : mpfmc : Display: Setting 'window' as default display
2022-10-23 15:44:20,203 : EventManager : Event: ======'displays_initialized'====== Args={}
2022-10-23 15:44:20,205 : EventManager : Event: ======'slide_window_blank_created'====== Args={}
2022-10-23 15:44:20,205 : EventManager : Event: ======'display_window_ready'====== Args={}
2022-10-23 15:44:20,205 : EventManager : Event: ======'slide_Disp_Player_blank_created'====== Args={}
2022-10-23 15:44:20,205 : EventManager : Event: ======'display_Disp_Player_ready'====== Args={}
2022-10-23 15:44:20,206 : EventManager : Event: ======'slide_Disp_Menu_blank_created'====== Args={}
2022-10-23 15:44:20,206 : EventManager : Event: ======'display_Disp_Menu_ready'====== Args={}
2022-10-23 15:44:20,207 : EventManager : Event: ======'slide_Disp_Ball_blank_created'====== Args={}
2022-10-23 15:44:20,207 : EventManager : Event: ======'display_Disp_Ball_ready'====== Args={}
2022-10-23 15:44:20,207 : EventManager : Event: ======'slide_Disp_Message_blank_created'====== Args={}
2022-10-23 15:44:20,207 : EventManager : Event: ======'display_Disp_Message_ready'====== Args={}
2022-10-23 15:44:20,208 : EventManager : Event: ======'slide_Disp_Counter_blank_created'====== Args={}
2022-10-23 15:44:20,208 : EventManager : Event: ======'display_Disp_Counter_ready'====== Args={}
2022-10-23 15:44:20,208 : EventManager : Event: ======'slide_Disp_Score_blank_created'====== Args={}
2022-10-23 15:44:20,208 : EventManager : Event: ======'display_Disp_Score_ready'====== Args={}
2022-10-23 15:44:20,209 : EventManager : Event: ======'slide_Disp_Icons_blank_created'====== Args={}
2022-10-23 15:44:20,209 : EventManager : Event: ======'display_Disp_Icons_ready'====== Args={}
2022-10-23 15:44:20,221 : EventManager : Event: ======'init_phase_1'====== Args={}
2022-10-23 15:44:20,238 : EventManager : Event: ======'mc_ready'====== Args={}
2022-10-23 15:44:20,238 : EventManager : Event: ======'init_phase_2'====== Args={}
2022-10-23 15:44:20,243 : EventManager : Event: ======'init_phase_3'====== Args={}
2022-10-23 15:44:20,248 : EventManager : Event: ======'init_phase_4'====== Args={}
2022-10-23 15:44:20,249 : EventManager : Event: ======'init_phase_5'====== Args={}
2022-10-23 15:44:20,339 : kivy : GL: NPOT texture support is available
2022-10-23 15:44:20,367 : EventManager : Event: ======'loading_assets'====== Args={'total': 2, 'loaded': 1, 'remaining': 1, 'percent': 50}
2022-10-23 15:44:20,367 : AssetManager : Loading assets: 1/2 (50%)
2022-10-23 15:44:20,401 : EventManager : Event: ======'loading_assets'====== Args={'total': 2, 'loaded': 2, 'remaining': 0, 'percent': 100}
2022-10-23 15:44:20,401 : AssetManager : Asset loading took: 0.22572827339172363
2022-10-23 15:44:20,401 : EventManager : Event: ======'asset_loading_complete'====== Args={}
2022-10-23 15:44:20,401 : AssetManager : Loading assets: 2/2 (100%)
2022-10-23 15:44:20,402 : EventManager : Event: ======'init_done'====== Args={}
2022-10-23 15:44:20,402 : MPF-MC BCP Server : Starting up on localhost port 5050
2022-10-23 15:44:20,406 : MPF-MC BCP Server : Waiting for a connection...
2022-10-23 15:44:20,407 : EventManager : Event: ======'client_disconnected'====== Args={'host': '127.0.0.1', 'port': 5050}
2022-10-23 15:44:20,423 : MPF-MC BCP Server : Received connection from: 127.0.0.1:54091
2022-10-23 15:44:20,431 : EventManager : Event: ======'client_connected'====== Args={'host': '127.0.0.1', 'port': 54091}
2022-10-23 15:44:20,545 : EventManager : Event: ======'machine_var_credits_string'====== Args={'value': 'FREE PLAY', 'prev_value': None, 'change': True}
2022-10-23 15:44:20,545 : EventManager : Event: ======'machine_var_master_volume'====== Args={'value': 0.5, 'prev_value': None, 'change': True}
2022-10-23 15:44:20,545 : EventManager : Event: ======'machine_var_player1_score'====== Args={'value': 3000, 'prev_value': None, 'change': True}
2022-10-23 15:44:20,545 : EventManager : Event: ======'machine_var_mpf_version'====== Args={'value': 'MPF v0.55.0', 'prev_value': None, 'change': True}
2022-10-23 15:44:20,545 : EventManager : Event: ======'machine_var_mpf_extended_version'====== Args={'value': 'MPF v0.55.0, Config version:5, Show version: 5, BCP version:1.1', 'prev_value': None, 'change': True}
2022-10-23 15:44:20,545 : EventManager : Event: ======'machine_var_python_version'====== Args={'value': '3.8.10', 'prev_value': None, 'change': True}
2022-10-23 15:44:20,545 : EventManager : Event: ======'machine_var_platform'====== Args={'value': 'Windows-10-10.0.19044-SP0', 'prev_value': None, 'change': True}
2022-10-23 15:44:20,545 : EventManager : Event: ======'machine_var_platform_system'====== Args={'value': 'Windows', 'prev_value': None, 'change': True}
2022-10-23 15:44:20,545 : EventManager : Event: ======'machine_var_platform_release'====== Args={'value': '10', 'prev_value': None, 'change': True}
2022-10-23 15:44:20,545 : EventManager : Event: ======'machine_var_platform_version'====== Args={'value': '10.0.19044', 'prev_value': None, 'change': True}
2022-10-23 15:44:20,545 : EventManager : Event: ======'machine_var_platform_machine'====== Args={'value': 'AMD64', 'prev_value': None, 'change': True}
2022-10-23 15:44:20,545 : EventManager : Event: ======'machine_var_mc_version'====== Args={'value': 'MPF-MC v0.55.0', 'prev_value': None, 'change': True}
2022-10-23 15:44:20,545 : EventManager : Event: ======'machine_var_mc_extended_version'====== Args={'value': 'MPF-MC v0.55.0 (config_version=5, BCP v1.1, Requires MPF v0.55.0-dev.49)', 'prev_value': None, 'change': True}
2022-10-23 15:44:20,545 : SoundSystem : Setting master volume to 0.5
2022-10-23 15:44:20,558 : EventManager : Event: ======'machine_var_audits_events_game_ended'====== Args={'value': 0, 'prev_value': None, 'change': True}
2022-10-23 15:44:20,582 : EventManager : Event: ======'machine_var_audits_events_game_started'====== Args={'value': 0, 'prev_value': None, 'change': True}
2022-10-23 15:44:20,582 : EventManager : Event: ======'machine_var_audits_player_score'====== Args={'value': {'average': 29309.090909090908, 'top': [106800, 41000, 33100, 31800, 31200, 27600, 20200, 17500, 10200, 3000], 'total': 11}, 'prev_value': None, 'change': True}
2022-10-23 15:44:20,582 : EventManager : Event: ======'machine_var_audits_shots_lane_top_1'====== Args={'value': 146, 'prev_value': None, 'change': True}
2022-10-23 15:44:20,582 : EventManager : Event: ======'machine_var_audits_shots_lane_top_2'====== Args={'value': 133, 'prev_value': None, 'change': True}
2022-10-23 15:44:20,582 : EventManager : Event: ======'machine_var_audits_shots_lane_top_3'====== Args={'value': 113, 'prev_value': None, 'change': True}
2022-10-23 15:44:20,582 : EventManager : Event: ======'machine_var_audits_shots_orbit'====== Args={'value': 23, 'prev_value': None, 'change': True}
2022-10-23 15:44:20,582 : EventManager : Event: ======'machine_var_audits_shots_spinner'====== Args={'value': 178, 'prev_value': None, 'change': True}
2022-10-23 15:44:20,582 : EventManager : Event: ======'machine_var_audits_switches_s_bottomlane1'====== Args={'value': 15, 'prev_value': None, 'change': True}
2022-10-23 15:44:20,582 : EventManager : Event: ======'machine_var_audits_switches_s_bottomlane2'====== Args={'value': 28, 'prev_value': None, 'change': True}
2022-10-23 15:44:20,582 : EventManager : Event: ======'machine_var_audits_switches_s_bottomlane3'====== Args={'value': 149, 'prev_value': None, 'change': True}
2022-10-23 15:44:20,582 : EventManager : Event: ======'machine_var_audits_switches_s_bottomlane4'====== Args={'value': 33, 'prev_value': None, 'change': True}
2022-10-23 15:44:20,582 : EventManager : Event: ======'machine_var_audits_switches_s_bottomlane5'====== Args={'value': 13, 'prev_value': None, 'change': True}
2022-10-23 15:44:20,582 : EventManager : Event: ======'machine_var_audits_switches_s_drop1'====== Args={'value': 35, 'prev_value': None, 'change': True}
2022-10-23 15:44:20,583 : EventManager : Event: ======'machine_var_audits_switches_s_drop2'====== Args={'value': 17, 'prev_value': None, 'change': True}
2022-10-23 15:44:20,583 : EventManager : Event: ======'machine_var_audits_switches_s_drop3'====== Args={'value': 15, 'prev_value': None, 'change': True}
2022-10-23 15:44:20,583 : EventManager : Event: ======'machine_var_audits_switches_s_launch'====== Args={'value': 11, 'prev_value': None, 'change': True}
2022-10-23 15:44:20,583 : EventManager : Event: ======'machine_var_audits_switches_s_left01'====== Args={'value': 27, 'prev_value': None, 'change': True}
2022-10-23 15:44:20,583 : EventManager : Event: ======'machine_var_audits_switches_s_left02'====== Args={'value': 28, 'prev_value': None, 'change': True}
2022-10-23 15:44:20,583 : EventManager : Event: ======'machine_var_audits_switches_s_left03'====== Args={'value': 21, 'prev_value': None, 'change': True}
2022-10-23 15:44:20,583 : EventManager : Event: ======'machine_var_audits_switches_s_left_sling'====== Args={'value': 62, 'prev_value': None, 'change': True}
2022-10-23 15:44:20,583 : EventManager : Event: ======'machine_var_audits_switches_s_orbit1'====== Args={'value': 45, 'prev_value': None, 'change': True}
2022-10-23 15:44:20,583 : EventManager : Event: ======'machine_var_audits_switches_s_orbit2'====== Args={'value': 0, 'prev_value': None, 'change': True}
2022-10-23 15:44:20,583 : EventManager : Event: ======'machine_var_audits_switches_s_plunger_lane'====== Args={'value': 122, 'prev_value': None, 'change': True}
2022-10-23 15:44:20,583 : EventManager : Event: ======'machine_var_audits_switches_s_popbumber_1'====== Args={'value': 68, 'prev_value': None, 'change': True}
2022-10-23 15:44:20,583 : EventManager : Event: ======'machine_var_audits_switches_s_popbumber_2'====== Args={'value': 110, 'prev_value': None, 'change': True}
2022-10-23 15:44:20,583 : EventManager : Event: ======'machine_var_audits_switches_s_popbumber_3'====== Args={'value': 60, 'prev_value': None, 'change': True}
2022-10-23 15:44:20,583 : EventManager : Event: ======'machine_var_audits_switches_s_ramp'====== Args={'value': 38, 'prev_value': None, 'change': True}
2022-10-23 15:44:20,583 : EventManager : Event: ======'machine_var_audits_switches_s_right_sling'====== Args={'value': 120, 'prev_value': None, 'change': True}
2022-10-23 15:44:20,583 : EventManager : Event: ======'machine_var_audits_switches_s_rigth01'====== Args={'value': 59, 'prev_value': None, 'change': True}
2022-10-23 15:44:20,583 : EventManager : Event: ======'machine_var_audits_switches_s_rigth02'====== Args={'value': 24, 'prev_value': None, 'change': True}
2022-10-23 15:44:20,583 : EventManager : Event: ======'machine_var_audits_switches_s_rigth03'====== Args={'value': 15, 'prev_value': None, 'change': True}
2022-10-23 15:44:20,584 : EventManager : Event: ======'machine_var_audits_switches_s_spinner'====== Args={'value': 271, 'prev_value': None, 'change': True}
2022-10-23 15:44:20,584 : EventManager : Event: ======'machine_var_audits_switches_s_start'====== Args={'value': 3, 'prev_value': None, 'change': True}
2022-10-23 15:44:20,584 : EventManager : Event: ======'machine_var_audits_switches_s_top'====== Args={'value': 11, 'prev_value': None, 'change': True}
2022-10-23 15:44:20,584 : EventManager : Event: ======'machine_var_audits_switches_s_toplane1'====== Args={'value': 233, 'prev_value': None, 'change': True}
2022-10-23 15:44:20,584 : EventManager : Event: ======'machine_var_audits_switches_s_toplane2'====== Args={'value': 140, 'prev_value': None, 'change': True}
2022-10-23 15:44:20,584 : EventManager : Event: ======'machine_var_audits_switches_s_toplane3'====== Args={'value': 120, 'prev_value': None, 'change': True}
2022-10-23 15:44:20,584 : EventManager : Event: ======'machine_var_audits_switches_s_trough1'====== Args={'value': 38, 'prev_value': None, 'change': True}
2022-10-23 15:44:20,584 : EventManager : Event: ======'machine_var_audits_switches_s_trough2'====== Args={'value': 37, 'prev_value': None, 'change': True}
2022-10-23 15:44:20,584 : EventManager : Event: ======'machine_var_audits_switches_s_trough3'====== Args={'value': 27, 'prev_value': None, 'change': True}
2022-10-23 15:44:20,584 : EventManager : Event: ======'machine_var_audits_switches_s_trough4'====== Args={'value': 40, 'prev_value': None, 'change': True}
2022-10-23 15:44:20,584 : EventManager : Event: ======'machine_var_audits_switches_s_trough5'====== Args={'value': 29, 'prev_value': None, 'change': True}
2022-10-23 15:44:20,584 : EventManager : Event: ======'machine_var_audits_switches_s_trough6'====== Args={'value': 24, 'prev_value': None, 'change': True}
2022-10-23 15:44:20,584 : EventManager : Event: ======'machine_var_audits_switches_s_trough_jam'====== Args={'value': 27, 'prev_value': None, 'change': True}
2022-10-23 15:44:20,584 : EventManager : Event: ======'machine_var_audits_switches_s_vukmid'====== Args={'value': 47, 'prev_value': None, 'change': True}
2022-10-23 15:44:20,584 : EventManager : Event: ======'machine_var_audits_switches_s_vuktop'====== Args={'value': 15, 'prev_value': None, 'change': True}
2022-10-23 15:44:20,595 : EventManager : Event: ======'mc_reset_phase_1'====== Args={}
2022-10-23 15:44:20,595 : EventManager : Event: ======'mc_reset_phase_2'====== Args={}
2022-10-23 15:44:20,595 : EventManager : Event: ======'mc_reset_phase_3'====== Args={}
2022-10-23 15:44:20,595 : EventManager : Event: ======'mc_reset_complete'====== Args={}
2022-10-23 15:44:20,607 : EventManager : Event: ======'slides_play'====== Args={'settings': {'layout_main': {'target': 'window', 'background_color': [0.0, 0.0, 0.0, 1.0], 'priority': None, 'show': True, 'force': False, 'expire': None, 'slide': None, 'tokens': {}, 'action': 'play'}, 'empty_slide_1': {'slide': 'empty_slide', 'target': 'Disp_Player', 'background_color': [0.0, 0.0, 0.0, 1.0], 'priority': None, 'show': True, 'force': False, 'expire': None, 'tokens': {}, 'action': 'play'}, 'empty_slide_2': {'slide': 'empty_slide', 'target': 'Disp_Menu', 'background_color': [0.0, 0.0, 0.0, 1.0], 'priority': None, 'show': True, 'force': False, 'expire': None, 'tokens': {}, 'action': 'play'}, 'empty_slide_3': {'slide': 'empty_slide', 'target': 'Disp_Ball', 'background_color': [0.0, 0.0, 0.0, 1.0], 'priority': None, 'show': True, 'force': False, 'expire': None, 'tokens': {}, 'action': 'play'}, 'press_start': {'target': 'Disp_Message', 'background_color': [0.0, 0.0, 0.0, 1.0], 'priority': None, 'show': True, 'force': False, 'expire': None, 'slide': None, 'tokens': {}, 'action': 'play'}, 'empty_slide_5': {'slide': 'empty_slide', 'target': 'Disp_Counter', 'background_color': [0.0, 0.0, 0.0, 1.0], 'priority': None, 'show': True, 'force': False, 'expire': None, 'tokens': {}, 'action': 'play'}, 'Title_slide': {'target': 'Disp_Score', 'background_color': [0.0, 0.0, 0.0, 1.0], 'priority': None, 'show': True, 'force': False, 'expire': None, 'slide': None, 'tokens': {}, 'action': 'play'}, 'empty_slide_6': {'slide': 'empty_slide', 'target': 'Disp_Icons', 'background_color': [0.0, 0.0, 0.0, 1.0], 'priority': None, 'show': True, 'force': False, 'expire': None, 'tokens': {}, 'action': 'play'}}, 'context': 'show_2', 'calling_context': 0, 'priority': 10, 'show_tokens': {}, 'start_time': 10095.296}
2022-10-23 15:44:20,607 : EventManager : Event: ======'sounds_play'====== Args={'settings': {'musicslow': {'action': 'play', 'loops': -1, 'priority': None, 'block': False, 'delay': None, 'track': None, 'volume': None, 'pan': None, 'start_at': None, 'fade_in': None, 'fade_out': None, 'about_to_finish_time': -1.0, 'max_queue_time': -1.0, 'events_when_played': ['use_sound_setting'], 'events_when_stopped': ['use_sound_setting'], 'events_when_looping': ['use_sound_setting'], 'events_when_about_to_finish': ['use_sound_setting'], 'mode_end_action': 'use_sound_setting', 'key': 'use_sound_setting'}}, 'context': '_global', 'calling_context': 'mode_attract_started', 'priority': 0}
2022-10-23 15:44:20,607 : mpfmc : SlidePlayer: Play called with settings={'layout_main': {'target': 'window', 'background_color': [0.0, 0.0, 0.0, 1.0], 'priority': None, 'show': True, 'force': False, 'expire': None, 'slide': None, 'tokens': {}, 'action': 'play'}, 'empty_slide_1': {'slide': 'empty_slide', 'target': 'Disp_Player', 'background_color': [0.0, 0.0, 0.0, 1.0], 'priority': None, 'show': True, 'force': False, 'expire': None, 'tokens': {}, 'action': 'play'}, 'empty_slide_2': {'slide': 'empty_slide', 'target': 'Disp_Menu', 'background_color': [0.0, 0.0, 0.0, 1.0], 'priority': None, 'show': True, 'force': False, 'expire': None, 'tokens': {}, 'action': 'play'}, 'empty_slide_3': {'slide': 'empty_slide', 'target': 'Disp_Ball', 'background_color': [0.0, 0.0, 0.0, 1.0], 'priority': None, 'show': True, 'force': False, 'expire': None, 'tokens': {}, 'action': 'play'}, 'press_start': {'target': 'Disp_Message', 'background_color': [0.0, 0.0, 0.0, 1.0], 'priority': None, 'show': True, 'force': False, 'expire': None, 'slide': None, 'tokens': {}, 'action': 'play'}, 'empty_slide_5': {'slide': 'empty_slide', 'target': 'Disp_Counter', 'background_color': [0.0, 0.0, 0.0, 1.0], 'priority': None, 'show': True, 'force': False, 'expire': None, 'tokens': {}, 'action': 'play'}, 'Title_slide': {'target': 'Disp_Score', 'background_color': [0.0, 0.0, 0.0, 1.0], 'priority': None, 'show': True, 'force': False, 'expire': None, 'slide': None, 'tokens': {}, 'action': 'play'}, 'empty_slide_6': {'slide': 'empty_slide', 'target': 'Disp_Icons', 'background_color': [0.0, 0.0, 0.0, 1.0], 'priority': None, 'show': True, 'force': False, 'expire': None, 'tokens': {}, 'action': 'play'}}
2022-10-23 15:44:20,618 : EventManager : Event: ======'slide_layout_main_created'====== Args={}
2022-10-23 15:44:20,629 : EventManager : Event: ======'slide_empty_slide_created'====== Args={}
2022-10-23 15:44:20,635 : EventManager : Event: ======'slide_empty_slide_created'====== Args={}
2022-10-23 15:44:20,643 : EventManager : Event: ======'slide_empty_slide_created'====== Args={}
2022-10-23 15:44:20,650 : EventManager : Event: ======'slide_press_start_created'====== Args={}
2022-10-23 15:44:20,656 : EventManager : Event: ======'slide_empty_slide_created'====== Args={}
2022-10-23 15:44:20,663 : EventManager : Event: ======'slide_Title_slide_created'====== Args={}
2022-10-23 15:44:20,670 : EventManager : Event: ======'slide_empty_slide_created'====== Args={}
2022-10-23 15:44:20,715 : EventManager : Event: ======'slide_layout_main_active'====== Args={}
2022-10-23 15:44:20,717 : EventManager : Event: ======'slide_empty_slide_active'====== Args={}
2022-10-23 15:44:20,718 : EventManager : Event: ======'slide_empty_slide_active'====== Args={}
2022-10-23 15:44:20,719 : EventManager : Event: ======'slide_empty_slide_active'====== Args={}
2022-10-23 15:44:20,721 : EventManager : Event: ======'slide_press_start_active'====== Args={}
2022-10-23 15:44:20,722 : EventManager : Event: ======'slide_empty_slide_active'====== Args={}
2022-10-23 15:44:20,724 : EventManager : Event: ======'slide_Title_slide_active'====== Args={}
2022-10-23 15:44:20,724 : EventManager : Event: ======'slide_empty_slide_active'====== Args={}
2022-10-23 15:44:20,749 : EventManager : Event: ======'loading_assets'====== Args={'total': 1, 'loaded': 1, 'remaining': 0, 'percent': 100}
2022-10-23 15:44:20,749 : AssetManager : Asset loading took: 0.574296236038208
2022-10-23 15:44:20,749 : EventManager : Event: ======'asset_loading_complete'====== Args={}
2022-10-23 15:44:20,749 : AssetManager : Loading assets: 1/1 (100%)
2022-10-23 15:44:26,088 : EventManager : Event: ======'game_started'====== Args={}
2022-10-23 15:44:26,100 : EventManager : Event: ======'slides_clear'====== Args={'context': 'show_2'}
2022-10-23 15:44:26,100 : EventManager : Event: ======'sounds_play'====== Args={'settings': {'musicslow': {'action': 'stop', 'priority': None, 'block': False, 'delay': None, 'track': None, 'volume': None, 'pan': None, 'loops': None, 'start_at': None, 'fade_in': None, 'fade_out': None, 'about_to_finish_time': -1.0, 'max_queue_time': -1.0, 'events_when_played': ['use_sound_setting'], 'events_when_stopped': ['use_sound_setting'], 'events_when_looping': ['use_sound_setting'], 'events_when_about_to_finish': ['use_sound_setting'], 'mode_end_action': 'use_sound_setting', 'key': 'use_sound_setting'}}, 'context': '_global', 'calling_context': 'mode_attract_stopped', 'priority': 0}
2022-10-23 15:44:26,101 : EventManager : Event: ======'slide_layout_main_removed'====== Args={}
2022-10-23 15:44:26,101 : EventManager : Event: ======'slide_empty_slide_removed'====== Args={}
2022-10-23 15:44:26,101 : EventManager : Event: ======'slide_empty_slide_removed'====== Args={}
2022-10-23 15:44:26,103 : EventManager : Event: ======'slide_empty_slide_removed'====== Args={}
2022-10-23 15:44:26,103 : EventManager : Event: ======'slide_press_start_removed'====== Args={}
2022-10-23 15:44:26,104 : EventManager : Event: ======'slide_empty_slide_removed'====== Args={}
2022-10-23 15:44:26,105 : EventManager : Event: ======'slide_Title_slide_removed'====== Args={}
2022-10-23 15:44:26,107 : EventManager : Event: ======'slide_empty_slide_removed'====== Args={}
2022-10-23 15:44:26,111 : EventManager : Event: ======'slide_window_blank_active'====== Args={}
2022-10-23 15:44:26,111 : EventManager : Event: ======'slide_Disp_Player_blank_active'====== Args={}
2022-10-23 15:44:26,113 : EventManager : Event: ======'slide_Disp_Menu_blank_active'====== Args={}
2022-10-23 15:44:26,113 : EventManager : Event: ======'slide_Disp_Ball_blank_active'====== Args={}
2022-10-23 15:44:26,113 : EventManager : Event: ======'slide_Disp_Message_blank_active'====== Args={}
2022-10-23 15:44:26,113 : EventManager : Event: ======'slide_Disp_Counter_blank_active'====== Args={}
2022-10-23 15:44:26,114 : EventManager : Event: ======'slide_Disp_Score_blank_active'====== Args={}
2022-10-23 15:44:26,114 : EventManager : Event: ======'slide_Disp_Icons_blank_active'====== Args={}
2022-10-23 15:44:26,117 : EventManager : Event: ======'player_added'====== Args={'player': <Player 1>, 'num': 1}
2022-10-23 15:44:26,117 : EventManager : Event: ======'player_index'====== Args={'value': 0, 'prev_value': 0, 'change': 0, 'player_num': 1}
2022-10-23 15:44:26,117 : EventManager : Event: ======'player_number'====== Args={'value': 1, 'prev_value': 1, 'change': 0, 'player_num': 1}
2022-10-23 15:44:26,118 : EventManager : Event: ======'player_score'====== Args={'value': 0, 'prev_value': 0, 'change': 0, 'player_num': 1}
2022-10-23 15:44:26,150 : EventManager : Event: ======'player_ball'====== Args={'value': 1, 'prev_value': 0, 'change': 1, 'player_num': 1}
2022-10-23 15:44:26,151 : EventManager : Event: ======'player_turn_start'====== Args={'number': 1, 'player': <Player 1>}
2022-10-23 15:44:26,151 : EventManager : Event: ======'player_shot_spinner_enabled'====== Args={'value': True, 'prev_value': 0, 'change': 1, 'player_num': 1}
2022-10-23 15:44:26,163 : EventManager : Event: ======'player_shot_orbit_enabled'====== Args={'value': True, 'prev_value': 0, 'change': 1, 'player_num': 1}
2022-10-23 15:44:26,163 : EventManager : Event: ======'slides_play'====== Args={'settings': {'layout_main': {'target': 'window', 'background_color': [0.0, 0.0, 0.0, 1.0], 'priority': None, 'show': True, 'force': False, 'expire': None, 'slide': None, 'tokens': {}, 'action': 'play'}, 'player_slide': {'target': 'Disp_Player', 'background_color': [0.0, 0.0, 0.0, 1.0], 'priority': None, 'show': True, 'force': False, 'expire': None, 'slide': None, 'tokens': {}, 'action': 'play'}, 'empty_slide_2': {'slide': 'empty_slide', 'target': 'Disp_Menu', 'background_color': [0.0, 0.0, 0.0, 1.0], 'priority': None, 'show': True, 'force': False, 'expire': None, 'tokens': {}, 'action': 'play'}, 'ball_slide': {'target': 'Disp_Ball', 'background_color': [0.0, 0.0, 0.0, 1.0], 'priority': None, 'show': True, 'force': False, 'expire': None, 'slide': None, 'tokens': {}, 'action': 'play'}, 'empty_slide_3': {'slide': 'empty_slide', 'target': 'Disp_Message', 'background_color': [0.0, 0.0, 0.0, 1.0], 'priority': None, 'show': True, 'force': False, 'expire': None, 'tokens': {}, 'action': 'play'}, 'empty_slide_5': {'slide': 'empty_slide', 'target': 'Disp_Counter', 'background_color': [0.0, 0.0, 0.0, 1.0], 'priority': None, 'show': True, 'force': False, 'expire': None, 'tokens': {}, 'action': 'play'}, 'score_slide': {'target': 'Disp_Score', 'background_color': [0.0, 0.0, 0.0, 1.0], 'priority': None, 'show': True, 'force': False, 'expire': None, 'slide': None, 'tokens': {}, 'action': 'play'}, 'empty_slide_6': {'slide': 'empty_slide', 'target': 'Disp_Icons', 'background_color': [0.0, 0.0, 0.0, 1.0], 'priority': None, 'show': True, 'force': False, 'expire': None, 'tokens': {}, 'action': 'play'}}, 'context': 'show_5', 'calling_context': 0, 'priority': 100, 'show_tokens': {}, 'start_time': 10100.843}
2022-10-23 15:44:26,163 : EventManager : Event: ======'sounds_play'====== Args={'settings': {'musicfast': {'action': 'play', 'loops': -1, 'priority': None, 'block': False, 'delay': None, 'track': None, 'volume': None, 'pan': None, 'start_at': None, 'fade_in': None, 'fade_out': None, 'about_to_finish_time': -1.0, 'max_queue_time': -1.0, 'events_when_played': ['use_sound_setting'], 'events_when_stopped': ['use_sound_setting'], 'events_when_looping': ['use_sound_setting'], 'events_when_about_to_finish': ['use_sound_setting'], 'mode_end_action': 'use_sound_setting', 'key': 'use_sound_setting'}}, 'context': '_global', 'calling_context': 'mode_base_started', 'priority': 0, 'queue': '<QueuedEvent>', 'player': 1, 'ball': 1, 'balls_remaining': 2, 'is_extra_ball': False}
2022-10-23 15:44:26,164 : mpfmc : SlidePlayer: Play called with settings={'layout_main': {'target': 'window', 'background_color': [0.0, 0.0, 0.0, 1.0], 'priority': None, 'show': True, 'force': False, 'expire': None, 'slide': None, 'tokens': {}, 'action': 'play'}, 'player_slide': {'target': 'Disp_Player', 'background_color': [0.0, 0.0, 0.0, 1.0], 'priority': None, 'show': True, 'force': False, 'expire': None, 'slide': None, 'tokens': {}, 'action': 'play'}, 'empty_slide_2': {'slide': 'empty_slide', 'target': 'Disp_Menu', 'background_color': [0.0, 0.0, 0.0, 1.0], 'priority': None, 'show': True, 'force': False, 'expire': None, 'tokens': {}, 'action': 'play'}, 'ball_slide': {'target': 'Disp_Ball', 'background_color': [0.0, 0.0, 0.0, 1.0], 'priority': None, 'show': True, 'force': False, 'expire': None, 'slide': None, 'tokens': {}, 'action': 'play'}, 'empty_slide_3': {'slide': 'empty_slide', 'target': 'Disp_Message', 'background_color': [0.0, 0.0, 0.0, 1.0], 'priority': None, 'show': True, 'force': False, 'expire': None, 'tokens': {}, 'action': 'play'}, 'empty_slide_5': {'slide': 'empty_slide', 'target': 'Disp_Counter', 'background_color': [0.0, 0.0, 0.0, 1.0], 'priority': None, 'show': True, 'force': False, 'expire': None, 'tokens': {}, 'action': 'play'}, 'score_slide': {'target': 'Disp_Score', 'background_color': [0.0, 0.0, 0.0, 1.0], 'priority': None, 'show': True, 'force': False, 'expire': None, 'slide': None, 'tokens': {}, 'action': 'play'}, 'empty_slide_6': {'slide': 'empty_slide', 'target': 'Disp_Icons', 'background_color': [0.0, 0.0, 0.0, 1.0], 'priority': None, 'show': True, 'force': False, 'expire': None, 'tokens': {}, 'action': 'play'}}
2022-10-23 15:44:26,174 : EventManager : Event: ======'slide_layout_main_created'====== Args={}
2022-10-23 15:44:26,177 : EventManager : Event: ======'slide_player_slide_created'====== Args={}
2022-10-23 15:44:26,181 : EventManager : Event: ======'slide_empty_slide_created'====== Args={}
2022-10-23 15:44:26,185 : EventManager : Event: ======'slide_ball_slide_created'====== Args={}
2022-10-23 15:44:26,189 : EventManager : Event: ======'slide_empty_slide_created'====== Args={}
2022-10-23 15:44:26,194 : EventManager : Event: ======'slide_empty_slide_created'====== Args={}
2022-10-23 15:44:26,202 : EventManager : Event: ======'slide_score_slide_created'====== Args={}
2022-10-23 15:44:26,205 : EventManager : Event: ======'slide_empty_slide_created'====== Args={}
2022-10-23 15:44:26,217 : EventManager : Event: ======'slide_layout_main_active'====== Args={}
2022-10-23 15:44:26,225 : EventManager : Event: ======'slide_player_slide_active'====== Args={}
2022-10-23 15:44:26,226 : EventManager : Event: ======'slide_empty_slide_active'====== Args={}
2022-10-23 15:44:26,227 : EventManager : Event: ======'slide_ball_slide_active'====== Args={}
2022-10-23 15:44:26,228 : EventManager : Event: ======'slide_empty_slide_active'====== Args={}
2022-10-23 15:44:26,229 : EventManager : Event: ======'slide_empty_slide_active'====== Args={}
2022-10-23 15:44:26,230 : EventManager : Event: ======'slide_score_slide_active'====== Args={}
2022-10-23 15:44:26,231 : EventManager : Event: ======'slide_empty_slide_active'====== Args={}
2022-10-23 15:44:26,236 : EventManager : Event: ======'player_shot_lane_top_1_enabled'====== Args={'value': True, 'prev_value': 0, 'change': 1, 'player_num': 1}
2022-10-23 15:44:26,236 : EventManager : Event: ======'player_shot_lane_top_2_enabled'====== Args={'value': True, 'prev_value': 0, 'change': 1, 'player_num': 1}
2022-10-23 15:44:26,236 : EventManager : Event: ======'player_shot_lane_top_3_enabled'====== Args={'value': True, 'prev_value': 0, 'change': 1, 'player_num': 1}
2022-10-23 15:44:26,237 : EventManager : Event: ======'player_pf_multiplier'====== Args={'value': 1, 'prev_value': 0, 'change': 1, 'player_num': 1}
2022-10-23 15:44:26,237 : EventManager : Event: ======'loading_assets'====== Args={'total': 1, 'loaded': 1, 'remaining': 0, 'percent': 100}
2022-10-23 15:44:26,238 : AssetManager : Asset loading took: 6.062795162200928
2022-10-23 15:44:26,238 : EventManager : Event: ======'asset_loading_complete'====== Args={}
2022-10-23 15:44:26,238 : AssetManager : Loading assets: 1/1 (100%)
2022-10-23 15:44:26,312 : EventManager : Event: ======'machine_var_audits_switches_s_plunger_lane'====== Args={'value': 123, 'prev_value': 122, 'change': 1}
2022-10-23 15:44:32,364 : EventManager : Event: ======'machine_var_audits_switches_s_toplane1'====== Args={'value': 234, 'prev_value': 233, 'change': 1}
2022-10-23 15:44:32,376 : EventManager : Event: ======'player_shot_lane_top_1'====== Args={'value': 1, 'prev_value': 0, 'change': 1, 'player_num': 1}
2022-10-23 15:44:32,376 : EventManager : Event: ======'machine_var_audits_shots_lane_top_1'====== Args={'value': 147, 'prev_value': 146, 'change': 1}
2022-10-23 15:44:35,393 : EventManager : Event: ======'machine_var_audits_switches_s_toplane2'====== Args={'value': 141, 'prev_value': 140, 'change': 1}
2022-10-23 15:44:35,406 : EventManager : Event: ======'player_shot_lane_top_2'====== Args={'value': 1, 'prev_value': 0, 'change': 1, 'player_num': 1}
2022-10-23 15:44:35,406 : EventManager : Event: ======'machine_var_audits_shots_lane_top_2'====== Args={'value': 134, 'prev_value': 133, 'change': 1}
2022-10-23 15:44:36,576 : EventManager : Event: ======'machine_var_audits_switches_s_toplane3'====== Args={'value': 121, 'prev_value': 120, 'change': 1}
2022-10-23 15:44:36,576 : EventManager : Event: ======'player_shot_lane_top_3'====== Args={'value': 1, 'prev_value': 0, 'change': 1, 'player_num': 1}
2022-10-23 15:44:36,576 : EventManager : Event: ======'machine_var_audits_shots_lane_top_3'====== Args={'value': 114, 'prev_value': 113, 'change': 1}
2022-10-23 15:44:36,576 : EventManager : Event: ======'player_score'====== Args={'value': 1000, 'prev_value': 0, 'change': 1000, 'player_num': 1}
2022-10-23 15:44:36,576 : EventManager : Event: ======'slides_play'====== Args={'settings': {'lanes_top_complete_slide': {'target': 'Disp_Message', 'expire': 3.0, 'background_color': [0.0, 0.0, 0.0, 1.0], 'priority': None, 'show': True, 'force': False, 'slide': None, 'tokens': {}, 'action': 'play'}}, 'context': 'lanes', 'calling_context': 'lanes_top_complete', 'priority': 110, 'state': 'lit'}
2022-10-23 15:44:36,576 : EventManager : Event: ======'player_pf_multiplier'====== Args={'value': 2, 'prev_value': 1, 'change': 1, 'player_num': 1}
2022-10-23 15:44:36,578 : mpfmc : SlidePlayer: Play called with settings={'lanes_top_complete_slide': {'target': 'Disp_Message', 'expire': 3.0, 'background_color': [0.0, 0.0, 0.0, 1.0], 'priority': None, 'show': True, 'force': False, 'slide': None, 'tokens': {}, 'action': 'play'}}
2022-10-23 15:44:36,581 : EventManager : Event: ======'slide_lanes_top_complete_slide_created'====== Args={}
2022-10-23 15:44:36,585 : EventManager : Event: ======'slide_lanes_top_complete_slide_active'====== Args={}
2022-10-23 15:44:37,573 : EventManager : Event: ======'player_shot_lane_top_1'====== Args={'value': 0, 'prev_value': 1, 'change': -1, 'player_num': 1}
2022-10-23 15:44:37,585 : EventManager : Event: ======'player_shot_lane_top_2'====== Args={'value': 0, 'prev_value': 1, 'change': -1, 'player_num': 1}
2022-10-23 15:44:37,585 : EventManager : Event: ======'player_shot_lane_top_3'====== Args={'value': 0, 'prev_value': 1, 'change': -1, 'player_num': 1}
2022-10-23 15:44:39,577 : EventManager : Event: ======'slide_lanes_top_complete_slide_removed'====== Args={}
2022-10-23 15:44:39,578 : EventManager : Event: ======'slide_empty_slide_active'====== Args={}
2022-10-23 15:47:27,349 : EventManager : Event: ======'machine_var_audits_switches_s_toplane1'====== Args={'value': 235, 'prev_value': 234, 'change': 1}
2022-10-23 15:47:27,361 : EventManager : Event: ======'player_shot_lane_top_1'====== Args={'value': 1, 'prev_value': 0, 'change': 1, 'player_num': 1}
2022-10-23 15:47:27,361 : EventManager : Event: ======'machine_var_audits_shots_lane_top_1'====== Args={'value': 148, 'prev_value': 147, 'change': 1}
2022-10-23 15:47:29,302 : EventManager : Event: ======'machine_var_audits_switches_s_toplane2'====== Args={'value': 142, 'prev_value': 141, 'change': 1}
2022-10-23 15:47:29,302 : EventManager : Event: ======'player_shot_lane_top_2'====== Args={'value': 1, 'prev_value': 0, 'change': 1, 'player_num': 1}
2022-10-23 15:47:29,302 : EventManager : Event: ======'machine_var_audits_shots_lane_top_2'====== Args={'value': 135, 'prev_value': 134, 'change': 1}
2022-10-23 15:47:31,324 : EventManager : Event: ======'machine_var_audits_switches_s_toplane3'====== Args={'value': 122, 'prev_value': 121, 'change': 1}
2022-10-23 15:47:31,335 : EventManager : Event: ======'player_shot_lane_top_3'====== Args={'value': 1, 'prev_value': 0, 'change': 1, 'player_num': 1}
2022-10-23 15:47:31,336 : EventManager : Event: ======'machine_var_audits_shots_lane_top_3'====== Args={'value': 115, 'prev_value': 114, 'change': 1}
2022-10-23 15:47:31,337 : EventManager : Event: ======'player_score'====== Args={'value': 3000, 'prev_value': 1000, 'change': 2000, 'player_num': 1}
2022-10-23 15:47:31,337 : EventManager : Event: ======'slides_play'====== Args={'settings': {'lanes_top_complete_slide': {'target': 'Disp_Message', 'expire': 3.0, 'background_color': [0.0, 0.0, 0.0, 1.0], 'priority': None, 'show': True, 'force': False, 'slide': None, 'tokens': {}, 'action': 'play'}}, 'context': 'lanes', 'calling_context': 'lanes_top_complete', 'priority': 110, 'state': 'lit'}
2022-10-23 15:47:31,337 : EventManager : Event: ======'player_pf_multiplier'====== Args={'value': 3, 'prev_value': 2, 'change': 1, 'player_num': 1}
2022-10-23 15:47:31,338 : mpfmc : SlidePlayer: Play called with settings={'lanes_top_complete_slide': {'target': 'Disp_Message', 'expire': 3.0, 'background_color': [0.0, 0.0, 0.0, 1.0], 'priority': None, 'show': True, 'force': False, 'slide': None, 'tokens': {}, 'action': 'play'}}
2022-10-23 15:47:31,339 : EventManager : Event: ======'slide_lanes_top_complete_slide_removed'====== Args={}
2022-10-23 15:47:31,342 : EventManager : Event: ======'slide_lanes_top_complete_slide_created'====== Args={}
2022-10-23 15:47:31,345 : EventManager : Event: ======'slide_lanes_top_complete_slide_active'====== Args={}
2022-10-23 15:47:32,343 : EventManager : Event: ======'player_shot_lane_top_1'====== Args={'value': 0, 'prev_value': 1, 'change': -1, 'player_num': 1}
2022-10-23 15:47:32,343 : EventManager : Event: ======'player_shot_lane_top_2'====== Args={'value': 0, 'prev_value': 1, 'change': -1, 'player_num': 1}
2022-10-23 15:47:32,343 : EventManager : Event: ======'player_shot_lane_top_3'====== Args={'value': 0, 'prev_value': 1, 'change': -1, 'player_num': 1}
2022-10-23 15:47:34,330 : EventManager : Event: ======'slide_lanes_top_complete_slide_removed'====== Args={}
2022-10-23 15:47:34,330 : EventManager : Event: ======'slide_empty_slide_active'====== Args={}
2022-10-23 15:47:41,628 : EventManager : Event: ======'machine_var_audits_switches_s_toplane1'====== Args={'value': 236, 'prev_value': 235, 'change': 1}
2022-10-23 15:47:41,628 : EventManager : Event: ======'player_shot_lane_top_1'====== Args={'value': 1, 'prev_value': 0, 'change': 1, 'player_num': 1}
2022-10-23 15:47:41,628 : EventManager : Event: ======'machine_var_audits_shots_lane_top_1'====== Args={'value': 149, 'prev_value': 148, 'change': 1}
2022-10-23 15:47:44,000 : EventManager : Event: ======'machine_var_audits_switches_s_toplane2'====== Args={'value': 143, 'prev_value': 142, 'change': 1}
2022-10-23 15:47:44,013 : EventManager : Event: ======'player_shot_lane_top_2'====== Args={'value': 1, 'prev_value': 0, 'change': 1, 'player_num': 1}
2022-10-23 15:47:44,013 : EventManager : Event: ======'machine_var_audits_shots_lane_top_2'====== Args={'value': 136, 'prev_value': 135, 'change': 1}
2022-10-23 15:47:46,104 : EventManager : Event: ======'machine_var_audits_switches_s_toplane3'====== Args={'value': 123, 'prev_value': 122, 'change': 1}
2022-10-23 15:47:46,117 : EventManager : Event: ======'player_shot_lane_top_3'====== Args={'value': 1, 'prev_value': 0, 'change': 1, 'player_num': 1}
2022-10-23 15:47:46,117 : EventManager : Event: ======'machine_var_audits_shots_lane_top_3'====== Args={'value': 116, 'prev_value': 115, 'change': 1}
2022-10-23 15:47:46,117 : EventManager : Event: ======'player_score'====== Args={'value': 6000, 'prev_value': 3000, 'change': 3000, 'player_num': 1}
2022-10-23 15:47:46,117 : EventManager : Event: ======'slides_play'====== Args={'settings': {'lanes_top_complete_slide': {'target': 'Disp_Message', 'expire': 3.0, 'background_color': [0.0, 0.0, 0.0, 1.0], 'priority': None, 'show': True, 'force': False, 'slide': None, 'tokens': {}, 'action': 'play'}}, 'context': 'lanes', 'calling_context': 'lanes_top_complete', 'priority': 110, 'state': 'lit'}
2022-10-23 15:47:46,117 : EventManager : Event: ======'player_pf_multiplier'====== Args={'value': 4, 'prev_value': 3, 'change': 1, 'player_num': 1}
2022-10-23 15:47:46,119 : mpfmc : SlidePlayer: Play called with settings={'lanes_top_complete_slide': {'target': 'Disp_Message', 'expire': 3.0, 'background_color': [0.0, 0.0, 0.0, 1.0], 'priority': None, 'show': True, 'force': False, 'slide': None, 'tokens': {}, 'action': 'play'}}
2022-10-23 15:47:46,119 : EventManager : Event: ======'slide_lanes_top_complete_slide_removed'====== Args={}
2022-10-23 15:47:46,122 : EventManager : Event: ======'slide_lanes_top_complete_slide_created'====== Args={}
2022-10-23 15:47:46,126 : EventManager : Event: ======'slide_lanes_top_complete_slide_active'====== Args={}
2022-10-23 15:47:47,113 : EventManager : Event: ======'player_shot_lane_top_1'====== Args={'value': 0, 'prev_value': 1, 'change': -1, 'player_num': 1}
2022-10-23 15:47:47,113 : EventManager : Event: ======'player_shot_lane_top_2'====== Args={'value': 0, 'prev_value': 1, 'change': -1, 'player_num': 1}
2022-10-23 15:47:47,113 : EventManager : Event: ======'player_shot_lane_top_3'====== Args={'value': 0, 'prev_value': 1, 'change': -1, 'player_num': 1}
2022-10-23 15:47:49,121 : EventManager : Event: ======'slide_lanes_top_complete_slide_removed'====== Args={}
2022-10-23 15:47:49,121 : EventManager : Event: ======'slide_empty_slide_active'====== Args={}
2022-10-23 15:48:03,072 : EventManager : Event: ======'machine_var_audits_switches_s_toplane1'====== Args={'value': 237, 'prev_value': 236, 'change': 1}
2022-10-23 15:48:03,084 : EventManager : Event: ======'player_shot_lane_top_1'====== Args={'value': 1, 'prev_value': 0, 'change': 1, 'player_num': 1}
2022-10-23 15:48:03,084 : EventManager : Event: ======'machine_var_audits_shots_lane_top_1'====== Args={'value': 150, 'prev_value': 149, 'change': 1}
2022-10-23 15:48:04,576 : EventManager : Event: ======'machine_var_audits_switches_s_toplane1'====== Args={'value': 238, 'prev_value': 237, 'change': 1}
2022-10-23 15:48:04,576 : EventManager : Event: ======'machine_var_audits_shots_lane_top_1'====== Args={'value': 151, 'prev_value': 150, 'change': 1}
2022-10-23 15:48:07,920 : kivy : Base: Leaving application in progress...
2022-10-23 15:48:08,102 : mpfmc : Stopping...
2022-10-23 15:48:08,103 : EventManager : Event: ======'shutdown'====== Args={}
2022-10-23 15:48:08,103 : AudioInterface : Disabling audio playback
2022-10-23 15:48:08,103 : mpfmc : Loop rate 80.15 Hz
2022-10-23 15:48:08,103 : kivy : MC run loop ended.
2022-10-23 15:48:08,103 : kivy : Stopping child threads... (3 remaining)
2022-10-23 15:48:08,174 : mpfmc : Stopping...
2022-10-23 15:48:08,174 : EventManager : Event: ======'shutdown'====== Args={}
2022-10-23 15:48:08,174 : mpfmc : Loop rate 80.13 Hz
2022-10-23 15:48:08,182 : MPF-MC BCP Server : Stopping BCP sending thread
2022-10-23 15:48:08,434 : kivy : All child threads stopped.
